seed: 2513466390

iter	duration	log_likelihood	delta-lle
0	2.730996	-4.4234139541920722e+07
1	18.705075	-3.9228361457178324e+07	5.0057780847423971e+06
2	17.839448	-3.4587828789131798e+07	4.6405326680465266e+06
3	17.791478	-3.3756009110551111e+07	8.3181967858068645e+05
4	17.537024	-3.3171224589718536e+07	5.8478452083257586e+05
5	17.199188	-3.2654182218247265e+07	5.1704237147127092e+05
6	17.301550	-3.2155050157589022e+07	4.9913206065824255e+05
7	17.190244	-3.1663256172002237e+07	4.9179398558678478e+05
8	17.105331	-3.1173393747317187e+07	4.8986242468504980e+05
9	17.028523	-3.0680886436179370e+07	4.9250731113781780e+05
10	17.102065	-3.0182941973454785e+07	4.9794446272458509e+05
11	16.878807	-2.9692037013494566e+07	4.9090495996021852e+05
12	17.037525	-2.9232834838131081e+07	4.5920217536348477e+05
13	16.989660	-2.8836081464070499e+07	3.9675337406058237e+05
14	17.082666	-2.8533987119269308e+07	3.0209434480119124e+05
15	16.753151	-2.8343728333660804e+07	1.9025878560850397e+05
16	16.784700	-2.8252907649732541e+07	9.0820683928262442e+04
17	16.836554	-2.8221816582251530e+07	3.1091067481011152e+04
18	16.802170	-2.8211851734832846e+07	9.9648474186845124e+03
19	16.733928	-2.8207568698656969e+07	4.2830361758768559e+03
20	16.675497	-2.8204866062118687e+07	2.7026365382820368e+03
21	16.710595	-2.8203165330735281e+07	1.7007313834056258e+03
22	16.771600	-2.8200976408984371e+07	2.1889217509105802e+03
23	16.495235	-2.8198664375069808e+07	2.3120339145623147e+03
24	16.708283	-2.8196083139090598e+07	2.5812359792105854e+03
25	16.543769	-2.8193470674011771e+07	2.6124650788269937e+03
26	16.451771	-2.8190177524641536e+07	3.2931493702344596e+03
27	16.303054	-2.8186679436377216e+07	3.4980882643200457e+03
28	16.465178	-2.8183120097362034e+07	3.5593390151821077e+03
29	16.260923	-2.8179637832474284e+07	3.4822648877501488e+03
30	16.339764	-2.8176316294001747e+07	3.3215384725369513e+03
31	16.195283	-2.8173761730172157e+07	2.5545638295896351e+03
32	16.317246	-2.8171925045507863e+07	1.8366846642941236e+03
33	16.159336	-2.8170671130085710e+07	1.2539154221527278e+03
34	16.003927	-2.8169920317975782e+07	7.5081210992857814e+02
35	16.119865	-2.8168972030168198e+07	9.4828780758380890e+02
36	16.120993	-2.8168093396542750e+07	8.7863362544775009e+02
37	15.878858	-2.8167262990202628e+07	8.3040634012222290e+02
38	15.986847	-2.8166480508115105e+07	7.8248208752274513e+02
39	16.033363	-2.8165730876010481e+07	7.4963210462406278e+02
40	16.051631	-2.8165324355108786e+07	4.0652090169489384e+02
41	15.893766	-2.8164625997169118e+07	6.9835793966799974e+02
42	15.872681	-2.8163956997230835e+07	6.6899993828311563e+02
43	15.956411	-2.8163311416847900e+07	6.4558038293570280e+02
44	15.927069	-2.8162694001908433e+07	6.1741493946686387e+02
45	15.863984	-2.8162087533612143e+07	6.0646829628944397e+02
46	15.868768	-2.8161722482288167e+07	3.6505132397636771e+02
47	15.884316	-2.8161124559920169e+07	5.9792236799746752e+02
48	15.912076	-2.8160539084894400e+07	5.8547502576932311e+02
49	15.720582	-2.8160110518407661e+07	4.2856648673862219e+02
50	15.882536	-2.8159530702963218e+07	5.7981544444337487e+02
51	15.886316	-2.8158957248953342e+07	5.7345400987565517e+02
52	15.923805	-2.8158383254549079e+07	5.7399440426379442e+02
53	15.742725	-2.8157804682055194e+07	5.7857249388471246e+02
54	15.930695	-2.8157216268539228e+07	5.8841351596638560e+02
55	15.863394	-2.8156944944662265e+07	2.7132387696206570e+02
56	15.739906	-2.8156302918895904e+07	6.4202576636150479e+02
57	15.652065	-2.8155655758574978e+07	6.4716032092645764e+02
58	15.967634	-2.8155028354712132e+07	6.2740386284515262e+02
59	15.806824	-2.8154372104443122e+07	6.5625026901066303e+02
60	15.783771	-2.8153695265445385e+07	6.7683899773657322e+02
61	15.697901	-2.8153339160132714e+07	3.5610531267151237e+02
62	15.837675	-2.8152622205159388e+07	7.1695497332513332e+02
63	15.678172	-2.8151914858482230e+07	7.0734667715802789e+02
64	15.803069	-2.8151258818826329e+07	6.5603965590149164e+02
65	15.637373	-2.8150556432424866e+07	7.0238640146329999e+02
66	15.837277	-2.8149888620938867e+07	6.6781148599833250e+02
67	15.698402	-2.8149237684341189e+07	6.5093659767881036e+02
68	15.672205	-2.8148645411115427e+07	5.9227322576195002e+02
69	15.674396	-2.8148140789599750e+07	5.0462151567637920e+02
70	15.841572	-2.8147752738755051e+07	3.8805084469914436e+02
71	15.727434	-2.8147795443534404e+07	-4.2704779352992773e+01
72	15.670301	-2.8147508161901332e+07	2.8728163307160139e+02
73	15.753262	-2.8147267202825036e+07	2.4095907629653811e+02
74	15.834984	-2.8147108729736533e+07	1.5847308850288391e+02
75	15.737823	-2.8146921652221285e+07	1.8707751524820924e+02
76	15.692354	-2.8146753701870542e+07	1.6795035074278712e+02
77	15.768516	-2.8146605994247943e+07	1.4770762259885669e+02
78	15.771605	-2.8146631294987064e+07	-2.5300739120692015e+01
79	15.636377	-2.8146502390039336e+07	1.2890494772791862e+02
80	15.632194	-2.8146386996905457e+07	1.1539313387870789e+02
81	15.741666	-2.8146281638846643e+07	1.0535805881395936e+02
82	15.847926	-2.8146338119074393e+07	-5.6480227749794722e+01
83	15.641150	-2.8146233399747852e+07	1.0471932654082775e+02
84	15.675820	-2.8146145501469892e+07	8.7898277960717678e+01
85	15.689983	-2.8146062543575920e+07	8.2957893971353769e+01
86	15.697694	-2.8145992937124606e+07	6.9606451313942671e+01
87	15.680547	-2.8145976216178667e+07	1.6720945939421654e+01
88	15.620492	-2.8146002405196339e+07	-2.6189017672091722e+01
89	15.728763	-2.8146102854499266e+07	-1.0044930292665958e+02
90	15.728916	-2.8146024618194640e+07	7.8236304625868797e+01
91	15.562810	-2.8145954461229268e+07	7.0156965371221304e+01
92	15.745768	-2.8145889718616027e+07	6.4742613241076469e+01
93	15.776280	-2.8145842684253704e+07	4.7034362323582172e+01
94	15.781216	-2.8145793879192915e+07	4.8805060788989067e+01
95	15.552895	-2.8145748233403925e+07	4.5645788989961147e+01
96	15.802225	-2.8145839189521138e+07	-9.0956117212772369e+01
97	15.729402	-2.8145782084100615e+07	5.7105420522391796e+01
98	15.870391	-2.8145871083678175e+07	-8.8999577559530735e+01
99	15.607842	-2.8145811810625695e+07	5.9273052480071783e+01
100	15.821845	-2.8145803314152937e+07	8.4964727573096752e+00
101	15.736689	-2.8145749650770761e+07	5.3663382176309824e+01
102	15.656675	-2.8145703759890802e+07	4.5890879958868027e+01
103	15.573566	-2.8145659800924771e+07	4.3958966031670570e+01
104	15.837972	-2.8145643197184533e+07	1.6603740237653255e+01
105	15.754408	-2.8145813528785836e+07	-1.7033160130307078e+02
106	15.734953	-2.8145757919192493e+07	5.5609593342989683e+01
107	15.590565	-2.8145707176456131e+07	5.0742736361920834e+01
108	15.767135	-2.8145659749078501e+07	4.7427377630025148e+01
109	15.626845	-2.8145679372817043e+07	-1.9623738542199135e+01
110	15.765338	-2.8145629827875491e+07	4.9544941551983356e+01
111	15.564868	-2.8145588894230641e+07	4.0933644849807024e+01
112	15.759868	-2.8145552186010621e+07	3.6708220019936562e+01
113	15.633397	-2.8145679985335484e+07	-1.2779932486265898e+02
114	15.793642	-2.8145635237564351e+07	4.4747771132737398e+01
115	15.684599	-2.8145627576475654e+07	7.6610886976122856e+00
116	15.873848	-2.8145587301568504e+07	4.0274907149374485e+01
117	15.773172	-2.8145552331195366e+07	3.4970373138785362e+01
118	15.635395	-2.8145525632225610e+07	2.6698969755321741e+01
119	15.717149	-2.8145617376430858e+07	-9.1744205247610807e+01
120	15.800552	-2.8145574763715882e+07	4.2612714976072311e+01
121	15.745505	-2.8145543028651301e+07	3.1735064581036568e+01
122	15.641165	-2.8145508510875355e+07	3.4517775945365429e+01
123	15.763052	-2.8145481895791508e+07	2.6615083847194910e+01
124	15.771838	-2.8145562155968342e+07	-8.0260176833719015e+01
125	15.615984	-2.8145526041816283e+07	3.6114152058959007e+01
126	15.619701	-2.8145655042616922e+07	-1.2900080063939095e+02
127	15.760906	-2.8145610565225806e+07	4.4477391116321087e+01
128	15.873957	-2.8145572543729927e+07	3.8021495878696442e+01
129	15.607236	-2.8145585662900180e+07	-1.3119170252233744e+01
130	15.662736	-2.8145552074222855e+07	3.3588677324354649e+01
131	15.685934	-2.8145521778877627e+07	3.0295345228165388e+01
132	15.759226	-2.8145493569869358e+07	2.8209008269011974e+01
133	15.681242	-2.8145467376889344e+07	2.6192980013787746e+01
134	15.653175	-2.8145440284325518e+07	2.7092563826590776e+01
135	15.711616	-2.8145413642145831e+07	2.6642179686576128e+01
136	15.721727	-2.8145558453566603e+07	-1.4481142077222466e+02
137	15.702196	-2.8145523516127761e+07	3.4937438841909170e+01
138	15.745999	-2.8145493879404563e+07	2.9636723197996616e+01
139	15.747215	-2.8145562543879107e+07	-6.8664474543184042e+01
140	15.764409	-2.8145636574576080e+07	-7.4030696973204613e+01
141	15.606300	-2.8145577975372415e+07	5.8599203664809465e+01
142	15.790685	-2.8145587138170008e+07	-9.1627975925803185e+00
143	15.745225	-2.8145546256238997e+07	4.0881931010633707e+01
144	15.824161	-2.8145508299334735e+07	3.7956904262304306e+01
145	15.599271	-2.8145472746956591e+07	3.5552378144115210e+01
146	15.832815	-2.8145439649002008e+07	3.3097954582422972e+01
147	15.718560	-2.8145407502162535e+07	3.2146839473396540e+01
148	15.733580	-2.8145485465656679e+07	-7.7963494144380093e+01
149	15.582073	-2.8145496158150431e+07	-1.0692493751645088e+01
150	15.832335	-2.8145460993971821e+07	3.5164178609848022e+01
151	15.709682	-2.8145431090704419e+07	2.9903267402201891e+01
152	15.712456	-2.8145404728824127e+07	2.6361880291253328e+01
153	15.572227	-2.8145377877689797e+07	2.6851134330034256e+01
154	15.799580	-2.8145654845679712e+07	-2.7696798991411924e+02
155	15.661303	-2.8145604602473918e+07	5.0243205793201923e+01
156	15.698115	-2.8145565757743035e+07	3.8844730883836746e+01
157	15.556180	-2.8145530089780290e+07	3.5667962744832039e+01
158	15.774725	-2.8145499268828634e+07	3.0820951655507088e+01
159	15.666856	-2.8145470242415261e+07	2.9026413373649120e+01
160	15.752473	-2.8145675518361844e+07	-2.0527594658359885e+02
161	15.630435	-2.8145623468120921e+07	5.2050240922719240e+01
162	15.837410	-2.8145582330704667e+07	4.1137416254729033e+01
163	15.712350	-2.8145543871132124e+07	3.8459572542458773e+01
164	15.603625	-2.8145511865749627e+07	3.2005382496863604e+01
165	15.696384	-2.8145481602672797e+07	3.0263076830655336e+01
166	15.819950	-2.8145507241917528e+07	-2.5639244731515646e+01
167	15.711885	-2.8145520614741758e+07	-1.3372824229300022e+01
168	15.671769	-2.8145484173494220e+07	3.6441247537732124e+01
169	15.784410	-2.8145617328777965e+07	-1.3315528374537826e+02
170	15.848761	-2.8145570154945832e+07	4.7173832133412361e+01
171	15.551186	-2.8145531147259139e+07	3.9007686693221331e+01
172	15.674013	-2.8145492300184224e+07	3.8847074914723635e+01
173	15.755692	-2.8145457931883506e+07	3.4368300717324018e+01
174	15.807799	-2.8145432047195159e+07	2.5884688347578049e+01
175	15.608456	-2.8145407243304882e+07	2.4803890276700258e+01
176	15.643806	-2.8145590349411029e+07	-1.8310610614717007e+02
177	15.728904	-2.8145546444783401e+07	4.3904627628624439e+01
178	15.715439	-2.8145509794866811e+07	3.6649916589260101e+01
179	15.682840	-2.8145475922234759e+07	3.3872632052749395e+01
180	15.636951	-2.8145446144746896e+07	2.9777487862855196e+01
181	15.670996	-2.8145416937573891e+07	2.9207173004746437e+01
182	15.719542	-2.8145651278499622e+07	-2.3434092573076487e+02
183	15.698777	-2.8145600620318178e+07	5.0658181443810463e+01
184	15.718665	-2.8145560736038327e+07	3.9884279850870371e+01
185	15.771886	-2.8145525099305823e+07	3.5636732503771782e+01
186	15.748154	-2.8145495213163547e+07	2.9886142276227474e+01
187	15.553004	-2.8145466768156696e+07	2.8445006851106882e+01
188	15.789887	-2.8145499394979209e+07	-3.2626822512596846e+01
189	15.802829	-2.8145724233213764e+07	-2.2483823455497622e+02
190	15.798028	-2.8145649254011195e+07	7.4979202568531036e+01
191	15.590626	-2.8145592653431233e+07	5.6600579962134361e+01
192	15.973044	-2.8145546375976354e+07	4.6277454879134893e+01
193	15.715575	-2.8145511288565051e+07	3.5087411303073168e+01
194	15.687791	-2.8145481977101337e+07	2.9311463713645935e+01
195	15.550345	-2.8145505487349734e+07	-2.3510248396545649e+01
196	15.869773	-2.8145466437072631e+07	3.9050277102738619e+01
197	15.710814	-2.8145544693182934e+07	-7.8256110303103924e+01
198	15.699448	-2.8145504768803049e+07	3.9924379885196686e+01
199	15.618128	-2.8145467118751984e+07	3.7650051064789295e+01
200	15.822830	-2.8145430826511975e+07	3.6292240008711815e+01
201	15.651188	-2.8145397159863319e+07	3.3666648656129837e+01
202	15.791358	-2.8145362689936552e+07	3.4469926767051220e+01
203	15.604534	-2.8145570006526716e+07	-2.0731659016385674e+02
204	15.790624	-2.8145525766191065e+07	4.4240335650742054e+01
205	15.627203	-2.8145488923779614e+07	3.6842411451041698e+01
206	15.764019	-2.8145454843208596e+07	3.4080571018159389e+01
207	15.633709	-2.8145425920239855e+07	2.8922968741506338e+01
208	15.801134	-2.8145398653578233e+07	2.7266661621630192e+01
209	15.651738	-2.8145647778270442e+07	-2.4912469220906496e+02
210	15.652516	-2.8145596671170600e+07	5.1107099842280149e+01
211	15.727617	-2.8145554574916977e+07	4.2096253622323275e+01
212	15.826778	-2.8145516643207125e+07	3.7931709852069616e+01
213	15.692621	-2.8145484902953371e+07	3.1740253753960133e+01
214	15.744441	-2.8145457509725690e+07	2.7393227681517601e+01
215	15.740349	-2.8145489668669395e+07	-3.2158943705260754e+01
216	15.819942	-2.8145453506934486e+07	3.6161734908819199e+01
217	15.567886	-2.8145432481018916e+07	2.1025915570557117e+01
218	15.649345	-2.8145460413677666e+07	-2.7932658750563860e+01
219	15.782226	-2.8145425555474319e+07	3.4858203347772360e+01
220	15.764847	-2.8145401238622792e+07	2.4316851526498795e+01
221	15.627311	-2.8145492192465991e+07	-9.0953843198716640e+01
222	15.675464	-2.8145447708342545e+07	4.4484123446047306e+01
223	15.728929	-2.8145418711066544e+07	2.8997276000678539e+01
224	15.872599	-2.8145393161251333e+07	2.5549815211445093e+01
225	15.702622	-2.8145371053840049e+07	2.2107411283999681e+01
226	15.624651	-2.8145349290490083e+07	2.1763349965214729e+01
227	15.715801	-2.8145529255407896e+07	-1.7996491781249642e+02
228	15.695060	-2.8145492923652280e+07	3.6331755615770817e+01
229	15.660016	-2.8145462955937941e+07	2.9967714339494705e+01
230	15.689289	-2.8145435370114781e+07	2.7585823159664869e+01
231	15.752684	-2.8145413200407520e+07	2.2169707261025906e+01
232	15.803988	-2.8145392046268132e+07	2.1154139388352633e+01
233	15.564091	-2.8145477362512596e+07	-8.5316244464367628e+01
234	15.763065	-2.8145440292812731e+07	3.7069699864834547e+01
235	15.847663	-2.8145440517791245e+07	-2.2497851401567459e-01
236	15.803872	-2.8145402594734002e+07	3.7923057243227959e+01
237	15.631409	-2.8145448832163170e+07	-4.6237429168075323e+01
238	15.836864	-2.8145523535135694e+07	-7.4702972523868084e+01
239	15.724112	-2.8145483172862757e+07	4.0362272936850786e+01
240	15.620994	-2.8145455528401602e+07	2.7644461154937744e+01
241	15.617055	-2.8145429388207462e+07	2.6140194140374660e+01
242	15.864170	-2.8145407494966097e+07	2.1893241364508867e+01
243	15.707168	-2.8145384920910049e+07	2.2574056047946215e+01
244	15.691311	-2.8145362285210308e+07	2.2635699741542339e+01
245	15.609614	-2.8145470869761322e+07	-1.0858455101400614e+02
246	15.846294	-2.8145437927029990e+07	3.2942731332033873e+01
247	15.762596	-2.8145410582428355e+07	2.7344601634889841e+01
248	15.755895	-2.8145429598984361e+07	-1.9016556005924940e+01
249	15.571922	-2.8145398623071641e+07	3.0975912719964981e+01
250	15.779756	-2.8145373002382170e+07	2.5620689470320940e+01
251	15.653497	-2.8145348076664269e+07	2.4925717901438475e+01
252	15.758794	-2.8145324705673479e+07	2.3370990790426731e+01
253	15.619690	-2.8145305435494732e+07	1.9270178746432066e+01
254	15.776727	-2.8145525777304262e+07	-2.2034180952981114e+02
255	15.687751	-2.8145484440300152e+07	4.1337004110217094e+01
256	15.636492	-2.8145448266503397e+07	3.6173796754330397e+01
257	15.685077	-2.8145415182088140e+07	3.3084415256977081e+01
258	15.852326	-2.8145385351340432e+07	2.9830747708678246e+01
259	15.719672	-2.8145355765557762e+07	2.9585782669484615e+01
260	15.661624	-2.8145588911681999e+07	-2.3314612423628569e+02
261	15.711044	-2.8145544827640135e+07	4.4084041863679886e+01
262	15.821433	-2.8145509377839267e+07	3.5449800867587328e+01
263	15.561202	-2.8145476962625131e+07	3.2415214136242867e+01
264	15.673827	-2.8145450004873306e+07	2.6957751825451851e+01
265	15.768739	-2.8145424919633776e+07	2.5085239529609680e+01
266	15.802060	-2.8145515240773667e+07	-9.0321139890700579e+01
267	15.588846	-2.8145475411660749e+07	3.9829112917184830e+01
268	15.646473	-2.8145453822553486e+07	2.1589107263833284e+01
269	15.745107	-2.8145899640111975e+07	-4.4581755848973989e+02
270	15.822612	-2.8145908383492727e+07	-8.7433807514607906e+00
271	15.636539	-2.8145882573300790e+07	2.5810191936790943e+01
272	15.621255	-2.8145815917328659e+07	6.6655972130596638e+01
273	15.740286	-2.8145757732617412e+07	5.8184711247682571e+01
274	15.671931	-2.8145703713051006e+07	5.4019566405564547e+01
275	15.661573	-2.8145650494329557e+07	5.3218721449375153e+01
276	15.671529	-2.8145729529703464e+07	-7.9035373907536268e+01
277	15.702903	-2.8145666517153163e+07	6.3012550301849842e+01
278	15.760584	-2.8145605783412430e+07	6.0733740732073784e+01
279	15.532215	-2.8145546958192792e+07	5.8825219638645649e+01
280	15.788230	-2.8145488393721431e+07	5.8564471360296011e+01
281	15.751112	-2.8145785801962346e+07	-2.9740824091434479e+02
282	15.789409	-2.8145713053319700e+07	7.2748642645776272e+01
283	15.609247	-2.8145649749346338e+07	6.3303973361849785e+01
284	15.804404	-2.8145671163645994e+07	-2.1414299655705690e+01
285	15.721526	-2.8145735882413153e+07	-6.4718767158687115e+01
286	15.785419	-2.8145679199161343e+07	5.6683251809328794e+01
287	15.606720	-2.8145629939181436e+07	4.9259979907423258e+01
288	15.825664	-2.8145580219668835e+07	4.9719512600451708e+01
289	15.722064	-2.8145534678505413e+07	4.5541163422167301e+01
290	15.778665	-2.8145486941076022e+07	4.7737429391592741e+01
291	15.560932	-2.8145446208846346e+07	4.0732229676097631e+01
292	15.804156	-2.8145793547184311e+07	-3.4733833796530962e+02
293	15.753141	-2.8145722248068709e+07	7.1299115601927042e+01
294	15.726956	-2.8145662187827829e+07	6.0060240879654884e+01
295	15.587996	-2.8145636370843939e+07	2.5816983889788389e+01
296	15.794751	-2.8145582189756740e+07	5.4181087199598551e+01
297	15.638050	-2.8145534366091490e+07	4.7823665250092745e+01
298	15.759530	-2.8145736773218419e+07	-2.0240712692961097e+02
299	15.580214	-2.8145673039113645e+07	6.3734104774892330e+01
300	15.839349	-2.8145617877382141e+07	5.5161731503903866e+01
301	15.631497	-2.8145572733568933e+07	4.5143813207745552e+01
302	15.802191	-2.8145530876903791e+07	4.1856665141880512e+01
303	15.692854	-2.8145490611373939e+07	4.0265529852360487e+01
304	15.790523	-2.8145450932911690e+07	3.9678462248295546e+01
305	15.679705	-2.8145846011698391e+07	-3.9507878670096397e+02
306	15.655515	-2.8145765182404105e+07	8.0829294286668301e+01
307	15.744924	-2.8145701841588367e+07	6.3340815737843513e+01
308	15.805810	-2.8145640779582541e+07	6.1062005825340748e+01
309	15.747942	-2.8145734225577332e+07	-9.3445994790643454e+01
310	15.693704	-2.8145671790357508e+07	6.2435219824314117e+01
311	15.716861	-2.8145714811440088e+07	-4.3021082580089569e+01
312	15.791444	-2.8145658850779209e+07	5.5960660878568888e+01
313	15.606511	-2.8145607757289935e+07	5.1093489274382591e+01
314	15.654359	-2.8145927764769945e+07	-3.2000748001039028e+02
315	15.775817	-2.8145843795591161e+07	8.3969178784638643e+01
316	15.817114	-2.8145767356172979e+07	7.6439418181777000e+01
317	15.632842	-2.8145896968907405e+07	-1.2961273442581296e+02
318	15.667280	-2.8145817230787516e+07	7.9738119889050722e+01
319	15.720721	-2.8145755656726778e+07	6.1574060738086700e+01
320	15.716961	-2.8145700509007145e+07	5.5147719632834196e+01
321	15.665438	-2.8145647388309304e+07	5.3120697841048241e+01
322	15.657183	-2.8145593603130627e+07	5.3785178676247597e+01
323	15.687726	-2.8145827412203129e+07	-2.3380907250195742e+02
324	15.720169	-2.8145751791197002e+07	7.5621006127446890e+01
325	15.715859	-2.8145680920765154e+07	7.0870431847870350e+01
326	15.760213	-2.8145610506085664e+07	7.0414679490029812e+01
327	15.739785	-2.8145547388996776e+07	6.3117088887840509e+01
328	15.787215	-2.8145867806651931e+07	-3.2041765515506268e+02
329	15.570385	-2.8145790653699182e+07	7.7152952749282122e+01
330	15.758112	-2.8145725916712109e+07	6.4736987072974443e+01
331	15.745634	-2.8145667581102129e+07	5.8335609979927540e+01
332	15.835476	-2.8145613431452226e+07	5.4149649903178215e+01
333	15.554124	-2.8145646464124121e+07	-3.3032671894878149e+01
334	15.822957	-2.8145593261033405e+07	5.3203090716153383e+01
335	15.757439	-2.8145780195626408e+07	-1.8693459300324321e+02
336	15.677085	-2.8145714072014201e+07	6.6123612206429243e+01
337	15.520773	-2.8145650171770141e+07	6.3900244060903788e+01
338	15.812625	-2.8145595225792427e+07	5.4945977713912725e+01
339	15.718689	-2.8145546137935840e+07	4.9087856587022543e+01
340	15.696380	-2.8145726389540557e+07	-1.8025160471722484e+02
341	15.621494	-2.8145660579331264e+07	6.5810209292918444e+01
342	15.793467	-2.8145606868100930e+07	5.3711230333894491e+01
343	15.661715	-2.8145561045085154e+07	4.5823015775531530e+01
344	15.740455	-2.8145520323929988e+07	4.0721155166625977e+01
345	15.631992	-2.8145582141510818e+07	-6.1817580830305815e+01
346	15.798102	-2.8145528863404959e+07	5.3278105858713388e+01
347	15.653494	-2.8145485385798696e+07	4.3477606263011694e+01
348	15.742882	-2.8145668832687221e+07	-1.8344688852503896e+02
349	15.631079	-2.8145624882154744e+07	4.3950532477349043e+01
350	15.812976	-2.8145586567425448e+07	3.8314729295670986e+01
351	15.753480	-2.8145550104537845e+07	3.6462887603789568e+01
352	15.646318	-2.8145726298888218e+07	-1.7619435037299991e+02
353	15.698632	-2.8145666505998913e+07	5.9792889304459095e+01
354	15.824262	-2.8145614119043123e+07	5.2386955790221691e+01
355	15.743155	-2.8145565230874930e+07	4.8888168193399906e+01
356	15.661428	-2.8145522396008961e+07	4.2834865968674421e+01
357	15.734498	-2.8145805192053005e+07	-2.8279604404419661e+02
358	15.822689	-2.8145739659822866e+07	6.5532230138778687e+01
359	15.583623	-2.8145684509839829e+07	5.5149983037263155e+01
360	15.631675	-2.8145631196617275e+07	5.3313222553580999e+01
361	15.769829	-2.8145586977121096e+07	4.4219496179372072e+01
362	15.774140	-2.8145544933282457e+07	4.2043838638812304e+01
363	15.630243	-2.8145762623998251e+07	-2.1769071579352021e+02
364	15.670948	-2.8145697267917234e+07	6.5356081016361713e+01
365	15.718070	-2.8145643453735512e+07	5.3814181722700596e+01
366	15.711735	-2.8145592297723673e+07	5.1156011838465929e+01
367	15.681012	-2.8145548408613302e+07	4.3889110371470451e+01
368	15.659863	-2.8145510723755427e+07	3.7684857875108719e+01
369	15.723855	-2.8145703169853583e+07	-1.9244609815627337e+02
370	15.713487	-2.8145648984316189e+07	5.4185537394136190e+01
371	15.682613	-2.8145599251197539e+07	4.9733118649572134e+01
372	15.715588	-2.8145551990817610e+07	4.7260379929095507e+01
373	15.792564	-2.8145511479703974e+07	4.0511113636195660e+01
374	15.759374	-2.8145470852176290e+07	4.0627527683973312e+01
375	15.553481	-2.8145429189859167e+07	4.1662317123264074e+01
376	15.775880	-2.8145677261894796e+07	-2.4807203562930226e+02
377	15.741515	-2.8145624102099478e+07	5.3159795317798853e+01
378	15.741531	-2.8145647211760089e+07	-2.3109660610556602e+01
379	15.579381	-2.8145598159929030e+07	4.9051831059157848e+01
380	15.829218	-2.8145636457075506e+07	-3.8297146476805210e+01
381	15.705032	-2.8145594799631562e+07	4.1657443944364786e+01
382	15.651248	-2.8145556789093971e+07	3.8010537590831518e+01
383	15.568072	-2.8145515845208034e+07	4.0943885937333107e+01
384	15.832306	-2.8145616188335184e+07	-1.0034312715008855e+02
385	15.689564	-2.8145565219265204e+07	5.0969069980084896e+01
386	15.699683	-2.8145519036120612e+07	4.6183144591748714e+01
387	15.595098	-2.8145483580044486e+07	3.5456076126545668e+01
388	15.808019	-2.8145658720152423e+07	-1.7514010793715715e+02
389	15.762664	-2.8145614073335685e+07	4.4646816737949848e+01
390	15.745717	-2.8145621263284646e+07	-7.1899489611387253e+00
391	15.552158	-2.8145577739171434e+07	4.3524113211780787e+01
392	15.806950	-2.8145611124521151e+07	-3.3385349716991186e+01
393	15.606225	-2.8145561899218433e+07	4.9225302718579769e+01
394	15.774222	-2.8145516948210698e+07	4.4951007734984159e+01
395	15.632039	-2.8145529640198138e+07	-1.2691987439990044e+01
396	15.823880	-2.8145590499030661e+07	-6.0858832523226738e+01
397	15.707143	-2.8145585923544787e+07	4.5754858739674091e+00
398	15.623299	-2.8145540750270728e+07	4.5173274058848619e+01
399	15.716167	-2.8145498833137814e+07	4.1917132914066315e+01
400	15.807345	-2.8145457384030540e+07	4.1449107274413109e+01
401	15.736301	-2.8145796294428587e+07	-3.3891039804741740e+02
402	15.650355	-2.8145721021121208e+07	7.5273307379335165e+01
403	15.772234	-2.8145666169788443e+07	5.4851332765072584e+01
404	15.799317	-2.8145614182519294e+07	5.1987269148230553e+01
405	15.578121	-2.8145630259541649e+07	-1.6077022355049849e+01
406	15.663210	-2.8145588300882142e+07	4.1958659507334232e+01
407	15.821449	-2.8145800708303165e+07	-2.1240742102265358e+02
408	15.834680	-2.8145739069610216e+07	6.1638692948967218e+01
409	15.629585	-2.8145689253263935e+07	4.9816346280276775e+01
410	15.644591	-2.8145639385548234e+07	4.9867715701460838e+01
411	15.770104	-2.8145591678097133e+07	4.7707451101392508e+01
412	15.839887	-2.8145661352826260e+07	-6.9674729127436876e+01
413	15.682504	-2.8145601581063129e+07	5.9771763131022453e+01
414	15.680251	-2.8145620045860622e+07	-1.8464797493070364e+01
415	15.689781	-2.8145568635453094e+07	5.1410407528281212e+01
416	15.678086	-2.8145637223392010e+07	-6.8587938915938139e+01
417	15.652003	-2.8145580722773038e+07	5.6500618971884251e+01
418	15.705187	-2.8145529306194939e+07	5.1416578099131584e+01
419	15.715929	-2.8145482146961428e+07	4.7159233510494232e+01
420	15.726920	-2.8145446529860985e+07	3.5617100443691015e+01
421	15.559261	-2.8145420841769245e+07	2.5688091740012169e+01
422	15.729230	-2.8145549895208489e+07	-1.2905343924462795e+02
423	15.775465	-2.8145511321700122e+07	3.8573508366942406e+01
424	15.788804	-2.8145477316962648e+07	3.4004737474024296e+01
425	15.586928	-2.8145444594533756e+07	3.2722428891807795e+01
426	15.756740	-2.8145414771031167e+07	2.9823502589017153e+01
427	15.712601	-2.8145500086245827e+07	-8.5315214660018682e+01
428	15.824113	-2.8145498716481376e+07	1.3697644509375095e+00
429	15.633936	-2.8145473537805635e+07	2.5178675740957260e+01
430	15.844674	-2.8145421587338097e+07	5.1950467538088560e+01
431	15.724944	-2.8145459279035028e+07	-3.7691696930676699e+01
432	15.658081	-2.8145424956418704e+07	3.4322616323828697e+01
433	15.572172	-2.8145397947421450e+07	2.7008997254073620e+01
434	15.820048	-2.8145372181464434e+07	2.5765957016497850e+01
435	15.759898	-2.8145348471806191e+07	2.3709658242762089e+01
436	15.767451	-2.8145325395880368e+07	2.3075925823301077e+01
437	15.589442	-2.8145596287107166e+07	-2.7089122679829597e+02
438	15.791056	-2.8145548883225355e+07	4.7403881810605526e+01
439	15.602015	-2.8145509834262360e+07	3.9048962995409966e+01
440	15.788512	-2.8145473664336663e+07	3.6169925697147846e+01
441	15.578039	-2.8145441852599412e+07	3.1811737250536680e+01
442	15.813321	-2.8145412793618433e+07	2.9058980979025364e+01
443	15.686045	-2.8145572050961033e+07	-1.5925734259933233e+02
444	15.649226	-2.8145514790433235e+07	5.7260527797043324e+01
445	15.682655	-2.8145476477300238e+07	3.8313132997602224e+01
446	15.807905	-2.8145445401983310e+07	3.1075316928327084e+01
447	15.729026	-2.8145420921492696e+07	2.4480490613728762e+01
448	15.663102	-2.8145397478791270e+07	2.3442701425403357e+01
449	15.701269	-2.8145379843680240e+07	1.7635111030191183e+01
450	15.790034	-2.8146086179848928e+07	-7.0633616868779063e+02
451	15.732559	-2.8145971806920495e+07	1.1437292843312025e+02
452	15.662823	-2.8145873817518041e+07	9.7989402454346418e+01
453	15.747519	-2.8145781409640603e+07	9.2407877437770367e+01
454	15.794742	-2.8145712714612879e+07	6.8695027723908424e+01
455	15.598184	-2.8145779158396475e+07	-6.6443783596158028e+01
456	15.639358	-2.8145712081537627e+07	6.7076858848333359e+01
457	15.710903	-2.8145651511973083e+07	6.0569564543664455e+01
458	15.834196	-2.8145847909575555e+07	-1.9639760247245431e+02
459	15.646701	-2.8145772764456939e+07	7.5145118616521358e+01
460	15.712075	-2.8145710110688660e+07	6.2653768278658390e+01
461	15.731966	-2.8145650769222032e+07	5.9341466628015041e+01
462	15.693149	-2.8145830952333760e+07	-1.8018311172723770e+02
463	15.658241	-2.8145765033591051e+07	6.5918742708861828e+01
464	15.648536	-2.8145706818069126e+07	5.8215521924197674e+01
465	15.705030	-2.8145648048958335e+07	5.8769110791385174e+01
466	15.724927	-2.8145652453499205e+07	-4.4045408703386784e+00
467	15.686296	-2.8145583855851691e+07	6.8597647514194250e+01
468	15.734491	-2.8145519741116151e+07	6.4114735540002584e+01
469	15.756007	-2.8145460237361860e+07	5.9503754291683435e+01
470	15.770483	-2.8145407972312517e+07	5.2265049342066050e+01
471	15.574010	-2.8145366806052420e+07	4.1166260097175837e+01
472	15.779633	-2.8145616332720384e+07	-2.4952666796371341e+02
473	15.760248	-2.8145564576627526e+07	5.1756092857569456e+01
474	15.819370	-2.8145517684594981e+07	4.6892032545059919e+01
475	15.584487	-2.8145678481016964e+07	-1.6079642198234797e+02
476	15.829024	-2.8145626306270137e+07	5.2174746826291084e+01
477	15.724562	-2.8145696923318978e+07	-7.0617048840969801e+01
478	15.684156	-2.8145646729901981e+07	5.0193416997790337e+01
479	15.573981	-2.8145608024214510e+07	3.8705687470734119e+01
480	15.847484	-2.8145679226601493e+07	-7.1202386982738972e+01
481	15.756690	-2.8145617038044326e+07	6.2188557166606188e+01
482	15.732625	-2.8145567708773255e+07	4.9329271070659161e+01
483	15.599075	-2.8145519804503195e+07	4.7904270060360432e+01
484	15.781155	-2.8145476075191930e+07	4.3729311265051365e+01
485	15.633893	-2.8145433293318890e+07	4.2781873039901257e+01
486	15.742768	-2.8145391897654653e+07	4.1395664237439632e+01
487	15.603961	-2.8145546267322499e+07	-1.5436966784670949e+02
488	15.770797	-2.8145491333468653e+07	5.4933853846043348e+01
489	15.606702	-2.8145447409606643e+07	4.3923862010240555e+01
490	15.760812	-2.8145416973417707e+07	3.0436188936233521e+01
491	15.620137	-2.8145390882319361e+07	2.6091098345816135e+01
492	15.885892	-2.8145365738956984e+07	2.5143362376838923e+01
493	15.710996	-2.8145641892063405e+07	-2.7615310642123222e+02
494	15.617178	-2.8145590055026662e+07	5.1837036743760109e+01
495	15.689168	-2.8145549241593320e+07	4.0813433341681957e+01
496	15.790287	-2.8145511840430073e+07	3.7401163246482611e+01
497	15.732094	-2.8145478208351828e+07	3.3632078245282173e+01
498	15.660937	-2.8145596401369520e+07	-1.1819301769137383e+02
499	15.753654	-2.8145545110287622e+07	5.1291081897914410e+01
500	15.783021	-2.8145509244005095e+07	3.5866282526403666e+01
501	15.577854	-2.8145475775923219e+07	3.3468081876635551e+01
502	15.625659	-2.8145501066159502e+07	-2.5290236283093691e+01
503	15.795741	-2.8145572946152773e+07	-7.1879993271082640e+01
504	15.788858	-2.8145531801115964e+07	4.1145036809146404e+01
505	15.636263	-2.8145604757553805e+07	-7.2956437841057777e+01
506	15.636207	-2.8145558074591007e+07	4.6682962797582150e+01
507	15.749985	-2.8145525508044459e+07	3.2566546548157930e+01
508	15.726575	-2.8145496604495801e+07	2.8903548657894135e+01
509	15.676627	-2.8145572134995919e+07	-7.5530500117689371e+01
510	15.653476	-2.8145534931927707e+07	3.7203068211674690e+01
511	15.681707	-2.8145499419937052e+07	3.5511990655213594e+01
512	15.708606	-2.8145467641174745e+07	3.1778762307018042e+01
513	15.678370	-2.8145433846932653e+07	3.3794242091476917e+01
514	15.738359	-2.8145662713756464e+07	-2.2886682381108403e+02
515	15.792850	-2.8150467776621521e+07	-4.8050628650560975e+03
516	15.803892	-2.8149881718401227e+07	5.8605822029337287e+02
517	15.569199	-2.8149482396062341e+07	3.9932233888655901e+02
518	15.715032	-2.8149140169069283e+07	3.4222699305787683e+02
519	15.755438	-2.8148816303842306e+07	3.2386522697657347e+02
520	15.831191	-2.8148348015607562e+07	4.6828823474422097e+02
521	15.574978	-2.8147252977680191e+07	1.0950379273705184e+03
522	15.827266	-2.8146094491091952e+07	1.1584865882396698e+03
523	15.707223	-2.8145636147485450e+07	4.5834360650181770e+02
524	15.635147	-2.8145517591539212e+07	1.1855594623833895e+02
525	15.620563	-2.8145427849385787e+07	8.9742153424769640e+01
526	15.810058	-2.8145360096743714e+07	6.7752642072737217e+01
527	15.748731	-2.8145506532965854e+07	-1.4643622213974595e+02
528	15.714167	-2.8145955285122897e+07	-4.4875215704366565e+02
529	15.599252	-2.8145874604693122e+07	8.0680429775267839e+01
530	15.795561	-2.8145803689513545e+07	7.0915179576724768e+01
531	15.632175	-2.8145734316472396e+07	6.9373041149228811e+01
532	15.749842	-2.8145675226390310e+07	5.9090082086622715e+01
533	15.579066	-2.8145621154403158e+07	5.4071987152099609e+01
534	15.787765	-2.8145567345150083e+07	5.3809253074228764e+01
535	15.565064	-2.8146052051255263e+07	-4.8470610518008471e+02
536	15.735676	-2.8145960017051727e+07	9.2034203536808491e+01
537	15.599518	-2.8145878118403696e+07	8.1898648031055927e+01
538	15.804295	-2.8145794896439474e+07	8.3221964221447706e+01
539	15.681335	-2.8145716751934502e+07	7.8144504971802235e+01
540	15.710992	-2.8145953909076355e+07	-2.3715714185312390e+02
541	15.644615	-2.8145869692162957e+07	8.4216913398355246e+01
542	15.831154	-2.8145795977702506e+07	7.3714460451155901e+01
543	15.719411	-2.8145723543961167e+07	7.2433741338551044e+01
544	15.676147	-2.8145658559274297e+07	6.4984686870127916e+01
545	15.700184	-2.8145594568103950e+07	6.3991170346736908e+01
546	15.827273	-2.8145531437541757e+07	6.3130562193691730e+01
547	15.548345	-2.8146016673653241e+07	-4.8523611148446798e+02
548	15.681711	-2.8145929133701090e+07	8.7539952151477337e+01
549	15.743643	-2.8145848084798004e+07	8.1048903085291386e+01
550	15.772777	-2.8145767012931485e+07	8.1071866519749165e+01
551	15.575235	-2.8145821249354597e+07	-5.4236423112452030e+01
552	15.658702	-2.8145747039404798e+07	7.4209949798882008e+01
553	15.765336	-2.8145676287068840e+07	7.0752335958182812e+01
554	15.836461	-2.8145607576039907e+07	6.8711028933525085e+01
555	15.717846	-2.8145554597933371e+07	5.2978106535971165e+01
556	15.671690	-2.8145507067815796e+07	4.7530117575079203e+01
557	15.712236	-2.8145459484175015e+07	4.7583640780299902e+01
558	15.691848	-2.8145760259193685e+07	-3.0077501866966486e+02
559	15.672953	-2.8145692424350496e+07	6.7834843188524246e+01
560	15.688068	-2.8145629618879538e+07	6.2805470958352089e+01
561	15.727841	-2.8145572037486393e+07	5.7581393145024776e+01
562	15.750619	-2.8145699212433897e+07	-1.2717494750395417e+02
563	15.576184	-2.8145632822696909e+07	6.6389736987650394e+01
564	15.777936	-2.8145578529467568e+07	5.4293229341506958e+01
565	15.797687	-2.8145527519638717e+07	5.1009828850626945e+01
566	15.815325	-2.8145724705573086e+07	-1.9718593436852098e+02
567	15.573190	-2.8145668198266260e+07	5.6507306825369596e+01
568	15.792162	-2.8145840752594322e+07	-1.7255432806164026e+02
569	15.767016	-2.8145772135603923e+07	6.8616990398615599e+01
570	15.668916	-2.8145709962954894e+07	6.2172649029642344e+01
571	15.627349	-2.8145649287718311e+07	6.0675236582756042e+01
572	15.832789	-2.8145592734970815e+07	5.6552747495472431e+01
573	15.728818	-2.8145550023726400e+07	4.2711244415491819e+01
574	15.642825	-2.8145777649198104e+07	-2.2762547170370817e+02
575	15.578225	-2.8145708772411667e+07	6.8876786436885595e+01
576	15.819633	-2.8145648410975259e+07	6.0361436408013105e+01
577	15.781081	-2.8145589511500150e+07	5.8899475108832121e+01
578	15.722903	-2.8145538284527965e+07	5.1226972185075283e+01
579	15.614143	-2.8145492910348270e+07	4.5374179694801569e+01
580	15.782559	-2.8145818169702392e+07	-3.2525935412198305e+02
581	15.624096	-2.8145744214197915e+07	7.3955504477024078e+01
582	15.709259	-2.8145678116802596e+07	6.6097395319491625e+01
583	15.647389	-2.8145625028830286e+07	5.3087972309440374e+01
584	15.804323	-2.8145579326902613e+07	4.5701927673071623e+01
585	15.651227	-2.8145790357938491e+07	-2.1103103587776423e+02
586	15.606899	-2.8145718878714059e+07	7.1479224432259798e+01
587	15.640785	-2.8145664556856725e+07	5.4321857333183289e+01
588	15.826268	-2.8145719098182652e+07	-5.4541325926780701e+01
589	15.729200	-2.8145665870473411e+07	5.3227709241211414e+01
590	15.655601	-2.8145617505507812e+07	4.8364965599030256e+01
591	15.741589	-2.8145568355942279e+07	4.9149565532803535e+01
592	15.822070	-2.8145521683453593e+07	4.6672488685697317e+01
593	15.785987	-2.8145476031356048e+07	4.5652097545564175e+01
594	15.693109	-2.8145437546845056e+07	3.8484510991722345e+01
595	15.753225	-2.8145726371028870e+07	-2.8882418381422758e+02
596	15.764537	-2.8145662725032642e+07	6.3645996227860451e+01
597	15.603468	-2.8145611494762652e+07	5.1230269990861416e+01
598	15.702979	-2.8145562554223750e+07	4.8940538901835680e+01
599	15.733720	-2.8145619209767349e+07	-5.6655543599277735e+01
600	15.810920	-2.8145577305087760e+07	4.1904679588973522e+01
601	15.641324	-2.8145538612402570e+07	3.8692685190588236e+01
602	15.661365	-2.8145500307472698e+07	3.8304929871112108e+01
603	15.711813	-2.8145463152915385e+07	3.7154557313770056e+01
604	15.742878	-2.8145425027960856e+07	3.8124954529106617e+01
605	15.630579	-2.8145384410076723e+07	4.0617884133011103e+01
606	15.661388	-2.8145637621488027e+07	-2.5321141130477190e+02
607	15.680630	-2.8145580748127557e+07	5.6873360469937325e+01
608	15.727282	-2.8145530783213381e+07	4.9964914176613092e+01
609	15.716582	-2.8145485764561899e+07	4.5018651481717825e+01
610	15.731600	-2.8145590237067133e+07	-1.0447250523418188e+02
611	15.756435	-2.8145776149664167e+07	-1.8591259703412652e+02
612	15.816043	-2.8145732334929466e+07	4.3814734701067209e+01
613	15.544269	-2.8145666906643983e+07	6.5428285483270884e+01
614	15.798347	-2.8145606417606466e+07	6.0489037517458200e+01
615	15.711587	-2.8145559490930919e+07	4.6926675546914339e+01
616	15.820396	-2.8145523677477241e+07	3.5813453678041697e+01
617	15.579550	-2.8145487840998225e+07	3.5836479015648365e+01
618	15.861352	-2.8145784112149477e+07	-2.9627115125209093e+02
619	15.704204	-2.8145712581780940e+07	7.1530368536710739e+01
620	15.659013	-2.8145654998239074e+07	5.7583541866391897e+01
621	15.594886	-2.8145598427463003e+07	5.6570776071399450e+01
622	15.819904	-2.8145792357779589e+07	-1.9393031658604741e+02
623	15.739386	-2.8145732500458557e+07	5.9857321031391621e+01
624	15.726814	-2.8145680321752038e+07	5.2178706519305706e+01
625	15.550617	-2.8145635070191305e+07	4.5251560732722282e+01
626	15.765744	-2.8145591916892320e+07	4.3153298985213041e+01
627	15.632917	-2.8145547017994501e+07	4.4898897819221020e+01
628	15.716725	-2.8145499235972442e+07	4.7782022058963776e+01
629	15.524642	-2.8145852903970655e+07	-3.5366799821332097e+02
630	15.763640	-2.8145775720745247e+07	7.7183225408196449e+01
631	15.627366	-2.8145736179284927e+07	3.9541460320353508e+01
632	15.716982	-2.8145664208503377e+07	7.1970781549811363e+01
633	15.628998	-2.8145598326191790e+07	6.5882311586290598e+01
634	15.784990	-2.8145538805912100e+07	5.9520279690623283e+01
635	15.740484	-2.8145480221633453e+07	5.8584278646856546e+01
636	15.564756	-2.8145436899829865e+07	4.3321803588420153e+01
637	15.686681	-2.8145653425853264e+07	-2.1652602339908481e+02
638	15.824627	-2.8145599464085910e+07	5.3961767353117466e+01
639	15.704931	-2.8145711029029537e+07	-1.1156494362652302e+02
640	15.633416	-2.8145649068268590e+07	6.1960760947316885e+01
641	15.710194	-2.8145594636515953e+07	5.4431752637028694e+01
642	15.770715	-2.8145543148322374e+07	5.1488193579018116e+01
643	15.551274	-2.8145670602193240e+07	-1.2745387086644769e+02
644	15.663836	-2.8145610441287957e+07	6.0160905282944441e+01
645	15.792162	-2.8145564072638419e+07	4.6368649538606405e+01
646	15.785367	-2.8145529615394216e+07	3.4457244202494621e+01
647	15.622264	-2.8145497742723446e+07	3.1872670769691467e+01
648	15.634839	-2.8145573985955864e+07	-7.6243232417851686e+01
649	15.710373	-2.8145526239586085e+07	4.7746369779109955e+01
650	15.703933	-2.8145485736588027e+07	4.0502998057752848e+01
651	15.667796	-2.8145447596196268e+07	3.8140391759574413e+01
652	15.621266	-2.8145509058853846e+07	-6.1462657578289509e+01
653	15.672468	-2.8145660582200773e+07	-1.5152334692701697e+02
654	15.649624	-2.8145609957360100e+07	5.0624840673059225e+01
655	15.666568	-2.8145571375641715e+07	3.8581718385219574e+01
656	15.654262	-2.8145536701094609e+07	3.4674547106027603e+01
657	15.742428	-2.8145503452808596e+07	3.3248286012560129e+01
658	15.739443	-2.8145475751073342e+07	2.7701735254377127e+01
659	15.534200	-2.8145654121975295e+07	-1.7837090195342898e+02
660	15.757350	-2.8145597456066221e+07	5.6665909074246883e+01
661	15.764462	-2.8145556734392218e+07	4.0721674002707005e+01
662	15.778779	-2.8145522030294269e+07	3.4704097948968410e+01
663	15.522786	-2.8145492392186567e+07	2.9638107702136040e+01
664	15.792019	-2.8145525042845342e+07	-3.2650658775120974e+01
665	15.687974	-2.8145481135915209e+07	4.3906930133700371e+01
666	15.597179	-2.8145502907895286e+07	-2.1771980077028275e+01
667	15.596070	-2.8145460275800224e+07	4.2632095061242580e+01
668	15.857784	-2.8145421873795975e+07	3.8402004249393940e+01
669	15.694456	-2.8145392793419112e+07	2.9080376863479614e+01
670	15.654625	-2.8145506024941418e+07	-1.1323152230679989e+02
671	15.570911	-2.8145472253394280e+07	3.3771547138690948e+01
672	15.830037	-2.8145446628971100e+07	2.5624423179775476e+01
673	15.737023	-2.8145424102037083e+07	2.2526934016495943e+01
674	15.710606	-2.8145627778232377e+07	-2.0367619529366493e+02
675	15.536576	-2.8145580624019358e+07	4.7154213018715382e+01
676	15.757768	-2.8145543601801801e+07	3.7022217556834221e+01
677	15.606527	-2.8145509872492772e+07	3.3729309029877186e+01
678	15.697282	-2.8145579527588211e+07	-6.9655095439404249e+01
679	15.555769	-2.8145531273908727e+07	4.8253679484128952e+01
680	15.738792	-2.8145494209598504e+07	3.7064310222864151e+01
681	15.650462	-2.8145459019426189e+07	3.5190172314643860e+01
682	15.577311	-2.8145425638786372e+07	3.3380639817565680e+01
683	15.684197	-2.8145433510609053e+07	-7.8718226812779903e+00
684	15.790995	-2.8145442286382351e+07	-8.7757732979953289e+00
685	15.680505	-2.8145413763319727e+07	2.8523062624037266e+01
686	15.647102	-2.8145392163616486e+07	2.1599703241139650e+01
687	15.651226	-2.8145518528787166e+07	-1.2636517067998648e+02
688	15.813487	-2.8145480399269164e+07	3.8129518002271652e+01
689	15.721151	-2.8145449650695834e+07	3.0748573329299688e+01
690	15.634686	-2.8145483922975361e+07	-3.4272279527038336e+01
691	15.755941	-2.8145455044948015e+07	2.8878027345985174e+01
692	15.782489	-2.8145546809539601e+07	-9.1764591585844755e+01
693	15.570692	-2.8145511399164312e+07	3.5410375289618969e+01
694	15.645936	-2.8145479543064296e+07	3.1856100015342236e+01
695	15.701609	-2.8145450874576967e+07	2.8668487329035997e+01
696	15.776893	-2.8145426184003808e+07	2.4690573159605265e+01
697	15.599639	-2.8145403286566060e+07	2.2897437747567892e+01
698	15.674038	-2.8145380738737844e+07	2.2547828216105700e+01
699	15.714780	-2.8145447844207365e+07	-6.7105469521135092e+01
700	15.677138	-2.8145417136772193e+07	3.0707435172051191e+01
701	15.614038	-2.8145423717179302e+07	-6.5804071091115475e+00
702	15.639935	-2.8145661029553290e+07	-2.3731237398833036e+02
703	15.694700	-2.8145609829555087e+07	5.1199998203665018e+01
704	15.667022	-2.8145559939489681e+07	4.9890065405517817e+01
705	15.686051	-2.8145515824937902e+07	4.4114551778882742e+01
706	15.721793	-2.8145472200846422e+07	4.3624091479927301e+01
707	15.748073	-2.8145438706686012e+07	3.3494160410016775e+01
708	15.805697	-2.8145408554677244e+07	3.0152008768171072e+01
709	15.550811	-2.8145804596250545e+07	-3.9604157330095768e+02
710	15.746724	-2.8145738070244171e+07	6.6526006374508142e+01
711	15.710486	-2.8145678244333539e+07	5.9825910631567240e+01
712	15.785780	-2.8145622498646569e+07	5.5745686970651150e+01
713	15.559114	-2.8145571656243559e+07	5.0842403009533882e+01
714	15.812899	-2.8145533136569489e+07	3.8519674070179462e+01
715	15.674010	-2.8145742596223876e+07	-2.0945965438708663e+02
716	15.656762	-2.8145680343702298e+07	6.2252521578222513e+01
717	15.554192	-2.8145625304285910e+07	5.5039416387677193e+01
718	15.831232	-2.8145570847246855e+07	5.4457039054483175e+01
719	15.739660	-2.8145519934096880e+07	5.0913149975240231e+01
720	15.658826	-2.8145639505816270e+07	-1.1957171938940883e+02
721	15.547293	-2.8145575657413173e+07	6.3848403096199036e+01
722	16.041190	-2.8145518743622351e+07	5.6913790822029114e+01
723	16.430776	-2.8145596784411058e+07	-7.8040788706392050e+01
724	16.092876	-2.8145556842237830e+07	3.9942173227667809e+01
725	15.846669	-2.8145661729999613e+07	-1.0488776178285480e+02
726	16.188077	-2.8145614329149038e+07	4.7400850575417280e+01
727	16.512475	-2.8145573882603608e+07	4.0446545429527760e+01
728	16.590381	-2.8145534272269681e+07	3.9610333926975727e+01
729	16.372535	-2.8145499480074320e+07	3.4792195361107588e+01
730	16.743913	-2.8145465365070753e+07	3.4115003567188978e+01
731	16.317353	-2.8145546722447004e+07	-8.1357376251369715e+01
732	16.105620	-2.8145741897666935e+07	-1.9517521993070841e+02
733	15.848105	-2.8145674277461510e+07	6.7620205424726009e+01
734	16.133229	-2.8145620496676359e+07	5.3780785150825977e+01
735	16.512318	-2.8145569069733765e+07	5.1426942594349384e+01
736	16.294944	-2.8145525362435855e+07	4.3707297910004854e+01
737	15.924821	-2.8145479268916018e+07	4.6093519836664200e+01
738	15.771046	-2.8145818677595291e+07	-3.3940867927297950e+02
739	15.814692	-2.8145751169140127e+07	6.7508455164730549e+01
740	15.673552	-2.8145692066894658e+07	5.9102245468646288e+01
741	15.981009	-2.8145712049161259e+07	-1.9982266601175070e+01
742	16.616658	-2.8145654856494945e+07	5.7192666314542294e+01
743	16.080904	-2.8145601183117662e+07	5.3673377282917500e+01
744	15.956883	-2.8145550829782907e+07	5.0353334754705429e+01
745	15.669439	-2.8145513234068476e+07	3.7595714431256056e+01
746	15.872960	-2.8145475168032922e+07	3.8066035553812981e+01
747	15.572371	-2.8145437325261272e+07	3.7842771649360657e+01
748	15.786935	-2.8145853432590015e+07	-4.1610732874274254e+02
749	15.745901	-2.8145784103263639e+07	6.9329326376318932e+01
750	15.609051	-2.8145721417947471e+07	6.2685316167771816e+01
751	15.759118	-2.8145658850808784e+07	6.2567138686776161e+01
752	15.780292	-2.8145603236979313e+07	5.5613829471170902e+01
753	15.562073	-2.8145558359582916e+07	4.4877396397292614e+01
754	15.585827	-2.8145807231487092e+07	-2.4887190417572856e+02
755	15.735334	-2.8145736473021392e+07	7.0758465699851513e+01
756	15.778828	-2.8145676258032471e+07	6.0214988920837641e+01
757	15.615091	-2.8145617560684737e+07	5.8697347734123468e+01
758	15.636885	-2.8145565613585517e+07	5.1947099220007658e+01
759	15.641078	-2.8145636478491839e+07	-7.0864906322211027e+01
760	15.727919	-2.8148462905138928e+07	-2.8264266470894217e+03
761	16.524322	-2.8148283430585831e+07	1.7947455309703946e+02
762	16.032010	-2.8163882903030381e+07	-1.5599472444549203e+04
763	15.940722	-2.8163009674452990e+07	8.7322857739031315e+02
764	16.116022	-2.8162586342784084e+07	4.2333166890591383e+02
765	16.283501	-2.8161503173337586e+07	1.0831694464981556e+03
766	15.983736	-2.8159883764154900e+07	1.6194091826863587e+03
767	15.866864	-2.8158270798724033e+07	1.6129654308669269e+03
768	15.705259	-2.8156345542318363e+07	1.9252564056701958e+03
769	15.789644	-2.8153852837416574e+07	2.4927049017883837e+03
770	15.613986	-2.8150527272730049e+07	3.3255646865256131e+03
771	15.680190	-2.8146957628724966e+07	3.5696440050825477e+03
772	15.688839	-2.8145924039223347e+07	1.0335895016193390e+03
773	15.679124	-2.8145774837806314e+07	1.4920141703262925e+02
774	15.616183	-2.8145805005302083e+07	-3.0167495768517256e+01
775	15.678653	-2.8145710786648307e+07	9.4218653775751591e+01
776	15.736776	-2.8145639894136127e+07	7.0892512179911137e+01
777	15.499867	-2.8145577727981392e+07	6.2166154734790325e+01
778	15.719120	-2.8145520290879015e+07	5.7437102377414703e+01
779	15.691800	-2.8145465749102481e+07	5.4541776534169912e+01
780	15.778007	-2.8145934735390048e+07	-4.6898628756776452e+02
781	15.537848	-2.8145853603660770e+07	8.1131729278713465e+01
782	15.779615	-2.8145782238483783e+07	7.1365176986902952e+01
783	15.695811	-2.8145713163687870e+07	6.9074795912951231e+01
784	15.574010	-2.8145655361810781e+07	5.7801877088844776e+01
785	15.550215	-2.8145607726842683e+07	4.7634968098253012e+01
786	15.756885	-2.8145834396349132e+07	-2.2666950644925237e+02
787	15.678955	-2.8145761414349332e+07	7.2981999799609184e+01
788	15.664246	-2.8145698027952552e+07	6.3386396780610085e+01
789	15.501145	-2.8145639138938826e+07	5.8889013726264238e+01
790	15.758879	-2.8145585411736533e+07	5.3727202292531729e+01
791	15.694234	-2.8145539234898966e+07	4.6176837567240000e+01
792	15.684252	-2.8145513073296744e+07	2.6161602221429348e+01
793	15.532599	-2.8145736426207155e+07	-2.2335291041061282e+02
794	15.752762	-2.8145674464076322e+07	6.1962130833417177e+01
795	15.628752	-2.8145618751014419e+07	5.5713061902672052e+01
796	16.589919	-2.8145743258155316e+07	-1.2450714089721441e+02
797	16.355136	-2.8145677830875553e+07	6.5427279762923717e+01
798	16.591018	-2.8145686516259044e+07	-8.6853834912180901e+00
799	16.257392	-2.8145622616666786e+07	6.3899592258036137e+01
800	15.994468	-2.8145567776470896e+07	5.4840195890516043e+01
801	15.767694	-2.8145523983237974e+07	4.3793232921510935e+01
802	15.872787	-2.8145480633857887e+07	4.3349380087107420e+01
803	15.684902	-2.8145639010771357e+07	-1.5837691346928477e+02
804	15.802965	-2.8145577057347637e+07	6.1953423719853163e+01
805	15.751498	-2.8145515268955629e+07	6.1788392007350922e+01
806	15.578187	-2.8145576795338605e+07	-6.1526382975280285e+01
807	15.565869	-2.8145526264117245e+07	5.0531221359968185e+01
808	15.756979	-2.8145532495386615e+07	-6.2312693707644939e+00
809	15.664447	-2.8145494641064718e+07	3.7854321897029877e+01
810	15.565293	-2.8145466329443764e+07	2.8311620954424143e+01
811	15.634438	-2.8145580970921744e+07	-1.1464147797971964e+02
812	15.782512	-2.8145539500989098e+07	4.1469932645559311e+01
813	15.681128	-2.8145503158506814e+07	3.6342482283711433e+01
814	15.614881	-2.8145467990147050e+07	3.5168359763920307e+01
815	15.679862	-2.8145434863404077e+07	3.3126742973923683e+01
816	15.738752	-2.8145401980151415e+07	3.2883252661675215e+01
817	15.524749	-2.8145395214611147e+07	6.7655402682721615e+00
818	15.583119	-2.8145715989292029e+07	-3.2077468088269234e+02
819	15.754556	-2.8145648911016356e+07	6.7078275673091412e+01
820	15.744746	-2.8145600790684354e+07	4.8120332002639771e+01
821	15.842133	-2.8145552722503282e+07	4.8068181071430445e+01
822	16.381442	-2.8145622237229656e+07	-6.9514726374298334e+01
823	16.010546	-2.8145569614538200e+07	5.2622691456228495e+01
824	15.935405	-2.8145524835502096e+07	4.4779036104679108e+01
825	15.790073	-2.8145530195742145e+07	-5.3602400496602058e+00
826	15.791102	-2.8145489500713054e+07	4.0695029091089964e+01
827	15.739754	-2.8145457941967983e+07	3.1558745071291924e+01
828	16.443875	-2.8145432571931493e+07	2.5370036490261555e+01
829	16.083013	-2.8145587438433647e+07	-1.5486650215461850e+02
830	15.999206	-2.8145537402206350e+07	5.0036227297037840e+01
831	16.246063	-2.8145489998674616e+07	4.7403531733900309e+01
832	16.153427	-2.8145455824306484e+07	3.4174368131905794e+01
833	15.855636	-2.8145478807123393e+07	-2.2982816908508539e+01
834	15.659568	-2.8145438093956646e+07	4.0713166747242212e+01
835	15.821049	-2.8145402138329104e+07	3.5955627541989088e+01
836	15.629297	-2.8145474467265323e+07	-7.2328936219215393e+01
837	15.693275	-2.8145438102734149e+07	3.6364531174302101e+01
838	15.693576	-2.8145406512669995e+07	3.1590064153075218e+01
839	15.520568	-2.8145616846969508e+07	-2.1033429951220751e+02
840	15.743724	-2.8145691728577659e+07	-7.4881608150899410e+01
841	15.678928	-2.8145849481521267e+07	-1.5775294360890985e+02
842	15.576325	-2.8145779055899393e+07	7.0425621874630451e+01
843	15.523518	-2.8145716369321309e+07	6.2686578083783388e+01
844	15.772803	-2.8145656834539209e+07	5.9534782100468874e+01
845	15.684191	-2.8145601046194185e+07	5.5788345023989677e+01
846	15.641405	-2.8145543541208461e+07	5.7504985723644495e+01
847	15.493758	-2.8145487110292979e+07	5.6430915482342243e+01
848	15.763220	-2.8145810527745381e+07	-3.2341745240241289e+02
849	15.672158	-2.8145741345139336e+07	6.9182606045156717e+01
850	15.660989	-2.8145683218251590e+07	5.8126887746155262e+01
851	15.522322	-2.8145626188823383e+07	5.7029428206384182e+01
852	15.719925	-2.8145579268584877e+07	4.6920238506048918e+01
853	15.557082	-2.8145539708511211e+07	3.9560073666274548e+01
854	15.657287	-2.8145501701326095e+07	3.8007185116410255e+01
855	15.513931	-2.8145692285856180e+07	-1.9058453008532524e+02
856	15.722293	-2.8145638697341084e+07	5.3588515095412731e+01
857	15.548944	-2.8145588613096368e+07	5.0084244716912508e+01
858	15.699255	-2.8145537886196401e+07	5.0726899966597557e+01
859	15.567334	-2.8145494581224885e+07	4.3304971516132355e+01
860	15.749528	-2.8145450103543524e+07	4.4477681361138821e+01
861	15.637581	-2.8145406937963199e+07	4.3165580324828625e+01
862	15.564197	-2.8145528000446849e+07	-1.2106248364970088e+02
863	15.606106	-2.8145486367543887e+07	4.1632902961224318e+01
864	15.748970	-2.8145627958405241e+07	-1.4159086135402322e+02
865	15.654125	-2.8145579644247074e+07	4.8314158167690039e+01
866	15.578480	-2.8145536158582278e+07	4.3485664796084166e+01
867	15.659531	-2.8145493329990163e+07	4.2828592114150524e+01
868	15.701229	-2.8145561009592310e+07	-6.7679602146148682e+01
869	15.476580	-2.8145510704592198e+07	5.0305000111460686e+01
870	15.605123	-2.8145480035542414e+07	3.0669049784541130e+01
871	15.709182	-2.8145451121475168e+07	2.8914067246019840e+01
872	15.706219	-2.8145419734382436e+07	3.1387092731893063e+01
873	15.506547	-2.8145457360055871e+07	-3.7625673435628414e+01
874	15.608623	-2.8145420192668792e+07	3.7167387079447508e+01
875	15.638689	-2.8145392104140583e+07	2.8088528208434582e+01
876	15.750966	-2.8145503239009045e+07	-1.1113486846163869e+02
877	15.615410	-2.8145660359853279e+07	-1.5712084423378110e+02
878	15.700294	-2.8145606590024464e+07	5.3769828815013170e+01
879	15.757646	-2.8145567592801448e+07	3.8997223015874624e+01
880	15.721911	-2.8145529657021075e+07	3.7935780372470617e+01
881	15.657061	-2.8145495873978470e+07	3.3783042605966330e+01
882	15.655950	-2.8145463357118569e+07	3.2516859900206327e+01
883	15.701687	-2.8145431876180556e+07	3.1480938013643026e+01
884	15.789006	-2.8145537470606279e+07	-1.0559442572295666e+02
885	15.556795	-2.8145496512130227e+07	4.0958476051688194e+01
886	15.714735	-2.8145459232375532e+07	3.7279754694551229e+01
887	15.744945	-2.8145423456473291e+07	3.5775902241468430e+01
888	15.782669	-2.8145530108432174e+07	-1.0665195888280869e+02
889	15.554030	-2.8145487813233342e+07	4.2295198831707239e+01
890	15.783682	-2.8145450636109367e+07	3.7177123975008726e+01
891	15.699145	-2.8145419160986759e+07	3.1475122608244419e+01
892	15.801805	-2.8145417581704393e+07	1.5792823657393456e+00
893	15.605104	-2.8145384248551667e+07	3.3333152726292610e+01
894	15.815202	-2.8145408879180647e+07	-2.4630628980696201e+01
895	15.715828	-2.8145380339927267e+07	2.8539253380149603e+01
896	15.728840	-2.8145403405630365e+07	-2.3065703097730875e+01
897	15.554126	-2.8145370197052177e+07	3.3208578187972307e+01
898	15.860856	-2.8145341516969804e+07	2.8680082373321056e+01
899	15.775025	-2.8145315055020019e+07	2.6461949784308672e+01
900	15.706212	-2.8145298600688364e+07	1.6454331655055285e+01
901	15.670397	-2.8145281229833584e+07	1.7370854780077934e+01
902	15.834105	-2.8145264562827080e+07	1.6667006503790617e+01
903	15.593923	-2.8145333699871223e+07	-6.9137044142931700e+01
904	15.732243	-2.8145379258461144e+07	-4.5558589920401573e+01
905	15.559723	-2.8145349835904330e+07	2.9422556813806295e+01
906	15.774732	-2.8145330607495502e+07	1.9228408828377724e+01
907	15.599279	-2.8145310150828812e+07	2.0456666689366102e+01
908	15.601904	-2.8145291980743159e+07	1.8170085653662682e+01
909	15.622357	-2.8145377097609442e+07	-8.5116866283118725e+01
910	15.863471	-2.8145359573041543e+07	1.7524567898362875e+01
911	16.509338	-2.8145480521045431e+07	-1.2094800388813019e+02
912	16.445175	-2.8145450399448674e+07	3.0121596757322550e+01
913	15.941207	-2.8145421199272569e+07	2.9200176104903221e+01
914	15.888369	-2.8145395186821707e+07	2.6012450862675905e+01
915	15.970662	-2.8145373160470977e+07	2.2026350729167461e+01
916	15.735354	-2.8145350369517252e+07	2.2790953725576401e+01
917	15.763313	-2.8145328452219129e+07	2.1917298123240471e+01
918	15.751431	-2.8145443446651027e+07	-1.1499443189799786e+02
919	15.509515	-2.8145484016487163e+07	-4.0569836135953665e+01
920	15.786316	-2.8145442648855221e+07	4.1367631942033768e+01
921	15.584143	-2.8145406369459152e+07	3.6279396068304777e+01
922	15.675811	-2.8145375315798659e+07	3.1053660493344069e+01
923	15.596748	-2.8145492781134758e+07	-1.1746533609926701e+02
924	16.213786	-2.8145460890984830e+07	3.1890149928629398e+01
925	16.130211	-2.8145435808381420e+07	2.5082603409886360e+01
926	15.874291	-2.8145411745059174e+07	2.4063322246074677e+01
927	15.817045	-2.8145389630803369e+07	2.2114255804568529e+01
928	15.882100	-2.8145368404793002e+07	2.1226010367274284e+01
929	15.706865	-2.8145353407588199e+07	1.4997204802930355e+01
930	15.770060	-2.8145796569950234e+07	-4.4316236203536391e+02
931	15.738906	-2.8145706360232338e+07	9.0209717895835638e+01
932	16.317217	-2.8145723610818349e+07	-1.7250586010515690e+01
933	16.434873	-2.8145658646052778e+07	6.4964765571057796e+01
934	16.188705	-2.8145611290027995e+07	4.7356024783104658e+01
935	15.984746	-2.8145564443433594e+07	4.6846594400703907e+01
936	15.842269	-2.8145522098363981e+07	4.2345069613307714e+01
937	15.704137	-2.8145480850062706e+07	4.1248301275074482e+01
938	15.818836	-2.8145450878064945e+07	2.9971997760236263e+01
939	16.373206	-2.8145485998517793e+07	-3.5120452847331762e+01
940	15.987150	-2.8145446592323571e+07	3.9406194221228361e+01
941	15.884197	-2.8145410138712160e+07	3.6453611411154270e+01
942	15.830050	-2.8145537707855478e+07	-1.2756914331763983e+02
943	15.616218	-2.8145493324856542e+07	4.4382998935878277e+01
944	15.665577	-2.8145462503189191e+07	3.0821667350828648e+01
945	15.731164	-2.8145540403342806e+07	-7.7900153614580631e+01
946	15.710348	-2.8145496387417614e+07	4.4015925191342831e+01
947	15.553261	-2.8145463971873015e+07	3.2415544599294662e+01
948	15.743718	-2.8145437549528655e+07	2.6422344360500574e+01
949	16.310182	-2.8145414120874058e+07	2.3428654596209526e+01
950	16.081341	-2.8145389334992412e+07	2.4785881645977497e+01
951	15.820654	-2.8145364106049426e+07	2.5228942986577749e+01
952	15.865220	-2.8145427613550983e+07	-6.3507501557469368e+01
953	15.813015	-2.8145415830564778e+07	1.1782986205071211e+01
954	15.767830	-2.8145625503646776e+07	-2.0967308199778199e+02
955	15.895120	-2.8145568985626873e+07	5.6518019903451204e+01
956	16.324002	-2.8145528112289988e+07	4.0873336885124445e+01
957	15.980040	-2.8145485694421045e+07	4.2417868942022324e+01
958	15.980716	-2.8145446776580628e+07	3.8917840417474508e+01
959	15.566947	-2.8145455865687903e+07	-9.0891072750091553e+00
960	15.689504	-2.8145415474231705e+07	4.0391456197947264e+01
961	15.453373	-2.8145387062060859e+07	2.8412170846015215e+01
962	15.424291	-2.8145552021861482e+07	-1.6495980062335730e+02
963	15.351187	-2.8145510245358691e+07	4.1776502791792154e+01
964	15.311220	-2.8145472425941162e+07	3.7819417528808117e+01
965	15.356155	-2.8145437401172478e+07	3.5024768684059381e+01
966	15.606331	-2.8145403933090039e+07	3.3468082439154387e+01
967	15.358023	-2.8145484578321207e+07	-8.0645231168717146e+01
968	15.267169	-2.8145446506927956e+07	3.8071393251419067e+01
969	15.423269	-2.8145450779748041e+07	-4.2728200852870941e+00
970	15.560073	-2.8145420527115446e+07	3.0252632595598698e+01
971	15.461353	-2.8145394332113348e+07	2.6195002097636461e+01
972	15.263822	-2.8145369560661081e+07	2.4771452266722918e+01
973	15.247538	-2.8145401097392373e+07	-3.1536731291562319e+01
974	15.358196	-2.8145374239468221e+07	2.6857924152165651e+01
975	15.405912	-2.8145466201389756e+07	-9.1961921535432339e+01
976	15.368437	-2.8145437736283164e+07	2.8465106591582298e+01
977	15.347791	-2.8145457464776348e+07	-1.9728493183851242e+01
978	15.576773	-2.8145429560549729e+07	2.7904226619750261e+01
979	15.385319	-2.8145412750969943e+07	1.6809579785913229e+01
980	15.380512	-2.8145469708426103e+07	-5.6957456160336733e+01
981	15.526723	-2.8145442401162621e+07	2.7307263482362032e+01
982	15.552448	-2.8145448029725965e+07	-5.6285633444786072e+00
983	15.456085	-2.8145418695587069e+07	2.9334138896316290e+01
984	15.410436	-2.8145392661125313e+07	2.6034461755305529e+01
985	15.496495	-2.8145418292985242e+07	-2.5631859928369522e+01
986	15.525443	-2.8145386437207457e+07	3.1855777785181999e+01
987	15.414704	-2.8145360278299067e+07	2.6158908389508724e+01
988	15.533744	-2.8145335476285968e+07	2.4802013099193573e+01
989	15.416933	-2.8145312325393613e+07	2.3150892354547977e+01
990	15.680501	-2.8145288334694296e+07	2.3990699317306280e+01
991	15.326840	-2.8145266186054196e+07	2.2148640099912882e+01
992	15.359724	-2.8145400758039150e+07	-1.3457198495417833e+02
993	15.510849	-2.8145375477504797e+07	2.5280534353107214e+01
994	15.439131	-2.8145356815221239e+07	1.8662283558398485e+01
995	15.532384	-2.8145340748595182e+07	1.6066626057028770e+01
996	15.412913	-2.8145327538351759e+07	1.3210243422538042e+01
997	15.485226	-2.8145314841989946e+07	1.2696361813694239e+01
998	15.490189	-2.8145357989812456e+07	-4.3147822510451078e+01
999	15.284072	-2.8145336562972203e+07	2.1426840253174305e+01
1000	15.347243	-2.8145360712024398e+07	-2.4149052195250988e+01

Writing Q matrix to /global/home/users/deboraycb/scratch/atahualpa/analysis/ohana/maf05_3/structure/merge2_20M_allchr_snps_maf05_k6_mi1000_1_q.matrix
Writing F matrix to /global/home/users/deboraycb/scratch/atahualpa/analysis/ohana/maf05_3/structure/merge2_20M_allchr_snps_maf05_k6_mi1000_1_f.matrix
