seed: 1789758830

iter	duration	log_likelihood	delta-lle
0	2.982753	-4.4238836192970715e+07
1	18.107683	-3.9263331942839332e+07	4.9755042501313835e+06
2	17.537628	-3.4986309338632919e+07	4.2770226042064130e+06
3	17.686260	-3.4120907987728059e+07	8.6540135090485960e+05
4	17.808442	-3.3492507104610804e+07	6.2840088311725482e+05
5	17.636151	-3.2939957459530443e+07	5.5254964508036152e+05
6	17.634412	-3.2396428381742954e+07	5.4352907778748870e+05
7	17.559733	-3.1837676729388740e+07	5.5875165235421434e+05
8	17.716810	-3.1285361028536279e+07	5.5231570085246116e+05
9	17.118355	-3.0751614355592169e+07	5.3374667294410989e+05
10	17.314017	-3.0227813228361327e+07	5.2380112723084167e+05
11	16.966104	-2.9721053773742676e+07	5.0675945461865142e+05
12	17.097780	-2.9251308385672480e+07	4.6974538807019591e+05
13	16.894179	-2.8846708078456376e+07	4.0460030721610412e+05
14	17.110164	-2.8539538592424747e+07	3.0716948603162915e+05
15	16.897502	-2.8344523170126669e+07	1.9501542229807749e+05
16	16.735349	-2.8249229620383039e+07	9.5293549743629992e+04
17	16.657442	-2.8215920224767886e+07	3.3309395615153015e+04
18	16.745963	-2.8205538497016296e+07	1.0381727751590312e+04
19	16.472794	-2.8200993110347379e+07	4.5453866689167917e+03
20	16.445250	-2.8198116778901063e+07	2.8763314463160932e+03
21	16.397914	-2.8195091999443162e+07	3.0247794579006732e+03
22	16.516229	-2.8191482877633791e+07	3.6091218093708158e+03
23	16.210961	-2.8186717906373043e+07	4.7649712607488036e+03
24	16.424375	-2.8181324040612005e+07	5.3938657610379159e+03
25	16.337357	-2.8176885878709611e+07	4.4381619023941457e+03
26	16.484790	-2.8173633260780867e+07	3.2526179287433624e+03
27	16.100726	-2.8170793093396910e+07	2.8401673839576542e+03
28	16.424506	-2.8168204143483233e+07	2.5889499136768281e+03
29	16.132426	-2.8165987984410893e+07	2.2161590723395348e+03
30	16.199501	-2.8163521090430897e+07	2.4668939799964428e+03
31	15.852491	-2.8161082799138498e+07	2.4382912923991680e+03
32	16.131867	-2.8158706684493549e+07	2.3761146449483931e+03
33	15.899453	-2.8156432643012088e+07	2.2740414814613760e+03
34	16.061101	-2.8154496416523866e+07	1.9362264882214367e+03
35	15.754094	-2.8153620780833129e+07	8.7563569073751569e+02
36	16.025328	-2.8690996872798923e+07	-5.3737609196579456e+05
37	15.941818	-2.8508955756623488e+07	1.8204111617543548e+05
38	15.939205	-2.8388752616177849e+07	1.2020314044563845e+05
39	15.929560	-2.8316420321945183e+07	7.2332294232666492e+04
40	16.163942	-2.8277472689102303e+07	3.8947632842879742e+04
41	16.084001	-2.8246897087501749e+07	3.0575601600553840e+04
42	16.040684	-2.8222961526973199e+07	2.3935560528550297e+04
43	16.181102	-2.8208236228369944e+07	1.4725298603255302e+04
44	16.328554	-2.8200679863189269e+07	7.5563651806749403e+03
45	16.136121	-2.8196066972082954e+07	4.6128911063149571e+03
46	16.237462	-2.8192500263722032e+07	3.5667083609215915e+03
47	16.283767	-2.8189690820652433e+07	2.8094430695995688e+03
48	16.396322	-2.8187189366907086e+07	2.5014537453465164e+03
49	16.277453	-2.8184960484816868e+07	2.2288820902183652e+03
50	16.345199	-2.8182956914484013e+07	2.0035703328549862e+03
51	16.346105	-2.8180816340716399e+07	2.1405737676136196e+03
52	16.531333	-2.8178581791448165e+07	2.2345492682345212e+03
53	16.195377	-2.8176247763224341e+07	2.3340282238237560e+03
54	16.484556	-2.8173972278143775e+07	2.2754850805662572e+03
55	16.299679	-2.8172008152915850e+07	1.9641252279244363e+03
56	16.245870	-2.8170034087960303e+07	1.9740649555474520e+03
57	16.066455	-2.8168283422697634e+07	1.7506652626693249e+03
58	16.383209	-2.8166787430573564e+07	1.4959921240694821e+03
59	16.142258	-2.8165759420133717e+07	1.0280104398466647e+03
60	16.248829	-2.8164679791853379e+07	1.0796282803378999e+03
61	16.050710	-2.8163640415132977e+07	1.0393767204023898e+03
62	16.287186	-2.8162542821979802e+07	1.0975931531749666e+03
63	16.066989	-2.8161599302839432e+07	9.4351914037019014e+02
64	16.027328	-2.8160254102517646e+07	1.3452003217861056e+03
65	16.015993	-2.8158723009227056e+07	1.5310932905897498e+03
66	16.148729	-2.8157015714522183e+07	1.7072947048731148e+03
67	16.042501	-2.8155194953020621e+07	1.8207615015618503e+03
68	15.905291	-2.8153733313438505e+07	1.4616395821161568e+03
69	15.916500	-2.8152501915615946e+07	1.2313978225588799e+03
70	16.009714	-2.8254228304827914e+07	-1.0172638921196759e+05
71	15.598180	-2.8327364616298016e+07	-7.3136311470102519e+04
72	15.724758	-2.8267685332600538e+07	5.9679283697478473e+04
73	15.873742	-2.8231466485483393e+07	3.6218847117144614e+04
74	16.138093	-2.8211202961675163e+07	2.0263523808229715e+04
75	15.911281	-2.8198009148095094e+07	1.3193813580069691e+04
76	16.001869	-2.8189630842849284e+07	8.3783052458092570e+03
77	16.076495	-2.8184198775851592e+07	5.4320669976919889e+03
78	16.149094	-2.8180778571730450e+07	3.4202041211426258e+03
79	16.024108	-2.8178353407238670e+07	2.4251644917801023e+03
80	16.079268	-2.8176476577938523e+07	1.8768293001465499e+03
81	16.026826	-2.8175055980455149e+07	1.4205974833741784e+03
82	16.145245	-2.8174061414508451e+07	9.9456594669818878e+02
83	15.811628	-2.8173452555653192e+07	6.0885885525867343e+02
84	16.089091	-2.8173047011809718e+07	4.0554384347423911e+02
85	15.943286	-2.8172785044835903e+07	2.6196697381511331e+02
86	16.029846	-2.8172604483909678e+07	1.8056092622503638e+02
87	15.829054	-2.8172446278806828e+07	1.5820510284975171e+02
88	16.175604	-2.8172309288123015e+07	1.3699068381264806e+02
89	16.020909	-2.8172381006841742e+07	-7.1718718726187944e+01
90	16.078132	-2.8172216092539158e+07	1.6491430258378386e+02
91	15.809264	-2.8172040993943214e+07	1.7509859594330192e+02
92	16.154154	-2.8171897267696921e+07	1.4372624629363418e+02
93	15.869367	-2.8171803521580022e+07	9.3746116898953915e+01
94	16.072893	-2.8171718913132560e+07	8.4608447462320328e+01
95	15.890035	-2.8171641653184969e+07	7.7259947590529919e+01
96	16.155498	-2.8171568715874434e+07	7.2937310535460711e+01
97	16.001905	-2.8171570805930723e+07	-2.0900562889873981e+00
98	15.962103	-2.8171496314485256e+07	7.4491445466876030e+01
99	15.954384	-2.8171426594296120e+07	6.9720189135521650e+01
100	16.130046	-2.8171358630416378e+07	6.7963879741728306e+01
101	16.086493	-2.8171334447297476e+07	2.4183118902146816e+01
102	15.986252	-2.8171262893749774e+07	7.1553547702729702e+01
103	16.010580	-2.8171194897122245e+07	6.7996627528220415e+01
104	16.097640	-2.8171131576510608e+07	6.3320611637085676e+01
105	15.948165	-2.8171226255342036e+07	-9.4678831428289413e+01
106	15.998502	-2.8171151595701344e+07	7.4659640692174435e+01
107	15.999087	-2.8171086048802588e+07	6.5546898756176233e+01
108	16.029841	-2.8171021704049613e+07	6.4344752974808216e+01
109	15.963231	-2.8170960851338778e+07	6.0852710835635662e+01
110	15.974961	-2.8170974220176723e+07	-1.3368837945163250e+01
111	16.017974	-2.8170907721499320e+07	6.6498677402734756e+01
112	16.108380	-2.8170852166217208e+07	5.5555282112210989e+01
113	15.772534	-2.8170805570645966e+07	4.6595571242272854e+01
114	16.052404	-2.8170767419987004e+07	3.8150658961385489e+01
115	16.003761	-2.8170734664372455e+07	3.2755614548921585e+01
116	16.124804	-2.8170815745876968e+07	-8.1081504512578249e+01
117	15.839744	-2.8170772930921949e+07	4.2814955018460751e+01
118	16.147075	-2.8170732718531344e+07	4.0212390605360270e+01
119	15.989412	-2.8170934735396113e+07	-2.0201686476916075e+02
120	15.955721	-2.8170884587680027e+07	5.0147716086357832e+01
121	15.761996	-2.8170843967528824e+07	4.0620151203125715e+01
122	16.115602	-2.8170811531995866e+07	3.2435532957315445e+01
123	16.034964	-2.8170786785610326e+07	2.4746385540813208e+01
124	16.035915	-2.8170762574689776e+07	2.4210920549929142e+01
125	15.772426	-2.8170818352818552e+07	-5.5778128776699305e+01
126	16.114827	-2.8170785055669717e+07	3.3297148834913969e+01
127	15.850243	-2.8170755597932622e+07	2.9457737095654011e+01
128	16.074520	-2.8170728967060529e+07	2.6630872093141079e+01
129	15.897694	-2.8170704429763559e+07	2.4537296969443560e+01
130	16.115787	-2.8170678451848596e+07	2.5977914962917566e+01
131	15.913880	-2.8170810379280444e+07	-1.3192743184790015e+02
132	15.916367	-2.8170770250584096e+07	4.0128696348518133e+01
133	15.924820	-2.8170734901654378e+07	3.5348929718136787e+01
134	16.137644	-2.8170712190281395e+07	2.2711372982710600e+01
135	15.822675	-2.8170695626736749e+07	1.6563544645905495e+01
136	15.927185	-2.8170679816222042e+07	1.5810514707118273e+01
137	15.971111	-2.8170797379445486e+07	-1.1756322344392538e+02
138	16.052664	-2.8170761478919033e+07	3.5900526452809572e+01
139	15.883057	-2.8170738098088332e+07	2.3380830701440573e+01
140	15.910747	-2.8170714801096283e+07	2.3296992048621178e+01
141	15.963433	-2.8170697792425867e+07	1.7008670415729284e+01
142	15.994847	-2.8170680253298283e+07	1.7539127584546804e+01
143	15.899585	-2.8170727090389851e+07	-4.6837091568857431e+01
144	15.938949	-2.8170703362464003e+07	2.3727925848215818e+01
145	15.951853	-2.8170681721533224e+07	2.1640930779278278e+01
146	16.047743	-2.8170663487893544e+07	1.8233639679849148e+01
147	15.804810	-2.8170648045815043e+07	1.5442078500986099e+01
148	16.031067	-2.8170631594704356e+07	1.6451110687106848e+01
149	16.023739	-2.8170773810718473e+07	-1.4221601411700249e+02
150	16.197993	-2.8170745038872875e+07	2.8771845597773790e+01
151	15.786961	-2.8170720993294682e+07	2.4045578192919493e+01
152	16.067155	-2.8170700298062336e+07	2.0695232346653938e+01
153	15.958931	-2.8170683956941400e+07	1.6341120935976505e+01
154	15.940336	-2.8170668276054721e+07	1.5680886678397655e+01
155	15.793479	-2.8170784226788931e+07	-1.1595073420926929e+02
156	16.107593	-2.8170749167267703e+07	3.5059521228075027e+01
157	15.995489	-2.8170724102315843e+07	2.5064951859414577e+01
158	16.027652	-2.8170702504189476e+07	2.1598126366734505e+01
159	15.771199	-2.8170686767609265e+07	1.5736580211669207e+01
160	16.072629	-2.8170670085343268e+07	1.6682265996932983e+01
161	15.888041	-2.8170655820799373e+07	1.4264543894678354e+01
162	16.100998	-2.8170767676350407e+07	-1.1185555103421211e+02
163	15.893745	-2.8170862811280828e+07	-9.5134930420666933e+01
164	16.092600	-2.8170819104236621e+07	4.3707044206559658e+01
165	15.954002	-2.8170786222967252e+07	3.2881269369274378e+01
166	15.926677	-2.8170752988690425e+07	3.3234276827424765e+01
167	15.938978	-2.8170722845826648e+07	3.0142863776534796e+01
168	16.148852	-2.8170694784568340e+07	2.8061258308589458e+01
169	15.769321	-2.8170667387942921e+07	2.7396625418215990e+01
170	15.963350	-2.8170654906328917e+07	1.2481614004820585e+01
171	15.997845	-2.8170641421756301e+07	1.3484572615474463e+01
172	16.116955	-2.8170787782896649e+07	-1.4636114034801722e+02
173	15.874185	-2.8170760518042676e+07	2.7264853972941637e+01
174	15.905200	-2.8170736331310429e+07	2.4186732247471809e+01
175	15.918145	-2.8170713250774845e+07	2.3080535583198071e+01
176	15.973582	-2.8170694247597985e+07	1.9003176860511303e+01
177	15.906216	-2.8170676971130762e+07	1.7276467222720385e+01
178	15.929107	-2.8170661971169528e+07	1.4999961234629154e+01
179	15.978976	-2.8170714580250960e+07	-5.2609081432223320e+01
180	16.052730	-2.8170692857589938e+07	2.1722661022096872e+01
181	15.826217	-2.8170673505486563e+07	1.9352103374898434e+01
182	16.053107	-2.8170654595747855e+07	1.8909738708287477e+01
183	16.003639	-2.8170636231334843e+07	1.8364413011819124e+01
184	16.138367	-2.8170664000335500e+07	-2.7769000656902790e+01
185	15.820533	-2.8170641125148483e+07	2.2875187017023563e+01
186	16.153827	-2.8170621099381529e+07	2.0025766953825951e+01
187	15.959661	-2.8170608076420140e+07	1.3022961389273405e+01
188	15.943774	-2.8170707883451488e+07	-9.9807031348347664e+01
189	15.785281	-2.8170749557292096e+07	-4.1673840608447790e+01
190	16.058545	-2.8170723361331154e+07	2.6195960942655802e+01
191	16.009379	-2.8170700498145919e+07	2.2863185234367847e+01
192	16.036223	-2.8170679985184789e+07	2.0512961130589247e+01
193	15.783872	-2.8170662669919189e+07	1.7315265599638224e+01
194	16.076414	-2.8170645411136698e+07	1.7258782491087914e+01
195	15.884382	-2.8170629323198501e+07	1.6087938196957111e+01
196	16.107134	-2.8170716018131915e+07	-8.6694933414459229e+01
197	15.847843	-2.8170726161441300e+07	-1.0143309384584427e+01
198	16.113162	-2.8170692715181347e+07	3.3446259953081608e+01
199	15.961515	-2.8170675676940929e+07	1.7038240417838097e+01
200	15.944685	-2.8170654697573740e+07	2.0979367189109325e+01
201	15.938026	-2.8170635496150918e+07	1.9201422821730375e+01
202	16.085334	-2.8170617213702381e+07	1.8282448537647724e+01
203	15.820483	-2.8170658606676064e+07	-4.1392973683774471e+01
204	15.974403	-2.8170649081475012e+07	9.5252010524272919e+00
205	16.007932	-2.8170629356357381e+07	1.9725117631256580e+01
206	16.134428	-2.8170612122251887e+07	1.7234105493873358e+01
207	15.888865	-2.8170602052087650e+07	1.0070164237171412e+01
208	15.911183	-2.8170753126344070e+07	-1.5107425642013550e+02
209	15.913238	-2.8170725760341130e+07	2.7366002939641476e+01
210	15.976505	-2.8170705759272061e+07	2.0001069068908691e+01
211	15.886324	-2.8170687394835982e+07	1.8364436078816652e+01
212	16.216184	-2.8170671815394279e+07	1.5579441703855991e+01
213	15.957482	-2.8170728907105140e+07	-5.7091710861772299e+01
214	16.089929	-2.8170704233943351e+07	2.4673161789774895e+01
215	15.833899	-2.8170684425604522e+07	1.9808338828384876e+01
216	16.032854	-2.8170667413521528e+07	1.7012082993984222e+01
217	16.006191	-2.8170653004681591e+07	1.4408839937299490e+01
218	16.176831	-2.8170638996570285e+07	1.4008111305534840e+01
219	15.870343	-2.8170737074532799e+07	-9.8077962514013052e+01
220	16.122123	-2.8170705564745262e+07	3.1509787537157536e+01
221	16.024670	-2.8170678209610768e+07	2.7355134494602680e+01
222	15.941669	-2.8170886010244902e+07	-2.0780063413456082e+02
223	15.765031	-2.8170844877687581e+07	4.1132557321339846e+01
224	16.102071	-2.8170812172139216e+07	3.2705548364669085e+01
225	15.940989	-2.8170780038452864e+07	3.2133686352521181e+01
226	16.073351	-2.8170756573527832e+07	2.3464925032109022e+01
227	15.795035	-2.8170734608492106e+07	2.1965035725384951e+01
228	16.074321	-2.8170790809827909e+07	-5.6201335802674294e+01
229	15.905092	-2.8170757931297969e+07	3.2878529939800501e+01
230	16.072787	-2.8170729862992208e+07	2.8068305760622025e+01
231	15.865959	-2.8170704445070621e+07	2.5417921587824821e+01
232	16.113449	-2.8170680853847668e+07	2.3591222953051329e+01
233	15.959641	-2.8170655731104709e+07	2.5122742958366871e+01
234	15.926375	-2.8170789737252809e+07	-1.3400614809989929e+02
235	15.954145	-2.8170749857313003e+07	3.9879939805716276e+01
236	16.176619	-2.8170715455507208e+07	3.4401805795729160e+01
237	15.843003	-2.8170693899955187e+07	2.1555552020668983e+01
238	15.942988	-2.8170678210353311e+07	1.5689601875841618e+01
239	16.005659	-2.8170662482039046e+07	1.5728314265608788e+01
240	16.081437	-2.8170649488922775e+07	1.2993116270750761e+01
241	15.868067	-2.8170823475858137e+07	-1.7398693536221981e+02
242	15.968907	-2.8170782406544343e+07	4.1069313794374466e+01
243	16.012298	-2.8170756599648181e+07	2.5806896161288023e+01
244	16.039600	-2.8170729823003192e+07	2.6776644989848137e+01
245	15.953547	-2.8170705175848272e+07	2.4647154919803143e+01
246	15.992309	-2.8170906372884255e+07	-2.0119703598320484e+02
247	16.016640	-2.8170862797672298e+07	4.3575211957097054e+01
248	16.140275	-2.8170826709534157e+07	3.6088138140738010e+01
249	15.852236	-2.8170794028553184e+07	3.2680980972945690e+01
250	16.018411	-2.8170768833505549e+07	2.5195047635585070e+01
251	15.959439	-2.8170745279689148e+07	2.3553816400468349e+01
252	16.187191	-2.8170794013676137e+07	-4.8733986988663673e+01
253	15.830787	-2.8170760193419933e+07	3.3820256203413010e+01
254	16.139626	-2.8170730015532147e+07	3.0177887786179781e+01
255	15.983366	-2.8170703345001746e+07	2.6670530401170254e+01
256	15.945990	-2.8170679019132778e+07	2.4325868967920542e+01
257	15.772745	-2.8170653397198256e+07	2.5621934521943331e+01
258	16.065705	-2.8170839871402524e+07	-1.8647420426830649e+02
259	15.888950	-2.8170803565940738e+07	3.6305461786687374e+01
260	16.037511	-2.8170774324933909e+07	2.9241006828844547e+01
261	15.827292	-2.8170748082014684e+07	2.6242919225245714e+01
262	16.092395	-2.8170724381347153e+07	2.3700667530298233e+01
263	15.885937	-2.8170700418085255e+07	2.3963261898607016e+01
264	16.116276	-2.8170741173118465e+07	-4.0755033209919930e+01
265	15.912096	-2.8170710004622955e+07	3.1168495509773493e+01
266	16.126655	-2.8170681471350241e+07	2.8533272713422775e+01
267	15.970848	-2.8170664709142599e+07	1.6762207642197609e+01
268	15.940096	-2.8170647468249444e+07	1.7240893155336380e+01
269	15.933916	-2.8170730569760296e+07	-8.3101510852575302e+01
270	16.088034	-2.8170706407494318e+07	2.4162265978753567e+01
271	15.790139	-2.8170685800203715e+07	2.0607290603220463e+01
272	15.920989	-2.8170668264838092e+07	1.7535365622490644e+01
273	16.002388	-2.8170653303355049e+07	1.4961483042687178e+01
274	16.118828	-2.8170638033369962e+07	1.5269985087215900e+01
275	15.879841	-2.8170711545986488e+07	-7.3512616526335478e+01
276	15.935281	-2.8170690457464200e+07	2.1088522288948298e+01
277	15.993287	-2.8170704695697837e+07	-1.4238233637064695e+01
278	15.978549	-2.8170683601910286e+07	2.1093787550926208e+01
279	15.903659	-2.8170664754167270e+07	1.8847743015736341e+01
280	15.971870	-2.8170645962265801e+07	1.8791901469230652e+01
281	16.000464	-2.8170628081942383e+07	1.7880323417484760e+01
282	16.055090	-2.8170654295501165e+07	-2.6213558781892061e+01
283	15.794153	-2.8170631313906271e+07	2.2981594894081354e+01
284	16.054071	-2.8170616657502729e+07	1.4656403541564941e+01
285	15.981071	-2.8170608004787829e+07	8.6527149006724358e+00
286	16.203662	-2.8170752941445343e+07	-1.4493665751442313e+02
287	15.806050	-2.8170725535098787e+07	2.7406346555799246e+01
288	16.117857	-2.8170705617631741e+07	1.9917467046529055e+01
289	15.971645	-2.8170687243262216e+07	1.8374369524419308e+01
290	15.959577	-2.8170672119148798e+07	1.5124113418161869e+01
291	15.779369	-2.8170730805002779e+07	-5.8685853980481625e+01
292	16.026866	-2.8170705880716864e+07	2.4924285914748907e+01
293	15.939129	-2.8170686116684347e+07	1.9764032516628504e+01
294	16.072696	-2.8170668986514408e+07	1.7130169939249754e+01
295	15.812611	-2.8170654605128627e+07	1.4381385780870914e+01
296	16.057927	-2.8170640709528241e+07	1.3895600385963917e+01
297	15.900412	-2.8170646025901455e+07	-5.3163732141256332e+00
298	15.901397	-2.8170711645947203e+07	-6.5620045747607946e+01
299	15.859695	-2.8170817004302111e+07	-1.0535835490748286e+02
300	16.127406	-2.8170782462100584e+07	3.4542201526463032e+01
301	15.940347	-2.8170750698648784e+07	3.1763451799750328e+01
302	15.945034	-2.8170722388954319e+07	2.8309694465249777e+01
303	15.943578	-2.8170697874272756e+07	2.4514681562781334e+01
304	16.128519	-2.8170672334898442e+07	2.5539374314248562e+01
305	15.845143	-2.8170777855843063e+07	-1.0552094462141395e+02
306	15.904995	-2.8170745363812570e+07	3.2492030493915081e+01
307	16.012353	-2.8170721683361214e+07	2.3680451355874538e+01
308	16.107217	-2.8170700297747500e+07	2.1385613713413477e+01
309	15.911040	-2.8170684778995290e+07	1.5518752209842205e+01
310	15.919652	-2.8170668309418026e+07	1.6469577264040709e+01
311	15.952517	-2.8170710600985289e+07	-4.2291567262262106e+01
312	15.999161	-2.8170690564974036e+07	2.0036011252552271e+01
313	15.884949	-2.8170673436347533e+07	1.7128626503050327e+01
314	15.948980	-2.8170656518670611e+07	1.6917676921933889e+01
315	15.979685	-2.8170640221517034e+07	1.6297153577208519e+01
316	16.178484	-2.8170841059893116e+07	-2.0083837608247995e+02
317	15.756599	-2.8170801759973470e+07	3.9299919646233320e+01
318	16.061940	-2.8170769945635080e+07	3.1814338389784098e+01
319	15.942522	-2.8170742606944263e+07	2.7338690817356110e+01
320	16.170880	-2.8170719924249254e+07	2.2682695008814335e+01
321	15.830273	-2.8170698149486136e+07	2.1774763118475676e+01
322	16.119922	-2.8170818794756558e+07	-1.2064527042210102e+02
323	15.954150	-2.8170786558129296e+07	3.2236627262085676e+01
324	16.002209	-2.8170757244098756e+07	2.9314030539244413e+01
325	15.798094	-2.8170729746995609e+07	2.7497103147208691e+01
326	16.099365	-2.8170707447773997e+07	2.2299221612513065e+01
327	15.894760	-2.8170682736727644e+07	2.4711046352982521e+01
328	16.062951	-2.8170719280715577e+07	-3.6543987933546305e+01
329	15.804807	-2.8170688563996512e+07	3.0716719064861536e+01
330	16.090699	-2.8170667752420973e+07	2.0811575539410114e+01
331	15.886000	-2.8170649692442343e+07	1.8059978630393744e+01
332	15.946189	-2.8170634242864922e+07	1.5449577420949936e+01
333	15.839283	-2.8170617673653118e+07	1.6569211803376675e+01
334	16.107360	-2.8170706693808071e+07	-8.9020154953002930e+01
335	15.974948	-2.8170824375730600e+07	-1.1768192252889276e+02
336	15.953344	-2.8170788932037737e+07	3.5443692862987518e+01
337	15.955739	-2.8170759584298644e+07	2.9347739093005657e+01
338	16.139839	-2.8170731604124200e+07	2.7980174444615841e+01
339	15.844863	-2.8170706450847536e+07	2.5153276663273573e+01
340	15.928067	-2.8170833406400125e+07	-1.2695555258914828e+02
341	15.939365	-2.8170799710103735e+07	3.3696296390146017e+01
342	16.094547	-2.8170770185765680e+07	2.9524338055402040e+01
343	15.903301	-2.8170743079712391e+07	2.7106053289026022e+01
344	15.914797	-2.8170720250438090e+07	2.2829274300485849e+01
345	15.985664	-2.8170694770550452e+07	2.5479887638241053e+01
346	15.976375	-2.8170905432821661e+07	-2.1066227120906115e+02
347	15.887297	-2.8170864250090078e+07	4.1182731583714485e+01
348	15.963475	-2.8170828928288534e+07	3.5321801543235779e+01
349	15.986849	-2.8170794747395303e+07	3.4180893231183290e+01
350	16.151104	-2.8170768744506374e+07	2.6002888929098845e+01
351	15.800852	-2.8170745357883759e+07	2.3386622615158558e+01
352	16.069316	-2.8170722401043836e+07	2.2956839922815561e+01
353	15.971475	-2.8170699730624784e+07	2.2670419052243233e+01
354	16.214629	-2.8170908622930333e+07	-2.0889230554923415e+02
355	15.806774	-2.8170868637620151e+07	3.9985310181975365e+01
356	16.128455	-2.8170831667994417e+07	3.6969625733792782e+01
357	15.973067	-2.8170796629165541e+07	3.5038828875869513e+01
358	15.999301	-2.8170770131951761e+07	2.6497213780879974e+01
359	15.804877	-2.8170746493574157e+07	2.3638377603143454e+01
360	16.096876	-2.8170723022030815e+07	2.3471543341875076e+01
361	15.892080	-2.8170774059096180e+07	-5.1037065364420414e+01
362	16.054569	-2.8170744186854146e+07	2.9872242033481598e+01
363	15.804543	-2.8170714734620523e+07	2.9452233623713255e+01
364	16.116267	-2.8170687406377029e+07	2.7328243494033813e+01
365	15.961861	-2.8170662326598998e+07	2.5079778030514717e+01
366	15.955254	-2.8170635348701697e+07	2.6977897301316261e+01
367	15.865519	-2.8170777224595528e+07	-1.4187589383125305e+02
368	16.153192	-2.8170738663504995e+07	3.8561090532690287e+01
369	15.990411	-2.8170714420182548e+07	2.4243322446942329e+01
370	15.957403	-2.8170694189275350e+07	2.0230907198041677e+01
371	15.955425	-2.8170678422337085e+07	1.5766938265413046e+01
372	16.095513	-2.8170663505801402e+07	1.4916535682976246e+01
373	15.836911	-2.8170656320126884e+07	7.1856745183467865e+00
374	15.896434	-2.8170814640708156e+07	-1.5832058127224445e+02
375	15.956004	-2.8170780791412629e+07	3.3849295526742935e+01
376	16.145488	-2.8170753624071307e+07	2.7167341321706772e+01
377	15.956649	-2.8170727535750002e+07	2.6088321305811405e+01
378	15.892339	-2.8170703546476293e+07	2.3989273708313704e+01
379	15.962866	-2.8170725734054577e+07	-2.2187578283250332e+01
380	16.023474	-2.8170699350061841e+07	2.6383992735296488e+01
381	15.914784	-2.8170673415047769e+07	2.5935014072805643e+01
382	16.007976	-2.8170659946725756e+07	1.3468322012573481e+01
383	16.054350	-2.8170644244675890e+07	1.5702049866318703e+01
384	16.168721	-2.8170773707350466e+07	-1.2946267457678914e+02
385	15.832410	-2.8170747250731852e+07	2.6456618614494801e+01
386	16.065214	-2.8170724875784490e+07	2.2374947361648083e+01
387	15.958666	-2.8170704475262761e+07	2.0400521729141474e+01
388	15.940603	-2.8170688271380052e+07	1.6203882709145546e+01
389	15.804033	-2.8170672337451085e+07	1.5933928966522217e+01
390	16.129938	-2.8170713980830561e+07	-4.1643379475921392e+01
391	15.954222	-2.8170694107869260e+07	1.9872961301356554e+01
392	15.981890	-2.8170676259475414e+07	1.7848393846303225e+01
393	15.793812	-2.8170658818595100e+07	1.7440880313515663e+01
394	16.087845	-2.8170642202175882e+07	1.6616419218480587e+01
395	15.903180	-2.8170726509563934e+07	-8.4307388052344322e+01
396	16.051198	-2.8170703914785847e+07	2.2594778086990118e+01
397	15.793615	-2.8170683948219147e+07	1.9966566700488329e+01
398	16.091729	-2.8170667053832393e+07	1.6894386753439903e+01
399	15.930189	-2.8170652672381375e+07	1.4381451018154621e+01
400	15.896466	-2.8170638124305315e+07	1.4548076059669256e+01
401	15.914921	-2.8170715825266294e+07	-7.7700960978865623e+01
402	16.135496	-2.8170693238533042e+07	2.2586733251810074e+01
403	15.993486	-2.8170705009467237e+07	-1.1770934194326401e+01
404	15.942059	-2.8170682121643692e+07	2.2887823544442654e+01
405	15.989210	-2.8170663374558270e+07	1.8747085422277451e+01
406	16.087991	-2.8170644757332981e+07	1.8617225289344788e+01
407	15.802143	-2.8170627171990551e+07	1.7585342429578304e+01
408	15.913312	-2.8170653339260105e+07	-2.6167269553989172e+01
409	15.974930	-2.8170631100157499e+07	2.2239102605730295e+01
410	16.129580	-2.8170616607018258e+07	1.4493139240890741e+01
411	15.900930	-2.8170607992262319e+07	8.6147559396922588e+00
412	15.904110	-2.8170707283110768e+07	-9.9290848448872566e+01
413	15.982247	-2.8170749198577691e+07	-4.1915466923266649e+01
414	15.987749	-2.8170723311694305e+07	2.5886883385479450e+01
415	15.949485	-2.8170700433712244e+07	2.2877982061356306e+01
416	15.946017	-2.8170679931003034e+07	2.0502709209918976e+01
417	15.982267	-2.8170662624332536e+07	1.7306670498102903e+01
418	16.067299	-2.8170645883301411e+07	1.6741031125187874e+01
419	15.798629	-2.8170628786535900e+07	1.7096765510737896e+01
420	16.044127	-2.8170717242995109e+07	-8.8456459209322929e+01
421	15.958021	-2.8170733146865699e+07	-1.5903870590031147e+01
422	15.996566	-2.8170693576700825e+07	3.9570164874196053e+01
423	15.781904	-2.8170673702430490e+07	1.9874270334839821e+01
424	16.167674	-2.8170652748909932e+07	2.0953520558774471e+01
425	15.963446	-2.8170633597997714e+07	1.9150912217795849e+01
426	16.016684	-2.8170615646189153e+07	1.7951808560639620e+01
427	15.756111	-2.8170656138049450e+07	-4.0491860296577215e+01
428	16.049350	-2.8170633598937906e+07	2.2539111543446779e+01
429	15.896962	-2.8170621833539825e+07	1.1765398081392050e+01
430	16.070132	-2.8170610971055720e+07	1.0862484104931355e+01
431	15.846262	-2.8170601788689576e+07	9.1823661439120770e+00
432	16.094542	-2.8170708086943507e+07	-1.0629825393110514e+02
433	15.924641	-2.8170739245285783e+07	-3.1158342275768518e+01
434	15.916336	-2.8170715764167875e+07	2.3481117907911539e+01
435	15.918763	-2.8170696400838416e+07	1.9363329458981752e+01
436	16.128496	-2.8170679100372352e+07	1.7300466064363718e+01
437	15.969163	-2.8170664686234739e+07	1.4414137613028288e+01
438	15.941187	-2.8170728264765184e+07	-6.3578530445694923e+01
439	15.954262	-2.8170703826839536e+07	2.4437925647944212e+01
440	16.113702	-2.8170684067459453e+07	1.9759380083531141e+01
441	15.823718	-2.8170667057256676e+07	1.7010202776640654e+01
442	15.932109	-2.8170652631532218e+07	1.4425724457949400e+01
443	15.996684	-2.8170638353027359e+07	1.4278504859656096e+01
444	16.147338	-2.8170745267644197e+07	-1.0691461683809757e+02
445	15.944569	-2.8170706784449711e+07	3.8483194485306740e+01
446	15.892962	-2.8170784933951374e+07	-7.8149501662701368e+01
447	15.962488	-2.8170755353285465e+07	2.9580665908753872e+01
448	16.042740	-2.8170731507104646e+07	2.3846180818974972e+01
449	15.916251	-2.8170707011724759e+07	2.4495379887521267e+01
450	15.989367	-2.8170684271258805e+07	2.2740465953946114e+01
451	16.001050	-2.8170705793724168e+07	-2.1522465363144875e+01
452	16.125194	-2.8170677212722130e+07	2.8581002037972212e+01
453	15.837378	-2.8170656983086608e+07	2.0229635521769524e+01
454	16.075406	-2.8170641962831255e+07	1.5020255353301764e+01
455	15.993380	-2.8170734179055266e+07	-9.2216224011033773e+01
456	15.918999	-2.8170897119009674e+07	-1.6293995440751314e+02
457	15.803728	-2.8170859355011877e+07	3.7763997796922922e+01
458	16.093215	-2.8170825679444835e+07	3.3675567042082548e+01
459	15.969893	-2.8170793643889181e+07	3.2035555653274059e+01
460	15.970656	-2.8170767232203148e+07	2.6411686033010483e+01
461	15.809043	-2.8170744378310613e+07	2.2853892534971237e+01
462	16.059821	-2.8170721460575458e+07	2.2917735155671835e+01
463	15.884099	-2.8170699045621254e+07	2.2414954204112291e+01
464	16.044479	-2.8170815242460009e+07	-1.1619683875516057e+02
465	15.833009	-2.8170781922193132e+07	3.3320266876369715e+01
466	16.065494	-2.8170751553090189e+07	3.0369102943688631e+01
467	15.876489	-2.8170722320949379e+07	2.9232140809297562e+01
468	15.920827	-2.8170697026315413e+07	2.5294633965939283e+01
469	15.879085	-2.8170671735507794e+07	2.5290807619690895e+01
470	16.075252	-2.8170756538182046e+07	-8.4802674252539873e+01
471	16.004195	-2.8170727605736725e+07	2.8932445321232080e+01
472	15.941797	-2.8170706160290934e+07	2.1445445790886879e+01
473	15.915409	-2.8170686556781188e+07	1.9603509746491909e+01
474	16.088335	-2.8170671762579083e+07	1.4794202104210854e+01
475	15.785788	-2.8170657053817444e+07	1.4708761639893055e+01
476	15.878626	-2.8170752648709495e+07	-9.5594892051070929e+01
477	15.921711	-2.8170727417738240e+07	2.5230971254408360e+01
478	16.148611	-2.8170705948475935e+07	2.1469262305647135e+01
479	15.899591	-2.8170686369335309e+07	1.9579140625894070e+01
480	15.838914	-2.8170671600632284e+07	1.4768703024834394e+01
481	15.973621	-2.8170656918411534e+07	1.4682220749557018e+01
482	16.024889	-2.8170753103956569e+07	-9.6185545034706593e+01
483	15.939395	-2.8170727323953435e+07	2.5780003134161234e+01
484	15.966607	-2.8170705872243345e+07	2.1451710090041161e+01
485	15.952585	-2.8170686307109237e+07	1.9565134108066559e+01
486	16.141991	-2.8170671548917666e+07	1.4758191570639610e+01
487	15.783845	-2.8170656875466332e+07	1.4673451334238052e+01
488	16.148712	-2.8170699478981704e+07	-4.2603515371680260e+01
489	16.717001	-2.8170680086060118e+07	1.9392921585589647e+01
490	16.712533	-2.8170663759071670e+07	1.6326988447457552e+01
491	16.446566	-2.8170647820640009e+07	1.5938431661576033e+01
492	16.281493	-2.8170632724821709e+07	1.5095818299800158e+01
493	16.114430	-2.8170865346149269e+07	-2.3262132756039500e+02
494	16.098742	-2.8170825486897260e+07	3.9859252009540796e+01
495	15.963537	-2.8170794561173804e+07	3.0925723455846310e+01
496	15.951795	-2.8170765717870314e+07	2.8843303490430117e+01
497	15.931225	-2.8170742646039933e+07	2.3071830380707979e+01
498	16.098499	-2.8170721053943872e+07	2.1592096060514450e+01
499	15.861998	-2.8170833354581092e+07	-1.1230063721910119e+02
500	15.900799	-2.8170798780478317e+07	3.4574102774262428e+01
501	15.958526	-2.8170769627933975e+07	2.9152544341981411e+01
502	16.167722	-2.8170742503671117e+07	2.7124262858182192e+01
503	15.916399	-2.8170719655692115e+07	2.2847979001700878e+01
504	15.899980	-2.8170696600488886e+07	2.3055203229188919e+01
505	15.975533	-2.8170673831397057e+07	2.2769091829657555e+01
506	15.986820	-2.8170774547403861e+07	-1.0071600680425763e+02
507	15.914889	-2.8170738647781193e+07	3.5899622667580843e+01
508	16.010840	-2.8170705043187100e+07	3.3604594092816114e+01
509	16.001050	-2.8170674234400269e+07	3.0808786831796169e+01
510	16.093792	-2.8170649678399500e+07	2.4556000769138336e+01
511	15.812244	-2.8170627812905546e+07	2.1865493953227997e+01
512	16.037058	-2.8170756139814910e+07	-1.2832690936326981e+02
513	15.949378	-2.8170718249305550e+07	3.7890509359538555e+01
514	15.932638	-2.8170695862407561e+07	2.2386897988617420e+01
515	15.819611	-2.8170774842044849e+07	-7.8979637287557125e+01
516	16.164846	-2.8170748066189460e+07	2.6775855388492346e+01
517	15.928948	-2.8170727776391640e+07	2.0289797820150852e+01
518	15.996394	-2.8170841601897445e+07	-1.1382550580427051e+02
519	15.754985	-2.8170801997579321e+07	3.9604318123310804e+01
520	16.078840	-2.8170771935694810e+07	3.0061884511262178e+01
521	15.858357	-2.8170744390664678e+07	2.7545030131936073e+01
522	16.051802	-2.8170721350670997e+07	2.3039993681013584e+01
523	15.782823	-2.8170698367913116e+07	2.2982757881283760e+01
524	16.104935	-2.8170769701903298e+07	-7.1333990182727575e+01
525	15.874935	-2.8170740488044027e+07	2.9213859271258116e+01
526	15.947544	-2.8170714452605903e+07	2.6035438124090433e+01
527	15.893947	-2.8170690403965805e+07	2.4048640098422766e+01
528	16.145364	-2.8170667548054643e+07	2.2855911161750555e+01
529	15.956941	-2.8170644349404383e+07	2.3198650259524584e+01
530	15.937082	-2.8170727182717003e+07	-8.2833312619477510e+01
531	15.938824	-2.8170918930227816e+07	-1.9174751081317663e+02
532	16.065441	-2.8170875957497448e+07	4.2972730368375778e+01
533	15.834084	-2.8170839333044849e+07	3.6624452598392963e+01
534	15.910695	-2.8170803426771555e+07	3.5906273294240236e+01
535	15.959193	-2.8170771207030807e+07	3.2219740748405457e+01
536	16.119335	-2.8170738702108391e+07	3.2504922416061163e+01
537	15.900711	-2.8170866813594885e+07	-1.2811148649454117e+02
538	15.899427	-2.8170830033100247e+07	3.6780494637787342e+01
539	15.947522	-2.8170796080012944e+07	3.3953087303787470e+01
540	16.003193	-2.8170763735567570e+07	3.2344445373862982e+01
541	15.927863	-2.8170734670541473e+07	2.9065026096999645e+01
542	15.963433	-2.8170704420836933e+07	3.0249704539775848e+01
543	15.984184	-2.8170973695098810e+07	-2.6927426187694073e+02
544	16.181514	-2.8170924856856551e+07	4.8838242258876562e+01
545	16.682971	-2.8170883067545827e+07	4.1789310723543167e+01
546	16.908190	-2.8170844010820277e+07	3.9056725550442934e+01
547	16.484177	-2.8170812658929635e+07	3.1351890642195940e+01
548	16.357910	-2.8170783944919433e+07	2.8714010201394558e+01
549	16.157842	-2.8170755171014838e+07	2.8773904595524073e+01
550	16.198110	-2.8170853598162111e+07	-9.8427147272974253e+01
551	15.997095	-2.8170815035307106e+07	3.8562855005264282e+01
552	16.166624	-2.8170780155197944e+07	3.4880109161138535e+01
553	16.015184	-2.8170746320188791e+07	3.3835009153932333e+01
554	15.931137	-2.8170716457066081e+07	2.9863122709095478e+01
555	15.987458	-2.8170685366593007e+07	3.1090473074465990e+01
556	16.119134	-2.8170817207174387e+07	-1.3184058137983084e+02
557	15.996917	-2.8170781843035530e+07	3.5364138856530190e+01
558	16.004235	-2.8170749677003216e+07	3.2166032314300537e+01
559	15.963639	-2.8170721847804606e+07	2.7829198610037565e+01
560	16.088242	-2.8170699186599243e+07	2.2661205362528563e+01
561	15.852730	-2.8170677132483177e+07	2.2054116066545248e+01
562	15.923240	-2.8170814746688254e+07	-1.3761420507729053e+02
563	15.967877	-2.8170781692321058e+07	3.3054367195814848e+01
564	16.333799	-2.8170756116206646e+07	2.5576114412397146e+01
565	16.585927	-2.8170734345489886e+07	2.1770716760307550e+01
566	16.399635	-2.8170714434385847e+07	1.9911104038357735e+01
567	16.053511	-2.8170692961522836e+07	2.1472863011062145e+01
568	16.118825	-2.8170735012527674e+07	-4.2051004838198423e+01
569	15.996550	-2.8170705303291228e+07	2.9709236446768045e+01
570	16.262774	-2.8170678883051150e+07	2.6420240078121424e+01
571	15.769501	-2.8170661909102246e+07	1.6973948903381824e+01
572	16.108135	-2.8170644698287960e+07	1.7210814286023378e+01
573	16.044592	-2.8170629382021930e+07	1.5316266030073166e+01
574	16.088707	-2.8170810261571184e+07	-1.8087954925373197e+02
575	15.783014	-2.8170761964213975e+07	4.8297357209026814e+01
576	16.093146	-2.8170732037770782e+07	2.9926443193107843e+01
577	15.871072	-2.8170708796833985e+07	2.3240936797112226e+01
578	16.045128	-2.8170691084684934e+07	1.7712149050086737e+01
579	15.865477	-2.8170674286822967e+07	1.6797861967235804e+01
580	16.151335	-2.8170714347067751e+07	-4.0060244783759117e+01
581	15.995006	-2.8170694500402093e+07	1.9846665658056736e+01
582	15.939684	-2.8170676117940940e+07	1.8382461152970791e+01
583	15.919273	-2.8170658209228683e+07	1.7908712256699800e+01
584	16.096650	-2.8170641258330457e+07	1.6950898226350546e+01
585	15.807121	-2.8170625368629072e+07	1.5889701385051012e+01
586	15.913295	-2.8170678565964878e+07	-5.3197335805743933e+01
587	15.959186	-2.8170646957511060e+07	3.1608453817665577e+01
588	16.111002	-2.8170623252725303e+07	2.3704785756766796e+01
589	15.838580	-2.8170610525133584e+07	1.2727591719478369e+01
590	15.859222	-2.8170600640137687e+07	9.8849958963692188e+00
591	15.912021	-2.8170759941784646e+07	-1.5930164695903659e+02
592	15.997366	-2.8170730446064755e+07	2.9495719891041517e+01
593	15.892627	-2.8170708342808638e+07	2.2103256117552519e+01
594	15.920009	-2.8170688576435022e+07	1.9766373615711927e+01
595	15.954777	-2.8170671770742223e+07	1.6805692799389362e+01
596	16.063085	-2.8170736964631047e+07	-6.5193888824433088e+01
597	15.808289	-2.8170709369029500e+07	2.7595601547509432e+01
598	16.030999	-2.8170687241102289e+07	2.2127927210181952e+01
599	15.985921	-2.8170668660111744e+07	1.8580990545451641e+01
600	16.136411	-2.8170653024532001e+07	1.5635579742491245e+01
601	15.770555	-2.8170637584866520e+07	1.5439665481448174e+01
602	16.142037	-2.8170710327198319e+07	-7.2742331799119711e+01
603	15.994451	-2.8170689865825109e+07	2.0461373209953308e+01
604	15.971967	-2.8170670382963981e+07	1.9482861127704382e+01
605	15.780390	-2.8170656319760904e+07	1.4063203077763319e+01
606	16.073770	-2.8170734043898396e+07	-7.7724137492477894e+01
607	16.010601	-2.8170709182402741e+07	2.4861495655030012e+01
608	16.083753	-2.8170687639442485e+07	2.1542960256338120e+01
609	15.781270	-2.8170668917199936e+07	1.8722242549061775e+01
610	16.079222	-2.8170653007348198e+07	1.5909851737320423e+01
611	15.829460	-2.8170637354011375e+07	1.5653336822986603e+01
612	16.091550	-2.8170709377000432e+07	-7.2022989057004452e+01
613	15.812078	-2.8170690095025871e+07	1.9281974561512470e+01
614	16.109259	-2.8170701985461235e+07	-1.1890435364097357e+01
615	15.920249	-2.8170680149710584e+07	2.1835750650614500e+01
616	15.882564	-2.8170661973764598e+07	1.8175945986062288e+01
617	15.901828	-2.8170643825147636e+07	1.8148616962134838e+01
618	16.035142	-2.8170626518220019e+07	1.7306927617639303e+01
619	15.763211	-2.8170611169918049e+07	1.5348301969468594e+01
620	15.846079	-2.8170603139494050e+07	8.0304239988327026e+00
621	15.916750	-2.8170756022325523e+07	-1.5288283147290349e+02
622	16.035651	-2.8170728080728810e+07	2.7941596712917089e+01
623	15.807983	-2.8170706542859513e+07	2.1537869296967983e+01
624	15.853857	-2.8170687094880983e+07	1.9447978530079126e+01
625	15.843281	-2.8170670746446349e+07	1.6348434634506702e+01
626	15.915860	-2.8170726644015703e+07	-5.5897569354623556e+01
627	15.890890	-2.8170702865462676e+07	2.3778553027659655e+01
628	15.873290	-2.8170683061783701e+07	1.9803678974509239e+01
629	15.904226	-2.8170666039148409e+07	1.7022635292261839e+01
630	15.979133	-2.8170651601038836e+07	1.4438109572976828e+01
631	15.721628	-2.8170636805675123e+07	1.4795363713055849e+01
632	15.962910	-2.8170710472464863e+07	-7.3666789740324020e+01
633	15.962788	-2.8170689596767426e+07	2.0875697437673807e+01
634	16.047013	-2.8170675294999037e+07	1.4301768388599157e+01
635	15.724708	-2.8170766373277966e+07	-9.1078278928995132e+01
636	16.008107	-2.8170732129348401e+07	3.4243929564952850e+01
637	15.912743	-2.8170762088908222e+07	-2.9959559820592403e+01
638	15.889848	-2.8170734299155902e+07	2.7789752319455147e+01
639	15.721193	-2.8170707645571049e+07	2.6653584852814674e+01
640	16.036990	-2.8170680445093937e+07	2.7200477112084627e+01
641	15.908914	-2.8170660507194519e+07	1.9937899418175220e+01
642	15.956314	-2.8170728922325931e+07	-6.8415131412446499e+01
643	15.674356	-2.8170704000664294e+07	2.4921661637723446e+01
644	16.017608	-2.8170684629043858e+07	1.9371620435267687e+01
645	15.837227	-2.8170666754910186e+07	1.7874133672565222e+01
646	15.984722	-2.8170650464731582e+07	1.6290178604424000e+01
647	15.756911	-2.8170880343542416e+07	-2.2987881083413959e+02
648	16.053368	-2.8170842875481378e+07	3.7468061037361622e+01
649	15.850979	-2.8170809511190392e+07	3.3364290986210108e+01
650	15.870066	-2.8170777487450108e+07	3.2023740284144878e+01
651	15.833130	-2.8170795754347727e+07	-1.8266897618770599e+01
652	16.044079	-2.8170767605797850e+07	2.8148549877107143e+01
653	15.883255	-2.8170744424719959e+07	2.3181077890098095e+01
654	15.869095	-2.8170720978724953e+07	2.3445995006710291e+01
655	15.910120	-2.8170698306295846e+07	2.2672429107129574e+01
656	16.044739	-2.8170855854457017e+07	-1.5754816117137671e+02
657	15.743647	-2.8170819670973703e+07	3.6183483313769102e+01
658	15.854601	-2.8170788040015560e+07	3.1630958143621683e+01
659	15.903589	-2.8170759334362492e+07	2.8705653067678213e+01
660	16.037824	-2.8170736446764570e+07	2.2887597922235727e+01
661	15.850042	-2.8170712260126013e+07	2.4186638556420803e+01
662	15.851004	-2.8170837560977735e+07	-1.2530085172131658e+02
663	15.856112	-2.8170805082569662e+07	3.2478408072143793e+01
664	15.955293	-2.8170773692512438e+07	3.1390057224780321e+01
665	15.829844	-2.8170874368602715e+07	-1.0067609027773142e+02
666	15.890756	-2.8170836100364666e+07	3.8268238049000502e+01
667	15.936840	-2.8170803986561056e+07	3.2113803610205650e+01
668	16.013533	-2.8170773965936970e+07	3.0020624086260796e+01
669	15.731840	-2.8170748899786539e+07	2.5066150430589914e+01
670	15.999417	-2.8170724608709790e+07	2.4291076749563217e+01
671	15.910808	-2.8170701363155123e+07	2.3245554666966200e+01
672	16.086360	-2.8170772462473620e+07	-7.1099318496882915e+01
673	15.740719	-2.8170742206174757e+07	3.0256298862397671e+01
674	16.031618	-2.8170715857046202e+07	2.6349128555506468e+01
675	15.878384	-2.8170690216130875e+07	2.5640915326774120e+01
676	15.898674	-2.8170664606581770e+07	2.5609549105167389e+01
677	15.688124	-2.8170735640903834e+07	-7.1034322064369917e+01
678	16.037944	-2.8170777624875803e+07	-4.1983971968293190e+01
679	15.963453	-2.8170732108545259e+07	4.5516330543905497e+01
680	15.956758	-2.8170711533758305e+07	2.0574786953628063e+01
681	15.690685	-2.8170691726036143e+07	1.9807722162455320e+01
682	16.022138	-2.8170674735957909e+07	1.6990078233182430e+01
683	15.800674	-2.8170812557092246e+07	-1.3782113433629274e+02
684	15.989317	-2.8170778371896662e+07	3.4185195583850145e+01
685	15.750691	-2.8170750802929625e+07	2.7568967036902905e+01
686	16.077794	-2.8170725340513285e+07	2.5462416339665651e+01
687	15.913987	-2.8170702404153164e+07	2.2936360120773315e+01
688	15.882815	-2.8170811688954286e+07	-1.0928480112180114e+02
689	15.839136	-2.8170782228526823e+07	2.9460427463054657e+01
690	16.031105	-2.8170757496802613e+07	2.4731724210083485e+01
691	15.973845	-2.8170735936209053e+07	2.1560593560338020e+01
692	15.841997	-2.8170714559664197e+07	2.1376544855535030e+01
693	15.948423	-2.8170741847256590e+07	-2.7287592392414808e+01
694	16.062380	-2.8170710554398887e+07	3.1292857702821493e+01
695	15.747780	-2.8170680471946508e+07	3.0082452379167080e+01
696	15.874507	-2.8170656374219112e+07	2.4097727395594120e+01
697	15.878930	-2.8170640589821845e+07	1.5784397266805172e+01
698	16.006271	-2.8170878478810761e+07	-2.3788898891583085e+02
699	15.875074	-2.8170839256631352e+07	3.9222179409116507e+01
700	15.841174	-2.8170806567137945e+07	3.2689493406563997e+01
701	15.882336	-2.8170879069121264e+07	-7.2501983318477869e+01
702	15.952765	-2.8170839988916066e+07	3.9080205198377371e+01
703	15.851979	-2.8170807099377099e+07	3.2889538966119289e+01
704	15.945772	-2.8170776408986352e+07	3.0690390747040510e+01
705	15.881149	-2.8170750687218435e+07	2.5721767917275429e+01
706	15.997752	-2.8170725945375092e+07	2.4741843342781067e+01
707	15.669993	-2.8170787238928080e+07	-6.1293552987277508e+01
708	15.982356	-2.8170757697243892e+07	2.9541684187948704e+01
709	15.879026	-2.8170731508222174e+07	2.6189021717756987e+01
710	16.057909	-2.8170825641916744e+07	-9.4133694570511580e+01
711	15.675785	-2.8207701633897342e+07	-3.6875991980597377e+04
712	16.018834	-2.8193955831865557e+07	1.3745802031785250e+04
713	15.728589	-2.8272672824774154e+07	-7.8716992908596992e+04
714	15.712398	-2.8240229862330332e+07	3.2442962443821132e+04
715	15.583528	-2.8232345662847091e+07	7.8841994832418859e+03
716	15.918520	-2.8205097886248369e+07	2.7247776598721743e+04
717	15.913994	-2.8189096578264657e+07	1.6001307983711362e+04
718	15.967778	-2.8179839510590278e+07	9.2570676743797958e+03
719	15.719864	-2.8176325883044764e+07	3.5136275455132127e+03
720	16.009959	-2.8174572806947481e+07	1.7530760972835124e+03
721	15.794895	-2.8173618868818428e+07	9.5393812905251980e+02
722	16.089448	-2.8198324196549278e+07	-2.4705327730849385e+04
723	15.864332	-2.8195933012511119e+07	2.3911840381585062e+03
724	16.113002	-2.8195572363390148e+07	3.6064912097156048e+02
725	15.977702	-2.8195118375191312e+07	4.5398819883540273e+02
726	15.909067	-2.8193571792672623e+07	1.5465825186893344e+03
727	15.902770	-2.8187569453713875e+07	6.0023389587476850e+03
728	16.052586	-2.8180324248752598e+07	7.2452049612775445e+03
729	15.772927	-2.8206149547367327e+07	-2.5825298614729196e+04
730	15.877172	-2.8185698460939869e+07	2.0451086427457631e+04
731	15.869384	-2.8176203418497521e+07	9.4950424423478544e+03
732	15.967758	-2.8173310619587541e+07	2.8927989099808037e+03
733	15.755741	-2.8171728572299983e+07	1.5820472875572741e+03
734	15.866613	-2.8171456483193368e+07	2.7208910661563277e+02
735	15.840757	-2.8171490962095592e+07	-3.4478902224451303e+01
736	15.963136	-2.8171371597522434e+07	1.1936457315832376e+02
737	15.826789	-2.8171282820997223e+07	8.8776525210589170e+01
738	15.836777	-2.8171210645807307e+07	7.2175189916044474e+01
739	15.857028	-2.8171154765552752e+07	5.5880254555493593e+01
740	15.929545	-2.8171109039800294e+07	4.5725752457976341e+01
741	15.856601	-2.8171069511992395e+07	3.9527807898819447e+01
742	15.955430	-2.8171158468409784e+07	-8.8956417389214039e+01
743	15.917110	-2.8171109631594498e+07	4.8836815286427736e+01
744	16.013060	-2.8171066878775790e+07	4.2752818707376719e+01
745	15.744979	-2.8171031638818763e+07	3.5239957027137280e+01
746	15.978535	-2.8170997812666364e+07	3.3826152399182320e+01
747	15.869563	-2.8171172888979662e+07	-1.7507631329819560e+02
748	15.868970	-2.8171128936429355e+07	4.3952550306916237e+01
749	15.704003	-2.8171092360307254e+07	3.6576122101396322e+01
750	16.026159	-2.8171059279987678e+07	3.3080319575965405e+01
751	15.878281	-2.8171030208524443e+07	2.9071463234722614e+01
752	15.942416	-2.8171002816352487e+07	2.7392171956598759e+01
753	15.691289	-2.8171139038547963e+07	-1.3622219547629356e+02
754	16.012250	-2.8171101078342512e+07	3.7960205450654030e+01
755	15.784724	-2.8171067723622002e+07	3.3354720510542393e+01
756	15.964320	-2.8171036021240167e+07	3.1702381834387779e+01
757	15.727363	-2.8171008231128290e+07	2.7790111877024174e+01
758	16.013193	-2.8170979914300330e+07	2.8316827960312366e+01
759	15.874167	-2.8171069825018290e+07	-8.9910717960447073e+01
760	15.891950	-2.8171033308437299e+07	3.6516580991446972e+01
761	15.821564	-2.8170998788891234e+07	3.4519546065479517e+01
762	16.033698	-2.8170972605333179e+07	2.6183558054268360e+01
763	15.944267	-2.8170954786145825e+07	1.7819187354296446e+01
764	15.844811	-2.8170936855560467e+07	1.7930585358291864e+01
765	15.894374	-2.8170976348750591e+07	-3.9493190124630928e+01
766	15.996467	-2.8170954485537633e+07	2.1863212957978249e+01
767	15.739842	-2.8170935266943466e+07	1.9218594167381525e+01
768	15.844103	-2.8170917679056928e+07	1.7587886538356543e+01
769	15.889892	-2.8170901165480137e+07	1.6513576790690422e+01
770	16.034320	-2.8171043722046662e+07	-1.4255656652525067e+02
771	15.798711	-2.8171008171411838e+07	3.5550634823739529e+01
772	15.830410	-2.8170978066325154e+07	3.0105086684226990e+01
773	15.839259	-2.8170950267128892e+07	2.7799196261912584e+01
774	15.948948	-2.8170934496741373e+07	1.5770387519150972e+01
775	15.872363	-2.8170990496062830e+07	-5.5999321456998587e+01
776	15.884597	-2.8170965711459387e+07	2.4784603442996740e+01
777	15.928290	-2.8170945587859359e+07	2.0123600028455257e+01
778	15.968549	-2.8170928303543311e+07	1.7284316048026085e+01
779	15.736286	-2.8170913647255179e+07	1.4656288132071495e+01
780	15.968371	-2.8170898649477005e+07	1.4997778173536062e+01
781	15.912066	-2.8170970374400023e+07	-7.1724923018366098e+01
782	16.075147	-2.8170950619038895e+07	1.9755361128598452e+01
783	15.741134	-2.8170937047314551e+07	1.3571724344044924e+01
784	16.016828	-2.8171013061306939e+07	-7.6013992387801409e+01
785	15.867999	-2.8170984372259203e+07	2.8689047735184431e+01
786	15.869621	-2.8170959162747566e+07	2.5209511637687683e+01
787	15.725843	-2.8170939240822859e+07	1.9921924706548452e+01
788	16.074806	-2.8170922032540489e+07	1.7208282370120287e+01
789	15.919942	-2.8170905483298015e+07	1.6549242474138737e+01
790	15.964249	-2.8170970512079768e+07	-6.5028781753033400e+01
791	15.692958	-2.8170950835984603e+07	1.9676095165312290e+01
792	16.070091	-2.8170932736753438e+07	1.8099231164902449e+01
793	15.768279	-2.8170956687508535e+07	-2.3950755096971989e+01
794	15.980552	-2.8170933136131436e+07	2.3551377099007368e+01
795	15.785182	-2.8170913381947953e+07	1.9754183482378721e+01
796	16.051503	-2.8170894124027040e+07	1.9257920913398266e+01
797	15.889328	-2.8170875049715795e+07	1.9074311245232821e+01
798	15.838656	-2.8170901227519184e+07	-2.6177803389728069e+01
799	15.818467	-2.8170882967812467e+07	1.8259706716984510e+01
800	16.007962	-2.8170873663561046e+07	9.3042514212429523e+00
801	15.913267	-2.8170864931157898e+07	8.7324031479656696e+00
802	15.914279	-2.8170969002113450e+07	-1.0407095555216074e+02
803	15.924595	-2.8170945438340943e+07	2.3563772507011890e+01
804	16.036645	-2.8170979843161270e+07	-3.4404820326715708e+01
805	15.777527	-2.8170955142196339e+07	2.4700964931398630e+01
806	15.819981	-2.8170934323571641e+07	2.0818624697625637e+01
807	15.880683	-2.8170916877631444e+07	1.7445940196514130e+01
808	16.085898	-2.8170901659862198e+07	1.5217769246548414e+01
809	15.828310	-2.8170885679955132e+07	1.5979907065629959e+01
810	15.877227	-2.8170966923322767e+07	-8.1243367634713650e+01
811	15.884138	-2.8170984746391553e+07	-1.7823068786412477e+01
812	15.930036	-2.8170956622564726e+07	2.8123826827853918e+01
813	15.842283	-2.8170936669591740e+07	1.9952972985804081e+01
814	15.937528	-2.8170916712165907e+07	1.9957425832748413e+01
815	15.906938	-2.8170898168268237e+07	1.8543897669762373e+01
816	16.014491	-2.8170880274231430e+07	1.7894036807119846e+01
817	15.743419	-2.8171037335959896e+07	-1.5706172846630216e+02
818	15.991389	-2.8171009955483757e+07	2.7380476139485836e+01
819	15.841162	-2.8170987101205558e+07	2.2854278199374676e+01
820	16.070236	-2.8170965521680739e+07	2.1579524818807840e+01
821	15.799109	-2.8170948206064057e+07	1.7315616682171822e+01
822	16.066235	-2.8170931964275841e+07	1.6241788215935230e+01
823	15.869185	-2.8170916259495016e+07	1.5704780824482441e+01
824	15.889404	-2.8170900481133256e+07	1.5778361760079861e+01
825	15.706087	-2.8170957816822950e+07	-5.7335689693689346e+01
826	15.997269	-2.8170935789468784e+07	2.2027354165911674e+01
827	15.823349	-2.8170916730416045e+07	1.9059052739292383e+01
828	15.990590	-2.8170897876426846e+07	1.8853989198803902e+01
829	15.774005	-2.8170879523314983e+07	1.8353111863136292e+01
830	15.997376	-2.8170906451341063e+07	-2.6928026080131531e+01
831	15.812779	-2.8170883138044853e+07	2.3313296210020781e+01
832	16.047078	-2.8170871074925341e+07	1.2063119512051344e+01
833	15.782652	-2.8170862390250087e+07	8.6846752539277077e+00
834	16.034688	-2.8171004973569494e+07	-1.4258331940695643e+02
835	15.882043	-2.8170977525916748e+07	2.7447652745991945e+01
836	15.848878	-2.8170958345021311e+07	1.9180895436555147e+01
837	15.848074	-2.8170940391266063e+07	1.7953755248337984e+01
838	16.031827	-2.8170925396441616e+07	1.4994824446737766e+01
839	15.703160	-2.8170956596802488e+07	-3.1200360871851444e+01
840	15.874069	-2.8170939036678929e+07	1.7560123559087515e+01
841	15.893839	-2.8170923421485435e+07	1.5615193493664265e+01
842	15.978479	-2.8170907774741113e+07	1.5646744322031736e+01
843	15.785780	-2.8170892692250356e+07	1.5082490757107735e+01
844	15.846472	-2.8170876497261927e+07	1.6194988429546356e+01
845	15.841649	-2.8171036014210436e+07	-1.5951694850996137e+02
846	15.979264	-2.8171006460162990e+07	2.9554047446697950e+01
847	15.877396	-2.8170981069759548e+07	2.5390403442084789e+01
848	15.858805	-2.8170958527593192e+07	2.2542166355997324e+01
849	15.880892	-2.8170940917109106e+07	1.7610484085977077e+01
850	15.959441	-2.8170924355271906e+07	1.6561837200075388e+01
851	15.667944	-2.8170909146802876e+07	1.5208469029515982e+01
852	15.962180	-2.8170965582559861e+07	-5.6435756985098124e+01
853	15.907581	-2.8170942150812190e+07	2.3431747671216726e+01
854	16.049036	-2.8170922542004079e+07	1.9608808111399412e+01
855	15.753504	-2.8170903272901122e+07	1.9269102957099676e+01
856	16.029546	-2.8170884720002159e+07	1.8552898962050676e+01
857	15.882395	-2.8170875888959713e+07	8.8310424461960793e+00
858	15.861495	-2.8171029074444406e+07	-1.5318548469245434e+02
859	15.704514	-2.8170991011202533e+07	3.8063241872936487e+01
860	15.980320	-2.8170966666739665e+07	2.4344462867826223e+01
861	15.590322	-2.8170944282284923e+07	2.2384454742074013e+01
862	15.633165	-2.8170925925807651e+07	1.8356477271765471e+01
863	15.444122	-2.8170911029669963e+07	1.4896137688308954e+01
864	15.834402	-2.8170904169383366e+07	6.8602865971624851e+00
865	15.488890	-2.8171031108135726e+07	-1.2693875236064196e+02
866	15.610217	-2.8171000385311075e+07	3.0722824651747942e+01
867	15.326754	-2.8170976334937543e+07	2.4050373531877995e+01
868	15.688685	-2.8170954656183142e+07	2.1678754400461912e+01
869	15.482602	-2.8170938174009182e+07	1.6482173960655928e+01
870	15.662610	-2.8170922498277083e+07	1.5675732098519802e+01
871	15.437217	-2.8170971335980110e+07	-4.8837703026831150e+01
872	15.691475	-2.8170948838212639e+07	2.2497767470777035e+01
873	15.508634	-2.8170929428333409e+07	1.9409879229962826e+01
874	15.694373	-2.8170910423447423e+07	1.9004885986447334e+01
875	15.479416	-2.8170892528713252e+07	1.7894734170287848e+01
876	15.724537	-2.8170985888024792e+07	-9.3359311539679766e+01
877	15.560228	-2.8170959458100744e+07	2.6429924048483372e+01
878	15.553108	-2.8170937117827218e+07	2.2340273525565863e+01
879	15.530327	-2.8170918655147981e+07	1.8462679237127304e+01
880	15.783969	-2.8170902985143960e+07	1.5670004021376371e+01
881	15.685297	-2.8170888226006892e+07	1.4759137067943811e+01
882	15.727755	-2.8170898157555360e+07	-9.9315484687685966e+00
883	15.736736	-2.8171104239649300e+07	-2.0608209393918514e+02
884	15.884516	-2.8171063618745241e+07	4.0620904058218002e+01
885	15.600720	-2.8171030090716161e+07	3.3528029080480337e+01
886	15.595024	-2.8170998870206166e+07	3.1220509994775057e+01
887	15.634056	-2.8170971330602374e+07	2.7539603792130947e+01
888	15.732064	-2.8170944362633277e+07	2.6967969097197056e+01
889	15.446679	-2.8170920093485210e+07	2.4269148066639900e+01
890	15.530734	-2.8171077306280248e+07	-1.5721279503777623e+02
891	15.636796	-2.8171040441289756e+07	3.6864990491420031e+01
892	15.866265	-2.8171009234393246e+07	3.1206896509975195e+01
893	15.677262	-2.8170980973352320e+07	2.8261040925979614e+01
894	15.659178	-2.8170955451478031e+07	2.5521874289959669e+01
895	15.728607	-2.8171010063810010e+07	-5.4612331978976727e+01
896	15.734637	-2.8170973012000445e+07	3.7051809564232826e+01
897	15.593689	-2.8170939906325888e+07	3.3105674557387829e+01
898	15.630511	-2.8170921910066642e+07	1.7996259246021509e+01
899	15.718069	-2.8170905489550307e+07	1.6420516334474087e+01
900	15.727702	-2.8170889043901622e+07	1.6445648685097694e+01
901	15.495020	-2.8170960726489786e+07	-7.1682588163763285e+01
902	15.674273	-2.8170940320319057e+07	2.0406170729547739e+01
903	15.685629	-2.8170951779224418e+07	-1.1458905361592770e+01
904	15.787146	-2.8170929108804304e+07	2.2670420113950968e+01
905	15.424828	-2.8170910364793200e+07	1.8744011104106903e+01
906	15.841625	-2.8170891795198329e+07	1.8569594871252775e+01
907	15.721675	-2.8170874728330508e+07	1.7066867820918560e+01
908	15.973469	-2.8170857152158171e+07	1.7576172336935997e+01
909	15.557112	-2.8170953322919749e+07	-9.6170761577785015e+01
910	16.023760	-2.8170930065448981e+07	2.3257470767945051e+01
911	15.757341	-2.8170964431679208e+07	-3.4366230227053165e+01
912	15.815223	-2.8170939113627121e+07	2.5318052086979151e+01
913	15.573297	-2.8170916028412551e+07	2.3085214570164680e+01
914	15.967306	-2.8170895422961511e+07	2.0605451039969921e+01
915	15.773961	-2.8170877595960386e+07	1.7827001124620438e+01
916	15.871134	-2.8170858785120800e+07	1.8810839585959911e+01
917	15.623646	-2.8170956993791386e+07	-9.8208670586347580e+01
918	15.883046	-2.8170969415493950e+07	-1.2421702563762665e+01
919	15.737200	-2.8170947294267349e+07	2.2121226601302624e+01
920	15.872787	-2.8170926406668447e+07	2.0887598901987076e+01
921	15.620839	-2.8170906301065717e+07	2.0105602730065584e+01
922	15.915543	-2.8170887633222926e+07	1.8667842790484428e+01
923	15.697868	-2.8170869901250426e+07	1.7731972500681877e+01
924	15.719527	-2.8170968105710451e+07	-9.8204460024833679e+01
925	15.618124	-2.8170944848396756e+07	2.3257313694804907e+01
926	15.865586	-2.8170925481471345e+07	1.9366925410926342e+01
927	15.651620	-2.8170908905550759e+07	1.6575920585542917e+01
928	15.644333	-2.8170894221977554e+07	1.4683573205024004e+01
929	15.697766	-2.8170879084811870e+07	1.5137165684252977e+01
930	15.866684	-2.8170955477242500e+07	-7.6392430629581213e+01
931	15.623724	-2.8170952914387062e+07	2.5628554373979568e+00
932	15.696822	-2.8170924367474698e+07	2.8546912364661694e+01
933	15.735633	-2.8171033093781523e+07	-1.0872630682587624e+02
934	15.823786	-2.8170998505382054e+07	3.4588399469852448e+01
935	15.520278	-2.8170969633000355e+07	2.8872381698340178e+01
936	15.596340	-2.8170943201460529e+07	2.6431539826095104e+01
937	15.649124	-2.8170918391787771e+07	2.4809672757983208e+01
938	15.766703	-2.8170893399199318e+07	2.4992588452994823e+01
939	15.599706	-2.8170978508021347e+07	-8.5108822029083967e+01
940	15.600865	-2.8170957604645878e+07	2.0903375469148159e+01
941	15.636616	-2.8170940297652341e+07	1.7306993536651134e+01
942	15.694107	-2.8170923678880583e+07	1.6618771757930517e+01
943	15.651890	-2.8170909000326667e+07	1.4678553916513920e+01
944	15.598074	-2.8170894401904330e+07	1.4598422337323427e+01
945	15.635354	-2.8171048935472887e+07	-1.5453356855735183e+02
946	15.797624	-2.8171015561703581e+07	3.3373769305646420e+01
947	15.501886	-2.8170988388855737e+07	2.7172847844660282e+01
948	15.602780	-2.8170962997355111e+07	2.5391500625759363e+01
949	15.608400	-2.8170940298581101e+07	2.2698774009943008e+01
950	15.682167	-2.8171034055916533e+07	-9.3757335431873798e+01
951	15.346495	-2.8171000442726098e+07	3.3613190434873104e+01
952	15.657082	-2.8170971875041842e+07	2.8567684255540371e+01
953	15.602824	-2.8170946342168603e+07	2.5532873239368200e+01
954	15.749217	-2.8170930579972472e+07	1.5762196131050587e+01
955	15.396282	-2.8170914987436991e+07	1.5592535480856895e+01
956	15.673139	-2.8170957286541529e+07	-4.2299104537814856e+01
957	15.523946	-2.8170936909386296e+07	2.0377155233174562e+01
958	15.523942	-2.8170918968861513e+07	1.7940524782985449e+01
959	15.393873	-2.8170901451575268e+07	1.7517286244779825e+01
960	15.813897	-2.8170884776896499e+07	1.6674678768962622e+01
961	15.561613	-2.8170913157458324e+07	-2.8380561824887991e+01
962	15.603187	-2.8170891679742921e+07	2.1477715402841568e+01
963	15.352955	-2.8170871943230294e+07	1.9736512627452612e+01
964	15.680569	-2.8170852321363728e+07	1.9621866565197706e+01
965	15.595989	-2.8170955227077056e+07	-1.0290571332722902e+02
966	15.648046	-2.8170933655976109e+07	2.1571100946515799e+01
967	15.305247	-2.8170913844012264e+07	1.9811963845044374e+01
968	15.648791	-2.8170895741066501e+07	1.8102945763617754e+01
969	15.467133	-2.8170957661314432e+07	-6.1920247931033373e+01
970	15.610372	-2.8170939040034436e+07	1.8621279995888472e+01
971	15.365982	-2.8170922851427957e+07	1.6188606478273869e+01
972	15.673992	-2.8170906792531941e+07	1.6058896016329527e+01
973	15.430801	-2.8170891567664448e+07	1.5224867492914200e+01
974	15.649473	-2.8171014004285634e+07	-1.2243662118539214e+02
975	15.388136	-2.8170986189282198e+07	2.7815003436058760e+01
976	15.686068	-2.8170963982969295e+07	2.2206312902271748e+01
977	15.558949	-2.8170943999041095e+07	1.9983928199857473e+01
978	15.488339	-2.8170928214417078e+07	1.5784624017775059e+01
979	15.479711	-2.8170912610975683e+07	1.5603441394865513e+01
980	15.706989	-2.8170955445148714e+07	-4.2834173031151295e+01
981	15.526197	-2.8170934594881568e+07	2.0850267145782709e+01
982	15.467003	-2.8170916580446120e+07	1.8014435447752476e+01
983	15.492731	-2.8170899015811726e+07	1.7564634393900633e+01
984	15.695426	-2.8170882288623128e+07	1.6727188598364592e+01
985	15.584166	-2.8170965964155357e+07	-8.3675532229244709e+01
986	15.532026	-2.8170943642915204e+07	2.2321240153163671e+01
987	15.536142	-2.8170923527572464e+07	2.0115342739969492e+01
988	15.698304	-2.8170906490690432e+07	1.7036882031708956e+01
989	15.682470	-2.8170891979503367e+07	1.4511187065392733e+01
990	15.635015	-2.8170877818530679e+07	1.4160972688347101e+01
991	17.742808	-2.8170867142022528e+07	1.0676508150994778e+01
992	16.448222	-2.8171067000215270e+07	-1.9985819274187088e+02
993	15.845180	-2.8171021403393432e+07	4.5596821837127209e+01
994	15.898219	-2.8170990913226940e+07	3.0490166492760181e+01
995	15.599920	-2.8170964668881889e+07	2.6244345050305128e+01
996	15.634868	-2.8170939509610455e+07	2.5159271433949471e+01
997	15.464598	-2.8170915579308633e+07	2.3930301822721958e+01
998	15.297450	-2.8171008148839638e+07	-9.2569531004875898e+01
999	15.403884	-2.8170971525911529e+07	3.6622928109019995e+01
1000	15.564651	-2.8170944967291817e+07	2.6558619711548090e+01

Writing Q matrix to /global/home/users/deboraycb/scratch/atahualpa/analysis/ohana/maf05_3/structure/merge2_20M_allchr_snps_maf05_k6_mi1000_3_q.matrix
Writing F matrix to /global/home/users/deboraycb/scratch/atahualpa/analysis/ohana/maf05_3/structure/merge2_20M_allchr_snps_maf05_k6_mi1000_3_f.matrix
