seed: 1646579459

iter	duration	log_likelihood	delta-lle
0	2.852530	-4.4449938302567355e+07
1	11.824876	-3.9322036454146326e+07	5.1279018484210297e+06
2	12.148100	-3.4949536651653185e+07	4.3724998024931401e+06
3	11.781732	-3.4006184696761437e+07	9.4335195489174873e+05
4	11.776372	-3.3406885548768520e+07	5.9929914799291641e+05
5	11.812129	-3.2878459576482598e+07	5.2842597228592262e+05
6	11.853345	-3.2374723528110702e+07	5.0373604837189615e+05
7	11.863831	-3.1870102575017214e+07	5.0462095309348777e+05
8	11.650828	-3.1357371380386259e+07	5.1273119463095441e+05
9	11.658265	-3.0849807815904032e+07	5.0756356448222697e+05
10	11.713332	-3.0344102873494703e+07	5.0570494240932912e+05
11	11.775884	-2.9846783910548650e+07	4.9731896294605359e+05
12	11.829814	-2.9386281764316455e+07	4.6050214623219520e+05
13	11.750136	-2.8988880257693201e+07	3.9740150662325323e+05
14	11.684174	-2.8682120130004007e+07	3.0676012768919393e+05
15	11.683682	-2.8487072034786675e+07	1.9504809521733224e+05
16	11.677111	-2.8397133847298771e+07	8.9938187487903982e+04
17	11.784067	-2.8370569872118760e+07	2.6563975180011243e+04
18	11.697271	-2.8364009292614542e+07	6.5605795042179525e+03
19	11.579704	-2.8361582348900843e+07	2.4269437136985362e+03
20	11.722093	-2.8360163622936375e+07	1.4187259644679725e+03
21	11.587042	-2.8359061641686197e+07	1.1019812501780689e+03
22	11.604256	-2.8358063662525725e+07	9.9797916047275066e+02
23	11.579649	-2.8357098084174480e+07	9.6557835124433041e+02
24	11.588971	-2.8356144922603108e+07	9.5316157137230039e+02
25	11.676518	-2.8355177119078953e+07	9.6780352415516973e+02
26	11.687387	-2.8354158046833634e+07	1.0190722453184426e+03
27	11.653133	-2.8353075026932981e+07	1.0830199006535113e+03
28	11.599173	-2.8351924782431278e+07	1.1502445017024875e+03
29	11.519932	-2.8350711928300854e+07	1.2128541304245591e+03
30	11.636995	-2.8349450830912042e+07	1.2610973888114095e+03
31	11.677091	-2.8348169649265125e+07	1.2811816469170153e+03
32	11.606766	-2.8347007880973719e+07	1.1617682914063334e+03
33	11.530388	-2.8345742472308882e+07	1.2654086648374796e+03
34	11.505196	-2.8344551911295306e+07	1.1905610135756433e+03
35	11.547820	-2.8343571877068605e+07	9.8003422670066357e+02
36	11.614281	-2.8342914949292690e+07	6.5692777591571212e+02
37	11.690310	-2.8342374395897016e+07	5.4055339567363262e+02
38	11.728303	-2.8341857051666450e+07	5.1734423056617379e+02
39	11.548286	-2.8341337552154418e+07	5.1949951203167439e+02
40	11.582664	-2.8340810820572656e+07	5.2673158176243305e+02
41	11.606357	-2.8340276114975322e+07	5.3470559733361006e+02
42	11.588960	-2.8339732567554623e+07	5.4354742069914937e+02
43	11.644207	-2.8339180700848296e+07	5.5186670632660389e+02
44	11.698313	-2.8338620298992198e+07	5.6040185609832406e+02
45	11.509489	-2.8338049383721855e+07	5.7091527034342289e+02
46	11.727809	-2.8337467840504330e+07	5.8154321752488613e+02
47	11.585199	-2.8336881354145318e+07	5.8648635901138186e+02
48	11.736807	-2.8336286968144614e+07	5.9438600070402026e+02
49	11.709819	-2.8335681165383283e+07	6.0580276133120060e+02
50	11.525790	-2.8335063190763146e+07	6.1797462013736367e+02
51	11.746402	-2.8334430288521532e+07	6.3290224161371589e+02
52	11.741168	-2.8333780352155156e+07	6.4993636637553573e+02
53	11.635771	-2.8333118435473002e+07	6.6191668215394020e+02
54	11.601864	-2.8332445251754522e+07	6.7318371848016977e+02
55	11.510504	-2.8331755613626402e+07	6.8963812812045217e+02
56	11.709154	-2.8331047832127288e+07	7.0778149911388755e+02
57	11.714662	-2.8330320099108357e+07	7.2773301893100142e+02
58	11.669910	-2.8329575809499037e+07	7.4428960932046175e+02
59	11.591535	-2.8328810717881300e+07	7.6509161773696542e+02
60	11.559701	-2.8328024304173991e+07	7.8641370730847120e+02
61	11.658836	-2.8327207964008473e+07	8.1634016551822424e+02
62	11.719180	-2.8326356669542339e+07	8.5129446613416076e+02
63	11.733270	-2.8325461448061414e+07	8.9522148092463613e+02
64	11.516222	-2.8324513871112574e+07	9.4757694884017110e+02
65	11.515527	-2.8323501528735634e+07	1.0123423769399524e+03
66	11.500787	-2.8322412108818434e+07	1.0894199171997607e+03
67	11.535717	-2.8321231367801778e+07	1.1807410166561604e+03
68	11.512344	-2.8319946329763066e+07	1.2850380387119949e+03
69	11.600592	-2.8318549354825232e+07	1.3969749378338456e+03
70	11.519313	-2.8317044526575875e+07	1.5048282493576407e+03
71	11.335636	-2.8315449329833351e+07	1.5951967425234616e+03
72	11.541157	-2.8313798787853789e+07	1.6505419795624912e+03
73	11.379272	-2.8312137723728258e+07	1.6610641255304217e+03
74	11.318968	-2.8310517736367073e+07	1.6199873611852527e+03
75	11.337519	-2.8308983689677089e+07	1.5340466899834573e+03
76	11.222439	-2.8307571496102914e+07	1.4121935741752386e+03
77	11.426865	-2.8306303480000403e+07	1.2680161025114357e+03
78	11.458918	-2.8305177983322710e+07	1.1254966776929796e+03
79	11.333493	-2.8304203367987793e+07	9.7461533491685987e+02
80	11.304756	-2.8303457438713089e+07	7.4592927470430732e+02
81	11.270330	-2.8302967220083546e+07	4.9021862954273820e+02
82	11.354680	-2.8302640436659183e+07	3.2678342436254025e+02
83	11.365960	-2.8302393171980936e+07	2.4726467824727297e+02
84	11.460927	-2.8302185637624111e+07	2.0753435682505369e+02
85	11.517391	-2.8302000216695081e+07	1.8542092902958393e+02
86	11.282243	-2.8301830077582926e+07	1.7013911215588450e+02
87	11.234070	-2.8301671269364234e+07	1.5880821869149804e+02
88	11.382123	-2.8301521573788043e+07	1.4969557619094849e+02
89	11.332455	-2.8301379385762557e+07	1.4218802548572421e+02
90	11.340955	-2.8301243646437287e+07	1.3573932527005672e+02
91	11.376351	-2.8301113724133406e+07	1.2992230388149619e+02
92	11.285448	-2.8300989054378200e+07	1.2466975520551205e+02
93	11.456976	-2.8300869263385769e+07	1.1979099243134260e+02
94	11.488949	-2.8300753927036632e+07	1.1533634913712740e+02
95	11.267341	-2.8300642747929085e+07	1.1117910754680634e+02
96	11.328683	-2.8300535131564774e+07	1.0761636431142688e+02
97	11.218650	-2.8300431149480544e+07	1.0398208422958851e+02
98	11.292984	-2.8300330109561399e+07	1.0103991914540529e+02
99	11.392122	-2.8300232184023358e+07	9.7925538040697575e+01
100	11.428778	-2.8300136658935513e+07	9.5525087844580412e+01
101	11.479499	-2.8300043599118263e+07	9.3059817250818014e+01
102	11.257285	-2.8299952682769772e+07	9.0916348490864038e+01
103	11.245121	-2.8299863694191739e+07	8.8988578032702208e+01
104	11.311281	-2.8299776561711792e+07	8.7132479947060347e+01
105	11.325926	-2.8299691151809089e+07	8.5409902703016996e+01
106	11.335602	-2.8299607287747510e+07	8.3864061579108238e+01
107	11.312179	-2.8299524742184192e+07	8.2545563317835331e+01
108	11.266458	-2.8299443276759829e+07	8.1465424362570047e+01
109	11.396871	-2.8299362959456090e+07	8.0317303739488125e+01
110	11.458000	-2.8299283264690354e+07	7.9694765735417604e+01
111	11.254964	-2.8299204372570656e+07	7.8892119698226452e+01
112	11.328633	-2.8299125816174921e+07	7.8556395735591650e+01
113	11.249366	-2.8299047254627485e+07	7.8561547435820103e+01
114	11.314933	-2.8298968315085005e+07	7.8939542479813099e+01
115	11.398435	-2.8298888728299033e+07	7.9586785972118378e+01
116	11.433422	-2.8298809538089883e+07	7.9190209150314331e+01
117	11.517497	-2.8298730928436108e+07	7.8609653774648905e+01
118	11.245144	-2.8298651905796237e+07	7.9022639870643616e+01
119	11.227457	-2.8298571917132717e+07	7.9988663520663977e+01
120	11.243656	-2.8298490395821881e+07	8.1521310836076736e+01
121	11.317037	-2.8298412843381494e+07	7.7552440386265516e+01
122	11.318806	-2.8298347829953682e+07	6.5013427812606096e+01
123	11.335554	-2.8298294751558688e+07	5.3078394994139671e+01
124	11.236154	-2.8298252076934960e+07	4.2674623727798462e+01
125	11.479755	-2.8298219165981278e+07	3.2910953681915998e+01
126	11.445772	-2.8298193757354703e+07	2.5408626575022936e+01
127	11.272850	-2.8298174799606934e+07	1.8957747768610716e+01
128	11.261110	-2.8298160252844088e+07	1.4546762846410275e+01
129	11.186146	-2.8298149274056908e+07	1.0978787180036306e+01
130	11.290798	-2.8298140624034625e+07	8.6500222831964493e+00
131	11.403691	-2.8298133660653386e+07	6.9633812382817268e+00
132	11.425069	-2.8298128032468554e+07	5.6281848326325417e+00
133	11.474389	-2.8298123473312054e+07	4.5591564998030663e+00
134	11.217384	-2.8298119786433034e+07	3.6868790201842785e+00
135	11.198554	-2.8298116792238928e+07	2.9941941052675247e+00
136	11.333957	-2.8298114360421140e+07	2.4318177886307240e+00
137	11.302687	-2.8298112372082457e+07	1.9883386828005314e+00
138	11.331233	-2.8298110741287857e+07	1.6307945996522903e+00
139	11.316469	-2.8298109401922129e+07	1.3393657281994820e+00
140	11.224242	-2.8298108300348487e+07	1.1015736423432827e+00
141	11.408762	-2.8298107393625073e+07	9.0672341361641884e-01
142	11.413488	-2.8298106648445897e+07	7.4517917633056641e-01
143	11.291871	-2.8298106033534851e+07	6.1491104587912560e-01
144	11.296981	-2.8298105525206726e+07	5.0832812488079071e-01
145	11.219636	-2.8298105104682062e+07	4.2052466422319412e-01
146	11.312645	-2.8298104756310314e+07	3.4837174788117409e-01
147	11.354158	-2.8298104467257731e+07	2.8905258327722549e-01
148	11.398706	-2.8298104227219626e+07	2.4003810435533524e-01
149	11.495283	-2.8298104027913272e+07	1.9930635392665863e-01
150	11.299558	-2.8298103862370994e+07	1.6554227843880653e-01
151	11.225470	-2.8298103724731915e+07	1.3763907924294472e-01
152	11.280055	-2.8298103610240445e+07	1.1449147015810013e-01
153	11.288552	-2.8298103514975034e+07	9.5265410840511322e-02
154	11.327927	-2.8298103435641129e+07	7.9333905130624771e-02
155	11.333420	-2.8298103369546406e+07	6.6094722598791122e-02
156	11.251216	-2.8298103314431965e+07	5.5114440619945526e-02
157	11.445688	-2.8298103268435404e+07	4.5996561646461487e-02
158	11.451964	-2.8298103230018202e+07	3.8417201489210129e-02
159	11.304709	-2.8298103197906714e+07	3.2111488282680511e-02
160	11.260078	-2.8298103171032071e+07	2.6874642819166183e-02
161	11.202333	-2.8298103148499724e+07	2.2532347589731216e-02
162	11.317792	-2.8298103129639439e+07	1.8860284239053726e-02
163	11.365811	-2.8298103113827500e+07	1.5811938792467117e-02
164	11.521242	-2.8298103100567617e+07	1.3259883970022202e-02
165	11.200575	-2.8298103089437254e+07	1.1130362749099731e-02
166	11.249861	-2.8298103080080859e+07	9.3563944101333618e-03
167	11.239342	-2.8298103072224531e+07	7.8563280403614044e-03
168	11.292405	-2.8298103065608833e+07	6.6156983375549316e-03
169	11.295245	-2.8298103060049903e+07	5.5589303374290466e-03
170	11.345627	-2.8298103055363689e+07	4.6862140297889709e-03
171	11.345010	-2.8298103051430531e+07	3.9331577718257904e-03
172	11.222815	-2.8298103048102852e+07	3.3276788890361786e-03
173	11.396043	-2.8298103045304414e+07	2.7984380722045898e-03
174	11.423672	-2.8298103042963360e+07	2.3410543799400330e-03
175	11.336894	-2.8298103040971491e+07	1.9918680191040039e-03
176	11.267640	-2.8298103039292730e+07	1.6787610948085785e-03
177	11.259400	-2.8298103037883244e+07	1.4094859361648560e-03
178	11.365787	-2.8298103036694605e+07	1.1886395514011383e-03
179	11.370313	-2.8298103035687581e+07	1.0070241987705231e-03
180	11.487459	-2.8298103034845479e+07	8.4210187196731567e-04
181	11.278460	-2.8298103034122482e+07	7.2299689054489136e-04
182	11.300902	-2.8298103033515941e+07	6.0654059052467346e-04
183	11.251759	-2.8298103032995440e+07	5.2050128579139709e-04
184	11.287012	-2.8298103032587703e+07	4.0773674845695496e-04
185	11.270252	-2.8298103032208882e+07	3.7882104516029358e-04
186	11.326427	-2.8298103031913709e+07	2.9517337679862976e-04
187	11.356027	-2.8298103031651851e+07	2.6185810565948486e-04
188	11.212289	-2.8298103031421047e+07	2.3080408573150635e-04
189	11.454483	-2.8298103031254850e+07	1.6619637608528137e-04
190	11.440763	-2.8298103031079378e+07	1.7547234892845154e-04
191	11.359798	-2.8298103030948751e+07	1.3062730431556702e-04
192	11.244329	-2.8298103030842043e+07	1.0670721530914307e-04
193	11.203660	-2.8298103030750155e+07	9.1888010501861572e-05
194	11.312768	-2.8298103030658402e+07	9.1753900051116943e-05
195	11.368962	-2.8298103030594800e+07	6.3601881265640259e-05
196	11.483455	-2.8298103030553535e+07	4.1265040636062622e-05
197	11.239890	-2.8298103030500643e+07	5.2891671657562256e-05
198	11.262646	-2.8298103030454289e+07	4.6353787183761597e-05
199	11.223814	-2.8298103030409910e+07	4.4379383325576782e-05
200	11.272807	-2.8298103030390434e+07	1.9475817680358887e-05
201	11.322409	-2.8298103030366525e+07	2.3908913135528564e-05
202	11.365622	-2.8298103030351363e+07	1.5161931514739990e-05
203	11.337263	-2.8298103030326489e+07	2.4873763322830200e-05
204	11.206605	-2.8298103030313853e+07	1.2636184692382812e-05
205	11.394237	-2.8298103030308835e+07	5.0179660320281982e-06
206	11.403972	-2.8298103030302849e+07	5.9865415096282959e-06
207	11.249333	-2.8298103030281447e+07	2.1401792764663696e-05
208	11.295441	-2.8298103030277614e+07	3.8333237171173096e-06
209	11.218986	-2.8298103030271329e+07	6.2845647335052490e-06
210	11.319247	-2.8298103030269317e+07	2.0116567611694336e-06
211	11.337414	-2.8298103030257620e+07	1.1697411537170410e-05
212	11.451910	-2.8298103030261748e+07	-4.1276216506958008e-06
213	11.236986	-2.8298103030247986e+07	1.3761222362518311e-05
214	11.258760	-2.8298103030258358e+07	-1.0371208190917969e-05
215	11.223892	-2.8298103030234568e+07	2.3789703845977783e-05
216	11.343043	-2.8298103030251384e+07	-1.6815960407257080e-05
217	11.306585	-2.8298103030242976e+07	8.4079802036285400e-06
218	11.322679	-2.8298103030248586e+07	-5.6102871894836426e-06
219	11.353692	-2.8298103030246232e+07	2.3543834686279297e-06
220	11.216010	-2.8298103030246388e+07	-1.5646219253540039e-07
221	11.377223	-2.8298103030243248e+07	3.1404197216033936e-06
222	11.412567	-2.8298103030254509e+07	-1.1261552572250366e-05
223	11.237907	-2.8298103030239712e+07	1.4796853065490723e-05
224	11.309768	-2.8298103030242380e+07	-2.6673078536987305e-06
225	11.211318	-2.8298103030244842e+07	-2.4624168872833252e-06
226	11.320205	-2.8298103030240759e+07	4.0829181671142578e-06
227	11.365200	-2.8298103030236240e+07	4.5187771320343018e-06
228	11.489160	-2.8298103030252840e+07	-1.6599893569946289e-05
229	11.239166	-2.8298103030243497e+07	9.3430280685424805e-06
230	11.246963	-2.8298103030233596e+07	9.9018216133117676e-06
231	11.275676	-2.8298103030238774e+07	-5.1781535148620605e-06
232	11.263606	-2.8298103030231077e+07	7.6964497566223145e-06
233	11.297982	-2.8298103030229330e+07	1.7471611499786377e-06
234	11.335768	-2.8298103030235190e+07	-5.8598816394805908e-06
235	11.354812	-2.8298103030243784e+07	-8.5942447185516357e-06
236	11.231342	-2.8298103030240629e+07	3.1553208827972412e-06
237	11.435086	-2.8298103030243769e+07	-3.1404197216033936e-06
238	11.416655	-2.8298103030236840e+07	6.9290399551391602e-06
239	11.288083	-2.8298103030240543e+07	-3.7029385566711426e-06
240	11.280096	-2.8298103030241046e+07	-5.0291419029235840e-07
241	11.248226	-2.8298103030237127e+07	3.9190053939819336e-06
242	11.337273	-2.8298103030241150e+07	-4.0233135223388672e-06
243	11.342723	-2.8298103030243665e+07	-2.5145709514617920e-06
244	11.436036	-2.8298103030234013e+07	9.6522271633148193e-06
245	11.238343	-2.8298103030232247e+07	1.7657876014709473e-06
246	11.254096	-2.8298103030238014e+07	-5.7667493820190430e-06
247	11.219674	-2.8298103030234266e+07	3.7476420402526855e-06
248	11.274394	-2.8298103030232869e+07	1.3969838619232178e-06
249	11.259518	-2.8298103030239984e+07	-7.1153044700622559e-06
250	11.322928	-2.8298103030239780e+07	2.0489096641540527e-07
251	11.341513	-2.8298103030236501e+07	3.2782554626464844e-06
252	11.240607	-2.8298103030240372e+07	-3.8705766201019287e-06
253	11.406527	-2.8298103030240577e+07	-2.0489096641540527e-07
254	11.445484	-2.8298103030229833e+07	1.0743737220764160e-05
255	11.262353	-2.8298103030236449e+07	-6.6161155700683594e-06
256	11.277833	-2.8298103030230958e+07	5.4910778999328613e-06
257	11.227950	-2.8298103030231327e+07	-3.6880373954772949e-07
258	11.334636	-2.8298103030236240e+07	-4.9136579036712646e-06
259	11.394169	-2.8298103030237868e+07	-1.6279518604278564e-06
260	11.472492	-2.8298103030236345e+07	1.5236437320709229e-06
261	11.236585	-2.8298103030233447e+07	2.8982758522033691e-06
262	11.241567	-2.8298103030234065e+07	-6.1839818954467773e-07
263	11.233238	-2.8298103030231055e+07	3.0100345611572266e-06
264	11.353868	-2.8298103030227616e+07	3.4384429454803467e-06
265	11.296967	-2.8298103030235983e+07	-8.3670020103454590e-06
266	11.326883	-2.8298103030239817e+07	-3.8333237171173096e-06
267	11.363085	-2.8298103030230138e+07	9.6783041954040527e-06
268	11.221913	-2.8298103030234948e+07	-4.8093497753143311e-06
269	11.380100	-2.8298103030230727e+07	4.2207539081573486e-06
270	11.381473	-2.8298103030236941e+07	-6.2137842178344727e-06
271	11.299962	-2.8298103030232873e+07	4.0680170059204102e-06
272	11.254779	-2.8298103030235447e+07	-2.5741755962371826e-06
273	11.239754	-2.8298103030225947e+07	9.4994902610778809e-06
274	11.399350	-2.8298103030239534e+07	-1.3586133718490601e-05
275	11.356920	-2.8298103030230992e+07	8.5420906543731689e-06
276	11.462870	-2.8298103030232143e+07	-1.1511147022247314e-06
277	11.284176	-2.8298103030234113e+07	-1.9706785678863525e-06
278	11.218594	-2.8298103030238699e+07	-4.5858323574066162e-06
279	11.205875	-2.8298103030236714e+07	1.9855797290802002e-06
280	11.286563	-2.8298103030239064e+07	-2.3506581783294678e-06
281	11.297944	-2.8298103030233975e+07	5.0887465476989746e-06
282	11.339136	-2.8298103030236319e+07	-2.3432075977325439e-06
283	11.340900	-2.8298103030226707e+07	9.6112489700317383e-06
284	11.214656	-2.8298103030231114e+07	-4.4070184230804443e-06
285	11.419313	-2.8298103030228738e+07	2.3767352104187012e-06
286	11.379184	-2.8298103030223399e+07	5.3383409976959229e-06
287	11.297743	-2.8298103030227907e+07	-4.5076012611389160e-06
288	11.248600	-2.8298103030229647e+07	-1.7397105693817139e-06
289	11.200037	-2.8298103030236166e+07	-6.5192580223083496e-06
290	11.299553	-2.8298103030233003e+07	3.1627714633941650e-06
291	11.390244	-2.8298103030228507e+07	4.4964253902435303e-06
292	11.421407	-2.8298103030229233e+07	-7.2643160820007324e-07
293	11.272339	-2.8298103030232489e+07	-3.2559037208557129e-06
294	11.255943	-2.8298103030232865e+07	-3.7625432014465332e-07
295	11.220523	-2.8298103030230746e+07	2.1196901798248291e-06
296	11.326225	-2.8298103030230775e+07	-2.9802322387695312e-08
297	11.301951	-2.8298103030230712e+07	6.3329935073852539e-08
298	11.367771	-2.8298103030230492e+07	2.1979212760925293e-07
299	11.343315	-2.8298103030230377e+07	1.1548399925231934e-07
300	11.302588	-2.8298103030233141e+07	-2.7641654014587402e-06
301	11.445805	-2.8298103030233450e+07	-3.0919909477233887e-07
302	11.422448	-2.8298103030234627e+07	-1.1771917343139648e-06
303	11.300796	-2.8298103030233830e+07	7.9721212387084961e-07
304	11.264741	-2.8298103030234478e+07	-6.4820051193237305e-07
305	11.219939	-2.8298103030231483e+07	2.9951333999633789e-06
306	11.309051	-2.8298103030231278e+07	2.0489096641540527e-07
307	11.384663	-2.8298103030234300e+07	-3.0212104320526123e-06
308	11.494201	-2.8298103030231263e+07	3.0361115932464600e-06
309	11.243178	-2.8298103030232809e+07	-1.5459954738616943e-06
310	11.246469	-2.8298103030233964e+07	-1.1548399925231934e-06
311	11.249867	-2.8298103030234165e+07	-2.0116567611694336e-07
312	11.307903	-2.8298103030235451e+07	-1.2852251529693604e-06
313	11.386721	-2.8298103030236363e+07	-9.1269612312316895e-07
314	11.361646	-2.8298103030236766e+07	-4.0233135223388672e-07
315	11.396716	-2.8298103030236803e+07	-3.7252902984619141e-08
316	11.224982	-2.8298103030236956e+07	-1.5273690223693848e-07
317	11.407056	-2.8298103030236550e+07	4.0605664253234863e-07
318	11.435197	-2.8298103030237909e+07	-1.3597309589385986e-06
319	11.308300	-2.8298103030237623e+07	2.8684735298156738e-07
320	11.280188	-2.8298103030238133e+07	-5.1036477088928223e-07
321	11.222859	-2.8298103030239686e+07	-1.5534460544586182e-06
322	11.334379	-2.8298103030239377e+07	3.0919909477233887e-07
323	11.389765	-2.8298103030239016e+07	3.6135315895080566e-07
324	11.497284	-2.8298103030240357e+07	-1.3411045074462891e-06
325	11.271894	-2.8298103030240584e+07	-2.2724270820617676e-07
326	11.319584	-2.8298103030239720e+07	8.6426734924316406e-07
327	11.251435	-2.8298103030240461e+07	-7.4133276939392090e-07
328	11.302704	-2.8298103030240703e+07	-2.4214386940002441e-07
329	11.389524	-2.8298103030240569e+07	1.3411045074462891e-07
330	11.370838	-2.8298103030241262e+07	-6.9290399551391602e-07
331	11.352188	-2.8298103030241452e+07	-1.8998980522155762e-07
332	11.361100	-2.8298103030240901e+07	5.5134296417236328e-07
333	11.395894	-2.8298103030240498e+07	4.0233135223388672e-07
334	11.408147	-2.8298103030240156e+07	3.4272670745849609e-07
335	11.358146	-2.8298103030239422e+07	7.3388218879699707e-07
336	11.267021	-2.8298103030239914e+07	-4.9173831939697266e-07
337	11.199686	-2.8298103030240435e+07	-5.2154064178466797e-07
338	11.352477	-2.8298103030240159e+07	2.7567148208618164e-07
339	11.422337	-2.8298103030239731e+07	4.2840838432312012e-07
340	11.465713	-2.8298103030239750e+07	-1.8626451492309570e-08
341	11.199410	-2.8298103030239955e+07	-2.0489096641540527e-07
342	11.237903	-2.8298103030240398e+07	-4.4330954551696777e-07
343	11.273923	-2.8298103030240510e+07	-1.1175870895385742e-07
344	11.263143	-2.8298103030240547e+07	-3.7252902984619141e-08
345	11.296764	-2.8298103030240495e+07	5.2154064178466797e-08
346	11.375108	-2.8298103030240960e+07	-4.6566128730773926e-07
347	11.325184	-2.8298103030240197e+07	7.6368451118469238e-07
348	11.244773	-2.8298103030239936e+07	2.6077032089233398e-07
349	11.428043	-2.8298103030239601e+07	3.3527612686157227e-07
350	11.351061	-2.8298103030239377e+07	2.2351741790771484e-07
351	11.256009	-2.8298103030239921e+07	-5.4389238357543945e-07
352	11.258239	-2.8298103030239981e+07	-5.9604644775390625e-08
353	11.212194	-2.8298103030240722e+07	-7.4133276939392090e-07
354	11.318781	-2.8298103030240975e+07	-2.5331974029541016e-07
355	11.419528	-2.8298103030241266e+07	-2.9057264328002930e-07
356	11.441791	-2.8298103030241296e+07	-2.9802322387695312e-08
357	11.257897	-2.8298103030241553e+07	-2.5704503059387207e-07
358	11.219707	-2.8298103030241441e+07	1.1175870895385742e-07
359	11.232713	-2.8298103030241210e+07	2.3096799850463867e-07
360	11.279888	-2.8298103030241437e+07	-2.2724270820617676e-07
361	11.284735	-2.8298103030241411e+07	2.6077032089233398e-08
362	11.367765	-2.8298103030241411e+07	0.0000000000000000e+00
363	11.370321	-2.8298103030241434e+07	-2.2351741790771484e-08
364	11.240735	-2.8298103030241482e+07	-4.8428773880004883e-08
365	11.407365	-2.8298103030241579e+07	-9.6857547760009766e-08
366	11.363195	-2.8298103030241452e+07	1.2665987014770508e-07
367	11.251970	-2.8298103030241605e+07	-1.5273690223693848e-07
368	11.210612	-2.8298103030241847e+07	-2.4214386940002441e-07
369	11.222438	-2.8298103030241705e+07	1.4156103134155273e-07
370	11.339318	-2.8298103030241448e+07	2.5704503059387207e-07
371	11.389464	-2.8298103030241378e+07	7.0780515670776367e-08
372	11.426383	-2.8298103030241299e+07	7.8231096267700195e-08
373	11.261895	-2.8298103030241229e+07	7.0780515670776367e-08
374	11.244093	-2.8298103030241311e+07	-8.1956386566162109e-08
375	11.199413	-2.8298103030241154e+07	1.5646219253540039e-07
376	11.253912	-2.8298103030241020e+07	1.3411045074462891e-07
377	11.288679	-2.8298103030241098e+07	-7.8231096267700195e-08
378	11.332138	-2.8298103030241013e+07	8.5681676864624023e-08
379	11.335326	-2.8298103030240990e+07	2.2351741790771484e-08
380	11.195901	-2.8298103030241005e+07	-1.4901161193847656e-08
381	11.421747	-2.8298103030240808e+07	1.9744038581848145e-07
382	11.349973	-2.8298103030240834e+07	-2.6077032089233398e-08
383	11.288013	-2.8298103030240934e+07	-1.0058283805847168e-07
384	11.287027	-2.8298103030240852e+07	8.1956386566162109e-08
385	11.227807	-2.8298103030240912e+07	-5.9604644775390625e-08
386	11.276925	-2.8298103030240826e+07	8.5681676864624023e-08
387	11.377542	-2.8298103030240811e+07	1.4901161193847656e-08
388	11.591339	-2.8298103030240774e+07	3.7252902984619141e-08
389	11.254149	-2.8298103030240819e+07	-4.4703483581542969e-08
390	11.254788	-2.8298103030240875e+07	-5.5879354476928711e-08
391	11.252163	-2.8298103030240934e+07	-5.9604644775390625e-08
392	11.267860	-2.8298103030240923e+07	1.1175870895385742e-08
393	11.278075	-2.8298103030241024e+07	-1.0058283805847168e-07
394	11.323647	-2.8298103030241001e+07	2.2351741790771484e-08
395	11.304586	-2.8298103030240964e+07	3.7252902984619141e-08
396	11.166284	-2.8298103030241039e+07	-7.4505805969238281e-08
397	11.400366	-2.8298103030240998e+07	4.0978193283081055e-08
398	11.408933	-2.8298103030240994e+07	3.7252902984619141e-09
399	11.241660	-2.8298103030240938e+07	5.5879354476928711e-08
400	11.245880	-2.8298103030240927e+07	1.1175870895385742e-08
401	11.234931	-2.8298103030240901e+07	2.6077032089233398e-08
402	11.282366	-2.8298103030240931e+07	-2.9802322387695312e-08
403	11.373720	-2.8298103030240908e+07	2.2351741790771484e-08
404	11.475751	-2.8298103030240927e+07	-1.8626451492309570e-08
405	11.246202	-2.8298103030240927e+07	0.0000000000000000e+00
406	11.208025	-2.8298103030240890e+07	3.7252902984619141e-08
407	11.234522	-2.8298103030240875e+07	1.4901161193847656e-08
408	11.282316	-2.8298103030240875e+07	0.0000000000000000e+00
409	11.277822	-2.8298103030240912e+07	-3.7252902984619141e-08
410	11.333093	-2.8298103030240901e+07	1.1175870895385742e-08
411	11.348247	-2.8298103030240893e+07	7.4505805969238281e-09
412	11.241235	-2.8298103030240912e+07	-1.8626451492309570e-08
413	11.411533	-2.8298103030240931e+07	-1.8626451492309570e-08
414	11.356388	-2.8298103030240919e+07	1.1175870895385742e-08
415	11.232597	-2.8298103030240916e+07	3.7252902984619141e-09
416	11.254826	-2.8298103030240901e+07	1.4901161193847656e-08
417	11.215890	-2.8298103030240931e+07	-2.9802322387695312e-08
418	11.286453	-2.8298103030240949e+07	-1.8626451492309570e-08
419	11.357095	-2.8298103030240964e+07	-1.4901161193847656e-08
420	11.396778	-2.8298103030240931e+07	3.3527612686157227e-08
421	11.408227	-2.8298103030240919e+07	1.1175870895385742e-08
422	11.205700	-2.8298103030240919e+07	0.0000000000000000e+00
423	11.148674	-2.8298103030240934e+07	-1.4901161193847656e-08
424	11.313461	-2.8298103030240923e+07	1.1175870895385742e-08
425	11.303914	-2.8298103030240927e+07	-3.7252902984619141e-09
426	11.282162	-2.8298103030240946e+07	-1.8626451492309570e-08
427	11.304842	-2.8298103030240931e+07	1.4901161193847656e-08
428	11.222169	-2.8298103030240905e+07	2.6077032089233398e-08
429	11.422465	-2.8298103030240901e+07	3.7252902984619141e-09
430	11.482550	-2.8298103030240905e+07	-3.7252902984619141e-09
431	11.311647	-2.8298103030240908e+07	-3.7252902984619141e-09
432	11.326569	-2.8298103030240893e+07	1.4901161193847656e-08
433	11.245674	-2.8298103030240905e+07	-1.1175870895385742e-08
434	11.301740	-2.8298103030240901e+07	3.7252902984619141e-09
435	11.339892	-2.8298103030240916e+07	-1.4901161193847656e-08
436	11.439375	-2.8298103030240919e+07	-3.7252902984619141e-09
437	11.570663	-2.8298103030240919e+07	0.0000000000000000e+00
438	11.315111	-2.8298103030240916e+07	3.7252902984619141e-09
439	11.207936	-2.8298103030240912e+07	3.7252902984619141e-09
440	11.300015	-2.8298103030240905e+07	7.4505805969238281e-09
441	11.253912	-2.8298103030240901e+07	3.7252902984619141e-09
442	11.333660	-2.8298103030240908e+07	-7.4505805969238281e-09
443	11.322853	-2.8298103030240905e+07	3.7252902984619141e-09
444	11.194801	-2.8298103030240912e+07	-7.4505805969238281e-09
445	11.452822	-2.8298103030240923e+07	-1.1175870895385742e-08
446	11.379389	-2.8298103030240927e+07	-3.7252902984619141e-09
447	11.238186	-2.8298103030240923e+07	3.7252902984619141e-09
448	11.232230	-2.8298103030240923e+07	0.0000000000000000e+00
449	11.230766	-2.8298103030240912e+07	1.1175870895385742e-08
450	11.331556	-2.8298103030240905e+07	7.4505805969238281e-09
451	11.365839	-2.8298103030240908e+07	-3.7252902984619141e-09
452	11.434820	-2.8298103030240897e+07	1.1175870895385742e-08
453	11.225132	-2.8298103030240901e+07	-3.7252902984619141e-09
454	11.248934	-2.8298103030240908e+07	-7.4505805969238281e-09
455	11.224220	-2.8298103030240890e+07	1.8626451492309570e-08
456	11.280711	-2.8298103030240890e+07	0.0000000000000000e+00
457	11.270550	-2.8298103030240893e+07	-3.7252902984619141e-09
458	11.357563	-2.8298103030240875e+07	1.8626451492309570e-08
459	11.329030	-2.8298103030240882e+07	-7.4505805969238281e-09
460	11.182378	-2.8298103030240893e+07	-1.1175870895385742e-08
461	11.423638	-2.8298103030240897e+07	-3.7252902984619141e-09
462	11.411706	-2.8298103030240882e+07	1.4901161193847656e-08
463	11.276260	-2.8298103030240893e+07	-1.1175870895385742e-08
464	11.247517	-2.8298103030240890e+07	3.7252902984619141e-09
465	11.205269	-2.8298103030240890e+07	0.0000000000000000e+00
466	11.315363	-2.8298103030240882e+07	7.4505805969238281e-09
467	11.370135	-2.8298103030240886e+07	-3.7252902984619141e-09
468	11.388945	-2.8298103030240890e+07	-3.7252902984619141e-09
469	11.285316	-2.8298103030240882e+07	7.4505805969238281e-09
470	11.246211	-2.8298103030240882e+07	0.0000000000000000e+00
471	11.231274	-2.8298103030240886e+07	-3.7252902984619141e-09
472	11.261273	-2.8298103030240893e+07	-7.4505805969238281e-09
473	11.262721	-2.8298103030240890e+07	3.7252902984619141e-09
474	11.318451	-2.8298103030240897e+07	-7.4505805969238281e-09
475	11.313437	-2.8298103030240893e+07	3.7252902984619141e-09
476	11.196448	-2.8298103030240882e+07	1.1175870895385742e-08
477	11.432719	-2.8298103030240893e+07	-1.1175870895385742e-08
478	11.427666	-2.8298103030240886e+07	7.4505805969238281e-09
479	11.274534	-2.8298103030240882e+07	3.7252902984619141e-09
480	11.265533	-2.8298103030240893e+07	-1.1175870895385742e-08
481	11.187059	-2.8298103030240901e+07	-7.4505805969238281e-09
482	11.331100	-2.8298103030240882e+07	1.8626451492309570e-08
483	11.375873	-2.8298103030240893e+07	-1.1175870895385742e-08
484	11.435697	-2.8298103030240893e+07	0.0000000000000000e+00
485	11.407760	-2.8298103030240897e+07	-3.7252902984619141e-09
486	11.219347	-2.8298103030240897e+07	0.0000000000000000e+00
487	11.254823	-2.8298103030240897e+07	0.0000000000000000e+00
488	11.348457	-2.8298103030240893e+07	3.7252902984619141e-09
489	11.261105	-2.8298103030240890e+07	3.7252902984619141e-09
490	11.322093	-2.8298103030240882e+07	7.4505805969238281e-09
491	11.320743	-2.8298103030240901e+07	-1.8626451492309570e-08
492	11.252737	-2.8298103030240901e+07	0.0000000000000000e+00
493	11.390769	-2.8298103030240905e+07	-3.7252902984619141e-09
494	11.412858	-2.8298103030240901e+07	3.7252902984619141e-09
495	11.284122	-2.8298103030240890e+07	1.1175870895385742e-08
496	11.264514	-2.8298103030240901e+07	-1.1175870895385742e-08
497	11.247507	-2.8298103030240897e+07	3.7252902984619141e-09
498	11.323512	-2.8298103030240890e+07	7.4505805969238281e-09
499	11.368885	-2.8298103030240886e+07	3.7252902984619141e-09
500	11.446852	-2.8298103030240886e+07	0.0000000000000000e+00
501	11.331254	-2.8298103030240901e+07	-1.4901161193847656e-08
502	11.227919	-2.8298103030240886e+07	1.4901161193847656e-08
503	11.221259	-2.8298103030240897e+07	-1.1175870895385742e-08
504	11.280771	-2.8298103030240886e+07	1.1175870895385742e-08
505	11.225303	-2.8298103030240897e+07	-1.1175870895385742e-08
506	11.336330	-2.8298103030240897e+07	0.0000000000000000e+00
507	11.306925	-2.8298103030240890e+07	7.4505805969238281e-09
508	11.216049	-2.8298103030240893e+07	-3.7252902984619141e-09
509	11.412020	-2.8298103030240886e+07	7.4505805969238281e-09
510	11.436742	-2.8298103030240893e+07	-7.4505805969238281e-09
511	11.235735	-2.8298103030240901e+07	-7.4505805969238281e-09
512	11.242493	-2.8298103030240897e+07	3.7252902984619141e-09
513	11.201178	-2.8298103030240897e+07	0.0000000000000000e+00
514	11.313337	-2.8298103030240897e+07	0.0000000000000000e+00
515	11.331308	-2.8298103030240893e+07	3.7252902984619141e-09
516	11.422291	-2.8298103030240897e+07	-3.7252902984619141e-09
517	11.504398	-2.8298103030240897e+07	0.0000000000000000e+00
518	11.233739	-2.8298103030240901e+07	-3.7252902984619141e-09
519	11.187734	-2.8298103030240882e+07	1.8626451492309570e-08
520	11.276516	-2.8298103030240893e+07	-1.1175870895385742e-08
521	11.258909	-2.8298103030240890e+07	3.7252902984619141e-09
522	11.289578	-2.8298103030240890e+07	0.0000000000000000e+00
523	11.329664	-2.8298103030240893e+07	-3.7252902984619141e-09
524	11.202924	-2.8298103030240893e+07	0.0000000000000000e+00
525	11.390095	-2.8298103030240886e+07	7.4505805969238281e-09
526	11.429779	-2.8298103030240901e+07	-1.4901161193847656e-08
527	11.253743	-2.8298103030240897e+07	3.7252902984619141e-09
528	11.304702	-2.8298103030240882e+07	1.4901161193847656e-08
529	11.224435	-2.8298103030240897e+07	-1.4901161193847656e-08
530	11.295109	-2.8298103030240893e+07	3.7252902984619141e-09
531	11.339521	-2.8298103030240905e+07	-1.1175870895385742e-08
532	11.388127	-2.8298103030240886e+07	1.8626451492309570e-08
533	11.426701	-2.8298103030240890e+07	-3.7252902984619141e-09
534	11.262786	-2.8298103030240893e+07	-3.7252902984619141e-09
535	11.217250	-2.8298103030240897e+07	-3.7252902984619141e-09
536	11.313853	-2.8298103030240890e+07	7.4505805969238281e-09
537	11.270372	-2.8298103030240908e+07	-1.8626451492309570e-08
538	11.753620	-2.8298103030240893e+07	1.4901161193847656e-08
539	12.127933	-2.8298103030240908e+07	-1.4901161193847656e-08
540	12.094958	-2.8298103030240905e+07	3.7252902984619141e-09
541	11.820146	-2.8298103030240901e+07	3.7252902984619141e-09
542	11.745493	-2.8298103030240901e+07	0.0000000000000000e+00
543	11.524591	-2.8298103030240897e+07	3.7252902984619141e-09
544	11.476885	-2.8298103030240897e+07	0.0000000000000000e+00
545	11.443052	-2.8298103030240901e+07	-3.7252902984619141e-09
546	11.381320	-2.8298103030240897e+07	3.7252902984619141e-09
547	11.259384	-2.8298103030240893e+07	3.7252902984619141e-09
548	11.282882	-2.8298103030240908e+07	-1.4901161193847656e-08
549	11.482557	-2.8298103030240890e+07	1.8626451492309570e-08
550	11.298181	-2.8298103030240897e+07	-7.4505805969238281e-09
551	11.332389	-2.8298103030240893e+07	3.7252902984619141e-09
552	11.226711	-2.8298103030240886e+07	7.4505805969238281e-09
553	11.421079	-2.8298103030240905e+07	-1.8626451492309570e-08
554	11.385666	-2.8298103030240886e+07	1.8626451492309570e-08
555	11.308510	-2.8298103030240886e+07	0.0000000000000000e+00
556	11.254588	-2.8298103030240893e+07	-7.4505805969238281e-09
557	11.209259	-2.8298103030240901e+07	-7.4505805969238281e-09
558	11.334317	-2.8298103030240878e+07	2.2351741790771484e-08
559	11.387924	-2.8298103030240886e+07	-7.4505805969238281e-09
560	11.434679	-2.8298103030240882e+07	3.7252902984619141e-09
561	11.219328	-2.8298103030240882e+07	0.0000000000000000e+00
562	11.243243	-2.8298103030240890e+07	-7.4505805969238281e-09
563	11.225382	-2.8298103030240882e+07	7.4505805969238281e-09
564	11.276156	-2.8298103030240886e+07	-3.7252902984619141e-09
565	11.287230	-2.8298103030240901e+07	-1.4901161193847656e-08
566	11.363091	-2.8298103030240893e+07	7.4505805969238281e-09
567	11.295806	-2.8298103030240901e+07	-7.4505805969238281e-09
568	11.219429	-2.8298103030240905e+07	-3.7252902984619141e-09
569	11.437539	-2.8298103030240893e+07	1.1175870895385742e-08
570	11.393612	-2.8298103030240893e+07	0.0000000000000000e+00
571	11.278885	-2.8298103030240893e+07	0.0000000000000000e+00
572	11.261239	-2.8298103030240897e+07	-3.7252902984619141e-09
573	11.189730	-2.8298103030240878e+07	1.8626451492309570e-08
574	11.297229	-2.8298103030240890e+07	-1.1175870895385742e-08
575	11.331207	-2.8298103030240905e+07	-1.4901161193847656e-08
576	11.638062	-2.8298103030240893e+07	1.1175870895385742e-08
577	11.860894	-2.8298103030240893e+07	0.0000000000000000e+00
578	11.760595	-2.8298103030240886e+07	7.4505805969238281e-09
579	11.630746	-2.8298103030240882e+07	3.7252902984619141e-09
580	11.287299	-2.8298103030240893e+07	-1.1175870895385742e-08
581	11.525403	-2.8298103030240886e+07	7.4505805969238281e-09
582	11.187128	-2.8298103030240893e+07	-7.4505805969238281e-09
583	11.480197	-2.8298103030240901e+07	-7.4505805969238281e-09
584	11.463965	-2.8298103030240901e+07	0.0000000000000000e+00
585	11.358384	-2.8298103030240901e+07	0.0000000000000000e+00
586	11.218087	-2.8298103030240893e+07	7.4505805969238281e-09
587	11.390396	-2.8298103030240890e+07	3.7252902984619141e-09
588	11.398786	-2.8298103030240897e+07	-7.4505805969238281e-09
589	11.266152	-2.8298103030240893e+07	3.7252902984619141e-09
590	11.252397	-2.8298103030240893e+07	0.0000000000000000e+00
591	11.210817	-2.8298103030240897e+07	-3.7252902984619141e-09
592	11.346473	-2.8298103030240897e+07	0.0000000000000000e+00
593	11.370470	-2.8298103030240901e+07	-3.7252902984619141e-09
594	11.456140	-2.8298103030240897e+07	3.7252902984619141e-09
595	11.204899	-2.8298103030240901e+07	-3.7252902984619141e-09
596	11.334332	-2.8298103030240897e+07	3.7252902984619141e-09
597	12.097134	-2.8298103030240908e+07	-1.1175870895385742e-08
598	11.696091	-2.8298103030240901e+07	7.4505805969238281e-09
599	11.698020	-2.8298103030240897e+07	3.7252902984619141e-09
600	11.402937	-2.8298103030240901e+07	-3.7252902984619141e-09
601	11.472853	-2.8298103030240897e+07	3.7252902984619141e-09
602	11.212268	-2.8298103030240901e+07	-3.7252902984619141e-09
603	11.386195	-2.8298103030240901e+07	0.0000000000000000e+00
604	11.364953	-2.8298103030240886e+07	1.4901161193847656e-08
605	11.378620	-2.8298103030240890e+07	-3.7252902984619141e-09
606	11.204331	-2.8298103030240886e+07	3.7252902984619141e-09
607	11.368144	-2.8298103030240901e+07	-1.4901161193847656e-08
608	11.342145	-2.8298103030240886e+07	1.4901161193847656e-08
609	11.320197	-2.8298103030240886e+07	0.0000000000000000e+00
610	11.224725	-2.8298103030240893e+07	-7.4505805969238281e-09
611	11.227967	-2.8298103030240886e+07	7.4505805969238281e-09
612	11.351092	-2.8298103030240886e+07	0.0000000000000000e+00
613	11.391191	-2.8298103030240901e+07	-1.4901161193847656e-08
614	11.480925	-2.8298103030240897e+07	3.7252902984619141e-09
615	11.262307	-2.8298103030240882e+07	1.4901161193847656e-08
616	11.193519	-2.8298103030240893e+07	-1.1175870895385742e-08
617	11.215786	-2.8298103030240897e+07	-3.7252902984619141e-09
618	11.275645	-2.8298103030240901e+07	-3.7252902984619141e-09
619	11.302932	-2.8298103030240905e+07	-3.7252902984619141e-09
620	11.339532	-2.8298103030240897e+07	7.4505805969238281e-09
621	11.383265	-2.8298103030240905e+07	-7.4505805969238281e-09
622	11.187212	-2.8298103030240886e+07	1.8626451492309570e-08
623	11.388709	-2.8298103030240893e+07	-7.4505805969238281e-09
624	11.350690	-2.8298103030240893e+07	0.0000000000000000e+00
625	11.286974	-2.8298103030240890e+07	3.7252902984619141e-09
626	11.252245	-2.8298103030240893e+07	-3.7252902984619141e-09
627	11.222614	-2.8298103030240905e+07	-1.1175870895385742e-08
628	11.336673	-2.8298103030240897e+07	7.4505805969238281e-09
629	11.364499	-2.8298103030240901e+07	-3.7252902984619141e-09
630	11.489154	-2.8298103030240893e+07	7.4505805969238281e-09
631	11.236649	-2.8298103030240897e+07	-3.7252902984619141e-09
632	11.288318	-2.8298103030240897e+07	0.0000000000000000e+00
633	11.470109	-2.8298103030240890e+07	7.4505805969238281e-09
634	12.123614	-2.8298103030240893e+07	-3.7252902984619141e-09
635	11.720839	-2.8298103030240882e+07	1.1175870895385742e-08
636	11.572055	-2.8298103030240890e+07	-7.4505805969238281e-09
637	11.518603	-2.8298103030240901e+07	-1.1175870895385742e-08
638	11.376745	-2.8298103030240908e+07	-7.4505805969238281e-09
639	11.316395	-2.8298103030240908e+07	0.0000000000000000e+00
640	11.479336	-2.8298103030240890e+07	1.8626451492309570e-08
641	11.249059	-2.8298103030240886e+07	3.7252902984619141e-09
642	11.189686	-2.8298103030240901e+07	-1.4901161193847656e-08
643	11.293390	-2.8298103030240893e+07	7.4505805969238281e-09
644	11.361942	-2.8298103030240901e+07	-7.4505805969238281e-09
645	11.481884	-2.8298103030240908e+07	-7.4505805969238281e-09
646	11.309042	-2.8298103030240897e+07	1.1175870895385742e-08
647	11.256794	-2.8298103030240871e+07	2.6077032089233398e-08
648	11.228771	-2.8298103030240890e+07	-1.8626451492309570e-08
649	11.301892	-2.8298103030240878e+07	1.1175870895385742e-08
650	11.310435	-2.8298103030240893e+07	-1.4901161193847656e-08
651	11.354130	-2.8298103030240882e+07	1.1175870895385742e-08
652	11.363228	-2.8298103030240897e+07	-1.4901161193847656e-08
653	11.238079	-2.8298103030240882e+07	1.4901161193847656e-08
654	11.444603	-2.8298103030240882e+07	0.0000000000000000e+00
655	11.375093	-2.8298103030240882e+07	0.0000000000000000e+00
656	11.288228	-2.8298103030240886e+07	-3.7252902984619141e-09
657	11.265821	-2.8298103030240890e+07	-3.7252902984619141e-09
658	11.227919	-2.8298103030240893e+07	-3.7252902984619141e-09
659	11.340915	-2.8298103030240882e+07	1.1175870895385742e-08
660	11.412951	-2.8298103030240890e+07	-7.4505805969238281e-09
661	11.497550	-2.8298103030240878e+07	1.1175870895385742e-08
662	11.269005	-2.8298103030240893e+07	-1.4901161193847656e-08
663	11.245600	-2.8298103030240886e+07	7.4505805969238281e-09
664	11.239731	-2.8298103030240886e+07	0.0000000000000000e+00
665	11.274254	-2.8298103030240890e+07	-3.7252902984619141e-09
666	11.355417	-2.8298103030240901e+07	-1.1175870895385742e-08
667	11.396121	-2.8298103030240886e+07	1.4901161193847656e-08
668	11.352909	-2.8298103030240901e+07	-1.4901161193847656e-08
669	11.249512	-2.8298103030240908e+07	-7.4505805969238281e-09
670	11.467654	-2.8298103030240901e+07	7.4505805969238281e-09
671	11.376997	-2.8298103030240901e+07	0.0000000000000000e+00
672	11.257695	-2.8298103030240901e+07	0.0000000000000000e+00
673	11.273119	-2.8298103030240886e+07	1.4901161193847656e-08
674	11.228150	-2.8298103030240890e+07	-3.7252902984619141e-09
675	11.354168	-2.8298103030240886e+07	3.7252902984619141e-09
676	11.417189	-2.8298103030240893e+07	-7.4505805969238281e-09
677	11.492764	-2.8298103030240897e+07	-3.7252902984619141e-09
678	11.254504	-2.8298103030240897e+07	0.0000000000000000e+00
679	11.224758	-2.8298103030240882e+07	1.4901161193847656e-08
680	11.235507	-2.8298103030240875e+07	7.4505805969238281e-09
681	11.354298	-2.8298103030240875e+07	0.0000000000000000e+00
682	11.356490	-2.8298103030240882e+07	-7.4505805969238281e-09
683	11.349685	-2.8298103030240893e+07	-1.1175870895385742e-08
684	11.407626	-2.8298103030240882e+07	1.1175870895385742e-08
685	11.210067	-2.8298103030240890e+07	-7.4505805969238281e-09
686	11.424606	-2.8298103030240886e+07	3.7252902984619141e-09
687	11.423234	-2.8298103030240893e+07	-7.4505805969238281e-09
688	11.294056	-2.8298103030240890e+07	3.7252902984619141e-09
689	11.298632	-2.8298103030240886e+07	3.7252902984619141e-09
690	11.209418	-2.8298103030240886e+07	0.0000000000000000e+00
691	11.394899	-2.8298103030240890e+07	-3.7252902984619141e-09
692	11.425413	-2.8298103030240890e+07	0.0000000000000000e+00
693	11.456214	-2.8298103030240890e+07	0.0000000000000000e+00
694	11.324486	-2.8298103030240890e+07	0.0000000000000000e+00
695	11.330146	-2.8298103030240897e+07	-7.4505805969238281e-09
696	12.183890	-2.8298103030240901e+07	-3.7252902984619141e-09
697	11.669267	-2.8298103030240890e+07	1.1175870895385742e-08
698	11.644741	-2.8298103030240893e+07	-3.7252902984619141e-09
699	11.421777	-2.8298103030240886e+07	7.4505805969238281e-09
700	11.444623	-2.8298103030240893e+07	-7.4505805969238281e-09
701	11.214985	-2.8298103030240890e+07	3.7252902984619141e-09
702	11.408094	-2.8298103030240893e+07	-3.7252902984619141e-09
703	11.313143	-2.8298103030240886e+07	7.4505805969238281e-09
704	11.240278	-2.8298103030240897e+07	-1.1175870895385742e-08
705	11.256137	-2.8298103030240878e+07	1.8626451492309570e-08
706	11.349348	-2.8298103030240886e+07	-7.4505805969238281e-09
707	11.302490	-2.8298103030240882e+07	3.7252902984619141e-09
708	11.325351	-2.8298103030240890e+07	-7.4505805969238281e-09
709	11.331724	-2.8298103030240890e+07	0.0000000000000000e+00
710	11.239246	-2.8298103030240882e+07	7.4505805969238281e-09
711	11.399391	-2.8298103030240890e+07	-7.4505805969238281e-09
712	11.584495	-2.8298103030240890e+07	0.0000000000000000e+00
713	12.003833	-2.8298103030240886e+07	3.7252902984619141e-09
714	11.767092	-2.8298103030240886e+07	0.0000000000000000e+00
715	11.651279	-2.8298103030240882e+07	3.7252902984619141e-09
716	11.357751	-2.8298103030240882e+07	0.0000000000000000e+00
717	11.602652	-2.8298103030240882e+07	0.0000000000000000e+00
718	11.244879	-2.8298103030240886e+07	-3.7252902984619141e-09
719	11.711686	-2.8298103030240878e+07	7.4505805969238281e-09
720	11.938026	-2.8298103030240897e+07	-1.8626451492309570e-08
721	11.589381	-2.8298103030240897e+07	0.0000000000000000e+00
722	11.590127	-2.8298103030240897e+07	0.0000000000000000e+00
723	11.575274	-2.8298103030240897e+07	0.0000000000000000e+00
724	11.436309	-2.8298103030240897e+07	0.0000000000000000e+00
725	11.301603	-2.8298103030240878e+07	1.8626451492309570e-08
726	11.516506	-2.8298103030240893e+07	-1.4901161193847656e-08
727	11.451312	-2.8298103030240882e+07	1.1175870895385742e-08
728	11.271148	-2.8298103030240901e+07	-1.8626451492309570e-08
729	11.271730	-2.8298103030240897e+07	3.7252902984619141e-09
730	11.352631	-2.8298103030240897e+07	0.0000000000000000e+00
731	11.392201	-2.8298103030240897e+07	0.0000000000000000e+00
732	11.460199	-2.8298103030240882e+07	1.4901161193847656e-08
733	11.383149	-2.8298103030240897e+07	-1.4901161193847656e-08
734	11.245310	-2.8298103030240882e+07	1.4901161193847656e-08
735	11.327099	-2.8298103030240893e+07	-1.1175870895385742e-08
736	11.304469	-2.8298103030240897e+07	-3.7252902984619141e-09
737	11.308126	-2.8298103030240897e+07	0.0000000000000000e+00
738	11.312038	-2.8298103030240916e+07	-1.8626451492309570e-08
739	11.255193	-2.8298103030240901e+07	1.4901161193847656e-08
740	11.414401	-2.8298103030240882e+07	1.8626451492309570e-08
741	11.490445	-2.8298103030240905e+07	-2.2351741790771484e-08
742	11.277901	-2.8298103030240912e+07	-7.4505805969238281e-09
743	11.306035	-2.8298103030240901e+07	1.1175870895385742e-08
744	11.258036	-2.8298103030240905e+07	-3.7252902984619141e-09
745	11.295235	-2.8298103030240897e+07	7.4505805969238281e-09
746	11.363924	-2.8298103030240897e+07	0.0000000000000000e+00
747	11.478780	-2.8298103030240882e+07	1.4901161193847656e-08
748	11.493934	-2.8298103030240882e+07	0.0000000000000000e+00
749	11.224874	-2.8298103030240890e+07	-7.4505805969238281e-09
750	11.226383	-2.8298103030240897e+07	-7.4505805969238281e-09
751	11.302757	-2.8298103030240886e+07	1.1175870895385742e-08
752	11.296653	-2.8298103030240890e+07	-3.7252902984619141e-09
753	11.360046	-2.8298103030240886e+07	3.7252902984619141e-09
754	11.339724	-2.8298103030240897e+07	-1.1175870895385742e-08
755	11.247881	-2.8298103030240890e+07	7.4505805969238281e-09
756	11.402772	-2.8298103030240886e+07	3.7252902984619141e-09
757	11.461618	-2.8298103030240890e+07	-3.7252902984619141e-09
758	11.299969	-2.8298103030240893e+07	-3.7252902984619141e-09
759	11.327900	-2.8298103030240886e+07	7.4505805969238281e-09
760	11.266222	-2.8298103030240897e+07	-1.1175870895385742e-08
761	11.321101	-2.8298103030240905e+07	-7.4505805969238281e-09
762	11.390741	-2.8298103030240882e+07	2.2351741790771484e-08
763	11.453745	-2.8298103030240890e+07	-7.4505805969238281e-09
764	11.483846	-2.8298103030240890e+07	0.0000000000000000e+00
765	11.428760	-2.8298103030240890e+07	0.0000000000000000e+00
766	12.090209	-2.8298103030240886e+07	3.7252902984619141e-09
767	11.751846	-2.8298103030240886e+07	0.0000000000000000e+00
768	11.648075	-2.8298103030240901e+07	-1.4901161193847656e-08
769	11.364659	-2.8298103030240893e+07	7.4505805969238281e-09
770	11.481116	-2.8298103030240890e+07	3.7252902984619141e-09
771	11.238766	-2.8298103030240893e+07	-3.7252902984619141e-09
772	11.434534	-2.8298103030240897e+07	-3.7252902984619141e-09
773	11.417486	-2.8298103030240908e+07	-1.1175870895385742e-08
774	11.367405	-2.8298103030240890e+07	1.8626451492309570e-08
775	11.233971	-2.8298103030240897e+07	-7.4505805969238281e-09
776	11.469611	-2.8298103030240893e+07	3.7252902984619141e-09
777	12.063990	-2.8298103030240890e+07	3.7252902984619141e-09
778	11.778909	-2.8298103030240901e+07	-1.1175870895385742e-08
779	11.781812	-2.8298103030240897e+07	3.7252902984619141e-09
780	11.981772	-2.8298103030240897e+07	0.0000000000000000e+00
781	11.565876	-2.8298103030240890e+07	7.4505805969238281e-09
782	11.581806	-2.8298103030240886e+07	3.7252902984619141e-09
783	11.612127	-2.8298103030240890e+07	-3.7252902984619141e-09
784	11.380397	-2.8298103030240897e+07	-7.4505805969238281e-09
785	11.539341	-2.8298103030240893e+07	3.7252902984619141e-09
786	11.987083	-2.8298103030240893e+07	0.0000000000000000e+00
787	11.600082	-2.8298103030240890e+07	3.7252902984619141e-09
788	11.635639	-2.8298103030240901e+07	-1.1175870895385742e-08
789	11.946101	-2.8298103030240886e+07	1.4901161193847656e-08
790	11.765464	-2.8298103030240897e+07	-1.1175870895385742e-08
791	11.668034	-2.8298103030240890e+07	7.4505805969238281e-09
792	11.384169	-2.8298103030240897e+07	-7.4505805969238281e-09
793	11.479393	-2.8298103030240901e+07	-3.7252902984619141e-09
794	11.273052	-2.8298103030240901e+07	0.0000000000000000e+00
795	11.400768	-2.8298103030240890e+07	1.1175870895385742e-08
796	11.374581	-2.8298103030240890e+07	0.0000000000000000e+00
797	11.239035	-2.8298103030240890e+07	0.0000000000000000e+00
798	11.182448	-2.8298103030240901e+07	-1.1175870895385742e-08
799	11.253377	-2.8298103030240886e+07	1.4901161193847656e-08
800	11.320604	-2.8298103030240890e+07	-3.7252902984619141e-09
801	11.328695	-2.8298103030240893e+07	-3.7252902984619141e-09
802	11.336542	-2.8298103030240882e+07	1.1175870895385742e-08
803	11.235755	-2.8298103030240886e+07	-3.7252902984619141e-09
804	11.465832	-2.8298103030240893e+07	-7.4505805969238281e-09
805	11.400826	-2.8298103030240893e+07	0.0000000000000000e+00
806	11.314341	-2.8298103030240890e+07	3.7252902984619141e-09
807	11.307162	-2.8298103030240886e+07	3.7252902984619141e-09
808	11.277339	-2.8298103030240897e+07	-1.1175870895385742e-08
809	11.311236	-2.8298103030240890e+07	7.4505805969238281e-09
810	11.410805	-2.8298103030240878e+07	1.1175870895385742e-08
811	11.433803	-2.8298103030240897e+07	-1.8626451492309570e-08
812	11.895884	-2.8298103030240886e+07	1.1175870895385742e-08
813	11.803924	-2.8298103030240878e+07	7.4505805969238281e-09
814	11.644373	-2.8298103030240890e+07	-1.1175870895385742e-08
815	11.378876	-2.8298103030240882e+07	7.4505805969238281e-09
816	11.606413	-2.8298103030240867e+07	1.4901161193847656e-08
817	11.232145	-2.8298103030240882e+07	-1.4901161193847656e-08
818	11.545717	-2.8298103030240875e+07	7.4505805969238281e-09
819	11.500535	-2.8298103030240886e+07	-1.1175870895385742e-08
820	11.375226	-2.8298103030240886e+07	0.0000000000000000e+00
821	11.238244	-2.8298103030240890e+07	-3.7252902984619141e-09
822	11.432474	-2.8298103030240890e+07	0.0000000000000000e+00
823	11.409718	-2.8298103030240890e+07	0.0000000000000000e+00
824	11.313265	-2.8298103030240882e+07	7.4505805969238281e-09
825	11.269794	-2.8298103030240886e+07	-3.7252902984619141e-09
826	11.523660	-2.8298103030240893e+07	-7.4505805969238281e-09
827	11.925845	-2.8298103030240893e+07	0.0000000000000000e+00
828	11.584402	-2.8298103030240890e+07	3.7252902984619141e-09
829	11.596828	-2.8298103030240886e+07	3.7252902984619141e-09
830	11.530778	-2.8298103030240893e+07	-7.4505805969238281e-09
831	11.363919	-2.8298103030240901e+07	-7.4505805969238281e-09
832	11.252192	-2.8298103030240897e+07	3.7252902984619141e-09
833	11.476952	-2.8298103030240886e+07	1.1175870895385742e-08
834	11.484162	-2.8298103030240893e+07	-7.4505805969238281e-09
835	11.285341	-2.8298103030240871e+07	2.2351741790771484e-08
836	11.278929	-2.8298103030240890e+07	-1.8626451492309570e-08
837	11.299889	-2.8298103030240871e+07	1.8626451492309570e-08
838	11.347747	-2.8298103030240878e+07	-7.4505805969238281e-09
839	11.361768	-2.8298103030240882e+07	-3.7252902984619141e-09
840	11.387025	-2.8298103030240882e+07	0.0000000000000000e+00
841	11.197144	-2.8298103030240882e+07	0.0000000000000000e+00
842	11.418097	-2.8298103030240886e+07	-3.7252902984619141e-09
843	11.296785	-2.8298103030240882e+07	3.7252902984619141e-09
844	11.265394	-2.8298103030240882e+07	0.0000000000000000e+00
845	11.337053	-2.8298103030240886e+07	-3.7252902984619141e-09
846	11.314633	-2.8298103030240893e+07	-7.4505805969238281e-09
847	11.750408	-2.8298103030240897e+07	-3.7252902984619141e-09
848	11.883250	-2.8298103030240882e+07	1.4901161193847656e-08
849	11.565590	-2.8298103030240901e+07	-1.8626451492309570e-08
850	11.356024	-2.8298103030240908e+07	-7.4505805969238281e-09
851	11.606703	-2.8298103030240905e+07	3.7252902984619141e-09
852	11.419479	-2.8298103030240893e+07	1.1175870895385742e-08
853	11.340783	-2.8298103030240897e+07	-3.7252902984619141e-09
854	11.453264	-2.8298103030240897e+07	0.0000000000000000e+00
855	11.270754	-2.8298103030240897e+07	0.0000000000000000e+00
856	11.211159	-2.8298103030240886e+07	1.1175870895385742e-08
857	11.336052	-2.8298103030240893e+07	-7.4505805969238281e-09
858	11.385755	-2.8298103030240897e+07	-3.7252902984619141e-09
859	11.489596	-2.8298103030240893e+07	3.7252902984619141e-09
860	11.235765	-2.8298103030240893e+07	0.0000000000000000e+00
861	11.231319	-2.8298103030240890e+07	3.7252902984619141e-09
862	11.228048	-2.8298103030240893e+07	-3.7252902984619141e-09
863	11.291193	-2.8298103030240878e+07	1.4901161193847656e-08
864	11.301113	-2.8298103030240882e+07	-3.7252902984619141e-09
865	11.329747	-2.8298103030240886e+07	-3.7252902984619141e-09
866	11.345256	-2.8298103030240886e+07	0.0000000000000000e+00
867	11.195356	-2.8298103030240878e+07	7.4505805969238281e-09
868	11.443328	-2.8298103030240886e+07	-7.4505805969238281e-09
869	11.328359	-2.8298103030240886e+07	0.0000000000000000e+00
870	11.257776	-2.8298103030240893e+07	-7.4505805969238281e-09
871	11.532219	-2.8298103030240882e+07	1.1175870895385742e-08
872	11.619153	-2.8298103030240901e+07	-1.8626451492309570e-08
873	12.135143	-2.8298103030240893e+07	7.4505805969238281e-09
874	11.672993	-2.8298103030240882e+07	1.1175870895385742e-08
875	11.561542	-2.8298103030240886e+07	-3.7252902984619141e-09
876	11.263046	-2.8298103030240893e+07	-7.4505805969238281e-09
877	11.486368	-2.8298103030240882e+07	1.1175870895385742e-08
878	11.192172	-2.8298103030240886e+07	-3.7252902984619141e-09
879	11.332202	-2.8298103030240893e+07	-7.4505805969238281e-09
880	11.350029	-2.8298103030240882e+07	1.1175870895385742e-08
881	11.252678	-2.8298103030240897e+07	-1.4901161193847656e-08
882	11.194577	-2.8298103030240878e+07	1.8626451492309570e-08
883	11.271851	-2.8298103030240890e+07	-1.1175870895385742e-08
884	11.351121	-2.8298103030240893e+07	-3.7252902984619141e-09
885	11.374282	-2.8298103030240878e+07	1.4901161193847656e-08
886	11.442744	-2.8298103030240897e+07	-1.8626451492309570e-08
887	11.193785	-2.8298103030240886e+07	1.1175870895385742e-08
888	11.190606	-2.8298103030240867e+07	1.8626451492309570e-08
889	11.269868	-2.8298103030240890e+07	-2.2351741790771484e-08
890	11.296410	-2.8298103030240882e+07	7.4505805969238281e-09
891	11.288792	-2.8298103030240886e+07	-3.7252902984619141e-09
892	11.282027	-2.8298103030240890e+07	-3.7252902984619141e-09
893	11.196593	-2.8298103030240886e+07	3.7252902984619141e-09
894	11.396682	-2.8298103030240893e+07	-7.4505805969238281e-09
895	11.363113	-2.8298103030240886e+07	7.4505805969238281e-09
896	11.278013	-2.8298103030240886e+07	0.0000000000000000e+00
897	11.284465	-2.8298103030240897e+07	-1.1175870895385742e-08
898	11.200065	-2.8298103030240882e+07	1.4901161193847656e-08
899	11.298955	-2.8298103030240882e+07	0.0000000000000000e+00
900	11.336231	-2.8298103030240882e+07	0.0000000000000000e+00
901	11.398809	-2.8298103030240890e+07	-7.4505805969238281e-09
902	11.401413	-2.8298103030240886e+07	3.7252902984619141e-09
903	11.234745	-2.8298103030240882e+07	3.7252902984619141e-09
904	11.211335	-2.8298103030240882e+07	0.0000000000000000e+00
905	11.243948	-2.8298103030240890e+07	-7.4505805969238281e-09
906	11.280697	-2.8298103030240882e+07	7.4505805969238281e-09
907	11.280592	-2.8298103030240890e+07	-7.4505805969238281e-09
908	11.331304	-2.8298103030240890e+07	0.0000000000000000e+00
909	11.192228	-2.8298103030240886e+07	3.7252902984619141e-09
910	11.408723	-2.8298103030240886e+07	0.0000000000000000e+00
911	11.399184	-2.8298103030240882e+07	3.7252902984619141e-09
912	11.236311	-2.8298103030240893e+07	-1.1175870895385742e-08
913	11.256494	-2.8298103030240893e+07	0.0000000000000000e+00
914	11.197550	-2.8298103030240882e+07	1.1175870895385742e-08
915	11.245797	-2.8298103030240886e+07	-3.7252902984619141e-09
916	11.307421	-2.8298103030240882e+07	3.7252902984619141e-09
917	11.377126	-2.8298103030240875e+07	7.4505805969238281e-09
918	11.454800	-2.8298103030240886e+07	-1.1175870895385742e-08
919	11.200022	-2.8298103030240882e+07	3.7252902984619141e-09
920	11.180554	-2.8298103030240890e+07	-7.4505805969238281e-09
921	11.242793	-2.8298103030240886e+07	3.7252902984619141e-09
922	11.289410	-2.8298103030240886e+07	0.0000000000000000e+00
923	11.233474	-2.8298103030240871e+07	1.4901161193847656e-08
924	11.264287	-2.8298103030240882e+07	-1.1175870895385742e-08
925	11.152911	-2.8298103030240878e+07	3.7252902984619141e-09
926	11.360742	-2.8298103030240886e+07	-7.4505805969238281e-09
927	11.440793	-2.8298103030240882e+07	3.7252902984619141e-09
928	11.212207	-2.8298103030240871e+07	1.1175870895385742e-08
929	11.258156	-2.8298103030240871e+07	0.0000000000000000e+00
930	11.216086	-2.8298103030240890e+07	-1.8626451492309570e-08
931	11.235595	-2.8298103030240878e+07	1.1175870895385742e-08
932	11.336304	-2.8298103030240878e+07	0.0000000000000000e+00
933	11.333371	-2.8298103030240875e+07	3.7252902984619141e-09
934	11.427456	-2.8298103030240878e+07	-3.7252902984619141e-09
935	11.181063	-2.8298103030240878e+07	0.0000000000000000e+00
936	11.169690	-2.8298103030240875e+07	3.7252902984619141e-09
937	11.265659	-2.8298103030240875e+07	0.0000000000000000e+00
938	11.255210	-2.8298103030240882e+07	-7.4505805969238281e-09
939	11.252338	-2.8298103030240878e+07	3.7252902984619141e-09
940	11.269538	-2.8298103030240878e+07	0.0000000000000000e+00
941	11.156942	-2.8298103030240875e+07	3.7252902984619141e-09
942	11.363063	-2.8298103030240875e+07	0.0000000000000000e+00
943	11.380664	-2.8298103030240886e+07	-1.1175870895385742e-08
944	11.280368	-2.8298103030240890e+07	-3.7252902984619141e-09
945	11.237434	-2.8298103030240878e+07	1.1175870895385742e-08
946	11.212314	-2.8298103030240890e+07	-1.1175870895385742e-08
947	11.190990	-2.8298103030240893e+07	-3.7252902984619141e-09
948	11.285016	-2.8298103030240878e+07	1.4901161193847656e-08
949	11.300784	-2.8298103030240897e+07	-1.8626451492309570e-08
950	11.342935	-2.8298103030240886e+07	1.1175870895385742e-08
951	11.342364	-2.8298103030240882e+07	3.7252902984619141e-09
952	11.179634	-2.8298103030240886e+07	-3.7252902984619141e-09
953	11.336278	-2.8298103030240897e+07	-1.1175870895385742e-08
954	11.296818	-2.8298103030240893e+07	3.7252902984619141e-09
955	11.237341	-2.8298103030240882e+07	1.1175870895385742e-08
956	11.236772	-2.8298103030240886e+07	-3.7252902984619141e-09
957	11.201892	-2.8298103030240897e+07	-1.1175870895385742e-08
958	11.362857	-2.8298103030240901e+07	-3.7252902984619141e-09
959	11.387128	-2.8298103030240905e+07	-3.7252902984619141e-09
960	11.272405	-2.8298103030240890e+07	1.4901161193847656e-08
961	11.182208	-2.8298103030240901e+07	-1.1175870895385742e-08
962	11.192544	-2.8298103030240893e+07	7.4505805969238281e-09
963	11.185579	-2.8298103030240897e+07	-3.7252902984619141e-09
964	11.269902	-2.8298103030240886e+07	1.1175870895385742e-08
965	11.357922	-2.8298103030240867e+07	1.8626451492309570e-08
966	11.332638	-2.8298103030240886e+07	-1.8626451492309570e-08
967	11.322571	-2.8298103030240886e+07	0.0000000000000000e+00
968	11.193163	-2.8298103030240890e+07	-3.7252902984619141e-09
969	11.409515	-2.8298103030240901e+07	-1.1175870895385742e-08
970	11.289623	-2.8298103030240882e+07	1.8626451492309570e-08
971	11.260272	-2.8298103030240890e+07	-7.4505805969238281e-09
972	11.263275	-2.8298103030240886e+07	3.7252902984619141e-09
973	11.186901	-2.8298103030240882e+07	3.7252902984619141e-09
974	11.350255	-2.8298103030240886e+07	-3.7252902984619141e-09
975	11.363341	-2.8298103030240886e+07	0.0000000000000000e+00
976	11.448890	-2.8298103030240886e+07	0.0000000000000000e+00
977	11.197172	-2.8298103030240890e+07	-3.7252902984619141e-09
978	11.202108	-2.8298103030240890e+07	0.0000000000000000e+00
979	11.173151	-2.8298103030240890e+07	0.0000000000000000e+00
980	11.256448	-2.8298103030240890e+07	0.0000000000000000e+00
981	11.245317	-2.8298103030240893e+07	-3.7252902984619141e-09
982	11.330440	-2.8298103030240875e+07	1.8626451492309570e-08
983	11.292604	-2.8298103030240897e+07	-2.2351741790771484e-08
984	11.156560	-2.8298103030240886e+07	1.1175870895385742e-08
985	11.371377	-2.8298103030240897e+07	-1.1175870895385742e-08
986	11.338173	-2.8298103030240897e+07	0.0000000000000000e+00
987	11.216348	-2.8298103030240882e+07	1.4901161193847656e-08
988	11.195770	-2.8298103030240890e+07	-7.4505805969238281e-09
989	11.295967	-2.8298103030240897e+07	-7.4505805969238281e-09
990	11.414372	-2.8298103030240886e+07	1.1175870895385742e-08
991	12.018887	-2.8298103030240871e+07	1.4901161193847656e-08
992	11.940629	-2.8298103030240878e+07	-7.4505805969238281e-09
993	11.504784	-2.8298103030240882e+07	-3.7252902984619141e-09
994	11.288005	-2.8298103030240878e+07	3.7252902984619141e-09
995	11.457835	-2.8298103030240886e+07	-7.4505805969238281e-09
996	11.205578	-2.8298103030240882e+07	3.7252902984619141e-09
997	11.385921	-2.8298103030240882e+07	0.0000000000000000e+00
998	11.257805	-2.8298103030240882e+07	0.0000000000000000e+00
999	11.101855	-2.8298103030240882e+07	0.0000000000000000e+00
1000	11.272091	-2.8298103030240875e+07	7.4505805969238281e-09

Writing Q matrix to /global/home/users/deboraycb/scratch/atahualpa/analysis/ohana/maf05_3/structure/merge2_20M_allchr_snps_maf05_k4_mi1000_1_q.matrix
Writing F matrix to /global/home/users/deboraycb/scratch/atahualpa/analysis/ohana/maf05_3/structure/merge2_20M_allchr_snps_maf05_k4_mi1000_1_f.matrix
