seed: 2249768495

iter	duration	log_likelihood	delta-lle
0	31.813804	-4.4312891220582284e+07
1	12.082267	-3.9352566054411203e+07	4.9603251661710814e+06
2	12.743544	-3.5112674321691521e+07	4.2398917327196822e+06
3	12.395793	-3.4225845646739878e+07	8.8682867495164275e+05
4	12.402868	-3.3614675596769460e+07	6.1117004997041821e+05
5	12.434087	-3.3050473279769775e+07	5.6420231699968502e+05
6	12.411414	-3.2516378755810972e+07	5.3409452395880222e+05
7	12.428602	-3.1983173073021729e+07	5.3320568278924376e+05
8	12.389321	-3.1450433626069266e+07	5.3273944695246220e+05
9	12.308941	-3.0919237294992305e+07	5.3119633107696101e+05
10	12.256631	-3.0393393882132873e+07	5.2584341285943240e+05
11	12.200726	-2.9880201961475078e+07	5.1319192065779492e+05
12	12.228883	-2.9401707394612011e+07	4.7849456686306745e+05
13	12.081615	-2.8986714101970825e+07	4.1499329264118522e+05
14	12.083702	-2.8667619622518670e+07	3.1909447945215553e+05
15	12.037159	-2.8464695812166918e+07	2.0292381035175174e+05
16	11.979656	-2.8364198504275303e+07	1.0049730789161474e+05
17	12.006968	-2.8325370949972346e+07	3.8827554302956909e+04
18	11.988950	-2.8311934327339645e+07	1.3436622632700950e+04
19	11.885636	-2.8305890934072163e+07	6.0433932674825191e+03
20	11.852764	-2.8302018387558661e+07	3.8725465135015547e+03
21	11.790287	-2.8298994571591929e+07	3.0238159667328000e+03
22	11.792980	-2.8296382093370140e+07	2.6124782217890024e+03
23	11.757370	-2.8293959901126072e+07	2.4221922440677881e+03
24	11.754674	-2.8291668392654341e+07	2.2915084717310965e+03
25	11.722276	-2.8289463774397608e+07	2.2046182567328215e+03
26	11.734854	-2.8287315947132312e+07	2.1478272652961314e+03
27	11.736222	-2.8285197444981545e+07	2.1185021507665515e+03
28	11.716961	-2.8283107518443830e+07	2.0899265377148986e+03
29	11.698591	-2.8281005232779846e+07	2.1022856639847159e+03
30	11.677994	-2.8278872308561258e+07	2.1329242185875773e+03
31	11.699605	-2.8276696593072534e+07	2.1757154887244105e+03
32	11.673021	-2.8274520898341842e+07	2.1756947306916118e+03
33	11.686677	-2.8272356074450940e+07	2.1648238909021020e+03
34	11.662605	-2.8270201285740186e+07	2.1547887107543647e+03
35	11.607485	-2.8268040211892087e+07	2.1610738480985165e+03
36	11.603992	-2.8265887102498770e+07	2.1531093933172524e+03
37	11.579760	-2.8263777012195870e+07	2.1100903028994799e+03
38	11.597092	-2.8261741537761759e+07	2.0354744341112673e+03
39	11.570468	-2.8259809188050330e+07	1.9323497114293277e+03
40	11.548331	-2.8258006840346023e+07	1.8023477043062449e+03
41	11.562048	-2.8256353208403721e+07	1.6536319423019886e+03
42	11.526607	-2.8254848807057638e+07	1.5044013460837305e+03
43	11.537969	-2.8253518809785441e+07	1.3299972721971571e+03
44	11.536619	-2.8252467895537514e+07	1.0509142479263246e+03
45	11.513229	-2.8251686885494228e+07	7.8101004328578711e+02
46	11.506171	-2.8251041171917472e+07	6.4571357675641775e+02
47	11.422302	-2.8250463278335910e+07	5.7789358156174421e+02
48	11.508704	-2.8249919085421603e+07	5.4419291430711746e+02
49	11.525636	-2.8249405775766116e+07	5.1330965548753738e+02
50	11.497212	-2.8248907635575078e+07	4.9814019103720784e+02
51	11.519005	-2.8248416093852568e+07	4.9154172251001000e+02
52	11.501440	-2.8247931495325852e+07	4.8459852671623230e+02
53	11.487935	-2.8247451315976910e+07	4.8017934894189239e+02
54	11.465146	-2.8246972140306331e+07	4.7917567057907581e+02
55	11.446115	-2.8246491171023771e+07	4.8096928256005049e+02
56	11.410836	-2.8246005846754801e+07	4.8532426897063851e+02
57	11.438639	-2.8245513426537119e+07	4.9242021768167615e+02
58	11.422907	-2.8245010002033398e+07	5.0342450372129679e+02
59	11.462596	-2.8244491811973579e+07	5.1819005981832743e+02
60	11.417186	-2.8243955517672136e+07	5.3629430144280195e+02
61	11.447075	-2.8243396724558603e+07	5.5879311353340745e+02
62	11.383427	-2.8242809733471509e+07	5.8699108709394932e+02
63	11.361511	-2.8242185987210091e+07	6.2374626141786575e+02
64	11.385971	-2.8241513645002451e+07	6.7234220764040947e+02
65	11.422229	-2.8240779267186929e+07	7.3437781552225351e+02
66	11.392028	-2.8239968740452755e+07	8.1052673417329788e+02
67	11.392912	-2.8239064304998204e+07	9.0443545455113053e+02
68	11.400251	-2.8238045876081891e+07	1.0184289163127542e+03
69	11.379553	-2.8236887371071938e+07	1.1585050099529326e+03
70	11.401440	-2.8235653339068156e+07	1.2340320037826896e+03
71	11.338139	-2.8234148622540221e+07	1.5047165279351175e+03
72	11.202776	-2.8232587613668915e+07	1.5610088713057339e+03
73	11.278652	-2.8230840958973113e+07	1.7466546958014369e+03
74	11.310050	-2.8228973795310788e+07	1.8671636623255908e+03
75	11.243288	-2.8227448102659740e+07	1.5256926510483027e+03
76	11.189903	-2.8226456247766927e+07	9.9185489281266928e+02
77	11.182897	-2.8225763432202343e+07	6.9281556458398700e+02
78	11.226312	-2.8225138693003707e+07	6.2473919863626361e+02
79	11.210343	-2.8224547000488244e+07	5.9169251546263695e+02
80	11.175781	-2.8224027926971160e+07	5.1907351708412170e+02
81	11.152361	-2.8223472061280228e+07	5.5586569093167782e+02
82	11.176926	-2.8222936210763101e+07	5.3585051712766290e+02
83	11.161272	-2.8222421761583950e+07	5.1444917915016413e+02
84	11.124143	-2.8221931694270317e+07	4.9006731363385916e+02
85	11.215071	-2.8221571044567443e+07	3.6064970287308097e+02
86	11.166568	-2.8221136029930532e+07	4.3501463691145182e+02
87	11.137537	-2.8220740969747655e+07	3.9506018287688494e+02
88	10.923861	-2.8220386958501335e+07	3.5401124631986022e+02
89	11.155075	-2.8220071984260388e+07	3.1497424094751477e+02
90	11.155649	-2.8219794281881150e+07	2.7770237923786044e+02
91	11.104429	-2.8219622751137286e+07	1.7153074386343360e+02
92	11.108908	-2.8219407234243441e+07	2.1551689384505153e+02
93	11.144912	-2.8219278844302077e+07	1.2838994136452675e+02
94	11.109216	-2.8219103022121355e+07	1.7582218072190881e+02
95	11.121573	-2.8218949951866642e+07	1.5307025471329689e+02
96	11.114711	-2.8218813486249510e+07	1.3646561713144183e+02
97	11.098753	-2.8218692065045249e+07	1.2142120426148176e+02
98	11.068613	-2.8218582589585103e+07	1.0947546014562249e+02
99	11.069336	-2.8218482800355967e+07	9.9789229135960340e+01
100	11.093229	-2.8218393326425727e+07	8.9473930239677429e+01
101	11.061506	-2.8218384559316356e+07	8.7671093717217445e+00
102	11.120997	-2.8218309862040870e+07	7.4697275485843420e+01
103	11.109462	-2.8218241299586892e+07	6.8562453977763653e+01
104	11.113358	-2.8218177396437023e+07	6.3903149869292974e+01
105	11.070901	-2.8218118459836517e+07	5.8936600506305695e+01
106	11.099709	-2.8218062946762357e+07	5.5513074159622192e+01
107	11.057837	-2.8218010314710367e+07	5.2632051989436150e+01
108	11.087160	-2.8218019563179843e+07	-9.2484694756567478e+00
109	11.047159	-2.8217965323023461e+07	5.4240156382322311e+01
110	11.063805	-2.8217916064865243e+07	4.9258158218115568e+01
111	11.057720	-2.8217869340254333e+07	4.6724610909819603e+01
112	11.010244	-2.8217825727367997e+07	4.3612886335700750e+01
113	11.039100	-2.8217783974886477e+07	4.1752481520175934e+01
114	11.052879	-2.8217743721449446e+07	4.0253437031060457e+01
115	11.064222	-2.8217763760751240e+07	-2.0039301794022322e+01
116	11.070808	-2.8217720337265555e+07	4.3423485685139894e+01
117	11.050125	-2.8217680435617421e+07	3.9901648133993149e+01
118	11.074642	-2.8217642393992342e+07	3.8041625078767538e+01
119	11.111413	-2.8217606918751791e+07	3.5475240550935268e+01
120	11.073947	-2.8217572943563763e+07	3.3975188028067350e+01
121	11.075873	-2.8217540129272901e+07	3.2814290862530470e+01
122	11.033269	-2.8217567275035903e+07	-2.7145763002336025e+01
123	11.054991	-2.8217530721778076e+07	3.6553257826715708e+01
124	11.037807	-2.8217497326702140e+07	3.3395075935870409e+01
125	11.086750	-2.8217465483749378e+07	3.1842952761799097e+01
126	11.024946	-2.8217435920661964e+07	2.9563087414950132e+01
127	11.025090	-2.8217407560868073e+07	2.8359793890267611e+01
128	10.997823	-2.8217380062673397e+07	2.7498194675892591e+01
129	11.044631	-2.8217412654598359e+07	-3.2591924961656332e+01
130	10.966234	-2.8217380628894586e+07	3.2025703772902489e+01
131	11.033079	-2.8217351940074436e+07	2.8688820149749517e+01
132	11.013397	-2.8217324668240245e+07	2.7271834190934896e+01
133	11.031418	-2.8217299595136311e+07	2.5073103934526443e+01
134	11.022978	-2.8217275737006512e+07	2.3858129799365997e+01
135	11.008192	-2.8217252701799169e+07	2.3035207342356443e+01
136	10.989262	-2.8217231309759777e+07	2.1392039392143488e+01
137	11.047709	-2.8217546651096165e+07	-3.1534133638814092e+02
138	11.014541	-2.8217488788763322e+07	5.7862332843244076e+01
139	11.080465	-2.8217436886774737e+07	5.1901988584548235e+01
140	11.021407	-2.8217387824438859e+07	4.9062335878610611e+01
141	10.999525	-2.8217343403555442e+07	4.4420883417129517e+01
142	11.062484	-2.8217305293289986e+07	3.8110265456140041e+01
143	11.062858	-2.8217269536651723e+07	3.5756638262420893e+01
144	11.035635	-2.8217362226839729e+07	-9.2690188005566597e+01
145	11.102657	-2.8217318362554953e+07	4.3864284776151180e+01
146	11.046528	-2.8217278752492048e+07	3.9610062904655933e+01
147	11.026962	-2.8217240636633500e+07	3.8115858547389507e+01
148	10.993703	-2.8217205845312327e+07	3.4791321173310280e+01
149	11.062716	-2.8217171466973133e+07	3.4378339193761349e+01
150	11.001992	-2.8217139985168152e+07	3.1481804981827736e+01
151	11.062120	-2.8217375830561846e+07	-2.3584539369493723e+02
152	11.011666	-2.8217330578656770e+07	4.5251905076205730e+01
153	11.066503	-2.8217290306196574e+07	4.0272460196167231e+01
154	10.994897	-2.8217252364746921e+07	3.7941449653357267e+01
155	10.839720	-2.8217218961531300e+07	3.3403215620666742e+01
156	11.037188	-2.8217189332932305e+07	2.9628598995506763e+01
157	11.007888	-2.8217161109258644e+07	2.8223673660308123e+01
158	11.003605	-2.8217190605704799e+07	-2.9496446155011654e+01
159	11.095203	-2.8217156436713874e+07	3.4168990924954414e+01
160	11.027262	-2.8217124973770604e+07	3.1462943270802498e+01
161	11.016090	-2.8217093596891828e+07	3.1376878775656223e+01
162	11.019404	-2.8217062526873775e+07	3.1070018053054810e+01
163	11.036722	-2.8217030696198791e+07	3.1830674983561039e+01
164	10.950229	-2.8216999591731086e+07	3.1104467704892159e+01
165	11.037510	-2.8217111301208314e+07	-1.1170947722718120e+02
166	11.063404	-2.8217479800009210e+07	-3.6849880089610815e+02
167	11.018139	-2.8217404490449514e+07	7.5309559695422649e+01
168	11.006871	-2.8217347018077657e+07	5.7472371857613325e+01
169	10.901030	-2.8217375787708528e+07	-2.8769630871713161e+01
170	10.952997	-2.8217321429500911e+07	5.4358207616955042e+01
171	11.044912	-2.8217276037037279e+07	4.5392463631927967e+01
172	11.000879	-2.8217231263914298e+07	4.4773122981190681e+01
173	11.018381	-2.8217188957764603e+07	4.2306149695068598e+01
174	11.064479	-2.8217144876831073e+07	4.4080933529883623e+01
175	11.020815	-2.8217099345952824e+07	4.5530878249555826e+01
176	11.050262	-2.8217333667175360e+07	-2.3432122253626585e+02
177	10.997774	-2.8217274036378466e+07	5.9630796894431114e+01
178	11.065242	-2.8217221580933999e+07	5.2455444466322660e+01
179	11.028002	-2.8217173861813594e+07	4.7719120405614376e+01
180	11.042968	-2.8217137524396349e+07	3.6337417244911194e+01
181	11.042167	-2.8217108844966043e+07	2.8679430305957794e+01
182	11.071703	-2.8217081274246894e+07	2.7570719148963690e+01
183	11.091795	-2.8217116811955128e+07	-3.5537708234041929e+01
184	11.028808	-2.8217083959764827e+07	3.2852190300822258e+01
185	10.999759	-2.8217052983697366e+07	3.0976067461073399e+01
186	11.051026	-2.8217022083541941e+07	3.0900155425071716e+01
187	11.043518	-2.8216991773018271e+07	3.0310523670166731e+01
188	11.004432	-2.8216962620122392e+07	2.9152895879000425e+01
189	11.064652	-2.8216932170830160e+07	3.0449292231351137e+01
190	10.998596	-2.8217221432317335e+07	-2.8926148717477918e+02
191	11.054835	-2.8217178502061833e+07	4.2930255502462387e+01
192	11.025725	-2.8217142134099312e+07	3.6367962520569563e+01
193	11.016689	-2.8217109670876630e+07	3.2463222682476044e+01
194	11.004460	-2.8217082402765863e+07	2.7268110767006874e+01
195	11.013340	-2.8217058544882454e+07	2.3857883408665657e+01
196	11.013196	-2.8217034764457397e+07	2.3780425056815147e+01
197	11.026399	-2.8217179520160846e+07	-1.4475570344924927e+02
198	10.991634	-2.8217140339277647e+07	3.9180883198976517e+01
199	10.984400	-2.8217106292729456e+07	3.4046548191457987e+01
200	11.012916	-2.8217267430201985e+07	-1.6113747252896428e+02
201	11.007403	-2.8217226175856102e+07	4.1254345882683992e+01
202	11.034490	-2.8217189316534430e+07	3.6859321672469378e+01
203	11.001275	-2.8217153208869465e+07	3.6107664965093136e+01
204	10.990677	-2.8217117841822408e+07	3.5367047056555748e+01
205	11.003382	-2.8217086214840770e+07	3.1626981638371944e+01
206	11.048166	-2.8217053314684663e+07	3.2900156106799841e+01
207	11.064684	-2.8217193278587472e+07	-1.3996390280872583e+02
208	11.096907	-2.8217147461551651e+07	4.5817035820335150e+01
209	11.030746	-2.8217105425356273e+07	4.2036195378750563e+01
210	11.039572	-2.8217062857426155e+07	4.2567930117249489e+01
211	11.052734	-2.8217081721112370e+07	-1.8863686215132475e+01
212	11.056847	-2.8217038926132552e+07	4.2794979818165302e+01
213	11.070128	-2.8217009923865739e+07	2.9002266813069582e+01
214	11.067185	-2.8216982505474892e+07	2.7418390847742558e+01
215	11.028024	-2.8216964308512751e+07	1.8196962140500546e+01
216	11.026688	-2.8216946089397036e+07	1.8219115715473890e+01
217	11.046775	-2.8216928130237829e+07	1.7959159206598997e+01
218	11.000105	-2.8217025171691675e+07	-9.7041453845798969e+01
219	11.041474	-2.8216999336904928e+07	2.5834786746650934e+01
220	11.053761	-2.8217092990835588e+07	-9.3653930660337210e+01
221	11.096809	-2.8217063317859631e+07	2.9672975957393646e+01
222	10.993720	-2.8217033489024244e+07	2.9828835386782885e+01
223	11.036806	-2.8217004538796216e+07	2.8950228027999401e+01
224	11.032820	-2.8216978272214729e+07	2.6266581486910582e+01
225	11.048859	-2.8216953036749061e+07	2.5235465668141842e+01
226	11.015377	-2.8217093467493061e+07	-1.4043074399977922e+02
227	11.034449	-2.8217060496464748e+07	3.2971028313040733e+01
228	11.030923	-2.8217166389361814e+07	-1.0589289706572890e+02
229	11.019462	-2.8217129546444342e+07	3.6842917472124100e+01
230	11.011990	-2.8217098160088893e+07	3.1386355448514223e+01
231	11.015512	-2.8217072127446540e+07	2.6032642353326082e+01
232	11.019522	-2.8217049336241908e+07	2.2791204631328583e+01
233	11.034081	-2.8217025914799429e+07	2.3421442478895187e+01
234	11.034184	-2.8217005091523007e+07	2.0823276422917843e+01
235	10.994698	-2.8217130984704494e+07	-1.2589318148791790e+02
236	11.036426	-2.8217078383833494e+07	5.2600871000438929e+01
237	11.034122	-2.8217036524850558e+07	4.1858982935547829e+01
238	11.004951	-2.8216996083193805e+07	4.0441656753420830e+01
239	11.020073	-2.8216956823174797e+07	3.9260019008070230e+01
240	11.032070	-2.8216927487489160e+07	2.9335685636848211e+01
241	11.052688	-2.8216899914915964e+07	2.7572573196142912e+01
242	11.000505	-2.8217000549080212e+07	-1.0063416424766183e+02
243	11.064881	-2.8217040699164607e+07	-4.0150084394961596e+01
244	11.016126	-2.8217014419443440e+07	2.6279721166938543e+01
245	11.040942	-2.8216990353971794e+07	2.4065471645444632e+01
246	11.075449	-2.8216969032767683e+07	2.1321204110980034e+01
247	11.036604	-2.8216951562832899e+07	1.7469934783875942e+01
248	11.010931	-2.8216935344307441e+07	1.6218525458127260e+01
249	11.069269	-2.8216919274898127e+07	1.6069409314543009e+01
250	11.041139	-2.8217058145487465e+07	-1.3887058933824301e+02
251	11.045432	-2.8217030033118766e+07	2.8112368699163198e+01
252	11.048496	-2.8217006634957708e+07	2.3398161057382822e+01
253	11.057257	-2.8216985201217327e+07	2.1433740381151438e+01
254	11.069225	-2.8216967442280598e+07	1.7758936729282141e+01
255	11.042474	-2.8216951052736010e+07	1.6389544587582350e+01
256	11.056928	-2.8216935052411295e+07	1.6000324714928865e+01
257	11.071135	-2.8216922001301680e+07	1.3051109615713358e+01
258	11.031664	-2.8217200416762110e+07	-2.7841546043008566e+02
259	11.058728	-2.8217154215789746e+07	4.6200972363352776e+01
260	11.032507	-2.8217115763584245e+07	3.8452205501496792e+01
261	11.007316	-2.8217081195839792e+07	3.4567744452506304e+01
262	11.032247	-2.8217051759137999e+07	2.9436701793223619e+01
263	11.003917	-2.8217025980947565e+07	2.5778190433979034e+01
264	10.983255	-2.8217002549990326e+07	2.3430957239121199e+01
265	11.040469	-2.8217180804820128e+07	-1.7825482980161905e+02
266	10.989142	-2.8217141432108473e+07	3.9372711654752493e+01
267	11.057336	-2.8217107365934711e+07	3.4066173762083054e+01
268	11.006077	-2.8217075328901760e+07	3.2037032950669527e+01
269	11.012978	-2.8217048401515275e+07	2.6927386485040188e+01
270	11.019231	-2.8217024450860962e+07	2.3950654312968254e+01
271	11.037661	-2.8217000857120682e+07	2.3593740280717611e+01
272	11.030580	-2.8217103377050590e+07	-1.0251992990821600e+02
273	11.067443	-2.8217069208390836e+07	3.4168659754097462e+01
274	10.994634	-2.8217039412318133e+07	2.9796072702854872e+01
275	11.087449	-2.8217010800551482e+07	2.8611766651272774e+01
276	10.981425	-2.8216985206825901e+07	2.5593725580722094e+01
277	11.019469	-2.8216960836209174e+07	2.4370616726577282e+01
278	11.032619	-2.8216935876943305e+07	2.4959265869110823e+01
279	11.044414	-2.8216972491825998e+07	-3.6614882692694664e+01
280	11.015774	-2.8216951472586602e+07	2.1019239395856857e+01
281	11.022604	-2.8216933740530062e+07	1.7732056539505720e+01
282	11.016713	-2.8216916613315023e+07	1.7127215038985014e+01
283	10.805048	-2.8216900575037364e+07	1.6038277659565210e+01
284	11.045591	-2.8216884464689825e+07	1.6110347539186478e+01
285	11.034400	-2.8216867868739869e+07	1.6595949955284595e+01
286	11.014475	-2.8217022644312944e+07	-1.5477557307481766e+02
287	11.002420	-2.8216998229344930e+07	2.4414968013763428e+01
288	11.013084	-2.8216978240384601e+07	1.9988960329443216e+01
289	11.042206	-2.8216959557787377e+07	1.8682597223669291e+01
290	10.942497	-2.8216943501821943e+07	1.6055965434759855e+01
291	11.062855	-2.8216929635559447e+07	1.3866262495517731e+01
292	11.058188	-2.8216916591052011e+07	1.3044507436454296e+01
293	11.017315	-2.8216904689765714e+07	1.1901286296546459e+01
294	11.054053	-2.8217434726330474e+07	-5.3003656475991011e+02
295	11.033039	-2.8217363888462905e+07	7.0837867569178343e+01
296	11.014443	-2.8217305896030318e+07	5.7992432586848736e+01
297	11.016057	-2.8217249594739307e+07	5.6301291011273861e+01
298	11.208411	-2.8217197709224273e+07	5.1885515034198761e+01
299	11.047507	-2.8217159465365704e+07	3.8243858568370342e+01
300	11.044562	-2.8217119327070434e+07	4.0138295270502567e+01
301	11.020891	-2.8217369860063389e+07	-2.5053299295529723e+02
302	10.991997	-2.8217311961665288e+07	5.7898398101329803e+01
303	11.019628	-2.8217257804912284e+07	5.4156753003597260e+01
304	11.049139	-2.8217204484137021e+07	5.3320775263011456e+01
305	11.025219	-2.8217158393445123e+07	4.6090691898018122e+01
306	11.026204	-2.8217114636548888e+07	4.3756896235048771e+01
307	11.018116	-2.8217072597952984e+07	4.2038595903664827e+01
308	11.041996	-2.8217112029346917e+07	-3.9431393932551146e+01
309	11.035179	-2.8217074175077341e+07	3.7854269575327635e+01
310	11.039818	-2.8217039037815068e+07	3.5137262273579836e+01
311	11.047642	-2.8217004059683606e+07	3.4978131461888552e+01
312	11.106758	-2.8216969879285756e+07	3.4180397849529982e+01
313	11.076598	-2.8216934990965102e+07	3.4888320654630661e+01
314	11.044293	-2.8217035618236423e+07	-1.0062727132067084e+02
315	11.056073	-2.8216992357132439e+07	4.3261103983968496e+01
316	10.998523	-2.8216968458149310e+07	2.3898983128368855e+01
317	11.008843	-2.8217133193131030e+07	-1.6473498171940446e+02
318	11.041326	-2.8217095695902858e+07	3.7497228171676397e+01
319	11.004107	-2.8217214106662650e+07	-1.1841075979173183e+02
320	11.010636	-2.8217172899021830e+07	4.1207640819251537e+01
321	11.029800	-2.8217135119973492e+07	3.7779048338532448e+01
322	11.037620	-2.8217100077357288e+07	3.5042616203427315e+01
323	11.078049	-2.8217067518863924e+07	3.2558493364602327e+01
324	11.006953	-2.8217035420825273e+07	3.2098038651049137e+01
325	10.997400	-2.8217003704073429e+07	3.1716751843690872e+01
326	11.015555	-2.8217302277493477e+07	-2.9857342004776001e+02
327	10.931945	-2.8217252997271191e+07	4.9280222285538912e+01
328	11.038595	-2.8217208205816638e+07	4.4791454553604126e+01
329	11.018344	-2.8217164914670102e+07	4.3291146535426378e+01
330	11.039498	-2.8217127950161148e+07	3.6964508954435587e+01
331	11.041386	-2.8217096014542166e+07	3.1935618981719017e+01
332	11.048199	-2.8217064585250471e+07	3.1429291695356369e+01
333	11.014932	-2.8217177580048803e+07	-1.1299479833245277e+02
334	11.034045	-2.8217135594005011e+07	4.1986043792217970e+01
335	11.020012	-2.8217096100707807e+07	3.9493297204375267e+01
336	11.001619	-2.8217062862707913e+07	3.3237999893724918e+01
337	11.027292	-2.8217030660257690e+07	3.2202450223267078e+01
338	11.031708	-2.8216997744181778e+07	3.2916075911372900e+01
339	11.012945	-2.8216963080448348e+07	3.4663733430206776e+01
340	10.989097	-2.8216930540253252e+07	3.2540195096284151e+01
341	11.033627	-2.8217096836254954e+07	-1.6629600170254707e+02
342	11.018078	-2.8217061997376896e+07	3.4838878057897091e+01
343	11.020904	-2.8217031134249408e+07	3.0863127488642931e+01
344	10.966798	-2.8217002888139687e+07	2.8246109720319510e+01
345	11.060967	-2.8216976831804037e+07	2.6056335650384426e+01
346	10.977699	-2.8216951828020927e+07	2.5003783110529184e+01
347	11.110481	-2.8216927164581306e+07	2.4663439620286226e+01
348	11.017599	-2.8217036976914991e+07	-1.0981233368441463e+02
349	11.056741	-2.8217015113882855e+07	2.1863032136112452e+01
350	11.040806	-2.8216993207553495e+07	2.1906329359859228e+01
351	11.034410	-2.8216972823624596e+07	2.0383928898721933e+01
352	11.028936	-2.8216955769487262e+07	1.7054137334227562e+01
353	11.040193	-2.8216940302910790e+07	1.5466576471924782e+01
354	10.994139	-2.8216925162015196e+07	1.5140895593911409e+01
355	11.075378	-2.8217044631954569e+07	-1.1946993937343359e+02
356	11.050214	-2.8217021040067799e+07	2.3591886769980192e+01
357	11.077540	-2.8216999929046735e+07	2.1111021064221859e+01
358	11.032815	-2.8216979993505556e+07	1.9935541179031134e+01
359	11.061020	-2.8216963696517762e+07	1.6296987794339657e+01
360	11.036608	-2.8216947367691997e+07	1.6328825764358044e+01
361	11.045235	-2.8216931743464351e+07	1.5624227646738291e+01
362	10.948537	-2.8217045539914712e+07	-1.1379645036160946e+02
363	11.039261	-2.8217021029238399e+07	2.4510676313191652e+01
364	11.012688	-2.8216999930181883e+07	2.1099056515842676e+01
365	10.985531	-2.8216979994833950e+07	1.9935347933322191e+01
366	11.002619	-2.8216963697279770e+07	1.6297554180026054e+01
367	11.026208	-2.8216947367564332e+07	1.6329715438187122e+01
368	11.025906	-2.8216931743982263e+07	1.5623582068830729e+01
369	11.000737	-2.8217045170944452e+07	-1.1342696218937635e+02
370	11.008607	-2.8217021024857521e+07	2.4146086931228638e+01
371	11.057638	-2.8216999926014487e+07	2.1098843034356833e+01
372	11.006172	-2.8216979990850732e+07	1.9935163754969835e+01
373	11.059187	-2.8216963693534214e+07	1.6297316517680883e+01
374	11.056723	-2.8216947363773368e+07	1.6329760845750570e+01
375	11.064510	-2.8216931740377512e+07	1.5623395856469870e+01
376	10.878365	-2.8216916616871115e+07	1.5123506397008896e+01
377	11.020353	-2.8216901959568433e+07	1.4657302681356668e+01
378	11.007170	-2.8217348275265053e+07	-4.4631569661945105e+02
379	11.036659	-2.8217278218281832e+07	7.0056983221322298e+01
380	10.912758	-2.8217225702163626e+07	5.2516118206083775e+01
381	11.015771	-2.8217173907157250e+07	5.1795006375759840e+01
382	11.018591	-2.8217126494430419e+07	4.7412726830691099e+01
383	11.006638	-2.8217087720213108e+07	3.8774217311292887e+01
384	11.090686	-2.8217057232183043e+07	3.0488030064851046e+01
385	11.049891	-2.8217299624082737e+07	-2.4239189969375730e+02
386	11.021726	-2.8217248973841961e+07	5.0650240775197744e+01
387	11.029516	-2.8217203424494267e+07	4.5549347694963217e+01
388	11.037332	-2.8217160647577852e+07	4.2776916414499283e+01
389	11.065525	-2.8217126502979208e+07	3.4144598644226789e+01
390	10.992201	-2.8217095875090975e+07	3.0627888232469559e+01
391	11.031436	-2.8217065444691278e+07	3.0430399697273970e+01
392	11.013162	-2.8217300769147340e+07	-2.3532445606216788e+02
393	11.050345	-2.8217250571989264e+07	5.0197158075869083e+01
394	11.008479	-2.8217205126775518e+07	4.5445213746279478e+01
395	10.993792	-2.8217166697037831e+07	3.8429737687110901e+01
396	10.986466	-2.8217132803087473e+07	3.3893950358033180e+01
397	11.042881	-2.8217101699079499e+07	3.1104007974267006e+01
398	10.893792	-2.8217071743438277e+07	2.9955641221255064e+01
399	10.999080	-2.8217105085166126e+07	-3.3341727849096060e+01
400	10.973473	-2.8217067448332600e+07	3.7636833526194096e+01
401	11.065420	-2.8217033662609082e+07	3.3785723518580198e+01
402	10.992932	-2.8217000674614485e+07	3.2987994596362114e+01
403	11.007036	-2.8216968885618947e+07	3.1788995537906885e+01
404	11.063745	-2.8216935653707221e+07	3.3231911726295948e+01
405	11.001577	-2.8217012332079913e+07	-7.6678372692316771e+01
406	11.007337	-2.8216969462905951e+07	4.2869173962622881e+01
407	11.014934	-2.8216941026912119e+07	2.8435993831604719e+01
408	11.015745	-2.8216925401559535e+07	1.5625352583825588e+01
409	11.069226	-2.8216909764260575e+07	1.5637298960238695e+01
410	11.006877	-2.8216894136373743e+07	1.5627886831760406e+01
411	11.059392	-2.8216878479684208e+07	1.5656689535826445e+01
412	11.015139	-2.8217021366621073e+07	-1.4288693686574697e+02
413	10.991396	-2.8216996164109368e+07	2.5202511705458164e+01
414	11.047773	-2.8216975448132329e+07	2.0715977039188147e+01
415	11.039703	-2.8216956898663398e+07	1.8549468930810690e+01
416	11.037778	-2.8216942004292019e+07	1.4894371379166842e+01
417	11.013751	-2.8216928870552633e+07	1.3133739385753870e+01
418	11.072966	-2.8216915478984468e+07	1.3391568165272474e+01
419	11.076751	-2.8217027487948682e+07	-1.1200896421447396e+02
420	11.018679	-2.8217003198902823e+07	2.4289045859128237e+01
421	11.063087	-2.8216982818060119e+07	2.0380842704325914e+01
422	11.054464	-2.8216964087412938e+07	1.8730647180229425e+01
423	11.033455	-2.8216949049922001e+07	1.5037490937858820e+01
424	11.016210	-2.8216934871613190e+07	1.4178308811038733e+01
425	11.050061	-2.8216920870324295e+07	1.4001288894563913e+01
426	10.964948	-2.8217026525135472e+07	-1.0565481117740273e+02
427	11.038794	-2.8217003203318745e+07	2.3321816727519035e+01
428	10.986997	-2.8216982822381418e+07	2.0380937326699495e+01
429	11.024225	-2.8216964090463035e+07	1.8731918383389711e+01
430	11.001639	-2.8216949052951291e+07	1.5037511743605137e+01
431	10.787894	-2.8216934875446297e+07	1.4177504993975163e+01
432	11.011224	-2.8216920874382600e+07	1.4001063697040081e+01
433	11.044760	-2.8216908469101042e+07	1.2405281558632851e+01
434	11.028563	-2.8217083698591691e+07	-1.7522949064895511e+02
435	11.031219	-2.8217050868441526e+07	3.2830150164663792e+01
436	10.986831	-2.8217021014788013e+07	2.9853653512895107e+01
437	11.028938	-2.8216993791520920e+07	2.7223267093300819e+01
438	11.008897	-2.8216969954992019e+07	2.3836528901010752e+01
439	10.928878	-2.8216946159823485e+07	2.3795168533921242e+01
440	10.953331	-2.8216924683296703e+07	2.1476526781916618e+01
441	11.021450	-2.8217118195922121e+07	-1.9351262541860342e+02
442	11.007510	-2.8217082250041854e+07	3.5945880267769098e+01
443	11.019286	-2.8217054796233512e+07	2.7453808341175318e+01
444	11.030196	-2.8217029549873631e+07	2.5246359881013632e+01
445	11.104581	-2.8217008568452429e+07	2.0981421202421188e+01
446	11.007194	-2.8216989299502920e+07	1.9268949508666992e+01
447	11.050815	-2.8216970033270840e+07	1.9266232080757618e+01
448	11.023909	-2.8217141501677629e+07	-1.7146840678900480e+02
449	11.078745	-2.8217104732693098e+07	3.6768984530121088e+01
450	11.044391	-2.8217073662246052e+07	3.1070447046309710e+01
451	11.038042	-2.8217044528020207e+07	2.9134225845336914e+01
452	11.058596	-2.8217020074834727e+07	2.4453185480087996e+01
453	11.004606	-2.8216999446652692e+07	2.0628182034939528e+01
454	11.006308	-2.8216978811625574e+07	2.0635027118027210e+01
455	11.067178	-2.8217149010312233e+07	-1.7019868665933609e+02
456	11.000589	-2.8217111848636411e+07	3.7161675821989775e+01
457	11.046140	-2.8217080988071300e+07	3.0860565111041069e+01
458	11.043264	-2.8217052230322070e+07	2.8757749229669571e+01
459	11.033863	-2.8217028539105568e+07	2.3691216502338648e+01
460	10.999196	-2.8217006830692526e+07	2.1708413042128086e+01
461	11.000206	-2.8216985359337613e+07	2.1471354912966490e+01
462	11.056301	-2.8217148365919549e+07	-1.6300658193603158e+02
463	11.044474	-2.8217111664672051e+07	3.6701247498393059e+01
464	11.000954	-2.8217080773167320e+07	3.0891504731029272e+01
465	11.024220	-2.8217051868489120e+07	2.8904678199440241e+01
466	10.991602	-2.8217028026552785e+07	2.3841936334967613e+01
467	11.071730	-2.8217006203922048e+07	2.1822630736976862e+01
468	11.026736	-2.8216984677867573e+07	2.1526054475456476e+01
469	10.994610	-2.8217086776238918e+07	-1.0209837134554982e+02
470	10.996510	-2.8217054600104515e+07	3.2176134403795004e+01
471	11.026599	-2.8217025973179173e+07	2.8626925341784954e+01
472	11.028831	-2.8216999419039357e+07	2.6554139815270901e+01
473	10.999865	-2.8216976965340707e+07	2.2453698650002480e+01
474	11.015453	-2.8216954473342072e+07	2.2491998635232449e+01
475	11.008165	-2.8216933994411808e+07	2.0478930264711380e+01
476	11.004749	-2.8217172933998834e+07	-2.3893958702683449e+02
477	11.009988	-2.8217127673524316e+07	4.5260474517941475e+01
478	11.015144	-2.8217085397520468e+07	4.2276003848761320e+01
479	11.008443	-2.8217045277497903e+07	4.0120022565126419e+01
480	10.826158	-2.8217018530507892e+07	2.6746990010142326e+01
481	10.929124	-2.8216996795977503e+07	2.1734530389308929e+01
482	11.049503	-2.8216975882919651e+07	2.0913057852536440e+01
483	11.024583	-2.8217291125455376e+07	-3.1524253572523594e+02
484	11.047329	-2.8217235591501724e+07	5.5533953651785851e+01
485	11.014366	-2.8217183093320820e+07	5.2498180903494358e+01
486	11.060796	-2.8217136367684714e+07	4.6725636105984449e+01
487	11.061296	-2.8217093194171276e+07	4.3173513438552618e+01
488	11.013289	-2.8217054167616807e+07	3.9026554469019175e+01
489	11.043663	-2.8217012610782642e+07	4.1556834165006876e+01
490	10.992434	-2.8217381411879428e+07	-3.6880109678581357e+02
491	11.102394	-2.8217321541746750e+07	5.9870132677257061e+01
492	11.118277	-2.8217269130199343e+07	5.2411547407507896e+01
493	11.049132	-2.8217222139648266e+07	4.6990551076829433e+01
494	11.046324	-2.8217182230431154e+07	3.9909217111766338e+01
495	11.046071	-2.8217147725605261e+07	3.4504825893789530e+01
496	11.040907	-2.8217112260633100e+07	3.5464972160756588e+01
497	11.023612	-2.8217284616143353e+07	-1.7235551025345922e+02
498	11.042552	-2.8217228193244539e+07	5.6422898814082146e+01
499	10.990655	-2.8217178978194151e+07	4.9215050388127565e+01
500	11.047158	-2.8217131382904541e+07	4.7595289610326290e+01
501	11.003957	-2.8217088809442062e+07	4.2573462478816509e+01
502	11.011423	-2.8217048612704396e+07	4.0196737665683031e+01
503	10.972014	-2.8217151310983080e+07	-1.0269827868416905e+02
504	11.045310	-2.8217091254626259e+07	6.0056356821209192e+01
505	10.990870	-2.8217058035962172e+07	3.3218664087355137e+01
506	10.996150	-2.8217028898695584e+07	2.9137266587466002e+01
507	11.051641	-2.8217004353051502e+07	2.4545644082129002e+01
508	10.985509	-2.8216979052456535e+07	2.5300594966858625e+01
509	11.000394	-2.8217110244737208e+07	-1.3119228067249060e+02
510	10.985075	-2.8217077104402661e+07	3.3140334546566010e+01
511	11.028302	-2.8217047778839752e+07	2.9325562909245491e+01
512	10.973742	-2.8217020587076090e+07	2.7191763661801815e+01
513	11.064950	-2.8216996233160831e+07	2.4353915259242058e+01
514	11.018119	-2.8217027765606333e+07	-3.1532445501536131e+01
515	11.036224	-2.8217167139758952e+07	-1.3937415261939168e+02
516	11.004427	-2.8217239013454054e+07	-7.1873695101588964e+01
517	11.052526	-2.8217191597806487e+07	4.7415647566318512e+01
518	11.014201	-2.8217146487350367e+07	4.5110456120222807e+01
519	11.040825	-2.8217106620489210e+07	3.9866861157119274e+01
520	11.018382	-2.8217071917642586e+07	3.4702846623957157e+01
521	11.072170	-2.8217036551171690e+07	3.5366470895707607e+01
522	11.006864	-2.8217000823552430e+07	3.5727619260549545e+01
523	11.012103	-2.8217299149441067e+07	-2.9832588863745332e+02
524	10.841066	-2.8217245644226789e+07	5.3505214277654886e+01
525	11.034940	-2.8217196658546783e+07	4.8985680006444454e+01
526	11.063314	-2.8217152239765614e+07	4.4418781168758869e+01
527	11.054933	-2.8217292935763642e+07	-1.4069599802792072e+02
528	11.034725	-2.8217237168100741e+07	5.5767662901431322e+01
529	11.036555	-2.8217188741585959e+07	4.8426514782011509e+01
530	10.974952	-2.8217141617155969e+07	4.7124429989606142e+01
531	11.067232	-2.8217099629789293e+07	4.1987366676330566e+01
532	11.006803	-2.8217061307496306e+07	3.8322292987257242e+01
533	11.045119	-2.8217171690249737e+07	-1.1038275343179703e+02
534	11.021204	-2.8217116871330019e+07	5.4818919718265533e+01
535	11.006348	-2.8217066453357946e+07	5.0417972072958946e+01
536	10.991520	-2.8217015901887100e+07	5.0551470845937729e+01
537	11.065667	-2.8216992635238573e+07	2.3266648527234793e+01
538	11.053890	-2.8216973042828016e+07	1.9592410556972027e+01
539	11.040815	-2.8217037625397660e+07	-6.4582569643855095e+01
540	10.991964	-2.8217258880949683e+07	-2.2125555202364922e+02
541	11.047319	-2.8217204377520040e+07	5.4503429643809795e+01
542	10.974332	-2.8217158874460366e+07	4.5503059674054384e+01
543	10.993776	-2.8217121176226411e+07	3.7698233954608440e+01
544	11.039967	-2.8217086893125642e+07	3.4283100768923759e+01
545	11.053914	-2.8217053836482126e+07	3.3056643515825272e+01
546	11.041947	-2.8217022463671252e+07	3.1372810874134302e+01
547	11.053259	-2.8216990542193010e+07	3.1921478241682053e+01
548	11.036982	-2.8217216170043215e+07	-2.2562785020470619e+02
549	11.093631	-2.8217170515903424e+07	4.5654139790683985e+01
550	11.021567	-2.8217128525901895e+07	4.1990001529455185e+01
551	11.009194	-2.8217089888517458e+07	3.8637384437024593e+01
552	11.024737	-2.8217055346125297e+07	3.4542392160743475e+01
553	11.036422	-2.8217023392063972e+07	3.1954061325639486e+01
554	11.018951	-2.8216990854503304e+07	3.2537560667842627e+01
555	11.086324	-2.8217282470743999e+07	-2.9161624069511890e+02
556	11.003062	-2.8217234120060150e+07	4.8350683849304914e+01
557	11.023424	-2.8217191128908440e+07	4.2991151709109545e+01
558	11.025632	-2.8217149279381692e+07	4.1849526748061180e+01
559	11.008746	-2.8217111605539206e+07	3.7673842485994101e+01
560	11.005138	-2.8217081331705406e+07	3.0273833800107241e+01
561	11.004387	-2.8217050096769474e+07	3.1234935931861401e+01
562	10.925055	-2.8217253909336250e+07	-2.0381256677582860e+02
563	10.967583	-2.8217206427100755e+07	4.7482235495001078e+01
564	10.985435	-2.8217164640393425e+07	4.1786707330495119e+01
565	11.036319	-2.8217124095904328e+07	4.0544489096850157e+01
566	11.047037	-2.8217089238751251e+07	3.4857153076678514e+01
567	11.014886	-2.8217054728493921e+07	3.4510257329791784e+01
568	11.014091	-2.8217193928685304e+07	-1.3920019138231874e+02
569	10.980698	-2.8217152227524363e+07	4.1701160941272974e+01
570	11.015995	-2.8217112936053980e+07	3.9291470382362604e+01
571	11.029690	-2.8217079990489773e+07	3.2945564206689596e+01
572	10.859982	-2.8217047895872246e+07	3.2094617526978254e+01
573	11.034549	-2.8217016408684809e+07	3.1487187437713146e+01
574	10.992356	-2.8216983422047939e+07	3.2986636869609356e+01
575	11.035806	-2.8217226181625720e+07	-2.4275957778096199e+02
576	11.004832	-2.8217181245917939e+07	4.4935707781463861e+01
577	11.013027	-2.8217140785761282e+07	4.0460156656801701e+01
578	11.063198	-2.8217102260084111e+07	3.8525677170604467e+01
579	11.030924	-2.8217067522930190e+07	3.4737153921276331e+01
580	10.987043	-2.8217034935000341e+07	3.2587929848581553e+01
581	11.066519	-2.8217002667556539e+07	3.2267443802207708e+01
582	10.924598	-2.8217108053090468e+07	-1.0538553392887115e+02
583	11.021139	-2.8217066901541084e+07	4.1151549383997917e+01
584	11.039166	-2.8217039104121871e+07	2.7797419212758541e+01
585	11.065419	-2.8217010899253048e+07	2.8204868823289871e+01
586	11.045660	-2.8216985834666450e+07	2.5064586598426104e+01
587	11.051515	-2.8216960074244555e+07	2.5760421894490719e+01
588	11.033068	-2.8216934327821348e+07	2.5746423207223415e+01
589	11.016925	-2.8216980211443312e+07	-4.5883621964603662e+01
590	11.001933	-2.8216957829584777e+07	2.2381858535110950e+01
591	11.057985	-2.8216938098599087e+07	1.9730985689908266e+01
592	10.995096	-2.8216919262323529e+07	1.8836275558918715e+01
593	11.032253	-2.8216902832177743e+07	1.6430145785212517e+01
594	11.045100	-2.8216886972883757e+07	1.5859293986111879e+01
595	11.074502	-2.8216870845662728e+07	1.6127221029251814e+01
596	11.010374	-2.8217032769371111e+07	-1.6192370838299394e+02
597	11.000358	-2.8217008595201198e+07	2.4174169912934303e+01
598	10.977918	-2.8216987487195037e+07	2.1108006160706282e+01
599	11.068894	-2.8216968661707964e+07	1.8825487073510885e+01
600	11.061888	-2.8216952856759537e+07	1.5804948426783085e+01
601	11.056932	-2.8216937472246695e+07	1.5384512841701508e+01
602	11.039024	-2.8216922634960163e+07	1.4837286531925201e+01
603	10.925352	-2.8216908378348932e+07	1.4256611231714487e+01
604	10.972750	-2.8217101304545127e+07	-1.9292619619518518e+02
605	11.028773	-2.8217067821873430e+07	3.3482671696692705e+01
606	11.016048	-2.8217036809551310e+07	3.1012322120368481e+01
607	11.059418	-2.8217007652282223e+07	2.9157269086688757e+01
608	10.986463	-2.8216981687241610e+07	2.5965040612965822e+01
609	11.018961	-2.8216957408784490e+07	2.4278457120060921e+01
610	11.031684	-2.8217006674615752e+07	-4.9265831261873245e+01
611	11.029557	-2.8216981787678994e+07	2.4886936757713556e+01
612	11.022991	-2.8216960459310140e+07	2.1328368853777647e+01
613	11.023650	-2.8216941679921497e+07	1.8779388643801212e+01
614	11.041243	-2.8216924870967746e+07	1.6808953750878572e+01
615	11.025886	-2.8216907722406469e+07	1.7148561276495457e+01
616	10.974376	-2.8216992577407986e+07	-8.4855001516640186e+01
617	11.075176	-2.8217210186043710e+07	-2.1760863572359085e+02
618	11.059289	-2.8217162980319254e+07	4.7205724455416203e+01
619	11.019182	-2.8217120614316408e+07	4.2366002846509218e+01
620	11.052507	-2.8217080598108906e+07	4.0016207501292229e+01
621	11.012432	-2.8217266754862551e+07	-1.8615675364434719e+02
622	11.011614	-2.8217217244958505e+07	4.9509904045611620e+01
623	11.078491	-2.8217174652288876e+07	4.2592669628560543e+01
624	11.042562	-2.8217133727599040e+07	4.0924689836800098e+01
625	11.032338	-2.8217097985864297e+07	3.5741734743118286e+01
626	11.058828	-2.8217064183313962e+07	3.3802550334483385e+01
627	11.038308	-2.8217030461796518e+07	3.3721517443656921e+01
628	11.008859	-2.8217130640901323e+07	-1.0017910480499268e+02
629	11.020620	-2.8217086590208240e+07	4.4050693083554506e+01
630	11.018505	-2.8217053149304986e+07	3.3440903253853321e+01
631	11.061716	-2.8217023344029095e+07	2.9805275890976191e+01
632	11.013730	-2.8216997063959870e+07	2.6280069224536419e+01
633	11.071357	-2.8216970502522454e+07	2.6561437416821718e+01
634	11.027041	-2.8216944138238970e+07	2.6364283483475447e+01
635	11.007618	-2.8217046795358974e+07	-1.0265712000429630e+02
636	11.039788	-2.8217023995428052e+07	2.2799930922687054e+01
637	11.011317	-2.8217002229809310e+07	2.1765618741512299e+01
638	10.996198	-2.8216981625645801e+07	2.0604163508862257e+01
639	10.974131	-2.8216964705705293e+07	1.6919940508902073e+01
640	10.915174	-2.8216947826617353e+07	1.6879087939858437e+01
641	11.002787	-2.8216931844199888e+07	1.5982417464256287e+01
642	11.037511	-2.8217045213865992e+07	-1.1336966610327363e+02
643	11.024141	-2.8217021017647579e+07	2.4196218412369490e+01
644	10.987966	-2.8216999916018147e+07	2.1101629432290792e+01
645	11.007250	-2.8216979981272668e+07	1.9934745479375124e+01
646	11.030762	-2.8216963683802038e+07	1.6297470629215240e+01
647	11.032476	-2.8216947353490796e+07	1.6330311242491007e+01
648	11.042321	-2.8216931730725937e+07	1.5622764859348536e+01
649	11.019983	-2.8217046213265125e+07	-1.1448253918811679e+02
650	11.063831	-2.8217021012665130e+07	2.5200599994510412e+01
651	11.022208	-2.8216999914237630e+07	2.1098427500575781e+01
652	10.998808	-2.8216979979591072e+07	1.9934646558016539e+01
653	11.035603	-2.8216963682593450e+07	1.6296997621655464e+01
654	11.009424	-2.8216947352310944e+07	1.6330282505601645e+01
655	11.042637	-2.8216931729499754e+07	1.5622811190783978e+01
656	11.068743	-2.8216976088440772e+07	-4.4358941018581390e+01
657	11.032076	-2.8216955290846765e+07	2.0797594007104635e+01
658	11.008197	-2.8216936211300541e+07	1.9079546224325895e+01
659	11.066183	-2.8216917989907082e+07	1.8221393458545208e+01
660	11.044926	-2.8216902102717400e+07	1.5887189682573080e+01
661	11.103227	-2.8216886654428929e+07	1.5448288470506668e+01
662	10.966397	-2.8216870770271968e+07	1.5884156960994005e+01
663	11.055849	-2.8217032552778963e+07	-1.6178250699490309e+02
664	11.009731	-2.8217008593732484e+07	2.3959046479314566e+01
665	11.052938	-2.8216987486964691e+07	2.1106767792254686e+01
666	11.043981	-2.8216968661122900e+07	1.8825841791927814e+01
667	11.040662	-2.8216952857134596e+07	1.5803988303989172e+01
668	11.020605	-2.8216937472019520e+07	1.5385115075856447e+01
669	11.073424	-2.8216922634390518e+07	1.4837629001587629e+01
670	11.063631	-2.8217045094063129e+07	-1.2245967261120677e+02
671	10.910732	-2.8217026753159601e+07	1.8340903528034687e+01
672	10.998512	-2.8217001421093222e+07	2.5332066379487514e+01
673	11.020785	-2.8216980875496671e+07	2.0545596551150084e+01
674	11.015660	-2.8216964121515390e+07	1.6753981281071901e+01
675	11.013054	-2.8216947492615331e+07	1.6628900058567524e+01
676	10.981644	-2.8216931743722856e+07	1.5748892474919558e+01
677	11.027449	-2.8217044812777817e+07	-1.1306905496120453e+02
678	10.956846	-2.8217021012166094e+07	2.3800611723214388e+01
679	10.991949	-2.8216999913956888e+07	2.1098209206014872e+01
680	11.050458	-2.8216979979411155e+07	1.9934545733034611e+01
681	11.011983	-2.8216963682533845e+07	1.6296877309679985e+01
682	11.058929	-2.8216947352341693e+07	1.6330192152410746e+01
683	11.066161	-2.8216931729488645e+07	1.5622853048145771e+01
684	11.023070	-2.8217045183944955e+07	-1.1345445631071925e+02
685	11.013311	-2.8217021012286328e+07	2.4171658627688885e+01
686	11.014926	-2.8216999913974043e+07	2.1098312284797430e+01
687	11.027911	-2.8216979979380492e+07	1.9934593550860882e+01
688	11.063790	-2.8216963682467483e+07	1.6296913009136915e+01
689	11.036829	-2.8216947352218546e+07	1.6330248937010765e+01
690	11.040117	-2.8216931729407944e+07	1.5622810602188110e+01
691	11.093392	-2.8217045598565362e+07	-1.1386915741860867e+02
692	11.027020	-2.8217021012066349e+07	2.4586499013006687e+01
693	11.027319	-2.8216999913783904e+07	2.1098282445222139e+01
694	11.048348	-2.8216979979194380e+07	1.9934589523822069e+01
695	11.023596	-2.8216963682315867e+07	1.6296878512948751e+01
696	11.015912	-2.8216947352063019e+07	1.6330252848565578e+01
697	11.011502	-2.8216931729236808e+07	1.5622826211154461e+01
698	10.977301	-2.8217045766371746e+07	-1.1403713493794203e+02
699	11.062576	-2.8217021012008015e+07	2.4754363730549812e+01
700	11.040133	-2.8216999913706053e+07	2.1098301962018013e+01
701	11.026968	-2.8216979979089133e+07	1.9934616919606924e+01
702	11.024817	-2.8216963682221603e+07	1.6296867530792952e+01
703	11.042182	-2.8216947351996705e+07	1.6330224897712469e+01
704	11.001384	-2.8216931729155328e+07	1.5622841376811266e+01
705	11.016492	-2.8217046402163740e+07	-1.1467300841212273e+02
706	11.014307	-2.8217021011583816e+07	2.5390579923987389e+01
707	11.069931	-2.8216999913336080e+07	2.1098247736692429e+01
708	11.028604	-2.8216979978689533e+07	1.9934646546840668e+01
709	11.009478	-2.8216963681934360e+07	1.6296755172312260e+01
710	11.061347	-2.8216947351715069e+07	1.6330219291150570e+01
711	11.071041	-2.8216931728840850e+07	1.5622874218970537e+01
712	11.028817	-2.8216976973676253e+07	-4.5244835402816534e+01
713	11.051775	-2.8216955289966229e+07	2.1683710023760796e+01
714	11.013080	-2.8216936210332487e+07	1.9079633742570877e+01
715	11.098321	-2.8216917989208572e+07	1.8221123915165663e+01
716	11.050268	-2.8216902102527224e+07	1.5886681348085403e+01
717	11.049092	-2.8216886653955054e+07	1.5448572169989347e+01
718	11.140119	-2.8216870769713189e+07	1.5884241864085197e+01
719	11.048673	-2.8216914216383290e+07	-4.3446670100092888e+01
720	11.011545	-2.8216899829469744e+07	1.4386913545429707e+01
721	11.014453	-2.8216889302574456e+07	1.0526895288378000e+01
722	10.928650	-2.8216879583215840e+07	9.7193586155772209e+00
723	11.061197	-2.8216871452402879e+07	8.1308129616081715e+00
724	11.073266	-2.8216863912623327e+07	7.5397795513272285e+00
725	11.045941	-2.8216856732499130e+07	7.1801241971552372e+00
726	11.031403	-2.8216909318684552e+07	-5.2586185421794653e+01
727	11.067438	-2.8216896512221631e+07	1.2806462921202183e+01
728	10.993786	-2.8216886644968376e+07	9.8672532550990582e+00
729	11.074400	-2.8216877581085976e+07	9.0638823993504047e+00
730	11.041416	-2.8216870070073653e+07	7.5110123232007027e+00
731	11.045684	-2.8216863081936389e+07	6.9881372638046741e+00
732	11.047560	-2.8216856339795001e+07	6.7421413883566856e+00
733	11.035746	-2.8216909564803477e+07	-5.3225008476525545e+01
734	11.102210	-2.8216896496174794e+07	1.3068628683686256e+01
735	11.058776	-2.8216886644207481e+07	9.8519673123955727e+00
736	10.978278	-2.8216877580903754e+07	9.0633037276566029e+00
737	11.051633	-2.8216870070317131e+07	7.5105866231024265e+00
738	10.980503	-2.8216863082099777e+07	6.9882173538208008e+00
739	11.083240	-2.8216856340077121e+07	6.7420226559042931e+00
740	11.001995	-2.8216850958019897e+07	5.3820572234690189e+00
741	11.065867	-2.8216966939631734e+07	-1.1598161183670163e+02
742	10.992263	-2.8216950378125183e+07	1.6561506550759077e+01
743	11.026389	-2.8216930547428504e+07	1.9830696679651737e+01
744	10.999473	-2.8216912821462058e+07	1.7725966446101665e+01
745	11.044367	-2.8216960690241329e+07	-4.7868779271841049e+01
746	10.972681	-2.8216930989994913e+07	2.9700246416032314e+01
747	11.011678	-2.8216909722289205e+07	2.1267705708742142e+01
748	10.999352	-2.8216895439704806e+07	1.4282584398984909e+01
749	11.020389	-2.8216886894728102e+07	8.5449767038226128e+00
750	11.022169	-2.8216878317322407e+07	8.5774056948721409e+00
751	11.038015	-2.8216960731602855e+07	-8.2414280448108912e+01
752	11.000484	-2.8216943324801162e+07	1.7406801693141460e+01
753	11.032450	-2.8217044962062422e+07	-1.0163726126030087e+02
754	11.078782	-2.8217018260857914e+07	2.6701204508543015e+01
755	11.007886	-2.8216996439655539e+07	2.1821202374994755e+01
756	11.069665	-2.8216980373064261e+07	1.6066591277718544e+01
757	11.034932	-2.8216965941732969e+07	1.4431331291794777e+01
758	11.054491	-2.8216951804472852e+07	1.4137260116636753e+01
759	11.007979	-2.8216937748678669e+07	1.4055794183164835e+01
760	11.013122	-2.8216987559919693e+07	-4.9811241023242474e+01
761	11.030712	-2.8216965218194351e+07	2.2341725341975689e+01
762	11.032900	-2.8216946502398681e+07	1.8715795669704676e+01
763	11.081170	-2.8216928576526251e+07	1.7925872430205345e+01
764	11.003156	-2.8216912031021133e+07	1.6545505117624998e+01
765	11.102655	-2.8216895819764089e+07	1.6211257044225931e+01
766	11.023702	-2.8216879647839382e+07	1.6171924706548452e+01
767	11.057797	-2.8216922765229933e+07	-4.3117390550673008e+01
768	10.988255	-2.8216899806676745e+07	2.2958553187549114e+01
769	11.018999	-2.8216886644845318e+07	1.3161831427365541e+01
770	11.053731	-2.8216877581052564e+07	9.0637927539646626e+00
771	11.024083	-2.8216870069864985e+07	7.5111875794827938e+00
772	11.062615	-2.8216863081672598e+07	6.9881923869252205e+00
773	11.042020	-2.8216856339581881e+07	6.7420907169580460e+00
774	11.016357	-2.8216909565940168e+07	-5.3226358287036419e+01
775	11.049850	-2.8216896496261526e+07	1.3069678641855717e+01
776	11.021810	-2.8216886644251488e+07	9.8520100377500057e+00
777	11.027611	-2.8216877580914285e+07	9.0633372031152248e+00
778	11.008282	-2.8216870070268497e+07	7.5106457881629467e+00
779	11.007379	-2.8216863082031693e+07	6.9882368035614491e+00
780	10.998583	-2.8216856340042129e+07	6.7419895641505718e+00
781	11.035520	-2.8216908441695705e+07	-5.2101653575897217e+01
782	11.020706	-2.8216896496162664e+07	1.1945533040910959e+01
783	11.079080	-2.8216886644197844e+07	9.8519648201763630e+00
784	11.046236	-2.8216877580892753e+07	9.0633050911128521e+00
785	11.043416	-2.8216870070292894e+07	7.5105998590588570e+00
786	11.022258	-2.8216863082050454e+07	6.9882424399256706e+00
787	11.035959	-2.8216856340105608e+07	6.7419448457658291e+00
788	10.993839	-2.8216851657895651e+07	4.6822099573910236e+00
789	11.001997	-2.8216854995008774e+07	-3.3371131233870983e+00
790	11.020474	-2.8217309110952154e+07	-4.5411594337970018e+02
791	11.042589	-2.8217258957894068e+07	5.0153058085590601e+01
792	10.967427	-2.8217213013711639e+07	4.5944182429462671e+01
793	11.078068	-2.8217168701972399e+07	4.4311739239841700e+01
794	10.974835	-2.8217133543909445e+07	3.5158062953501940e+01
795	11.030692	-2.8217100677166663e+07	3.2866742782294750e+01
796	11.008537	-2.8217070204752490e+07	3.0472414173185825e+01
797	11.065752	-2.8217235436714366e+07	-1.6523196187615395e+02
798	11.037133	-2.8217190981525213e+07	4.4455189153552055e+01
799	11.051228	-2.8217150280690152e+07	4.0700835060328245e+01
800	11.040168	-2.8217110157647200e+07	4.0123042952269316e+01
801	11.064421	-2.8217074499177758e+07	3.5658469442278147e+01
802	10.966437	-2.8217040598602109e+07	3.3900575648993254e+01
803	11.057080	-2.8217006234879460e+07	3.4363722648471594e+01
804	11.039479	-2.8217219690082841e+07	-2.1345520338043571e+02
805	11.016468	-2.8217175784672752e+07	4.3905410088598728e+01
806	11.027521	-2.8217136040429253e+07	3.9744243498891592e+01
807	11.029351	-2.8217098526562389e+07	3.7513866864144802e+01
808	10.757712	-2.8217065416980665e+07	3.3109581723809242e+01
809	10.946574	-2.8217097365212485e+07	-3.1948231820017099e+01
810	11.019150	-2.8217060448013362e+07	3.6917199123650789e+01
811	11.063065	-2.8217026629499592e+07	3.3818513769656420e+01
812	11.030908	-2.8217000919173479e+07	2.5710326112806797e+01
813	11.022771	-2.8216976810217921e+07	2.4108955558389425e+01
814	11.070584	-2.8216951950026814e+07	2.4860191106796265e+01
815	11.021567	-2.8217106137911003e+07	-1.5418788418918848e+02
816	11.008320	-2.8217066861329243e+07	3.9276581760495901e+01
817	11.047027	-2.8217030154920846e+07	3.6706408396363258e+01
818	11.018053	-2.8217058853370376e+07	-2.8698449529707432e+01
819	11.041156	-2.8217030455169540e+07	2.8398200836032629e+01
820	11.061054	-2.8217003414593991e+07	2.7040575549006462e+01
821	11.054973	-2.8216977375603069e+07	2.6038990922272205e+01
822	11.045664	-2.8216952462864205e+07	2.4912738863378763e+01
823	11.063988	-2.8216927176903412e+07	2.5285960793495178e+01
824	11.051970	-2.8216902939629812e+07	2.4237273599952459e+01
825	10.991510	-2.8217035914498821e+07	-1.3297486900910735e+02
826	11.012930	-2.8217011480870057e+07	2.4433628764003515e+01
827	11.092378	-2.8216990249771822e+07	2.1231098234653473e+01
828	11.042143	-2.8216970824587598e+07	1.9425184223800898e+01
829	11.049305	-2.8216954629000921e+07	1.6195586677640676e+01
830	11.051035	-2.8216939674011834e+07	1.4954989086836576e+01
831	11.028647	-2.8216924939739496e+07	1.4734272338449955e+01
832	10.988217	-2.8216986077699326e+07	-6.1137959830462933e+01
833	11.098130	-2.8216964529679719e+07	2.1548019606620073e+01
834	10.982518	-2.8216946095940709e+07	1.8433739010244608e+01
835	11.049113	-2.8216928528773855e+07	1.7567166853696108e+01
836	11.054865	-2.8216912629911665e+07	1.5898862190544605e+01
837	11.050901	-2.8217014372565061e+07	-1.0174265339598060e+02
838	11.002968	-2.8216984738781881e+07	2.9633783180266619e+01
839	11.050024	-2.8216956774872877e+07	2.7963909003883600e+01
840	10.995202	-2.8217065889088966e+07	-1.0911421608924866e+02
841	11.023925	-2.8217037449217316e+07	2.8439871650189161e+01
842	10.974825	-2.8217015221071038e+07	2.2228146277368069e+01
843	10.993381	-2.8216994376647454e+07	2.0844423584640026e+01
844	10.973912	-2.8216977286780175e+07	1.7089867278933525e+01
845	11.009771	-2.8216959301251132e+07	1.7985529042780399e+01
846	11.038293	-2.8216942369685683e+07	1.6931565448641777e+01
847	10.995111	-2.8216927425097566e+07	1.4944588117301464e+01
848	11.047396	-2.8216925542322107e+07	1.8827754594385624e+00
849	11.035646	-2.8217396621288355e+07	-4.7107896624878049e+02
850	10.990081	-2.8217328777125761e+07	6.7844162594527006e+01
851	11.043886	-2.8217265543640535e+07	6.3233485225588083e+01
852	10.928864	-2.8217205153500967e+07	6.0390139568597078e+01
853	11.003326	-2.8217147559781831e+07	5.7593719135969877e+01
854	11.043296	-2.8217095222220264e+07	5.2337561566382647e+01
855	11.058434	-2.8217061377431978e+07	3.3844788286834955e+01
856	11.047198	-2.8217159388417374e+07	-9.8010985396802425e+01
857	11.063794	-2.8217118418985918e+07	4.0969431456178427e+01
858	11.001215	-2.8217080090833992e+07	3.8328151926398277e+01
859	11.054026	-2.8217043669939321e+07	3.6420894671231508e+01
860	11.021338	-2.8217305967356924e+07	-2.6229741760343313e+02
861	11.118489	-2.8217250254860207e+07	5.5712496716529131e+01
862	11.049947	-2.8217198717276871e+07	5.1537583336234093e+01
863	11.057778	-2.8217157696245182e+07	4.1021031688898802e+01
864	11.024065	-2.8217122271130376e+07	3.5425114806741476e+01
865	11.056759	-2.8217088603766225e+07	3.3667364150285721e+01
866	11.048110	-2.8217056423299015e+07	3.2180467210710049e+01
867	11.051774	-2.8217145680206507e+07	-8.9256907492876053e+01
868	11.003213	-2.8217098573601395e+07	4.7106605112552643e+01
869	11.039386	-2.8217056030859604e+07	4.2542741790413857e+01
870	10.989934	-2.8217015523620054e+07	4.0507239550352097e+01
871	11.026296	-2.8216991429563399e+07	2.4094056654721498e+01
872	11.006734	-2.8216964972974185e+07	2.6456589214503765e+01
873	10.987562	-2.8216938000199351e+07	2.6972774833440781e+01
874	10.994451	-2.8217034274620321e+07	-9.6274420969188213e+01
875	11.029096	-2.8217010050832089e+07	2.4223788231611252e+01
876	10.969996	-2.8216988230113909e+07	2.1820718180388212e+01
877	11.043380	-2.8216967963699184e+07	2.0266414724290371e+01
878	11.025193	-2.8216951284927785e+07	1.6678771398961544e+01
879	11.026604	-2.8216936189068206e+07	1.5095859579741955e+01
880	10.953803	-2.8216921567286108e+07	1.4621782097965479e+01
881	11.076258	-2.8216968542354409e+07	-4.6975068300962448e+01
882	11.016331	-2.8216948306487683e+07	2.0235866725444794e+01
883	11.014159	-2.8216931185470689e+07	1.7121016994118690e+01
884	10.985812	-2.8216914742348932e+07	1.6443121757358313e+01
885	11.030265	-2.8216899349553496e+07	1.5392795436084270e+01
886	10.987468	-2.8216883800242849e+07	1.5549310646951199e+01
887	11.044709	-2.8216867638316739e+07	1.6161926109343767e+01
888	10.964443	-2.8216964167107537e+07	-9.6528790798038244e+01
889	10.947460	-2.8217072932893217e+07	-1.0876578567922115e+02
890	10.972386	-2.8217035619989440e+07	3.7312903776764870e+01
891	11.024428	-2.8217015652569324e+07	1.9967420116066933e+01
892	10.988232	-2.8216996859928317e+07	1.8792641006410122e+01
893	10.986270	-2.8216978847824335e+07	1.8012103982269764e+01
894	10.960217	-2.8216962381655816e+07	1.6466168519109488e+01
895	11.004481	-2.8216946856418923e+07	1.5525236893445253e+01
896	10.953242	-2.8216931993290406e+07	1.4863128516823053e+01
897	10.999762	-2.8216986419933721e+07	-5.4426643315702677e+01
898	10.961913	-2.8216965829555232e+07	2.0590378489345312e+01
899	10.939464	-2.8216948165922251e+07	1.7663632981479168e+01
900	10.987611	-2.8216931120565630e+07	1.7045356620103121e+01
901	11.022657	-2.8216915400205135e+07	1.5720360495150089e+01
902	10.954944	-2.8216900045331772e+07	1.5354873362928629e+01
903	10.995819	-2.8216884868258398e+07	1.5177073374390602e+01
904	10.980451	-2.8216929573379688e+07	-4.4705121289938688e+01
905	11.006595	-2.8216906991568431e+07	2.2581811256706715e+01
906	10.947347	-2.8216886949473076e+07	2.0042095355689526e+01
907	10.983958	-2.8216877583299775e+07	9.3661733008921146e+00
908	10.940545	-2.8216870070687976e+07	7.5126117989420891e+00
909	10.933527	-2.8216863082503423e+07	6.9881845526397228e+00
910	10.939690	-2.8216856339791007e+07	6.7427124157547951e+00
911	10.942203	-2.8216851958059482e+07	4.3817315250635147e+00
912	10.988262	-2.8217053738664053e+07	-2.0178060457110405e+02
913	10.949143	-2.8217017163889319e+07	3.6574774734675884e+01
914	10.950705	-2.8216992227799077e+07	2.4936090242117643e+01
915	10.965223	-2.8216970972522069e+07	2.1255277007818222e+01
916	11.026937	-2.8216953302369375e+07	1.7670152693986893e+01
917	10.963167	-2.8216936658015005e+07	1.6644354369491339e+01
918	10.955039	-2.8216922936973859e+07	1.3721041146665812e+01
919	10.952298	-2.8216969935638778e+07	-4.6998664919286966e+01
920	10.934589	-2.8216949563934799e+07	2.0371703978627920e+01
921	10.977599	-2.8216932170085050e+07	1.7393849749118090e+01
922	10.983873	-2.8216915453481901e+07	1.6716603148728609e+01
923	11.014687	-2.8216899977563497e+07	1.5475918404757977e+01
924	10.942777	-2.8216884461390384e+07	1.5516173113137484e+01
925	10.982048	-2.8216868368739154e+07	1.6092651229351759e+01
926	10.953863	-2.8216910778308854e+07	-4.2409569699317217e+01
927	10.952319	-2.8216896503004391e+07	1.4275304462760687e+01
928	10.955194	-2.8216886647847373e+07	9.8551570177078247e+00
929	10.961880	-2.8216877583141118e+07	9.0647062547504902e+00
930	10.915041	-2.8216870070638984e+07	7.5125021338462830e+00
931	10.980697	-2.8216863082533993e+07	6.9881049916148186e+00
932	10.949859	-2.8216856339757785e+07	6.7427762076258659e+00
933	11.002404	-2.8216909408142954e+07	-5.3068385168910027e+01
934	10.938001	-2.8216896497095238e+07	1.2911047715693712e+01
935	10.969847	-2.8216886644862097e+07	9.8522331416606903e+00
936	10.953266	-2.8216877581215195e+07	9.0636469013988972e+00
937	10.975724	-2.8216870070062298e+07	7.5111528970301151e+00
938	10.964970	-2.8216863081912104e+07	6.9881501942873001e+00
939	10.952672	-2.8216856339769956e+07	6.7421421483159065e+00
940	10.963347	-2.8216851285234962e+07	5.0545349940657616e+00
941	10.957450	-2.8216976230076768e+07	-1.2494484180584550e+02
942	10.952517	-2.8216951156928867e+07	2.5073147900402546e+01
943	11.000315	-2.8216930023605149e+07	2.1133323717862368e+01
944	10.956410	-2.8217045512762610e+07	-1.1548915746062994e+02
945	10.969097	-2.8217019171752885e+07	2.6341009724885225e+01
946	10.987678	-2.8216997110474091e+07	2.2061278793960810e+01
947	10.986511	-2.8216980764015462e+07	1.6346458628773689e+01
948	10.957509	-2.8216966169240359e+07	1.4594775103032589e+01
949	10.954976	-2.8216951936241761e+07	1.4232998598366976e+01
950	10.969879	-2.8216937815808970e+07	1.4120432790368795e+01
951	10.976718	-2.8216984259166084e+07	-4.6443357113748789e+01
952	10.983756	-2.8216962813808087e+07	2.1445357996970415e+01
953	11.001801	-2.8216944993226435e+07	1.7820581652224064e+01
954	10.971109	-2.8216927695091620e+07	1.7298134814947844e+01
955	10.949675	-2.8216911693476260e+07	1.6001615360379219e+01
956	10.961975	-2.8216895911409397e+07	1.5782066863030195e+01
957	10.972880	-2.8216879989671983e+07	1.5921737413853407e+01
958	10.959236	-2.8216865534491874e+07	1.4455180108547211e+01
959	10.965730	-2.8216861503158052e+07	4.0313338227570057e+00
960	10.967310	-2.8217506935853582e+07	-6.4543269553035498e+02
961	10.979069	-2.8217436739263684e+07	7.0196589898318052e+01
962	10.930267	-2.8217372133135397e+07	6.4606128286570311e+01
963	10.985298	-2.8217312740812395e+07	5.9392323002219200e+01
964	10.955312	-2.8217266214091018e+07	4.6526721376925707e+01
965	10.956823	-2.8217222786010284e+07	4.3428080733865499e+01
966	10.945394	-2.8217179948264763e+07	4.2837745521217585e+01
967	10.955182	-2.8217137021065723e+07	4.2927199039608240e+01
968	10.946486	-2.8217250443143129e+07	-1.1342207740619779e+02
969	10.942109	-2.8217196212230615e+07	5.4230912514030933e+01
970	10.951529	-2.8217144442515980e+07	5.1769714634865522e+01
971	11.007227	-2.8217093028811831e+07	5.1413704149425030e+01
972	10.938870	-2.8217043413839106e+07	4.9614972725510597e+01
973	10.925506	-2.8216993729940958e+07	4.9683898147195578e+01
974	10.955015	-2.8216944189844362e+07	4.9540096595883369e+01
975	10.963477	-2.8217450225236539e+07	-5.0603539217635989e+02
976	10.967592	-2.8217382069744173e+07	6.8155492365360260e+01
977	10.975647	-2.8217322882978037e+07	5.9186766136437654e+01
978	10.987089	-2.8217265949558049e+07	5.6933419987559319e+01
979	10.982520	-2.8217214996303629e+07	5.0953254420310259e+01
980	11.000343	-2.8217173327163480e+07	4.1669140148907900e+01
981	10.936621	-2.8217133339873023e+07	3.9987290456891060e+01
982	10.985169	-2.8217267822170619e+07	-1.3448229759559035e+02
983	10.951996	-2.8217212357472900e+07	5.5464697718620300e+01
984	10.965085	-2.8217160658186439e+07	5.1699286460876465e+01
985	10.967330	-2.8217416029264282e+07	-2.5537107784301043e+02
986	10.936154	-2.8217352900286499e+07	6.3128977783024311e+01
987	11.029608	-2.8217294410270326e+07	5.8490016173571348e+01
988	10.933751	-2.8217236374409590e+07	5.8035860735923052e+01
989	10.957918	-2.8217183283877708e+07	5.3090531881898642e+01
990	11.025635	-2.8217143357639633e+07	3.9926238074898720e+01
991	11.008920	-2.8217102439086985e+07	4.0918552648276091e+01
992	10.973069	-2.8217362563932147e+07	-2.6012484516203403e+02
993	10.999041	-2.8217302197690882e+07	6.0366241265088320e+01
994	11.004476	-2.8217245531933736e+07	5.6665757145732641e+01
995	10.977561	-2.8217190653624613e+07	5.4878309123218060e+01
996	10.944265	-2.8217143301139735e+07	4.7352484878152609e+01
997	10.953981	-2.8217103201990157e+07	4.0099149577319622e+01
998	11.022392	-2.8217072034466919e+07	3.1167523238807917e+01
999	10.992333	-2.8217040902684059e+07	3.1131782859563828e+01
1000	10.965967	-2.8217233191368032e+07	-1.9228868397325277e+02

Writing Q matrix to /global/home/users/deboraycb/scratch/atahualpa/analysis/ohana/maf05_3/structure/merge2_20M_allchr_snps_maf05_k5_mi1000_2_q.matrix
Writing F matrix to /global/home/users/deboraycb/scratch/atahualpa/analysis/ohana/maf05_3/structure/merge2_20M_allchr_snps_maf05_k5_mi1000_2_f.matrix
