iter	duration	delta-lle	log-likelihood
1	0.024318	0.0000000000000000e+00	6.2585439245108922e+04
2	0.011000	1.1992980839378899e+04	7.4578420084487821e+04
3	0.010969	0.0000000000000000e+00	7.4578420084487821e+04
4	0.010960	0.0000000000000000e+00	7.4578420084487821e+04
5	0.011204	0.0000000000000000e+00	7.4578420084487821e+04
6	0.010921	2.0980561392401578e+03	7.6676476223727979e+04
7	0.010943	5.4792122946980933e+04	1.3146859917070891e+05
8	0.010974	0.0000000000000000e+00	1.3146859917070891e+05
9	0.010947	4.4282078132638708e+02	1.3191141995203530e+05
10	0.010998	6.2432963558469201e+03	1.3815471630788222e+05
11	0.010957	9.0137047871830873e+02	1.3905608678660053e+05
12	0.010968	3.3915622174097225e+03	1.4244764900401025e+05
13	0.010946	0.0000000000000000e+00	1.4244764900401025e+05
14	0.010960	0.0000000000000000e+00	1.4244764900401025e+05
15	0.010931	0.0000000000000000e+00	1.4244764900401025e+05
16	0.010941	2.6947221623436781e+02	1.4271712122024462e+05
17	0.010974	3.0605672083242098e+03	1.4577768842856883e+05
18	0.010982	9.2731702525063884e+02	1.4670500545381947e+05
19	0.010955	0.0000000000000000e+00	1.4670500545381947e+05
20	0.010963	2.0669041607499821e+02	1.4691169586989447e+05
21	0.013186	1.3363546647769981e+03	1.4824805053467146e+05
22	0.013107	7.2310430237819673e+02	1.4897115483704966e+05
23	0.013156	0.0000000000000000e+00	1.4897115483704966e+05
24	0.013152	3.2637831019895384e+02	1.4929753314724861e+05
25	0.013142	8.0154126318544149e+02	1.5009907441043406e+05
26	0.002193	0.0000000000000000e+00	1.5009907441043406e+05
27	0.002197	0.0000000000000000e+00	1.5009907441043406e+05
28	0.002186	0.0000000000000000e+00	1.5009907441043406e+05
29	0.019657	1.6720127701858291e+02	1.5026627568745264e+05
30	0.019696	2.4664588064484997e+02	1.5051292156809749e+05
31	0.002204	0.0000000000000000e+00	1.5051292156809749e+05
32	0.002183	0.0000000000000000e+00	1.5051292156809749e+05
33	0.002192	0.0000000000000000e+00	1.5051292156809749e+05
34	0.026259	5.3160887120023835e+02	1.5104453043929773e+05
35	0.029159	1.0437126353522763e+02	1.5114890170283295e+05
36	0.028477	9.9622968400691752e+02	1.5214513138683987e+05
37	0.028437	1.8280951296615240e+03	1.5397322651650140e+05
38	0.028711	3.6789358152891509e+01	1.5401001587465429e+05
39	0.028573	2.8528172749851365e+02	1.5429529760215280e+05
40	0.028493	4.1258515655642259e+02	1.5470788275870922e+05
41	0.028494	9.2240657443847158e+02	1.5563028933314770e+05
42	0.002196	0.0000000000000000e+00	1.5563028933314770e+05
43	0.002190	0.0000000000000000e+00	1.5563028933314770e+05
44	0.002193	0.0000000000000000e+00	1.5563028933314770e+05
45	0.002242	0.0000000000000000e+00	1.5563028933314770e+05
46	0.002193	0.0000000000000000e+00	1.5563028933314770e+05
47	0.002225	0.0000000000000000e+00	1.5563028933314770e+05
48	0.004380	3.0025540060512139e+02	1.5593054473375282e+05
49	0.002183	0.0000000000000000e+00	1.5593054473375282e+05
50	0.002194	0.0000000000000000e+00	1.5593054473375282e+05
51	0.002193	0.0000000000000000e+00	1.5593054473375282e+05
52	0.002191	0.0000000000000000e+00	1.5593054473375282e+05
53	0.004385	5.5690697933338524e+03	1.6149961452708667e+05
54	0.002213	0.0000000000000000e+00	1.6149961452708667e+05
55	0.002191	0.0000000000000000e+00	1.6149961452708667e+05
56	0.002192	0.0000000000000000e+00	1.6149961452708667e+05
57	0.004409	0.0000000000000000e+00	1.6149961452708667e+05
58	0.004385	0.0000000000000000e+00	1.6149961452708667e+05
59	0.002190	0.0000000000000000e+00	1.6149961452708667e+05
60	0.004378	0.0000000000000000e+00	1.6149961452708667e+05
61	0.002201	0.0000000000000000e+00	1.6149961452708667e+05
62	0.002194	0.0000000000000000e+00	1.6149961452708667e+05
63	0.002189	0.0000000000000000e+00	1.6149961452708667e+05
64	0.004386	0.0000000000000000e+00	1.6149961452708667e+05
65	0.002185	0.0000000000000000e+00	1.6149961452708667e+05
66	0.002196	0.0000000000000000e+00	1.6149961452708667e+05
67	0.004385	1.5830336587329512e+03	1.6308264818581962e+05
68	0.002198	0.0000000000000000e+00	1.6308264818581962e+05
69	0.002209	0.0000000000000000e+00	1.6308264818581962e+05
70	0.002194	0.0000000000000000e+00	1.6308264818581962e+05
71	0.002192	0.0000000000000000e+00	1.6308264818581962e+05
72	0.004385	0.0000000000000000e+00	1.6308264818581962e+05
73	0.004377	0.0000000000000000e+00	1.6308264818581962e+05
74	0.002204	0.0000000000000000e+00	1.6308264818581962e+05
75	0.002216	0.0000000000000000e+00	1.6308264818581962e+05
76	0.002204	0.0000000000000000e+00	1.6308264818581962e+05
77	0.004391	1.9106813817281218e+03	1.6499332956754774e+05
78	0.004378	0.0000000000000000e+00	1.6499332956754774e+05
79	0.002267	0.0000000000000000e+00	1.6499332956754774e+05
80	0.004378	0.0000000000000000e+00	1.6499332956754774e+05
81	0.002186	0.0000000000000000e+00	1.6499332956754774e+05
82	0.002197	0.0000000000000000e+00	1.6499332956754774e+05
83	0.002194	0.0000000000000000e+00	1.6499332956754774e+05
84	0.004371	0.0000000000000000e+00	1.6499332956754774e+05
85	0.002195	0.0000000000000000e+00	1.6499332956754774e+05
86	0.004374	0.0000000000000000e+00	1.6499332956754774e+05
87	0.002188	0.0000000000000000e+00	1.6499332956754774e+05
88	0.002193	0.0000000000000000e+00	1.6499332956754774e+05
89	0.002197	0.0000000000000000e+00	1.6499332956754774e+05
90	0.002192	0.0000000000000000e+00	1.6499332956754774e+05
91	0.002226	0.0000000000000000e+00	1.6499332956754774e+05
92	0.002262	0.0000000000000000e+00	1.6499332956754774e+05
93	0.002272	0.0000000000000000e+00	1.6499332956754774e+05
94	0.002281	0.0000000000000000e+00	1.6499332956754774e+05
95	0.004421	1.8640481779031688e+01	1.6501197004932677e+05
96	0.002190	0.0000000000000000e+00	1.6501197004932677e+05
97	0.002200	0.0000000000000000e+00	1.6501197004932677e+05
98	0.004394	1.2082395380640519e+03	1.6622020958739083e+05
99	0.002187	0.0000000000000000e+00	1.6622020958739083e+05
100	0.002196	0.0000000000000000e+00	1.6622020958739083e+05
101	0.002189	0.0000000000000000e+00	1.6622020958739083e+05
102	0.002199	0.0000000000000000e+00	1.6622020958739083e+05
103	0.002191	0.0000000000000000e+00	1.6622020958739083e+05
104	0.002185	0.0000000000000000e+00	1.6622020958739083e+05
105	0.002192	0.0000000000000000e+00	1.6622020958739083e+05
106	0.002187	0.0000000000000000e+00	1.6622020958739083e+05
107	0.002201	0.0000000000000000e+00	1.6622020958739083e+05
108	0.004363	0.0000000000000000e+00	1.6622020958739083e+05
109	0.004383	5.3500787373419735e+02	1.6675521746112502e+05
110	0.004389	0.0000000000000000e+00	1.6675521746112502e+05
111	0.002192	0.0000000000000000e+00	1.6675521746112502e+05
112	0.002196	0.0000000000000000e+00	1.6675521746112502e+05
113	0.002192	0.0000000000000000e+00	1.6675521746112502e+05
114	0.002192	0.0000000000000000e+00	1.6675521746112502e+05
115	0.004399	0.0000000000000000e+00	1.6675521746112502e+05
116	0.004393	0.0000000000000000e+00	1.6675521746112502e+05
117	0.004383	0.0000000000000000e+00	1.6675521746112502e+05
118	0.004381	0.0000000000000000e+00	1.6675521746112502e+05
119	0.004397	6.3417194261340774e+02	1.6738938940373843e+05
120	0.002183	0.0000000000000000e+00	1.6738938940373843e+05
121	0.002189	0.0000000000000000e+00	1.6738938940373843e+05
122	0.004388	1.4810225131881889e+03	1.6887041191692662e+05
123	0.002187	0.0000000000000000e+00	1.6887041191692662e+05
124	0.002190	0.0000000000000000e+00	1.6887041191692662e+05
125	0.002179	0.0000000000000000e+00	1.6887041191692662e+05
126	0.004374	0.0000000000000000e+00	1.6887041191692662e+05
127	0.002202	0.0000000000000000e+00	1.6887041191692662e+05
128	0.002200	0.0000000000000000e+00	1.6887041191692662e+05
129	0.002194	0.0000000000000000e+00	1.6887041191692662e+05
130	0.002187	0.0000000000000000e+00	1.6887041191692662e+05
131	0.004377	0.0000000000000000e+00	1.6887041191692662e+05
132	0.004372	0.0000000000000000e+00	1.6887041191692662e+05
133	0.002190	0.0000000000000000e+00	1.6887041191692662e+05
134	0.004380	0.0000000000000000e+00	1.6887041191692662e+05
135	0.004388	0.0000000000000000e+00	1.6887041191692662e+05
136	0.002197	0.0000000000000000e+00	1.6887041191692662e+05
137	0.002191	0.0000000000000000e+00	1.6887041191692662e+05
138	0.002198	0.0000000000000000e+00	1.6887041191692662e+05
139	0.002202	0.0000000000000000e+00	1.6887041191692662e+05
140	0.002193	0.0000000000000000e+00	1.6887041191692662e+05
141	0.004404	0.0000000000000000e+00	1.6887041191692662e+05
142	0.004392	0.0000000000000000e+00	1.6887041191692662e+05
143	0.004382	0.0000000000000000e+00	1.6887041191692662e+05
144	0.004436	0.0000000000000000e+00	1.6887041191692662e+05
145	0.004384	0.0000000000000000e+00	1.6887041191692662e+05
146	0.002189	0.0000000000000000e+00	1.6887041191692662e+05
147	0.004399	4.2835492431186140e+01	1.6891324740935781e+05
148	0.004371	7.5520026535377838e+01	1.6898876743589318e+05
149	0.004396	8.9469897934293840e+01	1.6907823733382748e+05
150	0.002203	0.0000000000000000e+00	1.6907823733382748e+05
151	0.004373	6.8256467392406194e+01	1.6914649380121988e+05
152	0.004381	3.9260271515813656e+00	1.6915041982837146e+05
153	0.004396	4.4594352849241113e+02	1.6959636335686388e+05
154	0.004384	0.0000000000000000e+00	1.6959636335686388e+05
155	0.004382	1.4750347100893850e+02	1.6974386682787281e+05
156	0.004378	0.0000000000000000e+00	1.6974386682787281e+05
157	0.004421	0.0000000000000000e+00	1.6974386682787281e+05
158	0.004393	5.3018799936471623e+02	1.7027405482723753e+05
159	0.002196	0.0000000000000000e+00	1.7027405482723753e+05
160	0.004403	0.0000000000000000e+00	1.7027405482723753e+05
161	0.004382	1.1871028635834227e+02	1.7039276511359587e+05
162	0.002189	0.0000000000000000e+00	1.7039276511359587e+05
163	0.004409	0.0000000000000000e+00	1.7039276511359587e+05
164	0.002203	0.0000000000000000e+00	1.7039276511359587e+05
165	0.002188	0.0000000000000000e+00	1.7039276511359587e+05
166	0.002180	0.0000000000000000e+00	1.7039276511359587e+05
167	0.002190	0.0000000000000000e+00	1.7039276511359587e+05
168	0.002194	0.0000000000000000e+00	1.7039276511359587e+05
169	0.004392	7.1683698182634544e+01	1.7046444881177851e+05
170	0.004419	0.0000000000000000e+00	1.7046444881177851e+05
171	0.002192	0.0000000000000000e+00	1.7046444881177851e+05
172	0.002199	0.0000000000000000e+00	1.7046444881177851e+05
173	0.002193	0.0000000000000000e+00	1.7046444881177851e+05
174	0.002181	0.0000000000000000e+00	1.7046444881177851e+05
175	0.004380	6.7564150444878032e+02	1.7114009031622729e+05
176	0.004400	0.0000000000000000e+00	1.7114009031622729e+05
177	0.002191	0.0000000000000000e+00	1.7114009031622729e+05
178	0.002188	0.0000000000000000e+00	1.7114009031622729e+05
179	0.002236	0.0000000000000000e+00	1.7114009031622729e+05
180	0.004380	5.8229284262112924e+02	1.7172238315884842e+05
181	0.002191	0.0000000000000000e+00	1.7172238315884842e+05
182	0.002188	0.0000000000000000e+00	1.7172238315884842e+05
183	0.004382	0.0000000000000000e+00	1.7172238315884842e+05
184	0.002186	0.0000000000000000e+00	1.7172238315884842e+05
185	0.004385	0.0000000000000000e+00	1.7172238315884842e+05
186	0.002194	0.0000000000000000e+00	1.7172238315884842e+05
187	0.004476	0.0000000000000000e+00	1.7172238315884842e+05
188	0.002270	0.0000000000000000e+00	1.7172238315884842e+05
189	0.002265	0.0000000000000000e+00	1.7172238315884842e+05
190	0.004509	0.0000000000000000e+00	1.7172238315884842e+05
191	0.002263	0.0000000000000000e+00	1.7172238315884842e+05
192	0.002258	0.0000000000000000e+00	1.7172238315884842e+05
193	0.002261	0.0000000000000000e+00	1.7172238315884842e+05
194	0.004528	0.0000000000000000e+00	1.7172238315884842e+05
195	0.002268	0.0000000000000000e+00	1.7172238315884842e+05
196	0.002264	0.0000000000000000e+00	1.7172238315884842e+05
197	0.004532	8.7230784966610372e+01	1.7180961394381503e+05
198	0.004508	0.0000000000000000e+00	1.7180961394381503e+05
199	0.002272	0.0000000000000000e+00	1.7180961394381503e+05
200	0.004531	1.7886543037253432e+01	1.7182750048685228e+05
201	0.002268	0.0000000000000000e+00	1.7182750048685228e+05
202	0.004545	0.0000000000000000e+00	1.7182750048685228e+05
203	0.004504	0.0000000000000000e+00	1.7182750048685228e+05
204	0.004531	7.6851373701324337e+02	1.7259601422386552e+05
205	0.002263	0.0000000000000000e+00	1.7259601422386552e+05
206	0.002262	0.0000000000000000e+00	1.7259601422386552e+05
207	0.002260	0.0000000000000000e+00	1.7259601422386552e+05
208	0.004517	0.0000000000000000e+00	1.7259601422386552e+05
209	0.004526	0.0000000000000000e+00	1.7259601422386552e+05
210	0.004507	0.0000000000000000e+00	1.7259601422386552e+05
211	0.002295	0.0000000000000000e+00	1.7259601422386552e+05
212	0.002271	0.0000000000000000e+00	1.7259601422386552e+05
213	0.004524	0.0000000000000000e+00	1.7259601422386552e+05
214	0.004526	0.0000000000000000e+00	1.7259601422386552e+05
215	0.002263	0.0000000000000000e+00	1.7259601422386552e+05
216	0.004517	0.0000000000000000e+00	1.7259601422386552e+05
217	0.002261	0.0000000000000000e+00	1.7259601422386552e+05
218	0.002268	0.0000000000000000e+00	1.7259601422386552e+05
219	0.002258	0.0000000000000000e+00	1.7259601422386552e+05
220	0.002263	0.0000000000000000e+00	1.7259601422386552e+05
221	0.002272	0.0000000000000000e+00	1.7259601422386552e+05
222	0.002271	0.0000000000000000e+00	1.7259601422386552e+05
223	0.004522	1.4309456516371574e+02	1.7273910878902924e+05
224	0.002262	0.0000000000000000e+00	1.7273910878902924e+05
225	0.002250	0.0000000000000000e+00	1.7273910878902924e+05
226	0.004512	2.5463547534937970e+02	1.7299374426437862e+05
227	0.002265	0.0000000000000000e+00	1.7299374426437862e+05
228	0.002259	0.0000000000000000e+00	1.7299374426437862e+05
229	0.002255	0.0000000000000000e+00	1.7299374426437862e+05
230	0.004527	4.4674268117523752e+02	1.7344048694555386e+05
231	0.002253	0.0000000000000000e+00	1.7344048694555386e+05
232	0.002255	0.0000000000000000e+00	1.7344048694555386e+05
233	0.002256	0.0000000000000000e+00	1.7344048694555386e+05
234	0.002263	0.0000000000000000e+00	1.7344048694555386e+05
235	0.002263	0.0000000000000000e+00	1.7344048694555386e+05
236	0.002262	0.0000000000000000e+00	1.7344048694555386e+05
237	0.002256	0.0000000000000000e+00	1.7344048694555386e+05
238	0.002258	0.0000000000000000e+00	1.7344048694555386e+05
239	0.002262	0.0000000000000000e+00	1.7344048694555386e+05
240	0.002258	0.0000000000000000e+00	1.7344048694555386e+05
241	0.004542	3.1456687585779582e+02	1.7375505382141165e+05
242	0.002250	0.0000000000000000e+00	1.7375505382141165e+05
243	0.002255	0.0000000000000000e+00	1.7375505382141165e+05
244	0.002262	0.0000000000000000e+00	1.7375505382141165e+05
245	0.002259	0.0000000000000000e+00	1.7375505382141165e+05
246	0.002251	0.0000000000000000e+00	1.7375505382141165e+05
247	0.002260	0.0000000000000000e+00	1.7375505382141165e+05
248	0.004534	1.7829268572627916e+02	1.7393334650713793e+05
249	0.002254	0.0000000000000000e+00	1.7393334650713793e+05
250	0.002266	0.0000000000000000e+00	1.7393334650713793e+05

log likelihood = 173933
Writing C matrix to /global/home/users/deboraycb/scratch/atahualpa/analysis/ohana/maf05_3/structure/merge2_20M_allchr_snps_maf05_k6_bestmi859_mi250_c.matrix
