seed: 853692250

iter	duration	log_likelihood	delta-lle
0	2.809771	-4.4136626898978285e+07
1	26.686766	-3.9204268547319748e+07	4.9323583516585380e+06
2	25.404676	-3.4695536182629772e+07	4.5087323646899760e+06
3	25.301430	-3.3862980290784620e+07	8.3255589184515178e+05
4	24.928037	-3.3249755171228044e+07	6.1322511955657601e+05
5	24.717573	-3.2691452007163312e+07	5.5830316406473145e+05
6	24.577078	-3.2141630457203671e+07	5.4982154995964095e+05
7	24.176066	-3.1595502168748002e+07	5.4612828845566884e+05
8	23.978681	-3.1065154865992472e+07	5.3034730275553092e+05
9	23.732196	-3.0550410780508347e+07	5.1474408548412472e+05
10	23.556382	-3.0037976099866055e+07	5.1243468064229190e+05
11	23.612360	-2.9545488157159846e+07	4.9248794270620868e+05
12	23.494871	-2.9095826101156764e+07	4.4966205600308254e+05
13	23.376828	-2.8709152589152515e+07	3.8667351200424880e+05
14	23.174090	-2.8411042957484763e+07	2.9810963166775182e+05
15	23.294623	-2.8219770570774883e+07	1.9127238670988008e+05
16	22.958526	-2.8125510022662353e+07	9.4260548112530261e+04
17	22.934144	-2.8090410465918358e+07	3.5099556743994355e+04
18	23.001316	-2.8076993731766686e+07	1.3416734151672572e+04
19	22.729609	-2.8069731166603435e+07	7.2625651632510126e+03
20	22.814200	-2.8065234929597858e+07	4.4962370055764914e+03
21	22.964586	-2.8061884946155839e+07	3.3499834420196712e+03
22	22.558158	-2.8059227222215667e+07	2.6577239401713014e+03
23	22.763038	-2.8056967924268790e+07	2.2592979468777776e+03
24	22.601993	-2.8054988073509146e+07	1.9798507596440613e+03
25	22.658581	-2.8053291917307638e+07	1.6961562015078962e+03
26	22.592630	-2.8051673924044445e+07	1.6179932631924748e+03
27	22.441816	-2.8050332037160430e+07	1.3418868840150535e+03
28	22.594236	-2.8048985757383436e+07	1.3462797769941390e+03
29	22.696323	-2.8047671362447746e+07	1.3143949356898665e+03
30	22.303598	-2.8046534544253021e+07	1.1368181947246194e+03
31	22.550658	-2.8045339444058180e+07	1.1951001948416233e+03
32	22.372580	-2.8044212981437813e+07	1.1264626203663647e+03
33	22.456649	-2.8043116259587314e+07	1.0967218504995108e+03
34	22.459767	-2.8042027814004015e+07	1.0884455832988024e+03
35	22.261348	-2.8041130581779171e+07	8.9723222484439611e+02
36	22.371841	-2.8040188363292344e+07	9.4221848682686687e+02
37	22.438455	-2.8039272148137502e+07	9.1621515484154224e+02
38	22.274106	-2.8038220025909200e+07	1.0521222283020616e+03
39	22.390070	-2.8037193158613116e+07	1.0268672960847616e+03
40	22.167796	-2.8036510742974274e+07	6.8241563884168863e+02
41	22.188806	-2.8035905022901967e+07	6.0572007230669260e+02
42	22.331674	-2.8035326373896945e+07	5.7864900502189994e+02
43	22.273988	-2.8034761621950954e+07	5.6475194599106908e+02
44	22.166998	-2.8034273010337848e+07	4.8861161310598254e+02
45	22.220830	-2.8033729494429797e+07	5.4351590805128217e+02
46	22.065316	-2.8033535219567060e+07	1.9427486273646355e+02
47	22.380563	-2.8032941894023832e+07	5.9332554322853684e+02
48	22.046536	-2.8032668632937588e+07	2.7326108624413610e+02
49	22.052253	-2.8032032780196037e+07	6.3585274155065417e+02
50	22.178545	-2.8031382658895615e+07	6.5012130042165518e+02
51	22.139332	-2.8030741465747707e+07	6.4119314790889621e+02
52	22.052869	-2.8030163361499969e+07	5.7810424773767591e+02
53	22.204154	-2.8029548092579663e+07	6.1526892030611634e+02
54	21.890165	-2.8028979056855388e+07	5.6903572427481413e+02
55	22.177210	-2.8028742722482465e+07	2.3633437292277813e+02
56	22.055071	-2.8028288342087720e+07	4.5438039474561810e+02
57	22.021184	-2.8027756471894912e+07	5.3187019280716777e+02
58	22.267458	-2.8027265454012677e+07	4.9101788223534822e+02
59	21.942856	-2.8026743025557116e+07	5.2242845556139946e+02
60	21.878722	-2.8026557569353592e+07	1.8545620352402329e+02
61	22.167501	-2.8026110234016873e+07	4.4733533671870828e+02
62	22.052577	-2.8025731488495462e+07	3.7874552141129971e+02
63	22.112029	-2.8025453454214770e+07	2.7803428069129586e+02
64	21.905268	-2.8025154108562589e+07	2.9934565218165517e+02
65	21.936193	-2.8024871461075306e+07	2.8264748728275299e+02
66	22.024610	-2.8024918577779360e+07	-4.7116704054176807e+01
67	22.124167	-2.8024639215535849e+07	2.7936224351078272e+02
68	21.933274	-2.8024370161061436e+07	2.6905447441339493e+02
69	22.111346	-2.8024101391308393e+07	2.6876975304260850e+02
70	21.856981	-2.8024244625673957e+07	-1.4323436556383967e+02
71	21.880030	-2.8023920729339365e+07	3.2389633459225297e+02
72	21.999222	-2.8023619539033514e+07	3.0119030585139990e+02
73	22.096033	-2.8023317267987248e+07	3.0227104626595974e+02
74	21.926790	-2.8023182401287429e+07	1.3486669981852174e+02
75	21.938398	-2.8022837925507139e+07	3.4447578028962016e+02
76	21.765747	-2.8022497620803408e+07	3.4030470373108983e+02
77	22.072732	-2.8022151632905252e+07	3.4598789815604687e+02
78	22.043727	-2.8021861563894391e+07	2.9006901086121798e+02
79	21.966627	-2.8021479816444419e+07	3.8174744997173548e+02
80	21.960352	-2.8021087314927969e+07	3.9250151645019650e+02
81	21.858937	-2.8020668139281861e+07	4.1917564610764384e+02
82	21.761249	-2.8020225461378586e+07	4.4267790327593684e+02
83	22.072840	-2.8019993764375992e+07	2.3169700259342790e+02
84	21.921162	-2.8019510017934021e+07	4.8374644197151065e+02
85	21.966861	-2.8018973278949738e+07	5.3673898428305984e+02
86	21.771591	-2.8018390795389768e+07	5.8248355996981263e+02
87	21.752710	-2.8017794021009721e+07	5.9677438004687428e+02
88	21.886064	-2.8017089425233558e+07	7.0459577616304159e+02
89	21.992396	-2.8016443539036971e+07	6.4588619658723474e+02
90	21.776635	-2.8015572259838678e+07	8.7127919829264283e+02
91	22.028441	-2.8014715595658652e+07	8.5666418002545834e+02
92	21.664283	-2.8013584813856803e+07	1.1307818018496037e+03
93	21.793073	-2.8012311293464411e+07	1.2735203923918307e+03
94	21.833817	-2.8010884463835888e+07	1.4268296285234392e+03
95	21.869649	-2.8009328305850863e+07	1.5561579850241542e+03
96	21.834594	-2.8008024489772219e+07	1.3038160786442459e+03
97	21.818374	-2.8006388343904860e+07	1.6361458673588932e+03
98	21.554577	-2.8005182597247243e+07	1.2057466576173902e+03
99	21.876562	-2.8004553449225724e+07	6.2914802151918411e+02
100	21.760595	-2.8004147868242111e+07	4.0558098361268640e+02
101	21.820737	-2.8003775722220954e+07	3.7214602115750313e+02
102	21.930260	-2.8003446397637349e+07	3.2932458360493183e+02
103	21.699501	-2.8003147435912699e+07	2.9896172465011477e+02
104	21.584614	-2.8003087225053038e+07	6.0210859660059214e+01
105	21.872876	-2.8003042354962170e+07	4.4870090868324041e+01
106	21.767188	-2.8002779174556293e+07	2.6318040587753057e+02
107	21.802805	-2.8002535456911132e+07	2.4371764516085386e+02
108	21.952910	-2.8002364597818054e+07	1.7085909307748079e+02
109	21.718534	-2.8002307546643253e+07	5.7051174800843000e+01
110	21.783562	-2.8002123455604948e+07	1.8409103830531240e+02
111	21.798586	-2.8001963253322426e+07	1.6020228252187371e+02
112	21.660619	-2.8001886621768713e+07	7.6631553713232279e+01
113	21.900829	-2.8001923259863947e+07	-3.6638095233589411e+01
114	21.876173	-2.8001794474429090e+07	1.2878543485701084e+02
115	21.715902	-2.8001984225797579e+07	-1.8975136848911643e+02
116	21.784854	-2.8001851033521805e+07	1.3319227577373385e+02
117	21.752507	-2.8001729803946741e+07	1.2122957506403327e+02
118	21.662152	-2.8001614793590594e+07	1.1501035614684224e+02
119	21.932708	-2.8001513054604173e+07	1.0173898642137647e+02
120	21.675716	-2.8001415923375122e+07	9.7131229050457478e+01
121	21.866080	-2.8001393057312988e+07	2.2866062134504318e+01
122	21.686278	-2.8001297685363438e+07	9.5371949549764395e+01
123	21.677453	-2.8001292536980018e+07	5.1483834199607372e+00
124	21.816471	-2.8001600908222318e+07	-3.0837124229967594e+02
125	21.934364	-2.8001490540645167e+07	1.1036757715046406e+02
126	21.690855	-2.8001394396411892e+07	9.6144233275204897e+01
127	21.954309	-2.8001304602563716e+07	8.9793848175555468e+01
128	21.619206	-2.8001329629968490e+07	-2.5027404773980379e+01
129	21.726078	-2.8001251265748613e+07	7.8364219877868891e+01
130	21.817375	-2.8001185941909704e+07	6.5323838908225298e+01
131	21.843101	-2.8001540069956481e+07	-3.5412804677709937e+02
132	21.790590	-2.8001424761450976e+07	1.1530850550532341e+02
133	21.808403	-2.8001328107968457e+07	9.6653482519090176e+01
134	21.588644	-2.8001235871436298e+07	9.2236532159149647e+01
135	21.857971	-2.8001157288264610e+07	7.8583171688020229e+01
136	21.796688	-2.8001369166468121e+07	-2.1187820351123810e+02
137	21.733863	-2.8001273576070026e+07	9.5590398095548153e+01
138	21.959175	-2.8001192336453103e+07	8.1239616923034191e+01
139	21.742102	-2.8001117334799256e+07	7.5001653846353292e+01
140	21.620245	-2.8001055557552844e+07	6.1777246411889791e+01
141	21.879611	-2.8001070836986274e+07	-1.5279433429241180e+01
142	21.759286	-2.8001303793952726e+07	-2.3295696645230055e+02
143	21.769251	-2.8001210634507269e+07	9.3159445457160473e+01
144	22.000182	-2.8001131987470344e+07	7.8647036924958229e+01
145	21.685786	-2.8001068083307773e+07	6.3904162570834160e+01
146	21.807483	-2.8001066169557955e+07	1.9137498177587986e+00
147	21.811278	-2.8001010118687321e+07	5.6050870634615421e+01
148	21.668575	-2.8000958436453227e+07	5.1682234093546867e+01
149	21.951012	-2.8000906132366836e+07	5.2304086390882730e+01
150	21.765121	-2.8001346901641756e+07	-4.4076927492022514e+02
151	21.697569	-2.8001252676001851e+07	9.4225639905780554e+01
152	21.801008	-2.8001172964268953e+07	7.9711732897907495e+01
153	21.793202	-2.8001097352821704e+07	7.5611447248607874e+01
154	21.697802	-2.8001100635595962e+07	-3.2827742584049702e+00
155	21.986095	-2.8001129873198114e+07	-2.9237602151930332e+01
156	21.626358	-2.8001060253029335e+07	6.9620168779045343e+01
157	21.693663	-2.8001266098856591e+07	-2.0584582725539804e+02
158	21.531342	-2.8001188711317103e+07	7.7387539487332106e+01
159	21.542056	-2.8001123193529438e+07	6.5517787665128708e+01
160	21.639125	-2.8001058191069227e+07	6.5002460211515427e+01
161	21.714875	-2.8000994846879974e+07	6.3344189252704382e+01
162	21.562870	-2.8000934739851627e+07	6.0107028346508741e+01
163	21.858589	-2.8001010563279383e+07	-7.5823427755385637e+01
164	21.439390	-2.8001077720889784e+07	-6.7157610401511192e+01
165	21.526576	-2.8001073845211592e+07	3.8756781928241253e+00
166	21.709993	-2.8001001687028527e+07	7.2158183064311743e+01
167	21.554319	-2.8001164030347746e+07	-1.6234331921860576e+02
168	21.288672	-2.8001074706798274e+07	8.9323549471795559e+01
169	21.523636	-2.8000999147463895e+07	7.5559334378689528e+01
170	21.095963	-2.8000924296445515e+07	7.4851018380373716e+01
171	21.082526	-2.8001627246307362e+07	-7.0294986184686422e+02
172	20.920864	-2.8001506150477547e+07	1.2109582981467247e+02
173	20.806536	-2.8001409844327413e+07	9.6306150134652853e+01
174	20.678027	-2.8001315239050366e+07	9.4605277046561241e+01
175	20.683544	-2.8001222012102202e+07	9.3226948164403439e+01
176	20.468273	-2.8001135858366933e+07	8.6153735268861055e+01
177	20.405353	-2.8001129848273218e+07	6.0100937150418758e+00
178	20.272260	-2.8001026644304667e+07	1.0320396855100989e+02
179	20.267752	-2.8001076464198668e+07	-4.9819894000887871e+01
180	19.955158	-2.8001005588916272e+07	7.0875282395631075e+01
181	20.022367	-2.8000902124116033e+07	1.0346480023860931e+02
182	19.776258	-2.8000871936362520e+07	3.0187753513455391e+01
183	19.765314	-2.8000803644558791e+07	6.8291803728789091e+01
184	19.511696	-2.8000752532287393e+07	5.1112271398305893e+01
185	19.569782	-2.8000884465092778e+07	-1.3193280538544059e+02
186	19.271197	-2.8001004743651643e+07	-1.2027855886518955e+02
187	19.197919	-2.8001023004845209e+07	-1.8261193566024303e+01
188	18.991975	-2.8000959873452820e+07	6.3131392389535904e+01
189	19.083124	-2.8000973970120877e+07	-1.4096668057143688e+01
190	18.802420	-2.8000958159152430e+07	1.5810968447476625e+01
191	18.947427	-2.8000903644587088e+07	5.4514565341174603e+01
192	18.828603	-2.8000855150897615e+07	4.8493689473718405e+01
193	18.784860	-2.8000866332685225e+07	-1.1181787610054016e+01
194	18.755129	-2.8000931958551072e+07	-6.5625865846872330e+01
195	18.888101	-2.8000877119158298e+07	5.4839392773807049e+01
196	18.626904	-2.8000823255637497e+07	5.3863520801067352e+01
197	18.782099	-2.8000769463407282e+07	5.3792230214923620e+01
198	18.667349	-2.8000869190359116e+07	-9.9726951833814383e+01
199	18.838118	-2.8000814404802687e+07	5.4785556428134441e+01
200	18.639007	-2.8000927960391842e+07	-1.1355558915436268e+02
201	18.949740	-2.8000904268897325e+07	2.3691494517028332e+01
202	18.742925	-2.8000854492860135e+07	4.9776037190109491e+01
203	18.736719	-2.8000884321515456e+07	-2.9828655321151018e+01
204	18.698448	-2.8000840476972029e+07	4.3844543427228928e+01
205	18.924650	-2.8000800850710526e+07	3.9626261502504349e+01
206	18.623553	-2.8000762396805339e+07	3.8453905187547207e+01
207	18.811457	-2.8001035719768539e+07	-2.7332296320050955e+02
208	18.785802	-2.8000971802054387e+07	6.3917714152485132e+01
209	18.769955	-2.8001081729963224e+07	-1.0992790883779526e+02
210	18.723135	-2.8001012115358666e+07	6.9614604558795691e+01
211	18.849060	-2.8000951923367098e+07	6.0191991567611694e+01
212	18.631160	-2.8000966124747336e+07	-1.4201380237936974e+01
213	18.842598	-2.8000983467005439e+07	-1.7342258103191853e+01
214	18.690126	-2.8000926695237782e+07	5.6771767657250166e+01
215	18.882236	-2.8001119181117043e+07	-1.9248587926104665e+02
216	18.660872	-2.8001053751667943e+07	6.5429449100047350e+01
217	18.914324	-2.8001003415351693e+07	5.0336316250264645e+01
218	18.725272	-2.8000949925602790e+07	5.3489748902618885e+01
219	18.738375	-2.8000969873290040e+07	-1.9947687249630690e+01
220	18.709854	-2.8000911979148824e+07	5.7894141215831041e+01
221	18.878799	-2.8001108908618599e+07	-1.9692946977540851e+02
222	18.648367	-2.8001030453373447e+07	7.8455245152115822e+01
223	18.811391	-2.8001020913043000e+07	9.5403304472565651e+00
224	18.795044	-2.8001110161011089e+07	-8.9247968088835478e+01
225	18.809620	-2.8001037852441043e+07	7.2308570045977831e+01
226	18.718198	-2.8000968877733644e+07	6.8974707398563623e+01
227	18.853202	-2.8000905648639034e+07	6.3229094609618187e+01
228	18.632600	-2.8001055924446363e+07	-1.5027580732852221e+02
229	18.823508	-2.8000984549577832e+07	7.1374868530780077e+01
230	18.631619	-2.8001025606814887e+07	-4.1057237055152655e+01
231	18.847693	-2.8000963049741399e+07	6.2557073488831520e+01
232	18.634165	-2.8001134370380994e+07	-1.7132063959538937e+02
233	18.956642	-2.8001053674826246e+07	8.0695554748177528e+01
234	18.745442	-2.8000990556299161e+07	6.3118527084589005e+01
235	18.797286	-2.8000927188881047e+07	6.3367418114095926e+01
236	18.716059	-2.8000869285606183e+07	5.7903274863958359e+01
237	18.861683	-2.8000983673635356e+07	-1.1438802917301655e+02
238	18.617187	-2.8000925897220165e+07	5.7776415191590786e+01
239	18.794032	-2.8000949092885971e+07	-2.3195665806531906e+01
240	18.748081	-2.8000981099300571e+07	-3.2006414599716663e+01
241	18.773651	-2.8000924100991786e+07	5.6998308785259724e+01
242	18.685385	-2.8000937076426074e+07	-1.2975434288382530e+01
243	18.825158	-2.8001179978110932e+07	-2.4290168485790491e+02
244	18.634623	-2.8001097190643769e+07	8.2787467163056135e+01
245	18.784135	-2.8001073563957464e+07	2.3626686304807663e+01
246	18.663471	-2.8001084486305304e+07	-1.0922347839921713e+01
247	18.883163	-2.8001172309860811e+07	-8.7823555506765842e+01
248	18.632668	-2.8001103344374441e+07	6.8965486370027065e+01
249	18.887904	-2.8001273335898921e+07	-1.6999152448028326e+02
250	18.702583	-2.8001179804637831e+07	9.3531261090189219e+01
251	18.760972	-2.8001101123612985e+07	7.8681024845689535e+01
252	18.699195	-2.8001023922399577e+07	7.7201213408261538e+01
253	18.867158	-2.8000999330295395e+07	2.4592104181647301e+01
254	18.623988	-2.8000915020021468e+07	8.4310273926705122e+01
255	18.872391	-2.8000849975507915e+07	6.5044513553380966e+01
256	18.775474	-2.8000793391912498e+07	5.6583595417439938e+01
257	18.769504	-2.8001181670327287e+07	-3.8827841478958726e+02
258	18.697448	-2.8001098770391580e+07	8.2899935707449913e+01
259	18.825287	-2.8001024839108717e+07	7.3931282863020897e+01
260	18.626200	-2.8000988484110177e+07	3.6354998540133238e+01
261	18.798944	-2.8000915500987161e+07	7.2983123015612364e+01
262	18.677999	-2.8001057473435760e+07	-1.4197244859859347e+02
263	18.859181	-2.8000982769291677e+07	7.4704144082963467e+01
264	18.632653	-2.8000986627447546e+07	-3.8581558689475060e+00
265	18.948467	-2.8000929892565392e+07	5.6734882153570652e+01
266	18.758150	-2.8000882951567054e+07	4.6940998338162899e+01
267	18.743499	-2.8000885251931310e+07	-2.3003642559051514e+00
268	18.688704	-2.8000921820816595e+07	-3.6568885285407305e+01
269	18.877333	-2.8000850243858263e+07	7.1576958332210779e+01
270	18.630138	-2.8000824019212145e+07	2.6224646117538214e+01
271	18.911437	-2.8001249385913044e+07	-4.2536670089885592e+02
272	18.756298	-2.8001157399361871e+07	9.1986551173031330e+01
273	18.774760	-2.8001080982384235e+07	7.6416977636516094e+01
274	18.716041	-2.8001186995323021e+07	-1.0601293878629804e+02
275	18.822238	-2.8001266659301654e+07	-7.9663978632539511e+01
276	18.645944	-2.8001183441515137e+07	8.3217786516994238e+01
277	18.819126	-2.8001109829475053e+07	7.3612040083855391e+01
278	18.674288	-2.8001040234022200e+07	6.9595452852547169e+01
279	18.874955	-2.8001195565102417e+07	-1.5533108021691442e+02
280	18.607170	-2.8001103285938621e+07	9.2279163796454668e+01
281	18.908943	-2.8001023804056738e+07	7.9481881882995367e+01
282	18.765516	-2.8000942046433061e+07	8.1757623676210642e+01
283	18.774272	-2.8000874139360942e+07	6.7907072119414806e+01
284	18.687694	-2.8000862805676479e+07	1.1333684463053942e+01
285	18.875138	-2.8000916280298732e+07	-5.3474622253328562e+01
286	18.617976	-2.8000953911770083e+07	-3.7631471350789070e+01
287	18.886259	-2.8000894120792344e+07	5.9790977738797665e+01
288	18.766400	-2.8000835805932187e+07	5.8314860157668591e+01
289	18.780343	-2.8000918306841183e+07	-8.2500908996909857e+01
290	18.694579	-2.8000938839667041e+07	-2.0532825857400894e+01
291	18.801903	-2.8001021940239418e+07	-8.3100572377443314e+01
292	18.613820	-2.8000959305177927e+07	6.2635061491280794e+01
293	18.814391	-2.8000907204259403e+07	5.2100918523967266e+01
294	18.686119	-2.8000917222282290e+07	-1.0018022887408733e+01
295	18.847820	-2.8000866391325377e+07	5.0830956913530827e+01
296	18.629989	-2.8001007230971780e+07	-1.4083964640274644e+02
297	18.936651	-2.8000949849677678e+07	5.7381294101476669e+01
298	18.724571	-2.8000898763708156e+07	5.1085969522595406e+01
299	18.781604	-2.8000847951229334e+07	5.0812478821724653e+01
300	18.685003	-2.8000805025171768e+07	4.2926057565957308e+01
301	18.892469	-2.8000978134325355e+07	-1.7310915358737111e+02
302	18.635092	-2.8000914118284013e+07	6.4016041342169046e+01
303	18.931424	-2.8000859608211953e+07	5.4510072059929371e+01
304	18.768302	-2.8000814602591421e+07	4.5005620531737804e+01
305	18.780776	-2.8000778281072471e+07	3.6321518950164318e+01
306	18.712072	-2.8000876781525314e+07	-9.8500452842563391e+01
307	18.839490	-2.8000823605764687e+07	5.3175760626792908e+01
308	18.645089	-2.8001056474951442e+07	-2.3286918675526977e+02
309	18.800668	-2.8000977203357458e+07	7.9271593984216452e+01
310	18.662708	-2.8000920572481483e+07	5.6630875974893570e+01
311	18.870533	-2.8000907457240820e+07	1.3115240663290024e+01
312	18.629518	-2.8000852025936935e+07	5.5431303884834051e+01
313	18.898575	-2.8000966049631041e+07	-1.1402369410544634e+02
314	18.751592	-2.8001116309696183e+07	-1.5026006514206529e+02
315	18.779813	-2.8001041285059381e+07	7.5024636801332235e+01
316	18.722356	-2.8000974469661999e+07	6.6815397381782532e+01
317	18.887343	-2.8000915215162687e+07	5.9254499312490225e+01
318	18.650297	-2.8000917324302386e+07	-2.1091396994888783e+00
319	18.917914	-2.8000866391469408e+07	5.0932832978665829e+01
320	18.741669	-2.8000902167182025e+07	-3.5775712616741657e+01
321	18.769488	-2.8000914935183764e+07	-1.2768001738935709e+01
322	18.694795	-2.8000954314872824e+07	-3.9379689060151577e+01
323	18.818603	-2.8000897672604743e+07	5.6642268080264330e+01
324	18.612440	-2.8001001925903294e+07	-1.0425329855084419e+02
325	18.775091	-2.8000922969929434e+07	7.8955973859876394e+01
326	18.703283	-2.8001031391158573e+07	-1.0842122913897038e+02
327	18.852456	-2.8000950360335249e+07	8.1030823323875666e+01
328	18.627998	-2.8000891961954515e+07	5.8398380734026432e+01
329	18.909522	-2.8000964502588399e+07	-7.2540633883327246e+01
330	18.732500	-2.8000912500339437e+07	5.2002248961478472e+01
331	18.773802	-2.8000864492934246e+07	4.8007405191659927e+01
332	18.688166	-2.8000924558797467e+07	-6.0065863221883774e+01
333	18.838904	-2.8000920245338265e+07	4.3134592026472092e+00
334	18.611011	-2.8000865121440377e+07	5.5123897887766361e+01
335	18.946453	-2.8000972001880288e+07	-1.0688043991103768e+02
336	18.735894	-2.8000911384145733e+07	6.0617734555155039e+01
337	18.769987	-2.8000855981907584e+07	5.5402238149195910e+01
338	18.677371	-2.8000817232238695e+07	3.8749668888747692e+01
339	18.874775	-2.8000778125486191e+07	3.9106752503663301e+01
340	18.609758	-2.8001051851842783e+07	-2.7372635659202933e+02
341	18.784420	-2.8000985793623976e+07	6.6058218806982040e+01
342	18.712622	-2.8000968387707923e+07	1.7405916053801775e+01
343	18.867442	-2.8001017392971985e+07	-4.9005264062434435e+01
344	18.615851	-2.8000955466461346e+07	6.1926510639488697e+01
345	18.885832	-2.8000897249766700e+07	5.8216694645583630e+01
346	18.762814	-2.8000927010120407e+07	-2.9760353706777096e+01
347	18.752962	-2.8000954337107521e+07	-2.7326987113803625e+01
348	18.706102	-2.8001243083601374e+07	-2.8874649385362864e+02
349	18.889363	-2.8001163945828490e+07	7.9137772884219885e+01
350	18.634918	-2.8001096463866346e+07	6.7481962144374847e+01
351	18.899010	-2.8001148932041656e+07	-5.2468175310641527e+01
352	18.730941	-2.8001076158738725e+07	7.2773302931338549e+01
353	18.755519	-2.8001095231165841e+07	-1.9072427116334438e+01
354	18.696202	-2.8001030793782804e+07	6.4437383037060499e+01
355	18.874669	-2.8000970070975393e+07	6.0722807411104441e+01
356	18.610355	-2.8000975347221028e+07	-5.2762456350028515e+00
357	18.788776	-2.8000979781321499e+07	-4.4341004714369774e+00
358	18.722097	-2.8001077362776887e+07	-9.7581455387175083e+01
359	18.846434	-2.8001009784268420e+07	6.7578508466482162e+01
360	18.627733	-2.8000948252517663e+07	6.1531750757247210e+01
361	18.883443	-2.8000890481767714e+07	5.7770749948918819e+01
362	18.717405	-2.8001100696993448e+07	-2.1021522573381662e+02
363	18.781150	-2.8001021090970598e+07	7.9606022849678993e+01
364	18.715723	-2.8000976221475631e+07	4.4869494967162609e+01
365	18.863732	-2.8000911311447833e+07	6.4910027798265219e+01
366	18.609074	-2.8000990856777903e+07	-7.9545330069959164e+01
367	18.898212	-2.8000937518975649e+07	5.3337802253663540e+01
368	18.755157	-2.8000889630310033e+07	4.7888665616512299e+01
369	18.756020	-2.8000907682519436e+07	-1.8052209403365850e+01
370	18.724344	-2.8000861453361105e+07	4.6229158330708742e+01
371	18.823343	-2.8000824210184921e+07	3.7243176184594631e+01
372	18.599899	-2.8001207067100290e+07	-3.8285691536962986e+02
373	18.766952	-2.8001123450767204e+07	8.3616333086043596e+01
374	18.731875	-2.8001059197813343e+07	6.4252953860908747e+01
375	18.884595	-2.8001076345178388e+07	-1.7147365044802427e+01
376	18.620378	-2.8001081773659587e+07	-5.4284811988472939e+00
377	18.884003	-2.8001104204495374e+07	-2.2430835787206888e+01
378	18.769080	-2.8001030650216911e+07	7.3554278463125229e+01
379	18.761266	-2.8001180997502137e+07	-1.5034728522598743e+02
380	18.699424	-2.8001130862213381e+07	5.0135288756340742e+01
381	18.883241	-2.8001050084919203e+07	8.0777294177561998e+01
382	18.643336	-2.8001062249278549e+07	-1.2164359346032143e+01
383	18.892753	-2.8000984079963233e+07	7.8169315315783024e+01
384	18.740650	-2.8001029801782444e+07	-4.5721819210797548e+01
385	18.752384	-2.8001005618448000e+07	2.4183334443718195e+01
386	18.678807	-2.8000948711621046e+07	5.6906826954334974e+01
387	18.798097	-2.8000891801007662e+07	5.6910613384097815e+01
388	18.605421	-2.8000911427913576e+07	-1.9626905914396048e+01
389	18.780551	-2.8001194257523820e+07	-2.8282961024343967e+02
390	18.709731	-2.8001114923313584e+07	7.9334210235625505e+01
391	18.909247	-2.8001044471247837e+07	7.0452065747231245e+01
392	18.606359	-2.8000976429596573e+07	6.8041651263833046e+01
393	18.876177	-2.8001062962188147e+07	-8.6532591573894024e+01
394	18.714657	-2.8000997217397656e+07	6.5744790490716696e+01
395	18.773743	-2.8001048105715711e+07	-5.0888318054378033e+01
396	18.680628	-2.8000981003846876e+07	6.7101868834346533e+01
397	18.851351	-2.8000919803814586e+07	6.1200032290071249e+01
398	18.620252	-2.8001190494325493e+07	-2.7069051090627909e+02
399	18.894771	-2.8001101396932006e+07	8.9097393486648798e+01
400	18.761015	-2.8001024469965886e+07	7.6926966119557619e+01
401	18.751529	-2.8000946289649732e+07	7.8180316153913736e+01
402	18.672166	-2.8000876593050230e+07	6.9696599502116442e+01
403	18.826183	-2.8000933142929733e+07	-5.6549879502505064e+01
404	18.578053	-2.8001008802097447e+07	-7.5659167714416981e+01
405	18.773566	-2.8001005005740155e+07	3.7963572926819324e+00
406	18.742491	-2.8001167016952068e+07	-1.6201121191307902e+02
407	18.887771	-2.8001089333005223e+07	7.7683946844190359e+01
408	18.613893	-2.8001193298286501e+07	-1.0396528127789497e+02
409	18.871297	-2.8001114032249045e+07	7.9266037456691265e+01
410	18.721733	-2.8001136103756774e+07	-2.2071507729589939e+01
411	18.757224	-2.8001058806290720e+07	7.7297466054558754e+01
412	18.670754	-2.8000983988479018e+07	7.4817811701446772e+01
413	18.848448	-2.8000975528180312e+07	8.4602987058460712e+00
414	18.620145	-2.8000964437726215e+07	1.1090454097837210e+01
415	18.853514	-2.8000996478691678e+07	-3.2040965463966131e+01
416	18.737019	-2.8000974581373714e+07	2.1897317964583635e+01
417	18.774687	-2.8000900674048238e+07	7.3907325476408005e+01
418	18.681920	-2.8000984827485599e+07	-8.4153437361121178e+01
419	18.832461	-2.8000993498415940e+07	-8.6709303408861160e+00
420	18.591260	-2.8001047898459032e+07	-5.4400043092668056e+01
421	18.767660	-2.8000986615557197e+07	6.1282901834696531e+01
422	18.861938	-2.8000936459284652e+07	5.0156272545456886e+01
423	18.890806	-2.8000890049939319e+07	4.6409345332533121e+01
424	18.624802	-2.8000889717899185e+07	3.3204013481736183e-01
425	18.889133	-2.8000907942625329e+07	-1.8224726144224405e+01
426	18.745356	-2.8000856022807576e+07	5.1919817753136158e+01
427	18.771715	-2.8000886872259993e+07	-3.0849452417343855e+01
428	18.666745	-2.8000920243500978e+07	-3.3371240984648466e+01
429	18.860342	-2.8001034672094069e+07	-1.1442859309166670e+02
430	18.593636	-2.8000965149671983e+07	6.9522422086447477e+01
431	18.869207	-2.8000907164420061e+07	5.7985251922160387e+01
432	18.737772	-2.8000857406132676e+07	4.9758287385106087e+01
433	18.736548	-2.8000865132758882e+07	-7.7266262061893940e+00
434	18.671689	-2.8000815793899368e+07	4.9338859513401985e+01
435	18.828391	-2.8001059913962621e+07	-2.4412006325274706e+02
436	18.603332	-2.8001105146357115e+07	-4.5232394494116306e+01
437	18.753305	-2.8001033088962983e+07	7.2057394132018089e+01
438	18.727267	-2.8000975282852415e+07	5.7806110568344593e+01
439	18.834263	-2.8000924058582705e+07	5.1224269710481167e+01
440	18.641785	-2.8000948413299859e+07	-2.4354717154055834e+01
441	18.867064	-2.8001022103264179e+07	-7.3689964320510626e+01
442	18.704515	-2.8000958477843285e+07	6.3625420894473791e+01
443	18.802091	-2.8000901527966294e+07	5.6949876990169287e+01
444	18.688379	-2.8001149025315724e+07	-2.4749734942987561e+02
445	18.869292	-2.8001431998253655e+07	-2.8297293793037534e+02
446	18.601481	-2.8001335510829624e+07	9.6487424030900002e+01
447	18.879443	-2.8001245368788976e+07	9.0142040647566319e+01
448	18.701893	-2.8001159492543597e+07	8.5876245379447937e+01
449	18.748188	-2.8001086540666908e+07	7.2951876688748598e+01
450	18.658380	-2.8001019440039884e+07	6.7100627023726702e+01
451	18.811773	-2.8001474548483044e+07	-4.5510844315961003e+02
452	18.594793	-2.8001356899231225e+07	1.1764925181865692e+02
453	18.734285	-2.8001248446874935e+07	1.0845235629007220e+02
454	18.751463	-2.8001147465154920e+07	1.0098172001540661e+02
455	18.847146	-2.8001392650021132e+07	-2.4518486621230841e+02
456	18.617161	-2.8001261121741347e+07	1.3152827978506684e+02
457	18.910190	-2.8001143837448332e+07	1.1728429301455617e+02
458	18.701167	-2.8001053827684935e+07	9.0009763397276402e+01
459	18.735748	-2.8000987475114487e+07	6.6352570448070765e+01
460	18.659823	-2.8000929796945404e+07	5.7678169082850218e+01
461	18.887618	-2.8000867494168870e+07	6.2302776534110308e+01
462	18.637605	-2.8001577437643111e+07	-7.0994347424060106e+02
463	18.869769	-2.8001446531616155e+07	1.3090602695569396e+02
464	18.724443	-2.8001336019329011e+07	1.1051228714361787e+02
465	18.780935	-2.8001225680796959e+07	1.1033853205293417e+02
466	18.646308	-2.8001123698789686e+07	1.0198200727254152e+02
467	18.813866	-2.8001525578429289e+07	-4.0187963960319757e+02
468	18.674057	-2.8001394258890275e+07	1.3131953901425004e+02
469	18.772200	-2.8001293442435253e+07	1.0081645502150059e+02
470	18.744006	-2.8001195861778110e+07	9.7580657143145800e+01
471	18.904534	-2.8001108388449002e+07	8.7473329108208418e+01
472	18.666600	-2.8001143037332054e+07	-3.4648883052170277e+01
473	18.867563	-2.8001051559748411e+07	9.1477583643049002e+01
474	18.707122	-2.8000967581131913e+07	8.3978616498410702e+01
475	18.734102	-2.8001053477788415e+07	-8.5896656502038240e+01
476	18.653870	-2.8000983355482496e+07	7.0122305918484926e+01
477	18.896315	-2.8001074152689561e+07	-9.0797207064926624e+01
478	18.627628	-2.8000987998066161e+07	8.6154623400419950e+01
479	18.890606	-2.8000904225543261e+07	8.3772522900253534e+01
480	18.701120	-2.8000826517345309e+07	7.7708197951316833e+01
481	18.789035	-2.8000864324360061e+07	-3.7807014752179384e+01
482	18.667262	-2.8000811509628717e+07	5.2814731344580650e+01
483	18.798858	-2.8001396058984704e+07	-5.8454935598745942e+02
484	18.642005	-2.8001296501187883e+07	9.9557796820998192e+01
485	18.762311	-2.8001312417831387e+07	-1.5916643504053354e+01
486	18.765430	-2.8001212155235671e+07	1.0026259571686387e+02
487	18.865509	-2.8001123213387005e+07	8.8941848665475845e+01
488	18.604476	-2.8000992299273331e+07	1.3091411367431283e+02
489	18.862762	-2.8001377082329158e+07	-3.8478305582702160e+02
490	18.716881	-2.8001270021150891e+07	1.0706117826700211e+02
491	18.794886	-2.8001180228568383e+07	8.9792582508176565e+01
492	18.661575	-2.8001172736124869e+07	7.4924435131251812e+00
493	18.884388	-2.8001090904241487e+07	8.1831883382052183e+01
494	18.555138	-2.8001020178011127e+07	7.0726230360567570e+01
495	18.817765	-2.8001472747163113e+07	-4.5256915198639035e+02
496	18.663271	-2.8001363358821657e+07	1.0938834145665169e+02
497	18.683327	-2.8001268817088619e+07	9.4541733037680387e+01
498	18.609640	-2.8001247700787149e+07	2.1116301469504833e+01
499	18.782525	-2.8001214614812501e+07	3.3085974648594856e+01
500	18.602349	-2.8001122204244640e+07	9.2410567861050367e+01
501	18.720012	-2.8001223155161835e+07	-1.0095091719552875e+02
502	18.737108	-2.8001137932737838e+07	8.5222423996776342e+01
503	18.845340	-2.8001055941818006e+07	8.1990919832140207e+01
504	18.600640	-2.8000971680985127e+07	8.4260832879692316e+01
505	18.865757	-2.8001035083718594e+07	-6.3402733467519283e+01
506	18.720504	-2.8001010959607784e+07	2.4124110810458660e+01
507	18.733026	-2.8000915412940413e+07	9.5546667370945215e+01
508	18.597864	-2.8000843347178217e+07	7.2065762195736170e+01
509	18.875701	-2.8000834515066888e+07	8.8321113288402557e+00
510	18.613559	-2.8000789839386959e+07	4.4675679929554462e+01
511	18.816440	-2.8000827750457361e+07	-3.7911070402711630e+01
512	18.672052	-2.8000784612141974e+07	4.3138315387070179e+01
513	18.710245	-2.8000743018234689e+07	4.1593907285481691e+01
514	18.595913	-2.8000805603969507e+07	-6.2585734818130732e+01
515	18.763099	-2.8000922617950629e+07	-1.1701398112252355e+02
516	18.657575	-2.8000872561281063e+07	5.0056669566780329e+01
517	18.720781	-2.8000880377899040e+07	-7.8166179768741131e+00
518	18.718521	-2.8000830821983319e+07	4.9555915720760822e+01
519	18.831328	-2.8000851296590112e+07	-2.0474606793373823e+01
520	18.583626	-2.8000828067906138e+07	2.3228683974593878e+01
521	18.846424	-2.8000786333413627e+07	4.1734492510557175e+01
522	18.721535	-2.8000960306972951e+07	-1.7397355932369828e+02
523	18.781339	-2.8000895849052876e+07	6.4457920074462891e+01
524	18.633337	-2.8000886739221226e+07	9.1098316498100758e+00
525	18.893081	-2.8000839549619775e+07	4.7189601451158524e+01
526	18.602875	-2.8000887752188161e+07	-4.8202568385750055e+01
527	18.809164	-2.8000844771935392e+07	4.2980252768844366e+01
528	18.647944	-2.8000926637983434e+07	-8.1866048041731119e+01
529	18.732590	-2.8000875672053732e+07	5.0965929701924324e+01
530	18.666515	-2.8000832418527283e+07	4.3253526449203491e+01
531	18.803062	-2.8000789053843893e+07	4.3364683389663696e+01
532	18.657351	-2.8000747532851368e+07	4.1520992524921894e+01
533	18.745292	-2.8000991890616786e+07	-2.4435776541754603e+02
534	18.715408	-2.8000965346789092e+07	2.6543827693909407e+01
535	18.857456	-2.8000907606899224e+07	5.7739889867603779e+01
536	18.597749	-2.8000958809972949e+07	-5.1203073725104332e+01
537	18.788265	-2.8001080287002679e+07	-1.2147702972963452e+02
538	18.698441	-2.8001007753798570e+07	7.2533204108476639e+01
539	18.733908	-2.8000952574380726e+07	5.5179417844861746e+01
540	18.723981	-2.8000892656735472e+07	5.9917645253241062e+01
541	18.871473	-2.8000872970920634e+07	1.9685814838856459e+01
542	18.638913	-2.8000815980905350e+07	5.6990015283226967e+01
543	18.797179	-2.8000841312562931e+07	-2.5331657581031322e+01
544	18.656543	-2.8001102832444873e+07	-2.6151988194137812e+02
545	18.738534	-2.8001032848298661e+07	6.9984146211296320e+01
546	18.665241	-2.8000973297062706e+07	5.9551235955208540e+01
547	18.858270	-2.8000966155239072e+07	7.1418236345052719e+00
548	18.683183	-2.8000897667919248e+07	6.8487319823354483e+01
549	18.756635	-2.8000899566982191e+07	-1.8990629427134991e+00
550	18.693152	-2.8000961337405995e+07	-6.1770423803478479e+01
551	18.830430	-2.8000975201118279e+07	-1.3863712284713984e+01
552	18.589206	-2.8000973908264104e+07	1.2928541749715805e+00
553	18.793589	-2.8000925558651995e+07	4.8349612109363079e+01
554	18.704557	-2.8000956105043542e+07	-3.0546391546726227e+01
555	18.789399	-2.8001071571398608e+07	-1.1546635506674647e+02
556	18.707406	-2.8001061601604376e+07	9.9697942323982716e+00
557	18.829420	-2.8001051806948941e+07	9.7946554347872734e+00
558	18.610473	-2.8000989698996779e+07	6.2107952162623405e+01
559	18.777692	-2.8000933218768101e+07	5.6480228677392006e+01
560	18.635267	-2.8001394210936975e+07	-4.6099216887354851e+02
561	18.730182	-2.8001280432669114e+07	1.1377826786041260e+02
562	18.606524	-2.8001196264471564e+07	8.4168197549879551e+01
563	18.867804	-2.8001111956964966e+07	8.4307506598532200e+01
564	18.704821	-2.8001182128949072e+07	-7.0171984106302261e+01
565	18.755705	-2.8001108158271581e+07	7.3970677491277456e+01
566	18.721364	-2.8001033267945312e+07	7.4890326268970966e+01
567	18.822026	-2.8001013668290794e+07	1.9599654518067837e+01
568	18.591743	-2.8000940532684412e+07	7.3135606382042170e+01
569	18.753762	-2.8000911174540494e+07	2.9358143918216228e+01
570	18.697087	-2.8000928331676677e+07	-1.7157136183232069e+01
571	18.769968	-2.8000843068269178e+07	8.5263407498598099e+01
572	18.660934	-2.8000765118996363e+07	7.7949272815138102e+01
573	18.787884	-2.8000713981771473e+07	5.1137224890291691e+01
574	18.540031	-2.8000989166494180e+07	-2.7518472270667553e+02
575	18.752147	-2.8000966292799015e+07	2.2873695164918900e+01
576	18.609351	-2.8000910472084481e+07	5.5820714533329010e+01
577	18.787353	-2.8000936837316968e+07	-2.6365232486277819e+01
578	18.597337	-2.8000886760052048e+07	5.0077264919877052e+01
579	18.841406	-2.8000843007503942e+07	4.3752548106014729e+01
580	18.645489	-2.8000801916861638e+07	4.1090642303228378e+01
581	18.728415	-2.8000817845081795e+07	-1.5928220156580210e+01
582	18.648342	-2.8000875956225172e+07	-5.8111143376678228e+01
583	18.821984	-2.8000869461523443e+07	6.4947017282247543e+00
584	18.556952	-2.8000812219762042e+07	5.7241761401295662e+01
585	18.738448	-2.8000757951332092e+07	5.4268429949879646e+01
586	18.686976	-2.8000713269131996e+07	4.4682200096547604e+01
587	18.714932	-2.8000676681487918e+07	3.6587644077837467e+01
588	18.673290	-2.8000903818983670e+07	-2.2713749575242400e+02
589	18.799144	-2.8000853482133932e+07	5.0336849737912416e+01
590	18.613903	-2.8000809028106041e+07	4.4454027891159058e+01
591	18.758624	-2.8000770529425580e+07	3.8498680461198092e+01
592	18.625500	-2.8000919020677797e+07	-1.4849125221744180e+02
593	18.769815	-2.8000866334272269e+07	5.2686405528336763e+01
594	18.583212	-2.8000916720225148e+07	-5.0385952878743410e+01
595	18.849774	-2.8000872375389360e+07	4.4344835788011551e+01
596	18.705319	-2.8000835814261019e+07	3.6561128340661526e+01
597	18.746603	-2.8000799263191137e+07	3.6551069881767035e+01
598	18.679129	-2.8000820606680937e+07	-2.1343489799648523e+01
599	18.827871	-2.8000783575177107e+07	3.7031503830105066e+01
600	18.587865	-2.8000786820286646e+07	-3.2451095394790173e+00
601	18.786867	-2.8000746171587754e+07	4.0648698892444372e+01
602	18.721596	-2.8000799869697455e+07	-5.3698109701275826e+01
603	18.743656	-2.8000761795145553e+07	3.8074551902711391e+01
604	18.696389	-2.8000726712300468e+07	3.5082845084369183e+01
605	18.832185	-2.8000692513921596e+07	3.4198378872126341e+01
606	18.590418	-2.8000776064887848e+07	-8.3550966251641512e+01
607	18.744757	-2.8001058164199896e+07	-2.8209931204840541e+02
608	18.621216	-2.8000990433914997e+07	6.7730284899473190e+01
609	18.842703	-2.8000935191394471e+07	5.5242520526051521e+01
610	18.837536	-2.8000886336859085e+07	4.8854535385966301e+01
611	19.135433	-2.8000844601678554e+07	4.1735180530697107e+01
612	18.823411	-2.8000889362690050e+07	-4.4761011496186256e+01
613	18.868483	-2.8001051227210525e+07	-1.6186452047526836e+02
614	18.796131	-2.8000974688104108e+07	7.6539106417447329e+01
615	18.984175	-2.8000975143526040e+07	-4.5542193204164505e-01
616	18.953478	-2.8000920922108930e+07	5.4221417110413313e+01
617	18.935528	-2.8000926580103047e+07	-5.6579941175878048e+00
618	18.728801	-2.8000871625071749e+07	5.4955031298100948e+01
619	18.862842	-2.8000911498371284e+07	-3.9873299535363913e+01
620	18.848106	-2.8000855778086871e+07	5.5720284413546324e+01
621	19.173071	-2.8000804480536520e+07	5.1297550350427628e+01
622	18.788255	-2.8000762406762507e+07	4.2073774013668299e+01
623	18.958426	-2.8000812961904872e+07	-5.0555142365396023e+01
624	18.638294	-2.8000767561381057e+07	4.5400523815304041e+01
625	18.835131	-2.8000784544972446e+07	-1.6983591388911009e+01
626	18.593745	-2.8000732974372100e+07	5.1570600345730782e+01
627	18.734778	-2.8000699277118817e+07	3.3697253283113241e+01
628	18.606228	-2.8000665511434648e+07	3.3765684168785810e+01
629	18.725309	-2.8000795087112643e+07	-1.2957567799463868e+02
630	18.729987	-2.8000761118363298e+07	3.3968749344348907e+01
631	18.837643	-2.8000730837053053e+07	3.0281310245394707e+01
632	18.582103	-2.8000704707988642e+07	2.6129064410924911e+01
633	18.801752	-2.8000780022895079e+07	-7.5314906436949968e+01
634	18.691424	-2.8000746851187661e+07	3.3171707417815924e+01
635	18.706974	-2.8000721748692293e+07	2.5102495368570089e+01
636	18.635543	-2.8000695539071921e+07	2.6209620371460915e+01
637	18.867157	-2.8000671966545004e+07	2.3572526916861534e+01
638	18.590940	-2.8000903621745441e+07	-2.3165520043671131e+02
639	18.795506	-2.8000853563067142e+07	5.0058678299188614e+01
640	18.675645	-2.8000811301440571e+07	4.2261626571416855e+01
641	18.740285	-2.8000827305687059e+07	-1.6004246488213539e+01
642	18.634759	-2.8000792740949187e+07	3.4564737871289253e+01
643	18.841667	-2.8000765863055017e+07	2.6877894170582294e+01
644	19.183514	-2.8000737272781167e+07	2.8590273849666119e+01
645	19.236576	-2.8000837378580097e+07	-1.0010579892992973e+02
646	19.017316	-2.8000887813884281e+07	-5.0435304183512926e+01
647	18.972413	-2.8000844090650853e+07	4.3723233427852392e+01
648	18.851769	-2.8000833982808378e+07	1.0107842475175858e+01
649	18.851996	-2.8000788313357688e+07	4.5669450689107180e+01
650	19.060881	-2.8000745075953767e+07	4.3237403921782970e+01
651	19.284004	-2.8000709110057451e+07	3.5965896315872669e+01
652	18.906919	-2.8000953204901498e+07	-2.4409484404698014e+02
653	18.964992	-2.8000944340357948e+07	8.8645435497164726e+00
654	18.754114	-2.8000988627302554e+07	-4.4286944605410099e+01
655	18.888869	-2.8000932926774636e+07	5.5700527917593718e+01
656	18.699314	-2.8000884166629095e+07	4.8760145541280508e+01
657	19.106309	-2.8000917436998568e+07	-3.3270369473844767e+01
658	19.104154	-2.8001206509249575e+07	-2.8907225100696087e+02
659	19.108332	-2.8001132775290471e+07	7.3733959104865789e+01
660	18.799497	-2.8001153212359700e+07	-2.0437069229781628e+01
661	18.905112	-2.8001081448218193e+07	7.1764141507446766e+01
662	18.685980	-2.8001074150914352e+07	7.2973038405179977e+00
663	18.897123	-2.8001080080115568e+07	-5.9292012155056000e+00
664	18.617605	-2.8001059972736597e+07	2.0107378970831633e+01
665	18.762206	-2.8000988894267377e+07	7.1078469220548868e+01
666	18.620350	-2.8000924681691654e+07	6.4212575722485781e+01
667	19.032757	-2.8000864416755527e+07	6.0264936126768589e+01
668	19.068059	-2.8001457877319429e+07	-5.9346056390181184e+02
669	18.952459	-2.8001338579799484e+07	1.1929751994460821e+02
670	18.720329	-2.8001236007287323e+07	1.0257251216098666e+02
671	19.271629	-2.8001147995365176e+07	8.8011922147125006e+01
672	19.144356	-2.8001077825151842e+07	7.0170213334262371e+01
673	19.145150	-2.8001062308065992e+07	1.5517085850238800e+01
674	18.688727	-2.8000996590955220e+07	6.5717110771685839e+01
675	18.846312	-2.8001055411702625e+07	-5.8820747405290604e+01
676	18.795396	-2.8001055384721600e+07	2.6981025934219360e-02
677	18.760450	-2.8001057618771330e+07	-2.2340497300028801e+00
678	18.726914	-2.8000987463708293e+07	7.0155063036829233e+01
679	18.873700	-2.8000971861248642e+07	1.5602459650486708e+01
680	18.964932	-2.8000896149107892e+07	7.5712140750139952e+01
681	19.178070	-2.8001290671077039e+07	-3.9452196914702654e+02
682	18.962378	-2.8001198151137590e+07	9.2519939448684454e+01
683	18.951580	-2.8001120466633808e+07	7.7684503782540560e+01
684	18.697407	-2.8001045732098065e+07	7.4734535742551088e+01
685	18.741727	-2.8001032385961074e+07	1.3346136990934610e+01
686	18.689187	-2.8001118976899240e+07	-8.6590938165783882e+01
687	18.816848	-2.8001055465500973e+07	6.3511398267000914e+01
688	18.611006	-2.8000992207813125e+07	6.3257687848061323e+01
689	18.753108	-2.8000930057194810e+07	6.2150618314743042e+01
690	18.597104	-2.8000869460285638e+07	6.0596909172832966e+01
691	18.718283	-2.8000809134683535e+07	6.0325602103024721e+01
692	18.690803	-2.8000754257006545e+07	5.4877676989883184e+01
693	18.793250	-2.8001261192093670e+07	-5.0693508712574840e+02
694	18.584229	-2.8001166821606588e+07	9.4370487082749605e+01
695	18.786756	-2.8001090040556528e+07	7.6781050059944391e+01
696	18.658344	-2.8001020451996896e+07	6.9588559631258249e+01
697	18.720817	-2.8000967368155129e+07	5.3083841767162085e+01
698	18.594487	-2.8001042214314535e+07	-7.4846159406006336e+01
699	18.837732	-2.8001076301598426e+07	-3.4087283890694380e+01
700	18.590531	-2.8001001731783684e+07	7.4569814741611481e+01
701	18.810001	-2.8001070581398249e+07	-6.8849614564329386e+01
702	18.625864	-2.8001011075833719e+07	5.9505564529448748e+01
703	18.684553	-2.8000947195557807e+07	6.3880275912582874e+01
704	18.556935	-2.8000944410758331e+07	2.7847994752228260e+00
705	18.852066	-2.8000875770216312e+07	6.8640542019158602e+01
706	18.678212	-2.8000887527219333e+07	-1.1757003020495176e+01
707	18.759891	-2.8000910463288717e+07	-2.2936069384217262e+01
708	18.703505	-2.8000912029782534e+07	-1.5664938166737556e+00
709	18.869247	-2.8000923987675171e+07	-1.1957892637699842e+01
710	18.595708	-2.8000880487104572e+07	4.3500570598989725e+01
711	18.799309	-2.8001020104224928e+07	-1.3961712035536766e+02
712	18.717116	-2.8000950431883033e+07	6.9672341894358397e+01
713	18.730303	-2.8000894877716437e+07	5.5554166596382856e+01
714	18.771531	-2.8000910903928738e+07	-1.6026212301105261e+01
715	18.836662	-2.8000866158155650e+07	4.4745773088186979e+01
716	18.536558	-2.8000945411712609e+07	-7.9253556959331036e+01
717	18.773010	-2.8000887038480964e+07	5.8373231645673513e+01
718	18.613895	-2.8000838395528551e+07	4.8642952412366867e+01
719	18.739165	-2.8000936053648602e+07	-9.7658120051026344e+01
720	18.602568	-2.8000876396847390e+07	5.9656801212579012e+01
721	18.896801	-2.8000823452218339e+07	5.2944629050791264e+01
722	18.681984	-2.8000772223790035e+07	5.1228428304195404e+01
723	18.751770	-2.8000734612565998e+07	3.7611224036663771e+01
724	18.758545	-2.8000806405340139e+07	-7.1792774140834808e+01
725	18.883265	-2.8000774587144468e+07	3.1818195670843124e+01
726	18.612747	-2.8000807522631932e+07	-3.2935487464070320e+01
727	18.794318	-2.8000817137739539e+07	-9.6151076070964336e+00
728	18.707758	-2.8000771537648156e+07	4.5600091382861137e+01
729	18.744064	-2.8000847684918318e+07	-7.6147270161658525e+01
730	18.691158	-2.8000890056045424e+07	-4.2371127106249332e+01
731	18.823199	-2.8000913970816940e+07	-2.3914771515876055e+01
732	18.616055	-2.8000878646700852e+07	3.5324116088449955e+01
733	18.769975	-2.8001095864314605e+07	-2.1721761375293136e+02
734	18.626007	-2.8001023426530700e+07	7.2437783904373646e+01
735	18.760934	-2.8001014868280940e+07	8.5582497604191303e+00
736	18.607998	-2.8000956469215252e+07	5.8399065688252449e+01
737	18.899405	-2.8000907396787755e+07	4.9072427496314049e+01
738	18.935277	-2.8000856617749471e+07	5.0779038283973932e+01
739	19.119201	-2.8000925196730062e+07	-6.8578980591148138e+01
740	18.846957	-2.8000873119198922e+07	5.2077531140297651e+01
741	18.890462	-2.8000877769312307e+07	-4.6501133851706982e+00
742	18.610534	-2.8000830601031829e+07	4.7168280478566885e+01
743	18.853072	-2.8000789903804604e+07	4.0697227224707603e+01
744	18.626381	-2.8000749682942916e+07	4.0220861688256264e+01
745	18.772494	-2.8001000606494036e+07	-2.5092355111986399e+02
746	18.612449	-2.8000931151104253e+07	6.9455389782786369e+01
747	18.745413	-2.8000885205630720e+07	4.5945473533123732e+01
748	18.574634	-2.8000843055029605e+07	4.2150601115077734e+01
749	18.889715	-2.8000930309395004e+07	-8.7254365399479866e+01
750	18.843711	-2.8000883635705698e+07	4.6673689305782318e+01
751	19.170033	-2.8000839420530930e+07	4.4215174768120050e+01
752	18.834557	-2.8000797476344056e+07	4.1944186873733997e+01
753	18.980970	-2.8000990139626198e+07	-1.9266328214108944e+02
754	18.913679	-2.8000962116604790e+07	2.8023021407425404e+01
755	18.937905	-2.8001120215469100e+07	-1.5809886430948973e+02
756	18.708371	-2.8001049991422307e+07	7.0224046792834997e+01
757	19.037697	-2.8000984161507171e+07	6.5829915136098862e+01
758	19.191224	-2.8000930461148720e+07	5.3700358450412750e+01
759	19.173283	-2.8000886660358656e+07	4.3800790064036846e+01
760	18.900969	-2.8000997223035865e+07	-1.1056267720833421e+02
761	18.874132	-2.8000935145524699e+07	6.2077511165291071e+01
762	18.767096	-2.8000876940614801e+07	5.8204909898340702e+01
763	18.820361	-2.8000883324265163e+07	-6.3836503624916077e+00
764	18.980560	-2.8000941505036842e+07	-5.8180771678686142e+01
765	19.107269	-2.8000874309837524e+07	6.7195199318230152e+01
766	19.041804	-2.8000960481264241e+07	-8.6171426717191935e+01
767	19.030989	-2.8000896890758533e+07	6.3590505708009005e+01
768	18.743627	-2.8000848488710374e+07	4.8402048159390688e+01
769	18.861986	-2.8000865938390598e+07	-1.7449680224061012e+01
770	18.708471	-2.8000824413887914e+07	4.1524502683430910e+01
771	18.859032	-2.8000783092472550e+07	4.1321415364742279e+01
772	18.640019	-2.8000740289651494e+07	4.2802821055054665e+01
773	18.776352	-2.8000776866983540e+07	-3.6577332045882940e+01
774	18.664829	-2.8000954793303922e+07	-1.7792632038146257e+02
775	18.608436	-2.8000974553341135e+07	-1.9760037213563919e+01
776	18.521610	-2.8000919052732129e+07	5.5500609006732702e+01
777	18.384256	-2.8000868444915358e+07	5.0607816770672798e+01
778	18.290855	-2.8000949179560695e+07	-8.0734645336866379e+01
779	18.468037	-2.8001324616392095e+07	-3.7543683139979839e+02
780	18.410465	-2.8001214849960849e+07	1.0976643124595284e+02
781	18.525525	-2.8001138705980550e+07	7.6143980298191309e+01
782	18.201568	-2.8001071450108115e+07	6.7255872435867786e+01
783	18.585297	-2.8001083666011404e+07	-1.2215903289616108e+01
784	18.459204	-2.8001012759438321e+07	7.0906573083251715e+01
785	18.372969	-2.8001072383179102e+07	-5.9623740781098604e+01
786	18.146593	-2.8001002077032760e+07	7.0306146342307329e+01
787	18.391908	-2.8000937472014919e+07	6.4605017840862274e+01
788	18.283487	-2.8000948810569048e+07	-1.1338554129004478e+01
789	18.424715	-2.8000871977689799e+07	7.6832879249006510e+01
790	18.389032	-2.8000917815483142e+07	-4.5837793342769146e+01
791	18.547737	-2.8000843990333043e+07	7.3825150098651648e+01
792	18.360588	-2.8000778253489126e+07	6.5736843917518854e+01
793	18.718771	-2.8001127140724067e+07	-3.4888723494112492e+02
794	18.539212	-2.8001053207296461e+07	7.3933427605777979e+01
795	18.517646	-2.8000995810945924e+07	5.7396350536495447e+01
796	18.440433	-2.8000943582227424e+07	5.2228718500584364e+01
797	18.585261	-2.8000965131118406e+07	-2.1548890981823206e+01
798	18.466269	-2.8001021080145922e+07	-5.5949027515947819e+01
799	18.570445	-2.8000955314265866e+07	6.5765880055725574e+01
800	18.493931	-2.8001088833762314e+07	-1.3351949644833803e+02
801	18.439781	-2.8001095019806374e+07	-6.1860440596938133e+00
802	18.360676	-2.8001015168156210e+07	7.9851650163531303e+01
803	18.685030	-2.8001047294672843e+07	-3.2126516632735729e+01
804	18.411502	-2.8000959563508071e+07	8.7731164772063494e+01
805	18.530899	-2.8000882569264360e+07	7.6994243711233139e+01
806	18.411292	-2.8000815207972102e+07	6.7361292257905006e+01
807	18.632725	-2.8000767931408923e+07	4.7276563178747892e+01
808	18.231733	-2.8000953250694927e+07	-1.8531928600370884e+02
809	18.522493	-2.8001001224972054e+07	-4.7974277127534151e+01
810	18.245952	-2.8000938044399809e+07	6.3180572245270014e+01
811	18.191267	-2.8000880085191969e+07	5.7959207840263844e+01
812	18.136923	-2.8000825300299466e+07	5.4784892503172159e+01
813	18.504979	-2.8000896881476101e+07	-7.1581176634877920e+01
814	18.426582	-2.8001018639902957e+07	-1.2175842685624957e+02
815	18.284078	-2.8000963609815154e+07	5.5030087802559137e+01
816	18.066014	-2.8000991062871117e+07	-2.7453055962920189e+01
817	18.247712	-2.8000930228440344e+07	6.0834430772811174e+01
818	18.032797	-2.8001001276734363e+07	-7.1048294018954039e+01
819	18.351579	-2.8000939386026204e+07	6.1890708159655333e+01
820	17.868623	-2.8001011705013696e+07	-7.2318987492471933e+01
821	17.792111	-2.8001178556020994e+07	-1.6685100729763508e+02
822	17.696791	-2.8001087537263792e+07	9.1018757201731205e+01
823	17.727364	-2.8001014372583821e+07	7.3164679970592260e+01
824	17.611231	-2.8000950477375627e+07	6.3895208194851875e+01
825	17.733259	-2.8001148294334527e+07	-1.9781695890054107e+02
826	17.491145	-2.8001073585319161e+07	7.4709015365689993e+01
827	17.708382	-2.8001005490871850e+07	6.8094447311013937e+01
828	17.623058	-2.8001095626543533e+07	-9.0135671682655811e+01
829	17.637519	-2.8001224355287537e+07	-1.2872874400392175e+02
830	17.599295	-2.8001133535590358e+07	9.0819697178900242e+01
831	17.700268	-2.8001049553358320e+07	8.3982232037931681e+01
832	17.496778	-2.8000972061432362e+07	7.7491925958544016e+01
833	17.633946	-2.8000910411742505e+07	6.1649689856916666e+01
834	17.723489	-2.8000936606692318e+07	-2.6194949813187122e+01
835	17.732218	-2.8000933914327201e+07	2.6923651173710823e+00
836	17.481807	-2.8001105042644504e+07	-1.7112831730395555e+02
837	17.648998	-2.8001084460516255e+07	2.0582128249108791e+01
838	17.587905	-2.8001011132038031e+07	7.3328478224575520e+01
839	17.631323	-2.8000959788987521e+07	5.1343050509691238e+01
840	17.527393	-2.8000953969007026e+07	5.8199804946780205e+00
841	17.683005	-2.8000906924846180e+07	4.7044160846620798e+01
842	17.561551	-2.8000917138495717e+07	-1.0213649537414312e+01
843	17.617423	-2.8001245675769705e+07	-3.2853727398812771e+02
844	17.605865	-2.8001151422777195e+07	9.4252992510795593e+01
845	17.791537	-2.8001118114494540e+07	3.3308282654732466e+01
846	17.540659	-2.8001041928286765e+07	7.6186207775026560e+01
847	17.705379	-2.8000974581865028e+07	6.7346421737223864e+01
848	17.591336	-2.8000988489615060e+07	-1.3907750032842159e+01
849	17.625180	-2.8000978632637680e+07	9.8569773808121681e+00
850	17.488950	-2.8001067911550093e+07	-8.9278912413865328e+01
851	17.810296	-2.8001004481400501e+07	6.3430149592459202e+01
852	17.616979	-2.8000943644699749e+07	6.0836700752377510e+01
853	17.640914	-2.8000880535391647e+07	6.3109308101236820e+01
854	17.617435	-2.8000877664361183e+07	2.8710304647684097e+00
855	17.721217	-2.8000880026079103e+07	-2.3617179207503796e+00
856	17.493388	-2.8000940875154749e+07	-6.0849075645208359e+01
857	17.619336	-2.8000936829979714e+07	4.0451750345528126e+00
858	17.699731	-2.8001007254457325e+07	-7.0424477610737085e+01
859	17.823248	-2.8000942918384399e+07	6.4336072925478220e+01
860	17.710919	-2.8001265404234223e+07	-3.2248584982380271e+02
861	18.095269	-2.8001178156164769e+07	8.7248069453984499e+01
862	17.857687	-2.8001109173794363e+07	6.8982370406389236e+01
863	17.896887	-2.8001041582865089e+07	6.7590929273515940e+01
864	17.762390	-2.8001019737300415e+07	2.1845564674586058e+01
865	17.858167	-2.8001006481494002e+07	1.3255806412547827e+01
866	17.807028	-2.8001005353851702e+07	1.1276422999799252e+00
867	17.748673	-2.8000921852159124e+07	8.3501692578196526e+01
868	18.120359	-2.8000957308812030e+07	-3.5456652905791998e+01
869	17.762546	-2.8000896090759836e+07	6.1218052193522453e+01
870	17.550747	-2.8000836588035628e+07	5.9502724207937717e+01
871	17.659347	-2.8000834470071081e+07	2.1179645471274853e+00
872	17.680765	-2.8000781603334669e+07	5.2866736412048340e+01
873	17.878442	-2.8001009456770241e+07	-2.2785343557223678e+02
874	17.574173	-2.8001038263736017e+07	-2.8806965775787830e+01
875	17.823549	-2.8000973449128076e+07	6.4814607940614223e+01
876	17.636640	-2.8000915132247832e+07	5.8316880244761705e+01
877	17.882637	-2.8001231283317756e+07	-3.1615106992423534e+02
878	17.692648	-2.8001174931764431e+07	5.6351553324609995e+01
879	18.013043	-2.8001092874473743e+07	8.2057290688157082e+01
880	17.839781	-2.8001029410990775e+07	6.3463482968509197e+01
881	18.122184	-2.8001014845591534e+07	1.4565399240702391e+01
882	17.962643	-2.8001026536676746e+07	-1.1691085211932659e+01
883	17.813498	-2.8000961378568582e+07	6.5158108163625002e+01
884	17.745799	-2.8000940309358791e+07	2.1069209791719913e+01
885	18.064164	-2.8000872457512323e+07	6.7851846467703581e+01
886	17.751801	-2.8000884815745402e+07	-1.2358233079314232e+01
887	17.726924	-2.8000863778611571e+07	2.1037133831530809e+01
888	17.692472	-2.8000928703205898e+07	-6.4924594327807426e+01
889	18.070013	-2.8000871464574941e+07	5.7238630957901478e+01
890	17.767913	-2.8000821260859780e+07	5.0203715160489082e+01
891	17.924354	-2.8000781550051823e+07	3.9710807956755161e+01
892	17.662531	-2.8000745107551388e+07	3.6442500434815884e+01
893	17.917585	-2.8000950375756834e+07	-2.0526820544525981e+02
894	17.776383	-2.8000951016152494e+07	-6.4039565995335579e-01
895	18.163379	-2.8000976078524377e+07	-2.5062371883541346e+01
896	18.103187	-2.8000917957887407e+07	5.8120636969804764e+01
897	18.026352	-2.8000869666413255e+07	4.8291474152356386e+01
898	17.976900	-2.8000995740733009e+07	-1.2607431975379586e+02
899	18.124538	-2.8000932377709493e+07	6.3363023515790701e+01
900	17.915210	-2.8000935707306080e+07	-3.3295965865254402e+00
901	18.070618	-2.8000934846426569e+07	8.6087951064109802e-01
902	17.792311	-2.8000884862240419e+07	4.9984186150133610e+01
903	17.719223	-2.8000942909592353e+07	-5.8047351934015751e+01
904	17.847524	-2.8000879807432216e+07	6.3102160137146711e+01
905	18.040288	-2.8000825102919627e+07	5.4704512588679790e+01
906	18.247686	-2.8000779172916900e+07	4.5930002726614475e+01
907	18.166207	-2.8000800016197413e+07	-2.0843280512839556e+01
908	17.898827	-2.8000874635945793e+07	-7.4619748380035162e+01
909	17.960640	-2.8000830610672347e+07	4.4025273445993662e+01
910	17.699226	-2.8000789977904353e+07	4.0632767993956804e+01
911	18.023090	-2.8000749949720033e+07	4.0028184320777655e+01
912	17.895811	-2.8000729958252050e+07	1.9991467982530594e+01
913	18.091569	-2.8000777103067342e+07	-4.7144815292209387e+01
914	17.929269	-2.8000787145948738e+07	-1.0042881395667791e+01
915	18.119712	-2.8000750424260609e+07	3.6721688129007816e+01
916	18.382705	-2.8000720485359684e+07	2.9938900925219059e+01
917	18.095432	-2.8000755573887188e+07	-3.5088527504354715e+01
918	18.014640	-2.8000768304724526e+07	-1.2730837337672710e+01
919	18.429416	-2.8000857097994380e+07	-8.8793269854038954e+01
920	18.179211	-2.8000963565598134e+07	-1.0646760375425220e+02
921	18.168159	-2.8000915374981854e+07	4.8190616279840469e+01
922	17.984246	-2.8000871532814406e+07	4.3842167448252439e+01
923	18.604056	-2.8000833449769165e+07	3.8083045240491629e+01
924	18.587858	-2.8000847004880689e+07	-1.3555111523717642e+01
925	18.381585	-2.8000809481027149e+07	3.7523853540420532e+01
926	18.092794	-2.8000820996019751e+07	-1.1514992602169514e+01
927	18.517719	-2.8000782264385093e+07	3.8731634657830000e+01
928	18.180136	-2.8000856991667807e+07	-7.4727282714098692e+01
929	17.949152	-2.8000815466889244e+07	4.1524778563529253e+01
930	17.781495	-2.8000857809763357e+07	-4.2342874113470316e+01
931	18.032785	-2.8000807064100254e+07	5.0745663102716208e+01
932	18.110695	-2.8000776240322582e+07	3.0823777671903372e+01
933	18.159993	-2.8001008675816402e+07	-2.3243549381941557e+02
934	17.840235	-2.8000946518810727e+07	6.2157005675137043e+01
935	17.907197	-2.8000952639535807e+07	-6.1207250803709030e+00
936	17.991738	-2.8000894251806553e+07	5.8387729253619909e+01
937	18.003160	-2.8000855144098602e+07	3.9107707951217890e+01
938	17.773574	-2.8000914506153144e+07	-5.9362054541707039e+01
939	18.002495	-2.8000858681221608e+07	5.5824931535869837e+01
940	17.297177	-2.8000809793252621e+07	4.8887968987226486e+01
941	17.223601	-2.8000763517802846e+07	4.6275449775159359e+01
942	17.247927	-2.8001174921985716e+07	-4.1140418286994100e+02
943	17.623165	-2.8001130739161022e+07	4.4182824693620205e+01
944	17.131430	-2.8001091928264976e+07	3.8810896046459675e+01
945	17.458103	-2.8001021828483548e+07	7.0099781427532434e+01
946	17.218400	-2.8000967966543723e+07	5.3861939825117588e+01
947	17.312156	-2.8001126400893304e+07	-1.5843434958159924e+02
948	17.053232	-2.8001052050266579e+07	7.4350626725703478e+01
949	17.264860	-2.8000990940474357e+07	6.1109792221337557e+01
950	17.235916	-2.8000930383323602e+07	6.0557150755077600e+01
951	17.171356	-2.8000873899495959e+07	5.6483827643096447e+01
952	17.227804	-2.8000818001375381e+07	5.5898120578378439e+01
953	17.295555	-2.8000769452490348e+07	4.8548885032534599e+01
954	17.166696	-2.8001508823211778e+07	-7.3937072142958641e+02
955	17.146957	-2.8001399757169247e+07	1.0906604253128171e+02
956	17.269611	-2.8001298409727879e+07	1.0134744136780500e+02
957	17.291244	-2.8001199154149469e+07	9.9255578409880400e+01
958	17.176278	-2.8001113030313354e+07	8.6123836115002632e+01
959	17.415115	-2.8001045493954536e+07	6.7536358818411827e+01
960	17.262733	-2.8001037090317052e+07	8.4036374837160110e+00
961	17.202044	-2.8000964117582414e+07	7.2972734637558460e+01
962	17.233115	-2.8000953953105133e+07	1.0164477281272411e+01
963	17.185622	-2.8000945721373547e+07	8.2317315861582756e+00
964	17.268892	-2.8000935629075691e+07	1.0092297855764627e+01
965	17.283451	-2.8001125021319091e+07	-1.8939224340021610e+02
966	17.203170	-2.8001083852671985e+07	4.1168647106736898e+01
967	17.392146	-2.8001022752414163e+07	6.1100257821381092e+01
968	17.145024	-2.8000964727306724e+07	5.8025107439607382e+01
969	17.332187	-2.8001027476865914e+07	-6.2749559190124273e+01
970	17.350370	-2.8001010982430104e+07	1.6494435809552670e+01
971	17.332760	-2.8000947633223426e+07	6.3349206678569317e+01
972	17.554855	-2.8000888527894419e+07	5.9105329006910324e+01
973	17.417109	-2.8000832412999034e+07	5.6114895384758711e+01
974	17.439942	-2.8000832223297559e+07	1.8970147520303726e-01
975	17.300368	-2.8000846845973998e+07	-1.4622676439583302e+01
976	17.488693	-2.8000875610502239e+07	-2.8764528241008520e+01
977	17.462559	-2.8000878567871839e+07	-2.9573695994913578e+00
978	17.388565	-2.8000887193719164e+07	-8.6258473247289658e+00
979	17.182817	-2.8000842248357151e+07	4.4945362012833357e+01
980	17.478438	-2.8000800998987485e+07	4.1249369665980339e+01
981	17.446544	-2.8000869678487383e+07	-6.8679499898105860e+01
982	17.369838	-2.8000826670543656e+07	4.3007943727076054e+01
983	17.276315	-2.8000785366870079e+07	4.1303673576563597e+01
984	17.466050	-2.8000747752848491e+07	3.7614021588116884e+01
985	17.193970	-2.8000761084710039e+07	-1.3331861548125744e+01
986	17.279619	-2.8000834543951802e+07	-7.3459241762757301e+01
987	17.115301	-2.8000783144706465e+07	5.1399245336651802e+01
988	17.362313	-2.8000811457478441e+07	-2.8312771975994110e+01
989	17.052754	-2.8000953801708378e+07	-1.4234422993659973e+02
990	16.992944	-2.8000901786723394e+07	5.2014984983950853e+01
991	16.573024	-2.8000858078832742e+07	4.3707890652120113e+01
992	16.615336	-2.8000815980979912e+07	4.2097852829843760e+01
993	16.473154	-2.8000778621264100e+07	3.7359715811908245e+01
994	16.730224	-2.8000752421901807e+07	2.6199362292885780e+01
995	16.670881	-2.8001034300542027e+07	-2.8187864021956921e+02
996	16.893285	-2.8001023984295085e+07	1.0316246941685677e+01
997	16.810806	-2.8001061503194526e+07	-3.7518899440765381e+01
998	16.798405	-2.8000987820735618e+07	7.3682458907365799e+01
999	16.466168	-2.8000920694087394e+07	6.7126648224890232e+01
1000	16.524968	-2.8000928995812681e+07	-8.3017252869904041e+00

Writing Q matrix to /global/home/users/deboraycb/scratch/atahualpa/analysis/ohana/maf05_3/structure/merge2_20M_allchr_snps_maf05_k8_mi1000_3_q.matrix
Writing F matrix to /global/home/users/deboraycb/scratch/atahualpa/analysis/ohana/maf05_3/structure/merge2_20M_allchr_snps_maf05_k8_mi1000_3_f.matrix
