seed: 1063591368

iter	duration	log_likelihood	delta-lle
0	2.966064	-4.4636710505756028e+07
1	9.694346	-3.9294237826558329e+07	5.3424726791976988e+06
2	10.262931	-3.5678520868514143e+07	3.6157169580441862e+06
3	10.164254	-3.4647818781633697e+07	1.0307020868804455e+06
4	10.055539	-3.3960391565279119e+07	6.8742721635457873e+05
5	9.769481	-3.3404742588826127e+07	5.5564897645299137e+05
6	10.023292	-3.2890331584263280e+07	5.1441100456284732e+05
7	10.005448	-3.2380539861079328e+07	5.0979172318395227e+05
8	10.094867	-3.1867962125910588e+07	5.1257773516874015e+05
9	10.033757	-3.1347828931342807e+07	5.2013319456778094e+05
10	10.437490	-3.0806879939337876e+07	5.4094899200493097e+05
11	10.342570	-3.0260721900344137e+07	5.4615803899373859e+05
12	10.051968	-2.9731864581459288e+07	5.2885731888484955e+05
13	10.103526	-2.9259150432680063e+07	4.7271414877922460e+05
14	10.026456	-2.8886639938766457e+07	3.7251049391360581e+05
15	9.968291	-2.8636042420283336e+07	2.5059751848312095e+05
16	9.768334	-2.8499183331014790e+07	1.3685908926854655e+05
17	9.798131	-2.8442014785379738e+07	5.7168545635052025e+04
18	9.809887	-2.8421384831052359e+07	2.0629954327378422e+04
19	9.625049	-2.8412868907400925e+07	8.5159236514344811e+03
20	9.723907	-2.8408364737434193e+07	4.5041699667312205e+03
21	9.603953	-2.8405617801483613e+07	2.7469359505809844e+03
22	9.782899	-2.8404140952240825e+07	1.4768492427878082e+03
23	9.722927	-2.8403393731691703e+07	7.4722054912149906e+02
24	9.693438	-2.8403026194313359e+07	3.6753737834468484e+02
25	9.697050	-2.8402884815402225e+07	1.4137891113385558e+02
26	9.721272	-2.8402836814623185e+07	4.8000779040157795e+01
27	9.636699	-2.8402821200632624e+07	1.5613990560173988e+01
28	9.850050	-2.8402816058669079e+07	5.1419635452330112e+00
29	9.829720	-2.8402817452378735e+07	-1.3937096558511257e+00
30	9.796828	-2.8402815966541491e+07	1.4858372434973717e+00
31	9.647985	-2.8402814850392044e+07	1.1161494478583336e+00
32	9.784886	-2.8402814009471163e+07	8.4092088043689728e-01
33	9.676398	-2.8402813511215836e+07	4.9825532734394073e-01
34	9.855764	-2.8402813333236273e+07	1.7797956243157387e-01
35	9.865180	-2.8402816451558646e+07	-3.1183223724365234e+00
36	9.890076	-2.8402815577589586e+07	8.7396905943751335e-01
37	9.812017	-2.8402814694634181e+07	8.8295540586113930e-01
38	9.785168	-2.8402813946091317e+07	7.4854286387562752e-01
39	9.665541	-2.8402813485092394e+07	4.6099892258644104e-01
40	9.820748	-2.8402813322330173e+07	1.6276222094893456e-01
41	9.792124	-2.8402816446962155e+07	-3.1246319822967052e+00
42	9.902763	-2.8402815575651288e+07	8.7131086736917496e-01
43	9.773913	-2.8402814693822015e+07	8.8182927295565605e-01
44	9.783001	-2.8402813945763960e+07	7.4805805459618568e-01
45	9.639940	-2.8402813484955180e+07	4.6080878004431725e-01
46	9.822399	-2.8402813322279226e+07	1.6267595440149307e-01
47	9.765066	-2.8402816446949512e+07	-3.1246702857315540e+00
48	9.756867	-2.8402815575638965e+07	8.7131054699420929e-01
49	9.679426	-2.8402814693811782e+07	8.8182718306779861e-01
50	9.756004	-2.8402813945769764e+07	7.4804201722145081e-01
51	9.641086	-2.8402813484957866e+07	4.6081189811229706e-01
52	9.760633	-2.8402813322282374e+07	1.6267549246549606e-01
53	9.730491	-2.8402816446945958e+07	-3.1246635839343071e+00
54	9.759338	-2.8402815575638101e+07	8.7130785733461380e-01
55	9.670724	-2.8402814693813909e+07	8.8182419165968895e-01
56	9.701700	-2.8402813945779316e+07	7.4803459271788597e-01
57	9.671304	-2.8402813484961729e+07	4.6081758663058281e-01
58	9.731306	-2.8402813322279315e+07	1.6268241405487061e-01
59	9.719351	-2.8402816446947273e+07	-3.1246679574251175e+00
60	9.829540	-2.8402815575634010e+07	8.7131326273083687e-01
61	9.752654	-2.8402814693827625e+07	8.8180638477206230e-01
62	9.717793	-2.8402813945775412e+07	7.4805221334099770e-01
63	9.713170	-2.8402813484956097e+07	4.6081931516528130e-01
64	9.707133	-2.8402813322276656e+07	1.6267944127321243e-01
65	9.869442	-2.8402816446948878e+07	-3.1246722228825092e+00
66	9.902904	-2.8402815575631909e+07	8.7131696939468384e-01
67	9.857148	-2.8402814693823393e+07	8.8180851563811302e-01
68	9.930192	-2.8402813945777744e+07	7.4804564937949181e-01
69	9.772197	-2.8402813484958775e+07	4.6081896871328354e-01
70	9.724307	-2.8402813322276987e+07	1.6268178820610046e-01
71	9.803707	-2.8402816446950700e+07	-3.1246737129986286e+00
72	9.873615	-2.8402815575632125e+07	8.7131857499480247e-01
73	9.901906	-2.8402814693822350e+07	8.8180977478623390e-01
74	9.891714	-2.8402813945779290e+07	7.4804306030273438e-01
75	9.730278	-2.8402813484959323e+07	4.6081996709108353e-01
76	9.683481	-2.8402813322276432e+07	1.6268289089202881e-01
77	9.774956	-2.8402816446951073e+07	-3.1246746405959129e+00
78	9.850707	-2.8402815575632367e+07	8.7131870537996292e-01
79	9.740620	-2.8402814693822678e+07	8.8180968910455704e-01
80	9.835565	-2.8402813945779361e+07	7.4804331734776497e-01
81	9.803242	-2.8402813484959636e+07	4.6081972494721413e-01
82	9.720862	-2.8402813322276574e+07	1.6268306225538254e-01
83	9.737861	-2.8402816446951099e+07	-3.1246745251119137e+00
84	9.793444	-2.8402815575632226e+07	8.7131887301802635e-01
85	9.684250	-2.8402814693822660e+07	8.8180956616997719e-01
86	9.726081	-2.8402813945779379e+07	7.4804328009486198e-01
87	9.638674	-2.8402813484959666e+07	4.6081971377134323e-01
88	9.716117	-2.8402813322276555e+07	1.6268311068415642e-01
89	9.730255	-2.8402816446951076e+07	-3.1246745213866234e+00
90	9.729689	-2.8402815575632222e+07	8.7131885439157486e-01
91	9.758701	-2.8402814693822645e+07	8.8180957734584808e-01
92	9.726515	-2.8402813945779420e+07	7.4804322421550751e-01
93	9.745115	-2.8402813484959673e+07	4.6081974729895592e-01
94	9.713384	-2.8402813322276536e+07	1.6268313676118851e-01
95	9.681622	-2.8402816446951050e+07	-3.1246745139360428e+00
96	9.799790	-2.8402815575632241e+07	8.7131880968809128e-01
97	9.778117	-2.8402814693822637e+07	8.8180960342288017e-01
98	9.697591	-2.8402813945779420e+07	7.4804321676492691e-01
99	9.652216	-2.8402813484959673e+07	4.6081974729895592e-01
100	9.703042	-2.8402813322276533e+07	1.6268314048647881e-01
101	9.698906	-2.8402816446951065e+07	-3.1246745325624943e+00
102	9.869764	-2.8402815575632218e+07	8.7131884694099426e-01
103	9.876726	-2.8402814693822645e+07	8.8180957362055779e-01
104	9.940872	-2.8402813945779420e+07	7.4804322421550751e-01
105	9.860899	-2.8402813484959666e+07	4.6081975474953651e-01
106	9.806131	-2.8402813322276540e+07	1.6268312558531761e-01
107	9.646894	-2.8402816446951058e+07	-3.1246745176613331e+00
108	9.811671	-2.8402815575632218e+07	8.7131883949041367e-01
109	9.802886	-2.8402814693822637e+07	8.8180958107113838e-01
110	9.865823	-2.8402813945779428e+07	7.4804320931434631e-01
111	9.755628	-2.8402813484959669e+07	4.6081975847482681e-01
112	10.064379	-2.8402813322276544e+07	1.6268312558531761e-01
113	10.066090	-2.8402816446951069e+07	-3.1246745251119137e+00
114	10.337665	-2.8402815575632229e+07	8.7131883949041367e-01
115	10.002228	-2.8402814693822637e+07	8.8180959224700928e-01
116	10.031555	-2.8402813945779420e+07	7.4804321676492691e-01
117	9.819342	-2.8402813484959681e+07	4.6081973984837532e-01
118	10.046292	-2.8402813322276540e+07	1.6268314048647881e-01
119	9.690159	-2.8402816446951058e+07	-3.1246745176613331e+00
120	9.821472	-2.8402815575632226e+07	8.7131883203983307e-01
121	9.854433	-2.8402814693822645e+07	8.8180958107113838e-01
122	9.841540	-2.8402813945779424e+07	7.4804322049021721e-01
123	9.688621	-2.8402813484959666e+07	4.6081975847482681e-01
124	9.720300	-2.8402813322276540e+07	1.6268312558531761e-01
125	9.877631	-2.8402816446951065e+07	-3.1246745251119137e+00
126	9.962776	-2.8402815575632241e+07	8.7131882458925247e-01
127	9.920294	-2.8402814693822648e+07	8.8180959224700928e-01
128	9.936769	-2.8402813945779420e+07	7.4804322794079781e-01
129	9.880788	-2.8402813484959673e+07	4.6081974729895592e-01
130	9.734948	-2.8402813322276548e+07	1.6268312558531761e-01
131	9.827384	-2.8402816446951069e+07	-3.1246745213866234e+00
132	9.882762	-2.8402815575632218e+07	8.7131885066628456e-01
133	9.878067	-2.8402814693822645e+07	8.8180957362055779e-01
134	9.872602	-2.8402813945779424e+07	7.4804322049021721e-01
135	9.789582	-2.8402813484959669e+07	4.6081975474953651e-01
136	9.732708	-2.8402813322276536e+07	1.6268313303589821e-01
137	9.802071	-2.8402816446951061e+07	-3.1246745251119137e+00
138	9.903354	-2.8402815575632218e+07	8.7131884321570396e-01
139	9.846834	-2.8402814693822645e+07	8.8180957362055779e-01
140	9.821950	-2.8402813945779424e+07	7.4804322049021721e-01
141	9.762156	-2.8402813484959666e+07	4.6081975847482681e-01
142	9.720366	-2.8402813322276536e+07	1.6268312931060791e-01
143	9.733743	-2.8402816446951058e+07	-3.1246745213866234e+00
144	9.807680	-2.8402815575632218e+07	8.7131883949041367e-01
145	9.731367	-2.8402814693822645e+07	8.8180957362055779e-01
146	9.803842	-2.8402813945779428e+07	7.4804321676492691e-01
147	9.739181	-2.8402813484959662e+07	4.6081976592540741e-01
148	9.728619	-2.8402813322276536e+07	1.6268312558531761e-01
149	9.746667	-2.8402816446951065e+07	-3.1246745288372040e+00
150	9.744570	-2.8402815575632211e+07	8.7131885439157486e-01
151	9.682428	-2.8402814693822645e+07	8.8180956616997719e-01
152	9.735312	-2.8402813945779420e+07	7.4804322421550751e-01
153	9.732914	-2.8402813484959662e+07	4.6081975847482681e-01
154	9.718987	-2.8402813322276544e+07	1.6268311813473701e-01
155	9.682454	-2.8402816446951069e+07	-3.1246745251119137e+00
156	9.723819	-2.8402815575632211e+07	8.7131885811686516e-01
157	9.678465	-2.8402814693822641e+07	8.8180956989526749e-01
158	9.799844	-2.8402813945779424e+07	7.4804321676492691e-01
159	9.709361	-2.8402813484959666e+07	4.6081975847482681e-01
160	9.843246	-2.8402813322276540e+07	1.6268312558531761e-01
161	9.667072	-2.8402816446951065e+07	-3.1246745251119137e+00
162	9.895880	-2.8402815575632237e+07	8.7131882831454277e-01
163	9.815282	-2.8402814693822648e+07	8.8180958852171898e-01
164	9.857154	-2.8402813945779420e+07	7.4804322794079781e-01
165	9.899728	-2.8402813484959669e+07	4.6081975102424622e-01
166	9.849800	-2.8402813322276544e+07	1.6268312558531761e-01
167	9.676660	-2.8402816446951054e+07	-3.1246745102107525e+00
168	9.892405	-2.8402815575632226e+07	8.7131882831454277e-01
169	9.814038	-2.8402814693822648e+07	8.8180957734584808e-01
170	9.921769	-2.8402813945779424e+07	7.4804322421550751e-01
171	9.798721	-2.8402813484959677e+07	4.6081974729895592e-01
172	9.801017	-2.8402813322276529e+07	1.6268314793705940e-01
173	9.670653	-2.8402816446951058e+07	-3.1246745288372040e+00
174	9.892093	-2.8402815575632218e+07	8.7131883949041367e-01
175	9.838541	-2.8402814693822645e+07	8.8180957362055779e-01
176	9.907550	-2.8402813945779420e+07	7.4804322421550751e-01
177	9.793198	-2.8402813484959666e+07	4.6081975474953651e-01
178	9.798980	-2.8402813322276536e+07	1.6268312931060791e-01
179	9.682614	-2.8402816446951061e+07	-3.1246745251119137e+00
180	9.767838	-2.8402815575632226e+07	8.7131883576512337e-01
181	9.792588	-2.8402814693822645e+07	8.8180958107113838e-01
182	9.787587	-2.8402813945779417e+07	7.4804322794079781e-01
183	9.715741	-2.8402813484959669e+07	4.6081974729895592e-01
184	9.789748	-2.8402813322276544e+07	1.6268312558531761e-01
185	9.710512	-2.8402816446951058e+07	-3.1246745139360428e+00
186	9.695913	-2.8402815575632218e+07	8.7131883949041367e-01
187	9.703349	-2.8402814693822645e+07	8.8180957362055779e-01
188	9.763288	-2.8402813945779424e+07	7.4804322049021721e-01
189	9.701097	-2.8402813484959658e+07	4.6081976592540741e-01
190	9.735610	-2.8402813322276544e+07	1.6268311440944672e-01
191	9.659232	-2.8402816446951061e+07	-3.1246745176613331e+00
192	9.738209	-2.8402815575632218e+07	8.7131884321570396e-01
193	9.699322	-2.8402814693822630e+07	8.8180958852171898e-01
194	9.806695	-2.8402813945779424e+07	7.4804320558905602e-01
195	9.699525	-2.8402813484959666e+07	4.6081975847482681e-01
196	9.766677	-2.8402813322276540e+07	1.6268312558531761e-01
197	9.688058	-2.8402816446951061e+07	-3.1246745213866234e+00
198	9.708723	-2.8402815575632211e+07	8.7131885066628456e-01
199	9.813985	-2.8402814693822648e+07	8.8180956244468689e-01
200	9.902764	-2.8402813945779420e+07	7.4804322794079781e-01
201	9.913456	-2.8402813484959666e+07	4.6081975474953651e-01
202	9.909797	-2.8402813322276533e+07	1.6268313303589821e-01
203	9.857102	-2.8402816446951058e+07	-3.1246745251119137e+00
204	9.736298	-2.8402815575632218e+07	8.7131883949041367e-01
205	9.796663	-2.8402814693822645e+07	8.8180957362055779e-01
206	9.861129	-2.8402813945779420e+07	7.4804322421550751e-01
207	9.891430	-2.8402813484959673e+07	4.6081974729895592e-01
208	9.906669	-2.8402813322276544e+07	1.6268312931060791e-01
209	9.771555	-2.8402816446951054e+07	-3.1246745102107525e+00
210	9.695522	-2.8402815575632226e+07	8.7131882831454277e-01
211	9.822811	-2.8402814693822645e+07	8.8180958107113838e-01
212	9.810186	-2.8402813945779432e+07	7.4804321303963661e-01
213	9.817242	-2.8402813484959669e+07	4.6081976220011711e-01
214	9.839073	-2.8402813322276533e+07	1.6268313676118851e-01
215	9.748942	-2.8402816446951058e+07	-3.1246745251119137e+00
216	9.718781	-2.8402815575632211e+07	8.7131884694099426e-01
217	9.727895	-2.8402814693822645e+07	8.8180956616997719e-01
218	9.805717	-2.8402813945779417e+07	7.4804322794079781e-01
219	9.788902	-2.8402813484959666e+07	4.6081975102424622e-01
220	9.771162	-2.8402813322276536e+07	1.6268312931060791e-01
221	9.707071	-2.8402816446951065e+07	-3.1246745288372040e+00
222	9.698165	-2.8402815575632222e+07	8.7131884321570396e-01
223	9.711585	-2.8402814693822645e+07	8.8180957734584808e-01
224	9.793565	-2.8402813945779420e+07	7.4804322421550751e-01
225	9.695370	-2.8402813484959662e+07	4.6081975847482681e-01
226	9.782464	-2.8402813322276544e+07	1.6268311813473701e-01
227	9.667780	-2.8402816446951058e+07	-3.1246745139360428e+00
228	9.716902	-2.8402815575632218e+07	8.7131883949041367e-01
229	9.686971	-2.8402814693822648e+07	8.8180956989526749e-01
230	9.727881	-2.8402813945779420e+07	7.4804322794079781e-01
231	9.715854	-2.8402813484959669e+07	4.6081975102424622e-01
232	9.770868	-2.8402813322276536e+07	1.6268313303589821e-01
233	9.690041	-2.8402816446951065e+07	-3.1246745288372040e+00
234	9.761305	-2.8402815575632222e+07	8.7131884321570396e-01
235	9.629452	-2.8402814693822641e+07	8.8180958107113838e-01
236	9.895792	-2.8402813945779428e+07	7.4804321303963661e-01
237	9.862485	-2.8402813484959669e+07	4.6081975847482681e-01
238	9.890418	-2.8402813322276536e+07	1.6268313303589821e-01
239	9.837025	-2.8402816446951054e+07	-3.1246745176613331e+00
240	9.820121	-2.8402815575632229e+07	8.7131882458925247e-01
241	9.677581	-2.8402814693822648e+07	8.8180958107113838e-01
242	9.889690	-2.8402813945779420e+07	7.4804322794079781e-01
243	9.850760	-2.8402813484959669e+07	4.6081975102424622e-01
244	9.915085	-2.8402813322276544e+07	1.6268312558531761e-01
245	9.811730	-2.8402816446951065e+07	-3.1246745213866234e+00
246	9.802554	-2.8402815575632218e+07	8.7131884694099426e-01
247	9.706676	-2.8402814693822645e+07	8.8180957362055779e-01
248	9.820488	-2.8402813945779428e+07	7.4804321676492691e-01
249	9.768856	-2.8402813484959677e+07	4.6081975102424622e-01
250	9.805817	-2.8402813322276540e+07	1.6268313676118851e-01
251	9.763521	-2.8402816446951058e+07	-3.1246745176613331e+00
252	9.792810	-2.8402815575632218e+07	8.7131883949041367e-01
253	9.618236	-2.8402814693822645e+07	8.8180957362055779e-01
254	9.755009	-2.8402813945779428e+07	7.4804321676492691e-01
255	9.742658	-2.8402813484959673e+07	4.6081975474953651e-01
256	9.793561	-2.8402813322276540e+07	1.6268313303589821e-01
257	9.722195	-2.8402816446951065e+07	-3.1246745251119137e+00
258	9.733240	-2.8402815575632218e+07	8.7131884694099426e-01
259	9.670501	-2.8402814693822641e+07	8.8180957734584808e-01
260	9.710327	-2.8402813945779420e+07	7.4804322049021721e-01
261	9.717598	-2.8402813484959666e+07	4.6081975474953651e-01
262	9.783657	-2.8402813322276548e+07	1.6268311813473701e-01
263	9.694643	-2.8402816446951058e+07	-3.1246745102107525e+00
264	9.687624	-2.8402815575632218e+07	8.7131883949041367e-01
265	9.662667	-2.8402814693822645e+07	8.8180957362055779e-01
266	9.775723	-2.8402813945779424e+07	7.4804322049021721e-01
267	9.833764	-2.8402813484959677e+07	4.6081974729895592e-01
268	9.912253	-2.8402813322276540e+07	1.6268313676118851e-01
269	9.750777	-2.8402816446951065e+07	-3.1246745251119137e+00
270	9.743412	-2.8402815575632211e+07	8.7131885439157486e-01
271	9.674638	-2.8402814693822641e+07	8.8180956989526749e-01
272	9.690996	-2.8402813945779420e+07	7.4804322049021721e-01
273	9.818327	-2.8402813484959658e+07	4.6081976220011711e-01
274	9.939161	-2.8402813322276540e+07	1.6268311813473701e-01
275	9.855420	-2.8402816446951061e+07	-3.1246745213866234e+00
276	9.875193	-2.8402815575632229e+07	8.7131883203983307e-01
277	9.826076	-2.8402814693822645e+07	8.8180958479642868e-01
278	9.804946	-2.8402813945779420e+07	7.4804322421550751e-01
279	9.774253	-2.8402813484959669e+07	4.6081975102424622e-01
280	9.836688	-2.8402813322276544e+07	1.6268312558531761e-01
281	9.833620	-2.8402816446951061e+07	-3.1246745176613331e+00
282	9.866195	-2.8402815575632218e+07	8.7131884321570396e-01
283	9.776070	-2.8402814693822641e+07	8.8180957734584808e-01
284	9.694074	-2.8402813945779420e+07	7.4804322049021721e-01
285	9.779913	-2.8402813484959673e+07	4.6081974729895592e-01
286	9.843847	-2.8402813322276533e+07	1.6268314048647881e-01
287	9.775407	-2.8402816446951065e+07	-3.1246745325624943e+00
288	9.811207	-2.8402815575632226e+07	8.7131883949041367e-01
289	9.724011	-2.8402814693822648e+07	8.8180957734584808e-01
290	9.698005	-2.8402813945779428e+07	7.4804322049021721e-01
291	9.705230	-2.8402813484959666e+07	4.6081976220011711e-01
292	9.795353	-2.8402813322276533e+07	1.6268313303589821e-01
293	9.687176	-2.8402816446951058e+07	-3.1246745251119137e+00
294	9.710036	-2.8402815575632218e+07	8.7131883949041367e-01
295	9.664238	-2.8402814693822641e+07	8.8180957734584808e-01
296	9.708701	-2.8402813945779420e+07	7.4804322049021721e-01
297	9.670045	-2.8402813484959673e+07	4.6081974729895592e-01
298	9.821879	-2.8402813322276548e+07	1.6268312558531761e-01
299	9.739174	-2.8402816446951058e+07	-3.1246745102107525e+00
300	9.767476	-2.8402815575632218e+07	8.7131883949041367e-01
301	9.727531	-2.8402814693822637e+07	8.8180958107113838e-01
302	9.725405	-2.8402813945779420e+07	7.4804321676492691e-01
303	9.699389	-2.8402813484959662e+07	4.6081975847482681e-01
304	9.843302	-2.8402813322276536e+07	1.6268312558531761e-01
305	9.865064	-2.8402816446951065e+07	-3.1246745288372040e+00
306	9.800374	-2.8402815575632218e+07	8.7131884694099426e-01
307	9.757955	-2.8402814693822637e+07	8.8180958107113838e-01
308	9.820171	-2.8402813945779424e+07	7.4804321303963661e-01
309	9.640126	-2.8402813484959662e+07	4.6081976220011711e-01
310	9.898829	-2.8402813322276533e+07	1.6268312931060791e-01
311	10.292186	-2.8402816446951061e+07	-3.1246745288372040e+00
312	10.255204	-2.8402815575632229e+07	8.7131883203983307e-01
313	9.826529	-2.8402814693822641e+07	8.8180958852171898e-01
314	10.089240	-2.8402813945779420e+07	7.4804322049021721e-01
315	9.921531	-2.8402813484959666e+07	4.6081975474953651e-01
316	9.950934	-2.8402813322276544e+07	1.6268312186002731e-01
317	9.653716	-2.8402816446951061e+07	-3.1246745176613331e+00
318	9.922407	-2.8402815575632218e+07	8.7131884321570396e-01
319	9.770995	-2.8402814693822641e+07	8.8180957734584808e-01
320	9.851531	-2.8402813945779420e+07	7.4804322049021721e-01
321	9.637201	-2.8402813484959673e+07	4.6081974729895592e-01
322	9.788960	-2.8402813322276536e+07	1.6268313676118851e-01
323	9.765939	-2.8402816446951065e+07	-3.1246745288372040e+00
324	9.708943	-2.8402815575632211e+07	8.7131885439157486e-01
325	9.697709	-2.8402814693822648e+07	8.8180956244468689e-01
326	9.749810	-2.8402813945779420e+07	7.4804322794079781e-01
327	9.708080	-2.8402813484959669e+07	4.6081975102424622e-01
328	9.699224	-2.8402813322276540e+07	1.6268312931060791e-01
329	9.881750	-2.8402816446951058e+07	-3.1246745176613331e+00
330	9.921957	-2.8402815575632226e+07	8.7131883203983307e-01
331	9.802884	-2.8402814693822633e+07	8.8180959224700928e-01
332	9.837668	-2.8402813945779420e+07	7.4804321303963661e-01
333	9.805878	-2.8402813484959666e+07	4.6081975474953651e-01
334	9.679634	-2.8402813322276544e+07	1.6268312186002731e-01
335	9.821698	-2.8402816446951058e+07	-3.1246745139360428e+00
336	9.932698	-2.8402815575632211e+07	8.7131884694099426e-01
337	9.860370	-2.8402814693822641e+07	8.8180956989526749e-01
338	9.889464	-2.8402813945779420e+07	7.4804322049021721e-01
339	9.780870	-2.8402813484959666e+07	4.6081975474953651e-01
340	9.740183	-2.8402813322276536e+07	1.6268312931060791e-01
341	9.824620	-2.8402816446951054e+07	-3.1246745176613331e+00
342	9.817402	-2.8402815575632218e+07	8.7131883576512337e-01
343	9.801658	-2.8402814693822645e+07	8.8180957362055779e-01
344	9.849717	-2.8402813945779420e+07	7.4804322421550751e-01
345	9.800123	-2.8402813484959658e+07	4.6081976220011711e-01
346	9.726172	-2.8402813322276544e+07	1.6268311440944672e-01
347	9.772252	-2.8402816446951069e+07	-3.1246745251119137e+00
348	9.909984	-2.8402815575632226e+07	8.7131884321570396e-01
349	9.832526	-2.8402814693822641e+07	8.8180958479642868e-01
350	9.812312	-2.8402813945779420e+07	7.4804322049021721e-01
351	9.725343	-2.8402813484959666e+07	4.6081975474953651e-01
352	9.689952	-2.8402813322276540e+07	1.6268312558531761e-01
353	9.706212	-2.8402816446951054e+07	-3.1246745139360428e+00
354	9.737779	-2.8402815575632218e+07	8.7131883576512337e-01
355	9.729150	-2.8402814693822645e+07	8.8180957362055779e-01
356	9.752404	-2.8402813945779420e+07	7.4804322421550751e-01
357	9.694149	-2.8402813484959658e+07	4.6081976220011711e-01
358	9.747716	-2.8402813322276544e+07	1.6268311440944672e-01
359	9.654275	-2.8402816446951065e+07	-3.1246745213866234e+00
360	9.750903	-2.8402815575632218e+07	8.7131884694099426e-01
361	9.710026	-2.8402814693822645e+07	8.8180957362055779e-01
362	9.753690	-2.8402813945779420e+07	7.4804322421550751e-01
363	9.689847	-2.8402813484959669e+07	4.6081975102424622e-01
364	9.754317	-2.8402813322276540e+07	1.6268312931060791e-01
365	9.666251	-2.8402816446951065e+07	-3.1246745251119137e+00
366	9.883181	-2.8402815575632218e+07	8.7131884694099426e-01
367	9.880079	-2.8402814693822645e+07	8.8180957362055779e-01
368	9.868355	-2.8402813945779420e+07	7.4804322421550751e-01
369	9.845383	-2.8402813484959673e+07	4.6081974729895592e-01
370	9.936638	-2.8402813322276548e+07	1.6268312558531761e-01
371	9.691495	-2.8402816446951058e+07	-3.1246745102107525e+00
372	9.846376	-2.8402815575632226e+07	8.7131883203983307e-01
373	9.855155	-2.8402814693822641e+07	8.8180958479642868e-01
374	9.920037	-2.8402813945779424e+07	7.4804321676492691e-01
375	9.883690	-2.8402813484959662e+07	4.6081976220011711e-01
376	9.897707	-2.8402813322276544e+07	1.6268311813473701e-01
377	9.662703	-2.8402816446951065e+07	-3.1246745213866234e+00
378	9.866963	-2.8402815575632218e+07	8.7131884694099426e-01
379	9.816109	-2.8402814693822648e+07	8.8180956989526749e-01
380	9.866267	-2.8402813945779424e+07	7.4804322421550751e-01
381	9.796620	-2.8402813484959673e+07	4.6081975102424622e-01
382	9.836341	-2.8402813322276536e+07	1.6268313676118851e-01
383	9.705893	-2.8402816446951061e+07	-3.1246745251119137e+00
384	9.808404	-2.8402815575632211e+07	8.7131885066628456e-01
385	9.794027	-2.8402814693822645e+07	8.8180956616997719e-01
386	10.003131	-2.8402813945779420e+07	7.4804322421550751e-01
387	9.990153	-2.8402813484959666e+07	4.6081975474953651e-01
388	10.308757	-2.8402813322276536e+07	1.6268312931060791e-01
389	10.078703	-2.8402816446951065e+07	-3.1246745288372040e+00
390	10.160952	-2.8402815575632218e+07	8.7131884694099426e-01
391	9.748584	-2.8402814693822637e+07	8.8180958107113838e-01
392	9.986911	-2.8402813945779420e+07	7.4804321676492691e-01
393	9.671346	-2.8402813484959662e+07	4.6081975847482681e-01
394	9.849661	-2.8402813322276544e+07	1.6268311813473701e-01
395	9.900615	-2.8402816446951065e+07	-3.1246745213866234e+00
396	9.835783	-2.8402815575632218e+07	8.7131884694099426e-01
397	9.746537	-2.8402814693822637e+07	8.8180958107113838e-01
398	9.778361	-2.8402813945779420e+07	7.4804321676492691e-01
399	9.900187	-2.8402813484959662e+07	4.6081975847482681e-01
400	10.294883	-2.8402813322276533e+07	1.6268312931060791e-01
401	10.216671	-2.8402816446951069e+07	-3.1246745362877846e+00
402	9.957268	-2.8402815575632211e+07	8.7131885811686516e-01
403	9.983909	-2.8402814693822648e+07	8.8180956244468689e-01
404	9.966987	-2.8402813945779420e+07	7.4804322794079781e-01
405	9.891011	-2.8402813484959669e+07	4.6081975102424622e-01
406	9.716692	-2.8402813322276544e+07	1.6268312558531761e-01
407	9.891487	-2.8402816446951058e+07	-3.1246745139360428e+00
408	9.848308	-2.8402815575632211e+07	8.7131884694099426e-01
409	9.740359	-2.8402814693822637e+07	8.8180957362055779e-01
410	9.751324	-2.8402813945779428e+07	7.4804320931434631e-01
411	9.673865	-2.8402813484959673e+07	4.6081975474953651e-01
412	9.775851	-2.8402813322276544e+07	1.6268312931060791e-01
413	9.713205	-2.8402816446951058e+07	-3.1246745139360428e+00
414	9.762323	-2.8402815575632229e+07	8.7131882831454277e-01
415	9.732370	-2.8402814693822637e+07	8.8180959224700928e-01
416	9.746323	-2.8402813945779417e+07	7.4804322049021721e-01
417	9.674666	-2.8402813484959669e+07	4.6081974729895592e-01
418	9.932087	-2.8402813322276544e+07	1.6268312558531761e-01
419	9.889800	-2.8402816446951061e+07	-3.1246745176613331e+00
420	9.846922	-2.8402815575632226e+07	8.7131883576512337e-01
421	9.723562	-2.8402814693822641e+07	8.8180958479642868e-01
422	9.740074	-2.8402813945779420e+07	7.4804322049021721e-01
423	9.715998	-2.8402813484959666e+07	4.6081975474953651e-01
424	9.854499	-2.8402813322276540e+07	1.6268312558531761e-01
425	9.852157	-2.8402816446951054e+07	-3.1246745139360428e+00
426	9.874174	-2.8402815575632218e+07	8.7131883576512337e-01
427	9.847314	-2.8402814693822630e+07	8.8180958852171898e-01
428	9.851927	-2.8402813945779420e+07	7.4804320931434631e-01
429	9.662197	-2.8402813484959673e+07	4.6081974729895592e-01
430	10.291418	-2.8402813322276544e+07	1.6268312931060791e-01
431	10.261469	-2.8402816446951069e+07	-3.1246745251119137e+00
432	10.019178	-2.8402815575632226e+07	8.7131884321570396e-01
433	10.015850	-2.8402814693822637e+07	8.8180958852171898e-01
434	9.964008	-2.8402813945779420e+07	7.4804321676492691e-01
435	9.987467	-2.8402813484959673e+07	4.6081974729895592e-01
436	9.779276	-2.8402813322276540e+07	1.6268313303589821e-01
437	9.838490	-2.8402816446951058e+07	-3.1246745176613331e+00
438	9.892769	-2.8402815575632229e+07	8.7131882831454277e-01
439	9.844739	-2.8402814693822641e+07	8.8180958852171898e-01
440	9.997841	-2.8402813945779420e+07	7.4804322049021721e-01
441	10.520140	-2.8402813484959669e+07	4.6081975102424622e-01
442	10.134613	-2.8402813322276544e+07	1.6268312558531761e-01
443	9.966340	-2.8402816446951065e+07	-3.1246745213866234e+00
444	10.405576	-2.8402815575632218e+07	8.7131884694099426e-01
445	10.219745	-2.8402814693822641e+07	8.8180957734584808e-01
446	9.975517	-2.8402813945779424e+07	7.4804321676492691e-01
447	9.923656	-2.8402813484959669e+07	4.6081975474953651e-01
448	10.002795	-2.8402813322276544e+07	1.6268312558531761e-01
449	9.975605	-2.8402816446951058e+07	-3.1246745139360428e+00
450	9.772322	-2.8402815575632218e+07	8.7131883949041367e-01
451	9.807110	-2.8402814693822641e+07	8.8180957734584808e-01
452	9.901570	-2.8402813945779417e+07	7.4804322421550751e-01
453	9.788027	-2.8402813484959662e+07	4.6081975474953651e-01
454	9.737539	-2.8402813322276536e+07	1.6268312558531761e-01
455	9.824468	-2.8402816446951058e+07	-3.1246745213866234e+00
456	9.801311	-2.8402815575632226e+07	8.7131883203983307e-01
457	9.765326	-2.8402814693822633e+07	8.8180959224700928e-01
458	9.790059	-2.8402813945779420e+07	7.4804321303963661e-01
459	9.744421	-2.8402813484959669e+07	4.6081975102424622e-01
460	9.955343	-2.8402813322276540e+07	1.6268312931060791e-01
461	9.750871	-2.8402816446951058e+07	-3.1246745176613331e+00
462	9.746512	-2.8402815575632211e+07	8.7131884694099426e-01
463	9.761955	-2.8402814693822648e+07	8.8180956244468689e-01
464	9.789330	-2.8402813945779420e+07	7.4804322794079781e-01
465	9.747330	-2.8402813484959673e+07	4.6081974729895592e-01
466	9.698537	-2.8402813322276540e+07	1.6268313303589821e-01
467	9.693165	-2.8402816446951073e+07	-3.1246745325624943e+00
468	9.755574	-2.8402815575632211e+07	8.7131886184215546e-01
469	9.721348	-2.8402814693822648e+07	8.8180956244468689e-01
470	9.751124	-2.8402813945779420e+07	7.4804322794079781e-01
471	9.724610	-2.8402813484959666e+07	4.6081975474953651e-01
472	9.813431	-2.8402813322276540e+07	1.6268312558531761e-01
473	9.679341	-2.8402816446951058e+07	-3.1246745176613331e+00
474	9.835961	-2.8402815575632211e+07	8.7131884694099426e-01
475	9.829608	-2.8402814693822645e+07	8.8180956616997719e-01
476	9.771490	-2.8402813945779428e+07	7.4804321676492691e-01
477	9.718544	-2.8402813484959673e+07	4.6081975474953651e-01
478	9.788470	-2.8402813322276536e+07	1.6268313676118851e-01
479	9.646296	-2.8402816446951065e+07	-3.1246745288372040e+00
480	9.874067	-2.8402815575632211e+07	8.7131885439157486e-01
481	9.854526	-2.8402814693822648e+07	8.8180956244468689e-01
482	9.956332	-2.8402813945779428e+07	7.4804322049021721e-01
483	9.865518	-2.8402813484959666e+07	4.6081976220011711e-01
484	9.898606	-2.8402813322276544e+07	1.6268312186002731e-01
485	9.694557	-2.8402816446951054e+07	-3.1246745102107525e+00
486	9.884434	-2.8402815575632218e+07	8.7131883576512337e-01
487	9.845380	-2.8402814693822645e+07	8.8180957362055779e-01
488	9.915107	-2.8402813945779424e+07	7.4804322049021721e-01
489	9.811555	-2.8402813484959677e+07	4.6081974729895592e-01
490	9.824556	-2.8402813322276536e+07	1.6268314048647881e-01
491	9.670801	-2.8402816446951054e+07	-3.1246745176613331e+00
492	9.809202	-2.8402815575632229e+07	8.7131882458925247e-01
493	9.774027	-2.8402814693822641e+07	8.8180958852171898e-01
494	9.794963	-2.8402813945779417e+07	7.4804322421550751e-01
495	9.787393	-2.8402813484959673e+07	4.6081974357366562e-01
496	9.772329	-2.8402813322276540e+07	1.6268313303589821e-01
497	9.640110	-2.8402816446951058e+07	-3.1246745176613331e+00
498	9.809467	-2.8402815575632226e+07	8.7131883203983307e-01
499	9.804569	-2.8402814693822645e+07	8.8180958107113838e-01
500	9.813257	-2.8402813945779424e+07	7.4804322049021721e-01
501	9.764816	-2.8402813484959673e+07	4.6081975102424622e-01
502	9.765217	-2.8402813322276540e+07	1.6268313303589821e-01
503	9.672252	-2.8402816446951061e+07	-3.1246745213866234e+00
504	9.762228	-2.8402815575632218e+07	8.7131884321570396e-01
505	9.714655	-2.8402814693822641e+07	8.8180957734584808e-01
506	9.796483	-2.8402813945779420e+07	7.4804322049021721e-01
507	9.730182	-2.8402813484959666e+07	4.6081975474953651e-01
508	9.720022	-2.8402813322276540e+07	1.6268312558531761e-01
509	9.682642	-2.8402816446951058e+07	-3.1246745176613331e+00
510	10.590203	-2.8402815575632233e+07	8.7131882458925247e-01
511	10.334988	-2.8402814693822637e+07	8.8180959597229958e-01
512	10.018222	-2.8402813945779424e+07	7.4804321303963661e-01
513	9.886641	-2.8402813484959673e+07	4.6081975102424622e-01
514	10.072739	-2.8402813322276544e+07	1.6268312931060791e-01
515	9.698292	-2.8402816446951065e+07	-3.1246745213866234e+00
516	9.919740	-2.8402815575632218e+07	8.7131884694099426e-01
517	9.859781	-2.8402814693822648e+07	8.8180956989526749e-01
518	9.774969	-2.8402813945779424e+07	7.4804322421550751e-01
519	9.717312	-2.8402813484959662e+07	4.6081976220011711e-01
520	9.839828	-2.8402813322276536e+07	1.6268312558531761e-01
521	9.885886	-2.8402816446951065e+07	-3.1246745288372040e+00
522	9.955681	-2.8402815575632226e+07	8.7131883949041367e-01
523	9.685329	-2.8402814693822645e+07	8.8180958107113838e-01
524	9.745688	-2.8402813945779420e+07	7.4804322421550751e-01
525	9.852129	-2.8402813484959669e+07	4.6081975102424622e-01
526	9.884182	-2.8402813322276540e+07	1.6268312931060791e-01
527	9.822953	-2.8402816446951069e+07	-3.1246745288372040e+00
528	9.915382	-2.8402815575632226e+07	8.7131884321570396e-01
529	9.842421	-2.8402814693822645e+07	8.8180958107113838e-01
530	9.741850	-2.8402813945779420e+07	7.4804322421550751e-01
531	9.838775	-2.8402813484959666e+07	4.6081975474953651e-01
532	9.921188	-2.8402813322276536e+07	1.6268312931060791e-01
533	9.882932	-2.8402816446951069e+07	-3.1246745325624943e+00
534	9.897467	-2.8402815575632229e+07	8.7131883949041367e-01
535	9.773975	-2.8402814693822648e+07	8.8180958107113838e-01
536	9.729103	-2.8402813945779420e+07	7.4804322794079781e-01
537	9.778798	-2.8402813484959658e+07	4.6081976220011711e-01
538	9.861009	-2.8402813322276544e+07	1.6268311440944672e-01
539	9.828298	-2.8402816446951065e+07	-3.1246745213866234e+00
540	9.838140	-2.8402815575632218e+07	8.7131884694099426e-01
541	9.752114	-2.8402814693822641e+07	8.8180957734584808e-01
542	9.718323	-2.8402813945779420e+07	7.4804322049021721e-01
543	9.779107	-2.8402813484959669e+07	4.6081975102424622e-01
544	9.837043	-2.8402813322276536e+07	1.6268313303589821e-01
545	9.791660	-2.8402816446951058e+07	-3.1246745213866234e+00
546	9.801940	-2.8402815575632218e+07	8.7131883949041367e-01
547	9.728772	-2.8402814693822641e+07	8.8180957734584808e-01
548	9.717746	-2.8402813945779420e+07	7.4804322049021721e-01
549	9.704343	-2.8402813484959658e+07	4.6081976220011711e-01
550	9.774817	-2.8402813322276540e+07	1.6268311813473701e-01
551	9.712076	-2.8402816446951058e+07	-3.1246745176613331e+00
552	9.920049	-2.8402815575632218e+07	8.7131883949041367e-01
553	10.038895	-2.8402814693822641e+07	8.8180957734584808e-01
554	10.571955	-2.8402813945779413e+07	7.4804322794079781e-01
555	10.125605	-2.8402813484959662e+07	4.6081975102424622e-01
556	10.007169	-2.8402813322276536e+07	1.6268312558531761e-01
557	9.754426	-2.8402816446951061e+07	-3.1246745251119137e+00
558	9.966605	-2.8402815575632218e+07	8.7131884321570396e-01
559	9.816769	-2.8402814693822648e+07	8.8180956989526749e-01
560	9.761094	-2.8402813945779420e+07	7.4804322794079781e-01
561	9.867698	-2.8402813484959673e+07	4.6081974729895592e-01
562	9.883451	-2.8402813322276536e+07	1.6268313676118851e-01
563	9.798910	-2.8402816446951061e+07	-3.1246745251119137e+00
564	9.691131	-2.8402815575632218e+07	8.7131884321570396e-01
565	9.747017	-2.8402814693822633e+07	8.8180958479642868e-01
566	9.842085	-2.8402813945779420e+07	7.4804321303963661e-01
567	9.751753	-2.8402813484959673e+07	4.6081974729895592e-01
568	9.811931	-2.8402813322276529e+07	1.6268314421176910e-01
569	9.725491	-2.8402816446951073e+07	-3.1246745437383652e+00
570	9.750448	-2.8402815575632211e+07	8.7131886184215546e-01
571	9.689268	-2.8402814693822645e+07	8.8180956616997719e-01
572	9.751234	-2.8402813945779420e+07	7.4804322421550751e-01
573	9.730909	-2.8402813484959669e+07	4.6081975102424622e-01
574	9.788241	-2.8402813322276540e+07	1.6268312931060791e-01
575	9.716329	-2.8402816446951061e+07	-3.1246745213866234e+00
576	9.746980	-2.8402815575632233e+07	8.7131882831454277e-01
577	9.689614	-2.8402814693822645e+07	8.8180958852171898e-01
578	9.715647	-2.8402813945779417e+07	7.4804322794079781e-01
579	9.747937	-2.8402813484959662e+07	4.6081975474953651e-01
580	9.796080	-2.8402813322276540e+07	1.6268312186002731e-01
581	9.706802	-2.8402816446951061e+07	-3.1246745213866234e+00
582	10.431454	-2.8402815575632218e+07	8.7131884321570396e-01
583	10.115332	-2.8402814693822645e+07	8.8180957362055779e-01
584	10.041857	-2.8402813945779417e+07	7.4804322794079781e-01
585	9.957660	-2.8402813484959673e+07	4.6081974357366562e-01
586	9.952119	-2.8402813322276533e+07	1.6268314048647881e-01
587	9.752168	-2.8402816446951058e+07	-3.1246745251119137e+00
588	9.678027	-2.8402815575632226e+07	8.7131883203983307e-01
589	9.780699	-2.8402814693822637e+07	8.8180958852171898e-01
590	9.965241	-2.8402813945779424e+07	7.4804321303963661e-01
591	9.739017	-2.8402813484959666e+07	4.6081975847482681e-01
592	9.754682	-2.8402813322276540e+07	1.6268312558531761e-01
593	9.961151	-2.8402816446951061e+07	-3.1246745213866234e+00
594	10.401046	-2.8402815575632211e+07	8.7131885066628456e-01
595	10.099005	-2.8402814693822648e+07	8.8180956244468689e-01
596	10.075949	-2.8402813945779424e+07	7.4804322421550751e-01
597	9.748919	-2.8402813484959673e+07	4.6081975102424622e-01
598	10.070122	-2.8402813322276536e+07	1.6268313676118851e-01
599	10.132110	-2.8402816446951058e+07	-3.1246745213866234e+00
600	10.435552	-2.8402815575632218e+07	8.7131883949041367e-01
601	10.490164	-2.8402814693822645e+07	8.8180957362055779e-01
602	10.188963	-2.8402813945779420e+07	7.4804322421550751e-01
603	9.980627	-2.8402813484959673e+07	4.6081974729895592e-01
604	9.923474	-2.8402813322276544e+07	1.6268312931060791e-01
605	9.902331	-2.8402816446951054e+07	-3.1246745102107525e+00
606	9.963627	-2.8402815575632218e+07	8.7131883576512337e-01
607	9.666579	-2.8402814693822645e+07	8.8180957362055779e-01
608	9.819945	-2.8402813945779420e+07	7.4804322421550751e-01
609	9.909298	-2.8402813484959666e+07	4.6081975474953651e-01
610	9.874648	-2.8402813322276533e+07	1.6268313303589821e-01
611	9.713101	-2.8402816446951058e+07	-3.1246745251119137e+00
612	9.747557	-2.8402815575632218e+07	8.7131883949041367e-01
613	9.689674	-2.8402814693822637e+07	8.8180958107113838e-01
614	9.760594	-2.8402813945779420e+07	7.4804321676492691e-01
615	9.699256	-2.8402813484959673e+07	4.6081974729895592e-01
616	9.821863	-2.8402813322276544e+07	1.6268312931060791e-01
617	9.701996	-2.8402816446951061e+07	-3.1246745176613331e+00
618	9.742663	-2.8402815575632226e+07	8.7131883576512337e-01
619	9.703105	-2.8402814693822641e+07	8.8180958479642868e-01
620	9.769085	-2.8402813945779424e+07	7.4804321676492691e-01
621	9.690483	-2.8402813484959658e+07	4.6081976592540741e-01
622	9.830784	-2.8402813322276533e+07	1.6268312558531761e-01
623	9.677834	-2.8402816446951058e+07	-3.1246745251119137e+00
624	9.731048	-2.8402815575632229e+07	8.7131882831454277e-01
625	9.836362	-2.8402814693822633e+07	8.8180959597229958e-01
626	9.921939	-2.8402813945779424e+07	7.4804320931434631e-01
627	9.852036	-2.8402813484959658e+07	4.6081976592540741e-01
628	9.969357	-2.8402813322276536e+07	1.6268312186002731e-01
629	9.880898	-2.8402816446951069e+07	-3.1246745325624943e+00
630	9.763813	-2.8402815575632218e+07	8.7131885066628456e-01
631	9.827953	-2.8402814693822645e+07	8.8180957362055779e-01
632	9.903080	-2.8402813945779424e+07	7.4804322049021721e-01
633	9.828811	-2.8402813484959669e+07	4.6081975474953651e-01
634	9.939669	-2.8402813322276540e+07	1.6268312931060791e-01
635	9.807591	-2.8402816446951061e+07	-3.1246745213866234e+00
636	9.709044	-2.8402815575632226e+07	8.7131883576512337e-01
637	9.777802	-2.8402814693822633e+07	8.8180959224700928e-01
638	9.867157	-2.8402813945779428e+07	7.4804320558905602e-01
639	9.869825	-2.8402813484959666e+07	4.6081976220011711e-01
640	9.876768	-2.8402813322276536e+07	1.6268312931060791e-01
641	9.786771	-2.8402816446951058e+07	-3.1246745213866234e+00
642	9.751162	-2.8402815575632226e+07	8.7131883203983307e-01
643	9.763205	-2.8402814693822648e+07	8.8180957734584808e-01
644	9.859208	-2.8402813945779420e+07	7.4804322794079781e-01
645	9.749204	-2.8402813484959673e+07	4.6081974729895592e-01
646	9.809587	-2.8402813322276544e+07	1.6268312931060791e-01
647	9.690200	-2.8402816446951065e+07	-3.1246745213866234e+00
648	9.711609	-2.8402815575632218e+07	8.7131884694099426e-01
649	9.721455	-2.8402814693822645e+07	8.8180957362055779e-01
650	9.795060	-2.8402813945779428e+07	7.4804321676492691e-01
651	9.682821	-2.8402813484959669e+07	4.6081975847482681e-01
652	9.820466	-2.8402813322276540e+07	1.6268312931060791e-01
653	9.684414	-2.8402816446951061e+07	-3.1246745213866234e+00
654	9.706850	-2.8402815575632229e+07	8.7131883203983307e-01
655	9.655754	-2.8402814693822648e+07	8.8180958107113838e-01
656	9.748893	-2.8402813945779420e+07	7.4804322794079781e-01
657	9.735327	-2.8402813484959673e+07	4.6081974729895592e-01
658	9.807808	-2.8402813322276536e+07	1.6268313676118851e-01
659	9.740649	-2.8402816446951061e+07	-3.1246745251119137e+00
660	9.687728	-2.8402815575632237e+07	8.7131882458925247e-01
661	9.628675	-2.8402814693822641e+07	8.8180959597229958e-01
662	9.878487	-2.8402813945779424e+07	7.4804321676492691e-01
663	9.850414	-2.8402813484959669e+07	4.6081975474953651e-01
664	9.803774	-2.8402813322276533e+07	1.6268313676118851e-01
665	9.802148	-2.8402816446951061e+07	-3.1246745288372040e+00
666	9.897213	-2.8402815575632218e+07	8.7131884321570396e-01
667	10.320145	-2.8402814693822645e+07	8.8180957362055779e-01
668	10.279755	-2.8402813945779424e+07	7.4804322049021721e-01
669	10.139974	-2.8402813484959669e+07	4.6081975474953651e-01
670	10.452366	-2.8402813322276540e+07	1.6268312931060791e-01
671	10.277323	-2.8402816446951050e+07	-3.1246745102107525e+00
672	10.123008	-2.8402815575632218e+07	8.7131883203983307e-01
673	10.014386	-2.8402814693822637e+07	8.8180958107113838e-01
674	9.897805	-2.8402813945779420e+07	7.4804321676492691e-01
675	9.946184	-2.8402813484959673e+07	4.6081974729895592e-01
676	9.736416	-2.8402813322276544e+07	1.6268312931060791e-01
677	9.780064	-2.8402816446951065e+07	-3.1246745213866234e+00
678	9.916174	-2.8402815575632218e+07	8.7131884694099426e-01
679	9.828960	-2.8402814693822641e+07	8.8180957734584808e-01
680	9.702641	-2.8402813945779420e+07	7.4804322049021721e-01
681	9.704089	-2.8402813484959673e+07	4.6081974729895592e-01
682	9.941369	-2.8402813322276533e+07	1.6268314048647881e-01
683	9.851441	-2.8402816446951061e+07	-3.1246745288372040e+00
684	9.905527	-2.8402815575632218e+07	8.7131884321570396e-01
685	9.904007	-2.8402814693822648e+07	8.8180956989526749e-01
686	9.862591	-2.8402813945779424e+07	7.4804322421550751e-01
687	9.686562	-2.8402813484959666e+07	4.6081975847482681e-01
688	9.914097	-2.8402813322276544e+07	1.6268312186002731e-01
689	9.891146	-2.8402816446951054e+07	-3.1246745102107525e+00
690	9.969135	-2.8402815575632226e+07	8.7131882831454277e-01
691	9.843320	-2.8402814693822633e+07	8.8180959224700928e-01
692	9.845443	-2.8402813945779420e+07	7.4804321303963661e-01
693	9.707568	-2.8402813484959669e+07	4.6081975102424622e-01
694	9.877799	-2.8402813322276533e+07	1.6268313676118851e-01
695	9.791697	-2.8402816446951054e+07	-3.1246745213866234e+00
696	9.872642	-2.8402815575632233e+07	8.7131882086396217e-01
697	9.837625	-2.8402814693822645e+07	8.8180958852171898e-01
698	9.808691	-2.8402813945779420e+07	7.4804322421550751e-01
699	9.646289	-2.8402813484959666e+07	4.6081975474953651e-01
700	9.835485	-2.8402813322276540e+07	1.6268312558531761e-01
701	9.775186	-2.8402816446951065e+07	-3.1246745251119137e+00
702	9.807602	-2.8402815575632211e+07	8.7131885439157486e-01
703	9.740948	-2.8402814693822648e+07	8.8180956244468689e-01
704	9.785776	-2.8402813945779420e+07	7.4804322794079781e-01
705	9.692407	-2.8402813484959669e+07	4.6081975102424622e-01
706	9.736900	-2.8402813322276540e+07	1.6268312931060791e-01
707	9.758325	-2.8402816446951061e+07	-3.1246745213866234e+00
708	9.707846	-2.8402815575632218e+07	8.7131884321570396e-01
709	9.756919	-2.8402814693822648e+07	8.8180956989526749e-01
710	9.755195	-2.8402813945779424e+07	7.4804322421550751e-01
711	9.696162	-2.8402813484959669e+07	4.6081975474953651e-01
712	9.733560	-2.8402813322276529e+07	1.6268314048647881e-01
713	9.720055	-2.8402816446951061e+07	-3.1246745325624943e+00
714	9.760984	-2.8402815575632222e+07	8.7131883949041367e-01
715	9.736042	-2.8402814693822645e+07	8.8180957734584808e-01
716	9.774646	-2.8402813945779420e+07	7.4804322421550751e-01
717	9.697139	-2.8402813484959673e+07	4.6081974729895592e-01
718	9.779434	-2.8402813322276540e+07	1.6268313303589821e-01
719	9.874214	-2.8402816446951061e+07	-3.1246745213866234e+00
720	9.931921	-2.8402815575632218e+07	8.7131884321570396e-01
721	9.755050	-2.8402814693822641e+07	8.8180957734584808e-01
722	9.768544	-2.8402813945779413e+07	7.4804322794079781e-01
723	9.893550	-2.8402813484959662e+07	4.6081975102424622e-01
724	9.708882	-2.8402813322276536e+07	1.6268312558531761e-01
725	9.841729	-2.8402816446951058e+07	-3.1246745213866234e+00
726	9.937315	-2.8402815575632226e+07	8.7131883203983307e-01
727	9.890322	-2.8402814693822641e+07	8.8180958479642868e-01
728	9.895822	-2.8402813945779424e+07	7.4804321676492691e-01
729	9.785778	-2.8402813484959677e+07	4.6081974729895592e-01
730	9.702885	-2.8402813322276544e+07	1.6268313303589821e-01
731	9.787866	-2.8402816446951058e+07	-3.1246745139360428e+00
732	9.853826	-2.8402815575632226e+07	8.7131883203983307e-01
733	9.861852	-2.8402814693822641e+07	8.8180958479642868e-01
734	9.855365	-2.8402813945779420e+07	7.4804322049021721e-01
735	9.785690	-2.8402813484959658e+07	4.6081976220011711e-01
736	9.713988	-2.8402813322276540e+07	1.6268311813473701e-01
737	9.735743	-2.8402816446951061e+07	-3.1246745213866234e+00
738	9.824555	-2.8402815575632226e+07	8.7131883576512337e-01
739	9.771015	-2.8402814693822637e+07	8.8180958852171898e-01
740	9.795518	-2.8402813945779424e+07	7.4804321303963661e-01
741	9.683024	-2.8402813484959673e+07	4.6081975102424622e-01
742	9.721484	-2.8402813322276544e+07	1.6268312931060791e-01
743	9.741698	-2.8402816446951065e+07	-3.1246745213866234e+00
744	9.954371	-2.8402815575632218e+07	8.7131884694099426e-01
745	9.788375	-2.8402814693822645e+07	8.8180957362055779e-01
746	10.506545	-2.8402813945779428e+07	7.4804321676492691e-01
747	10.138593	-2.8402813484959669e+07	4.6081975847482681e-01
748	10.070899	-2.8402813322276544e+07	1.6268312558531761e-01
749	9.766240	-2.8402816446951061e+07	-3.1246745176613331e+00
750	9.953243	-2.8402815575632229e+07	8.7131883203983307e-01
751	9.849784	-2.8402814693822645e+07	8.8180958479642868e-01
752	9.758424	-2.8402813945779420e+07	7.4804322421550751e-01
753	9.877796	-2.8402813484959673e+07	4.6081974729895592e-01
754	9.831970	-2.8402813322276533e+07	1.6268314048647881e-01
755	9.825764	-2.8402816446951065e+07	-3.1246745325624943e+00
756	9.721645	-2.8402815575632229e+07	8.7131883576512337e-01
757	9.822615	-2.8402814693822641e+07	8.8180958852171898e-01
758	9.831931	-2.8402813945779420e+07	7.4804322049021721e-01
759	9.834808	-2.8402813484959669e+07	4.6081975102424622e-01
760	9.859899	-2.8402813322276544e+07	1.6268312558531761e-01
761	9.760648	-2.8402816446951061e+07	-3.1246745176613331e+00
762	9.744614	-2.8402815575632218e+07	8.7131884321570396e-01
763	9.741715	-2.8402814693822652e+07	8.8180956616997719e-01
764	9.802212	-2.8402813945779420e+07	7.4804323166608810e-01
765	9.766431	-2.8402813484959681e+07	4.6081973984837532e-01
766	9.813327	-2.8402813322276544e+07	1.6268313676118851e-01
767	9.666172	-2.8402816446951054e+07	-3.1246745102107525e+00
768	9.690832	-2.8402815575632218e+07	8.7131883576512337e-01
769	9.725646	-2.8402814693822637e+07	8.8180958107113838e-01
770	9.787374	-2.8402813945779420e+07	7.4804321676492691e-01
771	9.881384	-2.8402813484959673e+07	4.6081974729895592e-01
772	9.780676	-2.8402813322276536e+07	1.6268313676118851e-01
773	9.723216	-2.8402816446951058e+07	-3.1246745213866234e+00
774	9.720327	-2.8402815575632211e+07	8.7131884694099426e-01
775	9.646490	-2.8402814693822652e+07	8.8180955871939659e-01
776	9.716588	-2.8402813945779428e+07	7.4804322421550751e-01
777	9.742488	-2.8402813484959662e+07	4.6081976592540741e-01
778	9.747687	-2.8402813322276536e+07	1.6268312558531761e-01
779	9.731268	-2.8402816446951065e+07	-3.1246745288372040e+00
780	9.764160	-2.8402815575632218e+07	8.7131884694099426e-01
781	9.677055	-2.8402814693822648e+07	8.8180956989526749e-01
782	9.876896	-2.8402813945779420e+07	7.4804322794079781e-01
783	9.872716	-2.8402813484959658e+07	4.6081976220011711e-01
784	9.911849	-2.8402813322276536e+07	1.6268312186002731e-01
785	10.472462	-2.8402816446951061e+07	-3.1246745251119137e+00
786	10.628401	-2.8402815575632218e+07	8.7131884321570396e-01
787	10.475007	-2.8402814693822637e+07	8.8180958107113838e-01
788	10.533553	-2.8402813945779428e+07	7.4804320931434631e-01
789	10.448923	-2.8402813484959669e+07	4.6081975847482681e-01
790	10.310992	-2.8402813322276540e+07	1.6268312931060791e-01
791	9.846310	-2.8402816446951065e+07	-3.1246745251119137e+00
792	9.991421	-2.8402815575632229e+07	8.7131883576512337e-01
793	9.884070	-2.8402814693822648e+07	8.8180958107113838e-01
794	9.929419	-2.8402813945779420e+07	7.4804322794079781e-01
795	9.710616	-2.8402813484959666e+07	4.6081975474953651e-01
796	9.871261	-2.8402813322276540e+07	1.6268312558531761e-01
797	9.839847	-2.8402816446951065e+07	-3.1246745251119137e+00
798	9.979609	-2.8402815575632218e+07	8.7131884694099426e-01
799	9.645720	-2.8402814693822645e+07	8.8180957362055779e-01
800	9.725132	-2.8402813945779420e+07	7.4804322421550751e-01
801	9.747613	-2.8402813484959681e+07	4.6081973984837532e-01
802	9.868856	-2.8402813322276536e+07	1.6268314421176910e-01
803	9.700389	-2.8402816446951054e+07	-3.1246745176613331e+00
804	9.753896	-2.8402815575632233e+07	8.7131882086396217e-01
805	9.668236	-2.8402814693822633e+07	8.8180959969758987e-01
806	9.708641	-2.8402813945779420e+07	7.4804321303963661e-01
807	9.896178	-2.8402813484959666e+07	4.6081975474953651e-01
808	9.972762	-2.8402813322276544e+07	1.6268312186002731e-01
809	9.912491	-2.8402816446951058e+07	-3.1246745139360428e+00
810	9.894336	-2.8402815575632211e+07	8.7131884694099426e-01
811	9.808876	-2.8402814693822641e+07	8.8180956989526749e-01
812	9.715287	-2.8402813945779420e+07	7.4804322049021721e-01
813	9.850226	-2.8402813484959677e+07	4.6081974357366562e-01
814	9.881161	-2.8402813322276544e+07	1.6268313303589821e-01
815	9.897546	-2.8402816446951069e+07	-3.1246745251119137e+00
816	9.938185	-2.8402815575632218e+07	8.7131885066628456e-01
817	9.777897	-2.8402814693822637e+07	8.8180958107113838e-01
818	9.703137	-2.8402813945779417e+07	7.4804322049021721e-01
819	9.797692	-2.8402813484959658e+07	4.6081975847482681e-01
820	9.859466	-2.8402813322276533e+07	1.6268312558531761e-01
821	9.785623	-2.8402816446951061e+07	-3.1246745288372040e+00
822	9.859952	-2.8402815575632218e+07	8.7131884321570396e-01
823	9.784553	-2.8402814693822645e+07	8.8180957362055779e-01
824	9.731141	-2.8402813945779424e+07	7.4804322049021721e-01
825	9.740880	-2.8402813484959669e+07	4.6081975474953651e-01
826	9.802517	-2.8402813322276540e+07	1.6268312931060791e-01
827	9.730858	-2.8402816446951065e+07	-3.1246745251119137e+00
828	9.735383	-2.8402815575632233e+07	8.7131883203983307e-01
829	9.695406	-2.8402814693822637e+07	8.8180959597229958e-01
830	9.743600	-2.8402813945779420e+07	7.4804321676492691e-01
831	9.729958	-2.8402813484959673e+07	4.6081974729895592e-01
832	9.787539	-2.8402813322276536e+07	1.6268313676118851e-01
833	9.708030	-2.8402816446951061e+07	-3.1246745251119137e+00
834	9.767386	-2.8402815575632229e+07	8.7131883203983307e-01
835	9.720216	-2.8402814693822648e+07	8.8180958107113838e-01
836	9.753361	-2.8402813945779420e+07	7.4804322794079781e-01
837	9.749511	-2.8402813484959673e+07	4.6081974729895592e-01
838	9.760607	-2.8402813322276544e+07	1.6268312931060791e-01
839	9.777732	-2.8402816446951058e+07	-3.1246745139360428e+00
840	9.758603	-2.8402815575632229e+07	8.7131882831454277e-01
841	9.708169	-2.8402814693822641e+07	8.8180958852171898e-01
842	9.827684	-2.8402813945779428e+07	7.4804321303963661e-01
843	9.690640	-2.8402813484959662e+07	4.6081976592540741e-01
844	9.969949	-2.8402813322276536e+07	1.6268312558531761e-01
845	9.903860	-2.8402816446951061e+07	-3.1246745251119137e+00
846	9.939597	-2.8402815575632233e+07	8.7131882831454277e-01
847	9.871459	-2.8402814693822641e+07	8.8180959224700928e-01
848	9.873820	-2.8402813945779417e+07	7.4804322421550751e-01
849	9.712944	-2.8402813484959673e+07	4.6081974357366562e-01
850	9.876512	-2.8402813322276544e+07	1.6268312931060791e-01
851	9.845188	-2.8402816446951065e+07	-3.1246745213866234e+00
852	9.893815	-2.8402815575632218e+07	8.7131884694099426e-01
853	9.896983	-2.8402814693822645e+07	8.8180957362055779e-01
854	9.833784	-2.8402813945779420e+07	7.4804322421550751e-01
855	9.693812	-2.8402813484959673e+07	4.6081974729895592e-01
856	9.837135	-2.8402813322276533e+07	1.6268314048647881e-01
857	9.835598	-2.8402816446951058e+07	-3.1246745251119137e+00
858	9.854326	-2.8402815575632226e+07	8.7131883203983307e-01
859	9.846224	-2.8402814693822641e+07	8.8180958479642868e-01
860	9.832586	-2.8402813945779420e+07	7.4804322049021721e-01
861	9.696062	-2.8402813484959677e+07	4.6081974357366562e-01
862	9.823610	-2.8402813322276540e+07	1.6268313676118851e-01
863	9.724594	-2.8402816446951061e+07	-3.1246745213866234e+00
864	9.781753	-2.8402815575632226e+07	8.7131883576512337e-01
865	9.684249	-2.8402814693822637e+07	8.8180958852171898e-01
866	9.756202	-2.8402813945779424e+07	7.4804321303963661e-01
867	9.656501	-2.8402813484959666e+07	4.6081975847482681e-01
868	9.795992	-2.8402813322276536e+07	1.6268312931060791e-01
869	9.751917	-2.8402816446951065e+07	-3.1246745288372040e+00
870	9.735247	-2.8402815575632211e+07	8.7131885439157486e-01
871	9.746476	-2.8402814693822648e+07	8.8180956244468689e-01
872	9.816307	-2.8402813945779417e+07	7.4804323166608810e-01
873	9.671413	-2.8402813484959669e+07	4.6081974729895592e-01
874	9.699619	-2.8402813322276544e+07	1.6268312558531761e-01
875	9.723996	-2.8402816446951069e+07	-3.1246745251119137e+00
876	9.783476	-2.8402815575632218e+07	8.7131885066628456e-01
877	9.715981	-2.8402814693822645e+07	8.8180957362055779e-01
878	9.764064	-2.8402813945779428e+07	7.4804321676492691e-01
879	9.719836	-2.8402813484959669e+07	4.6081975847482681e-01
880	9.738605	-2.8402813322276540e+07	1.6268312931060791e-01
881	9.833807	-2.8402816446951069e+07	-3.1246745288372040e+00
882	9.928743	-2.8402815575632211e+07	8.7131885811686516e-01
883	9.907494	-2.8402814693822645e+07	8.8180956616997719e-01
884	9.936749	-2.8402813945779428e+07	7.4804321676492691e-01
885	9.817166	-2.8402813484959673e+07	4.6081975474953651e-01
886	9.759891	-2.8402813322276540e+07	1.6268313303589821e-01
887	9.851214	-2.8402816446951065e+07	-3.1246745251119137e+00
888	9.943865	-2.8402815575632226e+07	8.7131883949041367e-01
889	10.208347	-2.8402814693822645e+07	8.8180958107113838e-01
890	10.260826	-2.8402813945779424e+07	7.4804322049021721e-01
891	9.899790	-2.8402813484959658e+07	4.6081976592540741e-01
892	10.020132	-2.8402813322276540e+07	1.6268311813473701e-01
893	9.900682	-2.8402816446951065e+07	-3.1246745251119137e+00
894	9.958519	-2.8402815575632229e+07	8.7131883576512337e-01
895	9.664317	-2.8402814693822637e+07	8.8180959224700928e-01
896	9.936596	-2.8402813945779428e+07	7.4804320931434631e-01
897	9.778013	-2.8402813484959666e+07	4.6081976220011711e-01
898	9.978828	-2.8402813322276536e+07	1.6268312931060791e-01
899	9.743557	-2.8402816446951061e+07	-3.1246745251119137e+00
900	9.717351	-2.8402815575632233e+07	8.7131882831454277e-01
901	9.704480	-2.8402814693822645e+07	8.8180958852171898e-01
902	9.774996	-2.8402813945779424e+07	7.4804322049021721e-01
903	9.776022	-2.8402813484959673e+07	4.6081975102424622e-01
904	9.741398	-2.8402813322276529e+07	1.6268314421176910e-01
905	9.693781	-2.8402816446951065e+07	-3.1246745362877846e+00
906	9.764127	-2.8402815575632218e+07	8.7131884694099426e-01
907	9.886698	-2.8402814693822641e+07	8.8180957734584808e-01
908	9.910557	-2.8402813945779420e+07	7.4804322049021721e-01
909	9.798797	-2.8402813484959673e+07	4.6081974729895592e-01
910	9.880366	-2.8402813322276544e+07	1.6268312931060791e-01
911	9.828742	-2.8402816446951065e+07	-3.1246745213866234e+00
912	9.713873	-2.8402815575632211e+07	8.7131885439157486e-01
913	9.826527	-2.8402814693822645e+07	8.8180956616997719e-01
914	9.917432	-2.8402813945779432e+07	7.4804321303963661e-01
915	9.827685	-2.8402813484959666e+07	4.6081976592540741e-01
916	9.911096	-2.8402813322276548e+07	1.6268311813473701e-01
917	9.815041	-2.8402816446951058e+07	-3.1246745102107525e+00
918	9.732447	-2.8402815575632229e+07	8.7131882831454277e-01
919	9.812362	-2.8402814693822641e+07	8.8180958852171898e-01
920	9.873920	-2.8402813945779428e+07	7.4804321303963661e-01
921	9.816624	-2.8402813484959666e+07	4.6081976220011711e-01
922	9.897978	-2.8402813322276536e+07	1.6268312931060791e-01
923	9.801580	-2.8402816446951058e+07	-3.1246745213866234e+00
924	9.690632	-2.8402815575632226e+07	8.7131883203983307e-01
925	9.785690	-2.8402814693822652e+07	8.8180957362055779e-01
926	9.835454	-2.8402813945779420e+07	7.4804323166608810e-01
927	9.783968	-2.8402813484959681e+07	4.6081973984837532e-01
928	9.789108	-2.8402813322276536e+07	1.6268314421176910e-01
929	9.710184	-2.8402816446951054e+07	-3.1246745176613331e+00
930	9.737784	-2.8402815575632218e+07	8.7131883576512337e-01
931	9.719088	-2.8402814693822645e+07	8.8180957362055779e-01
932	9.794531	-2.8402813945779420e+07	7.4804322421550751e-01
933	9.710188	-2.8402813484959669e+07	4.6081975102424622e-01
934	9.811113	-2.8402813322276536e+07	1.6268313303589821e-01
935	9.730326	-2.8402816446951061e+07	-3.1246745251119137e+00
936	9.744606	-2.8402815575632218e+07	8.7131884321570396e-01
937	9.730672	-2.8402814693822637e+07	8.8180958107113838e-01
938	9.818514	-2.8402813945779424e+07	7.4804321303963661e-01
939	9.701716	-2.8402813484959666e+07	4.6081975847482681e-01
940	9.777255	-2.8402813322276540e+07	1.6268312558531761e-01
941	9.766289	-2.8402816446951061e+07	-3.1246745213866234e+00
942	9.724233	-2.8402815575632237e+07	8.7131882458925247e-01
943	9.647701	-2.8402814693822641e+07	8.8180959597229958e-01
944	9.921731	-2.8402813945779420e+07	7.4804322049021721e-01
945	9.863593	-2.8402813484959658e+07	4.6081976220011711e-01
946	9.780866	-2.8402813322276544e+07	1.6268311440944672e-01
947	9.724253	-2.8402816446951065e+07	-3.1246745213866234e+00
948	9.810537	-2.8402815575632218e+07	8.7131884694099426e-01
949	9.708266	-2.8402814693822648e+07	8.8180956989526749e-01
950	9.886396	-2.8402813945779424e+07	7.4804322421550751e-01
951	9.861519	-2.8402813484959658e+07	4.6081976592540741e-01
952	9.927982	-2.8402813322276540e+07	1.6268311813473701e-01
953	9.869122	-2.8402816446951065e+07	-3.1246745251119137e+00
954	9.856026	-2.8402815575632218e+07	8.7131884694099426e-01
955	9.725439	-2.8402814693822641e+07	8.8180957734584808e-01
956	9.863604	-2.8402813945779420e+07	7.4804322049021721e-01
957	9.786150	-2.8402813484959658e+07	4.6081976220011711e-01
958	9.918717	-2.8402813322276540e+07	1.6268311813473701e-01
959	9.801127	-2.8402816446951061e+07	-3.1246745213866234e+00
960	9.838198	-2.8402815575632218e+07	8.7131884321570396e-01
961	9.675824	-2.8402814693822641e+07	8.8180957734584808e-01
962	9.813690	-2.8402813945779424e+07	7.4804321676492691e-01
963	9.756614	-2.8402813484959669e+07	4.6081975474953651e-01
964	9.797087	-2.8402813322276536e+07	1.6268313303589821e-01
965	9.737160	-2.8402816446951058e+07	-3.1246745213866234e+00
966	9.770759	-2.8402815575632218e+07	8.7131883949041367e-01
967	9.632474	-2.8402814693822641e+07	8.8180957734584808e-01
968	9.741455	-2.8402813945779420e+07	7.4804322049021721e-01
969	9.735605	-2.8402813484959666e+07	4.6081975474953651e-01
970	9.723179	-2.8402813322276540e+07	1.6268312558531761e-01
971	9.736566	-2.8402816446951061e+07	-3.1246745213866234e+00
972	9.741111	-2.8402815575632218e+07	8.7131884321570396e-01
973	9.697040	-2.8402814693822637e+07	8.8180958107113838e-01
974	9.727713	-2.8402813945779420e+07	7.4804321676492691e-01
975	9.755976	-2.8402813484959669e+07	4.6081975102424622e-01
976	9.761218	-2.8402813322276525e+07	1.6268314421176910e-01
977	9.710938	-2.8402816446951061e+07	-3.1246745362877846e+00
978	9.746338	-2.8402815575632218e+07	8.7131884321570396e-01
979	9.772379	-2.8402814693822641e+07	8.8180957734584808e-01
980	9.691944	-2.8402813945779420e+07	7.4804322049021721e-01
981	9.844555	-2.8402813484959669e+07	4.6081975102424622e-01
982	9.922247	-2.8402813322276548e+07	1.6268312186002731e-01
983	9.780184	-2.8402816446951073e+07	-3.1246745251119137e+00
984	9.771612	-2.8402815575632218e+07	8.7131885439157486e-01
985	9.863794	-2.8402814693822633e+07	8.8180958479642868e-01
986	9.743637	-2.8402813945779424e+07	7.4804320931434631e-01
987	9.862762	-2.8402813484959673e+07	4.6081975102424622e-01
988	9.940527	-2.8402813322276544e+07	1.6268312931060791e-01
989	9.967655	-2.8402816446951065e+07	-3.1246745213866234e+00
990	9.888342	-2.8402815575632226e+07	8.7131883949041367e-01
991	9.785225	-2.8402814693822641e+07	8.8180958479642868e-01
992	9.709949	-2.8402813945779432e+07	7.4804320931434631e-01
993	9.788477	-2.8402813484959669e+07	4.6081976220011711e-01
994	9.851770	-2.8402813322276544e+07	1.6268312558531761e-01
995	9.821310	-2.8402816446951058e+07	-3.1246745139360428e+00
996	9.842533	-2.8402815575632226e+07	8.7131883203983307e-01
997	9.819835	-2.8402814693822645e+07	8.8180958107113838e-01
998	9.700948	-2.8402813945779420e+07	7.4804322421550751e-01
999	9.722319	-2.8402813484959673e+07	4.6081974729895592e-01
1000	9.809152	-2.8402813322276548e+07	1.6268312558531761e-01

Writing Q matrix to /global/home/users/deboraycb/scratch/atahualpa/analysis/ohana/maf05_3/structure/merge2_20M_allchr_snps_maf05_k3_mi1000_2_q.matrix
Writing F matrix to /global/home/users/deboraycb/scratch/atahualpa/analysis/ohana/maf05_3/structure/merge2_20M_allchr_snps_maf05_k3_mi1000_2_f.matrix
