seed: 1432695771

iter	duration	log_likelihood	delta-lle
0	2.947089	-4.4132593013701595e+07
1	26.482239	-3.9256943095647283e+07	4.8756499180543125e+06
2	24.972596	-3.4579111985991232e+07	4.6778311096560508e+06
3	24.616131	-3.3780799687155351e+07	7.9831229883588105e+05
4	24.141274	-3.3190706690030862e+07	5.9009299712448940e+05
5	23.951791	-3.2648696076979849e+07	5.4201061305101216e+05
6	23.601342	-3.2127923555212140e+07	5.2077252176770940e+05
7	23.184635	-3.1612362318547968e+07	5.1556123666417226e+05
8	23.292912	-3.1105303910753384e+07	5.0705840779458359e+05
9	22.659748	-3.0598431488489427e+07	5.0687242226395756e+05
10	22.822721	-3.0090449600774992e+07	5.0798188771443442e+05
11	22.702619	-2.9593010283979505e+07	4.9743931679548696e+05
12	22.487720	-2.9127949704808194e+07	4.6506057917131111e+05
13	22.472273	-2.8723181586221099e+07	4.0476811858709529e+05
14	22.489669	-2.8413784737445295e+07	3.0939684877580404e+05
15	22.205969	-2.8223217654221844e+07	1.9056708322345093e+05
16	22.407188	-2.8136555143469311e+07	8.6662510752532631e+04
17	21.983021	-2.8106842138943981e+07	2.9713004525329918e+04
18	22.294682	-2.8095536137523640e+07	1.1306001420341432e+04
19	22.112705	-2.8089696709537610e+07	5.8394279860295355e+03
20	22.127921	-2.8085310669644903e+07	4.3860398927070200e+03
21	22.170734	-2.8081636382877737e+07	3.6742867671661079e+03
22	22.053431	-2.8077992909056202e+07	3.6434738215357065e+03
23	21.835387	-2.8074024233319160e+07	3.9686757370419800e+03
24	22.164589	-2.8069399288548075e+07	4.6249447710849345e+03
25	22.071488	-2.8064324774030421e+07	5.0745145176537335e+03
26	22.038174	-2.8058377277044252e+07	5.9474969861693680e+03
27	21.810076	-2.8053032579603191e+07	5.3446974410600960e+03
28	21.843277	-2.8048479342981782e+07	4.5532366214096546e+03
29	21.855915	-2.8044579347009908e+07	3.8999959718734026e+03
30	21.996480	-2.8041011311865281e+07	3.5680351446270943e+03
31	21.644369	-2.8037956627059825e+07	3.0546848054565489e+03
32	22.054840	-2.8034779320479386e+07	3.1773065804392099e+03
33	21.654037	-2.8031787282409448e+07	2.9920380699373782e+03
34	21.714967	-2.8028730757828996e+07	3.0565245804525912e+03
35	21.697742	-2.8025857111568380e+07	2.8736462606154382e+03
36	21.816297	-2.8022735990700554e+07	3.1211208678260446e+03
37	21.512898	-2.8019847394431621e+07	2.8885962689332664e+03
38	21.761248	-2.8016649365956247e+07	3.1980284753739834e+03
39	21.345738	-2.8013628876107402e+07	3.0204898488447070e+03
40	21.638286	-2.8010950257010583e+07	2.6786190968193114e+03
41	21.427835	-2.8008738495693706e+07	2.2117613168768585e+03
42	21.417149	-2.8007519310904622e+07	1.2191847890838981e+03
43	21.462284	-2.8006628383738860e+07	8.9092716576159000e+02
44	21.678575	-2.8006058376431704e+07	5.7000730715692043e+02
45	21.255757	-2.8005481863667190e+07	5.7651276451349258e+02
46	21.577622	-2.8005005248160202e+07	4.7661550698801875e+02
47	21.298799	-2.8005021146500725e+07	-1.5898340523242950e+01
48	21.370367	-2.8004627003013957e+07	3.9414348676800728e+02
49	21.452328	-2.8004282292041175e+07	3.4471097278222442e+02
50	21.497804	-2.8004052205263693e+07	2.3008677748218179e+02
51	21.318342	-2.8003750812100470e+07	3.0139316322281957e+02
52	21.696956	-2.8003479723732013e+07	2.7108836845681071e+02
53	21.255948	-2.8003221357897218e+07	2.5836583479493856e+02
54	21.526356	-2.8003092301393718e+07	1.2905650350078940e+02
55	21.300325	-2.8002858706417426e+07	2.3359497629106045e+02
56	21.362923	-2.8002642141857132e+07	2.1656456029415131e+02
57	21.460453	-2.8002703715369612e+07	-6.1573512479662895e+01
58	21.611010	-2.8002485215451434e+07	2.1849991817772388e+02
59	21.273927	-2.8002285460548203e+07	1.9975490323081613e+02
60	21.683515	-2.8002253122971099e+07	3.2337577104568481e+01
61	21.252404	-2.8002059585883472e+07	1.9353708762675524e+02
62	21.327662	-2.8001879142568532e+07	1.8044331493973732e+02
63	21.421291	-2.8001886293770280e+07	-7.1512017473578453e+00
64	21.468314	-2.8001740943572700e+07	1.4535019757971168e+02
65	21.288374	-2.8001573044943824e+07	1.6789862887561321e+02
66	21.623250	-2.8001421234104633e+07	1.5181083919107914e+02
67	21.481144	-2.8001390106368355e+07	3.1127736277878284e+01
68	21.457664	-2.8001327214684237e+07	6.2891684118658304e+01
69	21.324122	-2.8001215933070794e+07	1.1128161344304681e+02
70	21.327683	-2.8001117692023631e+07	9.8241047162562609e+01
71	21.395688	-2.8001207931305028e+07	-9.0239281397312880e+01
72	21.497548	-2.8001192478389017e+07	1.5452916011214256e+01
73	21.224384	-2.8001204976127669e+07	-1.2497738651931286e+01
74	21.580431	-2.8001173539493047e+07	3.1436634622514248e+01
75	21.561344	-2.8001171246145427e+07	2.2933476194739342e+00
76	21.276762	-2.8001101845433529e+07	6.9400711897760630e+01
77	21.412024	-2.8001042148791555e+07	5.9696641974151134e+01
78	21.407711	-2.8001019293707184e+07	2.2855084370821714e+01
79	21.196048	-2.8001090022434458e+07	-7.0728727273643017e+01
80	21.572097	-2.8001024948423717e+07	6.5074010740965605e+01
81	21.375381	-2.8001017641471524e+07	7.3069521933794022e+00
82	21.407904	-2.8000951856981244e+07	6.5784490279853344e+01
83	21.420758	-2.8000980897613827e+07	-2.9040632583200932e+01
84	21.360645	-2.8001030707614582e+07	-4.9810000754892826e+01
85	21.317950	-2.8000961757252991e+07	6.8950361590832472e+01
86	21.429386	-2.8001234724550750e+07	-2.7296729775890708e+02
87	21.205924	-2.8001211488961734e+07	2.3235589016228914e+01
88	21.533381	-2.8001202316206951e+07	9.1727547831833363e+00
89	21.439510	-2.8001222513296090e+07	-2.0197089139372110e+01
90	21.372880	-2.8001149052271638e+07	7.3461024452000856e+01
91	21.494060	-2.8001082656520866e+07	6.6395750772207975e+01
92	21.366711	-2.8001091392998051e+07	-8.7364771850407124e+00
93	21.162888	-2.8001019631599087e+07	7.1761398963630199e+01
94	21.526222	-2.8001137400521077e+07	-1.1776892198994756e+02
95	21.317138	-2.8001048142100312e+07	8.9258420765399933e+01
96	21.380639	-2.8000976589805230e+07	7.1552295081317425e+01
97	21.439851	-2.8000906371354152e+07	7.0218451078981161e+01
98	21.575288	-2.8000839947948847e+07	6.6423405304551125e+01
99	21.323492	-2.8000782473692328e+07	5.7474256519228220e+01
100	21.503821	-2.8001002402672492e+07	-2.1992898016422987e+02
101	21.179589	-2.8000937413364086e+07	6.4989308405667543e+01
102	21.483439	-2.8000860473075796e+07	7.6940288290381432e+01
103	21.347572	-2.8000893611642480e+07	-3.3138566683977842e+01
104	21.379874	-2.8001154669141237e+07	-2.6105749875679612e+02
105	21.366791	-2.8001076318488792e+07	7.8350652445107698e+01
106	21.653789	-2.8001006868025832e+07	6.9450462959706783e+01
107	21.183778	-2.8000942933148656e+07	6.3934877175837755e+01
108	21.530203	-2.8000940811555739e+07	2.1215929165482521e+00
109	21.237010	-2.8000948909814768e+07	-8.0982590280473232e+00
110	21.304410	-2.8000901724585630e+07	4.7185229137539864e+01
111	21.428964	-2.8000968562594689e+07	-6.6838009059429169e+01
112	21.466869	-2.8000911745693292e+07	5.6816901396960020e+01
113	21.251392	-2.8000921913606852e+07	-1.0167913559824228e+01
114	21.667722	-2.8000868969993163e+07	5.2943613689392805e+01
115	21.253985	-2.8001862674051620e+07	-9.9370405845716596e+02
116	21.449097	-2.8001725977336872e+07	1.3669671474769711e+02
117	21.272143	-2.8001604590818241e+07	1.2138651863113046e+02
118	21.374636	-2.8001484343444061e+07	1.2024737418070436e+02
119	21.366240	-2.8001374140569191e+07	1.1020287486910820e+02
120	21.557661	-2.8001274273361575e+07	9.9867207616567612e+01
121	21.246742	-2.8001187750053979e+07	8.6523307595402002e+01
122	21.578671	-2.8001317727087185e+07	-1.2997703320533037e+02
123	21.248608	-2.8001259810866550e+07	5.7916220635175705e+01
124	21.223288	-2.8001138232270271e+07	1.2157859627902508e+02
125	21.454216	-2.8001104732310534e+07	3.3499959737062454e+01
126	21.407501	-2.8000982442760967e+07	1.2228954956680536e+02
127	21.240113	-2.8001083365725633e+07	-1.0092296466603875e+02
128	21.590140	-2.8001002334037747e+07	8.1031687885522842e+01
129	21.416727	-2.8000939616639450e+07	6.2717398297041655e+01
130	21.456106	-2.8000892158832893e+07	4.7457806557416916e+01
131	21.364378	-2.8000900792814221e+07	-8.6339813284575939e+00
132	21.273863	-2.8001255309847802e+07	-3.5451703358069062e+02
133	21.370230	-2.8001174750731602e+07	8.0559116199612617e+01
134	21.479943	-2.8001102318231143e+07	7.2432500459253788e+01
135	21.246523	-2.8001136043511081e+07	-3.3725279938429594e+01
136	21.505823	-2.8001064027648006e+07	7.2015863075852394e+01
137	21.462498	-2.8001010804926928e+07	5.3222721077501774e+01
138	21.370479	-2.8001002558074508e+07	8.2468524202704430e+00
139	21.460022	-2.8000940049298812e+07	6.2508775696158409e+01
140	21.386309	-2.8001176575318180e+07	-2.3652601936832070e+02
141	21.177891	-2.8001100562909231e+07	7.6012408949434757e+01
142	21.500839	-2.8001030154196095e+07	7.0408713135868311e+01
143	21.338961	-2.8001114106037781e+07	-8.3951841685920954e+01
144	21.404863	-2.8001031071468860e+07	8.3034568920731544e+01
145	21.467862	-2.8001600945409816e+07	-5.6987394095584750e+02
146	21.421937	-2.8001458500321873e+07	1.4244508794322610e+02
147	21.333820	-2.8001350054505210e+07	1.0844581666216254e+02
148	21.402841	-2.8001245855639815e+07	1.0419886539503932e+02
149	21.185241	-2.8001302411663931e+07	-5.6556024115532637e+01
150	21.506556	-2.8001326924396005e+07	-2.4512732073664665e+01
151	21.358844	-2.8001279256072044e+07	4.7668323960155249e+01
152	21.390269	-2.8001172423051924e+07	1.0683302012085915e+02
153	21.454089	-2.8001071637001932e+07	1.0078604999184608e+02
154	21.469245	-2.8000967051734790e+07	1.0458526714146137e+02
155	21.175953	-2.8001085075970873e+07	-1.1802423608303070e+02
156	21.535468	-2.8001070446635183e+07	1.4629335690289736e+01
157	21.241669	-2.8000976977264967e+07	9.3469370216131210e+01
158	21.395025	-2.8001184270814765e+07	-2.0729354979842901e+02
159	21.403112	-2.8001101754278321e+07	8.2516536444425583e+01
160	21.546313	-2.8001080276217774e+07	2.1478060547262430e+01
161	21.265994	-2.8001398167530581e+07	-3.1789131280779839e+02
162	21.584776	-2.8001282217897590e+07	1.1594963299110532e+02
163	21.207961	-2.8001185423636120e+07	9.6794261470437050e+01
164	21.464012	-2.8001094770662092e+07	9.0652974028140306e+01
165	21.372570	-2.8001016494843293e+07	7.8275818798691034e+01
166	21.392089	-2.8001226004201747e+07	-2.0950935845449567e+02
167	21.357010	-2.8001127101439811e+07	9.8902761936187744e+01
168	21.581410	-2.8001106531487465e+07	2.0569952346384525e+01
169	21.231778	-2.8001032554068770e+07	7.3977418694645166e+01
170	21.742678	-2.8001003616588809e+07	2.8937479961663485e+01
171	21.232816	-2.8000996013725925e+07	7.6028628833591938e+00
172	21.290637	-2.8001004058325961e+07	-8.0446000359952450e+00
173	21.456721	-2.8001352249377955e+07	-3.4819105199351907e+02
174	21.479273	-2.8001242366567161e+07	1.0988281079381704e+02
175	21.306021	-2.8001158597862598e+07	8.3768704563379288e+01
176	21.634199	-2.8001076295682237e+07	8.2302180361002684e+01
177	21.431059	-2.8001242888039663e+07	-1.6659235742688179e+02
178	21.518848	-2.8001206050226875e+07	3.6837812788784504e+01
179	21.368923	-2.8001119355223253e+07	8.6695003621280193e+01
180	22.102416	-2.8001465634665787e+07	-3.4627944253385067e+02
181	21.888449	-2.8001338773081794e+07	1.2686158399283886e+02
182	21.790571	-2.8001235988553774e+07	1.0278452802076936e+02
183	21.401323	-2.8001246868618641e+07	-1.0880064867436886e+01
184	21.599357	-2.8001137961130239e+07	1.0890748840197921e+02
185	21.278017	-2.8001134444400959e+07	3.5167292803525925e+00
186	21.651899	-2.8001041798546381e+07	9.2645854577422142e+01
187	21.329792	-2.8001030637265831e+07	1.1161280550062656e+01
188	21.487753	-2.8001030237488046e+07	3.9977778494358063e-01
189	21.292617	-2.8001044933568522e+07	-1.4696080476045609e+01
190	21.374106	-2.8000968866441920e+07	7.6067126601934433e+01
191	21.404390	-2.8000899586708598e+07	6.9279733322560787e+01
192	21.558725	-2.8000836342179600e+07	6.3244528997689486e+01
193	21.280697	-2.8000778997446500e+07	5.7344733100384474e+01
194	21.613621	-2.8001240436687041e+07	-4.6143924054130912e+02
195	21.273591	-2.8001303188184831e+07	-6.2751497790217400e+01
196	21.343671	-2.8001278350707229e+07	2.4837477602064610e+01
197	21.442356	-2.8001180438932512e+07	9.7911774717271328e+01
198	21.414772	-2.8001094336339470e+07	8.6102593041956425e+01
199	21.257581	-2.8001119619191024e+07	-2.5282851554453373e+01
200	21.581389	-2.8001142337942030e+07	-2.2718751005828381e+01
201	21.406128	-2.8001063455544490e+07	7.8882397539913654e+01
202	21.431156	-2.8001090038384914e+07	-2.6582840424031019e+01
203	21.399306	-2.8001283597328987e+07	-1.9355894407257438e+02
204	21.350368	-2.8001172054147355e+07	1.1154318163171411e+02
205	21.373398	-2.8001068547760583e+07	1.0350638677179813e+02
206	21.458893	-2.8001112145330992e+07	-4.3597570408135653e+01
207	21.235299	-2.8001085562769100e+07	2.6582561891525984e+01
208	21.584146	-2.8001015748395640e+07	6.9814373459666967e+01
209	21.496322	-2.8001123316631313e+07	-1.0756823567301035e+02
210	21.399329	-2.8001049622755092e+07	7.3693876221776009e+01
211	21.446003	-2.8000974237218246e+07	7.5385536845773458e+01
212	21.414238	-2.8000900209979460e+07	7.4027238786220551e+01
213	21.203045	-2.8000901993819233e+07	-1.7838397733867168e+00
214	21.563361	-2.8000995330652848e+07	-9.3336833614856005e+01
215	21.363722	-2.8000926830032811e+07	6.8500620037317276e+01
216	21.390510	-2.8000942179986291e+07	-1.5349953480064869e+01
217	21.528951	-2.8000946967658684e+07	-4.7876723930239677e+00
218	21.459112	-2.8001046001079470e+07	-9.9033420786261559e+01
219	21.413820	-2.8001055049478061e+07	-9.0483985915780067e+00
220	21.430966	-2.8000989483445209e+07	6.5566032852977514e+01
221	21.199757	-2.8000929287953034e+07	6.0195492174476385e+01
222	21.523383	-2.8000935320859596e+07	-6.0329065620899200e+00
223	21.384030	-2.8000996049871173e+07	-6.0729011576622725e+01
224	21.398324	-2.8001007689347018e+07	-1.1639475844800472e+01
225	21.472674	-2.8001212881486032e+07	-2.0519213901460171e+02
226	21.421555	-2.8001136085791793e+07	7.6795694239437580e+01
227	21.193934	-2.8001063851822872e+07	7.2233968921005726e+01
228	21.516433	-2.8000998384435035e+07	6.5467387836426497e+01
229	21.322027	-2.8000942121966291e+07	5.6262468744069338e+01
230	21.395332	-2.8001039158330917e+07	-9.7036364626139402e+01
231	21.443702	-2.8001069837467596e+07	-3.0679136678576469e+01
232	21.567403	-2.8001094588934328e+07	-2.4751466732472181e+01
233	21.338597	-2.8001195837616421e+07	-1.0124868209287524e+02
234	21.532126	-2.8001106079152372e+07	8.9758464049547911e+01
235	21.186924	-2.8001022362032302e+07	8.3717120070010424e+01
236	21.488875	-2.8000947841346655e+07	7.4520685646682978e+01
237	21.354127	-2.8001331803134948e+07	-3.8396178829297423e+02
238	21.421099	-2.8001237692993373e+07	9.4110141575336456e+01
239	21.387731	-2.8001153392341860e+07	8.4300651513040066e+01
240	21.625577	-2.8001067484883592e+07	8.5907458268105984e+01
241	21.295035	-2.8001106472732745e+07	-3.8987849153578281e+01
242	21.633254	-2.8001088111788437e+07	1.8360944308340549e+01
243	21.273996	-2.8001007545627002e+07	8.0566161435097456e+01
244	21.348400	-2.8000977704592772e+07	2.9841034229844809e+01
245	21.421742	-2.8001090973856013e+07	-1.1326926324144006e+02
246	21.488830	-2.8001173161249947e+07	-8.2187393933534622e+01
247	21.284717	-2.8001153060079310e+07	2.0101170636713505e+01
248	21.623353	-2.8001238779352725e+07	-8.5719273414462805e+01
249	21.271590	-2.8001163804875627e+07	7.4974477097392082e+01
250	21.509546	-2.8001179439380478e+07	-1.5634504850953817e+01
251	21.320089	-2.8001085136975039e+07	9.4302405439317226e+01
252	21.347773	-2.8001002811981477e+07	8.2324993561953306e+01
253	21.411531	-2.8001096773462087e+07	-9.3961480610072613e+01
254	21.578874	-2.8001177472938839e+07	-8.0699476752430201e+01
255	21.231335	-2.8001309300381895e+07	-1.3182744305580854e+02
256	21.598190	-2.8001219138465520e+07	9.0161916375160217e+01
257	21.376567	-2.8001191456910513e+07	2.7681555006653070e+01
258	21.279144	-2.8001104056791045e+07	8.7400119468569756e+01
259	21.398265	-2.8001317248510886e+07	-2.1319171984121203e+02
260	21.432599	-2.8001226684145249e+07	9.0564365636557341e+01
261	21.225647	-2.8001254019017555e+07	-2.7334872305393219e+01
262	21.583223	-2.8001157700074673e+07	9.6318942882120609e+01
263	21.409671	-2.8001075026893977e+07	8.2673180695623159e+01
264	21.452248	-2.8001054918615364e+07	2.0108278613537550e+01
265	21.405680	-2.8001464877289917e+07	-4.0995867455378175e+02
266	21.321746	-2.8001352358375195e+07	1.1251891472190619e+02
267	21.354564	-2.8001308758790366e+07	4.3599584829062223e+01
268	21.468989	-2.8001213285995379e+07	9.5472794987261295e+01
269	21.235389	-2.8001125488183506e+07	8.7797811873257160e+01
270	21.591389	-2.8001098095083058e+07	2.7393100447952747e+01
271	21.475615	-2.8001101148473162e+07	-3.0533901043236256e+00
272	21.417725	-2.8001015324377030e+07	8.5824096132069826e+01
273	21.473814	-2.8001225913708191e+07	-2.1058933116123080e+02
274	21.367704	-2.8001143877852149e+07	8.2035856042057276e+01
275	21.257212	-2.8001072987221323e+07	7.0890630826354027e+01
276	21.558648	-2.8001001954510383e+07	7.1032710939645767e+01
277	21.331319	-2.8001227829626396e+07	-2.2587511601299047e+02
278	21.392302	-2.8001139303337160e+07	8.8526289235800505e+01
279	21.497168	-2.8001068618695766e+07	7.0684641394764185e+01
280	21.444067	-2.8001059426678751e+07	9.1920170150697231e+00
281	21.359350	-2.8000990511245482e+07	6.8915433268994093e+01
282	21.436433	-2.8001097038730402e+07	-1.0652748491987586e+02
283	21.234405	-2.8001343643186808e+07	-2.4660445640608668e+02
284	21.517729	-2.8001244151271984e+07	9.9491914823651314e+01
285	21.450088	-2.8001154034492839e+07	9.0116779144853354e+01
286	21.412948	-2.8001068132919919e+07	8.5901572920382023e+01
287	21.509783	-2.8001072182396278e+07	-4.0494763590395451e+00
288	21.485978	-2.8001005476149738e+07	6.6706246539950371e+01
289	21.143994	-2.8001057872780163e+07	-5.2396630425006151e+01
290	21.512620	-2.8000978655895583e+07	7.9216884579509497e+01
291	21.327197	-2.8001020852526952e+07	-4.2196631368249655e+01
292	21.352521	-2.8001054401829716e+07	-3.3549302764236927e+01
293	21.416769	-2.8000981864742275e+07	7.2537087440490723e+01
294	21.567793	-2.8001023210154779e+07	-4.1345412503927946e+01
295	21.318000	-2.8000947043731164e+07	7.6166423615068197e+01
296	21.554413	-2.8000979585238308e+07	-3.2541507143527269e+01
297	21.202532	-2.8001126405040577e+07	-1.4681980226933956e+02
298	21.489066	-2.8001060754208330e+07	6.5650832246989012e+01
299	21.343276	-2.8000996534308061e+07	6.4219900269061327e+01
300	21.400037	-2.8000933468101915e+07	6.3066206146031618e+01
301	21.384047	-2.8001248453610048e+07	-3.1498550813272595e+02
302	21.635540	-2.8001155772957936e+07	9.2680652111768723e+01
303	21.259029	-2.8001079973927878e+07	7.5799030058085918e+01
304	21.601099	-2.8001004573250286e+07	7.5400677591562271e+01
305	21.252844	-2.8001000301779829e+07	4.2714704573154449e+00
306	21.368646	-2.8001343435075238e+07	-3.4313329540938139e+02
307	21.440161	-2.8001245393592209e+07	9.8041483029723167e+01
308	21.506477	-2.8001161717481393e+07	8.3676110815256834e+01
309	21.262166	-2.8001079467914771e+07	8.2249566622078419e+01
310	21.662614	-2.8001124722136926e+07	-4.5254222154617310e+01
311	21.271533	-2.8001042373419840e+07	8.2348717086017132e+01
312	21.476950	-2.8000968407261889e+07	7.3966157950460911e+01
313	21.313148	-2.8000895109348115e+07	7.3297913774847984e+01
314	21.365535	-2.8000995940759365e+07	-1.0083141124993563e+02
315	21.370854	-2.8000936009837739e+07	5.9930921625345945e+01
316	21.632736	-2.8000941010592140e+07	-5.0007544010877609e+00
317	21.277277	-2.8000976772368804e+07	-3.5761776663362980e+01
318	21.615206	-2.8000945774637830e+07	3.0997730974107981e+01
319	21.283194	-2.8000939950457081e+07	5.8241807483136654e+00
320	21.291224	-2.8000911177927043e+07	2.8772530037909746e+01
321	21.375512	-2.8000851860374525e+07	5.9317552518099546e+01
322	21.459782	-2.8000912453579403e+07	-6.0593204878270626e+01
323	21.242299	-2.8000842255689681e+07	7.0197889722883701e+01
324	21.569160	-2.8000972079116229e+07	-1.2982342654839158e+02
325	21.410472	-2.8000907916832477e+07	6.4162283752113581e+01
326	21.442126	-2.8000980460597385e+07	-7.2543764907866716e+01
327	21.369899	-2.8000919483029604e+07	6.0977567780762911e+01
328	21.303723	-2.8000982694449246e+07	-6.3211419641971588e+01
329	21.384320	-2.8000913063606024e+07	6.9630843222141266e+01
330	21.460339	-2.8000915240827631e+07	-2.1772216074168682e+00
331	21.217293	-2.8000858908818517e+07	5.6332009114325047e+01
332	21.538546	-2.8000812978892967e+07	4.5929925549775362e+01
333	21.477416	-2.8000833444538608e+07	-2.0465645641088486e+01
334	21.387727	-2.8000945561943378e+07	-1.1211740477010608e+02
335	21.479174	-2.8000935331989162e+07	1.0229954216629267e+01
336	21.383459	-2.8000883638476159e+07	5.1693513002246618e+01
337	21.240396	-2.8000836336087942e+07	4.7302388217300177e+01
338	21.579077	-2.8000789896361236e+07	4.6439726706594229e+01
339	21.418035	-2.8000859246463981e+07	-6.9350102744996548e+01
340	21.393391	-2.8000907031433243e+07	-4.7784969262778759e+01
341	21.531097	-2.8000952491404422e+07	-4.5459971178323030e+01
342	21.421291	-2.8000907111030933e+07	4.5380373489111662e+01
343	21.366972	-2.8000954396513082e+07	-4.7285482149571180e+01
344	21.423795	-2.8000986657691665e+07	-3.2261178582906723e+01
345	21.208987	-2.8000923297734790e+07	6.3359956875443459e+01
346	21.490162	-2.8000866201994669e+07	5.7095740120857954e+01
347	21.387172	-2.8000813188879851e+07	5.3013114817440510e+01
348	21.386806	-2.8000770230370726e+07	4.2958509124815464e+01
349	21.495433	-2.8000727526515543e+07	4.2703855182975531e+01
350	21.484638	-2.8000893503588170e+07	-1.6597707262635231e+02
351	21.185521	-2.8000964854683485e+07	-7.1351095315068960e+01
352	21.552658	-2.8000927263485514e+07	3.7591197971254587e+01
353	21.338286	-2.8001051841910299e+07	-1.2457842478528619e+02
354	21.383940	-2.8000990061248656e+07	6.1780661642551422e+01
355	21.426934	-2.8000930750147849e+07	5.9311100807040930e+01
356	21.562814	-2.8000882742154818e+07	4.8007993031293154e+01
357	21.337573	-2.8001264657567699e+07	-3.8191541288048029e+02
358	21.536023	-2.8001179452551484e+07	8.5205016214400530e+01
359	21.172840	-2.8001107460108973e+07	7.1992442511022091e+01
360	21.520145	-2.8001092118527114e+07	1.5341581858694553e+01
361	21.336332	-2.8001225375154935e+07	-1.3325662782043219e+02
362	21.367227	-2.8001125238731783e+07	1.0013642315194011e+02
363	21.407121	-2.8001043731719036e+07	8.1507012747228146e+01
364	21.701864	-2.8000975663482480e+07	6.8068236555904150e+01
365	21.261720	-2.8000908426375017e+07	6.7237107463181019e+01
366	21.551361	-2.8000962202463768e+07	-5.3776088751852512e+01
367	21.263785	-2.8000960895822667e+07	1.3066411018371582e+00
368	21.321115	-2.8000878404501811e+07	8.2491320855915546e+01
369	21.417216	-2.8000992483030744e+07	-1.1407852893322706e+02
370	21.528876	-2.8001018943794221e+07	-2.6460763476788998e+01
371	21.286791	-2.8000951451867361e+07	6.7491926860064268e+01
372	21.670404	-2.8000887436618961e+07	6.4015248399227858e+01
373	21.237781	-2.8000905521184836e+07	-1.8084565874189138e+01
374	21.564476	-2.8000937874723848e+07	-3.2353539012372494e+01
375	21.316685	-2.8000944995335892e+07	-7.1206120438873768e+00
376	21.367511	-2.8001033690895371e+07	-8.8695559479296207e+01
377	21.402474	-2.8001014039768957e+07	1.9651126414537430e+01
378	21.587433	-2.8000946648124553e+07	6.7391644403338432e+01
379	21.255804	-2.8000880204737928e+07	6.6443386625498533e+01
380	21.686666	-2.8000819390454698e+07	6.0814283229410648e+01
381	21.320864	-2.8000761477229729e+07	5.7913224969059229e+01
382	21.321523	-2.8001008480478670e+07	-2.4700324894115329e+02
383	21.401082	-2.8001009973710902e+07	-1.4932322315871716e+00
384	21.474653	-2.8000942181427460e+07	6.7792283441871405e+01
385	21.270681	-2.8000885199916102e+07	5.6981511358171701e+01
386	21.627895	-2.8000990875061940e+07	-1.0567514583840966e+02
387	21.449671	-2.8000932004896931e+07	5.8870165009051561e+01
388	21.461025	-2.8000921932742141e+07	1.0072154790163040e+01
389	21.311205	-2.8000995834759615e+07	-7.3902017474174500e+01
390	21.354592	-2.8000994562657092e+07	1.2721025235950947e+00
391	21.391135	-2.8001180571809843e+07	-1.8600915275141597e+02
392	21.560964	-2.8001100011968039e+07	8.0559841804206371e+01
393	21.280153	-2.8001024450716700e+07	7.5561251338571310e+01
394	21.593832	-2.8001004459406208e+07	1.9991310492157936e+01
395	21.505144	-2.8000934723251294e+07	6.9736154913902283e+01
396	21.328063	-2.8000926340104453e+07	8.3831468410789967e+00
397	21.444965	-2.8000868823055070e+07	5.7517049383372068e+01
398	21.428661	-2.8000883977701567e+07	-1.5154646497219801e+01
399	21.192946	-2.8000898446928341e+07	-1.4469226773828268e+01
400	21.576267	-2.8001141619214520e+07	-2.4317228617891669e+02
401	21.384479	-2.8001118546178024e+07	2.3073036495596170e+01
402	21.411103	-2.8001047361348420e+07	7.1184829603880644e+01
403	21.581141	-2.8001042602967635e+07	4.7583807855844498e+00
404	21.338764	-2.8000983965940222e+07	5.8637027412652969e+01
405	21.387451	-2.8001135728376962e+07	-1.5176243674010038e+02
406	21.478792	-2.8001065193222359e+07	7.0535154603421688e+01
407	21.247588	-2.8001001785079405e+07	6.3408142954111099e+01
408	21.533523	-2.8000994380759858e+07	7.4043195471167564e+00
409	21.443391	-2.8000975240483083e+07	1.9140276774764061e+01
410	21.425302	-2.8000915174518529e+07	6.0065964553505182e+01
411	21.551389	-2.8000850948552385e+07	6.4225966144353151e+01
412	21.390059	-2.8000787297402270e+07	6.3651150114834309e+01
413	21.160728	-2.8000896856689617e+07	-1.0955928734689951e+02
414	21.573873	-2.8000966630568795e+07	-6.9773879177868366e+01
415	21.337254	-2.8000905913696535e+07	6.0716872259974480e+01
416	21.380940	-2.8000854333595570e+07	5.1580100964754820e+01
417	21.457862	-2.8000865246587746e+07	-1.0912992175668478e+01
418	21.609913	-2.8001028201224115e+07	-1.6295463636890054e+02
419	21.364660	-2.8001013184622459e+07	1.5016601655632257e+01
420	21.460983	-2.8001065845819898e+07	-5.2661197438836098e+01
421	21.205043	-2.8001004050500117e+07	6.1795319780707359e+01
422	21.467843	-2.8000947096463893e+07	5.6954036224633455e+01
423	21.370622	-2.8000888569619399e+07	5.8526844494044781e+01
424	21.402299	-2.8001092792905711e+07	-2.0422328631207347e+02
425	21.456374	-2.8001010965176992e+07	8.1827728718519211e+01
426	21.732950	-2.8000939851943411e+07	7.1113233581185341e+01
427	21.184059	-2.8000879708444972e+07	6.0143498439341784e+01
428	21.557816	-2.8000835875114355e+07	4.3833330616354942e+01
429	21.287748	-2.8000869690619174e+07	-3.3815504819154739e+01
430	21.358621	-2.8000819927175332e+07	4.9763443842530251e+01
431	21.460911	-2.8001027192442123e+07	-2.0726526679098606e+02
432	21.532527	-2.8000964917910907e+07	6.2274531215429306e+01
433	21.409715	-2.8001104955948278e+07	-1.4003803737089038e+02
434	21.598462	-2.8001239871061854e+07	-1.3491511357575655e+02
435	21.237787	-2.8001161660502795e+07	7.8210559058934450e+01
436	21.512148	-2.8001097323935825e+07	6.4336566969752312e+01
437	21.343625	-2.8001129802151781e+07	-3.2478215955197811e+01
438	21.342895	-2.8001079142260946e+07	5.0659890834242105e+01
439	21.384280	-2.8001305587448597e+07	-2.2644518765062094e+02
440	21.562828	-2.8001194119328942e+07	1.1146811965480447e+02
441	21.283440	-2.8001092718802549e+07	1.0140052639320493e+02
442	21.648092	-2.8001002095164046e+07	9.0623638503253460e+01
443	21.218555	-2.8001041622355182e+07	-3.9527191136032343e+01
444	21.325740	-2.8001121472878456e+07	-7.9850523274391890e+01
445	21.432176	-2.8001034484749977e+07	8.6988128479570150e+01
446	21.497565	-2.8000954237679217e+07	8.0247070759534836e+01
447	21.336256	-2.8000891818305165e+07	6.2419374052435160e+01
448	21.671667	-2.8000982457801837e+07	-9.0639496672898531e+01
449	21.371471	-2.8000918838426799e+07	6.3619375038892031e+01
450	21.460209	-2.8001027298420914e+07	-1.0845999411493540e+02
451	21.299065	-2.8000961179311611e+07	6.6119109302759171e+01
452	21.344424	-2.8000908457437620e+07	5.2721873991191387e+01
453	21.390897	-2.8000929849438280e+07	-2.1392000660300255e+01
454	21.545410	-2.8000884143093299e+07	4.5706344980746508e+01
455	21.291448	-2.8001152364885412e+07	-2.6822179211303592e+02
456	21.581087	-2.8001066355994608e+07	8.6008890803903341e+01
457	21.328213	-2.8001053228072762e+07	1.3127921845763922e+01
458	21.257210	-2.8001047479091320e+07	5.7489814423024654e+00
459	21.409655	-2.8000978208575439e+07	6.9270515881478786e+01
460	21.396733	-2.8001104893420674e+07	-1.2668484523519874e+02
461	21.244248	-2.8001030839692783e+07	7.4053727891296148e+01
462	21.523019	-2.8000970813940804e+07	6.0025751978158951e+01
463	21.319028	-2.8000977778047625e+07	-6.9641068205237389e+00
464	21.352545	-2.8000918308821321e+07	5.9469226304441690e+01
465	21.391417	-2.8000921155169893e+07	-2.8463485725224018e+00
466	21.306284	-2.8000929303596593e+07	-8.1484267003834248e+00
467	21.296521	-2.8000879175197739e+07	5.0128398854285479e+01
468	21.439992	-2.8000832716205232e+07	4.6458992507308722e+01
469	21.209199	-2.8000851081599854e+07	-1.8365394622087479e+01
470	21.486272	-2.8001049352360923e+07	-1.9827076106891036e+02
471	21.396825	-2.8000972264746990e+07	7.7087613932788372e+01
472	21.366552	-2.8001065712236393e+07	-9.3447489403188229e+01
473	21.414044	-2.8000995100516435e+07	7.0611719958484173e+01
474	21.366780	-2.8001011160277933e+07	-1.6059761498123407e+01
475	21.143078	-2.8001096965588003e+07	-8.5805310070514679e+01
476	21.548616	-2.8001032563194595e+07	6.4402393408119678e+01
477	21.275025	-2.8000975016577017e+07	5.7546617578715086e+01
478	21.340803	-2.8000922663839154e+07	5.2352737862616777e+01
479	21.399609	-2.8001367825351130e+07	-4.4516151197627187e+02
480	21.545532	-2.8001260103989143e+07	1.0772136198729277e+02
481	21.287398	-2.8001167994108003e+07	9.2109881140291691e+01
482	21.429756	-2.8001078363530703e+07	8.9630577299743891e+01
483	21.163448	-2.8001009172364593e+07	6.9191166110336781e+01
484	21.465435	-2.8000943308377955e+07	6.5863986637443304e+01
485	21.298024	-2.8001479339085747e+07	-5.3603070779144764e+02
486	21.337704	-2.8001375349616766e+07	1.0398946898058057e+02
487	21.382075	-2.8001281321211010e+07	9.4028405755758286e+01
488	21.597285	-2.8001185990565401e+07	9.5330645609647036e+01
489	21.190804	-2.8001108013558995e+07	7.7977006405591965e+01
490	21.531710	-2.8001166304743759e+07	-5.8291184764355421e+01
491	21.188024	-2.8001083293713894e+07	8.3011029865592718e+01
492	21.290121	-2.8001194103022937e+07	-1.1080930904299021e+02
493	21.384087	-2.8001108817086495e+07	8.5285936441272497e+01
494	21.441197	-2.8001034854657773e+07	7.3962428722530603e+01
495	21.260677	-2.8001025955814417e+07	8.8988433554768562e+00
496	21.563054	-2.8001026062641922e+07	-1.0682750493288040e-01
497	21.225726	-2.8000998848078951e+07	2.7214562971144915e+01
498	21.417365	-2.8000915909995589e+07	8.2938083361834288e+01
499	21.253549	-2.8001130207105771e+07	-2.1429711018130183e+02
500	21.279180	-2.8001061529726688e+07	6.8677379082888365e+01
501	21.286828	-2.8001076097319163e+07	-1.4567592475563288e+01
502	21.461704	-2.8001012613680478e+07	6.3483638685196638e+01
503	21.192108	-2.8001026288683623e+07	-1.3675003144890070e+01
504	21.517888	-2.8001037664546013e+07	-1.1375862389802933e+01
505	21.310253	-2.8001142010470424e+07	-1.0434592441096902e+02
506	21.264659	-2.8001062898748703e+07	7.9111721720546484e+01
507	21.356925	-2.8001048710926726e+07	1.4187821976840496e+01
508	21.355297	-2.8000982349798098e+07	6.6361128628253937e+01
509	21.167878	-2.8001062756987229e+07	-8.0407189130783081e+01
510	21.527518	-2.8000991984871536e+07	7.0772115692496300e+01
511	21.364974	-2.8000923361417294e+07	6.8623454242944717e+01
512	21.358343	-2.8000967806451190e+07	-4.4445033896714449e+01
513	21.390875	-2.8000912589993209e+07	5.5216457981616259e+01
514	21.315961	-2.8000915626946710e+07	-3.0369535014033318e+00
515	21.310707	-2.8001269719481114e+07	-3.5409253440424800e+02
516	21.394561	-2.8001168043639544e+07	1.0167584156990051e+02
517	21.166658	-2.8001087901451949e+07	8.0142187595367432e+01
518	21.453525	-2.8001022448821843e+07	6.5452630106359720e+01
519	21.367915	-2.8001076319056787e+07	-5.3870234943926334e+01
520	21.323905	-2.8001003372461300e+07	7.2946595486253500e+01
521	21.420802	-2.8000942749973215e+07	6.0622488085180521e+01
522	21.372059	-2.8001043526778169e+07	-1.0077680495381355e+02
523	21.121968	-2.8000975753704283e+07	6.7773073885589838e+01
524	21.723987	-2.8000913194053419e+07	6.2559650864452124e+01
525	21.990195	-2.8000957412731826e+07	-4.4218678407371044e+01
526	21.683735	-2.8001071116535123e+07	-1.1370380329713225e+02
527	21.311102	-2.8000991432362046e+07	7.9684173077344894e+01
528	21.573403	-2.8000932840442557e+07	5.8591919489204884e+01
529	21.148187	-2.8000980067961257e+07	-4.7227518700063229e+01
530	21.418003	-2.8000914305361439e+07	6.5762599818408489e+01
531	21.343608	-2.8000857919533294e+07	5.6385828144848347e+01
532	21.258559	-2.8000803592079010e+07	5.4327454283833504e+01
533	21.325952	-2.8000755314194962e+07	4.8277884047478437e+01
534	21.259373	-2.8000782157583304e+07	-2.6843388341367245e+01
535	21.097735	-2.8000908239227757e+07	-1.2608164445310831e+02
536	21.417223	-2.8000935245098360e+07	-2.7005870603024960e+01
537	21.202510	-2.8000878453810412e+07	5.6791287947446108e+01
538	21.262754	-2.8000829260224991e+07	4.9193585421890020e+01
539	21.335105	-2.8000785360639099e+07	4.3899585891515017e+01
540	21.450830	-2.8000856785033669e+07	-7.1424394570291042e+01
541	21.295218	-2.8000814923988130e+07	4.1861045539379120e+01
542	21.317676	-2.8001244315701891e+07	-4.2939171376079321e+02
543	21.077026	-2.8001154030217145e+07	9.0285484746098518e+01
544	21.390973	-2.8001084522721015e+07	6.9507496129721403e+01
545	21.227911	-2.8001017036237173e+07	6.7486483842134476e+01
546	21.290114	-2.8001315933380041e+07	-2.9889714286848903e+02
547	21.288914	-2.8001228071387269e+07	8.7861992772668600e+01
548	21.504436	-2.8001155361488082e+07	7.2709899187088013e+01
549	21.120564	-2.8001084680754293e+07	7.0680733788758516e+01
550	21.461590	-2.8001109752178628e+07	-2.5071424335241318e+01
551	21.162863	-2.8001087797347277e+07	2.1954831350594759e+01
552	21.204246	-2.8001007117540255e+07	8.0679807022213936e+01
553	21.290631	-2.8001034703063540e+07	-2.7585523284971714e+01
554	21.348761	-2.8000947939084824e+07	8.6763978715986013e+01
555	21.138701	-2.8001260711365953e+07	-3.1277228112891316e+02
556	21.465891	-2.8001168096109211e+07	9.2615256741642952e+01
557	21.326281	-2.8001085467011359e+07	8.2629097852855921e+01
558	21.351163	-2.8001002098674417e+07	8.3368336942046881e+01
559	21.193291	-2.8001181598986629e+07	-1.7950031221285462e+02
560	21.210810	-2.8001100337107018e+07	8.1261879611760378e+01
561	21.259364	-2.8001029704411950e+07	7.0632695067673922e+01
562	21.350080	-2.8000960929434568e+07	6.8774977382272482e+01
563	21.102394	-2.8000895290691163e+07	6.5638743404299021e+01
564	21.464567	-2.8001054801432572e+07	-1.5951074140891433e+02
565	21.364645	-2.8001035150031298e+07	1.9651401273906231e+01
566	21.247602	-2.8000983335129693e+07	5.1814901605248451e+01
567	21.303068	-2.8000904022008166e+07	7.9313121527433395e+01
568	21.287758	-2.8000873885000303e+07	3.0137007862329483e+01
569	21.152143	-2.8000976365080338e+07	-1.0248008003458381e+02
570	21.430951	-2.8000984214342538e+07	-7.8492622002959251e+00
571	21.247139	-2.8000982654507879e+07	1.5598346590995789e+00
572	21.247897	-2.8000993236963972e+07	-1.0582456093281507e+01
573	21.344972	-2.8000942618517239e+07	5.0618446733802557e+01
574	21.329818	-2.8000991636143118e+07	-4.9017625879496336e+01
575	21.248079	-2.8000932258330103e+07	5.9377813015133142e+01
576	21.341171	-2.8000959559068248e+07	-2.7300738144665956e+01
577	21.100927	-2.8000898001997091e+07	6.1557071156799793e+01
578	21.379334	-2.8001149112643842e+07	-2.5111064675077796e+02
579	21.264684	-2.8001068749098863e+07	8.0363544978201389e+01
580	21.275133	-2.8001037943106402e+07	3.0805992461740971e+01
581	21.324767	-2.8000966919167772e+07	7.1023938629776239e+01
582	21.581156	-2.8001119028374970e+07	-1.5210920719802380e+02
583	21.116046	-2.8001049154753577e+07	6.9873621392995119e+01
584	21.426188	-2.8001121224132866e+07	-7.2069379288703203e+01
585	21.175214	-2.8001049611971848e+07	7.1612161017954350e+01
586	21.229884	-2.8000989271244720e+07	6.0340727128088474e+01
587	21.333919	-2.8001150583065484e+07	-1.6131182076409459e+02
588	21.355713	-2.8001059486802828e+07	9.1096262656152248e+01
589	21.167820	-2.8000983392357059e+07	7.6094445768743753e+01
590	21.519484	-2.8001655664228536e+07	-6.7227187147736549e+02
591	21.167818	-2.8001530667250179e+07	1.2499697835743427e+02
592	21.377639	-2.8001424186713804e+07	1.0648053637519479e+02
593	21.186940	-2.8001320651173167e+07	1.0353554063662887e+02
594	21.229585	-2.8001295895202931e+07	2.4755970235913992e+01
595	21.258838	-2.8001202391494632e+07	9.3503708299249411e+01
596	21.424192	-2.8001112164740354e+07	9.0226754277944565e+01
597	21.132267	-2.8001079668582935e+07	3.2496157418936491e+01
598	21.478440	-2.8000990992574107e+07	8.8676008827984333e+01
599	21.206765	-2.8000900624434661e+07	9.0368139445781708e+01
600	21.205693	-2.8000960031816132e+07	-5.9407381471246481e+01
601	21.274033	-2.8000971891615864e+07	-1.1859799731522799e+01
602	21.279358	-2.8000934807935175e+07	3.7083680689334869e+01
603	21.110824	-2.8000872075272191e+07	6.2732662983238697e+01
604	21.441228	-2.8000825975196987e+07	4.6100075203925371e+01
605	21.244878	-2.8000897606817648e+07	-7.1631620660424232e+01
606	21.295648	-2.8000845758415550e+07	5.1848402097821236e+01
607	21.364332	-2.8000870580755390e+07	-2.4822339840233326e+01
608	21.314542	-2.8001059084974777e+07	-1.8850421938672662e+02
609	21.267716	-2.8001032198383424e+07	2.6886591352522373e+01
610	21.310238	-2.8000966757877674e+07	6.5440505750477314e+01
611	21.083082	-2.8000914985430449e+07	5.1772447224706411e+01
612	21.387216	-2.8000915267360687e+07	-2.8193023800849915e-01
613	21.273496	-2.8000928868247356e+07	-1.3600886669009924e+01
614	21.273416	-2.8000944290640101e+07	-1.5422392744570971e+01
615	21.321003	-2.8000895150311928e+07	4.9140328172594309e+01
616	21.346209	-2.8000842283989739e+07	5.2866322189569473e+01
617	21.083461	-2.8000839160346299e+07	3.1236434392631054e+00
618	21.400272	-2.8000853719673701e+07	-1.4559327401220798e+01
619	21.157492	-2.8000911929529440e+07	-5.8209855739027262e+01
620	21.226090	-2.8000850595394149e+07	6.1334135290235281e+01
621	21.297102	-2.8000802183079820e+07	4.8412314329296350e+01
622	21.380794	-2.8000810463539872e+07	-8.2804600521922112e+00
623	21.175309	-2.8000833444222450e+07	-2.2980682577937841e+01
624	21.507053	-2.8000881916080393e+07	-4.8471857942640781e+01
625	21.131397	-2.8000830148173016e+07	5.1767907377332449e+01
626	21.358977	-2.8000784732009415e+07	4.5416163600981236e+01
627	21.189529	-2.8000748955413889e+07	3.5776595525443554e+01
628	21.217213	-2.8000765882287018e+07	-1.6926873128861189e+01
629	21.293178	-2.8000727649755750e+07	3.8232531268149614e+01
630	21.411197	-2.8000693412259825e+07	3.4237495925277472e+01
631	21.110712	-2.8000707923199452e+07	-1.4510939627885818e+01
632	21.462721	-2.8000764966374647e+07	-5.7043175194412470e+01
633	21.209304	-2.8000723875507001e+07	4.1090867646038532e+01
634	21.217078	-2.8000701490859367e+07	2.2384647633880377e+01
635	21.282467	-2.8001107642867818e+07	-4.0615200845152140e+02
636	21.272531	-2.8001038696625579e+07	6.8946242239326239e+01
637	21.121514	-2.8000984731210850e+07	5.3965414728969336e+01
638	21.437689	-2.8000938191303998e+07	4.6539906851947308e+01
639	21.255198	-2.8000940189770613e+07	-1.9984666146337986e+00
640	21.307761	-2.8000944278812852e+07	-4.0890422388911247e+00
641	21.401807	-2.8000887896146681e+07	5.6382666170597076e+01
642	20.985531	-2.8001203204076272e+07	-3.1530792959034443e+02
643	20.853807	-2.8001111398953546e+07	9.1805122725665569e+01
644	20.910205	-2.8001050946005594e+07	6.0452947951853275e+01
645	20.734886	-2.8001025451307736e+07	2.5494697857648134e+01
646	20.902751	-2.8000959667508662e+07	6.5783799074590206e+01
647	20.721367	-2.8000911906151943e+07	4.7761356718838215e+01
648	20.831932	-2.8000852625501174e+07	5.9280650768429041e+01
649	20.844906	-2.8000811746141106e+07	4.0879360068589449e+01
650	20.979872	-2.8001083473571427e+07	-2.7172743032127619e+02
651	20.769182	-2.8000998341421351e+07	8.5132150076329708e+01
652	21.049374	-2.8000925505964227e+07	7.2835457123816013e+01
653	20.950751	-2.8000858681343094e+07	6.6824621133506298e+01
654	20.846371	-2.8000798265926775e+07	6.0415416318923235e+01
655	20.967150	-2.8000744389567763e+07	5.3876359011977911e+01
656	20.867168	-2.8000953277390514e+07	-2.0888782275095582e+02
657	20.801311	-2.8000895041127559e+07	5.8236262954771519e+01
658	21.214577	-2.8000849841200057e+07	4.5199927501380444e+01
659	20.973035	-2.8000814802615490e+07	3.5038584567606449e+01
660	21.036329	-2.8000887594058894e+07	-7.2791443403810263e+01
661	20.944896	-2.8000840992402077e+07	4.6601656816899776e+01
662	20.971277	-2.8001016553368445e+07	-1.7556096636876464e+02
663	20.738727	-2.8000962220656812e+07	5.4332711633294821e+01
664	21.084008	-2.8000907976797339e+07	5.4243859473615885e+01
665	21.038974	-2.8000861649910368e+07	4.6326886970549822e+01
666	21.113434	-2.8000819048518825e+07	4.2601391542702913e+01
667	21.002112	-2.8000778717570368e+07	4.0330948457121849e+01
668	21.009560	-2.8000848116004761e+07	-6.9398434393107891e+01
669	20.879311	-2.8000859650633670e+07	-1.1534628909081221e+01
670	20.989544	-2.8000865701139119e+07	-6.0505054481327534e+00
671	20.803926	-2.8000817504446480e+07	4.8196692638099194e+01
672	21.109705	-2.8000782305478435e+07	3.5198968045413494e+01
673	21.018601	-2.8000895527784646e+07	-1.1322230621054769e+02
674	20.916975	-2.8000855419679526e+07	4.0108105119317770e+01
675	21.014683	-2.8000818933612026e+07	3.6486067499965429e+01
676	21.302340	-2.8000780839491490e+07	3.8094120535999537e+01
677	20.999232	-2.8000743864457436e+07	3.6975034054368734e+01
678	21.292271	-2.8000960732073378e+07	-2.1686761594191194e+02
679	21.061940	-2.8000895524788074e+07	6.5207285303622484e+01
680	21.023248	-2.8000899438632041e+07	-3.9138439670205116e+00
681	21.176437	-2.8000936132988144e+07	-3.6694356102496386e+01
682	21.177431	-2.8000921162600257e+07	1.4970387887209654e+01
683	20.986133	-2.8000867328455266e+07	5.3834144990891218e+01
684	21.410240	-2.8000823709534083e+07	4.3618921183049679e+01
685	21.169256	-2.8000781502881955e+07	4.2206652127206326e+01
686	21.222292	-2.8000922483069763e+07	-1.4098018780723214e+02
687	21.145842	-2.8000870836045466e+07	5.1647024296224117e+01
688	21.009690	-2.8001333368293613e+07	-4.6253224814683199e+02
689	21.122302	-2.8001283792169474e+07	4.9576124139130116e+01
690	21.066964	-2.8001199613093086e+07	8.4179076388478279e+01
691	20.889846	-2.8001123109656811e+07	7.6503436274826527e+01
692	21.103752	-2.8001056193934489e+07	6.6915722321718931e+01
693	21.044004	-2.8001062855606616e+07	-6.6616721265017986e+00
694	21.104720	-2.8001062419877890e+07	4.3572872504591942e-01
695	21.118702	-2.8001041223444682e+07	2.1196433208882809e+01
696	21.344430	-2.8000959233388007e+07	8.1990056674927473e+01
697	20.832544	-2.8000973206361763e+07	-1.3972973756492138e+01
698	21.196651	-2.8000885891253907e+07	8.7315107855945826e+01
699	20.742306	-2.8000909580840930e+07	-2.3689587023109198e+01
700	20.919308	-2.8000930506534997e+07	-2.0925694067031145e+01
701	21.043653	-2.8000889313369937e+07	4.1193165060132742e+01
702	21.087433	-2.8000852475916881e+07	3.6837453056126833e+01
703	20.865686	-2.8001005681411825e+07	-1.5320549494400620e+02
704	21.099150	-2.8001164571143929e+07	-1.5888973210379481e+02
705	20.967632	-2.8001085377790432e+07	7.9193353496491909e+01
706	21.005866	-2.8001017102264181e+07	6.8275526251643896e+01
707	20.975516	-2.8001011354629010e+07	5.7476351708173752e+00
708	20.847872	-2.8001209088905465e+07	-1.9773427645489573e+02
709	20.801412	-2.8001198617647294e+07	1.0471258170902729e+01
710	20.862208	-2.8001120520872653e+07	7.8096774641424417e+01
711	20.621896	-2.8001111127007011e+07	9.3938656412065029e+00
712	20.912386	-2.8001039888599154e+07	7.1238407857716084e+01
713	20.784386	-2.8001048926216424e+07	-9.0376172699034214e+00
714	20.790505	-2.8001023587918401e+07	2.5338298022747040e+01
715	20.844967	-2.8000993490184143e+07	3.0097734257578850e+01
716	20.981345	-2.8001003036831066e+07	-9.5466469228267670e+00
717	20.676724	-2.8000942397456646e+07	6.0639374420046806e+01
718	20.983246	-2.8000925579178989e+07	1.6818277657032013e+01
719	20.841648	-2.8000869320013698e+07	5.6259165290743113e+01
720	20.878077	-2.8000808506167714e+07	6.0813845984637737e+01
721	20.920765	-2.8001076804718554e+07	-2.6829855084046721e+02
722	20.846884	-2.8001395058180235e+07	-3.1825346168130636e+02
723	20.585260	-2.8001301479820862e+07	9.3578359372913837e+01
724	20.925141	-2.8001216284765378e+07	8.5195055484771729e+01
725	20.634820	-2.8001135365804233e+07	8.0918961144983768e+01
726	20.719932	-2.8001064982443437e+07	7.0383360795676708e+01
727	20.798039	-2.8001051610105928e+07	1.3372337508946657e+01
728	20.838908	-2.8000981893378615e+07	6.9716727312654257e+01
729	20.715756	-2.8000915166743394e+07	6.6726635221391916e+01
730	20.982087	-2.8000972433393326e+07	-5.7266649931669235e+01
731	20.818600	-2.8000902427320804e+07	7.0006072521209717e+01
732	20.840328	-2.8000881184897080e+07	2.1242423724383116e+01
733	20.932770	-2.8000974446350269e+07	-9.3261453188955784e+01
734	21.062920	-2.8000897658592727e+07	7.6787757541984320e+01
735	20.812521	-2.8000831259871643e+07	6.6398721083998680e+01
736	20.966545	-2.8000782233738095e+07	4.9026133548468351e+01
737	20.705107	-2.8000954284982082e+07	-1.7205124398693442e+02
738	20.423402	-2.8000898014366034e+07	5.6270616047084332e+01
739	20.107157	-2.8000900406686597e+07	-2.3923205621540546e+00
740	20.267352	-2.8000855201058239e+07	4.5205628357827663e+01
741	20.335811	-2.8000814491999347e+07	4.0709058891981840e+01
742	20.341119	-2.8000825784286778e+07	-1.1292287431657314e+01
743	20.267933	-2.8000781352374293e+07	4.4431912485510111e+01
744	20.783474	-2.8000877818621024e+07	-9.6466246731579304e+01
745	20.552878	-2.8000827071554288e+07	5.0747066736221313e+01
746	20.619568	-2.8000783995487422e+07	4.3076066866517067e+01
747	20.385952	-2.8000749496971652e+07	3.4498515769839287e+01
748	20.619605	-2.8000758303118162e+07	-8.8061465099453926e+00
749	20.282691	-2.8000708255113885e+07	5.0048004277050495e+01
750	20.709176	-2.8000730282302655e+07	-2.2027188770473003e+01
751	20.527928	-2.8000701366555534e+07	2.8915747120976448e+01
752	20.411549	-2.8000701121435586e+07	2.4511994794011116e-01
753	20.376090	-2.8000732960289873e+07	-3.1838854286819696e+01
754	20.527474	-2.8000795062704757e+07	-6.2102414883673191e+01
755	20.448500	-2.8000754974398036e+07	4.0088306721299887e+01
756	20.530935	-2.8000778706567012e+07	-2.3732168976217508e+01
757	20.513217	-2.8000745952351879e+07	3.2754215132445097e+01
758	20.309636	-2.8000716679115679e+07	2.9273236200213432e+01
759	20.526594	-2.8000694916031562e+07	2.1763084117323160e+01
760	20.678966	-2.8000885391702596e+07	-1.9047567103430629e+02
761	20.365089	-2.8000843178845689e+07	4.2212856907397509e+01
762	20.649408	-2.8000815396273222e+07	2.7782572466880083e+01
763	20.410292	-2.8000814041472655e+07	1.3548005670309067e+00
764	20.255406	-2.8000942261727538e+07	-1.2822025488317013e+02
765	20.673329	-2.8001426054454688e+07	-4.8379272715002298e+02
766	20.402961	-2.8001303628702983e+07	1.2242575170472264e+02
767	20.219902	-2.8001212406143509e+07	9.1222559474408627e+01
768	20.568400	-2.8001125373120412e+07	8.7033023096621037e+01
769	20.139464	-2.8001236562349096e+07	-1.1118922868371010e+02
770	19.938433	-2.8001266647508077e+07	-3.0085158981382847e+01
771	20.307584	-2.8001215517792802e+07	5.1129715275019407e+01
772	20.290169	-2.8001119557093035e+07	9.5960699766874313e+01
773	19.854177	-2.8001030523234747e+07	8.9033858288079500e+01
774	19.992442	-2.8001011154434964e+07	1.9368799783289433e+01
775	19.950485	-2.8000975999927882e+07	3.5154507081955671e+01
776	19.685680	-2.8000878846412957e+07	9.7153514925390482e+01
777	19.561255	-2.8000920172619425e+07	-4.1326206468045712e+01
778	19.477377	-2.8000861979057968e+07	5.8193561457097530e+01
779	19.188906	-2.8000815289851308e+07	4.6689206659793854e+01
780	19.357553	-2.8000918526016455e+07	-1.0323616514727473e+02
781	19.260846	-2.8000864530494582e+07	5.3995521873235703e+01
782	18.936180	-2.8000921717250466e+07	-5.7186755884438753e+01
783	18.706721	-2.8000930516971961e+07	-8.7997214943170547e+00
784	18.870072	-2.8000879040980667e+07	5.1475991293787956e+01
785	18.626667	-2.8000956810288403e+07	-7.7769307736307383e+01
786	18.642846	-2.8000956540075008e+07	2.7021339535713196e-01
787	18.434695	-2.8000899377046801e+07	5.7163028206676245e+01
788	18.310719	-2.8000850701563492e+07	4.8675483308732510e+01
789	18.135172	-2.8001057386863902e+07	-2.0668530040979385e+02
790	18.194282	-2.8001033743856911e+07	2.3643006991595030e+01
791	18.064831	-2.8000976553454816e+07	5.7190402094274759e+01
792	17.868814	-2.8000929001493119e+07	4.7551961697638035e+01
793	17.752584	-2.8000884015729416e+07	4.4985763702541590e+01
794	17.799563	-2.8001026271517217e+07	-1.4225578780099750e+02
795	17.692875	-2.8000953003882982e+07	7.3267634235322475e+01
796	17.653651	-2.8000888221107032e+07	6.4782775949686766e+01
797	17.531423	-2.8000827278649323e+07	6.0942457709461451e+01
798	17.695370	-2.8000781813643839e+07	4.5465005483478308e+01
799	17.481280	-2.8001173040572669e+07	-3.9122692883014679e+02
800	17.566025	-2.8001086803993482e+07	8.6236579187214375e+01
801	17.480897	-2.8001013063510265e+07	7.3740483216941357e+01
802	17.633795	-2.8000957372826416e+07	5.5690683849155903e+01
803	17.539257	-2.8001056032685779e+07	-9.8659859362989664e+01
804	17.579850	-2.8001043099333506e+07	1.2933352272957563e+01
805	17.464543	-2.8000985331180088e+07	5.7768153417855501e+01
806	17.579095	-2.8000931334689941e+07	5.3996490146964788e+01
807	17.507026	-2.8000971252410498e+07	-3.9917720556259155e+01
808	17.578936	-2.8000910329140086e+07	6.0923270411789417e+01
809	17.469349	-2.8000853538829584e+07	5.6790310502052307e+01
810	17.531392	-2.8001142226389561e+07	-2.8868755997717381e+02
811	17.490495	-2.8001113761858534e+07	2.8464531026780605e+01
812	17.531308	-2.8001049799321100e+07	6.3962537433952093e+01
813	17.493020	-2.8000989828317028e+07	5.9971004072576761e+01
814	17.493373	-2.8000933238504488e+07	5.6589812539517879e+01
815	17.478505	-2.8000881721969847e+07	5.1516534641385078e+01
816	17.525592	-2.8000825080552734e+07	5.6641417112201452e+01
817	17.530564	-2.8001322790755194e+07	-4.9771020245924592e+02
818	17.603379	-2.8001249704188127e+07	7.3086567066609859e+01
819	17.505775	-2.8001162350665219e+07	8.7353522907942533e+01
820	17.515727	-2.8001077094968129e+07	8.5255697090178728e+01
821	17.453768	-2.8001004585400268e+07	7.2509567860513926e+01
822	17.521782	-2.8000938215003598e+07	6.6370396669954062e+01
823	17.458571	-2.8001015057126023e+07	-7.6842122424393892e+01
824	17.566484	-2.8000949174792115e+07	6.5882333908230066e+01
825	17.520891	-2.8000890111635931e+07	5.9063156183809042e+01
826	17.495857	-2.8000832485842835e+07	5.7625793095678091e+01
827	17.059252	-2.8000858447911609e+07	-2.5962068773806095e+01
828	17.025350	-2.8000897015410703e+07	-3.8567499093711376e+01
829	16.995698	-2.8000830663195513e+07	6.6352215189486742e+01
830	16.990486	-2.8000889001469713e+07	-5.8338274199515581e+01
831	17.026988	-2.8000837498523518e+07	5.1502946194261312e+01
832	17.130552	-2.8000872522137482e+07	-3.5023613963276148e+01
833	17.067750	-2.8000870212908220e+07	2.3092292621731758e+00
834	17.084115	-2.8000927957831353e+07	-5.7744923133403063e+01
835	17.062892	-2.8000874963101685e+07	5.2994729667901993e+01
836	17.155980	-2.8000834956079993e+07	4.0007021691650152e+01
837	16.952747	-2.8000874719219837e+07	-3.9763139843940735e+01
838	17.040308	-2.8000871880357821e+07	2.8388620167970657e+00
839	17.027188	-2.8001001501169492e+07	-1.2962081167101860e+02
840	17.098750	-2.8000928539585654e+07	7.2961583837866783e+01
841	17.084145	-2.8000869305670399e+07	5.9233915254473686e+01
842	17.142116	-2.8000899757813767e+07	-3.0452143367379904e+01
843	17.093259	-2.8000855971018400e+07	4.3786795366555452e+01
844	17.115350	-2.8001037557518821e+07	-1.8158650042116642e+02
845	17.080343	-2.8000977046444267e+07	6.0511074554175138e+01
846	17.097015	-2.8000927378107313e+07	4.9668336953967810e+01
847	17.091412	-2.8000878270623587e+07	4.9107483725994825e+01
848	17.050755	-2.8000833295638930e+07	4.4974984657019377e+01
849	16.899492	-2.8001345250609603e+07	-5.1195497067272663e+02
850	16.926368	-2.8001240295826521e+07	1.0495478308200836e+02
851	16.892422	-2.8001153477450851e+07	8.6818375669419765e+01
852	16.965022	-2.8001067369230926e+07	8.6108219925314188e+01
853	16.918495	-2.8001118077493470e+07	-5.0708262544125319e+01
854	16.966663	-2.8001412742151495e+07	-2.9466465802490711e+02
855	16.926784	-2.8001301457565416e+07	1.1128458607941866e+02
856	16.998176	-2.8001198364225071e+07	1.0309334034472704e+02
857	16.894939	-2.8001104797359936e+07	9.3566865134984255e+01
858	17.012350	-2.8001029251973450e+07	7.5545386485755444e+01
859	16.932247	-2.8001006042595226e+07	2.3209378223866224e+01
860	17.029750	-2.8000926828615446e+07	7.9213979780673981e+01
861	16.930933	-2.8000974704194713e+07	-4.7875579267740250e+01
862	16.912807	-2.8000905099986456e+07	6.9604208257049322e+01
863	16.857070	-2.8000847934880625e+07	5.7165105830878019e+01
864	16.953479	-2.8000851368633859e+07	-3.4337532334029675e+00
865	16.940962	-2.8000948395905234e+07	-9.7027271375060081e+01
866	16.890513	-2.8000880073700216e+07	6.8322205018252134e+01
867	16.852225	-2.8000825149412718e+07	5.4924287497997284e+01
868	16.931932	-2.8001035443570107e+07	-2.1029415738955140e+02
869	16.910507	-2.8000969887741521e+07	6.5555828586220741e+01
870	16.976418	-2.8000915997503880e+07	5.3890237640589476e+01
871	16.895702	-2.8000918801293332e+07	-2.8037894517183304e+00
872	16.863738	-2.8000867412494089e+07	5.1388799242675304e+01
873	16.844760	-2.8000899561917350e+07	-3.2149423260241747e+01
874	16.930347	-2.8000852730038222e+07	4.6831879127770662e+01
875	16.912210	-2.8000931851674132e+07	-7.9121635910123587e+01
876	16.993835	-2.8001065714634810e+07	-1.3386296067759395e+02
877	16.945041	-2.8001002198875260e+07	6.3515759550035000e+01
878	17.013880	-2.8000940230249077e+07	6.1968626182526350e+01
879	16.860755	-2.8000879122459527e+07	6.1107789549976587e+01
880	16.939573	-2.8000821795122780e+07	5.7327336747199297e+01
881	16.836051	-2.8000767413905416e+07	5.4381217364221811e+01
882	16.895079	-2.8000896750234030e+07	-1.2933632861450315e+02
883	16.834440	-2.8000903650708068e+07	-6.9004740379750729e+00
884	16.889772	-2.8000853659109980e+07	4.9991598088294268e+01
885	16.890654	-2.8001372265246462e+07	-5.1860613648220897e+02
886	16.898735	-2.8001268435028404e+07	1.0383021805807948e+02
887	16.869549	-2.8001177903005380e+07	9.0532023023813963e+01
888	16.901013	-2.8001160000633948e+07	1.7902371432632208e+01
889	16.883718	-2.8001080955783859e+07	7.9044850088655949e+01
890	16.955498	-2.8001009585259516e+07	7.1370524343103170e+01
891	16.887841	-2.8001379132456604e+07	-3.6954719708859921e+02
892	16.872377	-2.8001272644794624e+07	1.0648766198009253e+02
893	16.843481	-2.8001226660976760e+07	4.5983817864209414e+01
894	16.940391	-2.8001130989968359e+07	9.5671008400619030e+01
895	16.945635	-2.8001405743310679e+07	-2.7475334231927991e+02
896	16.893042	-2.8001287760951307e+07	1.1798235937207937e+02
897	16.828274	-2.8001374092542041e+07	-8.6331590734422207e+01
898	16.898005	-2.8001269162372880e+07	1.0493016916140914e+02
899	16.869641	-2.8001177143321414e+07	9.2019051466137171e+01
900	16.883398	-2.8001141408392906e+07	3.5734928507357836e+01
901	16.823172	-2.8001053726972777e+07	8.7681420128792524e+01
902	16.855463	-2.8001363536528725e+07	-3.0980955594778061e+02
903	16.895076	-2.8001232397803232e+07	1.3113872549310327e+02
904	16.881736	-2.8001124486347377e+07	1.0791145585477352e+02
905	16.734800	-2.8001093399210505e+07	3.1087136872112751e+01
906	17.196129	-2.8001014085393135e+07	7.9313817370682955e+01
907	17.091648	-2.8001058768987216e+07	-4.4683594081550837e+01
908	16.994857	-2.8000994582085289e+07	6.4186901926994324e+01
909	16.930118	-2.8000933543785397e+07	6.1038299892097712e+01
910	17.092953	-2.8000883380350053e+07	5.0163435343652964e+01
911	17.123467	-2.8000830029080395e+07	5.3351269658654928e+01
912	16.943650	-2.8001238057832729e+07	-4.0802875233441591e+02
913	16.913553	-2.8001165846280295e+07	7.2211552433669567e+01
914	16.962460	-2.8001085386403028e+07	8.0459877267479897e+01
915	16.893912	-2.8001011707003649e+07	7.3679399378597736e+01
916	16.971412	-2.8000948245038811e+07	6.3461964838206768e+01
917	16.396781	-2.8000890098357130e+07	5.8146681681275368e+01
918	16.426972	-2.8001043229040097e+07	-1.5313068296760321e+02
919	16.395652	-2.8000971911216177e+07	7.1317823920398951e+01
920	16.420875	-2.8000907020927649e+07	6.4890288528054953e+01
921	16.410290	-2.8000916696549084e+07	-9.6756214350461960e+00
922	16.383613	-2.8001108646885678e+07	-1.9195033659413457e+02
923	16.273746	-2.8001026494165804e+07	8.2152719873934984e+01
924	16.167864	-2.8000951617036551e+07	7.4877129253000021e+01
925	16.154290	-2.8000978253951475e+07	-2.6636914923787117e+01
926	16.173563	-2.8000981518803682e+07	-3.2648522071540356e+00
927	16.097017	-2.8001102081065387e+07	-1.2056226170435548e+02
928	16.111024	-2.8001025924128573e+07	7.6156936813145876e+01
929	16.191968	-2.8001036381749522e+07	-1.0457620948553085e+01
930	16.083969	-2.8000971082395274e+07	6.5299354247748852e+01
931	16.105613	-2.8001063897961039e+07	-9.2815565764904022e+01
932	16.091071	-2.8000987150848079e+07	7.6747112959623337e+01
933	16.053947	-2.8000915873962048e+07	7.1276886031031609e+01
934	16.079093	-2.8000854344284266e+07	6.1529677782207727e+01
935	16.079239	-2.8000804941599015e+07	4.9402685251086950e+01
936	16.170806	-2.8000941064215705e+07	-1.3612261668965220e+02
937	16.108249	-2.8000878227708779e+07	6.2836506925523281e+01
938	16.175371	-2.8001090478247046e+07	-2.1225053826719522e+02
939	16.092226	-2.8001049806665976e+07	4.0671581070870161e+01
940	16.098097	-2.8000979339880284e+07	7.0466785691678524e+01
941	16.068346	-2.8000915461321101e+07	6.3878559183329344e+01
942	16.075684	-2.8000860132991455e+07	5.5328329645097256e+01
943	16.046335	-2.8000805909229442e+07	5.4223762013018131e+01
944	16.077393	-2.8001019958411910e+07	-2.1404918246716261e+02
945	16.066614	-2.8000955065287333e+07	6.4893124576658010e+01
946	16.093600	-2.8000897248401359e+07	5.7816885974258184e+01
947	16.144227	-2.8001059437922239e+07	-1.6218952088057995e+02
948	16.088726	-2.8001023551060606e+07	3.5886861633509398e+01
949	16.055783	-2.8001015100725848e+07	8.4503347575664520e+00
950	16.109870	-2.8000952080455624e+07	6.3020270224660635e+01
951	16.076474	-2.8000903062507145e+07	4.9017948478460312e+01
952	16.099788	-2.8000913619734876e+07	-1.0557227730751038e+01
953	16.090902	-2.8000853048009705e+07	6.0571725171059370e+01
954	16.112153	-2.8000800764032766e+07	5.2283976938575506e+01
955	16.115483	-2.8000750649838835e+07	5.0114193931221962e+01
956	16.097528	-2.8000781703445487e+07	-3.1053606651723385e+01
957	16.068432	-2.8000808218995228e+07	-2.6515549741685390e+01
958	16.103437	-2.8000802572075035e+07	5.6469201929867268e+00
959	16.068056	-2.8000830679610144e+07	-2.8107535108923912e+01
960	16.090412	-2.8000828236821838e+07	2.4427883066236973e+00
961	16.073751	-2.8000789315087952e+07	3.8921733886003494e+01
962	16.103138	-2.8000810053397138e+07	-2.0738309185951948e+01
963	16.036761	-2.8000765884656779e+07	4.4168740358203650e+01
964	16.140859	-2.8000729551901881e+07	3.6332754898816347e+01
965	16.069710	-2.8000795474555820e+07	-6.5922653939574957e+01
966	16.082071	-2.8000922994392347e+07	-1.2751983652636409e+02
967	16.065420	-2.8000870143972419e+07	5.2850419927388430e+01
968	16.103883	-2.8000825336599860e+07	4.4807372558861971e+01
969	16.080940	-2.8001004178351648e+07	-1.7884175178781152e+02
970	16.089009	-2.8000945141275294e+07	5.9037076354026794e+01
971	16.094619	-2.8000943240860078e+07	1.9004152156412601e+00
972	16.118011	-2.8000894472935881e+07	4.8767924197018147e+01
973	16.110693	-2.8000891728986531e+07	2.7439493499696255e+00
974	16.113940	-2.8000832654666137e+07	5.9074320394545794e+01
975	16.092357	-2.8000779063584533e+07	5.3591081604361534e+01
976	16.084452	-2.8000735100778908e+07	4.3962805625051260e+01
977	16.182275	-2.8001162533264313e+07	-4.2743248540535569e+02
978	16.120288	-2.8001083684405066e+07	7.8848859246820211e+01
979	16.078012	-2.8001087410806991e+07	-3.7264019250869751e+00
980	16.077325	-2.8001107286696840e+07	-1.9875889848917723e+01
981	16.065270	-2.8001029899153020e+07	7.7387543819844723e+01
982	16.060838	-2.8000962855750829e+07	6.7043402191251516e+01
983	16.061585	-2.8001254099086192e+07	-2.9124333536252379e+02
984	16.079675	-2.8001166303568453e+07	8.7795517738908529e+01
985	16.067661	-2.8001089571850043e+07	7.6731718409806490e+01
986	16.094720	-2.8001027881317593e+07	6.1690532449632883e+01
987	16.073924	-2.8001004754126526e+07	2.3127191066741943e+01
988	16.091222	-2.8001163717933286e+07	-1.5896380675956607e+02
989	16.048397	-2.8001070295617200e+07	9.3422316085547209e+01
990	16.093453	-2.8001068115351461e+07	2.1802657395601273e+00
991	16.091323	-2.8001123347175065e+07	-5.5231823604553938e+01
992	16.101891	-2.8001043856438525e+07	7.9490736540406942e+01
993	16.072031	-2.8001283302775480e+07	-2.3944633695483208e+02
994	16.091658	-2.8001169403936036e+07	1.1389883944392204e+02
995	16.165782	-2.8001098007606909e+07	7.1396329127252102e+01
996	16.391213	-2.8001123015385769e+07	-2.5007778860628605e+01
997	16.178528	-2.8001037442749344e+07	8.5572636425495148e+01
998	16.248707	-2.8001127298240852e+07	-8.9855491507798433e+01
999	16.223628	-2.8001092109990995e+07	3.5188249856233597e+01
1000	16.229913	-2.8001134015893381e+07	-4.1905902385711670e+01

Writing Q matrix to /global/home/users/deboraycb/scratch/atahualpa/analysis/ohana/maf05_3/structure/merge2_20M_allchr_snps_maf05_k8_mi1000_2_q.matrix
Writing F matrix to /global/home/users/deboraycb/scratch/atahualpa/analysis/ohana/maf05_3/structure/merge2_20M_allchr_snps_maf05_k8_mi1000_2_f.matrix
