seed: 2715212916

iter	duration	log_likelihood	delta-lle
0	2.910963	-4.4098116601430073e+07
1	26.480646	-3.9183156464124195e+07	4.9149601373058781e+06
2	24.723658	-3.4745539289781801e+07	4.4376171743423939e+06
3	24.647997	-3.3909730818514667e+07	8.3580847126713395e+05
4	24.144981	-3.3301126944590088e+07	6.0860387392457947e+05
5	23.895294	-3.2744633511000399e+07	5.5649343358968943e+05
6	23.744139	-3.2196337523511250e+07	5.4829598748914897e+05
7	23.397625	-3.1644777640527517e+07	5.5155988298373297e+05
8	23.426504	-3.1108798245966904e+07	5.3597939456061274e+05
9	23.103683	-3.0586430844005432e+07	5.2236740196147189e+05
10	23.124483	-3.0070503008887257e+07	5.1592783511817455e+05
11	23.583914	-2.9571229135684747e+07	4.9927387320251018e+05
12	23.113404	-2.9110816591490809e+07	4.6041254419393837e+05
13	22.731649	-2.8713128573528156e+07	3.9768801796265319e+05
14	22.735935	-2.8408574489791397e+07	3.0455408373675868e+05
15	22.315803	-2.8218156970543034e+07	1.9041751924836263e+05
16	22.420444	-2.8128498813496657e+07	8.9658157046377659e+04
17	22.315021	-2.8094567982641220e+07	3.3930830855436623e+04
18	22.159566	-2.8079304484488331e+07	1.5263498152889311e+04
19	22.131112	-2.8069449277772114e+07	9.8552067162171006e+03
20	21.898749	-2.8061908932931431e+07	7.5403448406830430e+03
21	22.017586	-2.8056057743955310e+07	5.8511889761202037e+03
22	21.940408	-2.8051882953823604e+07	4.1747901317067444e+03
23	21.776082	-2.8048855164910398e+07	3.0277889132052660e+03
24	21.937957	-2.8046503860071942e+07	2.3513048384562135e+03
25	21.673778	-2.8044289378515285e+07	2.2144815566577017e+03
26	21.569191	-2.8042271455871657e+07	2.0179226436279714e+03
27	21.821242	-2.8040409970784076e+07	1.8614850875809789e+03
28	21.666953	-2.8039035385031808e+07	1.3745857522673905e+03
29	21.592588	-2.8037345437248845e+07	1.6899477829635143e+03
30	21.670816	-2.8035744102989819e+07	1.6013342590257525e+03
31	21.433642	-2.8034187875193030e+07	1.5562277967892587e+03
32	21.536624	-2.8032703302360401e+07	1.4845728326290846e+03
33	21.591278	-2.8031299934347741e+07	1.4033680126592517e+03
34	21.380807	-2.8029982116792213e+07	1.3178175555281341e+03
35	21.543712	-2.8029364055407789e+07	6.1806138442456722e+02
36	21.526061	-2.8028045140910879e+07	1.3189144969098270e+03
37	21.314202	-2.8026720804955289e+07	1.3243359555900097e+03
38	21.403088	-2.8025554905508474e+07	1.1658994468152523e+03
39	21.262394	-2.8024090943351563e+07	1.4639621569104493e+03
40	21.176655	-2.8022521551124148e+07	1.5693922274149954e+03
41	21.407398	-2.8020836492785029e+07	1.6850583391189575e+03
42	21.289081	-2.8019077618310679e+07	1.7588744743503630e+03
43	21.179404	-2.8017136472360350e+07	1.9411459503285587e+03
44	21.369500	-2.8015289543339219e+07	1.8469290211312473e+03
45	21.116936	-2.8013238064956259e+07	2.0514783829599619e+03
46	21.220129	-2.8011589177189767e+07	1.6488877664916217e+03
47	21.141460	-2.8010456041097220e+07	1.1331360925473273e+03
48	21.001171	-2.8010063461344521e+07	3.9257975269854069e+02
49	21.151844	-2.8009391454698022e+07	6.7200664649903774e+02
50	21.145029	-2.8008783761041235e+07	6.0769365678727627e+02
51	21.040306	-2.8008221272401344e+07	5.6248863989114761e+02
52	21.162757	-2.8007709281122010e+07	5.1199127933382988e+02
53	21.279565	-2.8007303565960355e+07	4.0571516165509820e+02
54	20.980888	-2.8007352918188170e+07	-4.9352227814495564e+01
55	21.288648	-2.8006871555212155e+07	4.8136297601461411e+02
56	21.035101	-2.8006408899985984e+07	4.6265522617101669e+02
57	20.912597	-2.8006080988689668e+07	3.2791129631549120e+02
58	21.134496	-2.8005643311857037e+07	4.3767683263123035e+02
59	21.008428	-2.8005223459617589e+07	4.1985223944857717e+02
60	20.948612	-2.8004799961150631e+07	4.2349846695736051e+02
61	21.158051	-2.8004371797532715e+07	4.2816361791640520e+02
62	21.022737	-2.8004670524574317e+07	-2.9872704160213470e+02
63	20.942943	-2.8004208584877066e+07	4.6193969725072384e+02
64	21.109707	-2.8003820194534760e+07	3.8839034230634570e+02
65	21.132666	-2.8003377676578991e+07	4.4251795576885343e+02
66	20.989723	-2.8003019831119779e+07	3.5784545921161771e+02
67	21.032730	-2.8002683790272169e+07	3.3604084761068225e+02
68	20.804361	-2.8002758853501067e+07	-7.5063228897750378e+01
69	21.092494	-2.8002462199270770e+07	2.9665423029661179e+02
70	20.925132	-2.8002194754641932e+07	2.6744462883844972e+02
71	20.837968	-2.8002199715451445e+07	-4.9608095139265060e+00
72	21.489607	-2.8001967178291403e+07	2.3253716004267335e+02
73	21.669846	-2.8001761370486826e+07	2.0580780457705259e+02
74	21.298388	-2.8001578698165931e+07	1.8267232089489698e+02
75	21.012845	-2.8001444002148878e+07	1.3469601705297828e+02
76	21.166122	-2.8001695717012517e+07	-2.5171486363932490e+02
77	20.847291	-2.8001564151766062e+07	1.3156524645537138e+02
78	21.015156	-2.8001443188426528e+07	1.2096333953365684e+02
79	21.173254	-2.8001329048166126e+07	1.1414026040211320e+02
80	20.808102	-2.8001283040937833e+07	4.6007228292524815e+01
81	21.093084	-2.8001247027028557e+07	3.6013909276574850e+01
82	20.804589	-2.8001169849778447e+07	7.7177250109612942e+01
83	20.779960	-2.8001200878299303e+07	-3.1028520856052637e+01
84	20.934110	-2.8001125268920172e+07	7.5609379131346941e+01
85	20.855140	-2.8001139118602708e+07	-1.3849682535976171e+01
86	20.757770	-2.8001188208243128e+07	-4.9089640419930220e+01
87	20.991828	-2.8001108050388984e+07	8.0157854143530130e+01
88	20.864538	-2.8001036846650895e+07	7.1203738089650869e+01
89	20.834687	-2.8000969404585529e+07	6.7442065365612507e+01
90	21.002328	-2.8001028329487588e+07	-5.8924902059137821e+01
91	20.961521	-2.8001078847109802e+07	-5.0517622213810682e+01
92	20.875278	-2.8001072230364136e+07	6.6167456656694412e+00
93	21.078623	-2.8001192040779684e+07	-1.1981041554734111e+02
94	20.805495	-2.8001112749124691e+07	7.9291654992848635e+01
95	20.957704	-2.8001046276835568e+07	6.6472289122641087e+01
96	20.832374	-2.8000978306038376e+07	6.7970797192305326e+01
97	20.762036	-2.8001177507830329e+07	-1.9920179195329547e+02
98	20.890152	-2.8001319654564962e+07	-1.4214673463255167e+02
99	20.880904	-2.8001471525766686e+07	-1.5187120172381401e+02
100	20.779039	-2.8001374204300396e+07	9.7321466289460659e+01
101	21.006568	-2.8001283174522206e+07	9.1029778189957142e+01
102	20.929306	-2.8001253149179723e+07	3.0025342483073473e+01
103	20.818855	-2.8001175711125586e+07	7.7438054136931896e+01
104	20.948431	-2.8001149116247885e+07	2.6594877701252699e+01
105	21.038877	-2.8001070467779275e+07	7.8648468609899282e+01
106	20.761147	-2.8000996478283510e+07	7.3989495765417814e+01
107	21.049070	-2.8000918503120780e+07	7.7975162729620934e+01
108	20.825155	-2.8001142139801215e+07	-2.2363668043538928e+02
109	20.709719	-2.8001053726675488e+07	8.8413125727325678e+01
110	20.942761	-2.8000982364428889e+07	7.1362246599048376e+01
111	20.819419	-2.8000921302489281e+07	6.1061939608305693e+01
112	20.695345	-2.8001262623774040e+07	-3.4132128475978971e+02
113	20.998187	-2.8001178906039678e+07	8.3717734362930059e+01
114	20.860688	-2.8001164588938899e+07	1.4317100778222084e+01
115	20.822675	-2.8001088816649880e+07	7.5772289019078016e+01
116	20.962574	-2.8001148368545476e+07	-5.9551895596086979e+01
117	20.969743	-2.8001166192684382e+07	-1.7824138905853033e+01
118	20.809453	-2.8001093437151566e+07	7.2755532816052437e+01
119	21.085103	-2.8001192798827980e+07	-9.9361676413565874e+01
120	20.877924	-2.8001109478339043e+07	8.3320488937199116e+01
121	20.891059	-2.8001080191609401e+07	2.9286729641258717e+01
122	21.537045	-2.8000998559809003e+07	8.1631800398230553e+01
123	21.526844	-2.8001009856271740e+07	-1.1296462737023830e+01
124	21.085882	-2.8001100341581497e+07	-9.0485309757292271e+01
125	20.968409	-2.8001037125885766e+07	6.3215695731341839e+01
126	21.075840	-2.8000974867915060e+07	6.2257970705628395e+01
127	20.792034	-2.8000914020331252e+07	6.0847583808004856e+01
128	20.950073	-2.8001430590130415e+07	-5.1656979916244745e+02
129	20.792278	-2.8001331479632545e+07	9.9110497869551182e+01
130	20.726575	-2.8001254581831679e+07	7.6897800866514444e+01
131	21.025732	-2.8001347650997441e+07	-9.3069165762513876e+01
132	20.880003	-2.8001262456996877e+07	8.5194000564515591e+01
133	20.827899	-2.8001188741764538e+07	7.3715232338756323e+01
134	21.043095	-2.8001116072494157e+07	7.2669270381331444e+01
135	20.993116	-2.8001216334418248e+07	-1.0026192409172654e+02
136	20.849988	-2.8001129232502364e+07	8.7101915884763002e+01
137	21.034606	-2.8001049505068880e+07	7.9727433484047651e+01
138	21.492286	-2.8000969176536363e+07	8.0328532516956329e+01
139	21.497776	-2.8000990206108734e+07	-2.1029572371393442e+01
140	21.056181	-2.8000969059485182e+07	2.1146623551845551e+01
141	20.975530	-2.8001092855660263e+07	-1.2379617508128285e+02
142	21.106247	-2.8001169311616872e+07	-7.6455956608057022e+01
143	20.705868	-2.8001232909960218e+07	-6.3598343346267939e+01
144	20.899462	-2.8001188804790940e+07	4.4105169277638197e+01
145	20.866794	-2.8001117043432359e+07	7.1761358581483364e+01
146	20.747680	-2.8001045441231437e+07	7.1602200921624899e+01
147	21.336875	-2.8001332735242490e+07	-2.8729401105269790e+02
148	21.691157	-2.8001241475377265e+07	9.1259865224361420e+01
149	21.249525	-2.8001158363015391e+07	8.3112361874431372e+01
150	20.912355	-2.8001078573294632e+07	7.9789720758795738e+01
151	21.163466	-2.8001074485573035e+07	4.0877215974032879e+00
152	20.759116	-2.8001041532529358e+07	3.2953043676912785e+01
153	20.942225	-2.8000965691333551e+07	7.5841195806860924e+01
154	20.981220	-2.8001091715009186e+07	-1.2602367563545704e+02
155	20.818916	-2.8001031167929679e+07	6.0547079507261515e+01
156	20.980829	-2.8001090343892179e+07	-5.9175962500274181e+01
157	20.973350	-2.8001093282820433e+07	-2.9389282539486885e+00
158	20.732536	-2.8001014610326499e+07	7.8672493934631348e+01
159	20.990962	-2.8000944878698729e+07	6.9731627769768238e+01
160	21.048171	-2.8000990558179688e+07	-4.5679480958729982e+01
161	21.507837	-2.8000942402823485e+07	4.8155356202274561e+01
162	21.833118	-2.8001215528627016e+07	-2.7312580353021622e+02
163	21.527624	-2.8001200995483823e+07	1.4533143192529678e+01
164	21.558059	-2.8001290294548534e+07	-8.9299064710736275e+01
165	21.542949	-2.8001215660076432e+07	7.4634472101926804e+01
166	21.114784	-2.8001146336395621e+07	6.9323680810630322e+01
167	21.698039	-2.8001079384443972e+07	6.6951951649039984e+01
168	21.220225	-2.8001129647405919e+07	-5.0262961946427822e+01
169	21.092972	-2.8001055976487935e+07	7.3670917984098196e+01
170	21.065475	-2.8000985500472140e+07	7.0476015795022249e+01
171	20.852619	-2.8001026683614101e+07	-4.1183141961693764e+01
172	20.938671	-2.8001061067116331e+07	-3.4383502230048180e+01
173	21.235817	-2.8001115741784103e+07	-5.4674667771905661e+01
174	21.670461	-2.8001045644278150e+07	7.0097505953162909e+01
175	21.212799	-2.8001082340060137e+07	-3.6695781987160444e+01
176	21.728175	-2.8001172540388718e+07	-9.0200328581035137e+01
177	21.994321	-2.8001095275628868e+07	7.7264759849756956e+01
178	21.536877	-2.8001077646740988e+07	1.7628887880593538e+01
179	21.280548	-2.8001004203936081e+07	7.3442804906517267e+01
180	21.130726	-2.8000934600672606e+07	6.9603263475000858e+01
181	20.877655	-2.8000873348871641e+07	6.1251800965517759e+01
182	21.052484	-2.8001036448726110e+07	-1.6309985446929932e+02
183	20.907159	-2.8000961569771558e+07	7.4878954552114010e+01
184	20.775076	-2.8001326462994643e+07	-3.6489322308450937e+02
185	21.076965	-2.8001227574387230e+07	9.8888607412576675e+01
186	21.384881	-2.8001143067543939e+07	8.4506843291223049e+01
187	21.504313	-2.8001067089976348e+07	7.5977567590773106e+01
188	21.228521	-2.8001005840824097e+07	6.1249152250587940e+01
189	21.004242	-2.8001083062567972e+07	-7.7221743874251842e+01
190	21.648824	-2.8001010043392319e+07	7.3019175652414560e+01
191	21.824015	-2.8000939156953618e+07	7.0886438701301813e+01
192	21.351300	-2.8000927349317804e+07	1.1807635813951492e+01
193	21.069716	-2.8000961393500764e+07	-3.4044182959944010e+01
194	21.011508	-2.8001058219975755e+07	-9.6826474990695715e+01
195	21.264657	-2.8000988316215146e+07	6.9903760608285666e+01
196	21.494947	-2.8000930957051378e+07	5.7359163768589497e+01
197	21.266057	-2.8000976380486887e+07	-4.5423435509204865e+01
198	20.956559	-2.8001257841839299e+07	-2.8146135241165757e+02
199	21.118124	-2.8001180005512465e+07	7.7836326833814383e+01
200	20.797506	-2.8001176039418891e+07	3.9660935737192631e+00
201	21.731050	-2.8001108213249531e+07	6.7826169360429049e+01
202	21.191393	-2.8001148045205362e+07	-3.9831955831497908e+01
203	21.200048	-2.8001067655269194e+07	8.0389936167746782e+01
204	20.966263	-2.8000996606862601e+07	7.1048406593501568e+01
205	21.036430	-2.8000926302006040e+07	7.0304856561124325e+01
206	20.861816	-2.8000868962911863e+07	5.7339094176888466e+01
207	21.051300	-2.8001011616347443e+07	-1.4265343558043242e+02
208	20.794774	-2.8000936061570447e+07	7.5554776996374130e+01
209	20.928980	-2.8000981131965153e+07	-4.5070394705981016e+01
210	20.800832	-2.8001070483622491e+07	-8.9351657338440418e+01
211	21.166111	-2.8001009988514096e+07	6.0495108395814896e+01
212	21.741613	-2.8000956582124524e+07	5.3406389571726322e+01
213	21.884452	-2.8001039853124838e+07	-8.3271000314503908e+01
214	21.650801	-2.8000982279689591e+07	5.7573435246944427e+01
215	21.186645	-2.8000933986875679e+07	4.8292813912034035e+01
216	21.089460	-2.8001104193791050e+07	-1.7020691537111998e+02
217	21.135407	-2.8001049357197162e+07	5.4836593888700008e+01
218	20.872430	-2.8000983571211584e+07	6.5785985577851534e+01
219	20.918532	-2.8000925679715525e+07	5.7891496058553457e+01
220	20.879143	-2.8001135092051521e+07	-2.0941233599558473e+02
221	20.802060	-2.8001209033107910e+07	-7.3941056389361620e+01
222	20.911945	-2.8001330185230996e+07	-1.2115212308615446e+02
223	20.919341	-2.8001237939622372e+07	9.2245608624070883e+01
224	20.745408	-2.8001153189368036e+07	8.4750254336744547e+01
225	20.978028	-2.8001078158594713e+07	7.5030773323029280e+01
226	21.021454	-2.8001017341100775e+07	6.0817493937909603e+01
227	20.809410	-2.8001060695232615e+07	-4.3354131840169430e+01
228	21.025757	-2.8001116164729692e+07	-5.5469497077167034e+01
229	21.124229	-2.8001033706780352e+07	8.2457949340343475e+01
230	21.480300	-2.8000957241810031e+07	7.6464970320463181e+01
231	21.558637	-2.8001041324224554e+07	-8.4082414522767067e+01
232	21.097043	-2.8001021208277702e+07	2.0115946851670742e+01
233	20.986991	-2.8001294013251599e+07	-2.7280497389659286e+02
234	21.077662	-2.8001199178541739e+07	9.4834709860384464e+01
235	20.762235	-2.8001124950873379e+07	7.4227668359875679e+01
236	20.940126	-2.8001056793842643e+07	6.8157030735164881e+01
237	20.858200	-2.8001102698332790e+07	-4.5904490146785975e+01
238	20.766205	-2.8001041476526745e+07	6.1221806045621634e+01
239	21.008296	-2.8001056252016172e+07	-1.4775489427149296e+01
240	20.896649	-2.8001284942360166e+07	-2.2869034399464726e+02
241	21.244609	-2.8001202238858890e+07	8.2703501276671886e+01
242	21.640592	-2.8001126662952740e+07	7.5575906150043011e+01
243	21.264044	-2.8001049207836643e+07	7.7455116096884012e+01
244	20.895313	-2.8000977530267704e+07	7.1677568938583136e+01
245	21.115060	-2.8001137820431892e+07	-1.6029016418755054e+02
246	20.793527	-2.8001107872484952e+07	2.9947946939617395e+01
247	20.986335	-2.8001144733569678e+07	-3.6861084725707769e+01
248	21.035871	-2.8001132286476955e+07	1.2447092723101377e+01
249	20.837157	-2.8001063278795756e+07	6.9007681198418140e+01
250	21.468323	-2.8001293687218804e+07	-2.3040842304751277e+02
251	21.611410	-2.8001212929596350e+07	8.0757622454315424e+01
252	21.905743	-2.8001144642126665e+07	6.8287469685077667e+01
253	21.713276	-2.8001075356903676e+07	6.9285222988575697e+01
254	21.742405	-2.8001097387004081e+07	-2.2030100405216217e+01
255	21.458064	-2.8001072351331849e+07	2.5035672232508659e+01
256	21.186693	-2.8001369603969518e+07	-2.9725263766944408e+02
257	21.009551	-2.8001274279669382e+07	9.5324300136417150e+01
258	21.059998	-2.8001190682141352e+07	8.3597528029233217e+01
259	20.799999	-2.8001158111452520e+07	3.2570688832551241e+01
260	21.080756	-2.8001082833187349e+07	7.5278265170753002e+01
261	20.840315	-2.8001291851442307e+07	-2.0901825495809317e+02
262	20.718092	-2.8001200743036117e+07	9.1108406189829111e+01
263	20.984454	-2.8001197416343417e+07	3.3266927003860474e+00
264	20.914402	-2.8001111894598935e+07	8.5521744482219219e+01
265	21.602979	-2.8001087879660327e+07	2.4014938607811928e+01
266	21.512603	-2.8000999564972110e+07	8.8314688216894865e+01
267	21.248735	-2.8000921094106246e+07	7.8470865864306688e+01
268	21.466717	-2.8001336187086035e+07	-4.1509297978878021e+02
269	21.573340	-2.8001233043961499e+07	1.0314312453567982e+02
270	21.877843	-2.8001143804235172e+07	8.9239726327359676e+01
271	21.724838	-2.8001062052145757e+07	8.1752089414745569e+01
272	21.287979	-2.8001159222798053e+07	-9.7170652296394110e+01
273	20.947048	-2.8001222074779805e+07	-6.2851981751620770e+01
274	21.042294	-2.8001134442609787e+07	8.7632170017808676e+01
275	20.824232	-2.8001069539533373e+07	6.4903076414018869e+01
276	21.017452	-2.8001180609515391e+07	-1.1106998201832175e+02
277	20.927634	-2.8001257458181810e+07	-7.6848666418343782e+01
278	21.487162	-2.8001160662759256e+07	9.6795422554016113e+01
279	21.572331	-2.8001102731066070e+07	5.7931693185120821e+01
280	21.029895	-2.8001088187909056e+07	1.4543157014995813e+01
281	21.679020	-2.8001098259743005e+07	-1.0071833949536085e+01
282	21.502861	-2.8001184668154996e+07	-8.6408411990851164e+01
283	21.209090	-2.8001104620225336e+07	8.0047929659485817e+01
284	21.324138	-2.8001155744268693e+07	-5.1124043356627226e+01
285	21.521465	-2.8001068067558590e+07	8.7676710102707148e+01
286	21.220322	-2.8000983296910930e+07	8.4770647659897804e+01
287	20.991667	-2.8001022111503348e+07	-3.8814592417329550e+01
288	21.053624	-2.8001228057336189e+07	-2.0594583284109831e+02
289	20.912220	-2.8001147050533634e+07	8.1006802555173635e+01
290	21.062701	-2.8001115186394952e+07	3.1864138681441545e+01
291	20.854944	-2.8001043935163252e+07	7.1251231700181961e+01
292	20.685474	-2.8000981848985262e+07	6.2086177989840508e+01
293	21.257068	-2.8001029803676069e+07	-4.7954690806567669e+01
294	21.686180	-2.8001142559653930e+07	-1.1275597786158323e+02
295	21.268069	-2.8001052829815086e+07	8.9729838844388723e+01
296	21.015235	-2.8000981382316735e+07	7.1447498351335526e+01
297	21.029017	-2.8001202635119341e+07	-2.2125280260667205e+02
298	20.928749	-2.8001265999203790e+07	-6.3364084448665380e+01
299	20.889605	-2.8001192434622642e+07	7.3564581148326397e+01
300	20.782964	-2.8001119414479177e+07	7.3020143464207649e+01
301	21.045219	-2.8001051961615592e+07	6.7452863585203886e+01
302	20.928297	-2.8000987403164886e+07	6.4558450706303120e+01
303	21.609348	-2.8001094218417574e+07	-1.0681525268778205e+02
304	21.425354	-2.8001022165794220e+07	7.2052623353898525e+01
305	21.272261	-2.8000961656324346e+07	6.0509469874203205e+01
306	21.926532	-2.8000904322948709e+07	5.7333375636488199e+01
307	21.440646	-2.8001022173378076e+07	-1.1785042936727405e+02
308	21.558812	-2.8001025802836396e+07	-3.6294583193957806e+00
309	21.536365	-2.8000948610810719e+07	7.7192025676369667e+01
310	21.165026	-2.8001255420346618e+07	-3.0680953589826822e+02
311	20.918824	-2.8001167402521815e+07	8.8017824802547693e+01
312	20.858371	-2.8001091909099910e+07	7.5493421904742718e+01
313	20.766802	-2.8001075633413352e+07	1.6275686558336020e+01
314	20.929313	-2.8001009459932689e+07	6.6173480663448572e+01
315	20.882578	-2.8000946494431663e+07	6.2965501025319099e+01
316	20.802311	-2.8001245190053429e+07	-2.9869562176615000e+02
317	21.007874	-2.8001136819711681e+07	1.0837034174799919e+02
318	20.955433	-2.8001043748032197e+07	9.3071679484099150e+01
319	20.889094	-2.8001048512457691e+07	-4.7644254937767982e+00
320	21.112254	-2.8001042545420375e+07	5.9670373164117336e+00
321	20.830420	-2.8001158813956983e+07	-1.1626853660866618e+02
322	20.923857	-2.8001087065077424e+07	7.1748879559338093e+01
323	20.866971	-2.8001188127281960e+07	-1.0106220453605056e+02
324	20.726955	-2.8001099870034751e+07	8.8257247209548950e+01
325	20.925390	-2.8001021873967461e+07	7.7996067289263010e+01
326	20.849105	-2.8000945922992930e+07	7.5950974531471729e+01
327	20.737233	-2.8000868911509931e+07	7.7011482998728752e+01
328	20.895889	-2.8001038423186477e+07	-1.6951167654618621e+02
329	20.965003	-2.8000967328450125e+07	7.1094736352562904e+01
330	20.776730	-2.8000920563742924e+07	4.6764707200229168e+01
331	20.985100	-2.8001150181548741e+07	-2.2961780581623316e+02
332	20.993699	-2.8001070992184438e+07	7.9189364302903414e+01
333	20.775488	-2.8001011286716551e+07	5.9705467887222767e+01
334	21.059272	-2.8000952513933253e+07	5.8772783298045397e+01
335	20.837389	-2.8001109314977344e+07	-1.5680104409158230e+02
336	20.728984	-2.8001036649009705e+07	7.2665967639535666e+01
337	20.966436	-2.8000976390641835e+07	6.0258367870002985e+01
338	20.837142	-2.8000961597359203e+07	1.4793282631784678e+01
339	20.779127	-2.8001097477958690e+07	-1.3588059948757291e+02
340	20.932430	-2.8001022052901834e+07	7.5425056856125593e+01
341	20.928856	-2.8001099887060873e+07	-7.7834159038960934e+01
342	20.806042	-2.8001035729643825e+07	6.4157417047768831e+01
343	21.027145	-2.8000978068126883e+07	5.7661516942083836e+01
344	20.955882	-2.8001022952009782e+07	-4.4883882898837328e+01
345	20.845457	-2.8001128380368210e+07	-1.0542835842818022e+02
346	21.018824	-2.8001226954599515e+07	-9.8574231304228306e+01
347	20.810384	-2.8001214642139241e+07	1.2312460273504257e+01
348	20.895099	-2.8001129611832757e+07	8.5030306484550238e+01
349	20.838478	-2.8001106991244078e+07	2.2620588678866625e+01
350	20.712367	-2.8001024838200040e+07	8.2153044037520885e+01
351	20.936998	-2.8001138800510760e+07	-1.1396231072023511e+02
352	20.814202	-2.8001086303182710e+07	5.2497328050434589e+01
353	20.737762	-2.8001008880972065e+07	7.7422210644930601e+01
354	20.910088	-2.8001041085751723e+07	-3.2204779658466578e+01
355	20.931202	-2.8001092476795461e+07	-5.1391043737530708e+01
356	20.812337	-2.8001136951700535e+07	-4.4474905073642731e+01
357	20.992042	-2.8001061477859799e+07	7.5473840735852718e+01
358	21.053343	-2.8001083655368179e+07	-2.2177508380264044e+01
359	20.804046	-2.8001013409377385e+07	7.0245990794152021e+01
360	21.006256	-2.8001007802730970e+07	5.6066464148461819e+00
361	20.814858	-2.8001394371502422e+07	-3.8656877145171165e+02
362	20.684804	-2.8001414185622111e+07	-1.9814119689166546e+01
363	20.971963	-2.8001320030997775e+07	9.4154624335467815e+01
364	20.837213	-2.8001238280826047e+07	8.1750171728432178e+01
365	20.852650	-2.8001162237324469e+07	7.6043501578271389e+01
366	20.912413	-2.8001261789956171e+07	-9.9552631702274084e+01
367	20.895261	-2.8001183364042830e+07	7.8425913341343403e+01
368	20.836718	-2.8001225874536578e+07	-4.2510493747889996e+01
369	21.045878	-2.8001182433764957e+07	4.3440771620720625e+01
370	21.029083	-2.8001237920146540e+07	-5.5486381582915783e+01
371	21.309190	-2.8001329362898011e+07	-9.1442751470953226e+01
372	21.411221	-2.8001227918001954e+07	1.0144489605724812e+02
373	20.922147	-2.8001141718489256e+07	8.6199512697756290e+01
374	20.683506	-2.8001191832698524e+07	-5.0114209268242121e+01
375	20.641359	-2.8001109724800769e+07	8.2107897754758596e+01
376	20.299245	-2.8001032358040843e+07	7.7366759926080704e+01
377	20.314606	-2.8000954490249354e+07	7.7867791488766670e+01
378	20.385509	-2.8000878195733026e+07	7.6294516328722239e+01
379	20.057763	-2.8001507979966778e+07	-6.2978423375263810e+02
380	19.917060	-2.8001384046684243e+07	1.2393328253552318e+02
381	20.125207	-2.8001285987536877e+07	9.8059147365391254e+01
382	19.749533	-2.8001187393864937e+07	9.8593671940267086e+01
383	19.526452	-2.8001094287967749e+07	9.3105897188186646e+01
384	19.752222	-2.8001148530476805e+07	-5.4242509055882692e+01
385	19.445453	-2.8001267625323791e+07	-1.1909484698623419e+02
386	19.303615	-2.8001181508245401e+07	8.6117078389972448e+01
387	19.338012	-2.8001073699797284e+07	1.0780844811722636e+02
388	19.176463	-2.8000999412017182e+07	7.4287780102342367e+01
389	18.966316	-2.8001081966425866e+07	-8.2554408684372902e+01
390	18.910722	-2.8000987854457572e+07	9.4111968293786049e+01
391	18.756314	-2.8000904060819250e+07	8.3793638322502375e+01
392	18.602433	-2.8001197866281461e+07	-2.9380546221137047e+02
393	18.452191	-2.8001345191212989e+07	-1.4732493152841926e+02
394	18.593986	-2.8001255449766003e+07	8.9741446986794472e+01
395	18.279905	-2.8001178913856566e+07	7.6535909436643124e+01
396	18.185518	-2.8001101735597912e+07	7.7178258653730154e+01
397	18.248554	-2.8001287378870297e+07	-1.8564327238500118e+02
398	18.102084	-2.8001284796052799e+07	2.5828174985945225e+00
399	18.044596	-2.8001381941526212e+07	-9.7145473413169384e+01
400	18.095888	-2.8001284856027495e+07	9.7085498716682196e+01
401	18.155490	-2.8001268842977174e+07	1.6013050321489573e+01
402	18.046739	-2.8001169567571051e+07	9.9275406122207642e+01
403	18.117813	-2.8001302599690009e+07	-1.3303211895748973e+02
404	18.090296	-2.8001194483564921e+07	1.0811612508818507e+02
405	18.060451	-2.8001093649193812e+07	1.0083437110856175e+02
406	18.026894	-2.8001005622230880e+07	8.8026962932199240e+01
407	18.097871	-2.8000928213475280e+07	7.7408755600452423e+01
408	18.056253	-2.8001268723656386e+07	-3.4051018110662699e+02
409	18.023321	-2.8001178670080867e+07	9.0053575519472361e+01
410	18.058156	-2.8001288237349670e+07	-1.0956726880371571e+02
411	18.103686	-2.8001268615418728e+07	1.9621930941939354e+01
412	18.017089	-2.8001257413482774e+07	1.1201935954391956e+01
413	18.064227	-2.8001160582891628e+07	9.6830591145902872e+01
414	18.068563	-2.8001245792832699e+07	-8.5209941070526838e+01
415	18.055503	-2.8001207852745205e+07	3.7940087493509054e+01
416	18.088383	-2.8001191483003978e+07	1.6369741227477789e+01
417	18.057842	-2.8001115673033673e+07	7.5809970304369926e+01
418	18.079542	-2.8001090012411177e+07	2.5660622496157885e+01
419	18.036071	-2.8001181930078182e+07	-9.1917667005211115e+01
420	18.077634	-2.8001100919153683e+07	8.1010924499481916e+01
421	18.092176	-2.8001241591145575e+07	-1.4067199189215899e+02
422	18.052195	-2.8001241578609340e+07	1.2536235153675079e-02
423	18.054975	-2.8001156643930022e+07	8.4934679318219423e+01
424	18.074460	-2.8001079846411120e+07	7.6797518901526928e+01
425	18.047515	-2.8001234468074035e+07	-1.5462166291475296e+02
426	18.060489	-2.8001151247086175e+07	8.3220987860113382e+01
427	18.087686	-2.8001078876010001e+07	7.2371076174080372e+01
428	18.022634	-2.8001143738566853e+07	-6.4862556852400303e+01
429	18.050863	-2.8001068005200025e+07	7.5733366828411818e+01
430	18.040829	-2.8001006575103071e+07	6.1430096954107285e+01
431	18.058344	-2.8000946756393906e+07	5.9818709164857864e+01
432	18.150297	-2.8001080669549689e+07	-1.3391315578296781e+02
433	18.055670	-2.8001013280206900e+07	6.7389342788606882e+01
434	18.107598	-2.8000952358853199e+07	6.0921353701502085e+01
435	18.103061	-2.8001147406444367e+07	-1.9504759116843343e+02
436	18.059467	-2.8001071206037138e+07	7.6200407229363918e+01
437	18.088153	-2.8001008776722848e+07	6.2429314289242029e+01
438	18.026721	-2.8000947120204505e+07	6.1656518343836069e+01
439	18.117279	-2.8001079827226005e+07	-1.3270702150091529e+02
440	18.027733	-2.8001018033459824e+07	6.1793766181915998e+01
441	18.050091	-2.8000964168404952e+07	5.3865054871886969e+01
442	18.063373	-2.8000911704120778e+07	5.2464284174144268e+01
443	18.084901	-2.8001120360802788e+07	-2.0865668201074004e+02
444	18.093687	-2.8001097269020882e+07	2.3091781906783581e+01
445	18.088228	-2.8001029988955814e+07	6.7280065067112446e+01
446	18.123588	-2.8000972226647504e+07	5.7762308310717344e+01
447	18.052013	-2.8001347516224299e+07	-3.7528957679495215e+02
448	18.013955	-2.8001268031533297e+07	7.9484691001474857e+01
449	18.052122	-2.8001180054554947e+07	8.7976978350430727e+01
450	18.070749	-2.8001101362594318e+07	7.8691960629075766e+01
451	18.100836	-2.8001096929156128e+07	4.4334381893277168e+00
452	18.062503	-2.8001029159413371e+07	6.7769742757081985e+01
453	18.071411	-2.8001137515702538e+07	-1.0835628916695714e+02
454	18.106291	-2.8001057638049435e+07	7.9877653103321791e+01
455	18.148773	-2.8000985332995396e+07	7.2305054038763046e+01
456	18.120446	-2.8001049346267026e+07	-6.4013271629810333e+01
457	18.056886	-2.8000984354150936e+07	6.4992116089910269e+01
458	18.055182	-2.8000991533820342e+07	-7.1796694062650204e+00
459	18.073047	-2.8001078029709153e+07	-8.6495888810604811e+01
460	18.131717	-2.8001084563950617e+07	-6.5342414639890194e+00
461	18.081681	-2.8001016244682413e+07	6.8319268204271793e+01
462	18.055714	-2.8001075518994130e+07	-5.9274311717599630e+01
463	18.111137	-2.8000999207873855e+07	7.6311120275408030e+01
464	18.099119	-2.8000999720019951e+07	-5.1214609667658806e-01
465	18.092712	-2.8001040540501699e+07	-4.0820481747388840e+01
466	18.122825	-2.8000977606510948e+07	6.2933990750461817e+01
467	18.048566	-2.8000926184913307e+07	5.1421597640961409e+01
468	18.052045	-2.8000876185043797e+07	4.9999869510531425e+01
469	18.089162	-2.8000988899048176e+07	-1.1271400437876582e+02
470	18.062787	-2.8000933491999425e+07	5.5407048750668764e+01
471	18.060106	-2.8000882994715903e+07	5.0497283522039652e+01
472	18.066507	-2.8000835058856748e+07	4.7935859154909849e+01
473	18.059122	-2.8000928161698755e+07	-9.3102842006832361e+01
474	18.062162	-2.8000920196455184e+07	7.9652435705065727e+00
475	18.101237	-2.8000925673636992e+07	-5.4771818071603775e+00
476	18.032993	-2.8000868304801270e+07	5.7368835721164942e+01
477	18.013687	-2.8000828748408798e+07	3.9556392472237349e+01
478	18.068525	-2.8000940988235012e+07	-1.1223982621356845e+02
479	18.017673	-2.8001062070504911e+07	-1.2108226989954710e+02
480	18.004798	-2.8001001328150313e+07	6.0742354597896338e+01
481	18.038685	-2.8000996335582424e+07	4.9925678893923759e+00
482	18.019863	-2.8000944448066939e+07	5.1887515485286713e+01
483	18.023563	-2.8001000475179952e+07	-5.6027113012969494e+01
484	18.001134	-2.8000946229193069e+07	5.4245986882597208e+01
485	18.030028	-2.8000981657950185e+07	-3.5428757116198540e+01
486	17.992204	-2.8000923947556198e+07	5.7710393987596035e+01
487	17.976498	-2.8000873748005431e+07	5.0199550766497850e+01
488	17.981083	-2.8001050033267051e+07	-1.7628526161983609e+02
489	17.984908	-2.8000974610099673e+07	7.5423167377710342e+01
490	17.993125	-2.8000909984183360e+07	6.4625916313380003e+01
491	18.004012	-2.8000851142377388e+07	5.8841805972158909e+01
492	17.986639	-2.8000814336447462e+07	3.6805929925292730e+01
493	17.962708	-2.8000960063715983e+07	-1.4572726852074265e+02
494	18.029671	-2.8000928668640859e+07	3.1395075123757124e+01
495	18.009387	-2.8000882421639368e+07	4.6247001491487026e+01
496	17.980528	-2.8000847719380330e+07	3.4702259037643671e+01
497	18.006292	-2.8000888726838347e+07	-4.1007458016276360e+01
498	17.989340	-2.8000848145726137e+07	4.0581112209707499e+01
499	17.987894	-2.8000809289401162e+07	3.8856324974447489e+01
500	18.003896	-2.8000982637772880e+07	-1.7334837171807885e+02
501	17.978935	-2.8001002953728601e+07	-2.0315955720841885e+01
502	17.974190	-2.8000972536746860e+07	3.0416981741786003e+01
503	17.977932	-2.8000914902329966e+07	5.7634416893124580e+01
504	18.022707	-2.8000865046576716e+07	4.9855753250420094e+01
505	17.989331	-2.8000850085288275e+07	1.4961288440972567e+01
506	17.992267	-2.8000794919024047e+07	5.5166264228522778e+01
507	17.984977	-2.8000917242311433e+07	-1.2232328738644719e+02
508	17.969581	-2.8000990418050751e+07	-7.3175739318132401e+01
509	17.995878	-2.8000932432248265e+07	5.7985802486538887e+01
510	17.978455	-2.8000877931583297e+07	5.4500664968043566e+01
511	17.987644	-2.8001023898030385e+07	-1.4596644708886743e+02
512	17.956756	-2.8000950554706164e+07	7.3343324221670628e+01
513	18.005101	-2.8000891351206429e+07	5.9203499734401703e+01
514	18.007395	-2.8000845727130301e+07	4.5624076128005981e+01
515	18.001557	-2.8001289051110506e+07	-4.4332398020476103e+02
516	17.996795	-2.8001193307400860e+07	9.5743709646165371e+01
517	18.025079	-2.8001118480609953e+07	7.4826790906488895e+01
518	18.003329	-2.8001177616846800e+07	-5.9136236846446991e+01
519	17.961024	-2.8001110690429728e+07	6.6926417071372271e+01
520	18.017903	-2.8001048613073293e+07	6.2077356435358524e+01
521	18.010215	-2.8000984025145300e+07	6.4587927993386984e+01
522	17.997400	-2.8000920729024231e+07	6.3296121068298817e+01
523	18.017788	-2.8001120050200667e+07	-1.9932117643579841e+02
524	18.012077	-2.8001029199277967e+07	9.0850922700017691e+01
525	17.965450	-2.8001075874673415e+07	-4.6675395447760820e+01
526	17.977867	-2.8000986325768109e+07	8.9548905305564404e+01
527	17.986937	-2.8001150412189789e+07	-1.6408642167970538e+02
528	18.020442	-2.8001075264970500e+07	7.5147219289094210e+01
529	17.993932	-2.8001007958119962e+07	6.7306850537657738e+01
530	18.003838	-2.8001160098767444e+07	-1.5214064748212695e+02
531	17.983587	-2.8001085671576399e+07	7.4427191045135260e+01
532	17.982519	-2.8001021334527213e+07	6.4337049186229706e+01
533	18.019883	-2.8001047328914564e+07	-2.5994387350976467e+01
534	17.988231	-2.8001201279504474e+07	-1.5395058991014957e+02
535	17.985262	-2.8001129195316605e+07	7.2084187868982553e+01
536	18.026816	-2.8001056885830838e+07	7.2309485767036676e+01
537	17.995204	-2.8001137738488566e+07	-8.0852657727897167e+01
538	18.002989	-2.8001067013806812e+07	7.0724681753665209e+01
539	18.000192	-2.8001058042551376e+07	8.9712554365396500e+00
540	17.991389	-2.8000986447957233e+07	7.1594594143331051e+01
541	18.052479	-2.8000923137235381e+07	6.3310721851885319e+01
542	18.019710	-2.8001094112659831e+07	-1.7097542444989085e+02
543	18.019961	-2.8001031212371957e+07	6.2900287874042988e+01
544	17.958513	-2.8001026719167221e+07	4.4932047352194786e+00
545	18.000583	-2.8001079668995194e+07	-5.2949827972799540e+01
546	18.005650	-2.8001008897189617e+07	7.0771805576980114e+01
547	17.992023	-2.8000943259878788e+07	6.5637310829013586e+01
548	18.023908	-2.8000890194697220e+07	5.3065181568264961e+01
549	18.022535	-2.8000937547215141e+07	-4.7352517921477556e+01
550	18.000395	-2.8000875562921509e+07	6.1984293632209301e+01
551	18.009731	-2.8000943833673190e+07	-6.8270751681178808e+01
552	17.987935	-2.8001121452156831e+07	-1.7761848364025354e+02
553	18.000460	-2.8001108881206501e+07	1.2570950329303741e+01
554	18.003882	-2.8001041121950299e+07	6.7759256202727556e+01
555	17.998158	-2.8000976497067451e+07	6.4624882847070694e+01
556	18.074440	-2.8000929595632430e+07	4.6901435021311045e+01
557	18.001774	-2.8000878512458369e+07	5.1083174061030149e+01
558	18.041993	-2.8001026329781942e+07	-1.4781732357293367e+02
559	17.945963	-2.8001217799224373e+07	-1.9146944243088365e+02
560	17.967701	-2.8001356638449732e+07	-1.3883922535926104e+02
561	17.975010	-2.8001262768899642e+07	9.3869550090283155e+01
562	17.942185	-2.8001174987604313e+07	8.7781295329332352e+01
563	17.926977	-2.8001162687707897e+07	1.2299896415323019e+01
564	17.939668	-2.8001267100382730e+07	-1.0441267483308911e+02
565	17.950998	-2.8001187772725649e+07	7.9327657081186771e+01
566	17.917200	-2.8001112961511277e+07	7.4811214372515678e+01
567	17.945537	-2.8001142601264898e+07	-2.9639753621071577e+01
568	17.929332	-2.8001236995944258e+07	-9.4394679360091686e+01
569	17.943784	-2.8001150349383250e+07	8.6646561007946730e+01
570	17.932322	-2.8001067629097130e+07	8.2720286119729280e+01
571	17.940617	-2.8001269656413008e+07	-2.0202731587737799e+02
572	17.918349	-2.8001188459548596e+07	8.1196864411234856e+01
573	17.911636	-2.8001113211039957e+07	7.5248508639633656e+01
574	17.958535	-2.8001301442271270e+07	-1.8823123131319880e+02
575	17.931218	-2.8001219454631127e+07	8.1987640142440796e+01
576	17.918286	-2.8001229677030619e+07	-1.0222399491816759e+01
577	17.964349	-2.8001313593775034e+07	-8.3916744414716959e+01
578	17.924832	-2.8001227658476707e+07	8.5935298327356577e+01
579	17.890125	-2.8001148236634880e+07	7.9421841826289892e+01
580	17.908493	-2.8001073818332762e+07	7.4418302118778229e+01
581	17.898708	-2.8001052855741579e+07	2.0962591182440519e+01
582	17.947519	-2.8000973700374484e+07	7.9155367095023394e+01
583	17.923507	-2.8001604729254007e+07	-6.3102887952327728e+02
584	17.966571	-2.8001478779458527e+07	1.2594979548081756e+02
585	17.923652	-2.8001364337362804e+07	1.1444209572300315e+02
586	17.912600	-2.8001258147094142e+07	1.0619026866182685e+02
587	17.920407	-2.8001084032005403e+07	1.7411508873850107e+02
588	17.946399	-2.8001243966827415e+07	-1.5993482201173902e+02
589	17.932471	-2.8001151012579743e+07	9.2954247672110796e+01
590	17.904416	-2.8001235987330351e+07	-8.4974750608205795e+01
591	17.966879	-2.8001222733132772e+07	1.3254197578877211e+01
592	17.926175	-2.8001136473563347e+07	8.6259569425135851e+01
593	17.962183	-2.8001230092734639e+07	-9.3619171291589737e+01
594	17.914220	-2.8001131682298541e+07	9.8410436097532511e+01
595	17.924478	-2.8001047185295615e+07	8.4497002925723791e+01
596	17.954157	-2.8001024868212912e+07	2.2317082703113556e+01
597	17.928949	-2.8000955584954735e+07	6.9283258177340031e+01
598	17.951626	-2.8001250417984415e+07	-2.9483302967995405e+02
599	17.962967	-2.8001148608923916e+07	1.0180906049907207e+02
600	17.964783	-2.8001069298572812e+07	7.9310351103544235e+01
601	17.951590	-2.8001004244094953e+07	6.5054477859288454e+01
602	17.954286	-2.8000953124064870e+07	5.1120030082762241e+01
603	17.963270	-2.8001057961365007e+07	-1.0483730013668537e+02
604	17.962199	-2.8001038541754611e+07	1.9419610396027565e+01
605	17.938335	-2.8000984800560284e+07	5.3741194326430559e+01
606	17.951287	-2.8000926868645743e+07	5.7931914541870356e+01
607	17.968665	-2.8001004833736081e+07	-7.7965090338140726e+01
608	17.967059	-2.8001108930124812e+07	-1.0409638873115182e+02
609	17.955004	-2.8001081037165474e+07	2.7892959337681532e+01
610	17.962199	-2.8001049387348305e+07	3.1649817168712616e+01
611	17.969992	-2.8000977363256823e+07	7.2024091482162476e+01
612	17.948184	-2.8001090644992169e+07	-1.1328173534572124e+02
613	17.982473	-2.8001083117187690e+07	7.5278044790029526e+00
614	17.935879	-2.8001021139614955e+07	6.1977572735399008e+01
615	17.943876	-2.8000967361948371e+07	5.3777666583657265e+01
616	17.964843	-2.8001167980909746e+07	-2.0061896137520671e+02
617	17.971141	-2.8001086184879757e+07	8.1796029988676310e+01
618	17.957591	-2.8001017570031419e+07	6.8614848338067532e+01
619	17.997320	-2.8000949819731921e+07	6.7750299498438835e+01
620	17.938887	-2.8000976492291640e+07	-2.6672559719532728e+01
621	17.961241	-2.8001104232046988e+07	-1.2773975534737110e+02
622	17.956749	-2.8001119411365446e+07	-1.5179318457841873e+01
623	17.956830	-2.8001047865987316e+07	7.1545378129929304e+01
624	17.953000	-2.8001115866396345e+07	-6.8000409029424191e+01
625	17.934020	-2.8001038282963555e+07	7.7583432789891958e+01
626	17.964422	-2.8000965137853172e+07	7.3145110383629799e+01
627	17.962447	-2.8000894820816554e+07	7.0317036617547274e+01
628	17.942937	-2.8000833026164033e+07	6.1794652521610260e+01
629	17.951657	-2.8000769249804594e+07	6.3776359438896179e+01
630	17.953937	-2.8000907846691225e+07	-1.3859688663110137e+02
631	17.971011	-2.8000968049334884e+07	-6.0202643658965826e+01
632	17.979173	-2.8000966380480081e+07	1.6688548028469086e+00
633	17.939040	-2.8000912643923473e+07	5.3736556608229876e+01
634	17.935657	-2.8000867447279230e+07	4.5196644242852926e+01
635	17.973104	-2.8000968313994169e+07	-1.0086671493947506e+02
636	17.964379	-2.8000917465124540e+07	5.0848869629204273e+01
637	17.971671	-2.8000871590746667e+07	4.5874377872794867e+01
638	17.963359	-2.8000936752954241e+07	-6.5162207573652267e+01
639	17.938248	-2.8000883903095122e+07	5.2849859118461609e+01
640	17.955589	-2.8000913685420468e+07	-2.9782325346022844e+01
641	17.952339	-2.8000992841874592e+07	-7.9156454123556614e+01
642	17.942204	-2.8000942900830157e+07	4.9941044434905052e+01
643	17.946810	-2.8000949003806181e+07	-6.1029760241508484e+00
644	17.969675	-2.8001004329829875e+07	-5.5326023694127798e+01
645	17.941745	-2.8000954690270875e+07	4.9639559000730515e+01
646	17.944218	-2.8000916438986812e+07	3.8251284062862396e+01
647	17.949667	-2.8000989645408042e+07	-7.3206421229988337e+01
648	17.930611	-2.8001013306781549e+07	-2.3661373507231474e+01
649	17.977520	-2.8000959593596693e+07	5.3713184855878353e+01
650	17.928737	-2.8000907100998219e+07	5.2492598474025726e+01
651	17.972036	-2.8000858603255380e+07	4.8497742839157581e+01
652	17.979711	-2.8000810546373535e+07	4.8056881844997406e+01
653	17.964193	-2.8000934094582144e+07	-1.2354820860922337e+02
654	17.961072	-2.8001153009868044e+07	-2.1891528590023518e+02
655	17.937581	-2.8001114039957091e+07	3.8969910953193903e+01
656	17.939276	-2.8001042345459204e+07	7.1694497887045145e+01
657	17.947895	-2.8001060489415567e+07	-1.8143956363201141e+01
658	17.918337	-2.8001079652112816e+07	-1.9162697248160839e+01
659	17.968614	-2.8001009801146690e+07	6.9850966125726700e+01
660	17.944501	-2.8000946474030271e+07	6.3327116418629885e+01
661	17.969388	-2.8001045459970504e+07	-9.8985940232872963e+01
662	17.966183	-2.8001109559340984e+07	-6.4099370479583740e+01
663	17.949954	-2.8001032278475709e+07	7.7280865274369717e+01
664	17.941224	-2.8000961173330940e+07	7.1105144768953323e+01
665	17.939322	-2.8001056690694015e+07	-9.5517363075166941e+01
666	17.967342	-2.8000980535562944e+07	7.6155131071805954e+01
667	17.969387	-2.8001218452927589e+07	-2.3791736464574933e+02
668	17.928892	-2.8001172142217819e+07	4.6310709770768881e+01
669	17.953428	-2.8001100574038677e+07	7.1568179141730070e+01
670	17.951458	-2.8001043276255932e+07	5.7297782745212317e+01
671	17.914052	-2.8001170361822352e+07	-1.2708556642010808e+02
672	17.945634	-2.8001100572529487e+07	6.9789292864501476e+01
673	17.951799	-2.8001038114449035e+07	6.2458080451935530e+01
674	17.920296	-2.8000973913670365e+07	6.4200778670608997e+01
675	17.941866	-2.8000911923480559e+07	6.1990189805626869e+01
676	17.944195	-2.8001421227584481e+07	-5.0930410392209888e+02
677	17.921445	-2.8001308159121785e+07	1.1306846269592643e+02
678	17.935404	-2.8001225180950206e+07	8.2978171579539776e+01
679	17.962806	-2.8001145520427529e+07	7.9660522677004337e+01
680	17.951131	-2.8001134232404128e+07	1.1288023401051760e+01
681	17.962784	-2.8001190880045731e+07	-5.6647641602903605e+01
682	17.954804	-2.8001116564296924e+07	7.4315748807042837e+01
683	17.966217	-2.8001046296180565e+07	7.0268116358667612e+01
684	17.944718	-2.8001036859976888e+07	9.4362036772072315e+00
685	17.954683	-2.8001309032525185e+07	-2.7217254829779267e+02
686	17.956547	-2.8001277450026792e+07	3.1582498393952847e+01
687	17.945990	-2.8001179727620643e+07	9.7722406148910522e+01
688	17.981497	-2.8001089656410106e+07	9.0071210537105799e+01
689	17.946813	-2.8001024689639479e+07	6.4966770626604557e+01
690	17.978293	-2.8000966645271935e+07	5.8044367544353008e+01
691	17.961984	-2.8001049969273809e+07	-8.3324001874774694e+01
692	18.000813	-2.8000985553063080e+07	6.4416210729628801e+01
693	17.927097	-2.8000926640776761e+07	5.8912286318838596e+01
694	17.954343	-2.8000939834398869e+07	-1.3193622108548880e+01
695	17.930870	-2.8000891954271898e+07	4.7880126971751451e+01
696	17.863916	-2.8001053003425486e+07	-1.6104915358871222e+02
697	17.636020	-2.8001256971645702e+07	-2.0396822021529078e+02
698	17.684105	-2.8001171627865456e+07	8.5343780245631933e+01
699	17.642561	-2.8001099002667859e+07	7.2625197596848011e+01
700	17.625891	-2.8001027863810439e+07	7.1138857420533895e+01
701	17.551157	-2.8001230806434955e+07	-2.0294262451678514e+02
702	17.563414	-2.8001191711105380e+07	3.9095329575240612e+01
703	17.563753	-2.8001114635137126e+07	7.7075968254357576e+01
704	17.595589	-2.8001039058994703e+07	7.5576142422854900e+01
705	17.629800	-2.8001166591693494e+07	-1.2753269879147410e+02
706	17.564628	-2.8001298401999101e+07	-1.3181030560657382e+02
707	17.638490	-2.8001303996783510e+07	-5.5947844088077545e+00
708	17.587719	-2.8001222972086664e+07	8.1024696845561266e+01
709	17.595110	-2.8001141757550839e+07	8.1214535824954510e+01
710	17.601153	-2.8001179986954249e+07	-3.8229403410106897e+01
711	17.569361	-2.8001090107220180e+07	8.9879734069108963e+01
712	17.585579	-2.8001010322977394e+07	7.9784242786467075e+01
713	17.616270	-2.8000938915987503e+07	7.1406989891082048e+01
714	17.704994	-2.8000863779026922e+07	7.5136960580945015e+01
715	17.758889	-2.8001367553945296e+07	-5.0377491837367415e+02
716	17.732195	-2.8001259318491641e+07	1.0823545365408063e+02
717	17.839060	-2.8001169693011355e+07	8.9625480286777020e+01
718	17.749917	-2.8001175159927025e+07	-5.4669156707823277e+00
719	17.649343	-2.8001143912072483e+07	3.1247854541987181e+01
720	17.587207	-2.8001156299126491e+07	-1.2387054007500410e+01
721	17.595363	-2.8001085458841279e+07	7.0840285211801529e+01
722	17.588725	-2.8001115970217645e+07	-3.0511376366019249e+01
723	17.618764	-2.8001033486309860e+07	8.2483907785266638e+01
724	17.746142	-2.8000965799619358e+07	6.7686690501868725e+01
725	17.770271	-2.8001175414132908e+07	-2.0961451354995370e+02
726	17.735453	-2.8001264209518816e+07	-8.8795385908335447e+01
727	17.771358	-2.8001179929406300e+07	8.4280112516134977e+01
728	17.691079	-2.8001108335498191e+07	7.1593908108770847e+01
729	17.641433	-2.8001037421215005e+07	7.0914283186197281e+01
730	17.686964	-2.8000977663400762e+07	5.9757814243435860e+01
731	17.711966	-2.8001053543979935e+07	-7.5880579173564911e+01
732	17.648803	-2.8001249017078735e+07	-1.9547309879958630e+02
733	17.656392	-2.8001171017239284e+07	7.7999839451164007e+01
734	17.735663	-2.8001102359340720e+07	6.8657898563891649e+01
735	17.641743	-2.8001033970110502e+07	6.8389230217784643e+01
736	17.738016	-2.8001028818956017e+07	5.1511544845998287e+00
737	17.745092	-2.8001155510168057e+07	-1.2669121203944087e+02
738	17.812916	-2.8001075464557942e+07	8.0045610114932060e+01
739	17.804320	-2.8001003870539997e+07	7.1594017945230007e+01
740	17.847366	-2.8001129723363858e+07	-1.2585282386094332e+02
741	17.786900	-2.8001260934456218e+07	-1.3121109236031771e+02
742	17.867596	-2.8001187953996684e+07	7.2980459533631802e+01
743	17.804979	-2.8001121945811056e+07	6.6008185628801584e+01
744	17.803342	-2.8001104953452975e+07	1.6992358081042767e+01
745	17.780004	-2.8001078078714371e+07	2.6874738603830338e+01
746	17.870813	-2.8001065812489070e+07	1.2266225300729275e+01
747	17.824763	-2.8001045443827692e+07	2.0368661377578974e+01
748	17.861435	-2.8001108092985027e+07	-6.2649157334119081e+01
749	17.837379	-2.8001040717949938e+07	6.7375035088509321e+01
750	17.846789	-2.8000978960065734e+07	6.1757884204387665e+01
751	17.783348	-2.8001075172241341e+07	-9.6212175607681274e+01
752	17.824831	-2.8001004126953166e+07	7.1045288175344467e+01
753	17.783121	-2.8000993029355712e+07	1.1097597453743219e+01
754	17.746203	-2.8000927136913899e+07	6.5892441812902689e+01
755	17.709495	-2.8001177908047769e+07	-2.5077113386988640e+02
756	17.667221	-2.8001108642004814e+07	6.9266042955219746e+01
757	17.696394	-2.8001210087375473e+07	-1.0144537065923214e+02
758	17.809231	-2.8001135277309887e+07	7.4810065586119890e+01
759	17.829061	-2.8001065105524618e+07	7.0171785268932581e+01
760	17.691144	-2.8001001867706515e+07	6.3237818103283644e+01
761	17.783180	-2.8000945395069089e+07	5.6472637426108122e+01
762	17.686732	-2.8001158511957508e+07	-2.1311688841879368e+02
763	17.741244	-2.8001077630036134e+07	8.0881921373307705e+01
764	17.618560	-2.8001137856995966e+07	-6.0226959832012653e+01
765	17.631803	-2.8001058515209842e+07	7.9341786123812199e+01
766	17.713779	-2.8000985404139198e+07	7.3111070644110441e+01
767	17.749354	-2.8000911867741592e+07	7.3536397606134415e+01
768	17.709274	-2.8000981433739297e+07	-6.9565997704863548e+01
769	17.705783	-2.8000911650735751e+07	6.9783003546297550e+01
770	17.649112	-2.8001268132346023e+07	-3.5648161027207971e+02
771	17.620592	-2.8001226365464300e+07	4.1766881722956896e+01
772	17.725388	-2.8001149554784209e+07	7.6810680091381073e+01
773	17.701184	-2.8001123655005805e+07	2.5899778403341770e+01
774	17.646598	-2.8001179344270270e+07	-5.5689264465123415e+01
775	17.563628	-2.8001104125494879e+07	7.5218775391578674e+01
776	17.613250	-2.8001154089748841e+07	-4.9964253962039948e+01
777	17.580012	-2.8001076905161437e+07	7.7184587404131889e+01
778	17.608302	-2.8001007216094714e+07	6.9689066722989082e+01
779	17.587128	-2.8000996169787370e+07	1.1046307343989611e+01
780	17.577234	-2.8000995841000397e+07	3.2878697291016579e-01
781	17.621665	-2.8001178540058412e+07	-1.8269905801489949e+02
782	17.571090	-2.8001107227395494e+07	7.1312662918120623e+01
783	17.591086	-2.8001036903009500e+07	7.0324385993182659e+01
784	17.616545	-2.8001126780701052e+07	-8.9877691552042961e+01
785	17.661477	-2.8001149330544148e+07	-2.2549843095242977e+01
786	17.564219	-2.8001076328341424e+07	7.3002202723175287e+01
787	17.610226	-2.8001008841704324e+07	6.7486637100577354e+01
788	17.548865	-2.8000951341518633e+07	5.7500185690820217e+01
789	17.630158	-2.8001210684755880e+07	-2.5934323724731803e+02
790	17.587231	-2.8001125266508732e+07	8.5418247148394585e+01
791	17.587452	-2.8001051111425597e+07	7.4155083134770393e+01
792	17.626026	-2.8001085802777175e+07	-3.4691351577639580e+01
793	17.590655	-2.8001113496655583e+07	-2.7693878408521414e+01
794	17.585404	-2.8001052523301221e+07	6.0973354361951351e+01
795	17.560550	-2.8000997516433220e+07	5.5006868001073599e+01
796	17.584753	-2.8000941658133887e+07	5.5858299333602190e+01
797	17.591643	-2.8000970767322827e+07	-2.9109188940376043e+01
798	17.567002	-2.8001110365603857e+07	-1.3959828102961183e+02
799	17.615757	-2.8001033669180881e+07	7.6696422975510359e+01
800	17.628682	-2.8000962417319011e+07	7.1251861870288849e+01
801	17.586235	-2.8001007829044007e+07	-4.5411724995821714e+01
802	17.567041	-2.8000949303866599e+07	5.8525177408009768e+01
803	17.626086	-2.8000901596442286e+07	4.7707424312829971e+01
804	17.599564	-2.8001022067995042e+07	-1.2047155275568366e+02
805	17.585316	-2.8000965177739974e+07	5.6890255067497492e+01
806	17.634979	-2.8001199889055125e+07	-2.3471131515130401e+02
807	17.598848	-2.8001281262229271e+07	-8.1373174145817757e+01
808	17.586815	-2.8001197899632052e+07	8.3362597219645977e+01
809	17.619080	-2.8001284169139341e+07	-8.6269507288932800e+01
810	17.341602	-2.8001202937114660e+07	8.1232024680823088e+01
811	17.558259	-2.8001127382164720e+07	7.5554949939250946e+01
812	17.251465	-2.8001048969933584e+07	7.8412231136113405e+01
813	17.229282	-2.8000972685220819e+07	7.6284712765365839e+01
814	17.187716	-2.8000905810186949e+07	6.6875033870339394e+01
815	17.189524	-2.8001082831964061e+07	-1.7702177711203694e+02
816	17.224505	-2.8000995686630428e+07	8.7145333632826805e+01
817	17.524714	-2.8000917624394435e+07	7.8062235992401838e+01
818	17.465343	-2.8000855818165813e+07	6.1806228622794151e+01
819	17.327962	-2.8001067398184218e+07	-2.1158001840487123e+02
820	17.423535	-2.8001009580987029e+07	5.7817197188735008e+01
821	17.222597	-2.8000956513475310e+07	5.3067511718720198e+01
822	17.377781	-2.8000907860685110e+07	4.8652790199965239e+01
823	17.336796	-2.8000951597532492e+07	-4.3736847382038832e+01
824	17.351574	-2.8001176870402772e+07	-2.2527287027984858e+02
825	17.369398	-2.8001108224702816e+07	6.8645699955523014e+01
826	17.321028	-2.8001047579052910e+07	6.0645649906247854e+01
827	17.333886	-2.8000988333080098e+07	5.9245972812175751e+01
828	17.210970	-2.8000933980698671e+07	5.4352381426841021e+01
829	17.330459	-2.8001194403056476e+07	-2.6042235780507326e+02
830	17.284559	-2.8001103581134696e+07	9.0821921780705452e+01
831	17.396481	-2.8001027468760353e+07	7.6112374342978001e+01
832	17.239994	-2.8001193903888926e+07	-1.6643512857332826e+02
833	17.285547	-2.8001157670297965e+07	3.6233590960502625e+01
834	17.267101	-2.8001080588389900e+07	7.7081908065825701e+01
835	17.291078	-2.8001004160463154e+07	7.6427926745265722e+01
836	17.274840	-2.8001270856129956e+07	-2.6669566680118442e+02
837	17.379041	-2.8001189057104636e+07	8.1799025319516659e+01
838	17.433174	-2.8001119820994291e+07	6.9236110344529152e+01
839	17.298453	-2.8001165781793665e+07	-4.5960799373686314e+01
840	17.284186	-2.8001091752259392e+07	7.4029534272849560e+01
841	17.241341	-2.8001020981322419e+07	7.0770936973392963e+01
842	17.443353	-2.8000947531910002e+07	7.3449412416666746e+01
843	17.306899	-2.8000888333663795e+07	5.9198246207088232e+01
844	17.343966	-2.8000928328700408e+07	-3.9995036613196135e+01
845	17.311302	-2.8000862719877858e+07	6.5608822550624609e+01
846	17.207692	-2.8000994533415385e+07	-1.3181353752687573e+02
847	17.098199	-2.8001130877690412e+07	-1.3634427502751350e+02
848	17.087591	-2.8001064652842123e+07	6.6224848289042711e+01
849	17.105302	-2.8001155659208268e+07	-9.1006366144865751e+01
850	17.440193	-2.8001237616285626e+07	-8.1957077357918024e+01
851	17.487938	-2.8001198685942542e+07	3.8930343084037304e+01
852	17.292011	-2.8001118395834219e+07	8.0290108323097229e+01
853	17.240855	-2.8001100812092964e+07	1.7583741255104542e+01
854	17.426464	-2.8001091968160138e+07	8.8439328260719776e+00
855	17.361403	-2.8001243264926352e+07	-1.5129676621407270e+02
856	17.214989	-2.8001166623545311e+07	7.6641381040215492e+01
857	17.229360	-2.8001092893108103e+07	7.3730437207967043e+01
858	17.218825	-2.8001016613558050e+07	7.6279550053179264e+01
859	17.099658	-2.8001020002048548e+07	-3.3884904980659485e+00
860	17.337156	-2.8000938542415291e+07	8.1459633257240057e+01
861	17.087785	-2.8000959041235015e+07	-2.0498819723725319e+01
862	17.060746	-2.8000896393886201e+07	6.2647348813712597e+01
863	17.055483	-2.8000975709407728e+07	-7.9315521527081728e+01
864	17.044395	-2.8000998467265889e+07	-2.2757858160883188e+01
865	17.092250	-2.8000929441120796e+07	6.9026145093142986e+01
866	17.078234	-2.8000941944736436e+07	-1.2503615640103817e+01
867	17.171431	-2.8000884274322357e+07	5.7670414078980684e+01
868	17.017835	-2.8000837161980119e+07	4.7112342238426208e+01
869	17.053247	-2.8000947196139254e+07	-1.1003415913507342e+02
870	17.071579	-2.8001002739719260e+07	-5.5543580006808043e+01
871	17.114121	-2.8000950415689755e+07	5.2324029505252838e+01
872	17.042922	-2.8000906692570426e+07	4.3723119329661131e+01
873	17.057649	-2.8001093493750956e+07	-1.8680118053033948e+02
874	17.066354	-2.8001027587004188e+07	6.5906746767461300e+01
875	17.062437	-2.8000973488431808e+07	5.4098572380840778e+01
876	17.140472	-2.8000920589302525e+07	5.2899129282683134e+01
877	17.132922	-2.8000980237780627e+07	-5.9648478101938963e+01
878	17.090720	-2.8000931062305789e+07	4.9175474837422371e+01
879	17.083637	-2.8001000980662320e+07	-6.9918356530368328e+01
880	17.068773	-2.8000947634805139e+07	5.3345857180655003e+01
881	17.102644	-2.8000903884000752e+07	4.3750804387032986e+01
882	17.119976	-2.8001016078988113e+07	-1.1219498736038804e+02
883	17.107891	-2.8001187642995451e+07	-1.7156400733813643e+02
884	17.116866	-2.8001111165823046e+07	7.6477172404527664e+01
885	17.119549	-2.8001046590832021e+07	6.4574991025030613e+01
886	17.059057	-2.8000984497279581e+07	6.2093552440404892e+01
887	17.127510	-2.8000926740310188e+07	5.7756969392299652e+01
888	17.134124	-2.8001052631791085e+07	-1.2589148089662194e+02
889	17.103429	-2.8000984165333413e+07	6.8466457672417164e+01
890	17.094847	-2.8001030951334257e+07	-4.6786000844091177e+01
891	17.099652	-2.8001019011369877e+07	1.1939964380115271e+01
892	17.073006	-2.8001067868023023e+07	-4.8856653146445751e+01
893	17.111811	-2.8001002656763703e+07	6.5211259320378304e+01
894	17.103812	-2.8000944872449428e+07	5.7784314274787903e+01
895	17.073565	-2.8000927876990989e+07	1.6995458438992500e+01
896	17.095682	-2.8000865606911834e+07	6.2270079154521227e+01
897	17.084092	-2.8000871264260087e+07	-5.6573482528328896e+00
898	17.100421	-2.8000818337194920e+07	5.2927065167576075e+01
899	17.187772	-2.8000841917994473e+07	-2.3580799553543329e+01
900	17.122215	-2.8001071513539582e+07	-2.2959554510936141e+02
901	17.093910	-2.8000999271402374e+07	7.2242137208580971e+01
902	17.040854	-2.8000941024373125e+07	5.8247029248625040e+01
903	17.041090	-2.8000949060323875e+07	-8.0359507501125336e+00
904	17.052322	-2.8000973913962632e+07	-2.4853638757020235e+01
905	17.087134	-2.8000964893867888e+07	9.0200947448611259e+00
906	17.135620	-2.8000954974510323e+07	9.9193575643002987e+00
907	17.111341	-2.8000909425642151e+07	4.5548868171870708e+01
908	16.939641	-2.8000978344492860e+07	-6.8918850708752871e+01
909	16.587386	-2.8000924151828889e+07	5.4192663971334696e+01
910	16.598217	-2.8001027978225406e+07	-1.0382639651745558e+02
911	16.591669	-2.8000967842013866e+07	6.0136211540549994e+01
912	16.564840	-2.8000911142029956e+07	5.6699983909726143e+01
913	16.650400	-2.8000931948103592e+07	-2.0806073635816574e+01
914	16.658265	-2.8001072044208840e+07	-1.4009610524773598e+02
915	16.615518	-2.8001118606846370e+07	-4.6562637530267239e+01
916	16.651926	-2.8001056000533592e+07	6.2606312777847052e+01
917	16.689296	-2.8001002108901624e+07	5.3891631968319416e+01
918	16.640614	-2.8001169561698563e+07	-1.6745279693976045e+02
919	16.562470	-2.8001294658040378e+07	-1.2509634181484580e+02
920	16.579425	-2.8001204590148792e+07	9.0067891586571932e+01
921	16.619656	-2.8001122442826118e+07	8.2147322673350573e+01
922	16.608691	-2.8001045584952954e+07	7.6857873164117336e+01
923	16.707234	-2.8001046189110298e+07	-6.0415734350681305e-01
924	16.730990	-2.8001293090234872e+07	-2.4690112457424402e+02
925	16.722504	-2.8001201662146896e+07	9.1428087975829840e+01
926	16.650718	-2.8001122579468250e+07	7.9082678645849228e+01
927	16.633453	-2.8001045077214889e+07	7.7502253361046314e+01
928	16.626271	-2.8000971406954534e+07	7.3670260354876518e+01
929	16.688181	-2.8001182856430151e+07	-2.1144947561621666e+02
930	16.709557	-2.8001089984892413e+07	9.2871537737548351e+01
931	16.512835	-2.8001003249873824e+07	8.6735018588602543e+01
932	16.509453	-2.8001033713378686e+07	-3.0463504862040281e+01
933	16.485534	-2.8001059162362956e+07	-2.5448984269052744e+01
934	16.514649	-2.8001112011191137e+07	-5.2848828181624413e+01
935	16.512321	-2.8001096611710425e+07	1.5399480711668730e+01
936	16.525857	-2.8001044001003530e+07	5.2610706895589828e+01
937	16.521107	-2.8001075670605596e+07	-3.1669602066278458e+01
938	16.581810	-2.8001014631988078e+07	6.1038617517799139e+01
939	16.509867	-2.8001071406549554e+07	-5.6774561475962400e+01
940	16.509262	-2.8000998612875246e+07	7.2793674308806658e+01
941	16.513484	-2.8000930424398471e+07	6.8188476774841547e+01
942	16.599017	-2.8001208285713829e+07	-2.7786131535843015e+02
943	16.486844	-2.8001125768321771e+07	8.2517392057925463e+01
944	16.503559	-2.8001054322949506e+07	7.1445372264832258e+01
945	16.487587	-2.8000989619852278e+07	6.4703097227960825e+01
946	16.497825	-2.8001071566952057e+07	-8.1947099778801203e+01
947	16.534489	-2.8001000363549788e+07	7.1203402269631624e+01
948	16.458680	-2.8000940899563916e+07	5.9463985871523619e+01
949	16.432689	-2.8000884521509573e+07	5.6378054343163967e+01
950	16.453396	-2.8001032152659897e+07	-1.4763115032389760e+02
951	16.490198	-2.8000963594108813e+07	6.8558551084250212e+01
952	16.489110	-2.8001222428749204e+07	-2.5883464039117098e+02
953	16.542601	-2.8001130047875792e+07	9.2380873411893845e+01
954	16.435421	-2.8001051798766688e+07	7.8249109104275703e+01
955	16.398145	-2.8000979727909308e+07	7.2070857379585505e+01
956	16.461211	-2.8001075970298272e+07	-9.6242388963699341e+01
957	16.514486	-2.8001077008076053e+07	-1.0377777814865112e+00
958	16.513905	-2.8001261012735751e+07	-1.8400465969741344e+02
959	16.562001	-2.8001171127225764e+07	8.9885509986430407e+01
960	16.545099	-2.8001093926307086e+07	7.7200918678194284e+01
961	16.530446	-2.8001024816211026e+07	6.9110096059739590e+01
962	16.498297	-2.8000961204160653e+07	6.3612050373107195e+01
963	16.480361	-2.8000900872319505e+07	6.0331841148436069e+01
964	16.432305	-2.8001012814309552e+07	-1.1194199004769325e+02
965	16.461137	-2.8001178956203494e+07	-1.6614189394190907e+02
966	16.440599	-2.8001407780975487e+07	-2.2882477199286222e+02
967	16.456392	-2.8001311503290281e+07	9.6277685206383467e+01
968	16.483404	-2.8001217354631420e+07	9.4148658860474825e+01
969	16.458917	-2.8001129948482014e+07	8.7406149405986071e+01
970	16.472795	-2.8001054216779888e+07	7.5731702126562595e+01
971	16.458254	-2.8001424997444928e+07	-3.7078066504001617e+02
972	16.480243	-2.8001302365579747e+07	1.2263186518102884e+02
973	16.523568	-2.8001269176271901e+07	3.3189307846128941e+01
974	16.517851	-2.8001438433481775e+07	-1.6925720987468958e+02
975	16.448959	-2.8001330231819216e+07	1.0820166255906224e+02
976	16.448576	-2.8001236748962075e+07	9.3482857141643763e+01
977	16.515401	-2.8001147553810854e+07	8.9195151221007109e+01
978	16.476726	-2.8001335608912926e+07	-1.8805510207265615e+02
979	16.555939	-2.8001227598000031e+07	1.0801091289520264e+02
980	16.447426	-2.8001125661493439e+07	1.0193650659173727e+02
981	16.474231	-2.8001027124266334e+07	9.8537227105349302e+01
982	16.499982	-2.8001104910012309e+07	-7.7785745974630117e+01
983	16.479434	-2.8001501070601560e+07	-3.9616058925166726e+02
984	16.442826	-2.8001384655689139e+07	1.1641491242125630e+02
985	16.460570	-2.8001290218963288e+07	9.4436725851148367e+01
986	16.450096	-2.8001275322903566e+07	1.4896059721708298e+01
987	16.490133	-2.8001187387023386e+07	8.7935880180448294e+01
988	16.434794	-2.8001176157921299e+07	1.1229102086275816e+01
989	16.638379	-2.8001136487596452e+07	3.9670324847102165e+01
990	15.952678	-2.8001099083085366e+07	3.7404511086642742e+01
991	15.991345	-2.8001024095290039e+07	7.4987795326858759e+01
992	15.958870	-2.8001173133102294e+07	-1.4903781225532293e+02
993	15.934879	-2.8001389840578254e+07	-2.1670747596025467e+02
994	15.943624	-2.8001291477977164e+07	9.8362601090222597e+01
995	15.988105	-2.8001203698564522e+07	8.7779412642121315e+01
996	15.980594	-2.8001169355205886e+07	3.4343358635902405e+01
997	16.133946	-2.8001090754763898e+07	7.8600441988557577e+01
998	15.906797	-2.8001141831831276e+07	-5.1077067378908396e+01
999	16.045650	-2.8001064458452433e+07	7.7373378843069077e+01
1000	15.980347	-2.8000989984639630e+07	7.4473812803626060e+01

Writing Q matrix to /global/home/users/deboraycb/scratch/atahualpa/analysis/ohana/maf05_3/structure/merge2_20M_allchr_snps_maf05_k8_mi1000_1_q.matrix
Writing F matrix to /global/home/users/deboraycb/scratch/atahualpa/analysis/ohana/maf05_3/structure/merge2_20M_allchr_snps_maf05_k8_mi1000_1_f.matrix
