seed: 119758472

iter	duration	log_likelihood	delta-lle
0	2.827855	-4.4224750265914679e+07
1	18.459756	-3.9351135498541743e+07	4.8736147673729360e+06
2	17.805850	-3.5247370369162351e+07	4.1037651293793917e+06
3	17.767792	-3.4283831293375857e+07	9.6353907578649372e+05
4	17.592013	-3.3604690382459395e+07	6.7914091091646254e+05
5	17.426520	-3.2997819113759324e+07	6.0687126870007068e+05
6	17.395267	-3.2405570805935565e+07	5.9224830782375857e+05
7	17.273482	-3.1822794616136763e+07	5.8277618979880214e+05
8	17.175709	-3.1259948769286070e+07	5.6284584685069323e+05
9	16.928952	-3.0727220923487511e+07	5.3272784579855949e+05
10	17.016105	-3.0202404535528708e+07	5.2481638795880228e+05
11	16.746967	-2.9697756846338809e+07	5.0464768918989971e+05
12	16.851493	-2.9232330862439979e+07	4.6542598389882967e+05
13	16.697817	-2.8832799459788576e+07	3.9953140265140310e+05
14	16.838752	-2.8529625863278754e+07	3.0317359650982171e+05
15	16.702590	-2.8342680811846737e+07	1.8694505143201724e+05
16	16.660788	-2.8257880514431458e+07	8.4800297415278852e+04
17	16.692566	-2.8229602421783045e+07	2.8278092648413032e+04
18	16.750916	-2.8218460959240794e+07	1.1141462542250752e+04
19	16.531405	-2.8211584374698058e+07	6.8765845427364111e+03
20	16.569903	-2.8206191591737527e+07	5.3927829605303705e+03
21	16.632634	-2.8201763914166722e+07	4.4276775708049536e+03
22	16.680985	-2.8197872974235944e+07	3.8909399307779968e+03
23	16.408251	-2.8194051726055868e+07	3.8212481800764799e+03
24	16.608905	-2.8189940122240692e+07	4.1116038151755929e+03
25	16.499034	-2.8185779981938284e+07	4.1601403024084866e+03
26	16.402846	-2.8182530689759206e+07	3.2492921790778637e+03
27	16.214729	-2.8180356201806899e+07	2.1744879523068666e+03
28	16.443084	-2.8178800314768199e+07	1.5558870387002826e+03
29	16.403621	-2.8177558898474917e+07	1.2414162932820618e+03
30	16.353253	-2.8176442362581819e+07	1.1165358930975199e+03
31	16.154683	-2.8175360877687011e+07	1.0814848948083818e+03
32	16.346334	-2.8174260132878833e+07	1.1007448081783950e+03
33	16.177602	-2.8173097647300638e+07	1.1624855781942606e+03
34	16.140201	-2.8171830215380743e+07	1.2674319198951125e+03
35	16.140059	-2.8170430424907357e+07	1.3997904733866453e+03
36	16.311634	-2.8168876370514076e+07	1.5540543932802975e+03
37	16.135455	-2.8167170503725838e+07	1.7058667882382870e+03
38	16.075414	-2.8165352842406258e+07	1.8176613195799291e+03
39	16.123086	-2.8163504487192214e+07	1.8483552140444517e+03
40	16.131227	-2.8161856762539241e+07	1.6477246529720724e+03
41	15.933634	-2.8160892877367079e+07	9.6388517216220498e+02
42	15.980320	-2.8160236348711424e+07	6.5652865565568209e+02
43	16.003399	-2.8159866452452157e+07	3.6989625926688313e+02
44	16.014869	-2.8159370867480718e+07	4.9558497143909335e+02
45	15.964827	-2.8158910839594468e+07	4.6002788624912500e+02
46	15.938979	-2.8158477669166345e+07	4.3317042812332511e+02
47	15.952858	-2.8158064282343931e+07	4.1338682241365314e+02
48	16.044843	-2.8157660178500086e+07	4.0410384384542704e+02
49	15.804615	-2.8157265389256846e+07	3.9478924323990941e+02
50	16.031398	-2.8156874453788497e+07	3.9093546834960580e+02
51	15.976393	-2.8156488893734589e+07	3.8556005390733480e+02
52	16.066940	-2.8156100901296936e+07	3.8799243765324354e+02
53	15.886528	-2.8155763240010411e+07	3.3766128652542830e+02
54	16.109080	-2.8155369881839510e+07	3.9335817090049386e+02
55	15.988168	-2.8154973609451242e+07	3.9627238826826215e+02
56	15.920548	-2.8154573231691983e+07	4.0037775925919414e+02
57	15.800650	-2.8154178955488566e+07	3.9427620341628790e+02
58	16.089200	-2.8153786464536715e+07	3.9249095185101032e+02
59	15.960810	-2.8153511740170807e+07	2.7472436590865254e+02
60	15.994489	-2.8153209817850951e+07	3.0192231985554099e+02
61	15.781983	-2.8152827058491886e+07	3.8275935906544328e+02
62	15.998903	-2.8152478206492912e+07	3.4885199897363782e+02
63	15.835609	-2.8152166566875558e+07	3.1163961735367775e+02
64	16.014802	-2.8151883612930909e+07	2.8295394464954734e+02
65	15.846721	-2.8151626462149393e+07	2.5715078151598573e+02
66	16.095242	-2.8151647579992987e+07	-2.1117843594402075e+01
67	15.943578	-2.8151403740951438e+07	2.4383904154971242e+02
68	15.881072	-2.8151179361602582e+07	2.2437934885546565e+02
69	15.932698	-2.8150971126104839e+07	2.0823549774289131e+02
70	16.043563	-2.8150824764901094e+07	1.4636120374500751e+02
71	15.806266	-2.8150641765430681e+07	1.8299947041273117e+02
72	15.925070	-2.8150469732970364e+07	1.7203246031701565e+02
73	15.991446	-2.8150305257416017e+07	1.6447555434703827e+02
74	16.068508	-2.8150151184611823e+07	1.5407280419394374e+02
75	15.879989	-2.8150056435323302e+07	9.4749288521707058e+01
76	15.909477	-2.8149923819193169e+07	1.3261613013222814e+02
77	15.977556	-2.8149799705117200e+07	1.2411407596990466e+02
78	15.987998	-2.8149761391719807e+07	3.8313397392630577e+01
79	15.910286	-2.8149640125354126e+07	1.2126636568084359e+02
80	15.977454	-2.8149622352883950e+07	1.7772470176219940e+01
81	15.981344	-2.8149517174661454e+07	1.0517822249606252e+02
82	16.051969	-2.8149415813393846e+07	1.0136126760765910e+02
83	15.837701	-2.8149315648886599e+07	1.0016450724750757e+02
84	16.062022	-2.8149216406792577e+07	9.9242094021290541e+01
85	16.024545	-2.8149117616788972e+07	9.8790003605186939e+01
86	16.120347	-2.8149018140583999e+07	9.9476204972714186e+01
87	15.851875	-2.8148913433360197e+07	1.0470722380280495e+02
88	16.116907	-2.8148807470307253e+07	1.0596305294334888e+02
89	16.044989	-2.8148699659863733e+07	1.0781044352054596e+02
90	16.005566	-2.8148592928969175e+07	1.0673089455813169e+02
91	15.874198	-2.8148595394484736e+07	-2.4655155614018440e+00
92	16.106734	-2.8148469180312864e+07	1.2621417187154293e+02
93	15.926688	-2.8148343488080699e+07	1.2569223216548562e+02
94	16.065906	-2.8148216854122531e+07	1.2663395816832781e+02
95	15.853332	-2.8148110871672940e+07	1.0598244959115982e+02
96	16.084014	-2.8148009554256205e+07	1.0131741673499346e+02
97	15.990588	-2.8147909302534241e+07	1.0025172196328640e+02
98	15.999213	-2.8147811938694343e+07	9.7363839898258448e+01
99	15.924211	-2.8147714706528425e+07	9.7232165917754173e+01
100	16.156329	-2.8147619898719277e+07	9.4807809147983789e+01
101	16.001028	-2.8147526704097681e+07	9.3194621596485376e+01
102	15.993338	-2.8147434107320867e+07	9.2596776813268661e+01
103	16.041535	-2.8147342295716282e+07	9.1811604585498571e+01
104	16.094154	-2.8147252463744979e+07	8.9831971302628517e+01
105	15.854416	-2.8147166345833093e+07	8.6117911886423826e+01
106	15.973334	-2.8147089685625143e+07	7.6660207949578762e+01
107	16.044867	-2.8147014345390875e+07	7.5340234268456697e+01
108	16.140675	-2.8146941470074181e+07	7.2875316694378853e+01
109	15.988418	-2.8146870616086211e+07	7.0853987969458103e+01
110	16.015811	-2.8146802393441163e+07	6.8222645048052073e+01
111	16.016881	-2.8146734655095201e+07	6.7738345962017775e+01
112	16.044362	-2.8146670155528616e+07	6.4499566584825516e+01
113	15.973923	-2.8146606327550277e+07	6.3827978339046240e+01
114	16.031868	-2.8146544775144320e+07	6.1552405957132578e+01
115	16.072641	-2.8146486180194937e+07	5.8594949383288622e+01
116	16.167242	-2.8146430257818326e+07	5.5922376610338688e+01
117	15.849420	-2.8146375307269920e+07	5.4950548406690359e+01
118	16.157209	-2.8146322239116050e+07	5.3068153869360685e+01
119	16.032440	-2.8146270705434583e+07	5.1533681467175484e+01
120	15.933456	-2.8146223211810663e+07	4.7493623919785023e+01
121	15.869233	-2.8146178703137636e+07	4.4508673027157784e+01
122	16.160371	-2.8146138098373324e+07	4.0604764312505722e+01
123	16.025380	-2.8146098531028826e+07	3.9567344497889280e+01
124	16.065605	-2.8146061627077725e+07	3.6903951101005077e+01
125	15.876194	-2.8146026385019299e+07	3.5242058426141739e+01
126	16.150792	-2.8146108661321912e+07	-8.2276302613317966e+01
127	15.888378	-2.8146062491007108e+07	4.6170314803719521e+01
128	16.075209	-2.8146020374325339e+07	4.2116681769490242e+01
129	15.892783	-2.8145980923011143e+07	3.9451314195990562e+01
130	16.162842	-2.8145943141492579e+07	3.7781518563628197e+01
131	16.030614	-2.8145908271888126e+07	3.4869604453444481e+01
132	15.956923	-2.8145874875673886e+07	3.3396214239299297e+01
133	16.017210	-2.8145841308215097e+07	3.3567458789795637e+01
134	16.140812	-2.8145809115519784e+07	3.2192695312201977e+01
135	15.870822	-2.8145776618773218e+07	3.2496746566146612e+01
136	15.985115	-2.8145745185890399e+07	3.1432882819324732e+01
137	16.062121	-2.8145714262735948e+07	3.0923154450953007e+01
138	16.126241	-2.8145682880640663e+07	3.1382095284759998e+01
139	15.922297	-2.8145651989456948e+07	3.0891183715313673e+01
140	15.997449	-2.8145626652965810e+07	2.5336491137742996e+01
141	16.024342	-2.8145606885747187e+07	1.9767218623310328e+01
142	16.032334	-2.8145586860334862e+07	2.0025412324815989e+01
143	15.955762	-2.8145568230450794e+07	1.8629884067922831e+01
144	16.019489	-2.8145551081537206e+07	1.7148913588374853e+01
145	16.032586	-2.8145532918754600e+07	1.8162782605737448e+01
146	16.086416	-2.8145516235231794e+07	1.6683522805571556e+01
147	15.841770	-2.8145500201609123e+07	1.6033622670918703e+01
148	16.100817	-2.8145484840190969e+07	1.5361418154090643e+01
149	16.052624	-2.8145470564991109e+07	1.4275199860334396e+01
150	16.146169	-2.8145455898519926e+07	1.4666471183300018e+01
151	15.892052	-2.8145442292601697e+07	1.3605918228626251e+01
152	16.157496	-2.8145429303362522e+07	1.2989239174872637e+01
153	16.013520	-2.8145416422119100e+07	1.2881243422627449e+01
154	15.997574	-2.8145404175543770e+07	1.2246575329452753e+01
155	15.883439	-2.8145392608422842e+07	1.1567120928317308e+01
156	16.132919	-2.8145380910648558e+07	1.1697774283587933e+01
157	15.966889	-2.8145370484145634e+07	1.0426502924412489e+01
158	16.092912	-2.8145359126077216e+07	1.1358068417757750e+01
159	15.883522	-2.8145348738055814e+07	1.0388021402060986e+01
160	16.145520	-2.8145338657871727e+07	1.0080184087157249e+01
161	15.988201	-2.8145328867675442e+07	9.7901962846517563e+00
162	15.931342	-2.8145319356967323e+07	9.5107081197202206e+00
163	15.929241	-2.8145310357916769e+07	8.9990505538880825e+00
164	16.144611	-2.8145301166316465e+07	9.1916003040969372e+00
165	15.995775	-2.8145292740037180e+07	8.4262792840600014e+00
166	15.988291	-2.8145285696297515e+07	7.0437396652996540e+00
167	16.110334	-2.8145280660797063e+07	5.0355004519224167e+00
168	16.171517	-2.8145277469149198e+07	3.1916478648781776e+00
169	15.857082	-2.8145271510623951e+07	5.9585252478718758e+00
170	15.945653	-2.8145266020478889e+07	5.4901450611650944e+00
171	16.021838	-2.8145260071922418e+07	5.9485564716160297e+00
172	16.126786	-2.8145255350668233e+07	4.7212541848421097e+00
173	15.961404	-2.8145251016148642e+07	4.3345195911824703e+00
174	15.960497	-2.8145247061208963e+07	3.9549396783113480e+00
175	15.992763	-2.8145243493991505e+07	3.5672174580395222e+00
176	16.051867	-2.8145241219085198e+07	2.2749063074588776e+00
177	15.948561	-2.8145237633357462e+07	3.5857277363538742e+00
178	16.076177	-2.8145235173074629e+07	2.4602828323841095e+00
179	16.054059	-2.8145232957219627e+07	2.2158550024032593e+00
180	16.092875	-2.8145230886577338e+07	2.0706422887742519e+00
181	15.853339	-2.8145228953936879e+07	1.9326404593884945e+00
182	16.120345	-2.8145227082538582e+07	1.8713982962071896e+00
183	16.014797	-2.8145224809964269e+07	2.2725743129849434e+00
184	15.978442	-2.8145222911418803e+07	1.8985454663634300e+00
185	15.875617	-2.8145220634002298e+07	2.2774165049195290e+00
186	16.146518	-2.8145218369363479e+07	2.2646388188004494e+00
187	16.045659	-2.8145216606817391e+07	1.7625460885465145e+00
188	16.044896	-2.8145214840814099e+07	1.7660032920539379e+00
189	15.902275	-2.8145213146975130e+07	1.6938389688730240e+00
190	16.131426	-2.8145212056304246e+07	1.0906708836555481e+00
191	15.917080	-2.8145210521990400e+07	1.5343138463795185e+00
192	16.078562	-2.8145209519787773e+07	1.0022026263177395e+00
193	15.933277	-2.8145207912419628e+07	1.6073681451380253e+00
194	16.171494	-2.8145206875279196e+07	1.0371404327452183e+00
195	16.025073	-2.8145206147768483e+07	7.2751071304082870e-01
196	15.949217	-2.8145204614620943e+07	1.5331475399434566e+00
197	16.003549	-2.8145203695804235e+07	9.1881670802831650e-01
198	16.147124	-2.8145203140114352e+07	5.5568988248705864e-01
199	15.865657	-2.8145205901383895e+07	-2.7612695433199406e+00
200	15.961983	-2.8145206104604624e+07	-2.0322072878479958e-01
201	16.088675	-2.8145204914286617e+07	1.1903180070221424e+00
202	16.089554	-2.8145203328054179e+07	1.5862324386835098e+00
203	15.917101	-2.8145202194796406e+07	1.1332577727735043e+00
204	15.962148	-2.8145200725305244e+07	1.4694911614060402e+00
205	15.988257	-2.8145199509371292e+07	1.2159339524805546e+00
206	16.033420	-2.8145198379668441e+07	1.1297028511762619e+00
207	15.956877	-2.8145197708641682e+07	6.7102675884962082e-01
208	15.972512	-2.8145197106306814e+07	6.0233486816287041e-01
209	15.988278	-2.8145196081496995e+07	1.0248098187148571e+00
210	16.078966	-2.8145195440148331e+07	6.4134866371750832e-01
211	15.802525	-2.8145195181828488e+07	2.5831984356045723e-01
212	16.172791	-2.8145195346894681e+07	-1.6506619378924370e-01
213	16.093464	-2.8145194146138348e+07	1.2007563337683678e+00
214	16.122293	-2.8145193748756830e+07	3.9738151803612709e-01
215	15.870125	-2.8145193367562227e+07	3.8119460269808769e-01
216	16.122541	-2.8145193001522966e+07	3.6603926122188568e-01
217	15.957538	-2.8145192840854760e+07	1.6066820546984673e-01
218	16.007754	-2.8145192312388014e+07	5.2846674621105194e-01
219	15.852418	-2.8145191987086006e+07	3.2530200853943825e-01
220	16.135330	-2.8145191918078486e+07	6.9007519632577896e-02
221	15.944163	-2.8145191928735886e+07	-1.0657399892807007e-02
222	16.036374	-2.8145191071825124e+07	8.5691076144576073e-01
223	15.855421	-2.8145190933585301e+07	1.3823982328176498e-01
224	16.144214	-2.8145190511013158e+07	4.2257214337587357e-01
225	15.961165	-2.8145190245400213e+07	2.6561294496059418e-01
226	15.944995	-2.8145189988159373e+07	2.5724083930253983e-01
227	15.986829	-2.8145189736750297e+07	2.5140907615423203e-01
228	16.156040	-2.8145189491140559e+07	2.4560973793268204e-01
229	16.017290	-2.8145189441741694e+07	4.9398865550756454e-02
230	15.974133	-2.8145189346447170e+07	9.5294523984193802e-02
231	16.035857	-2.8145188797387488e+07	5.4905968159437180e-01
232	16.123970	-2.8145188587864757e+07	2.0952273160219193e-01
233	15.879195	-2.8145188388101630e+07	1.9976312667131424e-01
234	15.974949	-2.8145189069959097e+07	-6.8185746669769287e-01
235	16.012703	-2.8145188010301594e+07	1.0596575029194355e+00
236	16.158513	-2.8145188353389569e+07	-3.4308797493577003e-01
237	16.018399	-2.8145187658635173e+07	6.9475439563393593e-01
238	15.974844	-2.8145187492540900e+07	1.6609427332878113e-01
239	16.007944	-2.8145187332858060e+07	1.5968284010887146e-01
240	16.017490	-2.8145187179402057e+07	1.5345600247383118e-01
241	16.030697	-2.8145187032201782e+07	1.4720027521252632e-01
242	16.124931	-2.8145186890804484e+07	1.4139729738235474e-01
243	16.029404	-2.8145186754899502e+07	1.3590498268604279e-01
244	16.101887	-2.8145186624190237e+07	1.3070926442742348e-01
245	15.865851	-2.8145186498420846e+07	1.2576939165592194e-01
246	16.109297	-2.8145186567665935e+07	-6.9245088845491409e-02
247	16.056888	-2.8145186260991640e+07	3.0667429417371750e-01
248	15.973761	-2.8145186148770038e+07	1.1222160235047340e-01
249	15.836070	-2.8145186187587615e+07	-3.8817577064037323e-02
250	16.139035	-2.8145186263787791e+07	-7.6200176030397415e-02
251	16.062725	-2.8145185835329283e+07	4.2845850810408592e-01
252	16.030829	-2.8145186124191094e+07	-2.8886181116104126e-01
253	15.880310	-2.8145185644228067e+07	4.7996302694082260e-01
254	16.145174	-2.8145185553607654e+07	9.0620413422584534e-02
255	15.915539	-2.8145186432521340e+07	-8.7891368567943573e-01
256	16.081326	-2.8145185381756425e+07	1.0507649146020412e+00
257	15.942236	-2.8145185626293287e+07	-2.4453686177730560e-01
258	16.147653	-2.8145185221262623e+07	4.0503066405653954e-01
259	15.962360	-2.8145185145032194e+07	7.6230429112911224e-02
260	16.000368	-2.8145185261285055e+07	-1.1625286191701889e-01
261	15.993078	-2.8145185000052117e+07	2.6123293861746788e-01
262	16.137136	-2.8145184930901300e+07	6.9150816649198532e-02
263	15.893074	-2.8145184863752641e+07	6.7148659378290176e-02
264	16.015767	-2.8145185125825573e+07	-2.6207293197512627e-01
265	16.069023	-2.8145185062000230e+07	6.3825342804193497e-02
266	16.100694	-2.8145184672259588e+07	3.8974064216017723e-01
267	15.933424	-2.8145184757458687e+07	-8.5199099034070969e-02
268	15.959320	-2.8145185067065760e+07	-3.0960707366466522e-01
269	15.988057	-2.8145184874612160e+07	1.9245360046625137e-01
270	16.015740	-2.8145184431338813e+07	4.4327334687113762e-01
271	15.930097	-2.8145184613317337e+07	-1.8197852373123169e-01
272	16.045031	-2.8145184322172012e+07	2.9114532470703125e-01
273	16.006333	-2.8145184542342696e+07	-2.2017068415880203e-01
274	16.112634	-2.8145184218389377e+07	3.2395331934094429e-01
275	15.831737	-2.8145184161089588e+07	5.7299789041280746e-02
276	16.114012	-2.8145184491249524e+07	-3.3015993610024452e-01
277	16.034621	-2.8145184050256617e+07	4.4099290668964386e-01
278	16.190477	-2.8145184176570401e+07	-1.2631378322839737e-01
279	15.897323	-2.8145183901073091e+07	2.7549730986356735e-01
280	16.175129	-2.8145183775242161e+07	1.2583092972636223e-01
281	16.014720	-2.8145183826003850e+07	-5.0761688500642776e-02
282	16.006818	-2.8145184044216126e+07	-2.1821227669715881e-01
283	15.884182	-2.8145183727417178e+07	3.1679894775152206e-01
284	16.117273	-2.8145183264982600e+07	4.6243457868695259e-01
285	15.929064	-2.8145183087666225e+07	1.7731637507677078e-01
286	16.105699	-2.8145182910675313e+07	1.7699091136455536e-01
287	15.917668	-2.8145182737622600e+07	1.7305271327495575e-01
288	16.142318	-2.8145182570076261e+07	1.6754633933305740e-01
289	15.988374	-2.8145182423915382e+07	1.4616087824106216e-01
290	15.940718	-2.8145182301836617e+07	1.2207876518368721e-01
291	15.971509	-2.8145182390789941e+07	-8.8953323662281036e-02
292	16.101380	-2.8145182112319671e+07	2.7847027033567429e-01
293	16.014839	-2.8145182036113352e+07	7.6206319034099579e-02
294	15.970928	-2.8145182081480309e+07	-4.5366957783699036e-02
295	16.030630	-2.8145181915724874e+07	1.6575543582439423e-01
296	16.098875	-2.8145182053612750e+07	-1.3788787648081779e-01
297	15.900596	-2.8145182153052948e+07	-9.9440198391675949e-02
298	15.987967	-2.8145181788114894e+07	3.6493805423378944e-01
299	16.018841	-2.8145181754483204e+07	3.3631689846515656e-02
300	16.071997	-2.8145181961563364e+07	-2.0708015933632851e-01
301	15.988228	-2.8145181696273059e+07	2.6529030501842499e-01
302	15.975325	-2.8145182056433115e+07	-3.6016005650162697e-01
303	15.985794	-2.8145182074094187e+07	-1.7661072313785553e-02
304	16.058690	-2.8145184969041754e+07	-2.8949475660920143e+00
305	15.811615	-2.8145185232600830e+07	-2.6355907693505287e-01
306	16.058350	-2.8145184723619770e+07	5.0898106023669243e-01
307	16.043368	-2.8145183850782786e+07	8.7283698469400406e-01
308	16.139693	-2.8145183195703518e+07	6.5507926791906357e-01
309	15.837692	-2.8145182592963818e+07	6.0273969918489456e-01
310	16.137948	-2.8145182082670499e+07	5.1029331982135773e-01
311	16.026305	-2.8145181717570409e+07	3.6510008946061134e-01
312	16.002550	-2.8145181857754249e+07	-1.4018383994698524e-01
313	15.868717	-2.8145184004833881e+07	-2.1470796316862106e+00
314	16.136516	-2.8145182969566755e+07	1.0352671258151531e+00
315	16.038464	-2.8145182069340605e+07	9.0022614970803261e-01
316	16.024076	-2.8145181685674567e+07	3.8366603851318359e-01
317	15.886086	-2.8145181669689104e+07	1.5985462814569473e-02
318	16.102791	-2.8145181651826952e+07	1.7862152308225632e-02
319	15.893209	-2.8145181402175907e+07	2.4965104460716248e-01
320	16.059055	-2.8145181392080113e+07	1.0095793753862381e-02
321	15.964237	-2.8145181382449348e+07	9.6307657659053802e-03
322	16.181796	-2.8145181373255625e+07	9.1937221586704254e-03
323	16.009168	-2.8145181364488021e+07	8.7676048278808594e-03
324	15.991240	-2.8145181683604002e+07	-3.1911598145961761e-01
325	15.992096	-2.8145181537898116e+07	1.4570588618516922e-01
326	16.143940	-2.8145181340561286e+07	1.9733683019876480e-01
327	15.859438	-2.8145181333283797e+07	7.2774887084960938e-03
328	15.987658	-2.8145181326351352e+07	6.9324448704719543e-03
329	16.065019	-2.8145303183004878e+07	-1.2185665352642536e+02
330	16.102033	-2.8145287801927458e+07	1.5381077419966459e+01
331	15.934228	-2.8145275993457239e+07	1.1808470219373703e+01
332	15.952960	-2.8145265390189692e+07	1.0603267546743155e+01
333	16.000658	-2.8145256717165399e+07	8.6730242930352688e+00
334	15.996851	-2.8145249477594115e+07	7.2395712845027447e+00
335	15.958945	-2.8145242866803084e+07	6.6107910312712193e+00
336	16.034976	-2.8145236402240455e+07	6.4645626284182072e+00
337	16.039264	-2.8145229249507200e+07	7.1527332551777363e+00
338	16.111297	-2.8145222117297594e+07	7.1322096064686775e+00
339	15.861247	-2.8145213234759215e+07	8.8825383782386780e+00
340	16.114582	-2.8145203702575710e+07	9.5321835055947304e+00
341	16.027691	-2.8145192817920048e+07	1.0884655661880970e+01
342	16.078804	-2.8145181915375371e+07	1.0902544677257538e+01
343	15.883135	-2.8145181370322913e+07	5.4505245760083199e-01
344	16.172484	-2.8145181479591299e+07	-1.0926838591694832e-01
345	15.979978	-2.8145181271269795e+07	2.0832150429487228e-01
346	15.994677	-2.8145181259103738e+07	1.2166056782007217e-02
347	15.829996	-2.8145181440303762e+07	-1.8120002374053001e-01
348	16.116440	-2.8145181243885409e+07	1.9641835242509842e-01
349	15.991360	-2.8145181238847945e+07	5.0374642014503479e-03
350	16.077194	-2.8145181234801397e+07	4.0465481579303741e-03
351	15.900185	-2.8145181558983859e+07	-3.2418246194720268e-01
352	16.126684	-2.8145181614198092e+07	-5.5214233696460724e-02
353	15.992055	-2.8145181225863948e+07	3.8833414390683174e-01
354	15.971175	-2.8145181223455582e+07	2.4083666503429413e-03
355	15.990571	-2.8145181221259188e+07	2.1963939070701599e-03
356	16.141567	-2.8145181219183099e+07	2.0760893821716309e-03
357	16.043090	-2.8145181217229955e+07	1.9531436264514923e-03
358	15.974394	-2.8145181215357076e+07	1.8728785216808319e-03
359	16.068040	-2.8145181968804073e+07	-7.5344699621200562e-01
360	16.111682	-2.8145181593895104e+07	3.7490896880626678e-01
361	15.887588	-2.8145181210137557e+07	3.8375754654407501e-01
362	16.002396	-2.8145181480355747e+07	-2.7021818980574608e-01
363	16.006026	-2.8145181209016141e+07	2.7133960649371147e-01
364	16.058504	-2.8145181205163535e+07	3.8526058197021484e-03
365	15.982199	-2.8145181203568470e+07	1.5950649976730347e-03
366	15.996845	-2.8145181201975279e+07	1.5931911766529083e-03
367	16.037387	-2.8145181200376257e+07	1.5990212559700012e-03
368	16.068534	-2.8145181198878270e+07	1.4979876577854156e-03
369	15.819278	-2.8145181197533574e+07	1.3446956872940063e-03
370	16.076850	-2.8145181196304187e+07	1.2293867766857147e-03
371	16.014665	-2.8145181195139673e+07	1.1645145714282990e-03
372	16.081614	-2.8145181194012187e+07	1.1274851858615875e-03
373	15.845284	-2.8145181886210050e+07	-6.9219786301255226e-01
374	16.146262	-2.8145181192008719e+07	6.9420133158564568e-01
375	16.002883	-2.8145181348252036e+07	-1.5624331682920456e-01
376	15.989395	-2.8145181190206058e+07	1.5804597735404968e-01
377	15.858662	-2.8145181299483482e+07	-1.0927742347121239e-01
378	16.100313	-2.8145181188333791e+07	1.1114969104528427e-01
379	16.028678	-2.8145181897026889e+07	-7.0869309827685356e-01
380	16.063242	-2.8145181424019091e+07	4.7300779819488525e-01
381	15.844728	-2.8145181296473149e+07	1.2754594162106514e-01
382	16.077039	-2.8145181185324240e+07	1.1114890873432159e-01
383	15.961452	-2.8145181730704904e+07	-5.4538066312670708e-01
384	16.067036	-2.8145181184044912e+07	5.4665999114513397e-01
385	15.951232	-2.8145181183382768e+07	6.6214427351951599e-04
386	16.149830	-2.8145181728705887e+07	-5.4532311856746674e-01
387	16.017145	-2.8145181182274912e+07	5.4643097519874573e-01
388	15.995603	-2.8145181181706689e+07	5.6822225451469421e-04
389	16.055248	-2.8145181418362793e+07	-2.3665610328316689e-01
390	16.126344	-2.8145181327503119e+07	9.0859673917293549e-02
391	15.860023	-2.8145181781222597e+07	-4.5371947810053825e-01
392	15.987451	-2.8145181567180336e+07	2.1404226124286652e-01
393	16.062912	-2.8145181586298086e+07	-1.9117750227451324e-02
394	16.118996	-2.8145181178978212e+07	4.0731987357139587e-01
395	15.971234	-2.8145181178545281e+07	4.3293088674545288e-04
396	15.968120	-2.8145181178150609e+07	3.9467215538024902e-04
397	16.031330	-2.8145181177780587e+07	3.7002190947532654e-04
398	15.994006	-2.8145181449385267e+07	-2.7160467952489853e-01
399	15.978736	-2.8145181177106265e+07	2.7227900177240372e-01
400	15.999091	-2.8145182051333476e+07	-8.7422721087932587e-01
401	16.065226	-2.8145181176541660e+07	8.7479181587696075e-01
402	16.128287	-2.8145181176211413e+07	3.3024698495864868e-04
403	15.876339	-2.8145181693157800e+07	-5.1694638654589653e-01
404	16.140633	-2.8145181175683342e+07	5.1747445762157440e-01
405	16.029584	-2.8145181175407611e+07	2.7573108673095703e-04
406	15.931886	-2.8145181175155304e+07	2.5230646133422852e-04
407	15.864783	-2.8145181174934056e+07	2.2124871611595154e-04
408	16.184847	-2.8145181364435658e+07	-1.8950160220265388e-01
409	15.996975	-2.8145181174498599e+07	1.8993705883622169e-01
410	16.045321	-2.8145302650201522e+07	-1.2147570292279124e+02
411	15.866182	-2.8145287661228769e+07	1.4988972753286362e+01
412	16.116713	-2.8145276595788259e+07	1.1065440509468317e+01
413	15.954993	-2.8145265261703290e+07	1.1334084969013929e+01
414	16.033140	-2.8145257197023585e+07	8.0646797046065331e+00
415	15.866710	-2.8145249210124753e+07	7.9868988320231438e+00
416	16.159352	-2.8145242753916580e+07	6.4562081731855869e+00
417	15.984004	-2.8145236146989308e+07	6.6069272719323635e+00
418	15.951200	-2.8145229144795734e+07	7.0021935738623142e+00
419	15.951392	-2.8145222195196554e+07	6.9495991803705692e+00
420	16.142812	-2.8145213384277239e+07	8.8109193146228790e+00
421	16.007233	-2.8145203423069365e+07	9.9612078741192818e+00
422	15.976754	-2.8145192582086768e+07	1.0840982597321272e+01
423	16.031028	-2.8145181830429900e+07	1.0751656867563725e+01
424	16.129607	-2.8145181289313778e+07	5.4111612215638161e-01
425	15.877083	-2.8145181212753933e+07	7.6559845358133316e-02
426	15.947919	-2.8145182080502152e+07	-8.6774821951985359e-01
427	16.000780	-2.8145181188071448e+07	8.9243070408701897e-01
428	16.075292	-2.8145181182085242e+07	5.9862062335014343e-03
429	16.079784	-2.8145181866913550e+07	-6.8482830747961998e-01
430	15.967974	-2.8145181175880164e+07	6.9103338569402695e-01
431	16.041952	-2.8145181602016784e+07	-4.2613662034273148e-01
432	16.069850	-2.8145181362941384e+07	2.3907539993524551e-01
433	15.839878	-2.8145181499759994e+07	-1.3681861013174057e-01
434	16.069033	-2.8145182103334002e+07	-6.0357400774955750e-01
435	16.026331	-2.8145181282425925e+07	8.2090807706117630e-01
436	16.163075	-2.8145181171576880e+07	1.1084904521703720e-01
437	15.909559	-2.8145181171370100e+07	2.0677968859672546e-04
438	16.162915	-2.8145181406335957e+07	-2.3496585711836815e-01
439	15.993528	-2.8145181717032921e+07	-3.1069696322083473e-01
440	15.958896	-2.8145181171133265e+07	5.4589965566992760e-01
441	15.842727	-2.8145181171022322e+07	1.1094287037849426e-04
442	16.133218	-2.8145181317775302e+07	-1.4675297960639000e-01
443	16.076349	-2.8145181556292348e+07	-2.3851704597473145e-01
444	16.063848	-2.8145181549563624e+07	6.7287236452102661e-03
445	15.882857	-2.8145181170842603e+07	3.7872102111577988e-01
446	16.098956	-2.8145181360398393e+07	-1.8955579027533531e-01
447	15.943286	-2.8145181170737926e+07	1.8966046720743179e-01
448	16.077765	-2.8145181170688927e+07	4.8998743295669556e-05
449	15.946495	-2.8145181170637030e+07	5.1897019147872925e-05
450	16.130243	-2.8145181170615833e+07	2.1196901798248291e-05
451	15.985711	-2.8145181556066483e+07	-3.8545065000653267e-01
452	15.970848	-2.8145181170571536e+07	3.8549494743347168e-01
453	16.017355	-2.8145181170531832e+07	3.9704144001007080e-05
454	16.137519	-2.8145181170503188e+07	2.8643757104873657e-05
455	15.877130	-2.8145181407722045e+07	-2.3721885681152344e-01
456	15.969578	-2.8145181170450523e+07	2.3727152124047279e-01
457	16.031389	-2.8145181443754651e+07	-2.7330412715673447e-01
458	16.162374	-2.8145181172531772e+07	2.7122287824749947e-01
459	15.950776	-2.8145181170390334e+07	2.1414384245872498e-03
460	15.982840	-2.8145181170356970e+07	3.3363699913024902e-05
461	16.019188	-2.8145181170325391e+07	3.1579285860061646e-05
462	16.042410	-2.8145181494774465e+07	-3.2444907352328300e-01
463	15.962541	-2.8145184400661003e+07	-2.9058865383267403e+00
464	16.030314	-2.8145186158941377e+07	-1.7582803741097450e+00
465	16.031158	-2.8145186661396176e+07	-5.0245479866862297e-01
466	16.126776	-2.8145188786128379e+07	-2.1247322037816048e+00
467	15.848647	-2.8145187425127320e+07	1.3610010594129562e+00
468	16.147746	-2.8145186474316116e+07	9.5081120356917381e-01
469	15.999376	-2.8145185038315739e+07	1.4360003769397736e+00
470	15.938907	-2.8145183604825675e+07	1.4334900639951229e+00
471	15.870388	-2.8145182571363825e+07	1.0334618501365185e+00
472	16.178117	-2.8145181934166912e+07	6.3719691336154938e-01
473	15.972885	-2.8145181681460228e+07	2.5270668417215347e-01
474	16.013124	-2.8145181581312712e+07	1.0014751553535461e-01
475	15.873439	-2.8145181171031609e+07	4.1028110310435295e-01
476	16.112734	-2.8145181280216020e+07	-1.0918441042304039e-01
477	15.907604	-2.8145181726510476e+07	-4.4629445672035217e-01
478	16.060190	-2.8145181173424892e+07	5.5308558419346809e-01
479	15.938672	-2.8145181170103684e+07	3.3212080597877502e-03
480	16.140607	-2.8145181170090418e+07	1.3265758752822876e-05
481	16.013904	-2.8145181170076143e+07	1.4275312423706055e-05
482	15.954131	-2.8145181170073010e+07	3.1329691410064697e-06
483	15.951111	-2.8145181170054670e+07	1.8339604139328003e-05
484	16.131567	-2.8145181497345705e+07	-3.2729103416204453e-01
485	16.042980	-2.8145184092878547e+07	-2.5955328419804573e+00
486	16.005715	-2.8145182301702138e+07	1.7911764085292816e+00
487	16.054641	-2.8145181902598251e+07	3.9910388737916946e-01
488	16.090796	-2.8145181420545090e+07	4.8205316066741943e-01
489	15.894874	-2.8145181462976500e+07	-4.2431410402059555e-02
490	15.985097	-2.8145181173798643e+07	2.8917785733938217e-01
491	15.998487	-2.8145181316845685e+07	-1.4304704219102859e-01
492	16.040216	-2.8145181170020465e+07	1.4682522043585777e-01
493	15.959715	-2.8145181327225711e+07	-1.5720524638891220e-01
494	15.959907	-2.8145181170152470e+07	1.5707324072718620e-01
495	16.003352	-2.8145181497218646e+07	-3.2706617563962936e-01
496	16.070007	-2.8145181170015275e+07	3.2720337063074112e-01
497	15.859621	-2.8145181360230654e+07	-1.9021537899971008e-01
498	16.056153	-2.8145181169992521e+07	1.9023813307285309e-01
499	16.031369	-2.8145181169979371e+07	1.3150274753570557e-05
500	16.155721	-2.8145181169974279e+07	5.0924718379974365e-06
501	15.858642	-2.8145181169972617e+07	1.6614794731140137e-06
502	16.174126	-2.8145181497253034e+07	-3.2728041708469391e-01
503	16.011332	-2.8145181358512092e+07	1.3874094188213348e-01
504	16.010850	-2.8145181552072603e+07	-1.9356051087379456e-01
505	15.884824	-2.8145181174799457e+07	3.7727314606308937e-01
506	16.144607	-2.8145181169999484e+07	4.7999732196331024e-03
507	15.992533	-2.8145181169961926e+07	3.7558376789093018e-05
508	16.070719	-2.8145181169957925e+07	4.0009617805480957e-06
509	15.836270	-2.8145181169939574e+07	1.8350780010223389e-05
510	16.076062	-2.8145181169941436e+07	-1.8626451492309570e-06
511	15.963152	-2.8145181280382514e+07	-1.1044107750058174e-01
512	16.090942	-2.8145181169947948e+07	1.1043456569314003e-01
513	15.958407	-2.8145181279816333e+07	-1.0986838489770889e-01
514	16.131123	-2.8145181169932235e+07	1.0988409817218781e-01
515	15.984053	-2.8145181506619900e+07	-3.3668766543269157e-01
516	15.972078	-2.8145181169938970e+07	3.3668093010783195e-01
517	16.052202	-2.8145181169941243e+07	-2.2724270820617676e-06
518	16.150250	-2.8145181359687172e+07	-1.8974592909216881e-01
519	15.864557	-2.8145181715931199e+07	-3.5624402761459351e-01
520	15.958201	-2.8145181404986672e+07	3.1094452738761902e-01
521	16.015542	-2.8145181553895902e+07	-1.4890922978520393e-01
522	16.147745	-2.8145181169971820e+07	3.8392408192157745e-01
523	15.942601	-2.8145181169943530e+07	2.8289854526519775e-05
524	15.965486	-2.8145181169932134e+07	1.1395663022994995e-05
525	15.984372	-2.8145181555354591e+07	-3.8542245700955391e-01
526	15.983736	-2.8145181169949003e+07	3.8540558889508247e-01
527	15.972105	-2.8145181169933379e+07	1.5623867511749268e-05
528	16.048118	-2.8145181358543351e+07	-1.8860997259616852e-01
529	16.060432	-2.8145181169923671e+07	1.8861968070268631e-01
530	16.113012	-2.8145181169934817e+07	-1.1146068572998047e-05
531	15.995161	-2.8145181169911738e+07	2.3078173398971558e-05
532	16.129089	-2.8145181169915192e+07	-3.4533441066741943e-06
533	16.002758	-2.8145182043300804e+07	-8.7338561192154884e-01
534	15.978872	-2.8145181170020074e+07	8.7328073009848595e-01
535	15.856180	-2.8145181169945765e+07	7.4308365583419800e-05
536	16.153099	-2.8145181169920824e+07	2.4940818548202515e-05
537	15.996291	-2.8145302645453028e+07	-1.2147553220391273e+02
538	16.014795	-2.8145287656769574e+07	1.4988683454692364e+01
539	15.852448	-2.8145276092423949e+07	1.1564345624297857e+01
540	16.081615	-2.8145265257702895e+07	1.0834721054881811e+01
541	15.882574	-2.8145257468795180e+07	7.7889077141880989e+00
542	16.039846	-2.8145249206970107e+07	8.2618250735104084e+00
543	15.914062	-2.8145243505280122e+07	5.7016899846494198e+00
544	16.131806	-2.8145236346251991e+07	7.1590281315147877e+00
545	16.001958	-2.8145229142756097e+07	7.2034958936274052e+00
546	15.929529	-2.8145221628184658e+07	7.5145714394748211e+00
547	15.967629	-2.8145213137218874e+07	8.4909657835960388e+00
548	16.110578	-2.8145203909206480e+07	9.2280123941600323e+00
549	16.026013	-2.8145192580914289e+07	1.1328292191028595e+01
550	15.956318	-2.8145182024870574e+07	1.0556043714284897e+01
551	16.053794	-2.8145181670887772e+07	3.5398280248045921e-01
552	16.087798	-2.8145181209416538e+07	4.6147123351693153e-01
553	15.892960	-2.8145181195093639e+07	1.4322899281978607e-02
554	15.930419	-2.8145181185972128e+07	9.1215111315250397e-03
555	15.989638	-2.8145181560313068e+07	-3.7434094026684761e-01
556	15.953915	-2.8145181708821967e+07	-1.4850889891386032e-01
557	15.919022	-2.8145181389723301e+07	3.1909866631031036e-01
558	15.926993	-2.8145181502419237e+07	-1.1269593611359596e-01
559	15.948683	-2.8145181408793405e+07	9.3625832349061966e-02
560	16.000599	-2.8145184666714951e+07	-3.2579215466976166e+00
561	15.756709	-2.8145185377998050e+07	-7.1128309890627861e-01
562	16.003831	-2.8145184216477286e+07	1.1615207642316818e+00
563	16.016573	-2.8145183465457082e+07	7.5102020427584648e-01
564	16.045193	-2.8145182817345165e+07	6.4811191707849503e-01
565	15.807650	-2.8145182230983559e+07	5.8636160567402840e-01
566	16.085570	-2.8145181931968529e+07	2.9901503026485443e-01
567	15.970858	-2.8145181386456639e+07	5.4551189020276070e-01
568	15.899775	-2.8145181213574622e+07	1.7288201674818993e-01
569	15.784038	-2.8145181172347009e+07	4.1227612644433975e-02
570	16.101913	-2.8145181169936463e+07	2.4105459451675415e-03
571	15.978003	-2.8145181169918355e+07	1.8108636140823364e-05
572	16.012178	-2.8145181492587868e+07	-3.2266951352357864e-01
573	15.803105	-2.8145181792688556e+07	-3.0010068789124489e-01
574	16.077198	-2.8145181169983860e+07	6.2270469591021538e-01
575	15.836026	-2.8145181169943579e+07	4.0281563997268677e-05
576	15.992858	-2.8145181405003782e+07	-2.3506020382046700e-01
577	15.848511	-2.8145181169937532e+07	2.3506624996662140e-01
578	16.090722	-2.8145302644463364e+07	-1.2147452583163977e+02
579	15.937461	-2.8145287656219840e+07	1.4988243523985147e+01
580	15.943062	-2.8145275854583528e+07	1.1801636312156916e+01
581	15.972577	-2.8145265642761517e+07	1.0211822010576725e+01
582	16.046078	-2.8145256589194607e+07	9.0535669103264809e+00
583	15.977670	-2.8145249206923898e+07	7.3822707086801529e+00
584	15.925622	-2.8145242750755213e+07	6.4561686851084232e+00
585	15.993776	-2.8145236144672021e+07	6.6060831919312477e+00
586	16.042780	-2.8145229330078490e+07	6.8145935311913490e+00
587	15.872057	-2.8145221629039612e+07	7.7010388784110546e+00
588	15.855863	-2.8145213138325594e+07	8.4907140173017979e+00
589	15.975436	-2.8145203424001906e+07	9.7143236882984638e+00
590	15.964199	-2.8145192781346314e+07	1.0642655592411757e+01
591	15.926529	-2.8145182071388651e+07	1.0709957662969828e+01
592	15.943271	-2.8145181287875053e+07	7.8351359814405441e-01
593	15.960985	-2.8145181547273979e+07	-2.5939892604947090e-01
594	15.996978	-2.8145181195130393e+07	3.5214358568191528e-01
595	15.800926	-2.8145181186011393e+07	9.1190002858638763e-03
596	15.984910	-2.8145181654646635e+07	-4.6863524243235588e-01
597	15.989814	-2.8145181176499456e+07	4.7814717888832092e-01
598	16.037633	-2.8145181363927830e+07	-1.8742837384343147e-01
599	15.844584	-2.8145181172585178e+07	1.9134265184402466e-01
600	16.085264	-2.8145181557282615e+07	-3.8469743728637695e-01
601	15.971262	-2.8145181498305980e+07	5.8976635336875916e-02
602	15.904541	-2.8145302597646751e+07	-1.2109934077039361e+02
603	15.775908	-2.8145287822437461e+07	1.4775209289044142e+01
604	16.091171	-2.8145275845182721e+07	1.1977254740893841e+01
605	15.972330	-2.8145265254037060e+07	1.0591145660728216e+01
606	16.014946	-2.8145256588754173e+07	8.6652828864753246e+00
607	15.774619	-2.8145249640712116e+07	6.9480420574545860e+00
608	16.025928	-2.8145242752993781e+07	6.8877183347940445e+00
609	15.864543	-2.8145236144670408e+07	6.6083233729004860e+00
610	15.979802	-2.8145229142943271e+07	7.0017271377146244e+00
611	15.875249	-2.8145222440832421e+07	6.7021108493208885e+00
612	16.062837	-2.8145213479457188e+07	8.9613752327859402e+00
613	15.921525	-2.8145203748533376e+07	9.7309238128364086e+00
614	15.878895	-2.8145192586616408e+07	1.1161916967481375e+01
615	15.931739	-2.8145182453177314e+07	1.0133439093828201e+01
616	16.001362	-2.8145181287940338e+07	1.1652369759976864e+00
617	15.924104	-2.8145181948679045e+07	-6.6073870658874512e-01
618	15.813785	-2.8145181195278697e+07	7.5340034812688828e-01
619	15.881849	-2.8145181441876270e+07	-2.4659757316112518e-01
620	15.942861	-2.8145181180244185e+07	2.6163208484649658e-01
621	15.742014	-2.8145181364990160e+07	-1.8474597483873367e-01
622	15.770169	-2.8145181363881610e+07	1.1085495352745056e-03
623	15.862917	-2.8145181172601022e+07	1.9128058850765228e-01
624	15.877954	-2.8145181171622936e+07	9.7808614373207092e-04
625	15.866719	-2.8145181171006721e+07	6.1621516942977905e-04
626	15.814685	-2.8145181359082591e+07	-1.8807587027549744e-01
627	15.837718	-2.8145181170381356e+07	1.8870123475790024e-01
628	15.840015	-2.8145181928288903e+07	-7.5790754705667496e-01
629	15.840785	-2.8145181170405969e+07	7.5788293406367302e-01
630	15.823594	-2.8145181170058232e+07	3.4773722290992737e-04
631	15.791629	-2.8145302629702643e+07	-1.2145964441075921e+02
632	15.769884	-2.8145287648701478e+07	1.4981001164764166e+01
633	15.464980	-2.8145276181705084e+07	1.1466996394097805e+01
634	15.518793	-2.8145265256536137e+07	1.0925168946385384e+01
635	15.477598	-2.8145256589653235e+07	8.6668829023838043e+00
636	15.459314	-2.8145249205973513e+07	7.3836797215044498e+00
637	15.184888	-2.8145242749945164e+07	6.4560283496975899e+00
638	15.173037	-2.8145315843170494e+07	-7.3093225330114365e+01
639	15.216701	-2.8145299862845466e+07	1.5980325028300285e+01
640	15.305004	-2.8145287045585223e+07	1.2817260242998600e+01
641	15.048850	-2.8145275735586006e+07	1.1309999216347933e+01
642	15.089865	-2.8145267391051941e+07	8.3445340655744076e+00
643	15.178185	-2.8145259020732529e+07	8.3703194111585617e+00
644	15.303532	-2.8145251010605887e+07	8.0101266428828239e+00
645	15.064718	-2.8145243172817156e+07	7.8377887308597565e+00
646	15.081983	-2.8145236117448498e+07	7.0553686581552029e+00
647	15.183764	-2.8145228677535150e+07	7.4399133473634720e+00
648	15.264496	-2.8145221108984854e+07	7.5685502961277962e+00
649	15.023058	-2.8145212539472964e+07	8.5695118904113770e+00
650	15.108575	-2.8145202886527974e+07	9.6529449895024300e+00
651	15.176100	-2.8145191849045381e+07	1.1037482593208551e+01
652	15.115919	-2.8145181397953037e+07	1.0451092343777418e+01
653	15.033727	-2.8145181309889760e+07	8.8063277304172516e-02
654	15.074637	-2.8145181234945744e+07	7.4944015592336655e-02
655	15.195382	-2.8145181192778483e+07	4.2167261242866516e-02
656	15.127858	-2.8145181184517767e+07	8.2607157528400421e-03
657	15.057976	-2.8145181179252606e+07	5.2651613950729370e-03
658	15.098257	-2.8145181175889853e+07	3.3627524971961975e-03
659	15.147192	-2.8145181501416400e+07	-3.2552654668688774e-01
660	15.119539	-2.8145181409981586e+07	9.1434814035892487e-02
661	15.026749	-2.8145181554551672e+07	-1.4457008615136147e-01
662	15.087937	-2.8145181175907176e+07	3.7864449620246887e-01
663	15.171118	-2.8145181170602147e+07	5.3050294518470764e-03
664	15.135789	-2.8145181170328729e+07	2.7341768145561218e-04
665	15.020331	-2.8145181170177426e+07	1.5130266547203064e-04
666	15.122267	-2.8145181359943006e+07	-1.8976557999849319e-01
667	15.172725	-2.8145181555678491e+07	-1.9573548436164856e-01
668	15.123873	-2.8145181170011472e+07	3.8566701859235764e-01
669	15.070193	-2.8145181497250207e+07	-3.2723873481154442e-01
670	15.107250	-2.8145181359669622e+07	1.3758058473467827e-01
671	15.179262	-2.8145181552040838e+07	-1.9237121567130089e-01
672	15.132042	-2.8145181174783677e+07	3.7725716084241867e-01
673	15.040676	-2.8145181169978589e+07	4.8050880432128906e-03
674	15.118150	-2.8145181517609540e+07	-3.4763095155358315e-01
675	15.158188	-2.8145302642167699e+07	-1.2112455815821886e+02
676	15.148631	-2.8145287802196447e+07	1.4839971251785755e+01
677	15.042330	-2.8145275854212157e+07	1.1947984289377928e+01
678	15.075686	-2.8145265257251557e+07	1.0596960600465536e+01
679	15.238866	-2.8145257144538052e+07	8.1127135045826435e+00
680	15.159376	-2.8145249537150048e+07	7.6073880046606064e+00
681	15.042481	-2.8145242750712723e+07	6.7864373251795769e+00
682	15.080620	-2.8145236143923827e+07	6.6067888960242271e+00
683	15.194391	-2.8145229141720228e+07	7.0022035986185074e+00
684	15.145587	-2.8145221627664924e+07	7.5140553042292595e+00
685	15.013528	-2.8145213523564629e+07	8.1041002944111824e+00
686	15.134532	-2.8145203422022808e+07	1.0101541820913553e+01
687	15.167492	-2.8145192915299159e+07	1.0506723649799824e+01
688	15.151559	-2.8145182067307357e+07	1.0847991801798344e+01
689	15.061490	-2.8145181289531812e+07	7.7777554467320442e-01
690	15.119107	-2.8145181212949455e+07	7.6582357287406921e-02
691	15.161969	-2.8145181195125502e+07	1.7823953181505203e-02
692	15.179375	-2.8145181186003901e+07	9.1216005384922028e-03
693	15.045242	-2.8145181180182263e+07	5.8216378092765808e-03
694	15.121574	-2.8145181176462799e+07	3.7194639444351196e-03
695	15.176686	-2.8145181321041923e+07	-1.4457912370562553e-01
696	15.172308	-2.8145181172585201e+07	1.4845672249794006e-01
697	15.057054	-2.8145181171624005e+07	9.6119567751884460e-04
698	15.135564	-2.8145181733547959e+07	-5.6192395463585854e-01
699	15.153790	-2.8145181170643143e+07	5.6290481612086296e-01
700	15.055325	-2.8145181170361828e+07	2.8131529688835144e-04
701	14.835537	-2.8145181170200966e+07	1.6086176037788391e-04
702	14.848879	-2.8145181170094233e+07	1.0673329234123230e-04
703	14.772929	-2.8145181306295641e+07	-1.3620140776038170e-01
704	14.722832	-2.8145181169992857e+07	1.3630278408527374e-01
705	14.545802	-2.8145181169970211e+07	2.2646039724349976e-05
706	14.630385	-2.8145181169945475e+07	2.4735927581787109e-05
707	14.671791	-2.8145181597725347e+07	-4.2777987197041512e-01
708	14.657862	-2.8145181169943884e+07	4.2778146266937256e-01
709	14.528997	-2.8145181169919051e+07	2.4832785129547119e-05
710	14.523607	-2.8145181169921637e+07	-2.5853514671325684e-06
711	14.422370	-2.8145181407236200e+07	-2.3731456324458122e-01
712	14.615928	-2.8145181169927016e+07	2.3730918392539024e-01
713	14.197983	-2.8145181169908110e+07	1.8905848264694214e-05
714	14.208634	-2.8145181169914093e+07	-5.9828162193298340e-06
715	14.124218	-2.8145181169911943e+07	2.1494925022125244e-06
716	14.665822	-2.8145181316787936e+07	-1.4687599241733551e-01
717	14.307775	-2.8145181497211225e+07	-1.8042328953742981e-01
718	14.036987	-2.8145181169934928e+07	3.2727629691362381e-01
719	13.999552	-2.8145181316762816e+07	-1.4682788774371147e-01
720	13.824843	-2.8145181306792345e+07	9.9704712629318237e-03
721	13.802012	-2.8145181169917934e+07	1.3687441125512123e-01
722	13.791141	-2.8145181169918675e+07	-7.4133276939392090e-07
723	13.547019	-2.8145181169915751e+07	2.9243528842926025e-06
724	13.569882	-2.8145181316771414e+07	-1.4685566350817680e-01
725	13.555455	-2.8145181169919468e+07	1.4685194566845894e-01
726	13.505705	-2.8145181169904042e+07	1.5426427125930786e-05
727	13.399299	-2.8145181169908896e+07	-4.8540532588958740e-06
728	13.709935	-2.8145181169905026e+07	3.8705766201019287e-06
729	13.472279	-2.8145181555489071e+07	-3.8558404520153999e-01
730	13.434387	-2.8145181306805134e+07	2.4868393689393997e-01
731	13.159100	-2.8145181705014814e+07	-3.9820967987179756e-01
732	13.401587	-2.8145181232096955e+07	4.7291785851120949e-01
733	13.288568	-2.8145181174644694e+07	5.7452261447906494e-02
734	13.294052	-2.8145181407165337e+07	-2.3252064362168312e-01
735	13.195641	-2.8145181169933122e+07	2.3723221570253372e-01
736	13.217413	-2.8145181169928141e+07	4.9807131290435791e-06
737	13.133387	-2.8145181169926394e+07	1.7471611499786377e-06
738	13.124191	-2.8145181169923231e+07	3.1627714633941650e-06
739	13.008140	-2.8145181359645497e+07	-1.8972226604819298e-01
740	13.188700	-2.8145181169916812e+07	1.8972868472337723e-01
741	13.026954	-2.8145181169907622e+07	9.1902911663055420e-06
742	13.170814	-2.8145181169912968e+07	-5.3457915782928467e-06
743	13.057248	-2.8145181169914223e+07	-1.2554228305816650e-06
744	13.136183	-2.8145181407227542e+07	-2.3731331899762154e-01
745	13.065741	-2.8145181169914875e+07	2.3731266707181931e-01
746	13.085561	-2.8145181169902317e+07	1.2557953596115112e-05
747	13.060876	-2.8145181169907261e+07	-4.9434602260589600e-06
748	13.123306	-2.8145181169912808e+07	-5.5469572544097900e-06
749	13.052368	-2.8145181169910762e+07	2.0451843738555908e-06
750	13.096611	-2.8145181169897601e+07	1.3161450624465942e-05
751	13.059866	-2.8145181169904858e+07	-7.2568655014038086e-06
752	13.133074	-2.8145181169911854e+07	-6.9960951805114746e-06
753	13.063064	-2.8145181497274537e+07	-3.2736268267035484e-01
754	13.080573	-2.8145181169904418e+07	3.2737011834979057e-01
755	13.003344	-2.8145181280360878e+07	-1.1045645922422409e-01
756	13.078635	-2.8145181169914730e+07	1.1044614762067795e-01
757	13.006809	-2.8145181745242167e+07	-5.7532743737101555e-01
758	13.111956	-2.8145181306245357e+07	4.3899681046605110e-01
759	13.037728	-2.8145181498467755e+07	-1.9222239777445793e-01
760	13.133474	-2.8145181169934332e+07	3.2853342220187187e-01
761	13.011398	-2.8145181169920988e+07	1.3343989849090576e-05
762	13.109493	-2.8145181169909976e+07	1.1011958122253418e-05
763	13.027085	-2.8145181555370647e+07	-3.8546067103743553e-01
764	13.070267	-2.8145181169939600e+07	3.8543104752898216e-01
765	13.059703	-2.8145181704215515e+07	-5.3427591547369957e-01
766	13.117335	-2.8145181231304843e+07	4.7291067242622375e-01
767	13.040481	-2.8145181174528174e+07	5.6776668876409531e-02
768	13.148266	-2.8145181715833012e+07	-5.4130483791232109e-01
769	13.002573	-2.8145181360124808e+07	3.5570820420980453e-01
770	13.084619	-2.8145181169954933e+07	1.9016987457871437e-01
771	13.039797	-2.8145181715596121e+07	-5.4564118757843971e-01
772	13.123204	-2.8145181169991575e+07	5.4560454562306404e-01
773	13.045065	-2.8145181440843321e+07	-2.7085174620151520e-01
774	13.117508	-2.8145181497078910e+07	-5.6235589087009430e-02
775	13.035613	-2.8145181169948570e+07	3.2713034003973007e-01
776	13.129888	-2.8145181169928588e+07	1.9982457160949707e-05
777	12.986683	-2.8145181169921748e+07	6.8396329879760742e-06
778	13.070038	-2.8145181359602075e+07	-1.8968032673001289e-01
779	13.002159	-2.8145181407100115e+07	-4.7498039901256561e-02
780	13.073679	-2.8145181497063760e+07	-8.9963644742965698e-02
781	13.005815	-2.8145181548061591e+07	-5.0997830927371979e-02
782	13.107421	-2.8145181169966951e+07	3.7809463962912560e-01
783	13.002976	-2.8145181950686570e+07	-7.8071961924433708e-01
784	13.111754	-2.8145181170035809e+07	7.8065076097846031e-01
785	13.043009	-2.8145181358461000e+07	-1.8842519074678421e-01
786	13.105394	-2.8145181497056551e+07	-1.3859555125236511e-01
787	13.071206	-2.8145181169969637e+07	3.2708691433072090e-01
788	13.102516	-2.8145181169927202e+07	4.2434781789779663e-05
789	13.028865	-2.8145181316737160e+07	-1.4680995792150497e-01
790	13.104568	-2.8145182190837804e+07	-8.7410064414143562e-01
791	13.025606	-2.8145185317553815e+07	-3.1267160102725029e+00
792	13.124647	-2.8145184632858358e+07	6.8469545617699623e-01
793	13.037086	-2.8145183956539366e+07	6.7631899192929268e-01
794	13.174511	-2.8145304772259276e+07	-1.2081571990996599e+02
795	13.051257	-2.8145289155660350e+07	1.5616598926484585e+01
796	13.122181	-2.8145277020204868e+07	1.2135455481708050e+01
797	13.061053	-2.8145265912794732e+07	1.1107410136610270e+01
798	13.107520	-2.8145256747361995e+07	9.1654327362775803e+00
799	13.048730	-2.8145249230011068e+07	7.5173509269952774e+00
800	13.123423	-2.8145242749386989e+07	6.4806240797042847e+00
801	13.008497	-2.8145236142323703e+07	6.6070632860064507e+00
802	13.123858	-2.8145229140282873e+07	7.0020408295094967e+00
803	13.020114	-2.8145221626232017e+07	7.5140508562326431e+00
804	13.132792	-2.8145213135159373e+07	8.4910726435482502e+00
805	12.987022	-2.8145203954505514e+07	9.1806538589298725e+00
806	13.110388	-2.8145192579108786e+07	1.1375396728515625e+01
807	13.017711	-2.8145181828427926e+07	1.0750680860131979e+01
808	13.117867	-2.8145181289863896e+07	5.3856403008103371e-01
809	13.066599	-2.8145181404686447e+07	-1.1482255160808563e-01
810	13.102667	-2.8145181195102293e+07	2.0958415418863297e-01
811	13.021311	-2.8145181186003637e+07	9.0986564755439758e-03
812	13.067089	-2.8145181873478435e+07	-6.8747479841113091e-01
813	13.032920	-2.8145181562073998e+07	3.1140443682670593e-01
814	13.070021	-2.8145181174137075e+07	3.8793692365288734e-01
815	13.020521	-2.8145181172596622e+07	1.5404522418975830e-03
816	13.134314	-2.8145181408955354e+07	-2.3635873198509216e-01
817	13.056750	-2.8145181307898123e+07	1.0105723142623901e-01
818	13.125025	-2.8145181863473959e+07	-5.5557583644986153e-01
819	13.017031	-2.8145181280914888e+07	5.8255907148122787e-01
820	13.155777	-2.8145181170215447e+07	1.1069944128394127e-01
821	13.023352	-2.8145181715922851e+07	-5.4570740461349487e-01
822	13.122504	-2.8145181170085248e+07	5.4583760350942612e-01
823	13.003901	-2.8145181642186545e+07	-4.7210129722952843e-01
824	13.122296	-2.8145181358449165e+07	2.8373738005757332e-01
825	13.068945	-2.8145181169969261e+07	1.8847990408539772e-01
826	13.142765	-2.8145181169947412e+07	2.1848827600479126e-05
827	13.029807	-2.8145181169931423e+07	1.5988945960998535e-05
828	13.065897	-2.8145181169921905e+07	9.5181167125701904e-06
829	13.027130	-2.8145181169925369e+07	-3.4645199775695801e-06
830	13.122923	-2.8145181169911630e+07	1.3738870620727539e-05
831	13.009755	-2.8145181407234680e+07	-2.3732304945588112e-01
832	13.135182	-2.8145181169919536e+07	2.3731514438986778e-01
833	12.947382	-2.8145181169918511e+07	1.0244548320770264e-06
834	13.139082	-2.8145181316762622e+07	-1.4684411138296127e-01
835	13.030036	-2.8145182237628903e+07	-9.2086628079414368e-01
836	13.136357	-2.8145185644725662e+07	-3.4070967584848404e+00
837	13.035500	-2.8145184632865138e+07	1.0118605233728886e+00
838	13.165898	-2.8145183956551883e+07	6.7631325498223305e-01
839	13.007512	-2.8145184169825509e+07	-2.1327362582087517e-01
840	13.135405	-2.8145182668843888e+07	1.5009816214442253e+00
841	13.015909	-2.8145182289917167e+07	3.7892672047019005e-01
842	13.110898	-2.8145181635741558e+07	6.5417560935020447e-01
843	13.156317	-2.8145181327714805e+07	3.0802675336599350e-01
844	13.094743	-2.8145181384571798e+07	-5.6856993585824966e-02
845	13.032734	-2.8145181497894153e+07	-1.1332235485315323e-01
846	13.105104	-2.8145181169951353e+07	3.2794279977679253e-01
847	12.967450	-2.8145181169916194e+07	3.5159289836883545e-05
848	13.124125	-2.8145181407098390e+07	-2.3718219622969627e-01
849	13.003345	-2.8145181316727195e+07	9.0371195226907730e-02
850	13.092886	-2.8145181169923540e+07	1.4680365473031998e-01
851	12.959565	-2.8145181169913568e+07	9.9726021289825439e-06
852	13.129468	-2.8145181280357990e+07	-1.1044442281126976e-01
853	13.045363	-2.8145181407140598e+07	-1.2678260728716850e-01
854	13.149124	-2.8145181169918884e+07	2.3722171410918236e-01
855	13.027923	-2.8145181169921812e+07	-2.9280781745910645e-06
856	13.124483	-2.8145181169909906e+07	1.1906027793884277e-05
857	12.999860	-2.8145181169908833e+07	1.0728836059570312e-06
858	13.138577	-2.8145181169903301e+07	5.5320560932159424e-06
859	13.039041	-2.8145181169892389e+07	1.0911375284194946e-05
860	13.086835	-2.8145181169902250e+07	-9.8608434200286865e-06
861	13.031374	-2.8145181169897966e+07	4.2840838432312012e-06
862	13.093240	-2.8145181169892602e+07	5.3644180297851562e-06
863	13.037112	-2.8145181169900902e+07	-8.2999467849731445e-06
864	13.144429	-2.8145181169905238e+07	-4.3362379074096680e-06
865	13.058170	-2.8145181555518921e+07	-3.8561368361115456e-01
866	13.446669	-2.8145181169920638e+07	3.8559828326106071e-01
867	13.341508	-2.8145181169903755e+07	1.6883015632629395e-05
868	13.436390	-2.8145181169905707e+07	-1.9520521163940430e-06
869	13.327671	-2.8145181407223649e+07	-2.3731794208288193e-01
870	13.501892	-2.8145181169910207e+07	2.3731344193220139e-01
871	13.329250	-2.8145181358547501e+07	-1.8863729387521744e-01
872	13.571843	-2.8145181359645233e+07	-1.0977312922477722e-03
873	13.361247	-2.8145181521456346e+07	-1.6181111335754395e-01
874	13.216246	-2.8145181407177396e+07	1.1427894979715347e-01
875	13.055643	-2.8145181169935308e+07	2.3724208772182465e-01
876	13.071694	-2.8145181555338215e+07	-3.8540290668606758e-01
877	12.965624	-2.8145181169933725e+07	3.8540448993444443e-01
878	13.037300	-2.8145181463118955e+07	-2.9318523034453392e-01
879	12.966812	-2.8145181702127397e+07	-2.3900844156742096e-01
880	13.076629	-2.8145181169976819e+07	5.3215057775378227e-01
881	12.953632	-2.8145181497023318e+07	-3.2704649865627289e-01
882	13.046345	-2.8145181169944327e+07	3.2707899063825607e-01
883	12.923149	-2.8145181169931352e+07	1.2975186109542847e-05
884	13.036316	-2.8145181169923808e+07	7.5437128543853760e-06
885	12.927329	-2.8145181358526580e+07	-1.8860277161002159e-01
886	13.058626	-2.8145181169925336e+07	1.8860124424099922e-01
887	12.977516	-2.8145181169921026e+07	4.3101608753204346e-06
888	13.019143	-2.8145181169912718e+07	8.3073973655700684e-06
889	12.955889	-2.8145181169912454e+07	2.6449561119079590e-07
890	13.073558	-2.8145181359657682e+07	-1.8974522873759270e-01
891	12.941640	-2.8145181169908341e+07	1.8974934145808220e-01
892	13.048379	-2.8145181407192931e+07	-2.3728458955883980e-01
893	12.948191	-2.8145181715847235e+07	-3.0865430459380150e-01
894	13.020250	-2.8145181169971533e+07	5.4587570205330849e-01
895	12.955857	-2.8145181169924773e+07	4.6759843826293945e-05
896	13.374740	-2.8145181169916339e+07	8.4340572357177734e-06
897	13.322765	-2.8145181280360922e+07	-1.1044458299875259e-01
898	13.413072	-2.8145181821564756e+07	-5.4120383411645889e-01
899	13.268937	-2.8145181503506683e+07	3.1805807352066040e-01
900	13.334146	-2.8145181169935390e+07	3.3357129245996475e-01
901	13.907890	-2.8145181407106586e+07	-2.3717119544744492e-01
902	13.243771	-2.8145183708586399e+07	-2.3014798127114773e+00
903	13.067952	-2.8145184798389297e+07	-1.0898028984665871e+00
904	13.137240	-2.8145184119437143e+07	6.7895215377211571e-01
905	13.081087	-2.8145183454586517e+07	6.6485062614083290e-01
906	13.086188	-2.8145182816987269e+07	6.3759924843907356e-01
907	12.980812	-2.8145182966264222e+07	-1.4927695319056511e-01
908	13.036343	-2.8145181736476827e+07	1.2297873944044113e+00
909	12.959054	-2.8145181714799572e+07	2.1677255630493164e-02
910	13.063171	-2.8145181403686378e+07	3.1111319363117218e-01
911	12.980594	-2.8145181172365054e+07	2.3132132366299629e-01
912	13.060269	-2.8145181555156782e+07	-3.8279172778129578e-01
913	12.965712	-2.8145181169970695e+07	3.8518608734011650e-01
914	13.019381	-2.8145181169949163e+07	2.1532177925109863e-05
915	12.980027	-2.8145181495410629e+07	-3.2546146586537361e-01
916	13.066329	-2.8145181169932604e+07	3.2547802478075027e-01
917	12.989606	-2.8145181169922717e+07	9.8869204521179199e-06
918	13.019724	-2.8145181169916075e+07	6.6421926021575928e-06
919	12.990857	-2.8145181555337854e+07	-3.8542177900671959e-01
920	13.044539	-2.8145181169946101e+07	3.8539175316691399e-01
921	12.981139	-2.8145182032503851e+07	-8.6255775019526482e-01
922	13.056390	-2.8145181231113181e+07	8.0139067023992538e-01
923	12.979085	-2.8145181174505506e+07	5.6607674807310104e-02
924	13.078403	-2.8145181169969019e+07	4.5364871621131897e-03
925	12.934211	-2.8145181169921141e+07	4.7877430915832520e-05
926	13.094583	-2.8145181405003544e+07	-2.3508240282535553e-01
927	13.017423	-2.8145181169922058e+07	2.3508148640394211e-01
928	13.056640	-2.8145181169906717e+07	1.5340745449066162e-05
929	13.045192	-2.8145181169908598e+07	-1.8812716007232666e-06
930	13.073492	-2.8145181498172492e+07	-3.2826389372348785e-01
931	12.987802	-2.8145181360226650e+07	1.3794584199786186e-01
932	13.074780	-2.8145181169920720e+07	1.9030592963099480e-01
933	12.955292	-2.8145181359613564e+07	-1.8969284370541573e-01
934	13.099055	-2.8145181169917244e+07	1.8969631940126419e-01
935	12.998095	-2.8145181169902444e+07	1.4800578355789185e-05
936	13.083413	-2.8145181169898894e+07	3.5502016544342041e-06
937	12.984733	-2.8145181595806453e+07	-4.2590755969285965e-01
938	13.066841	-2.8145181359597705e+07	2.3620874807238579e-01
939	12.968594	-2.8145302645327680e+07	-1.2128572997450829e+02
940	13.065784	-2.8145287870209228e+07	1.4775118451565504e+01
941	12.985508	-2.8145275855819490e+07	1.2014389738440514e+01
942	13.091750	-2.8145265495714277e+07	1.0360105212777853e+01
943	12.946728	-2.8145258728215937e+07	6.7674983404576778e+00
944	13.079299	-2.8145249535227075e+07	9.1929888613522053e+00
945	12.969941	-2.8145242839680627e+07	6.6955464482307434e+00
946	13.023261	-2.8145236720729344e+07	6.1189512833952904e+00
947	12.962274	-2.8145229143718768e+07	7.5770105756819248e+00
948	13.094492	-2.8145221629163776e+07	7.5145549923181534e+00
949	13.007673	-2.8145213478883762e+07	8.1502800136804581e+00
950	13.108634	-2.8145203422915190e+07	1.0055968571454287e+01
951	13.013097	-2.8145192582277063e+07	1.0840638127177954e+01
952	13.096675	-2.8145181830191247e+07	1.0752085816115141e+01
953	12.910575	-2.8145181434098125e+07	3.9609312266111374e-01
954	13.077741	-2.8145181210717488e+07	2.2338063642382622e-01
955	12.971561	-2.8145181195074622e+07	1.5642866492271423e-02
956	13.072668	-2.8145181185957160e+07	9.1174617409706116e-03
957	13.016389	-2.8145181180144746e+07	5.8124139904975891e-03
958	13.048539	-2.8145181366888858e+07	-1.8674411252140999e-01
959	12.980309	-2.8145181174076073e+07	1.9281278550624847e-01
960	13.049448	-2.8145181319496628e+07	-1.4542055502533913e-01
961	13.005231	-2.8145181499013785e+07	-1.7951715737581253e-01
962	13.061660	-2.8145181171008613e+07	3.2800517231225967e-01
963	12.956318	-2.8145181170600925e+07	4.0768831968307495e-04
964	12.995028	-2.8145181170359876e+07	2.4104863405227661e-04
965	12.917076	-2.8145181170198116e+07	1.6175955533981323e-04
966	13.020877	-2.8145181170085266e+07	1.1285021901130676e-04
967	12.977412	-2.8145181170030847e+07	5.4419040679931641e-05
968	13.018286	-2.8145181306369487e+07	-1.3633864000439644e-01
969	12.913989	-2.8145181169960305e+07	1.3640918210148811e-01
970	13.071282	-2.8145181497319777e+07	-3.2735947147011757e-01
971	12.959889	-2.8145181169938996e+07	3.2738078013062477e-01
972	13.033333	-2.8145181280216251e+07	-1.1027725413441658e-01
973	12.930197	-2.8145181519836202e+07	-2.3961995169520378e-01
974	13.046331	-2.8145181169942047e+07	3.4989415481686592e-01
975	12.990145	-2.8145181169921484e+07	2.0563602447509766e-05
976	13.083661	-2.8145181169909492e+07	1.1991709470748901e-05
977	12.971178	-2.8145181169908915e+07	5.7741999626159668e-07
978	13.088811	-2.8145181358467311e+07	-1.8855839595198631e-01
979	12.956180	-2.8145181169909343e+07	1.8855796754360199e-01
980	13.031898	-2.8145181169908784e+07	5.5879354476928711e-07
981	12.959999	-2.8145181169909019e+07	-2.3469328880310059e-07
982	13.097865	-2.8145181169902664e+07	6.3553452491760254e-06
983	12.976978	-2.8145181169909474e+07	-6.8098306655883789e-06
984	13.077134	-2.8145181169910237e+07	-7.6368451118469238e-07
985	12.986504	-2.8145181169906478e+07	3.7588179111480713e-06
986	13.089503	-2.8145181169904392e+07	2.0861625671386719e-06
987	12.986691	-2.8145181169904187e+07	2.0489096641540527e-07
988	13.101089	-2.8145181634023044e+07	-4.6411885693669319e-01
989	12.998149	-2.8145181169923857e+07	4.6409918740391731e-01
990	13.069398	-2.8145181169902831e+07	2.1025538444519043e-05
991	12.989829	-2.8145181169910453e+07	-7.6219439506530762e-06
992	13.075254	-2.8145181169911832e+07	-1.3783574104309082e-06
993	13.010182	-2.8145181169918969e+07	-7.1376562118530273e-06
994	13.133867	-2.8145181169909518e+07	9.4510614871978760e-06
995	13.037075	-2.8145181169912554e+07	-3.0361115932464600e-06
996	13.058313	-2.8145181169907585e+07	4.9695372581481934e-06
997	12.993642	-2.8145181169907741e+07	-1.5646219253540039e-07
998	13.102062	-2.8145181169896804e+07	1.0937452316284180e-05
999	13.060948	-2.8145181169896375e+07	4.2840838432312012e-07
1000	13.210911	-2.8145181821129970e+07	-6.5123359486460686e-01

Writing Q matrix to /global/home/users/deboraycb/scratch/atahualpa/analysis/ohana/maf05_3/structure/merge2_20M_allchr_snps_maf05_k6_mi1000_2_q.matrix
Writing F matrix to /global/home/users/deboraycb/scratch/atahualpa/analysis/ohana/maf05_3/structure/merge2_20M_allchr_snps_maf05_k6_mi1000_2_f.matrix
