seed: 80104535

iter	duration	log_likelihood	delta-lle
0	3.050488	-4.4319608588338338e+07
1	14.808397	-3.9367899468149401e+07	4.9517091201889366e+06
2	14.957081	-3.5192001020175211e+07	4.1758984479741901e+06
3	14.751074	-3.4265406425999627e+07	9.2659459417558461e+05
4	14.802131	-3.3621978361908980e+07	6.4342806409064680e+05
5	14.679237	-3.3044774830670092e+07	5.7720353123888746e+05
6	14.627093	-3.2476864553807344e+07	5.6791027686274797e+05
7	14.579000	-3.1902463346313775e+07	5.7440120749356970e+05
8	14.643902	-3.1355288894845556e+07	5.4717445146821812e+05
9	14.461268	-3.0835170973383900e+07	5.2011792146165669e+05
10	14.444085	-3.0319590742600121e+07	5.1558023078377917e+05
11	14.325827	-2.9817464150904946e+07	5.0212659169517457e+05
12	14.429538	-2.9353246684892360e+07	4.6421746601258591e+05
13	14.492574	-2.8953140608961828e+07	4.0010607593053207e+05
14	14.221826	-2.8643983541545477e+07	3.0915706741635129e+05
15	14.148884	-2.8440311672071394e+07	2.0367186947408319e+05
16	14.259672	-2.8335289867641747e+07	1.0502180442964658e+05
17	14.201552	-2.8296013749280889e+07	3.9276118360858411e+04
18	14.003386	-2.8282073787816677e+07	1.3939961464211345e+04
19	14.067627	-2.8275164744889308e+07	6.9090429273694754e+03
20	14.094104	-2.8271085377950218e+07	4.0793669390901923e+03
21	14.102379	-2.8268334226752501e+07	2.7511511977165937e+03
22	14.135140	-2.8266302758737210e+07	2.0314680152907968e+03
23	13.899429	-2.8264882524624892e+07	1.4202341123186052e+03
24	13.936632	-2.8263937105029836e+07	9.4541959505528212e+02
25	13.999119	-2.8263206201080367e+07	7.3090394946932793e+02
26	13.875652	-2.8262582717270218e+07	6.2348381014913321e+02
27	13.901445	-2.8262032349171996e+07	5.5036809822171926e+02
28	13.779528	-2.8261515346929595e+07	5.1700224240124226e+02
29	13.946039	-2.8261022979594868e+07	4.9236733472719789e+02
30	13.979619	-2.8260539636297524e+07	4.8334329734370112e+02
31	13.860663	-2.8260062101601783e+07	4.7753469574078918e+02
32	13.843811	-2.8259588014126316e+07	4.7408747546747327e+02
33	14.038186	-2.8259117201734815e+07	4.7081239150092006e+02
34	13.948838	-2.8258636880215190e+07	4.8032151962444186e+02
35	13.957332	-2.8258156176369522e+07	4.8070384566858411e+02
36	13.779390	-2.8257662975734536e+07	4.9320063498616219e+02
37	13.821863	-2.8257150672818124e+07	5.1230291641131043e+02
38	13.919778	-2.8256617063170414e+07	5.3360964770987630e+02
39	13.919922	-2.8256176824434232e+07	4.4023873618245125e+02
40	13.924015	-2.8255581775667768e+07	5.9504876646399498e+02
41	13.773450	-2.8254995349051584e+07	5.8642661618441343e+02
42	13.950395	-2.8254344333729379e+07	6.5101532220467925e+02
43	13.952102	-2.8253663361433446e+07	6.8097229593247175e+02
44	13.783259	-2.8252952181856599e+07	7.1117957684770226e+02
45	13.775818	-2.8252208566164147e+07	7.4361569245159626e+02
46	13.891883	-2.8251489119899824e+07	7.1944626432284713e+02
47	13.947253	-2.8250638057126746e+07	8.5106277307868004e+02
48	13.869919	-2.8249715110827874e+07	9.2294629887118936e+02
49	13.915412	-2.8248697805383246e+07	1.0173054446280003e+03
50	13.774417	-2.8247561863306481e+07	1.1359420767650008e+03
51	13.811430	-2.8246272558892589e+07	1.2893044138923287e+03
52	13.744021	-2.8244787182322580e+07	1.4853765700086951e+03
53	13.702657	-2.8243077531610485e+07	1.7096507120952010e+03
54	13.636588	-2.8241151636843089e+07	1.9258947673961520e+03
55	13.762622	-2.8239047713193867e+07	2.1039236492216587e+03
56	13.715306	-2.8236898718087401e+07	2.1489951064661145e+03
57	13.788263	-2.8235455795373634e+07	1.4429227137677372e+03
58	13.526259	-2.8240057537255842e+07	-4.6017418822087348e+03
59	13.574595	-2.8238075778129775e+07	1.9817591260671616e+03
60	13.679565	-2.8236732779440127e+07	1.3429986896477640e+03
61	13.557447	-2.8236044337946527e+07	6.8844149360060692e+02
62	13.545079	-2.8235455871041790e+07	5.8846690473705530e+02
63	13.444160	-2.8233542000616122e+07	1.9138704256676137e+03
64	13.561534	-2.8230696365459263e+07	2.8456351568587124e+03
65	13.557206	-2.8229390638811756e+07	1.3057266475073993e+03
66	13.428744	-2.8228748931990054e+07	6.4170682170242071e+02
67	13.416738	-2.8228414411811929e+07	3.3452017812430859e+02
68	13.503965	-2.8228142360491790e+07	2.7205132013931870e+02
69	13.533892	-2.8227886679968882e+07	2.5568052290752530e+02
70	13.468340	-2.8227640133724581e+07	2.4654624430090189e+02
71	13.459114	-2.8227407680160206e+07	2.3245356437563896e+02
72	13.322746	-2.8227182152468368e+07	2.2552769183740020e+02
73	13.472775	-2.8226970717750039e+07	2.1143471832945943e+02
74	13.499177	-2.8226766136572924e+07	2.0458117711544037e+02
75	13.372073	-2.8226562845123384e+07	2.0329144953936338e+02
76	13.353912	-2.8226362793636490e+07	2.0005148689448833e+02
77	13.465739	-2.8226156594270200e+07	2.0619936629012227e+02
78	13.475798	-2.8225947384414904e+07	2.0920985529571772e+02
79	13.435067	-2.8225735403003365e+07	2.1198141153901815e+02
80	13.469446	-2.8225528599177465e+07	2.0680382589995861e+02
81	13.278362	-2.8225318408567294e+07	2.1019061017036438e+02
82	13.377733	-2.8225098297906850e+07	2.2011066044494510e+02
83	13.536595	-2.8224878771137498e+07	2.1952676935121417e+02
84	13.296498	-2.8224648783718046e+07	2.2998741945251822e+02
85	13.317912	-2.8224414072095525e+07	2.3471162252128124e+02
86	13.451936	-2.8224261456009693e+07	1.5261608583107591e+02
87	13.484239	-2.8224004261607107e+07	2.5719440258666873e+02
88	13.379777	-2.8223885539191712e+07	1.1872241539508104e+02
89	13.378624	-2.8223605996356405e+07	2.7954283530637622e+02
90	13.254266	-2.8223324252106778e+07	2.8174424962699413e+02
91	13.381240	-2.8223048948572140e+07	2.7530353463813663e+02
92	13.411125	-2.8222788140532576e+07	2.6080803956463933e+02
93	13.297208	-2.8222529448614825e+07	2.5869191775098443e+02
94	13.313676	-2.8222392402383924e+07	1.3704623090103269e+02
95	13.370099	-2.8222153452540722e+07	2.3894984320178628e+02
96	13.478942	-2.8221966054233283e+07	1.8739830743893981e+02
97	13.355418	-2.8221808794885110e+07	1.5725934817269444e+02
98	13.393795	-2.8221671427614052e+07	1.3736727105826139e+02
99	13.223731	-2.8221549561773159e+07	1.2186584089323878e+02
100	13.383058	-2.8221438906643230e+07	1.1065512992814183e+02
101	13.414018	-2.8221340382118572e+07	9.8524524658918381e+01
102	13.285289	-2.8221242033907443e+07	9.8348211128264666e+01
103	13.299151	-2.8221440737207633e+07	-1.9870330018922687e+02
104	13.400105	-2.8221326293625697e+07	1.1444358193501830e+02
105	13.490481	-2.8221219571561266e+07	1.0672206443175673e+02
106	13.363314	-2.8221122118218657e+07	9.7453342609107494e+01
107	13.388498	-2.8221026939293705e+07	9.5178924951702356e+01
108	13.266036	-2.8220936546535525e+07	9.0392758179455996e+01
109	13.432856	-2.8220849775882259e+07	8.6770653266459703e+01
110	13.419672	-2.8220765599377617e+07	8.4176504641771317e+01
111	13.306830	-2.8220686606095955e+07	7.8993281662464142e+01
112	13.264011	-2.8220605583735224e+07	8.1022360730916262e+01
113	13.408248	-2.8220525394687358e+07	8.0189047865569592e+01
114	13.525436	-2.8220575759311233e+07	-5.0364623874425888e+01
115	13.412216	-2.8220490857188351e+07	8.4902122881263494e+01
116	13.356960	-2.8220488529296644e+07	2.3278917074203491e+00
117	13.228616	-2.8220517749838125e+07	-2.9220541480928659e+01
118	13.377250	-2.8220441928888682e+07	7.5820949442684650e+01
119	13.392762	-2.8220370148150191e+07	7.1780738491564989e+01
120	13.520714	-2.8220355625201438e+07	1.4522948753088713e+01
121	13.296775	-2.8220289392545156e+07	6.6232656281441450e+01
122	13.398796	-2.8220222550031397e+07	6.6842513758689165e+01
123	13.538530	-2.8220156816852085e+07	6.5733179312199354e+01
124	13.364351	-2.8220092624851156e+07	6.4192000929266214e+01
125	13.391482	-2.8220027562387113e+07	6.5062464043498039e+01
126	13.322108	-2.8220165187222023e+07	-1.3762483491003513e+02
127	13.450061	-2.8220091108783349e+07	7.4078438673168421e+01
128	13.415081	-2.8220019859566092e+07	7.1249217256903648e+01
129	13.488179	-2.8220006128929947e+07	1.3730636145919561e+01
130	13.288369	-2.8219930041142751e+07	7.6087787196040154e+01
131	13.383739	-2.8219859074265052e+07	7.0966877698898315e+01
132	13.499477	-2.8219784106915358e+07	7.4967349693179131e+01
133	13.358121	-2.8219709499420263e+07	7.4607495095580816e+01
134	13.361588	-2.8219705820257574e+07	3.6791626885533333e+00
135	13.324034	-2.8219625964695171e+07	7.9855562403798103e+01
136	13.397655	-2.8219556889624901e+07	6.9075070269405842e+01
137	13.466324	-2.8219487403991342e+07	6.9485633559525013e+01
138	13.520392	-2.8219418696077734e+07	6.8707913607358932e+01
139	13.343620	-2.8219349922634277e+07	6.8773443456739187e+01
140	13.393269	-2.8219281148580041e+07	6.8774054236710072e+01
141	13.496762	-2.8219214807930648e+07	6.6340649392455816e+01
142	13.416444	-2.8219325218543720e+07	-1.1041061307117343e+02
143	13.395489	-2.8219238973572809e+07	8.6244970910251141e+01
144	13.248116	-2.8219162860384163e+07	7.6113188646733761e+01
145	13.429857	-2.8219091932439387e+07	7.0927944775670767e+01
146	13.408555	-2.8219028624091856e+07	6.3308347530663013e+01
147	13.517709	-2.8218964488807391e+07	6.4135284464806318e+01
148	13.344058	-2.8218902172354676e+07	6.2316452715545893e+01
149	13.413893	-2.8218964497659855e+07	-6.2325305178761482e+01
150	13.470095	-2.8218894379576456e+07	7.0118083398789167e+01
151	13.354776	-2.8218831092574287e+07	6.3287002168595791e+01
152	13.299040	-2.8218766175317958e+07	6.4917256329208612e+01
153	13.341467	-2.8218705311362419e+07	6.0863955538719893e+01
154	13.476512	-2.8218646055945817e+07	5.9255416601896286e+01
155	13.395366	-2.8218588237706631e+07	5.7818239185959101e+01
156	13.508047	-2.8218534625158623e+07	5.3612548008561134e+01
157	13.351582	-2.8218545157337114e+07	-1.0532178491353989e+01
158	13.397589	-2.8218485888942100e+07	5.9268395014107227e+01
159	13.515375	-2.8218428353524361e+07	5.7535417739301920e+01
160	13.373402	-2.8218372305030089e+07	5.6048494271934032e+01
161	13.382934	-2.8218321444391634e+07	5.0860638454556465e+01
162	13.275183	-2.8218267255620923e+07	5.4188770711421967e+01
163	13.441792	-2.8218213346833881e+07	5.3908787041902542e+01
164	13.406989	-2.8218167535232522e+07	4.5811601359397173e+01
165	13.568501	-2.8218124957581904e+07	4.2577650617808104e+01
166	13.293633	-2.8218203200016446e+07	-7.8242434542626143e+01
167	13.392175	-2.8218149642734658e+07	5.3557281788438559e+01
168	13.482054	-2.8218097681354072e+07	5.1961380586028099e+01
169	13.333693	-2.8218180550089329e+07	-8.2868735257536173e+01
170	13.365302	-2.8218124037901554e+07	5.6512187775224447e+01
171	13.252050	-2.8218075747418314e+07	4.8290483240038157e+01
172	13.398199	-2.8218026033074487e+07	4.9714343827217817e+01
173	13.419339	-2.8217979774146527e+07	4.6258927959948778e+01
174	13.519061	-2.8217934634878393e+07	4.5139268133789301e+01
175	13.290157	-2.8217890924854781e+07	4.3710023611783981e+01
176	13.362684	-2.8217851280974157e+07	3.9643880624324083e+01
177	13.508420	-2.8217808050496262e+07	4.3230477895587683e+01
178	13.380276	-2.8217765306683902e+07	4.2743812359869480e+01
179	13.382344	-2.8217802601899978e+07	-3.7295216076076031e+01
180	13.232842	-2.8217784085697923e+07	1.8516202054917812e+01
181	13.476480	-2.8217741409772500e+07	4.2675925422459841e+01
182	13.408750	-2.8217696446840245e+07	4.4962932255119085e+01
183	13.501558	-2.8217652495056748e+07	4.3951783496886492e+01
184	13.316665	-2.8217618330914099e+07	3.4164142649620771e+01
185	13.403753	-2.8217585647873379e+07	3.2683040719479322e+01
186	13.473474	-2.8217557533668499e+07	2.8114204879850149e+01
187	13.352239	-2.8217607283872001e+07	-4.9750203501433134e+01
188	13.347618	-2.8217566783514421e+07	4.0500357579439878e+01
189	13.296482	-2.8217654437175371e+07	-8.7653660949319601e+01
190	13.395328	-2.8217609212629054e+07	4.5224546317011118e+01
191	13.438594	-2.8217570305106942e+07	3.8907522112131119e+01
192	13.523281	-2.8217533482494112e+07	3.6822612829506397e+01
193	13.336010	-2.8217498580852199e+07	3.4901641912758350e+01
194	13.372316	-2.8217464425357908e+07	3.4155494291335344e+01
195	13.451762	-2.8217431152696196e+07	3.3272661712020636e+01
196	13.314604	-2.8217459709866177e+07	-2.8557169981300831e+01
197	13.388954	-2.8217422567723993e+07	3.7142142184078693e+01
198	13.231824	-2.8217386799471170e+07	3.5768252823501825e+01
199	13.399033	-2.8217352214012697e+07	3.4585458472371101e+01
200	13.448676	-2.8217319750204891e+07	3.2463807806372643e+01
201	13.453425	-2.8217288360737167e+07	3.1389467723667622e+01
202	13.272169	-2.8217260645847972e+07	2.7714889194816351e+01
203	13.364970	-2.8217229136530835e+07	3.1509317137300968e+01
204	13.451427	-2.8217196825309642e+07	3.2311221193522215e+01
205	13.337586	-2.8217244341913130e+07	-4.7516603488475084e+01
206	13.346295	-2.8217220322894260e+07	2.4019018869847059e+01
207	13.295860	-2.8217198233495925e+07	2.2089398335665464e+01
208	13.416913	-2.8217180819334980e+07	1.7414160944521427e+01
209	13.363892	-2.8217161378132541e+07	1.9441202439367771e+01
210	13.433927	-2.8217142941860035e+07	1.8436272505670786e+01
211	13.271436	-2.8217125271225460e+07	1.7670634575188160e+01
212	13.305301	-2.8217108233370613e+07	1.7037854846566916e+01
213	13.454790	-2.8217122235281207e+07	-1.4001910593360662e+01
214	13.318631	-2.8217152890973214e+07	-3.0655692007392645e+01
215	13.345270	-2.8217132612673882e+07	2.0278299331665039e+01
216	13.240199	-2.8217113488438793e+07	1.9124235089868307e+01
217	13.402263	-2.8217095511046264e+07	1.7977392528206110e+01
218	13.366004	-2.8217079457553789e+07	1.6053492475301027e+01
219	13.459145	-2.8217064700679094e+07	1.4756874695420265e+01
220	13.253597	-2.8217054076462492e+07	1.0624216601252556e+01
221	13.276488	-2.8217039955601979e+07	1.4120860513299704e+01
222	13.428088	-2.8217088608382132e+07	-4.8652780152857304e+01
223	13.294758	-2.8217070540902726e+07	1.8067479405552149e+01
224	13.324975	-2.8217054058055237e+07	1.6482847489416599e+01
225	13.293731	-2.8217038897864047e+07	1.5160191189497709e+01
226	13.418014	-2.8217028896714434e+07	1.0001149613410234e+01
227	13.363314	-2.8217015579714518e+07	1.3316999915987253e+01
228	13.409275	-2.8217002627400767e+07	1.2952313750982285e+01
229	13.275792	-2.8216989925377350e+07	1.2702023416757584e+01
230	13.322162	-2.8216977648495957e+07	1.2276881393045187e+01
231	13.411075	-2.8217037506223083e+07	-5.9857727125287056e+01
232	13.303378	-2.8217025214629743e+07	1.2291593339294195e+01
233	13.341051	-2.8217010065460611e+07	1.5149169132113457e+01
234	13.200593	-2.8216995837940335e+07	1.4227520275861025e+01
235	13.400723	-2.8216983442487214e+07	1.2395453121513128e+01
236	13.368650	-2.8216972015341021e+07	1.1427146192640066e+01
237	13.387266	-2.8216961208979897e+07	1.0806361123919487e+01
238	13.241387	-2.8217011728861604e+07	-5.0519881706684828e+01
239	13.249668	-2.8216996316896986e+07	1.5411964617669582e+01
240	13.336190	-2.8216982069801234e+07	1.4247095752507448e+01
241	13.382418	-2.8216968852291174e+07	1.3217510059475899e+01
242	13.302137	-2.8216957585472416e+07	1.1266818758100271e+01
243	13.222218	-2.8216947271716774e+07	1.0313755642622709e+01
244	13.398263	-2.8216940624425940e+07	6.6472908332943916e+00
245	13.424462	-2.8216929914835095e+07	1.0709590844810009e+01
246	13.319782	-2.8217036624403641e+07	-1.0670956854522228e+02
247	13.425049	-2.8217014361397374e+07	2.2263006266206503e+01
248	13.238327	-2.8216993434738629e+07	2.0926658745855093e+01
249	13.358924	-2.8217021388829380e+07	-2.7954090751707554e+01
250	13.443892	-2.8217000580423262e+07	2.0808406118303537e+01
251	13.314484	-2.8216978623948280e+07	2.1956474982202053e+01
252	13.356023	-2.8216957812796067e+07	2.0811152212321758e+01
253	13.411827	-2.8216944287410174e+07	1.3525385893881321e+01
254	13.396521	-2.8216933575382710e+07	1.0712027464061975e+01
255	13.346754	-2.8216923732044868e+07	9.8433378413319588e+00
256	13.355111	-2.8216999264805511e+07	-7.5532760642468929e+01
257	13.210738	-2.8216980370348822e+07	1.8894456688314676e+01
258	13.340929	-2.8217088268436644e+07	-1.0789808782190084e+02
259	13.440282	-2.8217062326415095e+07	2.5942021548748016e+01
260	13.317293	-2.8217038983537361e+07	2.3342877734452486e+01
261	13.980598	-2.8217021419448890e+07	1.7564088471233845e+01
262	13.608694	-2.8217008714581303e+07	1.2704867586493492e+01
263	13.362106	-2.8216992131126147e+07	1.6583455156534910e+01
264	13.540979	-2.8216975574146442e+07	1.6556979704648256e+01
265	13.241777	-2.8216958829747483e+07	1.6744398958981037e+01
266	13.431398	-2.8216942206276774e+07	1.6623470708727837e+01
267	13.430027	-2.8217000654795568e+07	-5.8448518794029951e+01
268	13.222642	-2.8216983701119628e+07	1.6953675940632820e+01
269	13.392637	-2.8216962971331801e+07	2.0729787826538086e+01
270	13.390922	-2.8216942667307716e+07	2.0304024085402489e+01
271	13.329424	-2.8216923318638548e+07	1.9348669167608023e+01
272	13.420141	-2.8216904645835325e+07	1.8672803223133087e+01
273	13.201997	-2.8216886377347380e+07	1.8268487945199013e+01
274	13.321902	-2.8216934043869872e+07	-4.7666522491723299e+01
275	13.632489	-2.8216921187028345e+07	1.2856841526925564e+01
276	13.982706	-2.8216909417066164e+07	1.1769962180405855e+01
277	13.753345	-2.8216898601018287e+07	1.0816047877073288e+01
278	13.574891	-2.8216889661056362e+07	8.9399619251489639e+00
279	13.554904	-2.8216881595735453e+07	8.0653209090232849e+00
280	13.261000	-2.8216877153774798e+07	4.4419606551527977e+00
281	13.410718	-2.8216868574773967e+07	8.5790008306503296e+00
282	13.504061	-2.8216859968038283e+07	8.6067356839776039e+00
283	13.241145	-2.8217035274948258e+07	-1.7530690997466445e+02
284	13.291866	-2.8217011983437739e+07	2.3291510518640280e+01
285	13.402871	-2.8216991203156341e+07	2.0780281398445368e+01
286	13.269286	-2.8216975064697150e+07	1.6138459190726280e+01
287	13.288408	-2.8216957474911381e+07	1.7589785769581795e+01
288	13.192339	-2.8216942006970804e+07	1.5467940576374531e+01
289	13.419592	-2.8216927554930169e+07	1.4452040635049343e+01
290	13.306986	-2.8216978825142711e+07	-5.1270212542265654e+01
291	13.396536	-2.8216958814364359e+07	2.0010778352618217e+01
292	13.187108	-2.8216944428197835e+07	1.4386166524142027e+01
293	13.294157	-2.8217051420590721e+07	-1.0699239288643003e+02
294	13.400609	-2.8217025765360970e+07	2.5655229751020670e+01
295	13.381671	-2.8217003527260747e+07	2.2238100223243237e+01
296	13.302324	-2.8216987026605636e+07	1.6500655110925436e+01
297	13.263001	-2.8216972303611688e+07	1.4722993947565556e+01
298	13.412099	-2.8216961065654136e+07	1.1237957552075386e+01
299	13.409241	-2.8216945705084879e+07	1.5360569257289171e+01
300	13.358459	-2.8216988137609523e+07	-4.2432524643838406e+01
301	13.305467	-2.8216968342014354e+07	1.9795595169067383e+01
302	13.263110	-2.8216949728768319e+07	1.8613246034830809e+01
303	13.394610	-2.8216931971908238e+07	1.7756860081106424e+01
304	13.479209	-2.8216918914130654e+07	1.3057777583599091e+01
305	13.439174	-2.8216902031200573e+07	1.6882930081337690e+01
306	13.181257	-2.8216884992509585e+07	1.7038690987974405e+01
307	13.431578	-2.8216867465986155e+07	1.7526523429900408e+01
308	13.353612	-2.8216849647019241e+07	1.7818966913968325e+01
309	13.330583	-2.8216838838666461e+07	1.0808352779597044e+01
310	13.375891	-2.8216840919092089e+07	-2.0804256275296211e+00
311	13.209600	-2.8216831097224962e+07	9.8218671269714832e+00
312	13.300656	-2.8216821191058274e+07	9.9061666876077652e+00
313	13.454954	-2.8216923276470292e+07	-1.0208541201800108e+02
314	13.277045	-2.8216991154316369e+07	-6.7877846077084541e+01
315	13.183864	-2.8217039821442656e+07	-4.8667126286774874e+01
316	13.340909	-2.8217019412365004e+07	2.0409077651798725e+01
317	13.348030	-2.8216997347829573e+07	2.2064535431563854e+01
318	13.343070	-2.8216980215511683e+07	1.7132317889481783e+01
319	13.357308	-2.8216964651137717e+07	1.5564373966306448e+01
320	13.199539	-2.8216949858432535e+07	1.4792705181986094e+01
321	13.330128	-2.8216935693558455e+07	1.4164874080568552e+01
322	13.427248	-2.8216924588960037e+07	1.1104598417878151e+01
323	13.274068	-2.8216909100616563e+07	1.5488343473523855e+01
324	13.240769	-2.8216894166042931e+07	1.4934573631733656e+01
325	13.356328	-2.8216957519809801e+07	-6.3353766869753599e+01
326	13.411177	-2.8216941524758741e+07	1.5995051059871912e+01
327	13.416580	-2.8216921019679971e+07	2.0505078770220280e+01
328	13.298253	-2.8217047244271439e+07	-1.2622459146752954e+02
329	13.176625	-2.8217021501126684e+07	2.5743144754320383e+01
330	13.344980	-2.8217000506149244e+07	2.0994977440685034e+01
331	13.395458	-2.8216981577196028e+07	1.8928953215479851e+01
332	13.240067	-2.8216964424719613e+07	1.7152476415038109e+01
333	13.228508	-2.8216949425970010e+07	1.4998749602586031e+01
334	13.315251	-2.8216937670316257e+07	1.1755653753876686e+01
335	13.443106	-2.8216921942331050e+07	1.5727985206991434e+01
336	13.257440	-2.8216906307890143e+07	1.5634440906345844e+01
337	13.310110	-2.8216964886143450e+07	-5.8578253306448460e+01
338	13.173656	-2.8216944942591216e+07	1.9943552233278751e+01
339	13.315369	-2.8216926470725354e+07	1.8471865862607956e+01
340	13.360432	-2.8216912209490430e+07	1.4261234924197197e+01
341	13.224533	-2.8216895535342794e+07	1.6674147635698318e+01
342	13.219034	-2.8216880064532835e+07	1.5470809958875179e+01
343	13.298925	-2.8216961432336096e+07	-8.1367803260684013e+01
344	13.394774	-2.8216979296220817e+07	-1.7863884720951319e+01
345	13.306125	-2.8216960185006130e+07	1.9111214686185122e+01
346	13.293871	-2.8216945262623545e+07	1.4922382585704327e+01
347	13.192108	-2.8216926764798168e+07	1.8497825376689434e+01
348	13.377237	-2.8216909320826013e+07	1.7443972155451775e+01
349	13.318745	-2.8216892541813217e+07	1.6779012795537710e+01
350	13.394212	-2.8216876366285298e+07	1.6175527919083834e+01
351	13.267688	-2.8216859398996934e+07	1.6967288363724947e+01
352	13.306060	-2.8217026545592390e+07	-1.6714659545570612e+02
353	13.423971	-2.8217004158713657e+07	2.2386878732591867e+01
354	13.242157	-2.8216983027563456e+07	2.1131150200963020e+01
355	13.301978	-2.8216963293466941e+07	1.9734096515923738e+01
356	13.208538	-2.8216946050940104e+07	1.7242526836693287e+01
357	13.344390	-2.8216931833085235e+07	1.4217854868620634e+01
358	13.284453	-2.8216921978145506e+07	9.8549397289752960e+00
359	13.361174	-2.8216907147643752e+07	1.4830501753836870e+01
360	13.219478	-2.8217028356803611e+07	-1.2120915985852480e+02
361	13.257292	-2.8217004672839046e+07	2.3683964565396309e+01
362	13.373088	-2.8216983688749839e+07	2.0984089206904173e+01
363	13.293926	-2.8216964520822864e+07	1.9167926974594593e+01
364	13.294948	-2.8216952436820850e+07	1.2084002014249563e+01
365	13.181025	-2.8216937063848466e+07	1.5372972384095192e+01
366	13.424252	-2.8216921859841231e+07	1.5204007234424353e+01
367	13.327431	-2.8216906868622608e+07	1.4991218622773886e+01
368	13.384271	-2.8216961364160705e+07	-5.4495538096874952e+01
369	13.290890	-2.8216941561249431e+07	1.9802911274135113e+01
370	13.241984	-2.8216927005109034e+07	1.4556140396744013e+01
371	13.345531	-2.8216954678368926e+07	-2.7673259891569614e+01
372	13.349140	-2.8216932353422772e+07	2.2324946153908968e+01
373	13.286512	-2.8216912733078532e+07	1.9620344240218401e+01
374	13.208483	-2.8216894385520007e+07	1.8347558524459600e+01
375	13.423334	-2.8216886197273485e+07	8.1882465220987797e+00
376	13.365431	-2.8216881339687865e+07	4.8575856201350689e+00
377	13.330517	-2.8216872948296636e+07	8.3913912288844585e+00
378	13.197562	-2.8216947933116935e+07	-7.4984820298850536e+01
379	13.252233	-2.8216971047553457e+07	-2.3114436522126198e+01
380	13.346819	-2.8216951367771488e+07	1.9679781969636679e+01
381	13.443424	-2.8216932936590679e+07	1.8431180808693171e+01
382	13.244062	-2.8216918360168539e+07	1.4576422140002251e+01
383	13.171048	-2.8216900786061008e+07	1.7574107531458139e+01
384	13.335201	-2.8216883649084434e+07	1.7136976573616266e+01
385	13.437401	-2.8216866469348367e+07	1.7179736066609621e+01
386	13.347454	-2.8216851207899839e+07	1.5261448528617620e+01
387	13.333049	-2.8216955609383687e+07	-1.0440148384869099e+02
388	13.252663	-2.8216940696034312e+07	1.4913349375128746e+01
389	13.351044	-2.8216922572788522e+07	1.8123245790600777e+01
390	13.380290	-2.8216944322876479e+07	-2.1750087957829237e+01
391	13.248771	-2.8216950791644968e+07	-6.4687684886157513e+00
392	13.199414	-2.8216929852637772e+07	2.0939007196575403e+01
393	13.375974	-2.8216910969408639e+07	1.8883229132741690e+01
394	13.404708	-2.8216900023614261e+07	1.0945794377475977e+01
395	13.295384	-2.8216891094175115e+07	8.9294391460716724e+00
396	13.338552	-2.8216881800662071e+07	9.2935130447149277e+00
397	13.183308	-2.8216873373213038e+07	8.4274490326642990e+00
398	13.325137	-2.8216949264897402e+07	-7.5891684364527464e+01
399	13.356823	-2.8216972751697402e+07	-2.3486800000071526e+01
400	13.240732	-2.8216956596193645e+07	1.6155503757297993e+01
401	13.230193	-2.8216937517908391e+07	1.9078285254538059e+01
402	13.364208	-2.8216918904140223e+07	1.8613768167793751e+01
403	13.403489	-2.8216901497009125e+07	1.7407131098210812e+01
404	13.299138	-2.8216884760245867e+07	1.6736763257533312e+01
405	13.322954	-2.8216868350086935e+07	1.6410158932209015e+01
406	13.244755	-2.8216854319095124e+07	1.4030991811305285e+01
407	14.112568	-2.8216845771700412e+07	8.5473947115242481e+00
408	13.897789	-2.8216838078387637e+07	7.6933127753436565e+00
409	13.612491	-2.8216829966207482e+07	8.1121801547706127e+00
410	13.416748	-2.8216822141273823e+07	7.8249336592853069e+00
411	13.534712	-2.8216926410392117e+07	-1.0426911829411983e+02
412	13.314434	-2.8216910795821790e+07	1.5614570327103138e+01
413	13.467776	-2.8217136572918404e+07	-2.2577709661424160e+02
414	13.328002	-2.8217100938688699e+07	3.5634229704737663e+01
415	13.201824	-2.8217069099779304e+07	3.1838909395039082e+01
416	13.376666	-2.8217041338630624e+07	2.7761148680001497e+01
417	13.305659	-2.8217066632142380e+07	-2.5293511755764484e+01
418	13.402606	-2.8217103527191482e+07	-3.6895049102604389e+01
419	13.209002	-2.8217073787484214e+07	2.9739707268774509e+01
420	13.279719	-2.8217046843147613e+07	2.6944336600601673e+01
421	13.387079	-2.8217020639344253e+07	2.6203803360462189e+01
422	13.306058	-2.8216995010999504e+07	2.5628344748169184e+01
423	13.294991	-2.8216970373435896e+07	2.4637563608586788e+01
424	13.248140	-2.8216949284487147e+07	2.1088948749005795e+01
425	13.395504	-2.8217125113266557e+07	-1.7582877941057086e+02
426	13.292219	-2.8217089536876358e+07	3.5576390199363232e+01
427	13.392747	-2.8217056517860446e+07	3.3019015911966562e+01
428	13.219398	-2.8217024527525686e+07	3.1990334760397673e+01
429	13.275638	-2.8217123470225040e+07	-9.8942699354141951e+01
430	13.369651	-2.8217083460641269e+07	4.0009583771228790e+01
431	13.256994	-2.8217047899176288e+07	3.5561464980244637e+01
432	13.304091	-2.8217013150415789e+07	3.4748760499060154e+01
433	13.159761	-2.8216993250719372e+07	1.9899696417152882e+01
434	13.390018	-2.8216975699050210e+07	1.7551669161766768e+01
435	13.330405	-2.8217042401531056e+07	-6.6702480845153332e+01
436	13.365286	-2.8217059513134740e+07	-1.7111603684723377e+01
437	13.214493	-2.8217029719760347e+07	2.9793374393135309e+01
438	13.257222	-2.8217000833364915e+07	2.8886395432054996e+01
439	13.346509	-2.8216972348034520e+07	2.8485330395400524e+01
440	13.449602	-2.8216944869698226e+07	2.7478336293250322e+01
441	13.302371	-2.8216917517681289e+07	2.7352016936987638e+01
442	13.180111	-2.8216893085295379e+07	2.4432385910302401e+01
443	13.355354	-2.8217026339698020e+07	-1.3325440264120698e+02
444	13.324185	-2.8217004474167746e+07	2.1865530274808407e+01
445	13.352973	-2.8216982770816717e+07	2.1703351028263569e+01
446	13.354199	-2.8216962471027676e+07	2.0299789041280746e+01
447	13.250178	-2.8216945227892410e+07	1.7243135266005993e+01
448	13.298882	-2.8216933551160462e+07	1.1676731947809458e+01
449	13.416935	-2.8216918807564430e+07	1.4743596032261848e+01
450	13.256410	-2.8216970016753014e+07	-5.1209188584238291e+01
451	13.193775	-2.8216977054685183e+07	-7.0379321686923504e+00
452	13.406321	-2.8216958258008339e+07	1.8796676844358444e+01
453	13.422316	-2.8216940136294305e+07	1.8121714033186436e+01
454	13.391159	-2.8216925987468515e+07	1.4148825790733099e+01
455	13.327629	-2.8216909353341222e+07	1.6634127292782068e+01
456	13.222388	-2.8216892118902650e+07	1.7234438572078943e+01
457	13.361161	-2.8216875539686862e+07	1.6579215787351131e+01
458	13.444861	-2.8216864575752851e+07	1.0963934011757374e+01
459	13.278565	-2.8217010506485380e+07	-1.4593073252961040e+02
460	13.225612	-2.8216993604451463e+07	1.6902033917605877e+01
461	13.350426	-2.8216975019328803e+07	1.8585122659802437e+01
462	13.388646	-2.8216958059349321e+07	1.6959979481995106e+01
463	13.331075	-2.8216943906542558e+07	1.4152806762605906e+01
464	13.357461	-2.8216929755027737e+07	1.4151514820754528e+01
465	13.159952	-2.8216915525803789e+07	1.4229223947972059e+01
466	13.349447	-2.8216905610484347e+07	9.9153194427490234e+00
467	13.349323	-2.8217021316577911e+07	-1.1570609356462955e+02
468	13.238520	-2.8216998887947626e+07	2.2428630284965038e+01
469	13.232469	-2.8216978549701162e+07	2.0338246464729309e+01
470	13.359405	-2.8216961684000935e+07	1.6865700226277113e+01
471	13.378692	-2.8216946637408361e+07	1.5046592574566603e+01
472	13.302762	-2.8216937392746173e+07	9.2446621879935265e+00
473	13.283765	-2.8216986345822431e+07	-4.8953076258301735e+01
474	13.210811	-2.8216966379356448e+07	1.9966465983539820e+01
475	13.316306	-2.8216947873104326e+07	1.8506252121180296e+01
476	13.316897	-2.8216930180213474e+07	1.7692890852689743e+01
477	13.300470	-2.8216914107696135e+07	1.6072517339140177e+01
478	13.245916	-2.8216901664609712e+07	1.2443086422979832e+01
479	13.316969	-2.8216885080500651e+07	1.6584109060466290e+01
480	13.414266	-2.8216867947098784e+07	1.7133401867002249e+01
481	13.325063	-2.8216915287334144e+07	-4.7340235359966755e+01
482	13.280557	-2.8216896456401493e+07	1.8830932650715113e+01
483	13.244034	-2.8216886427175626e+07	1.0029225867241621e+01
484	13.307004	-2.8216880558711886e+07	5.8684637397527695e+00
485	13.365614	-2.8216872169589963e+07	8.3891219235956669e+00
486	13.423094	-2.8216864288852733e+07	7.8807372301816940e+00
487	13.230199	-2.8216856781431854e+07	7.5074208788573742e+00
488	13.294070	-2.8216849850121576e+07	6.9313102774322033e+00
489	13.408855	-2.8216845520078178e+07	4.3300433978438377e+00
490	13.260293	-2.8216960317374393e+07	-1.1479729621484876e+02
491	13.349489	-2.8216939937647596e+07	2.0379726797342300e+01
492	13.203882	-2.8216920461210005e+07	1.9476437591016293e+01
493	13.370464	-2.8216949005125098e+07	-2.8543915092945099e+01
494	13.358237	-2.8216926206803426e+07	2.2798321671783924e+01
495	13.396907	-2.8216906730102938e+07	1.9476700488477945e+01
496	13.235488	-2.8216897004608970e+07	9.7254939675331116e+00
497	13.211327	-2.8216888426164843e+07	8.5784441269934177e+00
498	13.384665	-2.8216879398231957e+07	9.0279328860342503e+00
499	13.286183	-2.8216871134939291e+07	8.2632926665246487e+00
500	13.258984	-2.8216951227986194e+07	-8.0093046903610229e+01
501	13.223871	-2.8216933783962160e+07	1.7444024033844471e+01
502	13.396682	-2.8216966407895058e+07	-3.2623932898044586e+01
503	13.302241	-2.8216944812609412e+07	2.1595285646617413e+01
504	13.390541	-2.8216924986469802e+07	1.9826139610260725e+01
505	13.202565	-2.8216905903154124e+07	1.9083315677940845e+01
506	13.309592	-2.8216888539798208e+07	1.7363355915993452e+01
507	13.397950	-2.8216871496937934e+07	1.7042860273271799e+01
508	13.324003	-2.8216859523808248e+07	1.1973129685968161e+01
509	13.292166	-2.8216856034574576e+07	3.4892336726188660e+00
510	13.174084	-2.8216962468922656e+07	-1.0643434808030725e+02
511	13.349353	-2.8216943039935764e+07	1.9428986892104149e+01
512	13.358608	-2.8216924868093401e+07	1.8171842362731695e+01
513	13.324325	-2.8216955399414416e+07	-3.0531321015208960e+01
514	13.209545	-2.8216936419645417e+07	1.8979768998920918e+01
515	13.235038	-2.8216916658427034e+07	1.9761218383908272e+01
516	13.313739	-2.8216898110505834e+07	1.8547921199351549e+01
517	13.445653	-2.8216886656229820e+07	1.1454276014119387e+01
518	13.277600	-2.8216878124825440e+07	8.5314043797552586e+00
519	13.201158	-2.8216870450645067e+07	7.6741803735494614e+00
520	13.375832	-2.8216949753332429e+07	-7.9302687361836433e+01
521	13.373355	-2.8216972866939839e+07	-2.3113607410341501e+01
522	13.318627	-2.8216952428614248e+07	2.0438325591385365e+01
523	13.415975	-2.8216933417344321e+07	1.9011269927024841e+01
524	13.235098	-2.8216915174752269e+07	1.8242592051625252e+01
525	13.290861	-2.8216898316133752e+07	1.6858618516474962e+01
526	13.388066	-2.8216885284908164e+07	1.3031225588172674e+01
527	13.282862	-2.8216867999436345e+07	1.7285471819341183e+01
528	13.190718	-2.8216851695604492e+07	1.6303831852972507e+01
529	13.371877	-2.8216844064160973e+07	7.6314435191452503e+00
530	13.379986	-2.8216907367253225e+07	-6.3303092252463102e+01
531	13.395326	-2.8216896272483889e+07	1.1094769336283207e+01
532	13.353617	-2.8216889616008498e+07	6.6564753912389278e+00
533	13.232078	-2.8216879674749717e+07	9.9412587806582451e+00
534	13.301758	-2.8216871271968361e+07	8.4027813561260700e+00
535	13.398194	-2.8216863520373721e+07	7.7515946403145790e+00
536	13.251859	-2.8216856297575809e+07	7.2227979116141796e+00
537	13.213507	-2.8216849279681876e+07	7.0178939327597618e+00
538	13.322503	-2.8216911014677655e+07	-6.1734995778650045e+01
539	13.356099	-2.8216898591370080e+07	1.2423307575285435e+01
540	13.313324	-2.8216887846024863e+07	1.0745345216244459e+01
541	13.337656	-2.8216878017979674e+07	9.8280451893806458e+00
542	13.208856	-2.8216870028043814e+07	7.9899358600378036e+00
543	13.326704	-2.8216862864984829e+07	7.1630589850246906e+00
544	13.355014	-2.8216859317658868e+07	3.5473259612917900e+00
545	13.238952	-2.8216912059227210e+07	-5.2741568341851234e+01
546	13.214642	-2.8216901231464088e+07	1.0827763121575117e+01
547	13.358958	-2.8216890399513647e+07	1.0831950441002846e+01
548	13.454375	-2.8216880558858056e+07	9.8406555913388729e+00
549	13.297506	-2.8216872227471475e+07	8.3313865810632706e+00
550	13.265079	-2.8216868166427940e+07	4.0610435344278812e+00
551	13.218128	-2.8216860605509821e+07	7.5609181188046932e+00
552	13.337763	-2.8216852644029964e+07	7.9614798575639725e+00
553	13.311906	-2.8216845034927282e+07	7.6091026812791824e+00
554	13.451862	-2.8216949661431190e+07	-1.0462650390714407e+02
555	13.237911	-2.8216931262056161e+07	1.8399375028908253e+01
556	13.261929	-2.8216947091153532e+07	-1.5829097371548414e+01
557	13.416804	-2.8216954904338676e+07	-7.8131851442158222e+00
558	13.258234	-2.8216934493844982e+07	2.0410493694245815e+01
559	13.269710	-2.8216914864169911e+07	1.9629675071686506e+01
560	13.224739	-2.8216899062614132e+07	1.5801555778831244e+01
561	13.348062	-2.8216890491391368e+07	8.5712227635085583e+00
562	13.278485	-2.8216885475196674e+07	5.0161946937441826e+00
563	13.457518	-2.8216876772697281e+07	8.7024993933737278e+00
564	13.221552	-2.8216952332248855e+07	-7.5559551574289799e+01
565	13.315040	-2.8216974940719686e+07	-2.2608470831066370e+01
566	13.408154	-2.8216955245577287e+07	1.9695142399519682e+01
567	13.256896	-2.8216936947543547e+07	1.8298033740371466e+01
568	13.314266	-2.8216922521408238e+07	1.4426135309040546e+01
569	13.170523	-2.8216905145183567e+07	1.7376224670559168e+01
570	13.371761	-2.8216888253463633e+07	1.6891719933599234e+01
571	13.322343	-2.8216871533919673e+07	1.6719543959945440e+01
572	13.341315	-2.8217020185488921e+07	-1.4865156924724579e+02
573	13.229630	-2.8216997091468643e+07	2.3094020277261734e+01
574	13.268844	-2.8216980377813324e+07	1.6713655319064856e+01
575	13.387663	-2.8216960865011819e+07	1.9512801505625248e+01
576	13.274987	-2.8216944033299990e+07	1.6831711828708649e+01
577	13.342180	-2.8216929462989856e+07	1.4570310134440660e+01
578	13.191711	-2.8216915976223525e+07	1.3486766330897808e+01
579	13.388087	-2.8216968309932455e+07	-5.2333708930760622e+01
580	13.314476	-2.8216958112347472e+07	1.0197584982961416e+01
581	13.338530	-2.8216938817203153e+07	1.9295144319534302e+01
582	13.212703	-2.8216962391161099e+07	-2.3573957946151495e+01
583	13.217261	-2.8216940627899177e+07	2.1763261921703815e+01
584	13.343744	-2.8216921743736804e+07	1.8884162373840809e+01
585	13.457112	-2.8216904080396973e+07	1.7663339830935001e+01
586	13.310903	-2.8216891615687333e+07	1.2464709639549255e+01
587	13.183149	-2.8216880370725483e+07	1.1244961850345135e+01
588	13.359349	-2.8216871993445225e+07	8.3772802576422691e+00
589	13.430655	-2.8216947276702531e+07	-7.5283257305622101e+01
590	13.326453	-2.8216931160098054e+07	1.6116604477167130e+01
591	13.388492	-2.8216981283147506e+07	-5.0123049452900887e+01
592	13.233530	-2.8216966225024763e+07	1.5058122742921114e+01
593	13.349569	-2.8216985833851039e+07	-1.9608826275914907e+01
594	13.445155	-2.8216966316270024e+07	1.9517581015825272e+01
595	13.349497	-2.8216948847401008e+07	1.7468869015574455e+01
596	13.229145	-2.8216934353015125e+07	1.4494385883212090e+01
597	13.401738	-2.8216921585256942e+07	1.2767758183181286e+01
598	13.373760	-2.8216911312581431e+07	1.0272675510495901e+01
599	13.340070	-2.8216897262318887e+07	1.4050262544304132e+01
600	13.417923	-2.8216882116177212e+07	1.5146141674369574e+01
601	13.233468	-2.8216947747454334e+07	-6.5631277121603489e+01
602	13.347324	-2.8217091682591617e+07	-1.4393513728305697e+02
603	13.428589	-2.8217058045327634e+07	3.3637263983488083e+01
604	13.251877	-2.8217028860629730e+07	2.9184697903692722e+01
605	13.248890	-2.8216999450334020e+07	2.9410295709967613e+01
606	13.368116	-2.8216973412666239e+07	2.6037667781114578e+01
607	13.431662	-2.8216949365767948e+07	2.4046898290514946e+01
608	13.343144	-2.8216926482612334e+07	2.2883155614137650e+01
609	13.399020	-2.8216997612591945e+07	-7.1129979610443115e+01
610	13.197386	-2.8216977616862349e+07	1.9995729595422745e+01
611	13.349724	-2.8217104559067320e+07	-1.2694220497086644e+02
612	13.441276	-2.8217070839416243e+07	3.3719651076942682e+01
613	13.371559	-2.8217039787655257e+07	3.1051760986447334e+01
614	13.252337	-2.8217011173712861e+07	2.8613942395895720e+01
615	13.376584	-2.8216985687786628e+07	2.5485926233232021e+01
616	13.432034	-2.8216964435657158e+07	2.1252129469066858e+01
617	13.380704	-2.8217073166417573e+07	-1.0873076041415334e+02
618	13.343247	-2.8217093929585930e+07	-2.0763168357312679e+01
619	13.235240	-2.8217060519923132e+07	3.3409662798047066e+01
620	13.318408	-2.8217030925580021e+07	2.9594343110918999e+01
621	13.367554	-2.8217004627710838e+07	2.6297869183123112e+01
622	13.262643	-2.8216982483104847e+07	2.2144605990499258e+01
623	13.286984	-2.8216956636532135e+07	2.5846572712063789e+01
624	13.318930	-2.8216931082377259e+07	2.5554154876619577e+01
625	13.460387	-2.8217093077657074e+07	-1.6199527981504798e+02
626	13.262673	-2.8217058305277284e+07	3.4772379789501429e+01
627	13.308456	-2.8217026879830319e+07	3.1425446964800358e+01
628	13.228948	-2.8217001760009490e+07	2.5119820829480886e+01
629	13.371402	-2.8216974785435151e+07	2.6974574338644743e+01
630	13.380509	-2.8216949534903817e+07	2.5250531334429979e+01
631	13.484188	-2.8216925349942233e+07	2.4184961583465338e+01
632	13.219906	-2.8216968226621557e+07	-4.2876679323613644e+01
633	13.366161	-2.8216948453006715e+07	1.9773614842444658e+01
634	13.440308	-2.8216933119960502e+07	1.5333046212792397e+01
635	13.257982	-2.8216914020039748e+07	1.9099920753389597e+01
636	13.322555	-2.8216895777769834e+07	1.8242269914597273e+01
637	13.244217	-2.8216877339173626e+07	1.8438596207648516e+01
638	13.427728	-2.8216859101760305e+07	1.8237413320690393e+01
639	13.374228	-2.8216976602961253e+07	-1.1750120094791055e+02
640	13.421255	-2.8217002896030057e+07	-2.6293068803846836e+01
641	13.296881	-2.8216979784097724e+07	2.3111932333558798e+01
642	13.342788	-2.8216958173125379e+07	2.1610972344875336e+01
643	13.420588	-2.8216937872382451e+07	2.0300742927938700e+01
644	13.319636	-2.8216919851304438e+07	1.8021078012883663e+01
645	13.321502	-2.8216901787332054e+07	1.8063972383737564e+01
646	13.226150	-2.8217094169937778e+07	-1.9238260572403669e+02
647	13.391089	-2.8217062550864484e+07	3.1619073294103146e+01
648	13.375374	-2.8217034343113732e+07	2.8207750752568245e+01
649	13.424080	-2.8217102780753676e+07	-6.8437639944255352e+01
650	13.285004	-2.8217068333682239e+07	3.4447071436792612e+01
651	13.312229	-2.8217038072798938e+07	3.0260883301496506e+01
652	13.400824	-2.8217012339581512e+07	2.5733217425644398e+01
653	13.291597	-2.8216985824897405e+07	2.6514684107154608e+01
654	13.338590	-2.8216958020107817e+07	2.7804789587855339e+01
655	13.212862	-2.8216934305165220e+07	2.3714942596852779e+01
656	13.406205	-2.8216976820357163e+07	-4.2515191942453384e+01
657	13.350026	-2.8216957726917293e+07	1.9093439869582653e+01
658	13.382668	-2.8216943000396665e+07	1.4726520627737045e+01
659	13.262092	-2.8216924785626151e+07	1.8214770514518023e+01
660	13.312117	-2.8216907894198582e+07	1.6891427569091320e+01
661	13.485200	-2.8216891416681703e+07	1.6477516878396273e+01
662	13.303101	-2.8216875176708654e+07	1.6239973049610853e+01
663	13.334228	-2.8216858774897456e+07	1.6401811197400093e+01
664	13.293985	-2.8216958814535465e+07	-1.0003963800892234e+02
665	13.425652	-2.8216939419446889e+07	1.9395088575780392e+01
666	13.319229	-2.8216962374980282e+07	-2.2955533392727375e+01
667	13.431227	-2.8216941486962847e+07	2.0888017434626818e+01
668	13.265925	-2.8216922644081168e+07	1.8842881679534912e+01
669	13.258115	-2.8216904981314939e+07	1.7662766229361296e+01
670	13.374936	-2.8216892561111528e+07	1.2420203410089016e+01
671	13.357865	-2.8216880572315756e+07	1.1988795772194862e+01
672	13.299692	-2.8216872193676587e+07	8.3786391690373421e+00
673	13.274454	-2.8216863528842453e+07	8.6648341342806816e+00
674	13.382307	-2.8216939068368439e+07	-7.5539525985717773e+01
675	13.401820	-2.8216962372107778e+07	-2.3303739339113235e+01
676	13.298194	-2.8216946173398133e+07	1.6198709644377232e+01
677	13.248340	-2.8216926839171946e+07	1.9334226187318563e+01
678	13.243976	-2.8216907952070985e+07	1.8887100961059332e+01
679	13.360680	-2.8216890289205816e+07	1.7662865169346333e+01
680	13.450145	-2.8216872925583970e+07	1.7363621845841408e+01
681	13.284059	-2.8216857310174178e+07	1.5615409791469574e+01
682	13.238129	-2.8216853477744699e+07	3.8324294798076153e+00
683	13.411633	-2.8216846125955664e+07	7.3517890349030495e+00
684	13.389597	-2.8216837839187507e+07	8.2867681570351124e+00
685	13.392811	-2.8216829933720674e+07	7.9054668322205544e+00
686	13.429004	-2.8216822303574666e+07	7.6301460079848766e+00
687	13.274463	-2.8216926384575609e+07	-1.0408100094273686e+02
688	13.345132	-2.8216910774179105e+07	1.5610396504402161e+01
689	13.434788	-2.8216921599997051e+07	-1.0825817946344614e+01
690	13.296668	-2.8217009579336870e+07	-8.7979339819401503e+01
691	13.229837	-2.8216988530309163e+07	2.1049027707427740e+01
692	13.409871	-2.8216969121680897e+07	1.9408628266304731e+01
693	13.401368	-2.8216952551554602e+07	1.6570126295089722e+01
694	13.455726	-2.8216941944126964e+07	1.0607427638024092e+01
695	13.371136	-2.8216928081868827e+07	1.3862258136272430e+01
696	13.239730	-2.8216914647311959e+07	1.3434556867927313e+01
697	13.393775	-2.8216900975194670e+07	1.3672117289155722e+01
698	13.450214	-2.8216951567179698e+07	-5.0591985028237104e+01
699	13.301795	-2.8216934055350974e+07	1.7511828724294901e+01
700	13.218047	-2.8216960213338032e+07	-2.6157987058162689e+01
701	13.380522	-2.8216939229421366e+07	2.0983916666358709e+01
702	13.404260	-2.8216919790019248e+07	1.9439402118325233e+01
703	13.322381	-2.8216901010111440e+07	1.8779907807707787e+01
704	13.349692	-2.8216883523281090e+07	1.7486830350011587e+01
705	13.215011	-2.8216866131796166e+07	1.7391484923660755e+01
706	13.327407	-2.8216859669875775e+07	6.4619203917682171e+00
707	13.389217	-2.8216851876358416e+07	7.7935173586010933e+00
708	13.272177	-2.8216908621581193e+07	-5.6745222777128220e+01
709	13.251430	-2.8216896937183820e+07	1.1684397373348475e+01
710	13.350585	-2.8216886603563320e+07	1.0333620499819517e+01
711	13.445993	-2.8216877363099530e+07	9.2404637895524502e+00
712	13.305228	-2.8216873047524270e+07	4.3155752606689930e+00
713	13.378856	-2.8216865181817032e+07	7.8657072372734547e+00
714	13.238241	-2.8216857546168651e+07	7.6356483809649944e+00
715	13.366256	-2.8216849939006936e+07	7.6071617156267166e+00
716	13.461998	-2.8216842571466640e+07	7.3675402961671352e+00
717	13.250494	-2.8216907188658617e+07	-6.4617191977798939e+01
718	13.268818	-2.8216899465995003e+07	7.7226636148989201e+00
719	13.357134	-2.8216888736040667e+07	1.0729954335838556e+01
720	13.436602	-2.8216878779959112e+07	9.9560815542936325e+00
721	13.368789	-2.8216870506124105e+07	8.2738350071012974e+00
722	13.329482	-2.8216863039367177e+07	7.4667569287121296e+00
723	13.210472	-2.8216856120522480e+07	6.9188446961343288e+00
724	13.337556	-2.8216852474440243e+07	3.6460822373628616e+00
725	13.402685	-2.8216844709322706e+07	7.7651175372302532e+00
726	13.277065	-2.8216836796248294e+07	7.9130744114518166e+00
727	13.265671	-2.8216828866254438e+07	7.9299938566982746e+00
728	13.359142	-2.8216933095133711e+07	-1.0422887927293777e+02
729	13.494488	-2.8216914127325591e+07	1.8967808119952679e+01
730	13.339670	-2.8216929326255567e+07	-1.5198929976671934e+01
731	13.326381	-2.8216989820452087e+07	-6.0494196519255638e+01
732	13.226603	-2.8217007679364022e+07	-1.7858911935240030e+01
733	13.365619	-2.8216986089925725e+07	2.1589438296854496e+01
734	13.426674	-2.8216968265587941e+07	1.7824337784200907e+01
735	13.405752	-2.8216951250674602e+07	1.7014913339167833e+01
736	13.237818	-2.8216939146488275e+07	1.2104186326265335e+01
737	13.324986	-2.8216923664129931e+07	1.5482358343899250e+01
738	13.379273	-2.8216908476863429e+07	1.5187266502529383e+01
739	13.311206	-2.8216969617597844e+07	-6.1140734415501356e+01
740	13.273794	-2.8216962754655920e+07	6.8629419244825840e+00
741	13.179195	-2.8216934490412679e+07	2.8264243241399527e+01
742	13.277937	-2.8216922084081002e+07	1.2406331676989794e+01
743	13.298073	-2.8216959568573646e+07	-3.7484492644667625e+01
744	13.373640	-2.8216935235486541e+07	2.4333087105304003e+01
745	13.203852	-2.8216914999501161e+07	2.0235985379666090e+01
746	13.267607	-2.8216896491643094e+07	1.8507858067750931e+01
747	13.363550	-2.8216885873874743e+07	1.0617768350988626e+01
748	13.235505	-2.8216881036133055e+07	4.8377416878938675e+00
749	13.292953	-2.8216956519625731e+07	-7.5483492676168680e+01
750	13.178805	-2.8216979661233906e+07	-2.3141608174890280e+01
751	13.375821	-2.8216959598713696e+07	2.0062520209699869e+01
752	13.326084	-2.8216941081533927e+07	1.8517179768532515e+01
753	13.336993	-2.8216923362105124e+07	1.7719428803771734e+01
754	13.208577	-2.8216910129177235e+07	1.3232927888631821e+01
755	13.222287	-2.8216893255595054e+07	1.6873582180589437e+01
756	13.342181	-2.8216876643549081e+07	1.6612045973539352e+01
757	13.273257	-2.8216964269215055e+07	-8.7625665973871946e+01
758	13.224051	-2.8216944549346633e+07	1.9719868421554565e+01
759	13.153006	-2.8216998048023354e+07	-5.3498676721006632e+01
760	13.363218	-2.8216980859195113e+07	1.7188828241080046e+01
761	13.325990	-2.8216961816038955e+07	1.9043156158179045e+01
762	13.302948	-2.8216944944689475e+07	1.6871349480003119e+01
763	13.209894	-2.8216930277446583e+07	1.4667242892086506e+01
764	13.241018	-2.8216915803565171e+07	1.4473881412297487e+01
765	13.278860	-2.8216901882076614e+07	1.3921488557010889e+01
766	13.382631	-2.8216971331122346e+07	-6.9449045732617378e+01
767	13.257500	-2.8216951363297291e+07	1.9967825055122375e+01
768	13.186700	-2.8216969304280147e+07	-1.7940982855856419e+01
769	13.361791	-2.8216948455650132e+07	2.0848630014806986e+01
770	13.358036	-2.8216929898058895e+07	1.8557591237127781e+01
771	13.372589	-2.8216912446451694e+07	1.7451607201248407e+01
772	13.308117	-2.8216900120254990e+07	1.2326196704059839e+01
773	13.210977	-2.8216882886882581e+07	1.7233372408896685e+01
774	13.281650	-2.8216872208219990e+07	1.0678662590682507e+01
775	13.380314	-2.8216863541603681e+07	8.6666163094341755e+00
776	13.244932	-2.8216939280147795e+07	-7.5738544113934040e+01
777	13.206395	-2.8216923083967146e+07	1.6196180649101734e+01
778	13.328477	-2.8216956376731835e+07	-3.3292764689773321e+01
779	13.416933	-2.8216935198089361e+07	2.1178642474114895e+01
780	13.262050	-2.8216915688996818e+07	1.9509092543274164e+01
781	13.295382	-2.8216896822205085e+07	1.8866791732609272e+01
782	13.196214	-2.8216879066348556e+07	1.7755856528878212e+01
783	13.282616	-2.8216863080742233e+07	1.5985606323927641e+01
784	13.309608	-2.8216859536551207e+07	3.5441910251975060e+00
785	13.165024	-2.8216851769534886e+07	7.7670163214206696e+00
786	13.198774	-2.8216843992242869e+07	7.7772920168936253e+00
787	13.307647	-2.8216836210272621e+07	7.7819702476263046e+00
788	13.355791	-2.8216828568784352e+07	7.6414882689714432e+00
789	13.273395	-2.8216933102820348e+07	-1.0453403599560261e+02
790	13.267864	-2.8216917516267784e+07	1.5586552564054728e+01
791	13.221386	-2.8216928859733898e+07	-1.1343466114252806e+01
792	13.327375	-2.8217018503374752e+07	-8.9643640853464603e+01
793	13.276042	-2.8216996752056099e+07	2.1751318652182817e+01
794	13.434082	-2.8216977961605962e+07	1.8790450137108564e+01
795	13.219028	-2.8216961403243050e+07	1.6558362912386656e+01
796	13.256638	-2.8216950737526886e+07	1.0665716163814068e+01
797	13.362506	-2.8216936089994106e+07	1.4647532779723406e+01
798	13.223341	-2.8216921466156732e+07	1.4623837374150753e+01
799	13.264283	-2.8216906623496391e+07	1.4842660341411829e+01
800	13.167877	-2.8217049548610572e+07	-1.4292511418089271e+02
801	13.352517	-2.8217020117465623e+07	2.9431144949048758e+01
802	13.285559	-2.8216994909138445e+07	2.5208327177911997e+01
803	13.410197	-2.8216966145401433e+07	2.8763737011700869e+01
804	13.192904	-2.8217036782176748e+07	-7.0636775314807892e+01
805	13.280647	-2.8217006667008344e+07	3.0115168403834105e+01
806	13.345500	-2.8216984941069674e+07	2.1725938670337200e+01
807	13.223714	-2.8216966266461663e+07	1.8674608010798693e+01
808	13.260861	-2.8216952808985189e+07	1.3457476474344730e+01
809	13.222866	-2.8216934525140766e+07	1.8283844422549009e+01
810	13.351057	-2.8217000004627969e+07	-6.5479487203061581e+01
811	13.289190	-2.8217207213715170e+07	-2.0720908720046282e+02
812	13.311208	-2.8217166950006872e+07	4.0263708297163248e+01
813	13.234790	-2.8217130220493734e+07	3.6729513138532639e+01
814	13.202779	-2.8217097644640308e+07	3.2575853426009417e+01
815	13.268388	-2.8217070618565094e+07	2.7026075214147568e+01
816	13.308598	-2.8217045778468560e+07	2.4840096533298492e+01
817	13.263459	-2.8217021094970834e+07	2.4683497726917267e+01
818	13.167903	-2.8217056286493141e+07	-3.5191522307693958e+01
819	13.349925	-2.8217028442315944e+07	2.7844177197664976e+01
820	13.318738	-2.8217003242028072e+07	2.5200287871062756e+01
821	13.321188	-2.8216974325762019e+07	2.8916266053915024e+01
822	13.348252	-2.8216945948464654e+07	2.8377297364175320e+01
823	13.201212	-2.8216917558957100e+07	2.8389507554471493e+01
824	13.297725	-2.8216888800101209e+07	2.8758855890482664e+01
825	13.397050	-2.8216859914643079e+07	2.8885458130389452e+01
826	13.208026	-2.8217001513409473e+07	-1.4159876639395952e+02
827	13.263919	-2.8216977311637670e+07	2.4201771803200245e+01
828	13.313448	-2.8217099505831581e+07	-1.2219419391080737e+02
829	13.368880	-2.8217066891851272e+07	3.2613980308175087e+01
830	13.315205	-2.8217035408516519e+07	3.1483334753662348e+01
831	13.345057	-2.8217005057263482e+07	3.0351253036409616e+01
832	13.163320	-2.8216981706828903e+07	2.3350434578955173e+01
833	13.271232	-2.8216958765606601e+07	2.2941222302615643e+01
834	13.333632	-2.8216941358323731e+07	1.7407282870262861e+01
835	13.194503	-2.8217078260910489e+07	-1.3690258675813675e+02
836	13.203468	-2.8217048330959793e+07	2.9929950695484877e+01
837	13.303488	-2.8217056553686805e+07	-8.2227270118892193e+00
838	13.351552	-2.8217029783173945e+07	2.6770512860268354e+01
839	13.272905	-2.8217001341164570e+07	2.8442009374499321e+01
840	13.227666	-2.8216973313870430e+07	2.8027294140309095e+01
841	13.154025	-2.8216948640867885e+07	2.4673002544790506e+01
842	13.215404	-2.8216924254081059e+07	2.4386786825954914e+01
843	13.269408	-2.8216905981415614e+07	1.8272665444761515e+01
844	13.321472	-2.8216895896501020e+07	1.0084914594888687e+01
845	13.153963	-2.8216950391638670e+07	-5.4495137650519609e+01
846	13.186894	-2.8216963672936346e+07	-1.3281297676265240e+01
847	13.327361	-2.8216981200458691e+07	-1.7527522344142199e+01
848	13.156230	-2.8216957342212204e+07	2.3858246486634016e+01
849	13.188864	-2.8216936109597266e+07	2.1232614938169718e+01
850	13.075195	-2.8216918783520032e+07	1.7326077233999968e+01
851	13.247765	-2.8216898335357502e+07	2.0448162529617548e+01
852	13.206052	-2.8216879239127565e+07	1.9096229936927557e+01
853	13.253334	-2.8216869255356852e+07	9.9837707132101059e+00
854	13.085121	-2.8216859094120096e+07	1.0161236755549908e+01
855	13.142333	-2.8216848883310825e+07	1.0210809271782637e+01
856	13.222298	-2.8216953952401910e+07	-1.0506909108534455e+02
857	13.182321	-2.8216932597743619e+07	2.1354658290743828e+01
858	13.134601	-2.8216943553150039e+07	-1.0955406419932842e+01
859	13.064747	-2.8216951544964273e+07	-7.9918142333626747e+00
860	13.245674	-2.8216931285438471e+07	2.0259525801986456e+01
861	13.254804	-2.8216912170011051e+07	1.9115427419543266e+01
862	13.207336	-2.8216902082761560e+07	1.0087249491363764e+01
863	13.232701	-2.8216892809596933e+07	9.2731646262109280e+00
864	13.110457	-2.8216883704111386e+07	9.1054855473339558e+00
865	13.208643	-2.8216875114266474e+07	8.5898449122905731e+00
866	13.245672	-2.8216866684192248e+07	8.4300742261111736e+00
867	13.095087	-2.8216858750804517e+07	7.9333877302706242e+00
868	13.106785	-2.8216854001115281e+07	4.7496892362833023e+00
869	13.246698	-2.8216844974433728e+07	9.0266815535724163e+00
870	13.237290	-2.8216919700671520e+07	-7.4726237792521715e+01
871	13.178731	-2.8216902563758973e+07	1.7136912547051907e+01
872	13.159134	-2.8216931756931279e+07	-2.9193172305822372e+01
873	13.054207	-2.8216910326085150e+07	2.1430846128612757e+01
874	13.172077	-2.8216893620564099e+07	1.6705521050840616e+01
875	13.237990	-2.8216880059823602e+07	1.3560740496963263e+01
876	13.276698	-2.8216871564809132e+07	8.4950144700706005e+00
877	13.089736	-2.8216863741605315e+07	7.8232038170099258e+00
878	13.170758	-2.8216856521611128e+07	7.2199941873550415e+00
879	13.294953	-2.8216849456580564e+07	7.0650305636227131e+00
880	13.158074	-2.8216957852240805e+07	-1.0839566024020314e+02
881	13.186008	-2.8217013039393224e+07	-5.5187152419239283e+01
882	13.050341	-2.8216992161254160e+07	2.0878139063715935e+01
883	13.259642	-2.8216971827562194e+07	2.0333691965788603e+01
884	13.205054	-2.8216953590415712e+07	1.8237146481871605e+01
885	13.247745	-2.8216938257876977e+07	1.5332538735121489e+01
886	13.094684	-2.8216927900765799e+07	1.0357111178338528e+01
887	13.133771	-2.8216913381903607e+07	1.4518862191587687e+01
888	13.207678	-2.8216971601967119e+07	-5.8220063511282206e+01
889	13.209679	-2.8216951779991746e+07	1.9821975372731686e+01
890	13.149056	-2.8216934137618128e+07	1.7642373617738485e+01
891	13.056882	-2.8216917344646875e+07	1.6792971253395081e+01
892	13.267609	-2.8217110520891413e+07	-1.9317624453827739e+02
893	13.258936	-2.8217074501795467e+07	3.6019095946103334e+01
894	13.186339	-2.8217040684931099e+07	3.3816864367574453e+01
895	13.232701	-2.8217007437518395e+07	3.3247412703931332e+01
896	13.079706	-2.8216983811997686e+07	2.3625520709902048e+01
897	13.189592	-2.8216966868824001e+07	1.6943173684179783e+01
898	13.257613	-2.8216952755472165e+07	1.4113351836800575e+01
899	13.120318	-2.8217112319262210e+07	-1.5956379004567862e+02
900	13.081959	-2.8217079309727523e+07	3.3009534686803818e+01
901	13.213107	-2.8217048426158618e+07	3.0883568905293941e+01
902	13.271423	-2.8217019226124961e+07	2.9200033657252789e+01
903	13.179471	-2.8216992832364004e+07	2.6393760956823826e+01
904	13.186568	-2.8216970618486520e+07	2.2213877484202385e+01
905	13.074952	-2.8216944379285991e+07	2.6239200528711081e+01
906	13.206967	-2.8217023214318488e+07	-7.8835032496601343e+01
907	13.218908	-2.8217032914327953e+07	-9.7000094652175903e+00
908	13.309536	-2.8217004923476733e+07	2.7990851219743490e+01
909	13.116324	-2.8216978229034360e+07	2.6694442372769117e+01
910	13.183982	-2.8216954584385328e+07	2.3644649032503366e+01
911	13.285059	-2.8216927521790635e+07	2.7062594693154097e+01
912	13.130487	-2.8216898712785345e+07	2.8809005290269852e+01
913	13.207532	-2.8216877089427609e+07	2.1623357735574245e+01
914	13.098638	-2.8216951598832898e+07	-7.4509405288845301e+01
915	13.259297	-2.8216974302990139e+07	-2.2704157240688801e+01
916	13.191055	-2.8216956792499084e+07	1.7510491054505110e+01
917	13.240583	-2.8216937132776771e+07	1.9659722313284874e+01
918	13.096756	-2.8216918327432927e+07	1.8805343843996525e+01
919	13.138175	-2.8216900890187338e+07	1.7437245588749647e+01
920	13.235403	-2.8216884125930153e+07	1.6764257185161114e+01
921	13.204015	-2.8216867673031326e+07	1.6452898826450109e+01
922	13.132990	-2.8216966788204025e+07	-9.9115172699093819e+01
923	13.118874	-2.8217011217483155e+07	-4.4429279129952192e+01
924	13.256635	-2.8216988919372953e+07	2.2298110201954842e+01
925	13.276222	-2.8216968777664494e+07	2.0141708459705114e+01
926	13.214961	-2.8216950738538753e+07	1.8039125740528107e+01
927	13.233614	-2.8216936020430136e+07	1.4718108616769314e+01
928	13.039065	-2.8216925736653805e+07	1.0283776331692934e+01
929	13.187817	-2.8216911200281829e+07	1.4536371976137161e+01
930	13.263743	-2.8216969390408382e+07	-5.8190126553177834e+01
931	13.161751	-2.8216949518148728e+07	1.9872259654104710e+01
932	13.096414	-2.8216967850459713e+07	-1.8332310985773802e+01
933	13.197193	-2.8216947581800167e+07	2.0268659546971321e+01
934	13.253324	-2.8216932688811157e+07	1.4892989009618759e+01
935	13.202061	-2.8216914514918968e+07	1.8173892188817263e+01
936	13.192885	-2.8216898071706872e+07	1.6443212095648050e+01
937	13.101909	-2.8216880902117722e+07	1.7169589150696993e+01
938	13.185823	-2.8216870962844457e+07	9.9392732642591000e+00
939	13.214999	-2.8216946645663291e+07	-7.5682818833738565e+01
940	13.296326	-2.8216974019641288e+07	-2.7373977996408939e+01
941	13.112612	-2.8216953564313941e+07	2.0455327346920967e+01
942	13.180143	-2.8216934437607735e+07	1.9126706205308437e+01
943	13.287816	-2.8216915929064762e+07	1.8508542973548174e+01
944	13.143558	-2.8216898796675716e+07	1.7132389046251774e+01
945	13.194217	-2.8216882414123930e+07	1.6382551785558462e+01
946	13.057557	-2.8216869232269999e+07	1.3181853931397200e+01
947	13.254149	-2.8216852588119984e+07	1.6644150014966726e+01
948	13.164660	-2.8216844828307856e+07	7.7598121277987957e+00
949	13.295964	-2.8216949141573716e+07	-1.0431326586008072e+02
950	13.095013	-2.8217008341989812e+07	-5.9200416095554829e+01
951	13.137785	-2.8216987192916363e+07	2.1149073448032141e+01
952	13.220092	-2.8216971020503111e+07	1.6172413252294064e+01
953	13.235577	-2.8216952643365413e+07	1.8377137698233128e+01
954	13.145169	-2.8216937225680504e+07	1.5417684908956289e+01
955	13.082392	-2.8216923005726375e+07	1.4219954129308462e+01
956	13.233858	-2.8216908857113246e+07	1.4148613128811121e+01
957	13.255426	-2.8216967971363652e+07	-5.9114250406622887e+01
958	13.196323	-2.8216952302298021e+07	1.5669065631926060e+01
959	13.237227	-2.8216933584388886e+07	1.8717909134924412e+01
960	13.104997	-2.8216915999022353e+07	1.7585366532206535e+01
961	13.197349	-2.8216954770046636e+07	-3.8771024283021688e+01
962	13.274707	-2.8216931880255301e+07	2.2889791335910559e+01
963	13.145013	-2.8216913004297219e+07	1.8875958081334829e+01
964	13.121509	-2.8216898516225651e+07	1.4488071568310261e+01
965	13.265493	-2.8216888184868358e+07	1.0331357292830944e+01
966	13.298396	-2.8216879264148209e+07	8.9207201488316059e+00
967	13.176108	-2.8216954891434532e+07	-7.5627286322414875e+01
968	13.173922	-2.8216938952973325e+07	1.5938461206853390e+01
969	13.085714	-2.8216924025847338e+07	1.4927125986665487e+01
970	13.190447	-2.8216912545690473e+07	1.1480156864970922e+01
971	13.219636	-2.8216956014591008e+07	-4.3468900535255671e+01
972	13.240807	-2.8216933598364823e+07	2.2416226185858250e+01
973	13.106562	-2.8216914155082386e+07	1.9443282436579466e+01
974	13.158067	-2.8216895544883583e+07	1.8610198803246021e+01
975	13.319064	-2.8216878128219951e+07	1.7416663631796837e+01
976	13.116560	-2.8216866075728763e+07	1.2052491188049316e+01
977	13.190289	-2.8216858453444455e+07	7.6222843080759048e+00
978	13.061292	-2.8216908833502360e+07	-5.0380057904869318e+01
979	13.267458	-2.8216896944295008e+07	1.1889207351952791e+01
980	13.202808	-2.8216886610438157e+07	1.0333856850862503e+01
981	13.276821	-2.8216877369388442e+07	9.2410497143864632e+00
982	13.116395	-2.8216873052377690e+07	4.3170107528567314e+00
983	13.136039	-2.8216865185691938e+07	7.8666857518255711e+00
984	13.248562	-2.8216857549217075e+07	7.6364748626947403e+00
985	13.196276	-2.8216907858901918e+07	-5.0309684842824936e+01
986	13.168387	-2.8216896460546155e+07	1.1398355763405561e+01
987	13.063451	-2.8216886431766629e+07	1.0028779525309801e+01
988	13.265566	-2.8216880563282695e+07	5.8684839345514774e+00
989	13.277543	-2.8216872173446711e+07	8.3898359835147858e+00
990	13.222620	-2.8216864291522380e+07	7.8819243311882019e+00
991	13.278763	-2.8216856783800814e+07	7.5077215656638145e+00
992	13.100779	-2.8216849460505895e+07	7.3232949189841747e+00
993	13.223077	-2.8216842730442207e+07	6.7300636880099773e+00
994	13.305540	-2.8216838778268464e+07	3.9521737433969975e+00
995	13.132653	-2.8216949037394464e+07	-1.1025912600010633e+02
996	13.092023	-2.8216928201513201e+07	2.0835881263017654e+01
997	13.216334	-2.8216938500267185e+07	-1.0298753984272480e+01
998	13.283241	-2.8216945441732682e+07	-6.9414654970169067e+00
999	13.193740	-2.8216924214062247e+07	2.1227670434862375e+01
1000	13.207301	-2.8216912635808568e+07	1.1578253678977489e+01

Writing Q matrix to /global/home/users/deboraycb/scratch/atahualpa/analysis/ohana/maf05_3/structure/merge2_20M_allchr_snps_maf05_k5_mi1000_1_q.matrix
Writing F matrix to /global/home/users/deboraycb/scratch/atahualpa/analysis/ohana/maf05_3/structure/merge2_20M_allchr_snps_maf05_k5_mi1000_1_f.matrix
