seed: 2712633014

iter	duration	log_likelihood	delta-lle
0	2.766525	-4.4440881571788482e+07
1	11.726940	-3.9351440618755855e+07	5.0894409530326277e+06
2	12.368860	-3.5211135472414613e+07	4.1403051463412419e+06
3	12.596286	-3.4082696692343101e+07	1.1284387800715119e+06
4	12.359341	-3.3441546018156018e+07	6.4115067418708280e+05
5	12.210536	-3.2914778294320274e+07	5.2676772383574396e+05
6	12.183746	-3.2418173996918272e+07	4.9660429740200192e+05
7	11.856430	-3.1929657382567730e+07	4.8851661435054243e+05
8	12.022203	-3.1438921544078764e+07	4.9073583848896623e+05
9	12.079685	-3.0941999308861677e+07	4.9692223521708697e+05
10	11.718252	-3.0437459357454315e+07	5.0453995140736178e+05
11	11.963737	-2.9936233995000161e+07	5.0122536245415360e+05
12	12.055709	-2.9465173627395920e+07	4.7106036760424078e+05
13	11.879342	-2.9056767393643335e+07	4.0840623375258595e+05
14	11.776185	-2.8742564024772923e+07	3.1420336887041107e+05
15	11.719152	-2.8538791479030680e+07	2.0377254574224353e+05
16	11.796999	-2.8435030251782160e+07	1.0376122724851966e+05
17	11.729267	-2.8396211671765577e+07	3.8818580016583204e+04
18	11.624580	-2.8383294654998228e+07	1.2917016767349094e+04
19	11.640876	-2.8377518563224293e+07	5.7760917739346623e+03
20	11.633370	-2.8374099885617532e+07	3.4186776067614555e+03
21	11.787031	-2.8371630422927048e+07	2.4694626904837787e+03
22	11.818402	-2.8369680531760741e+07	1.9498911663070321e+03
23	11.691167	-2.8367993966743737e+07	1.6865650170035660e+03
24	11.691950	-2.8366643507597633e+07	1.3504591461047530e+03
25	11.585735	-2.8365428345941789e+07	1.2151616558432579e+03
26	11.660781	-2.8364634069734234e+07	7.9427620755508542e+02
27	11.726425	-2.8363507592910498e+07	1.1264768237359822e+03
28	11.822181	-2.8362437482422750e+07	1.0701104877479374e+03
29	11.608101	-2.8361410898051754e+07	1.0265843709968030e+03
30	11.556090	-2.8360414475116089e+07	9.9642293566465378e+02
31	11.552242	-2.8359439970112823e+07	9.7450500326603651e+02
32	11.618834	-2.8358482007300422e+07	9.5796281240135431e+02
33	11.648635	-2.8357534957419515e+07	9.4704988090693951e+02
34	11.750006	-2.8356592841970861e+07	9.4211544865369797e+02
35	11.511897	-2.8355648048060521e+07	9.4479391033947468e+02
36	11.469790	-2.8354694455663145e+07	9.5359239737689495e+02
37	11.600648	-2.8353726659242157e+07	9.6779642098769546e+02
38	11.604772	-2.8352738225264072e+07	9.8843397808447480e+02
39	11.677545	-2.8351726364597660e+07	1.0118606664128602e+03
40	11.610663	-2.8350688481473006e+07	1.0378831246532500e+03
41	11.428883	-2.8349604637060039e+07	1.0838444129675627e+03
42	11.647518	-2.8348447806136414e+07	1.1568309236243367e+03
43	11.516743	-2.8347194339410186e+07	1.2534667262285948e+03
44	11.508852	-2.8345818971939292e+07	1.3753674708940089e+03
45	11.413446	-2.8344297156625599e+07	1.5218153136931360e+03
46	11.362221	-2.8342608115321018e+07	1.6890413045808673e+03
47	11.551442	-2.8340723875548877e+07	1.8842397721409798e+03
48	11.601587	-2.8338639708133448e+07	2.0841674154289067e+03
49	11.365323	-2.8336380141773578e+07	2.2595663598701358e+03
50	11.302809	-2.8334017925352059e+07	2.3622164215184748e+03
51	11.278740	-2.8331662621209472e+07	2.3553041425868869e+03
52	11.198845	-2.8329384665037893e+07	2.2779561715796590e+03
53	11.283274	-2.8327258750125084e+07	2.1259149128086865e+03
54	11.282789	-2.8325648801683307e+07	1.6099484417773783e+03
55	11.388019	-2.8324793701071028e+07	8.5510061227902770e+02
56	11.316370	-2.8324249287158154e+07	5.4441391287371516e+02
57	11.139857	-2.8323790094719786e+07	4.5919243836775422e+02
58	11.245157	-2.8323423865098774e+07	3.6622962101176381e+02
59	11.170886	-2.8323142312683806e+07	2.8155241496860981e+02
60	11.187359	-2.8322934823776182e+07	2.0748890762403607e+02
61	11.198641	-2.8322760003131177e+07	1.7482064500451088e+02
62	11.135855	-2.8322608095450085e+07	1.5190768109261990e+02
63	11.224854	-2.8322472860258088e+07	1.3523519199714065e+02
64	11.273043	-2.8322351576224439e+07	1.2128403364866972e+02
65	11.255611	-2.8322242120913532e+07	1.0945531090721488e+02
66	11.148592	-2.8322141909117732e+07	1.0021179579943419e+02
67	11.099878	-2.8322048180697873e+07	9.3728419858962297e+01
68	11.122634	-2.8321959935569867e+07	8.8245128005743027e+01
69	11.153624	-2.8321876260802187e+07	8.3674767680466175e+01
70	11.122670	-2.8321796571222994e+07	7.9689579192548990e+01
71	11.224462	-2.8321720374810111e+07	7.6196412883698940e+01
72	11.157176	-2.8321647059547842e+07	7.3315262269228697e+01
73	11.058842	-2.8321576155424267e+07	7.0904123574495316e+01
74	11.254037	-2.8321507441869449e+07	6.8713554818183184e+01
75	11.263889	-2.8321440684431758e+07	6.6757437691092491e+01
76	11.117154	-2.8321375654744700e+07	6.5029687058180571e+01
77	11.196345	-2.8321312254135374e+07	6.3400609325617552e+01
78	11.069919	-2.8321250548498064e+07	6.1705637309700251e+01
79	11.189016	-2.8321190287503518e+07	6.0260994546115398e+01
80	11.214519	-2.8321131301088057e+07	5.8986415460705757e+01
81	11.237217	-2.8321073445401065e+07	5.7855686992406845e+01
82	11.336134	-2.8321016543889254e+07	5.6901511810719967e+01
83	11.115083	-2.8320960601495635e+07	5.5942393619567156e+01
84	11.095888	-2.8320905560503978e+07	5.5040991656482220e+01
85	11.209011	-2.8320851337888315e+07	5.4222615662962198e+01
86	11.120146	-2.8320797944738884e+07	5.3393149431794882e+01
87	11.128299	-2.8320745410707869e+07	5.2534031014889479e+01
88	11.146595	-2.8320693622247651e+07	5.1788460217416286e+01
89	11.115530	-2.8320642465519130e+07	5.1156728520989418e+01
90	11.223302	-2.8320591865973078e+07	5.0599546052515507e+01
91	11.257820	-2.8320541872150339e+07	4.9993822738528252e+01
92	11.157315	-2.8320492406154603e+07	4.9465995736420155e+01
93	11.080870	-2.8320443394785773e+07	4.9011368829756975e+01
94	11.110927	-2.8320395403529678e+07	4.7991256095468998e+01
95	11.104359	-2.8320463184077207e+07	-6.7780547529459000e+01
96	11.139011	-2.8320403340566836e+07	5.9843510370701551e+01
97	11.154832	-2.8320345060145486e+07	5.8280421350151300e+01
98	11.169734	-2.8320288121949155e+07	5.6938196331262589e+01
99	11.191723	-2.8320233075701442e+07	5.5046247713267803e+01
100	11.057403	-2.8320179193278711e+07	5.3882422730326653e+01
101	11.311730	-2.8320125570477840e+07	5.3622800871729851e+01
102	11.259129	-2.8320072411529589e+07	5.3158948250114918e+01
103	11.098478	-2.8320019302487809e+07	5.3109041780233383e+01
104	11.163753	-2.8320042588849675e+07	-2.3286361865699291e+01
105	11.080051	-2.8319985357960068e+07	5.7230889607220888e+01
106	11.161671	-2.8319929345332041e+07	5.6012628026306629e+01
107	11.227667	-2.8319873901964206e+07	5.5443367835134268e+01
108	11.259241	-2.8319819464538015e+07	5.4437426190823317e+01
109	11.340427	-2.8319764172813028e+07	5.5291724987328053e+01
110	11.280049	-2.8319708741178054e+07	5.5431634973734617e+01
111	11.066211	-2.8319713278959043e+07	-4.5377809889614582e+00
112	11.197802	-2.8319650456438571e+07	6.2822520472109318e+01
113	11.138551	-2.8319586943230249e+07	6.3513208322227001e+01
114	11.098414	-2.8319521727450822e+07	6.5215779427438974e+01
115	11.116280	-2.8319454755690407e+07	6.6971760414540768e+01
116	11.094324	-2.8319382552463964e+07	7.2203226443380117e+01
117	11.190103	-2.8319361268006407e+07	2.1284457556903362e+01
118	11.240017	-2.8319275248312250e+07	8.6019694156944752e+01
119	11.319739	-2.8319183484823462e+07	9.1763488788157701e+01
120	11.099351	-2.8319084078826804e+07	9.9405996657907963e+01
121	11.085800	-2.8318976208406709e+07	1.0787042009457946e+02
122	11.057579	-2.8318902113171641e+07	7.4095235068351030e+01
123	11.146400	-2.8318762450043522e+07	1.3966312811896205e+02
124	11.141217	-2.8318603473920994e+07	1.5897612252831459e+02
125	11.208389	-2.8318420037503377e+07	1.8343641761690378e+02
126	11.181563	-2.8318205588406309e+07	2.1444909706711769e+02
127	11.156837	-2.8318049821231056e+07	1.5576717525348067e+02
128	11.301049	-2.8317720053844914e+07	3.2976738614216447e+02
129	11.283207	-2.8317315241867486e+07	4.0481197742745280e+02
130	11.158662	-2.8316836292297412e+07	4.7894957007467747e+02
131	11.204763	-2.8316231098490562e+07	6.0519380684942007e+02
132	11.155729	-2.8315486895482354e+07	7.4420300820842385e+02
133	11.190681	-2.8314571608670712e+07	9.1528681164234877e+02
134	11.222102	-2.8313252135980107e+07	1.3194726906046271e+03
135	11.278378	-2.8311605230293840e+07	1.6469056862667203e+03
136	11.352636	-2.8309622005448520e+07	1.9832248453199863e+03
137	11.143327	-2.8307407628524307e+07	2.2143769242130220e+03
138	11.119857	-2.8305158742271028e+07	2.2488862532787025e+03
139	11.250322	-2.8303099224313430e+07	2.0595179575979710e+03
140	11.157357	-2.8301387299096078e+07	1.7119252173528075e+03
141	11.180554	-2.8300171211964406e+07	1.2160871316716075e+03
142	11.114432	-2.8299386819491036e+07	7.8439247336983681e+02
143	11.053089	-2.8298924970102169e+07	4.6184938886761665e+02
144	11.196348	-2.8298653378525499e+07	2.7159157666936517e+02
145	11.285209	-2.8298488794413231e+07	1.6458411226794124e+02
146	11.223851	-2.8298385796961650e+07	1.0299745158106089e+02
147	11.089286	-2.8298313819850955e+07	7.1977110695093870e+01
148	11.118678	-2.8298259210089531e+07	5.4609761424362659e+01
149	11.086617	-2.8298224499627266e+07	3.4710462264716625e+01
150	11.195597	-2.8298200196214676e+07	2.4303412590175867e+01
151	11.218236	-2.8298180893962439e+07	1.9302252236753702e+01
152	11.220736	-2.8298165474807698e+07	1.5419154740869999e+01
153	11.244675	-2.8298153102912486e+07	1.2371895212680101e+01
154	11.104513	-2.8298143150378797e+07	9.9525336883962154e+00
155	11.274675	-2.8298135202839114e+07	7.9475396834313869e+00
156	11.229359	-2.8298128888415076e+07	6.3144240379333496e+00
157	11.153204	-2.8298123910161905e+07	4.9782531708478928e+00
158	11.126685	-2.8298119963703357e+07	3.9464585483074188e+00
159	11.078366	-2.8298116791448351e+07	3.1722550056874752e+00
160	11.153180	-2.8298114231505819e+07	2.5599425323307514e+00
161	11.263646	-2.8298112161425930e+07	2.0700798891484737e+00
162	11.276584	-2.8298110484004263e+07	1.6774216666817665e+00
163	11.288790	-2.8298109121768698e+07	1.3622355647385120e+00
164	11.050009	-2.8298108014343217e+07	1.1074254810810089e+00
165	11.084473	-2.8298107113221534e+07	9.0112168341875076e-01
166	11.186363	-2.8298106378637198e+07	7.3458433523774147e-01
167	11.156874	-2.8298105779041581e+07	5.9959561750292778e-01
168	11.162993	-2.8298105289057128e+07	4.8998445272445679e-01
169	11.167476	-2.8298104888264496e+07	4.0079263225197792e-01
170	11.058722	-2.8298104560035668e+07	3.2822882756590843e-01
171	11.224824	-2.8298104290972512e+07	2.6906315609812737e-01
172	11.245656	-2.8298104070283167e+07	2.2068934515118599e-01
173	11.254241	-2.8298103889152989e+07	1.8113017827272415e-01
174	11.105201	-2.8298103740308449e+07	1.4884454011917114e-01
175	11.113489	-2.8298103617894579e+07	1.2241386994719505e-01
176	11.124284	-2.8298103517080326e+07	1.0081425309181213e-01
177	11.147729	-2.8298103433997702e+07	8.3082623779773712e-02
178	11.157122	-2.8298103365416251e+07	6.8581450730562210e-02
179	11.233538	-2.8298103308761731e+07	5.6654520332813263e-02
180	11.229317	-2.8298103261896677e+07	4.6865053474903107e-02
181	11.083063	-2.8298103223071869e+07	3.8824807852506638e-02
182	11.255582	-2.8298103190907624e+07	3.2164245843887329e-02
183	11.262619	-2.8298103164209224e+07	2.6698399335145950e-02
184	11.123485	-2.8298103142046448e+07	2.2162776440382004e-02
185	11.169761	-2.8298103123621468e+07	1.8424980342388153e-02
186	11.069071	-2.8298103108300526e+07	1.5320941805839539e-02
187	11.155223	-2.8298103095528156e+07	1.2772370129823685e-02
188	11.189602	-2.8298103084887296e+07	1.0640859603881836e-02
189	11.259882	-2.8298103076019399e+07	8.8678970932960510e-03
190	11.304769	-2.8298103068598483e+07	7.4209161102771759e-03
191	11.109139	-2.8298103062403895e+07	6.1945877969264984e-03
192	11.081161	-2.8298103057219137e+07	5.1847584545612335e-03
193	11.254002	-2.8298103052884538e+07	4.3345987796783447e-03
194	11.185661	-2.8298103049254712e+07	3.6298260092735291e-03
195	11.123876	-2.8298103046212379e+07	3.0423328280448914e-03
196	11.150628	-2.8298103043667585e+07	2.5447942316532135e-03
197	11.079092	-2.8298103041529492e+07	2.1380931138992310e-03
198	11.187688	-2.8298103039738245e+07	1.7912462353706360e-03
199	11.284187	-2.8298103038229216e+07	1.5090294182300568e-03
200	11.208983	-2.8298103036972664e+07	1.2565515935420990e-03
201	11.085428	-2.8298103035899676e+07	1.0729879140853882e-03
202	11.109211	-2.8298103035018157e+07	8.8151916861534119e-04
203	11.113642	-2.8298103034250550e+07	7.6760724186897278e-04
204	11.169112	-2.8298103033627588e+07	6.2296167016029358e-04
205	11.161738	-2.8298103033094019e+07	5.3356960415840149e-04
206	11.170963	-2.8298103032646190e+07	4.4782832264900208e-04
207	11.188271	-2.8298103032259688e+07	3.8650259375572205e-04
208	11.071639	-2.8298103031956285e+07	3.0340254306793213e-04
209	11.259774	-2.8298103031685233e+07	2.7105212211608887e-04
210	11.281012	-2.8298103031457838e+07	2.2739544510841370e-04
211	11.128810	-2.8298103031255651e+07	2.0218640565872192e-04
212	11.116739	-2.8298103031099483e+07	1.5616789460182190e-04
213	11.051023	-2.8298103030956384e+07	1.4309957623481750e-04
214	11.219931	-2.8298103030863851e+07	9.2532485723495483e-05
215	11.226818	-2.8298103030760836e+07	1.0301545262336731e-04
216	11.228398	-2.8298103030678503e+07	8.2332640886306763e-05
217	11.340886	-2.8298103030613806e+07	6.4697116613388062e-05
218	11.073640	-2.8298103030551486e+07	6.2320381402969360e-05
219	11.073358	-2.8298103030500229e+07	5.1256269216537476e-05
220	11.216804	-2.8298103030470781e+07	2.9448419809341431e-05
221	11.179065	-2.8298103030428879e+07	4.1902065277099609e-05
222	11.135017	-2.8298103030400373e+07	2.8505921363830566e-05
223	11.175938	-2.8298103030369427e+07	3.0945986509323120e-05
224	11.084825	-2.8298103030356932e+07	1.2494623661041260e-05
225	11.245484	-2.8298103030323416e+07	3.3516436815261841e-05
226	11.285202	-2.8298103030328181e+07	-4.7646462917327881e-06
227	11.245688	-2.8298103030311093e+07	1.7087906599044800e-05
228	11.157743	-2.8298103030300144e+07	1.0948628187179565e-05
229	11.120526	-2.8298103030285869e+07	1.4275312423706055e-05
230	11.148787	-2.8298103030270156e+07	1.5713274478912354e-05
231	11.205684	-2.8298103030279692e+07	-9.5367431640625000e-06
232	11.155142	-2.8298103030264895e+07	1.4796853065490723e-05
233	11.228937	-2.8298103030255154e+07	9.7416341304779053e-06
234	11.260426	-2.8298103030264597e+07	-9.4436109066009521e-06
235	11.076810	-2.8298103030261688e+07	2.9094517230987549e-06
236	11.271533	-2.8298103030251831e+07	9.8571181297302246e-06
237	11.303905	-2.8298103030258078e+07	-6.2473118305206299e-06
238	11.212029	-2.8298103030243229e+07	1.4849007129669189e-05
239	11.130226	-2.8298103030239843e+07	3.3862888813018799e-06
240	11.040094	-2.8298103030234601e+07	5.2414834499359131e-06
241	11.233356	-2.8298103030241616e+07	-7.0147216320037842e-06
242	11.204437	-2.8298103030239839e+07	1.7769634723663330e-06
243	11.232686	-2.8298103030244060e+07	-4.2207539081573486e-06
244	11.381641	-2.8298103030230436e+07	1.3623386621475220e-05
245	11.109497	-2.8298103030252364e+07	-2.1927058696746826e-05
246	11.084771	-2.8298103030239116e+07	1.3247132301330566e-05
247	11.183470	-2.8298103030241605e+07	-2.4884939193725586e-06
248	11.171561	-2.8298103030243367e+07	-1.7620623111724854e-06
249	11.173142	-2.8298103030235615e+07	7.7523291110992432e-06
250	11.110217	-2.8298103030238844e+07	-3.2298266887664795e-06
251	11.097704	-2.8298103030235294e+07	3.5502016544342041e-06
252	11.242662	-2.8298103030235600e+07	-3.0547380447387695e-07
253	11.269162	-2.8298103030232195e+07	3.4049153327941895e-06
254	11.182545	-2.8298103030232467e+07	-2.7194619178771973e-07
255	11.100036	-2.8298103030234199e+07	-1.7322599887847900e-06
256	11.069923	-2.8298103030230105e+07	4.0940940380096436e-06
257	11.121885	-2.8298103030242495e+07	-1.2390315532684326e-05
258	11.226746	-2.8298103030242197e+07	2.9802322387695312e-07
259	11.202821	-2.8298103030240044e+07	2.1532177925109863e-06
260	11.253432	-2.8298103030237775e+07	2.2687017917633057e-06
261	11.222268	-2.8298103030240964e+07	-3.1888484954833984e-06
262	11.086707	-2.8298103030243888e+07	-2.9243528842926025e-06
263	11.300693	-2.8298103030234188e+07	9.7006559371948242e-06
264	11.240718	-2.8298103030234147e+07	4.0978193283081055e-08
265	11.128612	-2.8298103030240387e+07	-6.2398612499237061e-06
266	11.120137	-2.8298103030245118e+07	-4.7311186790466309e-06
267	11.070523	-2.8298103030241709e+07	3.4086406230926514e-06
268	11.134377	-2.8298103030245267e+07	-3.5576522350311279e-06
269	11.214363	-2.8298103030236669e+07	8.5979700088500977e-06
270	11.222086	-2.8298103030233253e+07	3.4160912036895752e-06
271	11.309779	-2.8298103030231804e+07	1.4491379261016846e-06
272	11.108323	-2.8298103030238118e+07	-6.3143670558929443e-06
273	11.067634	-2.8298103030239977e+07	-1.8589198589324951e-06
274	11.173444	-2.8298103030236281e+07	3.6954879760742188e-06
275	11.121774	-2.8298103030237529e+07	-1.2479722499847412e-06
276	11.144933	-2.8298103030225005e+07	1.2524425983428955e-05
277	11.206714	-2.8298103030238442e+07	-1.3437122106552124e-05
278	11.093798	-2.8298103030231610e+07	6.8321824073791504e-06
279	11.221790	-2.8298103030227941e+07	3.6694109439849854e-06
280	11.369889	-2.8298103030239977e+07	-1.2036412954330444e-05
281	11.214206	-2.8298103030233644e+07	6.3329935073852539e-06
282	11.140980	-2.8298103030237548e+07	-3.9041042327880859e-06
283	11.092642	-2.8298103030236043e+07	1.5050172805786133e-06
284	11.114555	-2.8298103030230291e+07	5.7518482208251953e-06
285	11.136297	-2.8298103030232705e+07	-2.4139881134033203e-06
286	11.179926	-2.8298103030225273e+07	7.4319541454315186e-06
287	11.242488	-2.8298103030232795e+07	-7.5213611125946045e-06
288	11.225288	-2.8298103030240033e+07	-7.2382390499114990e-06
289	11.131180	-2.8298103030229714e+07	1.0319054126739502e-05
290	11.239497	-2.8298103030230526e+07	-8.1211328506469727e-07
291	11.264581	-2.8298103030230954e+07	-4.2840838432312012e-07
292	11.109955	-2.8298103030237049e+07	-6.0945749282836914e-06
293	11.140409	-2.8298103030235521e+07	1.5273690223693848e-06
294	11.049210	-2.8298103030235909e+07	-3.8743019104003906e-07
295	11.210607	-2.8298103030226193e+07	9.7155570983886719e-06
296	11.229268	-2.8298103030240383e+07	-1.4189630746841431e-05
297	11.305318	-2.8298103030232146e+07	8.2366168498992920e-06
298	11.327849	-2.8298103030233860e+07	-1.7136335372924805e-06
299	11.094159	-2.8298103030233584e+07	2.7567148208618164e-07
300	11.138784	-2.8298103030238859e+07	-5.2750110626220703e-06
301	11.156224	-2.8298103030237388e+07	1.4714896678924561e-06
302	11.161573	-2.8298103030239441e+07	-2.0526349544525146e-06
303	11.279644	-2.8298103030233879e+07	5.5618584156036377e-06
304	11.183940	-2.8298103030236516e+07	-2.6375055313110352e-06
305	11.073760	-2.8298103030226640e+07	9.8757445812225342e-06
306	11.238551	-2.8298103030230965e+07	-4.3250620365142822e-06
307	11.333355	-2.8298103030228924e+07	2.0414590835571289e-06
308	11.189024	-2.8298103030223001e+07	5.9232115745544434e-06
309	11.118914	-2.8298103030228615e+07	-5.6140124797821045e-06
310	11.101398	-2.8298103030228011e+07	6.0349702835083008e-07
311	11.156344	-2.8298103030235346e+07	-7.3350965976715088e-06
312	11.137791	-2.8298103030233242e+07	2.1047890186309814e-06
313	11.188614	-2.8298103030227900e+07	5.3420662879943848e-06
314	11.238352	-2.8298103030228883e+07	-9.8347663879394531e-07
315	11.276335	-2.8298103030232914e+07	-4.0307641029357910e-06
316	11.069670	-2.8298103030233026e+07	-1.1175870895385742e-07
317	11.295956	-2.8298103030230906e+07	2.1196901798248291e-06
318	11.211460	-2.8298103030230545e+07	3.6135315895080566e-07
319	11.200271	-2.8298103030230716e+07	-1.7136335372924805e-07
320	11.902413	-2.8298103030230287e+07	4.2840838432312012e-07
321	11.583665	-2.8298103030230328e+07	-4.0978193283081055e-08
322	11.491202	-2.8298103030233257e+07	-2.9280781745910645e-06
323	11.312099	-2.8298103030233197e+07	5.9604644775390625e-08
324	11.346476	-2.8298103030234821e+07	-1.6242265701293945e-06
325	11.082047	-2.8298103030233946e+07	8.7544322013854980e-07
326	11.262739	-2.8298103030234519e+07	-5.7369470596313477e-07
327	11.212946	-2.8298103030231372e+07	3.1478703022003174e-06
328	11.102893	-2.8298103030231785e+07	-4.1350722312927246e-07
329	11.116436	-2.8298103030234426e+07	-2.6412308216094971e-06
330	11.202770	-2.8298103030231152e+07	3.2745301723480225e-06
331	11.266786	-2.8298103030232750e+07	-1.5981495380401611e-06
332	11.237525	-2.8298103030234043e+07	-1.2926757335662842e-06
333	11.404458	-2.8298103030234192e+07	-1.4901161193847656e-07
334	11.831326	-2.8298103030235562e+07	-1.3709068298339844e-06
335	11.391484	-2.8298103030235935e+07	-3.7252902984619141e-07
336	11.312754	-2.8298103030236851e+07	-9.1642141342163086e-07
337	11.408223	-2.8298103030236471e+07	3.7997961044311523e-07
338	11.327522	-2.8298103030236971e+07	-4.9918889999389648e-07
339	11.234027	-2.8298103030236598e+07	3.7252902984619141e-07
340	11.366483	-2.8298103030237935e+07	-1.3373792171478271e-06
341	11.315690	-2.8298103030237917e+07	1.8626451492309570e-08
342	11.114896	-2.8298103030238356e+07	-4.3958425521850586e-07
343	11.178563	-2.8298103030239590e+07	-1.2330710887908936e-06
344	11.187681	-2.8298103030239489e+07	1.0058283805847168e-07
345	11.249579	-2.8298103030238952e+07	5.3644180297851562e-07
346	11.321307	-2.8298103030240271e+07	-1.3187527656555176e-06
347	11.251753	-2.8298103030240584e+07	-3.1292438507080078e-07
348	11.104594	-2.8298103030239854e+07	7.3015689849853516e-07
349	11.254139	-2.8298103030240435e+07	-5.8114528656005859e-07
350	11.199477	-2.8298103030240759e+07	-3.2410025596618652e-07
351	11.180041	-2.8298103030240398e+07	3.6135315895080566e-07
352	11.168825	-2.8298103030241314e+07	-9.1642141342163086e-07
353	11.136150	-2.8298103030241333e+07	-1.8626451492309570e-08
354	11.227014	-2.8298103030240834e+07	4.9918889999389648e-07
355	11.243582	-2.8298103030240525e+07	3.0919909477233887e-07
356	11.338763	-2.8298103030240063e+07	4.6193599700927734e-07
357	11.109572	-2.8298103030239593e+07	4.6938657760620117e-07
358	11.159061	-2.8298103030239858e+07	-2.6449561119079590e-07
359	11.070720	-2.8298103030240394e+07	-5.3644180297851562e-07
360	11.176057	-2.8298103030240141e+07	2.5331974029541016e-07
361	11.166359	-2.8298103030239694e+07	4.4703483581542969e-07
362	11.188338	-2.8298103030239757e+07	-6.3329935073852539e-08
363	11.188764	-2.8298103030239977e+07	-2.1979212760925293e-07
364	11.093842	-2.8298103030240372e+07	-3.9488077163696289e-07
365	11.300258	-2.8298103030240577e+07	-2.0489096641540527e-07
366	11.280665	-2.8298103030240487e+07	8.9406967163085938e-08
367	11.129321	-2.8298103030240513e+07	-2.6077032089233398e-08
368	11.326033	-2.8298103030240901e+07	-3.8743019104003906e-07
369	11.089294	-2.8298103030240234e+07	6.6682696342468262e-07
370	11.134666	-2.8298103030239932e+07	3.0174851417541504e-07
371	11.182051	-2.8298103030239660e+07	2.7194619178771973e-07
372	11.227794	-2.8298103030239429e+07	2.3096799850463867e-07
373	11.289028	-2.8298103030239984e+07	-5.5506825447082520e-07
374	11.257311	-2.8298103030240037e+07	-5.2154064178466797e-08
375	11.072423	-2.8298103030240677e+07	-6.4074993133544922e-07
376	11.267255	-2.8298103030241042e+07	-3.6507844924926758e-07
377	11.124745	-2.8298103030241206e+07	-1.6391277313232422e-07
378	11.147758	-2.8298103030241288e+07	-8.1956386566162109e-08
379	11.132942	-2.8298103030241564e+07	-2.7567148208618164e-07
380	11.049253	-2.8298103030241415e+07	1.4901161193847656e-07
381	11.225776	-2.8298103030241240e+07	1.7508864402770996e-07
382	11.271852	-2.8298103030241422e+07	-1.8253922462463379e-07
383	11.346896	-2.8298103030241393e+07	2.9802322387695312e-08
384	11.121671	-2.8298103030241460e+07	-6.7055225372314453e-08
385	11.117802	-2.8298103030241448e+07	1.1175870895385742e-08
386	11.116316	-2.8298103030241456e+07	-7.4505805969238281e-09
387	11.167184	-2.8298103030241594e+07	-1.3783574104309082e-07
388	11.151957	-2.8298103030241478e+07	1.1548399925231934e-07
389	11.280780	-2.8298103030241635e+07	-1.5646219253540039e-07
390	11.177728	-2.8298103030241884e+07	-2.4959444999694824e-07
391	11.114481	-2.8298103030241732e+07	1.5273690223693848e-07
392	11.386357	-2.8298103030241463e+07	2.6822090148925781e-07
393	11.294974	-2.8298103030241366e+07	9.6857547760009766e-08
394	11.124123	-2.8298103030241299e+07	6.7055225372314453e-08
395	11.170061	-2.8298103030241247e+07	5.2154064178466797e-08
396	11.157632	-2.8298103030241329e+07	-8.1956386566162109e-08
397	11.136566	-2.8298103030241147e+07	1.8253922462463379e-07
398	11.228092	-2.8298103030241042e+07	1.0430812835693359e-07
399	11.254576	-2.8298103030241102e+07	-5.9604644775390625e-08
400	11.291347	-2.8298103030241024e+07	7.8231096267700195e-08
401	11.122288	-2.8298103030240979e+07	4.4703483581542969e-08
402	11.065729	-2.8298103030241013e+07	-3.3527612686157227e-08
403	11.175964	-2.8298103030240834e+07	1.7881393432617188e-07
404	11.192597	-2.8298103030240849e+07	-1.4901161193847656e-08
405	11.117713	-2.8298103030240923e+07	-7.4505805969238281e-08
406	11.123051	-2.8298103030240834e+07	8.9406967163085938e-08
407	11.050231	-2.8298103030240923e+07	-8.9406967163085938e-08
408	11.200069	-2.8298103030240834e+07	8.9406967163085938e-08
409	11.309167	-2.8298103030240808e+07	2.6077032089233398e-08
410	11.253157	-2.8298103030240752e+07	5.5879354476928711e-08
411	11.110021	-2.8298103030240804e+07	-5.2154064178466797e-08
412	11.134228	-2.8298103030240864e+07	-5.9604644775390625e-08
413	11.099811	-2.8298103030240938e+07	-7.4505805969238281e-08
414	11.157131	-2.8298103030240908e+07	2.9802322387695312e-08
415	11.143083	-2.8298103030241027e+07	-1.1920928955078125e-07
416	11.218529	-2.8298103030241001e+07	2.6077032089233398e-08
417	11.204046	-2.8298103030240953e+07	4.8428773880004883e-08
418	11.083972	-2.8298103030241027e+07	-7.4505805969238281e-08
419	11.295296	-2.8298103030240998e+07	2.9802322387695312e-08
420	11.303295	-2.8298103030240994e+07	3.7252902984619141e-09
421	11.127344	-2.8298103030240934e+07	5.9604644775390625e-08
422	11.166677	-2.8298103030240919e+07	1.4901161193847656e-08
423	11.111467	-2.8298103030240927e+07	-7.4505805969238281e-09
424	11.162766	-2.8298103030240946e+07	-1.8626451492309570e-08
425	11.240085	-2.8298103030240893e+07	5.2154064178466797e-08
426	11.259043	-2.8298103030240942e+07	-4.8428773880004883e-08
427	11.330151	-2.8298103030240919e+07	2.2351741790771484e-08
428	11.116781	-2.8298103030240893e+07	2.6077032089233398e-08
429	11.069864	-2.8298103030240867e+07	2.6077032089233398e-08
430	11.159048	-2.8298103030240882e+07	-1.4901161193847656e-08
431	11.193735	-2.8298103030240912e+07	-2.9802322387695312e-08
432	11.146603	-2.8298103030240901e+07	1.1175870895385742e-08
433	11.217092	-2.8298103030240897e+07	3.7252902984619141e-09
434	11.098848	-2.8298103030240919e+07	-2.2351741790771484e-08
435	11.287768	-2.8298103030240916e+07	3.7252902984619141e-09
436	11.319853	-2.8298103030240919e+07	-3.7252902984619141e-09
437	11.253491	-2.8298103030240905e+07	1.4901161193847656e-08
438	11.188431	-2.8298103030240908e+07	-3.7252902984619141e-09
439	11.153712	-2.8298103030240934e+07	-2.6077032089233398e-08
440	11.137998	-2.8298103030240942e+07	-7.4505805969238281e-09
441	11.151174	-2.8298103030240960e+07	-1.8626451492309570e-08
442	11.212696	-2.8298103030240934e+07	2.6077032089233398e-08
443	11.261110	-2.8298103030240923e+07	1.1175870895385742e-08
444	11.245979	-2.8298103030240919e+07	3.7252902984619141e-09
445	11.112290	-2.8298103030240927e+07	-7.4505805969238281e-09
446	11.309443	-2.8298103030240916e+07	1.1175870895385742e-08
447	11.241751	-2.8298103030240916e+07	0.0000000000000000e+00
448	11.151521	-2.8298103030240927e+07	-1.1175870895385742e-08
449	11.086824	-2.8298103030240934e+07	-7.4505805969238281e-09
450	11.098663	-2.8298103030240905e+07	2.9802322387695312e-08
451	11.216481	-2.8298103030240905e+07	0.0000000000000000e+00
452	11.274774	-2.8298103030240882e+07	2.2351741790771484e-08
453	11.296893	-2.8298103030240901e+07	-1.8626451492309570e-08
454	11.380250	-2.8298103030240901e+07	0.0000000000000000e+00
455	11.096424	-2.8298103030240912e+07	-1.1175870895385742e-08
456	11.115788	-2.8298103030240919e+07	-7.4505805969238281e-09
457	11.186743	-2.8298103030240927e+07	-7.4505805969238281e-09
458	11.132778	-2.8298103030240916e+07	1.1175870895385742e-08
459	11.165030	-2.8298103030240912e+07	3.7252902984619141e-09
460	11.168272	-2.8298103030240919e+07	-7.4505805969238281e-09
461	11.123758	-2.8298103030240908e+07	1.1175870895385742e-08
462	11.255129	-2.8298103030240893e+07	1.4901161193847656e-08
463	11.331585	-2.8298103030240905e+07	-1.1175870895385742e-08
464	11.171037	-2.8298103030240908e+07	-3.7252902984619141e-09
465	11.155664	-2.8298103030240905e+07	3.7252902984619141e-09
466	11.126444	-2.8298103030240912e+07	-7.4505805969238281e-09
467	11.163870	-2.8298103030240912e+07	0.0000000000000000e+00
468	11.149702	-2.8298103030240912e+07	0.0000000000000000e+00
469	11.211058	-2.8298103030240916e+07	-3.7252902984619141e-09
470	11.231277	-2.8298103030240905e+07	1.1175870895385742e-08
471	11.237495	-2.8298103030240912e+07	-7.4505805969238281e-09
472	11.071681	-2.8298103030240908e+07	3.7252902984619141e-09
473	11.247895	-2.8298103030240905e+07	3.7252902984619141e-09
474	11.188163	-2.8298103030240901e+07	3.7252902984619141e-09
475	11.151521	-2.8298103030240897e+07	3.7252902984619141e-09
476	11.136144	-2.8298103030240908e+07	-1.1175870895385742e-08
477	11.079313	-2.8298103030240901e+07	7.4505805969238281e-09
478	11.177217	-2.8298103030240901e+07	0.0000000000000000e+00
479	11.259802	-2.8298103030240897e+07	3.7252902984619141e-09
480	11.270924	-2.8298103030240897e+07	0.0000000000000000e+00
481	11.165234	-2.8298103030240882e+07	1.4901161193847656e-08
482	11.119203	-2.8298103030240901e+07	-1.8626451492309570e-08
483	11.073908	-2.8298103030240893e+07	7.4505805969238281e-09
484	11.151793	-2.8298103030240905e+07	-1.1175870895385742e-08
485	11.164496	-2.8298103030240886e+07	1.8626451492309570e-08
486	11.157812	-2.8298103030240882e+07	3.7252902984619141e-09
487	11.169658	-2.8298103030240878e+07	3.7252902984619141e-09
488	11.053273	-2.8298103030240897e+07	-1.8626451492309570e-08
489	11.237564	-2.8298103030240886e+07	1.1175870895385742e-08
490	11.336059	-2.8298103030240890e+07	-3.7252902984619141e-09
491	11.159064	-2.8298103030240890e+07	0.0000000000000000e+00
492	11.137617	-2.8298103030240886e+07	3.7252902984619141e-09
493	11.109505	-2.8298103030240882e+07	3.7252902984619141e-09
494	11.148004	-2.8298103030240882e+07	0.0000000000000000e+00
495	11.222694	-2.8298103030240890e+07	-7.4505805969238281e-09
496	11.466483	-2.8298103030240890e+07	0.0000000000000000e+00
497	11.816696	-2.8298103030240882e+07	7.4505805969238281e-09
498	11.327936	-2.8298103030240886e+07	-3.7252902984619141e-09
499	11.314684	-2.8298103030240886e+07	0.0000000000000000e+00
500	11.394336	-2.8298103030240886e+07	0.0000000000000000e+00
501	11.258041	-2.8298103030240890e+07	-3.7252902984619141e-09
502	11.198780	-2.8298103030240886e+07	3.7252902984619141e-09
503	11.332286	-2.8298103030240890e+07	-3.7252902984619141e-09
504	11.330566	-2.8298103030240897e+07	-7.4505805969238281e-09
505	11.063146	-2.8298103030240893e+07	3.7252902984619141e-09
506	11.179686	-2.8298103030240890e+07	3.7252902984619141e-09
507	11.229408	-2.8298103030240897e+07	-7.4505805969238281e-09
508	11.285290	-2.8298103030240897e+07	0.0000000000000000e+00
509	11.244179	-2.8298103030240890e+07	7.4505805969238281e-09
510	11.241830	-2.8298103030240897e+07	-7.4505805969238281e-09
511	11.142023	-2.8298103030240893e+07	3.7252902984619141e-09
512	11.988317	-2.8298103030240897e+07	-3.7252902984619141e-09
513	12.059761	-2.8298103030240890e+07	7.4505805969238281e-09
514	11.750099	-2.8298103030240893e+07	-3.7252902984619141e-09
515	11.483063	-2.8298103030240893e+07	0.0000000000000000e+00
516	11.191499	-2.8298103030240905e+07	-1.1175870895385742e-08
517	11.393980	-2.8298103030240897e+07	7.4505805969238281e-09
518	11.107798	-2.8298103030240897e+07	0.0000000000000000e+00
519	11.306376	-2.8298103030240901e+07	-3.7252902984619141e-09
520	11.347065	-2.8298103030240901e+07	0.0000000000000000e+00
521	11.203588	-2.8298103030240897e+07	3.7252902984619141e-09
522	11.118534	-2.8298103030240901e+07	-3.7252902984619141e-09
523	11.292931	-2.8298103030240908e+07	-7.4505805969238281e-09
524	11.199760	-2.8298103030240901e+07	7.4505805969238281e-09
525	11.160835	-2.8298103030240890e+07	1.1175870895385742e-08
526	11.088597	-2.8298103030240897e+07	-7.4505805969238281e-09
527	11.082881	-2.8298103030240897e+07	0.0000000000000000e+00
528	11.194044	-2.8298103030240886e+07	1.1175870895385742e-08
529	11.253852	-2.8298103030240893e+07	-7.4505805969238281e-09
530	11.300855	-2.8298103030240897e+07	-3.7252902984619141e-09
531	11.235576	-2.8298103030240905e+07	-7.4505805969238281e-09
532	11.150822	-2.8298103030240893e+07	1.1175870895385742e-08
533	11.113364	-2.8298103030240886e+07	7.4505805969238281e-09
534	11.152317	-2.8298103030240905e+07	-1.8626451492309570e-08
535	11.183393	-2.8298103030240886e+07	1.8626451492309570e-08
536	11.172640	-2.8298103030240886e+07	0.0000000000000000e+00
537	11.189701	-2.8298103030240890e+07	-3.7252902984619141e-09
538	11.120466	-2.8298103030240901e+07	-1.1175870895385742e-08
539	11.278759	-2.8298103030240890e+07	1.1175870895385742e-08
540	11.362165	-2.8298103030240886e+07	3.7252902984619141e-09
541	11.124830	-2.8298103030240882e+07	3.7252902984619141e-09
542	11.167832	-2.8298103030240882e+07	0.0000000000000000e+00
543	11.104095	-2.8298103030240878e+07	3.7252902984619141e-09
544	11.124656	-2.8298103030240878e+07	0.0000000000000000e+00
545	11.196982	-2.8298103030240897e+07	-1.8626451492309570e-08
546	11.286491	-2.8298103030240882e+07	1.4901161193847656e-08
547	11.345114	-2.8298103030240878e+07	3.7252902984619141e-09
548	11.273579	-2.8298103030240886e+07	-7.4505805969238281e-09
549	11.116246	-2.8298103030240886e+07	0.0000000000000000e+00
550	11.296677	-2.8298103030240875e+07	1.1175870895385742e-08
551	11.178374	-2.8298103030240890e+07	-1.4901161193847656e-08
552	11.139415	-2.8298103030240886e+07	3.7252902984619141e-09
553	11.130004	-2.8298103030240890e+07	-3.7252902984619141e-09
554	11.070647	-2.8298103030240878e+07	1.1175870895385742e-08
555	11.210289	-2.8298103030240886e+07	-7.4505805969238281e-09
556	11.252203	-2.8298103030240893e+07	-7.4505805969238281e-09
557	11.281917	-2.8298103030240882e+07	1.1175870895385742e-08
558	11.132197	-2.8298103030240893e+07	-1.1175870895385742e-08
559	11.119400	-2.8298103030240882e+07	1.1175870895385742e-08
560	11.089880	-2.8298103030240890e+07	-7.4505805969238281e-09
561	11.112745	-2.8298103030240886e+07	3.7252902984619141e-09
562	11.160113	-2.8298103030240886e+07	0.0000000000000000e+00
563	11.164061	-2.8298103030240882e+07	3.7252902984619141e-09
564	11.200313	-2.8298103030240882e+07	0.0000000000000000e+00
565	11.081481	-2.8298103030240882e+07	0.0000000000000000e+00
566	11.261089	-2.8298103030240882e+07	0.0000000000000000e+00
567	11.310379	-2.8298103030240882e+07	0.0000000000000000e+00
568	11.091569	-2.8298103030240886e+07	-3.7252902984619141e-09
569	11.102782	-2.8298103030240897e+07	-1.1175870895385742e-08
570	11.115368	-2.8298103030240893e+07	3.7252902984619141e-09
571	11.150249	-2.8298103030240890e+07	3.7252902984619141e-09
572	11.176445	-2.8298103030240897e+07	-7.4505805969238281e-09
573	11.183814	-2.8298103030240901e+07	-3.7252902984619141e-09
574	11.255705	-2.8298103030240886e+07	1.4901161193847656e-08
575	11.296667	-2.8298103030240897e+07	-1.1175870895385742e-08
576	11.095089	-2.8298103030240893e+07	3.7252902984619141e-09
577	11.219646	-2.8298103030240901e+07	-7.4505805969238281e-09
578	11.163799	-2.8298103030240901e+07	0.0000000000000000e+00
579	11.135767	-2.8298103030240890e+07	1.1175870895385742e-08
580	11.134932	-2.8298103030240886e+07	3.7252902984619141e-09
581	11.098051	-2.8298103030240893e+07	-7.4505805969238281e-09
582	11.228722	-2.8298103030240886e+07	7.4505805969238281e-09
583	11.259591	-2.8298103030240905e+07	-1.8626451492309570e-08
584	11.304924	-2.8298103030240897e+07	7.4505805969238281e-09
585	11.151303	-2.8298103030240886e+07	1.1175870895385742e-08
586	11.090821	-2.8298103030240897e+07	-1.1175870895385742e-08
587	11.149039	-2.8298103030240893e+07	3.7252902984619141e-09
588	11.158181	-2.8298103030240890e+07	3.7252902984619141e-09
589	11.189578	-2.8298103030240878e+07	1.1175870895385742e-08
590	11.210790	-2.8298103030240897e+07	-1.8626451492309570e-08
591	11.205541	-2.8298103030240882e+07	1.4901161193847656e-08
592	11.071561	-2.8298103030240882e+07	0.0000000000000000e+00
593	11.298606	-2.8298103030240882e+07	0.0000000000000000e+00
594	11.272156	-2.8298103030240897e+07	-1.4901161193847656e-08
595	11.136327	-2.8298103030240886e+07	1.1175870895385742e-08
596	11.149251	-2.8298103030240897e+07	-1.1175870895385742e-08
597	11.087880	-2.8298103030240893e+07	3.7252902984619141e-09
598	11.195456	-2.8298103030240890e+07	3.7252902984619141e-09
599	11.175471	-2.8298103030240897e+07	-7.4505805969238281e-09
600	11.229216	-2.8298103030240893e+07	3.7252902984619141e-09
601	11.304828	-2.8298103030240882e+07	1.1175870895385742e-08
602	11.306809	-2.8298103030240893e+07	-1.1175870895385742e-08
603	11.122324	-2.8298103030240886e+07	7.4505805969238281e-09
604	11.216830	-2.8298103030240878e+07	7.4505805969238281e-09
605	11.234617	-2.8298103030240901e+07	-2.2351741790771484e-08
606	11.180507	-2.8298103030240890e+07	1.1175870895385742e-08
607	11.183841	-2.8298103030240893e+07	-3.7252902984619141e-09
608	11.150400	-2.8298103030240886e+07	7.4505805969238281e-09
609	11.235901	-2.8298103030240886e+07	0.0000000000000000e+00
610	11.296993	-2.8298103030240890e+07	-3.7252902984619141e-09
611	11.299591	-2.8298103030240890e+07	0.0000000000000000e+00
612	11.127543	-2.8298103030240890e+07	0.0000000000000000e+00
613	11.089639	-2.8298103030240882e+07	7.4505805969238281e-09
614	11.131285	-2.8298103030240890e+07	-7.4505805969238281e-09
615	11.145610	-2.8298103030240882e+07	7.4505805969238281e-09
616	11.211813	-2.8298103030240886e+07	-3.7252902984619141e-09
617	11.189447	-2.8298103030240886e+07	0.0000000000000000e+00
618	11.206768	-2.8298103030240882e+07	3.7252902984619141e-09
619	11.098169	-2.8298103030240882e+07	0.0000000000000000e+00
620	11.290646	-2.8298103030240878e+07	3.7252902984619141e-09
621	11.281559	-2.8298103030240890e+07	-1.1175870895385742e-08
622	11.133493	-2.8298103030240878e+07	1.1175870895385742e-08
623	11.129699	-2.8298103030240878e+07	0.0000000000000000e+00
624	11.058852	-2.8298103030240886e+07	-7.4505805969238281e-09
625	11.165091	-2.8298103030240878e+07	7.4505805969238281e-09
626	11.227593	-2.8298103030240875e+07	3.7252902984619141e-09
627	11.267862	-2.8298103030240875e+07	0.0000000000000000e+00
628	11.322058	-2.8298103030240893e+07	-1.8626451492309570e-08
629	11.101447	-2.8298103030240871e+07	2.2351741790771484e-08
630	11.052621	-2.8298103030240893e+07	-2.2351741790771484e-08
631	11.228241	-2.8298103030240882e+07	1.1175870895385742e-08
632	11.156152	-2.8298103030240886e+07	-3.7252902984619141e-09
633	11.176676	-2.8298103030240886e+07	0.0000000000000000e+00
634	11.142576	-2.8298103030240893e+07	-7.4505805969238281e-09
635	11.131345	-2.8298103030240897e+07	-3.7252902984619141e-09
636	11.241456	-2.8298103030240886e+07	1.1175870895385742e-08
637	11.292411	-2.8298103030240878e+07	7.4505805969238281e-09
638	11.215714	-2.8298103030240893e+07	-1.4901161193847656e-08
639	11.101118	-2.8298103030240882e+07	1.1175870895385742e-08
640	11.101314	-2.8298103030240901e+07	-1.8626451492309570e-08
641	11.135429	-2.8298103030240893e+07	7.4505805969238281e-09
642	11.172530	-2.8298103030240893e+07	0.0000000000000000e+00
643	11.557759	-2.8298103030240886e+07	7.4505805969238281e-09
644	12.007056	-2.8298103030240893e+07	-7.4505805969238281e-09
645	11.572868	-2.8298103030240893e+07	0.0000000000000000e+00
646	11.509968	-2.8298103030240890e+07	3.7252902984619141e-09
647	11.217055	-2.8298103030240882e+07	7.4505805969238281e-09
648	11.377791	-2.8298103030240890e+07	-7.4505805969238281e-09
649	11.114935	-2.8298103030240875e+07	1.4901161193847656e-08
650	11.287531	-2.8298103030240875e+07	0.0000000000000000e+00
651	11.301098	-2.8298103030240875e+07	0.0000000000000000e+00
652	11.108708	-2.8298103030240882e+07	-7.4505805969238281e-09
653	11.235127	-2.8298103030240890e+07	-7.4505805969238281e-09
654	11.279258	-2.8298103030240882e+07	7.4505805969238281e-09
655	11.208090	-2.8298103030240893e+07	-1.1175870895385742e-08
656	11.138599	-2.8298103030240878e+07	1.4901161193847656e-08
657	11.051469	-2.8298103030240897e+07	-1.8626451492309570e-08
658	11.192582	-2.8298103030240890e+07	7.4505805969238281e-09
659	11.180142	-2.8298103030240901e+07	-1.1175870895385742e-08
660	11.243038	-2.8298103030240890e+07	1.1175870895385742e-08
661	11.298312	-2.8298103030240897e+07	-7.4505805969238281e-09
662	11.264278	-2.8298103030240893e+07	3.7252902984619141e-09
663	11.053971	-2.8298103030240890e+07	3.7252902984619141e-09
664	11.208725	-2.8298103030240901e+07	-1.1175870895385742e-08
665	11.143556	-2.8298103030240897e+07	3.7252902984619141e-09
666	11.155620	-2.8298103030240890e+07	7.4505805969238281e-09
667	11.143716	-2.8298103030240886e+07	3.7252902984619141e-09
668	11.096810	-2.8298103030240890e+07	-3.7252902984619141e-09
669	11.219042	-2.8298103030240878e+07	1.1175870895385742e-08
670	11.254467	-2.8298103030240875e+07	3.7252902984619141e-09
671	11.347576	-2.8298103030240875e+07	0.0000000000000000e+00
672	11.126899	-2.8298103030240882e+07	-7.4505805969238281e-09
673	11.156719	-2.8298103030240878e+07	3.7252902984619141e-09
674	11.118565	-2.8298103030240878e+07	0.0000000000000000e+00
675	11.149195	-2.8298103030240878e+07	0.0000000000000000e+00
676	11.253408	-2.8298103030240882e+07	-3.7252902984619141e-09
677	11.440772	-2.8298103030240878e+07	3.7252902984619141e-09
678	11.779463	-2.8298103030240878e+07	0.0000000000000000e+00
679	11.385801	-2.8298103030240878e+07	0.0000000000000000e+00
680	11.330695	-2.8298103030240890e+07	-1.1175870895385742e-08
681	11.387723	-2.8298103030240890e+07	0.0000000000000000e+00
682	11.277371	-2.8298103030240886e+07	3.7252902984619141e-09
683	11.184030	-2.8298103030240886e+07	0.0000000000000000e+00
684	11.350418	-2.8298103030240882e+07	3.7252902984619141e-09
685	11.357313	-2.8298103030240893e+07	-1.1175870895385742e-08
686	11.102888	-2.8298103030240897e+07	-3.7252902984619141e-09
687	11.157732	-2.8298103030240893e+07	3.7252902984619141e-09
688	11.156973	-2.8298103030240878e+07	1.4901161193847656e-08
689	11.245665	-2.8298103030240901e+07	-2.2351741790771484e-08
690	11.301379	-2.8298103030240886e+07	1.4901161193847656e-08
691	11.282020	-2.8298103030240890e+07	-3.7252902984619141e-09
692	11.085909	-2.8298103030240890e+07	0.0000000000000000e+00
693	11.250486	-2.8298103030240901e+07	-1.1175870895385742e-08
694	11.185297	-2.8298103030240908e+07	-7.4505805969238281e-09
695	11.101796	-2.8298103030240908e+07	0.0000000000000000e+00
696	11.161631	-2.8298103030240901e+07	7.4505805969238281e-09
697	11.096091	-2.8298103030240905e+07	-3.7252902984619141e-09
698	11.222713	-2.8298103030240905e+07	0.0000000000000000e+00
699	11.319649	-2.8298103030240912e+07	-7.4505805969238281e-09
700	11.359956	-2.8298103030240890e+07	2.2351741790771484e-08
701	11.154433	-2.8298103030240901e+07	-1.1175870895385742e-08
702	11.119920	-2.8298103030240886e+07	1.4901161193847656e-08
703	11.080213	-2.8298103030240886e+07	0.0000000000000000e+00
704	11.156959	-2.8298103030240886e+07	0.0000000000000000e+00
705	11.161370	-2.8298103030240893e+07	-7.4505805969238281e-09
706	11.219719	-2.8298103030240878e+07	1.4901161193847656e-08
707	11.158733	-2.8298103030240890e+07	-1.1175870895385742e-08
708	11.101781	-2.8298103030240890e+07	0.0000000000000000e+00
709	11.282907	-2.8298103030240897e+07	-7.4505805969238281e-09
710	11.285066	-2.8298103030240893e+07	3.7252902984619141e-09
711	11.141961	-2.8298103030240878e+07	1.4901161193847656e-08
712	11.161121	-2.8298103030240893e+07	-1.4901161193847656e-08
713	11.107422	-2.8298103030240897e+07	-3.7252902984619141e-09
714	11.139602	-2.8298103030240897e+07	0.0000000000000000e+00
715	11.262890	-2.8298103030240893e+07	3.7252902984619141e-09
716	11.340920	-2.8298103030240897e+07	-3.7252902984619141e-09
717	11.320136	-2.8298103030240893e+07	3.7252902984619141e-09
718	11.143796	-2.8298103030240886e+07	7.4505805969238281e-09
719	11.081312	-2.8298103030240897e+07	-1.1175870895385742e-08
720	11.179788	-2.8298103030240893e+07	3.7252902984619141e-09
721	11.171670	-2.8298103030240893e+07	0.0000000000000000e+00
722	11.170638	-2.8298103030240886e+07	7.4505805969238281e-09
723	11.153573	-2.8298103030240886e+07	0.0000000000000000e+00
724	11.095698	-2.8298103030240890e+07	-3.7252902984619141e-09
725	11.589770	-2.8298103030240890e+07	0.0000000000000000e+00
726	11.750784	-2.8298103030240886e+07	3.7252902984619141e-09
727	11.446486	-2.8298103030240893e+07	-7.4505805969238281e-09
728	11.363278	-2.8298103030240886e+07	7.4505805969238281e-09
729	11.387394	-2.8298103030240890e+07	-3.7252902984619141e-09
730	11.293057	-2.8298103030240878e+07	1.1175870895385742e-08
731	11.276182	-2.8298103030240878e+07	0.0000000000000000e+00
732	11.317630	-2.8298103030240886e+07	-7.4505805969238281e-09
733	11.386711	-2.8298103030240882e+07	3.7252902984619141e-09
734	11.083643	-2.8298103030240897e+07	-1.4901161193847656e-08
735	11.114506	-2.8298103030240886e+07	1.1175870895385742e-08
736	11.235280	-2.8298103030240886e+07	0.0000000000000000e+00
737	11.298197	-2.8298103030240890e+07	-3.7252902984619141e-09
738	11.314197	-2.8298103030240886e+07	3.7252902984619141e-09
739	11.119187	-2.8298103030240882e+07	3.7252902984619141e-09
740	11.053285	-2.8298103030240905e+07	-2.2351741790771484e-08
741	11.236592	-2.8298103030240897e+07	7.4505805969238281e-09
742	11.198834	-2.8298103030240905e+07	-7.4505805969238281e-09
743	11.196210	-2.8298103030240901e+07	3.7252902984619141e-09
744	11.157989	-2.8298103030240901e+07	0.0000000000000000e+00
745	11.088818	-2.8298103030240897e+07	3.7252902984619141e-09
746	11.256026	-2.8298103030240893e+07	3.7252902984619141e-09
747	11.287047	-2.8298103030240893e+07	0.0000000000000000e+00
748	11.194100	-2.8298103030240886e+07	7.4505805969238281e-09
749	11.129082	-2.8298103030240897e+07	-1.1175870895385742e-08
750	11.135554	-2.8298103030240908e+07	-1.1175870895385742e-08
751	11.164398	-2.8298103030240897e+07	1.1175870895385742e-08
752	11.171358	-2.8298103030240912e+07	-1.4901161193847656e-08
753	11.207832	-2.8298103030240905e+07	7.4505805969238281e-09
754	11.247578	-2.8298103030240905e+07	0.0000000000000000e+00
755	11.233454	-2.8298103030240893e+07	1.1175870895385742e-08
756	11.089580	-2.8298103030240897e+07	-3.7252902984619141e-09
757	11.266333	-2.8298103030240890e+07	7.4505805969238281e-09
758	11.279818	-2.8298103030240897e+07	-7.4505805969238281e-09
759	11.189012	-2.8298103030240905e+07	-7.4505805969238281e-09
760	11.145545	-2.8298103030240905e+07	0.0000000000000000e+00
761	11.079667	-2.8298103030240890e+07	1.4901161193847656e-08
762	11.217845	-2.8298103030240901e+07	-1.1175870895385742e-08
763	11.246298	-2.8298103030240901e+07	0.0000000000000000e+00
764	11.265580	-2.8298103030240897e+07	3.7252902984619141e-09
765	11.308979	-2.8298103030240886e+07	1.1175870895385742e-08
766	11.106635	-2.8298103030240886e+07	0.0000000000000000e+00
767	11.126333	-2.8298103030240893e+07	-7.4505805969238281e-09
768	11.205113	-2.8298103030240893e+07	0.0000000000000000e+00
769	11.127905	-2.8298103030240901e+07	-7.4505805969238281e-09
770	11.169759	-2.8298103030240893e+07	7.4505805969238281e-09
771	11.181051	-2.8298103030240893e+07	0.0000000000000000e+00
772	11.108806	-2.8298103030240886e+07	7.4505805969238281e-09
773	11.283780	-2.8298103030240890e+07	-3.7252902984619141e-09
774	11.303390	-2.8298103030240893e+07	-3.7252902984619141e-09
775	11.165805	-2.8298103030240886e+07	7.4505805969238281e-09
776	11.150322	-2.8298103030240882e+07	3.7252902984619141e-09
777	11.126919	-2.8298103030240890e+07	-7.4505805969238281e-09
778	11.149043	-2.8298103030240886e+07	3.7252902984619141e-09
779	11.183651	-2.8298103030240890e+07	-3.7252902984619141e-09
780	11.226259	-2.8298103030240890e+07	0.0000000000000000e+00
781	11.262758	-2.8298103030240901e+07	-1.1175870895385742e-08
782	11.219525	-2.8298103030240886e+07	1.4901161193847656e-08
783	11.090441	-2.8298103030240905e+07	-1.8626451492309570e-08
784	11.291329	-2.8298103030240897e+07	7.4505805969238281e-09
785	11.188650	-2.8298103030240886e+07	1.1175870895385742e-08
786	11.173117	-2.8298103030240905e+07	-1.8626451492309570e-08
787	11.155584	-2.8298103030240893e+07	1.1175870895385742e-08
788	11.094552	-2.8298103030240890e+07	3.7252902984619141e-09
789	11.245477	-2.8298103030240886e+07	3.7252902984619141e-09
790	11.231902	-2.8298103030240897e+07	-1.1175870895385742e-08
791	11.270776	-2.8298103030240908e+07	-1.1175870895385742e-08
792	11.222230	-2.8298103030240893e+07	1.4901161193847656e-08
793	11.164326	-2.8298103030240908e+07	-1.4901161193847656e-08
794	11.117322	-2.8298103030240901e+07	7.4505805969238281e-09
795	11.179859	-2.8298103030240890e+07	1.1175870895385742e-08
796	11.166004	-2.8298103030240901e+07	-1.1175870895385742e-08
797	11.201537	-2.8298103030240886e+07	1.4901161193847656e-08
798	11.198032	-2.8298103030240886e+07	0.0000000000000000e+00
799	11.133858	-2.8298103030240886e+07	0.0000000000000000e+00
800	11.297482	-2.8298103030240886e+07	0.0000000000000000e+00
801	11.280769	-2.8298103030240893e+07	-7.4505805969238281e-09
802	11.155505	-2.8298103030240886e+07	7.4505805969238281e-09
803	11.140682	-2.8298103030240886e+07	0.0000000000000000e+00
804	11.441116	-2.8298103030240886e+07	0.0000000000000000e+00
805	11.403705	-2.8298103030240886e+07	0.0000000000000000e+00
806	11.895201	-2.8298103030240886e+07	0.0000000000000000e+00
807	11.502862	-2.8298103030240893e+07	-7.4505805969238281e-09
808	11.419405	-2.8298103030240901e+07	-7.4505805969238281e-09
809	11.412124	-2.8298103030240897e+07	3.7252902984619141e-09
810	11.371229	-2.8298103030240901e+07	-3.7252902984619141e-09
811	11.145185	-2.8298103030240901e+07	0.0000000000000000e+00
812	11.314071	-2.8298103030240897e+07	3.7252902984619141e-09
813	11.299397	-2.8298103030240890e+07	7.4505805969238281e-09
814	11.112393	-2.8298103030240893e+07	-3.7252902984619141e-09
815	11.103712	-2.8298103030240890e+07	3.7252902984619141e-09
816	11.247896	-2.8298103030240897e+07	-7.4505805969238281e-09
817	11.203110	-2.8298103030240890e+07	7.4505805969238281e-09
818	11.227300	-2.8298103030240908e+07	-1.8626451492309570e-08
819	11.248797	-2.8298103030240905e+07	3.7252902984619141e-09
820	11.131620	-2.8298103030240901e+07	3.7252902984619141e-09
821	11.287098	-2.8298103030240897e+07	3.7252902984619141e-09
822	11.320899	-2.8298103030240901e+07	-3.7252902984619141e-09
823	11.159319	-2.8298103030240905e+07	-3.7252902984619141e-09
824	11.191715	-2.8298103030240890e+07	1.4901161193847656e-08
825	11.120400	-2.8298103030240893e+07	-3.7252902984619141e-09
826	11.240176	-2.8298103030240886e+07	7.4505805969238281e-09
827	11.223563	-2.8298103030240882e+07	3.7252902984619141e-09
828	11.323197	-2.8298103030240901e+07	-1.8626451492309570e-08
829	11.366541	-2.8298103030240893e+07	7.4505805969238281e-09
830	11.139088	-2.8298103030240890e+07	3.7252902984619141e-09
831	11.111176	-2.8298103030240886e+07	3.7252902984619141e-09
832	11.249477	-2.8298103030240875e+07	1.1175870895385742e-08
833	11.175178	-2.8298103030240886e+07	-1.1175870895385742e-08
834	11.160751	-2.8298103030240882e+07	3.7252902984619141e-09
835	11.181670	-2.8298103030240878e+07	3.7252902984619141e-09
836	11.151045	-2.8298103030240882e+07	-3.7252902984619141e-09
837	11.264381	-2.8298103030240882e+07	0.0000000000000000e+00
838	11.292405	-2.8298103030240886e+07	-3.7252902984619141e-09
839	11.203551	-2.8298103030240886e+07	0.0000000000000000e+00
840	11.180654	-2.8298103030240901e+07	-1.4901161193847656e-08
841	11.117208	-2.8298103030240901e+07	0.0000000000000000e+00
842	11.232552	-2.8298103030240901e+07	0.0000000000000000e+00
843	11.161157	-2.8298103030240893e+07	7.4505805969238281e-09
844	11.201954	-2.8298103030240890e+07	3.7252902984619141e-09
845	11.285718	-2.8298103030240893e+07	-3.7252902984619141e-09
846	11.243046	-2.8298103030240893e+07	0.0000000000000000e+00
847	11.127606	-2.8298103030240905e+07	-1.1175870895385742e-08
848	11.769049	-2.8298103030240893e+07	1.1175870895385742e-08
849	11.659595	-2.8298103030240901e+07	-7.4505805969238281e-09
850	11.464529	-2.8298103030240893e+07	7.4505805969238281e-09
851	11.228799	-2.8298103030240893e+07	0.0000000000000000e+00
852	11.454583	-2.8298103030240890e+07	3.7252902984619141e-09
853	11.176040	-2.8298103030240897e+07	-7.4505805969238281e-09
854	11.359011	-2.8298103030240890e+07	7.4505805969238281e-09
855	11.298706	-2.8298103030240897e+07	-7.4505805969238281e-09
856	11.238677	-2.8298103030240905e+07	-7.4505805969238281e-09
857	11.151441	-2.8298103030240890e+07	1.4901161193847656e-08
858	11.279557	-2.8298103030240893e+07	-3.7252902984619141e-09
859	11.331135	-2.8298103030240897e+07	-3.7252902984619141e-09
860	11.203659	-2.8298103030240886e+07	1.1175870895385742e-08
861	11.152922	-2.8298103030240893e+07	-7.4505805969238281e-09
862	11.136811	-2.8298103030240893e+07	0.0000000000000000e+00
863	11.179291	-2.8298103030240890e+07	3.7252902984619141e-09
864	11.165088	-2.8298103030240886e+07	3.7252902984619141e-09
865	11.209827	-2.8298103030240890e+07	-3.7252902984619141e-09
866	11.267801	-2.8298103030240886e+07	3.7252902984619141e-09
867	11.244382	-2.8298103030240886e+07	0.0000000000000000e+00
868	11.136465	-2.8298103030240890e+07	-3.7252902984619141e-09
869	11.317169	-2.8298103030240890e+07	0.0000000000000000e+00
870	11.250658	-2.8298103030240893e+07	-3.7252902984619141e-09
871	11.187238	-2.8298103030240878e+07	1.4901161193847656e-08
872	11.116715	-2.8298103030240875e+07	3.7252902984619141e-09
873	11.088479	-2.8298103030240878e+07	-3.7252902984619141e-09
874	11.234065	-2.8298103030240886e+07	-7.4505805969238281e-09
875	11.222932	-2.8298103030240875e+07	1.1175870895385742e-08
876	11.385775	-2.8298103030240878e+07	-3.7252902984619141e-09
877	11.112707	-2.8298103030240890e+07	-1.1175870895385742e-08
878	11.093816	-2.8298103030240901e+07	-1.1175870895385742e-08
879	11.073855	-2.8298103030240890e+07	1.1175870895385742e-08
880	11.150220	-2.8298103030240890e+07	0.0000000000000000e+00
881	11.160058	-2.8298103030240890e+07	0.0000000000000000e+00
882	11.169293	-2.8298103030240882e+07	7.4505805969238281e-09
883	11.912788	-2.8298103030240901e+07	-1.8626451492309570e-08
884	13.518190	-2.8298103030240882e+07	1.8626451492309570e-08
885	11.672463	-2.8298103030240882e+07	0.0000000000000000e+00
886	11.351560	-2.8298103030240890e+07	-7.4505805969238281e-09
887	11.220302	-2.8298103030240893e+07	-3.7252902984619141e-09
888	11.401971	-2.8298103030240875e+07	1.8626451492309570e-08
889	11.061258	-2.8298103030240882e+07	-7.4505805969238281e-09
890	11.272720	-2.8298103030240886e+07	-3.7252902984619141e-09
891	11.180946	-2.8298103030240882e+07	3.7252902984619141e-09
892	11.076685	-2.8298103030240882e+07	0.0000000000000000e+00
893	11.059669	-2.8298103030240897e+07	-1.4901161193847656e-08
894	11.146754	-2.8298103030240886e+07	1.1175870895385742e-08
895	11.235039	-2.8298103030240882e+07	3.7252902984619141e-09
896	11.079449	-2.8298103030240882e+07	0.0000000000000000e+00
897	11.072589	-2.8298103030240893e+07	-1.1175870895385742e-08
898	11.072657	-2.8298103030240893e+07	0.0000000000000000e+00
899	11.108327	-2.8298103030240878e+07	1.4901161193847656e-08
900	11.144660	-2.8298103030240890e+07	-1.1175870895385742e-08
901	11.182904	-2.8298103030240886e+07	3.7252902984619141e-09
902	11.191160	-2.8298103030240890e+07	-3.7252902984619141e-09
903	11.057756	-2.8298103030240893e+07	-3.7252902984619141e-09
904	11.219090	-2.8298103030240890e+07	3.7252902984619141e-09
905	11.226176	-2.8298103030240897e+07	-7.4505805969238281e-09
906	11.113006	-2.8298103030240890e+07	7.4505805969238281e-09
907	11.105151	-2.8298103030240901e+07	-1.1175870895385742e-08
908	11.058899	-2.8298103030240897e+07	3.7252902984619141e-09
909	11.118365	-2.8298103030240897e+07	0.0000000000000000e+00
910	11.139198	-2.8298103030240890e+07	7.4505805969238281e-09
911	11.180917	-2.8298103030240890e+07	0.0000000000000000e+00
912	11.228511	-2.8298103030240897e+07	-7.4505805969238281e-09
913	11.064112	-2.8298103030240897e+07	0.0000000000000000e+00
914	11.045230	-2.8298103030240890e+07	7.4505805969238281e-09
915	11.148311	-2.8298103030240893e+07	-3.7252902984619141e-09
916	11.070480	-2.8298103030240905e+07	-1.1175870895385742e-08
917	11.089829	-2.8298103030240901e+07	3.7252902984619141e-09
918	11.123692	-2.8298103030240893e+07	7.4505805969238281e-09
919	11.014765	-2.8298103030240886e+07	7.4505805969238281e-09
920	11.193889	-2.8298103030240901e+07	-1.4901161193847656e-08
921	11.189609	-2.8298103030240908e+07	-7.4505805969238281e-09
922	11.242486	-2.8298103030240901e+07	7.4505805969238281e-09
923	11.083365	-2.8298103030240897e+07	3.7252902984619141e-09
924	11.073725	-2.8298103030240901e+07	-3.7252902984619141e-09
925	11.036532	-2.8298103030240893e+07	7.4505805969238281e-09
926	11.107769	-2.8298103030240890e+07	3.7252902984619141e-09
927	11.082400	-2.8298103030240893e+07	-3.7252902984619141e-09
928	11.101740	-2.8298103030240893e+07	0.0000000000000000e+00
929	11.137273	-2.8298103030240901e+07	-7.4505805969238281e-09
930	11.080266	-2.8298103030240912e+07	-1.1175870895385742e-08
931	11.219894	-2.8298103030240916e+07	-3.7252902984619141e-09
932	11.259668	-2.8298103030240912e+07	3.7252902984619141e-09
933	11.081038	-2.8298103030240901e+07	1.1175870895385742e-08
934	11.084620	-2.8298103030240897e+07	3.7252902984619141e-09
935	11.055415	-2.8298103030240893e+07	3.7252902984619141e-09
936	11.086827	-2.8298103030240890e+07	3.7252902984619141e-09
937	11.110207	-2.8298103030240882e+07	7.4505805969238281e-09
938	11.139577	-2.8298103030240886e+07	-3.7252902984619141e-09
939	11.167857	-2.8298103030240893e+07	-7.4505805969238281e-09
940	11.197338	-2.8298103030240893e+07	0.0000000000000000e+00
941	11.031648	-2.8298103030240893e+07	0.0000000000000000e+00
942	11.247448	-2.8298103030240897e+07	-3.7252902984619141e-09
943	11.166594	-2.8298103030240901e+07	-3.7252902984619141e-09
944	11.096335	-2.8298103030240897e+07	3.7252902984619141e-09
945	11.103707	-2.8298103030240886e+07	1.1175870895385742e-08
946	11.024739	-2.8298103030240893e+07	-7.4505805969238281e-09
947	11.110717	-2.8298103030240890e+07	3.7252902984619141e-09
948	11.198741	-2.8298103030240897e+07	-7.4505805969238281e-09
949	11.217854	-2.8298103030240905e+07	-7.4505805969238281e-09
950	11.263178	-2.8298103030240890e+07	1.4901161193847656e-08
951	11.068886	-2.8298103030240890e+07	0.0000000000000000e+00
952	10.967449	-2.8298103030240893e+07	-3.7252902984619141e-09
953	11.132952	-2.8298103030240893e+07	0.0000000000000000e+00
954	11.075005	-2.8298103030240886e+07	7.4505805969238281e-09
955	11.079988	-2.8298103030240893e+07	-7.4505805969238281e-09
956	11.107165	-2.8298103030240905e+07	-1.1175870895385742e-08
957	11.039571	-2.8298103030240897e+07	7.4505805969238281e-09
958	11.163640	-2.8298103030240890e+07	7.4505805969238281e-09
959	11.288526	-2.8298103030240890e+07	0.0000000000000000e+00
960	11.295412	-2.8298103030240890e+07	0.0000000000000000e+00
961	11.091672	-2.8298103030240897e+07	-7.4505805969238281e-09
962	11.029427	-2.8298103030240886e+07	1.1175870895385742e-08
963	11.051241	-2.8298103030240893e+07	-7.4505805969238281e-09
964	11.962689	-2.8298103030240890e+07	3.7252902984619141e-09
965	11.517895	-2.8298103030240897e+07	-7.4505805969238281e-09
966	11.429632	-2.8298103030240893e+07	3.7252902984619141e-09
967	11.316060	-2.8298103030240897e+07	-3.7252902984619141e-09
968	11.187703	-2.8298103030240886e+07	1.1175870895385742e-08
969	11.119328	-2.8298103030240890e+07	-3.7252902984619141e-09
970	11.212382	-2.8298103030240901e+07	-1.1175870895385742e-08
971	11.179076	-2.8298103030240890e+07	1.1175870895385742e-08
972	11.049542	-2.8298103030240886e+07	3.7252902984619141e-09
973	11.153329	-2.8298103030240886e+07	0.0000000000000000e+00
974	11.103956	-2.8298103030240893e+07	-7.4505805969238281e-09
975	11.174679	-2.8298103030240901e+07	-7.4505805969238281e-09
976	11.058446	-2.8298103030240890e+07	1.1175870895385742e-08
977	10.985620	-2.8298103030240882e+07	7.4505805969238281e-09
978	11.123182	-2.8298103030240893e+07	-1.1175870895385742e-08
979	11.098789	-2.8298103030240886e+07	7.4505805969238281e-09
980	11.079681	-2.8298103030240893e+07	-7.4505805969238281e-09
981	11.069682	-2.8298103030240890e+07	3.7252902984619141e-09
982	11.028050	-2.8298103030240912e+07	-2.2351741790771484e-08
983	11.183506	-2.8298103030240893e+07	1.8626451492309570e-08
984	11.217153	-2.8298103030240908e+07	-1.4901161193847656e-08
985	11.284057	-2.8298103030240897e+07	1.1175870895385742e-08
986	11.051639	-2.8298103030240901e+07	-3.7252902984619141e-09
987	11.075431	-2.8298103030240893e+07	7.4505805969238281e-09
988	11.063701	-2.8298103030240886e+07	7.4505805969238281e-09
989	11.070807	-2.8298103030240886e+07	0.0000000000000000e+00
990	11.080722	-2.8298103030240890e+07	-3.7252902984619141e-09
991	11.137294	-2.8298103030240893e+07	-3.7252902984619141e-09
992	11.137292	-2.8298103030240905e+07	-1.1175870895385742e-08
993	11.000892	-2.8298103030240893e+07	1.1175870895385742e-08
994	11.197327	-2.8298103030240886e+07	7.4505805969238281e-09
995	11.244854	-2.8298103030240882e+07	3.7252902984619141e-09
996	11.021174	-2.8298103030240901e+07	-1.8626451492309570e-08
997	11.082610	-2.8298103030240882e+07	1.8626451492309570e-08
998	11.056159	-2.8298103030240886e+07	-3.7252902984619141e-09
999	11.046833	-2.8298103030240878e+07	7.4505805969238281e-09
1000	11.094041	-2.8298103030240886e+07	-7.4505805969238281e-09

Writing Q matrix to /global/home/users/deboraycb/scratch/atahualpa/analysis/ohana/maf05_3/structure/merge2_20M_allchr_snps_maf05_k4_mi1000_2_q.matrix
Writing F matrix to /global/home/users/deboraycb/scratch/atahualpa/analysis/ohana/maf05_3/structure/merge2_20M_allchr_snps_maf05_k4_mi1000_2_f.matrix
