seed: 3582934918

iter	duration	log_likelihood	delta-lle
0	2.938837	-4.4419346753995083e+07
1	11.675627	-3.9362108493408129e+07	5.0572382605869547e+06
2	12.190246	-3.5529330004070260e+07	3.8327784893378690e+06
3	12.886788	-3.4266345807216562e+07	1.2629841968536973e+06
4	12.613273	-3.3557100716234669e+07	7.0924509098189324e+05
5	12.295137	-3.2979326991561003e+07	5.7777372467366606e+05
6	12.034726	-3.2448180085204300e+07	5.3114690635670349e+05
7	11.933130	-3.1936796087161925e+07	5.1138399804237485e+05
8	12.412254	-3.1430286088678963e+07	5.0650999848296121e+05
9	12.635592	-3.0920606041428417e+07	5.0968004725054651e+05
10	12.151591	-3.0404143525738850e+07	5.1646251568956673e+05
11	12.024474	-2.9894744419893060e+07	5.0939910584579036e+05
12	11.883134	-2.9420354194909520e+07	4.7439022498353943e+05
13	11.970705	-2.9011463708943777e+07	4.0889048596574366e+05
14	11.942553	-2.8692335254518401e+07	3.1912845442537591e+05
15	11.648226	-2.8478846782093219e+07	2.1348847242518142e+05
16	11.636833	-2.8367468372667879e+07	1.1137840942534059e+05
17	11.698304	-2.8326748634308729e+07	4.0719738359149545e+04
18	12.236942	-2.8314785296355132e+07	1.1963337953597307e+04
19	12.093413	-2.8310725508525271e+07	4.0597878298610449e+03
20	11.971794	-2.8308589045000039e+07	2.1364635252319276e+03
21	11.792163	-2.8307219752510689e+07	1.3692924893498421e+03
22	11.581214	-2.8305856622080710e+07	1.3631304299794137e+03
23	11.544958	-2.8304751401941314e+07	1.1052201393954456e+03
24	11.519709	-2.8303785543990161e+07	9.6585795115306973e+02
25	11.482841	-2.8302932584068596e+07	8.5295992156490684e+02
26	11.329332	-2.8302196784863509e+07	7.3579920508712530e+02
27	11.437366	-2.8301651963755012e+07	5.4482110849767923e+02
28	11.444896	-2.8301511225760285e+07	1.4073799472674727e+02
29	11.383397	-2.8301190740016293e+07	3.2048574399203062e+02
30	11.249074	-2.8300952556677137e+07	2.3818333915621042e+02
31	11.453182	-2.8300810557844937e+07	1.4199883219972253e+02
32	11.377397	-2.8300682491795804e+07	1.2806604913249612e+02
33	11.264583	-2.8300562860743433e+07	1.1963105237111449e+02
34	11.304475	-2.8300449144443203e+07	1.1371630023047328e+02
35	11.201271	-2.8300562998288903e+07	-1.1385384570062160e+02
36	11.339376	-2.8300367953045040e+07	1.9504524386301637e+02
37	11.355805	-2.8300156809941452e+07	2.1114310358837247e+02
38	11.396309	-2.8300056333943389e+07	1.0047599806264043e+02
39	11.474114	-2.8299959842264526e+07	9.6491678863763809e+01
40	11.201048	-2.8299866594653901e+07	9.3247610624879599e+01
41	11.228931	-2.8299775893355109e+07	9.0701298791915178e+01
42	11.273135	-2.8299686908260945e+07	8.8985094163566828e+01
43	11.276222	-2.8299599239781730e+07	8.7668479215353727e+01
44	11.335878	-2.8299514092668835e+07	8.5147112894803286e+01
45	11.259337	-2.8299431451561771e+07	8.2641107063740492e+01
46	11.228000	-2.8299350324311964e+07	8.1127249807119370e+01
47	11.354538	-2.8299270151748445e+07	8.0172563519328833e+01
48	11.397898	-2.8299190707886882e+07	7.9443861562758684e+01
49	11.314686	-2.8299111597403709e+07	7.9110483173280954e+01
50	11.232387	-2.8299032468870588e+07	7.9128533121198416e+01
51	11.179090	-2.8298952931812096e+07	7.9537058491259813e+01
52	11.292134	-2.8298872766717616e+07	8.0165094479918480e+01
53	11.268237	-2.8298793701200683e+07	7.9065516933798790e+01
54	11.387067	-2.8298714727599155e+07	7.8973601527512074e+01
55	11.412694	-2.8298635273808938e+07	7.9453790217638016e+01
56	11.236096	-2.8298554754125193e+07	8.0519683744758368e+01
57	11.162094	-2.8298473199217014e+07	8.1554908178746700e+01
58	11.311463	-2.8298398647821676e+07	7.4551395338028669e+01
59	11.281311	-2.8298336642005347e+07	6.2005816329270601e+01
60	11.265844	-2.8298286239429280e+07	5.0402576066553593e+01
61	11.282338	-2.8298246027505904e+07	4.0211923375725746e+01
62	11.181667	-2.8298215059450179e+07	3.0968055725097656e+01
63	11.381687	-2.8298191354683805e+07	2.3704766374081373e+01
64	11.401528	-2.8298173449608948e+07	1.7905074857175350e+01
65	11.290891	-2.8298159809964880e+07	1.3639644067734480e+01
66	11.315790	-2.8298149390695672e+07	1.0419269207865000e+01
67	11.181084	-2.8298141124133799e+07	8.2665618732571602e+00
68	11.305825	-2.8298134423278727e+07	6.7008550725877285e+00
69	11.317898	-2.8298128986304205e+07	5.4369745217263699e+00
70	11.328680	-2.8298124579468228e+07	4.4068359769880772e+00
71	11.421211	-2.8298121005255405e+07	3.5742128230631351e+00
72	11.213149	-2.8298118102272414e+07	2.9029829911887646e+00
73	11.240073	-2.8298115739982501e+07	2.3622899129986763e+00
74	11.250502	-2.8298113806344692e+07	1.9336378090083599e+00
75	11.255483	-2.8298112218952201e+07	1.5873924903571606e+00
76	11.268820	-2.8298110914371222e+07	1.3045809790492058e+00
77	11.255728	-2.8298109840966996e+07	1.0734042264521122e+00
78	11.203569	-2.8298108957546372e+07	8.8342062383890152e-01
79	11.299035	-2.8298108231244985e+07	7.2630138695240021e-01
80	11.524591	-2.8298107631589577e+07	5.9965540841221809e-01
81	11.990127	-2.8298107135751601e+07	4.9583797529339790e-01
82	11.699694	-2.8298106725439042e+07	4.1031255945563316e-01
83	11.566554	-2.8298106385434661e+07	3.4000438079237938e-01
84	11.546155	-2.8298106103278842e+07	2.8215581923723221e-01
85	11.231089	-2.8298105868925758e+07	2.3435308411717415e-01
86	11.471186	-2.8298105674311411e+07	1.9461434707045555e-01
87	11.349789	-2.8298105512643471e+07	1.6166793927550316e-01
88	11.249863	-2.8298105378210060e+07	1.3443341106176376e-01
89	11.378881	-2.8298105266385637e+07	1.1182442307472229e-01
90	11.282310	-2.8298105173292946e+07	9.3092691153287888e-02
91	11.344548	-2.8298105095815539e+07	7.7477406710386276e-02
92	12.100634	-2.8298105031223960e+07	6.4591579139232635e-02
93	11.656568	-2.8298104977380414e+07	5.3843546658754349e-02
94	11.826222	-2.8298104932426546e+07	4.4953867793083191e-02
95	11.886464	-2.8298104894867595e+07	3.7558950483798981e-02
96	11.593851	-2.8298104863471828e+07	3.1395766884088516e-02
97	11.440995	-2.8298104837191034e+07	2.6280794292688370e-02
98	11.368059	-2.8298104815183926e+07	2.2007107734680176e-02
99	11.432459	-2.8298104796739344e+07	1.8444582819938660e-02
100	11.477415	-2.8298104781264313e+07	1.5475030988454819e-02
101	11.160900	-2.8298104768302616e+07	1.2961696833372116e-02
102	11.371067	-2.8298104757401619e+07	1.0900996625423431e-02
103	11.405206	-2.8298104748255856e+07	9.1457627713680267e-03
104	11.285466	-2.8298104740559433e+07	7.6964236795902252e-03
105	11.215692	-2.8298104734087598e+07	6.4718350768089294e-03
106	11.299130	-2.8298104728652757e+07	5.4348409175872803e-03
107	11.392773	-2.8298104724075135e+07	4.5776218175888062e-03
108	11.375328	-2.8298104720207907e+07	3.8672275841236115e-03
109	11.286557	-2.8298104716973156e+07	3.2347515225410461e-03
110	11.263514	-2.8298104714220755e+07	2.7524009346961975e-03
111	11.260048	-2.8298104711935494e+07	2.2852607071399689e-03
112	11.278894	-2.8298104709989704e+07	1.9457899034023285e-03
113	11.339011	-2.8298104708341192e+07	1.6485117375850677e-03
114	11.348496	-2.8298104706957601e+07	1.3835914433002472e-03
115	11.423961	-2.8298104705793098e+07	1.1645033955574036e-03
116	11.208097	-2.8298104704804882e+07	9.8821520805358887e-04
117	12.038059	-2.8298104703991026e+07	8.1385672092437744e-04
118	11.682419	-2.8298104703285452e+07	7.0557370781898499e-04
119	11.560348	-2.8298104702685565e+07	5.9988722205162048e-04
120	11.543826	-2.8298104702194069e+07	4.9149617552757263e-04
121	11.215001	-2.8298104701764669e+07	4.2939931154251099e-04
122	11.471584	-2.8298104701417990e+07	3.4667924046516418e-04
123	11.374642	-2.8298104701113075e+07	3.0491501092910767e-04
124	11.222524	-2.8298104700848982e+07	2.6409327983856201e-04
125	11.354960	-2.8298104700639855e+07	2.0912662148475647e-04
126	11.378338	-2.8298104700461280e+07	1.7857551574707031e-04
127	11.380709	-2.8298104700301617e+07	1.5966221690177917e-04
128	11.187612	-2.8298104700177122e+07	1.2449547648429871e-04
129	11.372795	-2.8298104700051866e+07	1.2525543570518494e-04
130	11.268759	-2.8298104699974056e+07	7.7810138463973999e-05
131	11.257548	-2.8298104699898936e+07	7.5120478868484497e-05
132	11.304964	-2.8298104699845657e+07	5.3279101848602295e-05
133	11.195188	-2.8298104699779935e+07	6.5721571445465088e-05
134	11.314338	-2.8298104699732486e+07	4.7449022531509399e-05
135	11.386391	-2.8298104699687801e+07	4.4684857130050659e-05
136	11.286946	-2.8298104699656136e+07	3.1664967536926270e-05
137	11.224490	-2.8298104699629325e+07	2.6810914278030396e-05
138	11.996186	-2.8298104699606434e+07	2.2891908884048462e-05
139	11.927593	-2.8298104699583411e+07	2.3022294044494629e-05
140	11.744300	-2.8298104699579276e+07	4.1350722312927246e-06
141	11.599986	-2.8298104699559055e+07	2.0220875740051270e-05
142	11.513257	-2.8298104699545797e+07	1.3258308172225952e-05
143	11.260224	-2.8298104699529722e+07	1.6074627637863159e-05
144	11.460850	-2.8298104699531097e+07	-1.3746321201324463e-06
145	11.307695	-2.8298104699517727e+07	1.3370066881179810e-05
146	11.196046	-2.8298104699510060e+07	7.6666474342346191e-06
147	11.623716	-2.8298104699508362e+07	1.6987323760986328e-06
148	11.843128	-2.8298104699497987e+07	1.0374933481216431e-05
149	11.621503	-2.8298104699507706e+07	-9.7192823886871338e-06
150	11.765857	-2.8298104699489500e+07	1.8205493688583374e-05
151	12.026953	-2.8298104699490320e+07	-8.1956386566162109e-07
152	11.575866	-2.8298104699488778e+07	1.5422701835632324e-06
153	11.563100	-2.8298104699486297e+07	2.4810433387756348e-06
154	11.972655	-2.8298104699483458e+07	2.8386712074279785e-06
155	11.520839	-2.8298104699491572e+07	-8.1136822700500488e-06
156	11.525559	-2.8298104699493356e+07	-1.7844140529632568e-06
157	11.535785	-2.8298104699484568e+07	8.7879598140716553e-06
158	11.223390	-2.8298104699481383e+07	3.1851232051849365e-06
159	11.428679	-2.8298104699473467e+07	7.9162418842315674e-06
160	11.569265	-2.8298104699484237e+07	-1.0769814252853394e-05
161	12.038879	-2.8298104699479699e+07	4.5374035835266113e-06
162	11.633037	-2.8298104699483499e+07	-3.7997961044311523e-06
163	11.494729	-2.8298104699487530e+07	-4.0307641029357910e-06
164	11.570543	-2.8298104699477516e+07	1.0013580322265625e-05
165	11.297172	-2.8298104699475989e+07	1.5273690223693848e-06
166	11.517912	-2.8298104699476961e+07	-9.7230076789855957e-07
167	11.219402	-2.8298104699474920e+07	2.0414590835571289e-06
168	11.282059	-2.8298104699478507e+07	-3.5874545574188232e-06
169	11.422575	-2.8298104699475586e+07	2.9206275939941406e-06
170	11.349107	-2.8298104699475355e+07	2.3096799850463867e-07
171	11.238118	-2.8298104699483156e+07	-7.8007578849792480e-06
172	11.210624	-2.8298104699489612e+07	-6.4559280872344971e-06
173	11.373656	-2.8298104699476957e+07	1.2654811143875122e-05
174	11.807374	-2.8298104699486546e+07	-9.5888972282409668e-06
175	11.934192	-2.8298104699477430e+07	9.1157853603363037e-06
176	11.597967	-2.8298104699471943e+07	5.4873526096343994e-06
177	11.389348	-2.8298104699474908e+07	-2.9653310775756836e-06
178	11.583169	-2.8298104699479759e+07	-4.8503279685974121e-06
179	11.454201	-2.8298104699461803e+07	1.7955899238586426e-05
180	11.477865	-2.8298104699479554e+07	-1.7751008272171021e-05
181	11.175801	-2.8298104699482102e+07	-2.5480985641479492e-06
182	11.425768	-2.8298104699479237e+07	2.8647482395172119e-06
183	11.365511	-2.8298104699481007e+07	-1.7695128917694092e-06
184	11.974125	-2.8298104699493576e+07	-1.2569129467010498e-05
185	11.704293	-2.8298104699474614e+07	1.8961727619171143e-05
186	11.570944	-2.8298104699477676e+07	-3.0621886253356934e-06
187	11.595842	-2.8298104699483939e+07	-6.2622129917144775e-06
188	11.285726	-2.8298104699472934e+07	1.1004507541656494e-05
189	11.482057	-2.8298104699480206e+07	-7.2717666625976562e-06
190	11.429296	-2.8298104699481580e+07	-1.3746321201324463e-06
191	11.250693	-2.8298104699489966e+07	-8.3856284618377686e-06
192	11.396488	-2.8298104699487336e+07	2.6300549507141113e-06
193	11.344727	-2.8298104699483749e+07	3.5874545574188232e-06
194	11.236653	-2.8298104699485540e+07	-1.7918646335601807e-06
195	11.175593	-2.8298104699485566e+07	-2.6077032089233398e-08
196	11.277352	-2.8298104699481077e+07	4.4889748096466064e-06
197	11.225322	-2.8298104699486047e+07	-4.9695372581481934e-06
198	11.277419	-2.8298104699485816e+07	2.3096799850463867e-07
199	11.261454	-2.8298104699482962e+07	2.8535723686218262e-06
200	11.186715	-2.8298104699483961e+07	-9.9837779998779297e-07
201	11.375995	-2.8298104699476223e+07	7.7374279499053955e-06
202	11.378290	-2.8298104699483845e+07	-7.6219439506530762e-06
203	11.267951	-2.8298104699476238e+07	7.6070427894592285e-06
204	12.012919	-2.8298104699482787e+07	-6.5490603446960449e-06
205	11.631041	-2.8298104699478127e+07	4.6603381633758545e-06
206	11.564650	-2.8298104699471913e+07	6.2137842178344727e-06
207	11.594160	-2.8298104699472833e+07	-9.2014670372009277e-07
208	11.448432	-2.8298104699476160e+07	-3.3266842365264893e-06
209	11.988471	-2.8298104699481770e+07	-5.6102871894836426e-06
210	11.590936	-2.8298104699474823e+07	6.9476664066314697e-06
211	11.494473	-2.8298104699476067e+07	-1.2442469596862793e-06
212	11.539403	-2.8298104699480321e+07	-4.2542815208435059e-06
213	11.238403	-2.8298104699481711e+07	-1.3895332813262939e-06
214	11.465730	-2.8298104699479986e+07	1.7248094081878662e-06
215	11.377922	-2.8298104699487962e+07	-7.9758465290069580e-06
216	11.196857	-2.8298104699488517e+07	-5.5506825447082520e-07
217	11.292734	-2.8298104699486379e+07	2.1383166313171387e-06
218	11.425012	-2.8298104699484810e+07	1.5683472156524658e-06
219	11.266025	-2.8298104699482288e+07	2.5220215320587158e-06
220	11.219722	-2.8298104699481465e+07	8.2328915596008301e-07
221	11.336295	-2.8298104699485861e+07	-4.3958425521850586e-06
222	11.780383	-2.8298104699484482e+07	1.3783574104309082e-06
223	11.769094	-2.8298104699480549e+07	3.9339065551757812e-06
224	11.610122	-2.8298104699484635e+07	-4.0866434574127197e-06
225	11.495644	-2.8298104699489143e+07	-4.5076012611389160e-06
226	11.246148	-2.8298104699488524e+07	6.1839818954467773e-07
227	11.443992	-2.8298104699484676e+07	3.8482248783111572e-06
228	11.280431	-2.8298104699487727e+07	-3.0510127544403076e-06
229	11.186546	-2.8298104699491914e+07	-4.1872262954711914e-06
230	11.303085	-2.8298104699490152e+07	1.7620623111724854e-06
231	11.300711	-2.8298104699483559e+07	6.5937638282775879e-06
232	11.286793	-2.8298104699479088e+07	4.4703483581542969e-06
233	11.145586	-2.8298104699479342e+07	-2.5331974029541016e-07
234	11.404052	-2.8298104699482713e+07	-3.3713877201080322e-06
235	11.341716	-2.8298104699484516e+07	-1.8030405044555664e-06
236	11.214638	-2.8298104699484386e+07	1.3038516044616699e-07
237	11.313254	-2.8298104699483760e+07	6.2584877014160156e-07
238	11.165079	-2.8298104699484769e+07	-1.0095536708831787e-06
239	11.243223	-2.8298104699483607e+07	1.1622905731201172e-06
240	11.280941	-2.8298104699482724e+07	8.8289380073547363e-07
241	11.328525	-2.8298104699480820e+07	1.9036233425140381e-06
242	11.446443	-2.8298104699479945e+07	8.7544322013854980e-07
243	11.173510	-2.8298104699484710e+07	-4.7646462917327881e-06
244	11.158523	-2.8298104699483763e+07	9.4622373580932617e-07
245	11.251079	-2.8298104699482255e+07	1.5087425708770752e-06
246	11.225524	-2.8298104699482370e+07	-1.1548399925231934e-07
247	11.265106	-2.8298104699483946e+07	-1.5757977962493896e-06
248	11.255356	-2.8298104699483782e+07	1.6391277313232422e-07
249	11.172276	-2.8298104699483406e+07	3.7625432014465332e-07
250	11.338185	-2.8298104699483667e+07	-2.6077032089233398e-07
251	11.400549	-2.8298104699483559e+07	1.0803341865539551e-07
252	11.245041	-2.8298104699482787e+07	7.7113509178161621e-07
253	11.258638	-2.8298104699485220e+07	-2.4326145648956299e-06
254	11.191038	-2.8298104699483849e+07	1.3709068298339844e-06
255	11.233880	-2.8298104699486241e+07	-2.3916363716125488e-06
256	11.281913	-2.8298104699487068e+07	-8.2701444625854492e-07
257	11.339042	-2.8298104699485157e+07	1.9110739231109619e-06
258	11.400082	-2.8298104699485987e+07	-8.3073973655700684e-07
259	11.237535	-2.8298104699485559e+07	4.2840838432312012e-07
260	11.185708	-2.8298104699486401e+07	-8.4191560745239258e-07
261	11.231022	-2.8298104699486095e+07	3.0547380447387695e-07
262	11.248727	-2.8298104699485030e+07	1.0654330253601074e-06
263	11.290369	-2.8298104699485183e+07	-1.5273690223693848e-07
264	11.277214	-2.8298104699485339e+07	-1.5646219253540039e-07
265	11.175450	-2.8298104699486077e+07	-7.3760747909545898e-07
266	11.809443	-2.8298104699486524e+07	-4.4703483581542969e-07
267	11.804961	-2.8298104699486427e+07	9.6857547760009766e-08
268	11.573955	-2.8298104699485883e+07	5.4389238357543945e-07
269	11.437377	-2.8298104699486308e+07	-4.2468309402465820e-07
270	11.400014	-2.8298104699486114e+07	1.9371509552001953e-07
271	11.406289	-2.8298104699485227e+07	8.8661909103393555e-07
272	11.490585	-2.8298104699485138e+07	8.9406967163085938e-08
273	11.225526	-2.8298104699485436e+07	-2.9802322387695312e-07
274	11.320208	-2.8298104699484412e+07	1.0244548320770264e-06
275	11.404405	-2.8298104699484173e+07	2.3841857910156250e-07
276	11.338752	-2.8298104699483998e+07	1.7508864402770996e-07
277	11.167056	-2.8298104699484121e+07	-1.2293457984924316e-07
278	11.320391	-2.8298104699484505e+07	-3.8370490074157715e-07
279	11.344631	-2.8298104699485566e+07	-1.0617077350616455e-06
280	11.217062	-2.8298104699484982e+07	5.8487057685852051e-07
281	11.215728	-2.8298104699484702e+07	2.7939677238464355e-07
282	11.208008	-2.8298104699485220e+07	-5.1781535148620605e-07
283	11.178879	-2.8298104699485075e+07	1.4528632164001465e-07
284	11.532156	-2.8298104699485317e+07	-2.4214386940002441e-07
285	11.569804	-2.8298104699484896e+07	4.2095780372619629e-07
286	11.921752	-2.8298104699484993e+07	-9.6857547760009766e-08
287	11.623542	-2.8298104699484378e+07	6.1467289924621582e-07
288	11.455784	-2.8298104699484259e+07	1.1920928955078125e-07
289	11.344989	-2.8298104699484117e+07	1.4156103134155273e-07
290	11.472824	-2.8298104699484140e+07	-2.2351741790771484e-08
291	11.478533	-2.8298104699483790e+07	3.5017728805541992e-07
292	11.203696	-2.8298104699483886e+07	-9.6857547760009766e-08
293	11.374766	-2.8298104699484091e+07	-2.0489096641540527e-07
294	11.431920	-2.8298104699484289e+07	-1.9744038581848145e-07
295	11.271710	-2.8298104699484307e+07	-1.8626451492309570e-08
296	11.198894	-2.8298104699484374e+07	-6.7055225372314453e-08
297	11.321638	-2.8298104699484751e+07	-3.7625432014465332e-07
298	11.343995	-2.8298104699484829e+07	-7.8231096267700195e-08
299	11.296380	-2.8298104699484639e+07	1.8998980522155762e-07
300	11.247749	-2.8298104699484229e+07	4.0978193283081055e-07
301	11.216644	-2.8298104699484326e+07	-9.6857547760009766e-08
302	11.224367	-2.8298104699484225e+07	1.0058283805847168e-07
303	11.488617	-2.8298104699484535e+07	-3.0919909477233887e-07
304	11.921101	-2.8298104699484564e+07	-2.9802322387695312e-08
305	12.058353	-2.8298104699484535e+07	2.9802322387695312e-08
306	11.630457	-2.8298104699484367e+07	1.6763806343078613e-07
307	11.578570	-2.8298104699484210e+07	1.5646219253540039e-07
308	11.287554	-2.8298104699484330e+07	-1.1920928955078125e-07
309	11.422138	-2.8298104699484110e+07	2.1979212760925293e-07
310	11.199257	-2.8298104699484121e+07	-1.1175870895385742e-08
311	12.004222	-2.8298104699484114e+07	7.4505805969238281e-09
312	11.716585	-2.8298104699484181e+07	-6.7055225372314453e-08
313	11.597307	-2.8298104699484229e+07	-4.8428773880004883e-08
314	11.339415	-2.8298104699484270e+07	-4.0978193283081055e-08
315	11.499125	-2.8298104699484043e+07	2.2724270820617676e-07
316	11.204599	-2.8298104699483901e+07	1.4156103134155273e-07
317	11.425507	-2.8298104699483912e+07	-1.1175870895385742e-08
318	11.442262	-2.8298104699483763e+07	1.4901161193847656e-07
319	11.294804	-2.8298104699483830e+07	-6.7055225372314453e-08
320	11.162225	-2.8298104699483782e+07	4.8428773880004883e-08
321	11.386043	-2.8298104699483782e+07	0.0000000000000000e+00
322	11.393433	-2.8298104699483786e+07	-3.7252902984619141e-09
323	11.288525	-2.8298104699483756e+07	2.9802322387695312e-08
324	11.233149	-2.8298104699483749e+07	7.4505805969238281e-09
325	11.172901	-2.8298104699483771e+07	-2.2351741790771484e-08
326	11.322641	-2.8298104699483775e+07	-3.7252902984619141e-09
327	11.406731	-2.8298104699483734e+07	4.0978193283081055e-08
328	11.415578	-2.8298104699483700e+07	3.3527612686157227e-08
329	11.219151	-2.8298104699483752e+07	-5.2154064178466797e-08
330	11.239811	-2.8298104699483749e+07	3.7252902984619141e-09
331	11.232725	-2.8298104699483726e+07	2.2351741790771484e-08
332	11.271424	-2.8298104699483790e+07	-6.3329935073852539e-08
333	11.331733	-2.8298104699483857e+07	-6.7055225372314453e-08
334	11.357917	-2.8298104699483808e+07	4.8428773880004883e-08
335	11.341821	-2.8298104699483827e+07	-1.8626451492309570e-08
336	11.208455	-2.8298104699483842e+07	-1.4901161193847656e-08
337	11.417134	-2.8298104699483823e+07	1.8626451492309570e-08
338	11.339063	-2.8298104699483853e+07	-2.9802322387695312e-08
339	11.311102	-2.8298104699483968e+07	-1.1548399925231934e-07
340	11.242807	-2.8298104699484006e+07	-3.7252902984619141e-08
341	11.212331	-2.8298104699484061e+07	-5.5879354476928711e-08
342	11.273478	-2.8298104699484061e+07	0.0000000000000000e+00
343	11.308776	-2.8298104699484091e+07	-2.9802322387695312e-08
344	11.377020	-2.8298104699484114e+07	-2.2351741790771484e-08
345	11.230619	-2.8298104699484140e+07	-2.6077032089233398e-08
346	11.274398	-2.8298104699484143e+07	-3.7252902984619141e-09
347	11.216805	-2.8298104699484129e+07	1.4901161193847656e-08
348	11.324901	-2.8298104699484136e+07	-7.4505805969238281e-09
349	11.289360	-2.8298104699484147e+07	-1.1175870895385742e-08
350	11.320067	-2.8298104699484166e+07	-1.8626451492309570e-08
351	11.301053	-2.8298104699484143e+07	2.2351741790771484e-08
352	11.189621	-2.8298104699484140e+07	3.7252902984619141e-09
353	11.390072	-2.8298104699484114e+07	2.6077032089233398e-08
354	11.401261	-2.8298104699484088e+07	2.6077032089233398e-08
355	11.303745	-2.8298104699484073e+07	1.4901161193847656e-08
356	11.247914	-2.8298104699484102e+07	-2.9802322387695312e-08
357	11.153117	-2.8298104699484076e+07	2.6077032089233398e-08
358	11.303249	-2.8298104699484102e+07	-2.6077032089233398e-08
359	11.376777	-2.8298104699484069e+07	3.3527612686157227e-08
360	11.412754	-2.8298104699484050e+07	1.8626451492309570e-08
361	11.409025	-2.8298104699484032e+07	1.8626451492309570e-08
362	11.180015	-2.8298104699484035e+07	-3.7252902984619141e-09
363	11.236242	-2.8298104699484020e+07	1.4901161193847656e-08
364	11.257221	-2.8298104699484028e+07	-7.4505805969238281e-09
365	11.302739	-2.8298104699484013e+07	1.4901161193847656e-08
366	11.305717	-2.8298104699484009e+07	3.7252902984619141e-09
367	11.252029	-2.8298104699484020e+07	-1.1175870895385742e-08
368	11.194118	-2.8298104699484002e+07	1.8626451492309570e-08
369	11.342069	-2.8298104699484009e+07	-7.4505805969238281e-09
370	11.404344	-2.8298104699483994e+07	1.4901161193847656e-08
371	11.224357	-2.8298104699483983e+07	1.1175870895385742e-08
372	11.279660	-2.8298104699483987e+07	-3.7252902984619141e-09
373	11.250858	-2.8298104699483979e+07	7.4505805969238281e-09
374	11.393023	-2.8298104699483976e+07	3.7252902984619141e-09
375	11.579516	-2.8298104699483957e+07	1.8626451492309570e-08
376	11.927857	-2.8298104699483979e+07	-2.2351741790771484e-08
377	11.476616	-2.8298104699483972e+07	7.4505805969238281e-09
378	11.424164	-2.8298104699483976e+07	-3.7252902984619141e-09
379	11.486189	-2.8298104699483976e+07	0.0000000000000000e+00
380	11.425737	-2.8298104699483972e+07	3.7252902984619141e-09
381	11.305386	-2.8298104699483976e+07	-3.7252902984619141e-09
382	11.422174	-2.8298104699483965e+07	1.1175870895385742e-08
383	11.484549	-2.8298104699483953e+07	1.1175870895385742e-08
384	11.218245	-2.8298104699483976e+07	-2.2351741790771484e-08
385	11.283361	-2.8298104699483976e+07	0.0000000000000000e+00
386	11.406894	-2.8298104699483976e+07	0.0000000000000000e+00
387	11.445739	-2.8298104699483976e+07	0.0000000000000000e+00
388	11.457752	-2.8298104699483972e+07	3.7252902984619141e-09
389	11.242717	-2.8298104699483976e+07	-3.7252902984619141e-09
390	11.210342	-2.8298104699483968e+07	7.4505805969238281e-09
391	11.256437	-2.8298104699483972e+07	-3.7252902984619141e-09
392	11.276156	-2.8298104699483976e+07	-3.7252902984619141e-09
393	11.323441	-2.8298104699483957e+07	1.8626451492309570e-08
394	11.608616	-2.8298104699483979e+07	-2.2351741790771484e-08
395	11.850772	-2.8298104699483994e+07	-1.4901161193847656e-08
396	11.513926	-2.8298104699483994e+07	0.0000000000000000e+00
397	11.386198	-2.8298104699483998e+07	-3.7252902984619141e-09
398	11.737530	-2.8298104699483983e+07	1.4901161193847656e-08
399	11.863483	-2.8298104699483994e+07	-1.1175870895385742e-08
400	11.439399	-2.8298104699484002e+07	-7.4505805969238281e-09
401	11.455296	-2.8298104699484013e+07	-1.1175870895385742e-08
402	11.451699	-2.8298104699484020e+07	-7.4505805969238281e-09
403	11.331105	-2.8298104699484020e+07	0.0000000000000000e+00
404	11.281367	-2.8298104699484020e+07	0.0000000000000000e+00
405	11.461732	-2.8298104699484028e+07	-7.4505805969238281e-09
406	11.418132	-2.8298104699484020e+07	7.4505805969238281e-09
407	11.224475	-2.8298104699484002e+07	1.8626451492309570e-08
408	11.233114	-2.8298104699484006e+07	-3.7252902984619141e-09
409	11.244578	-2.8298104699484013e+07	-7.4505805969238281e-09
410	11.332391	-2.8298104699483991e+07	2.2351741790771484e-08
411	11.354216	-2.8298104699483991e+07	0.0000000000000000e+00
412	11.339578	-2.8298104699483994e+07	-3.7252902984619141e-09
413	11.208981	-2.8298104699483976e+07	1.8626451492309570e-08
414	11.404321	-2.8298104699483987e+07	-1.1175870895385742e-08
415	11.307072	-2.8298104699484002e+07	-1.4901161193847656e-08
416	11.234146	-2.8298104699483976e+07	2.6077032089233398e-08
417	11.231218	-2.8298104699483972e+07	3.7252902984619141e-09
418	11.182624	-2.8298104699483972e+07	0.0000000000000000e+00
419	11.347343	-2.8298104699483976e+07	-3.7252902984619141e-09
420	11.385606	-2.8298104699483968e+07	7.4505805969238281e-09
421	11.290795	-2.8298104699483961e+07	7.4505805969238281e-09
422	11.261880	-2.8298104699483972e+07	-1.1175870895385742e-08
423	11.253568	-2.8298104699483968e+07	3.7252902984619141e-09
424	11.201322	-2.8298104699483972e+07	-3.7252902984619141e-09
425	11.253109	-2.8298104699483968e+07	3.7252902984619141e-09
426	11.270138	-2.8298104699483976e+07	-7.4505805969238281e-09
427	11.375865	-2.8298104699483976e+07	0.0000000000000000e+00
428	11.708346	-2.8298104699483968e+07	7.4505805969238281e-09
429	11.727430	-2.8298104699483979e+07	-1.1175870895385742e-08
430	11.543166	-2.8298104699483979e+07	0.0000000000000000e+00
431	11.238254	-2.8298104699483987e+07	-7.4505805969238281e-09
432	11.511934	-2.8298104699483972e+07	1.4901161193847656e-08
433	11.247739	-2.8298104699483979e+07	-7.4505805969238281e-09
434	11.343658	-2.8298104699483965e+07	1.4901161193847656e-08
435	11.417455	-2.8298104699483987e+07	-2.2351741790771484e-08
436	11.273460	-2.8298104699483976e+07	1.1175870895385742e-08
437	11.186031	-2.8298104699483972e+07	3.7252902984619141e-09
438	11.308388	-2.8298104699483979e+07	-7.4505805969238281e-09
439	11.381847	-2.8298104699483979e+07	0.0000000000000000e+00
440	11.433595	-2.8298104699483976e+07	3.7252902984619141e-09
441	11.182913	-2.8298104699483983e+07	-7.4505805969238281e-09
442	11.222521	-2.8298104699483976e+07	7.4505805969238281e-09
443	11.265599	-2.8298104699483972e+07	3.7252902984619141e-09
444	11.304094	-2.8298104699483965e+07	7.4505805969238281e-09
445	11.318750	-2.8298104699483957e+07	7.4505805969238281e-09
446	11.350666	-2.8298104699483965e+07	-7.4505805969238281e-09
447	11.310691	-2.8298104699483957e+07	7.4505805969238281e-09
448	11.226606	-2.8298104699483957e+07	0.0000000000000000e+00
449	11.412750	-2.8298104699483961e+07	-3.7252902984619141e-09
450	11.339151	-2.8298104699483968e+07	-7.4505805969238281e-09
451	11.258043	-2.8298104699483968e+07	0.0000000000000000e+00
452	11.224485	-2.8298104699483965e+07	3.7252902984619141e-09
453	11.183588	-2.8298104699483957e+07	7.4505805969238281e-09
454	11.295329	-2.8298104699483953e+07	3.7252902984619141e-09
455	11.366382	-2.8298104699483950e+07	3.7252902984619141e-09
456	11.442278	-2.8298104699483968e+07	-1.8626451492309570e-08
457	11.216957	-2.8298104699483972e+07	-3.7252902984619141e-09
458	11.211080	-2.8298104699483961e+07	1.1175870895385742e-08
459	11.213755	-2.8298104699483965e+07	-3.7252902984619141e-09
460	11.240397	-2.8298104699483961e+07	3.7252902984619141e-09
461	11.281487	-2.8298104699483957e+07	3.7252902984619141e-09
462	11.339458	-2.8298104699483957e+07	0.0000000000000000e+00
463	11.318363	-2.8298104699483957e+07	0.0000000000000000e+00
464	11.236938	-2.8298104699483961e+07	-3.7252902984619141e-09
465	11.368086	-2.8298104699483953e+07	7.4505805969238281e-09
466	11.363628	-2.8298104699483961e+07	-7.4505805969238281e-09
467	11.260972	-2.8298104699483972e+07	-1.1175870895385742e-08
468	11.252731	-2.8298104699483946e+07	2.6077032089233398e-08
469	11.190065	-2.8298104699483957e+07	-1.1175870895385742e-08
470	11.338010	-2.8298104699483957e+07	0.0000000000000000e+00
471	11.314554	-2.8298104699483950e+07	7.4505805969238281e-09
472	11.359954	-2.8298104699483965e+07	-1.4901161193847656e-08
473	11.228389	-2.8298104699483972e+07	-7.4505805969238281e-09
474	11.219042	-2.8298104699483957e+07	1.4901161193847656e-08
475	11.189989	-2.8298104699483957e+07	0.0000000000000000e+00
476	11.268275	-2.8298104699483950e+07	7.4505805969238281e-09
477	11.252088	-2.8298104699483957e+07	-7.4505805969238281e-09
478	11.351990	-2.8298104699483950e+07	7.4505805969238281e-09
479	11.305345	-2.8298104699483957e+07	-7.4505805969238281e-09
480	11.239343	-2.8298104699483950e+07	7.4505805969238281e-09
481	11.795508	-2.8298104699483957e+07	-7.4505805969238281e-09
482	11.719920	-2.8298104699483953e+07	3.7252902984619141e-09
483	11.510571	-2.8298104699483957e+07	-3.7252902984619141e-09
484	11.291763	-2.8298104699483950e+07	7.4505805969238281e-09
485	11.483157	-2.8298104699483950e+07	0.0000000000000000e+00
486	11.204856	-2.8298104699483953e+07	-3.7252902984619141e-09
487	11.440399	-2.8298104699483957e+07	-3.7252902984619141e-09
488	11.417862	-2.8298104699483957e+07	0.0000000000000000e+00
489	11.311880	-2.8298104699483965e+07	-7.4505805969238281e-09
490	11.190697	-2.8298104699483950e+07	1.4901161193847656e-08
491	11.357263	-2.8298104699483957e+07	-7.4505805969238281e-09
492	11.333817	-2.8298104699483957e+07	0.0000000000000000e+00
493	11.271014	-2.8298104699483961e+07	-3.7252902984619141e-09
494	11.252830	-2.8298104699483953e+07	7.4505805969238281e-09
495	11.175625	-2.8298104699483953e+07	0.0000000000000000e+00
496	11.286653	-2.8298104699483950e+07	3.7252902984619141e-09
497	11.330655	-2.8298104699483961e+07	-1.1175870895385742e-08
498	11.376606	-2.8298104699483950e+07	1.1175870895385742e-08
499	11.256962	-2.8298104699483953e+07	-3.7252902984619141e-09
500	11.218887	-2.8298104699483939e+07	1.4901161193847656e-08
501	11.201422	-2.8298104699483942e+07	-3.7252902984619141e-09
502	11.254275	-2.8298104699483946e+07	-3.7252902984619141e-09
503	11.224317	-2.8298104699483946e+07	0.0000000000000000e+00
504	11.338516	-2.8298104699483953e+07	-7.4505805969238281e-09
505	11.260834	-2.8298104699483950e+07	3.7252902984619141e-09
506	11.149158	-2.8298104699483946e+07	3.7252902984619141e-09
507	11.408228	-2.8298104699483946e+07	0.0000000000000000e+00
508	11.375966	-2.8298104699483942e+07	3.7252902984619141e-09
509	11.230252	-2.8298104699483946e+07	-3.7252902984619141e-09
510	11.264236	-2.8298104699483950e+07	-3.7252902984619141e-09
511	11.173381	-2.8298104699483957e+07	-7.4505805969238281e-09
512	11.263185	-2.8298104699483965e+07	-7.4505805969238281e-09
513	11.281195	-2.8298104699483968e+07	-3.7252902984619141e-09
514	11.412615	-2.8298104699483972e+07	-3.7252902984619141e-09
515	11.426879	-2.8298104699483961e+07	1.1175870895385742e-08
516	11.185843	-2.8298104699483965e+07	-3.7252902984619141e-09
517	11.187924	-2.8298104699483968e+07	-3.7252902984619141e-09
518	11.258586	-2.8298104699483961e+07	7.4505805969238281e-09
519	11.214226	-2.8298104699483950e+07	1.1175870895385742e-08
520	11.286712	-2.8298104699483950e+07	0.0000000000000000e+00
521	11.270828	-2.8298104699483953e+07	-3.7252902984619141e-09
522	11.182142	-2.8298104699483957e+07	-3.7252902984619141e-09
523	11.344734	-2.8298104699483961e+07	-3.7252902984619141e-09
524	11.359903	-2.8298104699483961e+07	0.0000000000000000e+00
525	11.212265	-2.8298104699483953e+07	7.4505805969238281e-09
526	11.268123	-2.8298104699483957e+07	-3.7252902984619141e-09
527	11.161898	-2.8298104699483957e+07	0.0000000000000000e+00
528	11.264332	-2.8298104699483961e+07	-3.7252902984619141e-09
529	11.296297	-2.8298104699483950e+07	1.1175870895385742e-08
530	11.338753	-2.8298104699483968e+07	-1.8626451492309570e-08
531	11.383549	-2.8298104699483957e+07	1.1175870895385742e-08
532	11.237494	-2.8298104699483965e+07	-7.4505805969238281e-09
533	11.192525	-2.8298104699483953e+07	1.1175870895385742e-08
534	11.305242	-2.8298104699483961e+07	-7.4505805969238281e-09
535	11.235143	-2.8298104699483946e+07	1.4901161193847656e-08
536	11.283979	-2.8298104699483957e+07	-1.1175870895385742e-08
537	11.254445	-2.8298104699483965e+07	-7.4505805969238281e-09
538	11.185815	-2.8298104699483942e+07	2.2351741790771484e-08
539	11.385721	-2.8298104699483942e+07	0.0000000000000000e+00
540	11.405514	-2.8298104699483953e+07	-1.1175870895385742e-08
541	11.271374	-2.8298104699483942e+07	1.1175870895385742e-08
542	11.273724	-2.8298104699483961e+07	-1.8626451492309570e-08
543	11.215420	-2.8298104699483946e+07	1.4901161193847656e-08
544	11.192271	-2.8298104699483946e+07	0.0000000000000000e+00
545	11.248864	-2.8298104699483950e+07	-3.7252902984619141e-09
546	11.361253	-2.8298104699483957e+07	-7.4505805969238281e-09
547	11.377523	-2.8298104699483942e+07	1.4901161193847656e-08
548	11.369788	-2.8298104699483953e+07	-1.1175870895385742e-08
549	11.128285	-2.8298104699483939e+07	1.4901161193847656e-08
550	11.302514	-2.8298104699483957e+07	-1.8626451492309570e-08
551	11.242788	-2.8298104699483946e+07	1.1175870895385742e-08
552	11.246185	-2.8298104699483961e+07	-1.4901161193847656e-08
553	11.211592	-2.8298104699483950e+07	1.1175870895385742e-08
554	11.201844	-2.8298104699483961e+07	-1.1175870895385742e-08
555	11.331588	-2.8298104699483965e+07	-3.7252902984619141e-09
556	11.372109	-2.8298104699483965e+07	0.0000000000000000e+00
557	11.286900	-2.8298104699483957e+07	7.4505805969238281e-09
558	11.182877	-2.8298104699483957e+07	0.0000000000000000e+00
559	11.250416	-2.8298104699483953e+07	3.7252902984619141e-09
560	11.212300	-2.8298104699483953e+07	0.0000000000000000e+00
561	11.215829	-2.8298104699483961e+07	-7.4505805969238281e-09
562	11.282895	-2.8298104699483961e+07	0.0000000000000000e+00
563	11.303830	-2.8298104699483957e+07	3.7252902984619141e-09
564	11.296155	-2.8298104699483961e+07	-3.7252902984619141e-09
565	11.196587	-2.8298104699483961e+07	0.0000000000000000e+00
566	11.376841	-2.8298104699483965e+07	-3.7252902984619141e-09
567	11.315203	-2.8298104699483961e+07	3.7252902984619141e-09
568	11.249101	-2.8298104699483972e+07	-1.1175870895385742e-08
569	11.194429	-2.8298104699483968e+07	3.7252902984619141e-09
570	11.114712	-2.8298104699483965e+07	3.7252902984619141e-09
571	11.289953	-2.8298104699483961e+07	3.7252902984619141e-09
572	11.347680	-2.8298104699483976e+07	-1.4901161193847656e-08
573	11.417737	-2.8298104699483968e+07	7.4505805969238281e-09
574	11.237316	-2.8298104699483965e+07	3.7252902984619141e-09
575	11.172008	-2.8298104699483972e+07	-7.4505805969238281e-09
576	11.213097	-2.8298104699483968e+07	3.7252902984619141e-09
577	11.210686	-2.8298104699483968e+07	0.0000000000000000e+00
578	11.280373	-2.8298104699483968e+07	0.0000000000000000e+00
579	11.287124	-2.8298104699483979e+07	-1.1175870895385742e-08
580	11.314759	-2.8298104699483972e+07	7.4505805969238281e-09
581	11.156295	-2.8298104699483961e+07	1.1175870895385742e-08
582	11.332849	-2.8298104699483965e+07	-3.7252902984619141e-09
583	11.347110	-2.8298104699483972e+07	-7.4505805969238281e-09
584	11.240591	-2.8298104699483972e+07	0.0000000000000000e+00
585	11.233489	-2.8298104699483972e+07	0.0000000000000000e+00
586	11.158419	-2.8298104699483968e+07	3.7252902984619141e-09
587	11.264972	-2.8298104699483972e+07	-3.7252902984619141e-09
588	11.318271	-2.8298104699483979e+07	-7.4505805969238281e-09
589	11.380887	-2.8298104699483976e+07	3.7252902984619141e-09
590	11.419927	-2.8298104699483972e+07	3.7252902984619141e-09
591	11.202596	-2.8298104699483976e+07	-3.7252902984619141e-09
592	11.211822	-2.8298104699483961e+07	1.4901161193847656e-08
593	11.268566	-2.8298104699483972e+07	-1.1175870895385742e-08
594	11.225025	-2.8298104699483979e+07	-7.4505805969238281e-09
595	11.272018	-2.8298104699483976e+07	3.7252902984619141e-09
596	11.288749	-2.8298104699483976e+07	0.0000000000000000e+00
597	11.214334	-2.8298104699483983e+07	-7.4505805969238281e-09
598	11.371383	-2.8298104699483972e+07	1.1175870895385742e-08
599	11.385888	-2.8298104699483976e+07	-3.7252902984619141e-09
600	11.220807	-2.8298104699483979e+07	-3.7252902984619141e-09
601	11.235057	-2.8298104699483979e+07	0.0000000000000000e+00
602	11.226388	-2.8298104699483968e+07	1.1175870895385742e-08
603	11.243209	-2.8298104699483961e+07	7.4505805969238281e-09
604	11.323984	-2.8298104699483953e+07	7.4505805969238281e-09
605	11.319646	-2.8298104699483968e+07	-1.4901161193847656e-08
606	11.407702	-2.8298104699483965e+07	3.7252902984619141e-09
607	11.213451	-2.8298104699483961e+07	3.7252902984619141e-09
608	11.174654	-2.8298104699483961e+07	0.0000000000000000e+00
609	11.276528	-2.8298104699483953e+07	7.4505805969238281e-09
610	11.293510	-2.8298104699483961e+07	-7.4505805969238281e-09
611	11.210826	-2.8298104699483957e+07	3.7252902984619141e-09
612	11.256243	-2.8298104699483961e+07	-3.7252902984619141e-09
613	11.151408	-2.8298104699483957e+07	3.7252902984619141e-09
614	11.371175	-2.8298104699483961e+07	-3.7252902984619141e-09
615	11.405875	-2.8298104699483968e+07	-7.4505805969238281e-09
616	11.229244	-2.8298104699483965e+07	3.7252902984619141e-09
617	11.265943	-2.8298104699483961e+07	3.7252902984619141e-09
618	11.221175	-2.8298104699483972e+07	-1.1175870895385742e-08
619	11.216567	-2.8298104699483968e+07	3.7252902984619141e-09
620	11.280840	-2.8298104699483972e+07	-3.7252902984619141e-09
621	11.299411	-2.8298104699483965e+07	7.4505805969238281e-09
622	11.354907	-2.8298104699483965e+07	0.0000000000000000e+00
623	11.335958	-2.8298104699483976e+07	-1.1175870895385742e-08
624	11.185164	-2.8298104699483972e+07	3.7252902984619141e-09
625	11.315213	-2.8298104699483972e+07	0.0000000000000000e+00
626	11.219210	-2.8298104699483976e+07	-3.7252902984619141e-09
627	11.298188	-2.8298104699483968e+07	7.4505805969238281e-09
628	11.227979	-2.8298104699483972e+07	-3.7252902984619141e-09
629	11.166286	-2.8298104699483972e+07	0.0000000000000000e+00
630	11.317969	-2.8298104699483965e+07	7.4505805969238281e-09
631	11.434224	-2.8298104699483976e+07	-1.1175870895385742e-08
632	11.242614	-2.8298104699483976e+07	0.0000000000000000e+00
633	11.267999	-2.8298104699483968e+07	7.4505805969238281e-09
634	11.221400	-2.8298104699483961e+07	7.4505805969238281e-09
635	11.219128	-2.8298104699483961e+07	0.0000000000000000e+00
636	11.258464	-2.8298104699483965e+07	-3.7252902984619141e-09
637	11.277605	-2.8298104699483968e+07	-3.7252902984619141e-09
638	11.366541	-2.8298104699483972e+07	-3.7252902984619141e-09
639	11.315368	-2.8298104699483972e+07	0.0000000000000000e+00
640	11.183684	-2.8298104699483968e+07	3.7252902984619141e-09
641	11.366456	-2.8298104699483965e+07	3.7252902984619141e-09
642	11.289693	-2.8298104699483961e+07	3.7252902984619141e-09
643	11.292215	-2.8298104699483965e+07	-3.7252902984619141e-09
644	11.234096	-2.8298104699483965e+07	0.0000000000000000e+00
645	11.253128	-2.8298104699483961e+07	3.7252902984619141e-09
646	11.340169	-2.8298104699483961e+07	0.0000000000000000e+00
647	11.376071	-2.8298104699483957e+07	3.7252902984619141e-09
648	11.460091	-2.8298104699483961e+07	-3.7252902984619141e-09
649	11.234433	-2.8298104699483957e+07	3.7252902984619141e-09
650	11.264701	-2.8298104699483946e+07	1.1175870895385742e-08
651	11.224116	-2.8298104699483968e+07	-2.2351741790771484e-08
652	11.270977	-2.8298104699483968e+07	0.0000000000000000e+00
653	11.237102	-2.8298104699483961e+07	7.4505805969238281e-09
654	11.398905	-2.8298104699483957e+07	3.7252902984619141e-09
655	11.343491	-2.8298104699483953e+07	3.7252902984619141e-09
656	11.166535	-2.8298104699483972e+07	-1.8626451492309570e-08
657	11.371261	-2.8298104699483961e+07	1.1175870895385742e-08
658	11.338050	-2.8298104699483950e+07	1.1175870895385742e-08
659	11.217362	-2.8298104699483953e+07	-3.7252902984619141e-09
660	11.240005	-2.8298104699483961e+07	-7.4505805969238281e-09
661	11.164173	-2.8298104699483953e+07	7.4505805969238281e-09
662	11.321933	-2.8298104699483961e+07	-7.4505805969238281e-09
663	11.358253	-2.8298104699483957e+07	3.7252902984619141e-09
664	11.445853	-2.8298104699483950e+07	7.4505805969238281e-09
665	11.278443	-2.8298104699483953e+07	-3.7252902984619141e-09
666	11.214319	-2.8298104699483957e+07	-3.7252902984619141e-09
667	11.263621	-2.8298104699483965e+07	-7.4505805969238281e-09
668	11.290613	-2.8298104699483957e+07	7.4505805969238281e-09
669	11.263315	-2.8298104699483957e+07	0.0000000000000000e+00
670	11.343232	-2.8298104699483957e+07	0.0000000000000000e+00
671	11.320955	-2.8298104699483957e+07	0.0000000000000000e+00
672	11.181852	-2.8298104699483950e+07	7.4505805969238281e-09
673	11.383038	-2.8298104699483957e+07	-7.4505805969238281e-09
674	11.355130	-2.8298104699483961e+07	-3.7252902984619141e-09
675	11.238436	-2.8298104699483953e+07	7.4505805969238281e-09
676	11.235903	-2.8298104699483957e+07	-3.7252902984619141e-09
677	11.185736	-2.8298104699483961e+07	-3.7252902984619141e-09
678	11.277852	-2.8298104699483972e+07	-1.1175870895385742e-08
679	11.343726	-2.8298104699483961e+07	1.1175870895385742e-08
680	11.365151	-2.8298104699483965e+07	-3.7252902984619141e-09
681	11.250305	-2.8298104699483961e+07	3.7252902984619141e-09
682	11.217589	-2.8298104699483961e+07	0.0000000000000000e+00
683	11.162068	-2.8298104699483965e+07	-3.7252902984619141e-09
684	11.293531	-2.8298104699483957e+07	7.4505805969238281e-09
685	11.231056	-2.8298104699483965e+07	-7.4505805969238281e-09
686	11.286093	-2.8298104699483961e+07	3.7252902984619141e-09
687	11.278214	-2.8298104699483957e+07	3.7252902984619141e-09
688	11.166806	-2.8298104699483961e+07	-3.7252902984619141e-09
689	11.384600	-2.8298104699483965e+07	-3.7252902984619141e-09
690	11.370356	-2.8298104699483957e+07	7.4505805969238281e-09
691	11.266926	-2.8298104699483957e+07	0.0000000000000000e+00
692	11.221930	-2.8298104699483957e+07	0.0000000000000000e+00
693	11.141151	-2.8298104699483957e+07	0.0000000000000000e+00
694	11.256714	-2.8298104699483957e+07	0.0000000000000000e+00
695	11.276209	-2.8298104699483961e+07	-3.7252902984619141e-09
696	11.375503	-2.8298104699483972e+07	-1.1175870895385742e-08
697	11.386353	-2.8298104699483965e+07	7.4505805969238281e-09
698	11.184325	-2.8298104699483965e+07	0.0000000000000000e+00
699	11.137166	-2.8298104699483953e+07	1.1175870895385742e-08
700	11.254702	-2.8298104699483953e+07	0.0000000000000000e+00
701	11.238523	-2.8298104699483957e+07	-3.7252902984619141e-09
702	11.250447	-2.8298104699483950e+07	7.4505805969238281e-09
703	11.238915	-2.8298104699483972e+07	-2.2351741790771484e-08
704	11.174965	-2.8298104699483965e+07	7.4505805969238281e-09
705	11.412955	-2.8298104699483961e+07	3.7252902984619141e-09
706	11.358799	-2.8298104699483965e+07	-3.7252902984619141e-09
707	11.233711	-2.8298104699483972e+07	-7.4505805969238281e-09
708	11.356015	-2.8298104699483957e+07	1.4901161193847656e-08
709	11.197035	-2.8298104699483961e+07	-3.7252902984619141e-09
710	11.268914	-2.8298104699483976e+07	-1.4901161193847656e-08
711	11.304981	-2.8298104699483950e+07	2.6077032089233398e-08
712	11.355370	-2.8298104699483957e+07	-7.4505805969238281e-09
713	11.385477	-2.8298104699483972e+07	-1.4901161193847656e-08
714	11.205831	-2.8298104699483961e+07	1.1175870895385742e-08
715	11.181925	-2.8298104699483968e+07	-7.4505805969238281e-09
716	11.319395	-2.8298104699483950e+07	1.8626451492309570e-08
717	11.281090	-2.8298104699483946e+07	3.7252902984619141e-09
718	11.283021	-2.8298104699483953e+07	-7.4505805969238281e-09
719	11.334462	-2.8298104699483953e+07	0.0000000000000000e+00
720	11.169272	-2.8298104699483953e+07	0.0000000000000000e+00
721	11.342398	-2.8298104699483953e+07	0.0000000000000000e+00
722	11.419096	-2.8298104699483965e+07	-1.1175870895385742e-08
723	11.265315	-2.8298104699483965e+07	0.0000000000000000e+00
724	11.245101	-2.8298104699483957e+07	7.4505805969238281e-09
725	11.182756	-2.8298104699483953e+07	3.7252902984619141e-09
726	11.221734	-2.8298104699483957e+07	-3.7252902984619141e-09
727	11.252181	-2.8298104699483968e+07	-1.1175870895385742e-08
728	11.378677	-2.8298104699483968e+07	0.0000000000000000e+00
729	11.401182	-2.8298104699483957e+07	1.1175870895385742e-08
730	11.328999	-2.8298104699483965e+07	-7.4505805969238281e-09
731	11.183991	-2.8298104699483946e+07	1.8626451492309570e-08
732	11.323776	-2.8298104699483968e+07	-2.2351741790771484e-08
733	11.256434	-2.8298104699483946e+07	2.2351741790771484e-08
734	11.259583	-2.8298104699483961e+07	-1.4901161193847656e-08
735	11.236885	-2.8298104699483957e+07	3.7252902984619141e-09
736	11.180877	-2.8298104699483961e+07	-3.7252902984619141e-09
737	11.321077	-2.8298104699483953e+07	7.4505805969238281e-09
738	11.354548	-2.8298104699483965e+07	-1.1175870895385742e-08
739	11.284893	-2.8298104699483957e+07	7.4505805969238281e-09
740	11.183310	-2.8298104699483965e+07	-7.4505805969238281e-09
741	11.206781	-2.8298104699483961e+07	3.7252902984619141e-09
742	11.230984	-2.8298104699483953e+07	7.4505805969238281e-09
743	11.298159	-2.8298104699483957e+07	-3.7252902984619141e-09
744	11.288443	-2.8298104699483950e+07	7.4505805969238281e-09
745	11.328881	-2.8298104699483953e+07	-3.7252902984619141e-09
746	11.296502	-2.8298104699483972e+07	-1.8626451492309570e-08
747	11.179161	-2.8298104699483972e+07	0.0000000000000000e+00
748	11.354888	-2.8298104699483961e+07	1.1175870895385742e-08
749	11.322530	-2.8298104699483961e+07	0.0000000000000000e+00
750	11.203794	-2.8298104699483965e+07	-3.7252902984619141e-09
751	11.226706	-2.8298104699483968e+07	-3.7252902984619141e-09
752	11.229134	-2.8298104699483965e+07	3.7252902984619141e-09
753	11.316203	-2.8298104699483957e+07	7.4505805969238281e-09
754	11.341222	-2.8298104699483961e+07	-3.7252902984619141e-09
755	11.437895	-2.8298104699483953e+07	7.4505805969238281e-09
756	11.221083	-2.8298104699483953e+07	0.0000000000000000e+00
757	11.247226	-2.8298104699483946e+07	7.4505805969238281e-09
758	11.190511	-2.8298104699483946e+07	0.0000000000000000e+00
759	11.263760	-2.8298104699483946e+07	0.0000000000000000e+00
760	11.337651	-2.8298104699483942e+07	3.7252902984619141e-09
761	11.334907	-2.8298104699483942e+07	0.0000000000000000e+00
762	11.353932	-2.8298104699483953e+07	-1.1175870895385742e-08
763	11.236672	-2.8298104699483961e+07	-7.4505805969238281e-09
764	11.350319	-2.8298104699483950e+07	1.1175870895385742e-08
765	11.326369	-2.8298104699483946e+07	3.7252902984619141e-09
766	11.281956	-2.8298104699483953e+07	-7.4505805969238281e-09
767	11.220127	-2.8298104699483953e+07	0.0000000000000000e+00
768	11.212720	-2.8298104699483976e+07	-2.2351741790771484e-08
769	11.270436	-2.8298104699483976e+07	0.0000000000000000e+00
770	11.358130	-2.8298104699483965e+07	1.1175870895385742e-08
771	11.394125	-2.8298104699483968e+07	-3.7252902984619141e-09
772	11.237649	-2.8298104699483972e+07	-3.7252902984619141e-09
773	11.241770	-2.8298104699483965e+07	7.4505805969238281e-09
774	11.243131	-2.8298104699483976e+07	-1.1175870895385742e-08
775	11.224494	-2.8298104699483972e+07	3.7252902984619141e-09
776	11.280486	-2.8298104699483968e+07	3.7252902984619141e-09
777	11.316292	-2.8298104699483968e+07	0.0000000000000000e+00
778	11.316347	-2.8298104699483961e+07	7.4505805969238281e-09
779	11.202310	-2.8298104699483979e+07	-1.8626451492309570e-08
780	11.341719	-2.8298104699483965e+07	1.4901161193847656e-08
781	11.383644	-2.8298104699483953e+07	1.1175870895385742e-08
782	11.247871	-2.8298104699483957e+07	-3.7252902984619141e-09
783	11.224782	-2.8298104699483972e+07	-1.4901161193847656e-08
784	11.253029	-2.8298104699483950e+07	2.2351741790771484e-08
785	11.228742	-2.8298104699483965e+07	-1.4901161193847656e-08
786	11.294774	-2.8298104699483957e+07	7.4505805969238281e-09
787	11.370173	-2.8298104699483965e+07	-7.4505805969238281e-09
788	11.430147	-2.8298104699483972e+07	-7.4505805969238281e-09
789	11.208563	-2.8298104699483968e+07	3.7252902984619141e-09
790	11.189863	-2.8298104699483957e+07	1.1175870895385742e-08
791	11.248301	-2.8298104699483957e+07	0.0000000000000000e+00
792	11.319384	-2.8298104699483950e+07	7.4505805969238281e-09
793	11.281360	-2.8298104699483950e+07	0.0000000000000000e+00
794	11.305253	-2.8298104699483953e+07	-3.7252902984619141e-09
795	11.188798	-2.8298104699483950e+07	3.7252902984619141e-09
796	11.377392	-2.8298104699483965e+07	-1.4901161193847656e-08
797	11.398953	-2.8298104699483968e+07	-3.7252902984619141e-09
798	11.259930	-2.8298104699483950e+07	1.8626451492309570e-08
799	11.276752	-2.8298104699483968e+07	-1.8626451492309570e-08
800	11.185546	-2.8298104699483968e+07	0.0000000000000000e+00
801	11.226822	-2.8298104699483972e+07	-3.7252902984619141e-09
802	11.347136	-2.8298104699483953e+07	1.8626451492309570e-08
803	11.353669	-2.8298104699483965e+07	-1.1175870895385742e-08
804	11.378047	-2.8298104699483946e+07	1.8626451492309570e-08
805	11.225829	-2.8298104699483953e+07	-7.4505805969238281e-09
806	11.194470	-2.8298104699483950e+07	3.7252902984619141e-09
807	11.237777	-2.8298104699483953e+07	-3.7252902984619141e-09
808	11.219000	-2.8298104699483950e+07	3.7252902984619141e-09
809	11.284792	-2.8298104699483946e+07	3.7252902984619141e-09
810	11.327885	-2.8298104699483950e+07	-3.7252902984619141e-09
811	11.225211	-2.8298104699483942e+07	7.4505805969238281e-09
812	11.359278	-2.8298104699483957e+07	-1.4901161193847656e-08
813	11.444711	-2.8298104699483942e+07	1.4901161193847656e-08
814	11.292361	-2.8298104699483946e+07	-3.7252902984619141e-09
815	11.260973	-2.8298104699483953e+07	-7.4505805969238281e-09
816	11.211732	-2.8298104699483968e+07	-1.4901161193847656e-08
817	11.294614	-2.8298104699483950e+07	1.8626451492309570e-08
818	11.284354	-2.8298104699483965e+07	-1.4901161193847656e-08
819	11.353489	-2.8298104699483953e+07	1.1175870895385742e-08
820	11.488766	-2.8298104699483953e+07	0.0000000000000000e+00
821	11.238005	-2.8298104699483968e+07	-1.4901161193847656e-08
822	11.158130	-2.8298104699483953e+07	1.4901161193847656e-08
823	11.284010	-2.8298104699483965e+07	-1.1175870895385742e-08
824	11.262027	-2.8298104699483961e+07	3.7252902984619141e-09
825	11.229185	-2.8298104699483957e+07	3.7252902984619141e-09
826	11.320021	-2.8298104699483953e+07	3.7252902984619141e-09
827	11.202193	-2.8298104699483965e+07	-1.1175870895385742e-08
828	11.350534	-2.8298104699483957e+07	7.4505805969238281e-09
829	11.394672	-2.8298104699483961e+07	-3.7252902984619141e-09
830	11.220805	-2.8298104699483961e+07	0.0000000000000000e+00
831	11.237418	-2.8298104699483968e+07	-7.4505805969238281e-09
832	11.168084	-2.8298104699483965e+07	3.7252902984619141e-09
833	11.236715	-2.8298104699483961e+07	3.7252902984619141e-09
834	11.256917	-2.8298104699483968e+07	-7.4505805969238281e-09
835	11.280939	-2.8298104699483968e+07	0.0000000000000000e+00
836	11.418219	-2.8298104699483957e+07	1.1175870895385742e-08
837	11.362361	-2.8298104699483950e+07	7.4505805969238281e-09
838	11.209364	-2.8298104699483968e+07	-1.8626451492309570e-08
839	11.313026	-2.8298104699483961e+07	7.4505805969238281e-09
840	11.263030	-2.8298104699483972e+07	-1.1175870895385742e-08
841	11.204708	-2.8298104699483961e+07	1.1175870895385742e-08
842	11.268407	-2.8298104699483961e+07	0.0000000000000000e+00
843	11.220076	-2.8298104699483961e+07	0.0000000000000000e+00
844	11.322057	-2.8298104699483961e+07	0.0000000000000000e+00
845	11.402409	-2.8298104699483961e+07	0.0000000000000000e+00
846	11.307789	-2.8298104699483950e+07	1.1175870895385742e-08
847	11.289501	-2.8298104699483953e+07	-3.7252902984619141e-09
848	11.233886	-2.8298104699483961e+07	-7.4505805969238281e-09
849	11.216722	-2.8298104699483961e+07	0.0000000000000000e+00
850	11.312896	-2.8298104699483961e+07	0.0000000000000000e+00
851	11.283023	-2.8298104699483957e+07	3.7252902984619141e-09
852	11.405668	-2.8298104699483957e+07	0.0000000000000000e+00
853	11.366043	-2.8298104699483953e+07	3.7252902984619141e-09
854	11.149992	-2.8298104699483957e+07	-3.7252902984619141e-09
855	11.300094	-2.8298104699483953e+07	3.7252902984619141e-09
856	11.257689	-2.8298104699483957e+07	-3.7252902984619141e-09
857	11.233584	-2.8298104699483950e+07	7.4505805969238281e-09
858	11.249504	-2.8298104699483950e+07	0.0000000000000000e+00
859	11.171823	-2.8298104699483968e+07	-1.8626451492309570e-08
860	11.313910	-2.8298104699483953e+07	1.4901161193847656e-08
861	11.355969	-2.8298104699483942e+07	1.1175870895385742e-08
862	11.258909	-2.8298104699483946e+07	-3.7252902984619141e-09
863	11.227007	-2.8298104699483968e+07	-2.2351741790771484e-08
864	11.233364	-2.8298104699483968e+07	0.0000000000000000e+00
865	11.202822	-2.8298104699483961e+07	7.4505805969238281e-09
866	11.230114	-2.8298104699483961e+07	0.0000000000000000e+00
867	11.305134	-2.8298104699483946e+07	1.4901161193847656e-08
868	11.278621	-2.8298104699483953e+07	-7.4505805969238281e-09
869	11.269858	-2.8298104699483961e+07	-7.4505805969238281e-09
870	11.211991	-2.8298104699483961e+07	0.0000000000000000e+00
871	11.330224	-2.8298104699483957e+07	3.7252902984619141e-09
872	11.281008	-2.8298104699483957e+07	0.0000000000000000e+00
873	11.216574	-2.8298104699483950e+07	7.4505805969238281e-09
874	11.176210	-2.8298104699483957e+07	-7.4505805969238281e-09
875	11.108405	-2.8298104699483957e+07	0.0000000000000000e+00
876	11.244690	-2.8298104699483961e+07	-3.7252902984619141e-09
877	11.257067	-2.8298104699483965e+07	-3.7252902984619141e-09
878	11.375001	-2.8298104699483961e+07	3.7252902984619141e-09
879	11.140721	-2.8298104699483965e+07	-3.7252902984619141e-09
880	11.142427	-2.8298104699483961e+07	3.7252902984619141e-09
881	11.097624	-2.8298104699483961e+07	0.0000000000000000e+00
882	11.176324	-2.8298104699483961e+07	0.0000000000000000e+00
883	11.222100	-2.8298104699483961e+07	0.0000000000000000e+00
884	11.257014	-2.8298104699483950e+07	1.1175870895385742e-08
885	11.222024	-2.8298104699483961e+07	-1.1175870895385742e-08
886	11.157038	-2.8298104699483961e+07	0.0000000000000000e+00
887	11.282836	-2.8298104699483972e+07	-1.1175870895385742e-08
888	11.349504	-2.8298104699483968e+07	3.7252902984619141e-09
889	11.193154	-2.8298104699483972e+07	-3.7252902984619141e-09
890	11.200183	-2.8298104699483976e+07	-3.7252902984619141e-09
891	11.157517	-2.8298104699483979e+07	-3.7252902984619141e-09
892	11.192145	-2.8298104699483972e+07	7.4505805969238281e-09
893	11.279450	-2.8298104699483976e+07	-3.7252902984619141e-09
894	11.322821	-2.8298104699483968e+07	7.4505805969238281e-09
895	11.353122	-2.8298104699483965e+07	3.7252902984619141e-09
896	11.306834	-2.8298104699483965e+07	0.0000000000000000e+00
897	11.120189	-2.8298104699483979e+07	-1.4901161193847656e-08
898	11.294175	-2.8298104699483961e+07	1.8626451492309570e-08
899	11.202751	-2.8298104699483976e+07	-1.4901161193847656e-08
900	11.199388	-2.8298104699483972e+07	3.7252902984619141e-09
901	11.246283	-2.8298104699483961e+07	1.1175870895385742e-08
902	11.155761	-2.8298104699483968e+07	-7.4505805969238281e-09
903	11.270325	-2.8298104699483965e+07	3.7252902984619141e-09
904	11.306588	-2.8298104699483965e+07	0.0000000000000000e+00
905	11.285102	-2.8298104699483972e+07	-7.4505805969238281e-09
906	11.180102	-2.8298104699483961e+07	1.1175870895385742e-08
907	11.152567	-2.8298104699483968e+07	-7.4505805969238281e-09
908	11.177248	-2.8298104699483965e+07	3.7252902984619141e-09
909	11.234279	-2.8298104699483968e+07	-3.7252902984619141e-09
910	11.260772	-2.8298104699483965e+07	3.7252902984619141e-09
911	11.308740	-2.8298104699483968e+07	-3.7252902984619141e-09
912	11.288293	-2.8298104699483965e+07	3.7252902984619141e-09
913	11.117384	-2.8298104699483957e+07	7.4505805969238281e-09
914	11.360666	-2.8298104699483953e+07	3.7252902984619141e-09
915	11.253003	-2.8298104699483957e+07	-3.7252902984619141e-09
916	11.194601	-2.8298104699483965e+07	-7.4505805969238281e-09
917	11.176086	-2.8298104699483965e+07	0.0000000000000000e+00
918	11.138907	-2.8298104699483968e+07	-3.7252902984619141e-09
919	11.206022	-2.8298104699483961e+07	7.4505805969238281e-09
920	11.297270	-2.8298104699483961e+07	0.0000000000000000e+00
921	11.367520	-2.8298104699483968e+07	-7.4505805969238281e-09
922	11.166151	-2.8298104699483961e+07	7.4505805969238281e-09
923	11.200440	-2.8298104699483965e+07	-3.7252902984619141e-09
924	11.132459	-2.8298104699483965e+07	0.0000000000000000e+00
925	11.213663	-2.8298104699483968e+07	-3.7252902984619141e-09
926	11.169677	-2.8298104699483942e+07	2.6077032089233398e-08
927	11.228916	-2.8298104699483965e+07	-2.2351741790771484e-08
928	11.254944	-2.8298104699483957e+07	7.4505805969238281e-09
929	11.136388	-2.8298104699483965e+07	-7.4505805969238281e-09
930	11.289096	-2.8298104699483961e+07	3.7252902984619141e-09
931	11.335681	-2.8298104699483965e+07	-3.7252902984619141e-09
932	11.169115	-2.8298104699483965e+07	0.0000000000000000e+00
933	11.220114	-2.8298104699483946e+07	1.8626451492309570e-08
934	11.131001	-2.8298104699483968e+07	-2.2351741790771484e-08
935	11.193023	-2.8298104699483965e+07	3.7252902984619141e-09
936	11.251412	-2.8298104699483972e+07	-7.4505805969238281e-09
937	11.261856	-2.8298104699483968e+07	3.7252902984619141e-09
938	11.302649	-2.8298104699483961e+07	7.4505805969238281e-09
939	11.349641	-2.8298104699483961e+07	0.0000000000000000e+00
940	11.090332	-2.8298104699483965e+07	-3.7252902984619141e-09
941	11.241592	-2.8298104699483976e+07	-1.1175870895385742e-08
942	11.198458	-2.8298104699483965e+07	1.1175870895385742e-08
943	11.169080	-2.8298104699483965e+07	0.0000000000000000e+00
944	11.193325	-2.8298104699483957e+07	7.4505805969238281e-09
945	11.162188	-2.8298104699483972e+07	-1.4901161193847656e-08
946	11.267514	-2.8298104699483961e+07	1.1175870895385742e-08
947	11.337182	-2.8298104699483957e+07	3.7252902984619141e-09
948	11.241003	-2.8298104699483957e+07	0.0000000000000000e+00
949	11.154136	-2.8298104699483961e+07	-3.7252902984619141e-09
950	11.175445	-2.8298104699483961e+07	0.0000000000000000e+00
951	11.152131	-2.8298104699483950e+07	1.1175870895385742e-08
952	11.212647	-2.8298104699483965e+07	-1.4901161193847656e-08
953	11.233028	-2.8298104699483961e+07	3.7252902984619141e-09
954	11.282412	-2.8298104699483957e+07	3.7252902984619141e-09
955	11.264984	-2.8298104699483950e+07	7.4505805969238281e-09
956	11.123178	-2.8298104699483953e+07	-3.7252902984619141e-09
957	11.299168	-2.8298104699483957e+07	-3.7252902984619141e-09
958	11.281598	-2.8298104699483961e+07	-3.7252902984619141e-09
959	11.152165	-2.8298104699483953e+07	7.4505805969238281e-09
960	11.198608	-2.8298104699483953e+07	0.0000000000000000e+00
961	11.130454	-2.8298104699483946e+07	7.4505805969238281e-09
962	11.226209	-2.8298104699483950e+07	-3.7252902984619141e-09
963	11.287033	-2.8298104699483946e+07	3.7252902984619141e-09
964	11.318384	-2.8298104699483961e+07	-1.4901161193847656e-08
965	11.302831	-2.8298104699483957e+07	3.7252902984619141e-09
966	11.156717	-2.8298104699483961e+07	-3.7252902984619141e-09
967	11.136811	-2.8298104699483953e+07	7.4505805969238281e-09
968	11.228622	-2.8298104699483961e+07	-7.4505805969238281e-09
969	11.199338	-2.8298104699483965e+07	-3.7252902984619141e-09
970	11.232583	-2.8298104699483965e+07	0.0000000000000000e+00
971	11.221352	-2.8298104699483953e+07	1.1175870895385742e-08
972	11.134502	-2.8298104699483965e+07	-1.1175870895385742e-08
973	11.299857	-2.8298104699483953e+07	1.1175870895385742e-08
974	11.345607	-2.8298104699483957e+07	-3.7252902984619141e-09
975	11.171025	-2.8298104699483957e+07	0.0000000000000000e+00
976	11.182493	-2.8298104699483953e+07	3.7252902984619141e-09
977	11.154986	-2.8298104699483961e+07	-7.4505805969238281e-09
978	11.206748	-2.8298104699483950e+07	1.1175870895385742e-08
979	11.220884	-2.8298104699483965e+07	-1.4901161193847656e-08
980	11.272909	-2.8298104699483953e+07	1.1175870895385742e-08
981	11.317701	-2.8298104699483957e+07	-3.7252902984619141e-09
982	11.272333	-2.8298104699483946e+07	1.1175870895385742e-08
983	11.125453	-2.8298104699483950e+07	-3.7252902984619141e-09
984	11.238213	-2.8298104699483950e+07	0.0000000000000000e+00
985	11.164657	-2.8298104699483957e+07	-7.4505805969238281e-09
986	11.212977	-2.8298104699483950e+07	7.4505805969238281e-09
987	11.143222	-2.8298104699483946e+07	3.7252902984619141e-09
988	11.132615	-2.8298104699483961e+07	-1.4901161193847656e-08
989	11.217463	-2.8298104699483965e+07	-3.7252902984619141e-09
990	11.285824	-2.8298104699483965e+07	0.0000000000000000e+00
991	11.275119	-2.8298104699483957e+07	7.4505805969238281e-09
992	11.280001	-2.8298104699483953e+07	3.7252902984619141e-09
993	11.313348	-2.8298104699483961e+07	-7.4505805969238281e-09
994	12.461292	-2.8298104699483965e+07	-3.7252902984619141e-09
995	13.560523	-2.8298104699483965e+07	0.0000000000000000e+00
996	11.970942	-2.8298104699483965e+07	0.0000000000000000e+00
997	11.623734	-2.8298104699483972e+07	-7.4505805969238281e-09
998	11.560895	-2.8298104699483957e+07	1.4901161193847656e-08
999	11.191654	-2.8298104699483968e+07	-1.1175870895385742e-08
1000	11.485649	-2.8298104699483968e+07	0.0000000000000000e+00

Writing Q matrix to /global/home/users/deboraycb/scratch/atahualpa/analysis/ohana/maf05_3/structure/merge2_20M_allchr_snps_maf05_k4_mi1000_3_q.matrix
Writing F matrix to /global/home/users/deboraycb/scratch/atahualpa/analysis/ohana/maf05_3/structure/merge2_20M_allchr_snps_maf05_k4_mi1000_3_f.matrix
