seed: 1874296288

iter	duration	log_likelihood	delta-lle
0	2.877088	-4.4180203477836415e+07
1	22.616125	-3.9256362282556422e+07	4.9238411952799931e+06
2	21.941979	-3.5064263925061218e+07	4.1920983574952036e+06
3	21.851758	-3.4159234736797914e+07	9.0502918826330453e+05
4	21.378189	-3.3486594983453710e+07	6.7263975334420428e+05
5	21.190292	-3.2885186866723388e+07	6.0140811673032120e+05
6	21.079225	-3.2310260628806941e+07	5.7492623791644722e+05
7	20.859545	-3.1743249258543342e+07	5.6701137026359886e+05
8	20.650846	-3.1204841598095752e+07	5.3840766044759005e+05
9	20.428722	-3.0681393191804498e+07	5.2344840629125386e+05
10	20.200474	-3.0160666004282471e+07	5.2072718752202764e+05
11	20.386006	-2.9657350367698807e+07	5.0331563658366352e+05
12	20.194156	-2.9194000031136982e+07	4.6335033656182513e+05
13	20.081691	-2.8796178160709839e+07	3.9782187042714283e+05
14	20.253751	-2.8491243132111471e+07	3.0493502859836817e+05
15	20.039503	-2.8299419322728883e+07	1.9182380938258767e+05
16	19.833711	-2.8210088624447510e+07	8.9330698281373829e+04
17	20.031154	-2.8180024266231667e+07	3.0064358215842396e+04
18	19.807047	-2.8169036384061199e+07	1.0987882170468569e+04
19	19.705932	-2.8162232832748976e+07	6.8035513122230768e+03
20	19.822167	-2.8155922815840475e+07	6.3100169085003436e+03
21	19.686183	-2.8150555281191513e+07	5.3675346489623189e+03
22	19.427155	-2.8146303079825915e+07	4.2522013655975461e+03
23	19.677396	-2.8143284247797363e+07	3.0188320285528898e+03
24	19.640704	-2.8140627900617003e+07	2.6563471803590655e+03
25	19.604695	-2.8138224764379352e+07	2.4031362376511097e+03
26	19.504491	-2.8135839212805782e+07	2.3855515735708177e+03
27	19.577111	-2.8133490039879791e+07	2.3491729259900749e+03
28	19.420156	-2.8131226208003305e+07	2.2638318764865398e+03
29	19.476880	-2.8128981531506639e+07	2.2446764966659248e+03
30	19.425304	-2.8126639078717507e+07	2.3424527891315520e+03
31	19.371246	-2.8124040680552252e+07	2.5983981652557850e+03
32	19.233216	-2.8121304594786581e+07	2.7360857656709850e+03
33	19.360659	-2.8118400691892955e+07	2.9039028936251998e+03
34	19.126281	-2.8115279539833564e+07	3.1211520593911409e+03
35	19.103248	-2.8111941474797942e+07	3.3380650356225669e+03
36	19.185439	-2.8108501419228014e+07	3.4400555699281394e+03
37	19.238370	-2.8104998153824028e+07	3.5032654039859772e+03
38	18.953819	-2.8101636218975883e+07	3.3619348481446505e+03
39	19.144459	-2.8098581174970705e+07	3.0550440051779151e+03
40	19.068427	-2.8096406215088833e+07	2.1749598818719387e+03
41	18.961550	-2.8095065023240678e+07	1.3411918481551111e+03
42	19.034958	-2.8093858551925644e+07	1.2064713150337338e+03
43	18.962159	-2.8092805503368601e+07	1.0530485570430756e+03
44	18.785052	-2.8091955475824900e+07	8.5002754370123148e+02
45	19.040256	-2.8091039434022047e+07	9.1604180285334587e+02
46	18.936065	-2.8090253328190763e+07	7.8610583128407598e+02
47	18.960457	-2.8089356996938571e+07	8.9633125219121575e+02
48	18.876140	-2.8088509019403964e+07	8.4797753460705280e+02
49	18.970446	-2.8087599575051066e+07	9.0944435289874673e+02
50	18.825420	-2.8086668690979477e+07	9.3088407158851624e+02
51	18.787103	-2.8085713832652450e+07	9.5485832702741027e+02
52	18.907046	-2.8084781354920644e+07	9.3247773180529475e+02
53	18.721594	-2.8084195329185463e+07	5.8602573518082500e+02
54	18.667796	-2.8083654609251481e+07	5.4071993398293853e+02
55	18.883607	-2.8083276132457230e+07	3.7847679425030947e+02
56	18.852754	-2.8082983580160793e+07	2.9255229643732309e+02
57	18.740178	-2.8082744034375269e+07	2.3954578552395105e+02
58	18.817988	-2.8082692437461685e+07	5.1596913583576679e+01
59	18.785692	-2.8082587159471571e+07	1.0527799011394382e+02
60	18.627552	-2.8082456290981255e+07	1.3086849031597376e+02
61	18.842249	-2.8082357463575229e+07	9.8827406026422977e+01
62	18.792541	-2.8082163649055380e+07	1.9381451984867454e+02
63	18.837540	-2.8081982767303739e+07	1.8088175164163113e+02
64	18.724897	-2.8081812871886007e+07	1.6989541773125529e+02
65	18.867940	-2.8081652696493942e+07	1.6017539206519723e+02
66	18.699840	-2.8081615114073697e+07	3.7582420244812965e+01
67	18.702495	-2.8081492354406122e+07	1.2275966757535934e+02
68	18.804025	-2.8081374696379837e+07	1.1765802628546953e+02
69	18.606905	-2.8081253652912885e+07	1.2104346695169806e+02
70	18.551280	-2.8081302262134526e+07	-4.8609221640974283e+01
71	18.898573	-2.8081274681875389e+07	2.7580259136855602e+01
72	18.744749	-2.8081163834634062e+07	1.1084724132716656e+02
73	18.691854	-2.8081058364415050e+07	1.0547021901234984e+02
74	18.757850	-2.8080963827035569e+07	9.4537379480898380e+01
75	18.730198	-2.8080886662975933e+07	7.7164059635251760e+01
76	18.537602	-2.8080979049334753e+07	-9.2386358819901943e+01
77	18.771503	-2.8080891534770519e+07	8.7514564234763384e+01
78	18.813114	-2.8080898878745791e+07	-7.3439752720296383e+00
79	18.775591	-2.8080815053724583e+07	8.3825021207332611e+01
80	18.670431	-2.8080788594805695e+07	2.6458918888121843e+01
81	18.812428	-2.8080849875306774e+07	-6.1280501078814268e+01
82	18.617880	-2.8080767724877436e+07	8.2150429338216782e+01
83	18.651757	-2.8080693456531510e+07	7.4268345925956964e+01
84	18.712805	-2.8080624128031895e+07	6.9328499615192413e+01
85	18.862705	-2.8080563658214375e+07	6.0469817519187927e+01
86	18.673565	-2.8080506396608286e+07	5.7261606089770794e+01
87	18.806729	-2.8080590511333406e+07	-8.4114725120365620e+01
88	18.696670	-2.8080526228972502e+07	6.4282360903918743e+01
89	18.639450	-2.8080469596815262e+07	5.6632157240062952e+01
90	18.791178	-2.8080414251807641e+07	5.5345007620751858e+01
91	18.704845	-2.8080362220431525e+07	5.2031376115977764e+01
92	18.726464	-2.8080439846271504e+07	-7.7625839978456497e+01
93	18.798846	-2.8080376783231970e+07	6.3063039533793926e+01
94	18.769368	-2.8080321706234112e+07	5.5076997857540846e+01
95	18.763237	-2.8080268583953504e+07	5.3122280608862638e+01
96	18.660641	-2.8080394571591657e+07	-1.2598763815313578e+02
97	18.846726	-2.8080432218701616e+07	-3.7647109959274530e+01
98	18.582716	-2.8080371332620494e+07	6.0886081121861935e+01
99	18.643310	-2.8080316497690078e+07	5.4834930416196585e+01
100	18.845242	-2.8080264345586851e+07	5.2152103226631880e+01
101	18.801488	-2.8080218351717975e+07	4.5993868876248598e+01
102	18.615985	-2.8080224047701970e+07	-5.6959839947521687e+00
103	18.855395	-2.8080366855038587e+07	-1.4280733661726117e+02
104	18.678192	-2.8080306642996013e+07	6.0212042573839426e+01
105	18.638665	-2.8080248483244084e+07	5.8159751929342747e+01
106	18.754821	-2.8080204918669522e+07	4.3564574562013149e+01
107	18.866050	-2.8080306895852227e+07	-1.0197718270495534e+02
108	18.761485	-2.8080340255765934e+07	-3.3359913706779480e+01
109	18.755481	-2.8080279091437034e+07	6.1164328899234533e+01
110	18.789376	-2.8080225156566944e+07	5.3934870090335608e+01
111	18.716395	-2.8080172420484602e+07	5.2736082341521978e+01
112	18.679224	-2.8080122005133118e+07	5.0415351483970881e+01
113	18.803277	-2.8080074049807902e+07	4.7955325216054916e+01
114	18.782095	-2.8080180972958099e+07	-1.0692315019667149e+02
115	18.718942	-2.8080124817500088e+07	5.6155458010733128e+01
116	18.801376	-2.8080210650887910e+07	-8.5833387821912766e+01
117	18.768889	-2.8080154853878796e+07	5.5797009114176035e+01
118	18.644744	-2.8080104496571176e+07	5.0357307620346546e+01
119	18.815019	-2.8080173956804238e+07	-6.9460233062505722e+01
120	18.675228	-2.8080119339075621e+07	5.4617728617042303e+01
121	18.743182	-2.8080164844952416e+07	-4.5505876794457436e+01
122	18.745833	-2.8080120320892211e+07	4.4524060204625130e+01
123	18.862682	-2.8080081149528030e+07	3.9171364180743694e+01
124	18.711042	-2.8080041147557590e+07	4.0001970440149307e+01
125	18.685116	-2.8080161054067582e+07	-1.1990650999173522e+02
126	18.804562	-2.8080108799753744e+07	5.2254313837736845e+01
127	18.648493	-2.8080063421831947e+07	4.5377921797335148e+01
128	18.594126	-2.8080031631923933e+07	3.1789908014237881e+01
129	18.827801	-2.8080079492200200e+07	-4.7860276266932487e+01
130	18.850042	-2.8080041433456074e+07	3.8058744125068188e+01
131	18.697296	-2.8080096871780176e+07	-5.5438324101269245e+01
132	18.796613	-2.8080058606496062e+07	3.8265284113585949e+01
133	18.760781	-2.8080212375479273e+07	-1.5376898321136832e+02
134	18.582068	-2.8080156918253649e+07	5.5457225624471903e+01
135	18.841942	-2.8080107948792748e+07	4.8969460900872946e+01
136	18.772872	-2.8080120911988430e+07	-1.2963195681571960e+01
137	18.828764	-2.8080138995656181e+07	-1.8083667751401663e+01
138	18.696862	-2.8080147934187539e+07	-8.9385313577950001e+00
139	18.864108	-2.8080309386113204e+07	-1.6145192566514015e+02
140	18.690420	-2.8080244035932418e+07	6.5350180786103010e+01
141	18.690923	-2.8080187541980937e+07	5.6493951480835676e+01
142	18.797752	-2.8080135018367685e+07	5.2523613251745701e+01
143	18.660950	-2.8080131457316794e+07	3.5610508918762207e+00
144	18.604211	-2.8080158093706969e+07	-2.6636390175670385e+01
145	18.894951	-2.8080107200598616e+07	5.0893108353018761e+01
146	18.798982	-2.8080233132453393e+07	-1.2593185477703810e+02
147	18.732554	-2.8080178590811562e+07	5.4541641831398010e+01
148	18.792332	-2.8080131920282844e+07	4.6670528717339039e+01
149	18.745395	-2.8080093366169397e+07	3.8554113447666168e+01
150	18.579621	-2.8080107421218082e+07	-1.4055048685520887e+01
151	18.813605	-2.8080068396638874e+07	3.9024579208344221e+01
152	18.832603	-2.8080117829260893e+07	-4.9432622019201517e+01
153	18.821688	-2.8080129945046172e+07	-1.2115785278379917e+01
154	18.678481	-2.8080083771208160e+07	4.6173838011920452e+01
155	18.827817	-2.8080041953425739e+07	4.1817782420665026e+01
156	18.651987	-2.8080004487238247e+07	3.7466187492012978e+01
157	18.696550	-2.8080139752528436e+07	-1.3526529018953443e+02
158	18.783457	-2.8080274661958855e+07	-1.3490943041816354e+02
159	18.871494	-2.8080212373272508e+07	6.2288686346262693e+01
160	18.669209	-2.8080285955730069e+07	-7.3582457561045885e+01
161	18.947011	-2.8080224659393474e+07	6.1296336594969034e+01
162	18.723594	-2.8080339476709027e+07	-1.1481731555238366e+02
163	18.677133	-2.8080274268629488e+07	6.5208079539239407e+01
164	18.815706	-2.8080268968429282e+07	5.3002002052962780e+00
165	18.730377	-2.8080208739098135e+07	6.0229331146925688e+01
166	18.752450	-2.8080149771957286e+07	5.8967140849679708e+01
167	18.796833	-2.8080091693682924e+07	5.8078274361789227e+01
168	18.840806	-2.8080043852110006e+07	4.7841572917997837e+01
169	18.814728	-2.8080000563963059e+07	4.3288146946579218e+01
170	18.682626	-2.8080140849682372e+07	-1.4028571931272745e+02
171	18.830315	-2.8080086052471388e+07	5.4797210983932018e+01
172	18.630781	-2.8080238020509683e+07	-1.5196803829446435e+02
173	18.626322	-2.8080182370293837e+07	5.5650215845555067e+01
174	18.833298	-2.8080127441249188e+07	5.4929044649004936e+01
175	18.894676	-2.8080152134509612e+07	-2.4693260423839092e+01
176	18.673938	-2.8080326051112399e+07	-1.7391660278663039e+02
177	18.877644	-2.8080259623542558e+07	6.6427569840103388e+01
178	18.705356	-2.8080203191708919e+07	5.6431833639740944e+01
179	18.675891	-2.8080150129561760e+07	5.3062147159129381e+01
180	18.844875	-2.8080104834124248e+07	4.5295437511056662e+01
181	18.908175	-2.8080172291157432e+07	-6.7457033183425665e+01
182	18.789449	-2.8080114682156984e+07	5.7609000448137522e+01
183	18.766024	-2.8080060851566568e+07	5.3830590415745974e+01
184	18.824762	-2.8080016054337051e+07	4.4797229517251253e+01
185	18.732705	-2.8080161669221569e+07	-1.4561488451808691e+02
186	18.677681	-2.8080203817493446e+07	-4.2148271877318621e+01
187	18.844637	-2.8080213861636620e+07	-1.0044143173843622e+01
188	18.584162	-2.8080165894360799e+07	4.7967275820672512e+01
189	18.654946	-2.8080119975555193e+07	4.5918805606663227e+01
190	18.858531	-2.8080080172637377e+07	3.9802917815744877e+01
191	18.847042	-2.8080090093214292e+07	-9.9205769151449203e+00
192	18.658515	-2.8080048992110182e+07	4.1101104110479355e+01
193	18.851093	-2.8080216460513789e+07	-1.6746840360760689e+02
194	18.731280	-2.8080155083484408e+07	6.1377029381692410e+01
195	18.642511	-2.8080152404284708e+07	2.6791996993124485e+00
196	18.821127	-2.8080176595894475e+07	-2.4191609766334295e+01
197	18.943890	-2.8080126217513658e+07	5.0378380816429853e+01
198	18.799769	-2.8080080176453121e+07	4.6041060537099838e+01
199	18.777456	-2.8080038238952715e+07	4.1937500406056643e+01
200	18.825910	-2.8080008597937189e+07	2.9641015525907278e+01
201	18.749365	-2.8080249440763447e+07	-2.4084282625839114e+02
202	18.639446	-2.8080194424216762e+07	5.5016546685248613e+01
203	18.866278	-2.8080149886566892e+07	4.4537649869918823e+01
204	18.861895	-2.8080108104000889e+07	4.1782566003501415e+01
205	18.780560	-2.8080072752789162e+07	3.5351211726665497e+01
206	18.891860	-2.8080105761570785e+07	-3.3008781623095274e+01
207	18.852213	-2.8080105015314400e+07	7.4625638499855995e-01
208	18.676879	-2.8080057723958734e+07	4.7291355665773153e+01
209	18.915502	-2.8080013995477028e+07	4.3728481706231833e+01
210	18.766505	-2.8080031656480737e+07	-1.7661003708839417e+01
211	18.635170	-2.8079994177277576e+07	3.7479203160852194e+01
212	18.770458	-2.8079965480396036e+07	2.8696881540119648e+01
213	18.941062	-2.8080155438843813e+07	-1.8995844777673483e+02
214	18.753788	-2.8080106232560299e+07	4.9206283513456583e+01
215	18.767349	-2.8080169745313302e+07	-6.3512753002345562e+01
216	18.814385	-2.8080119622930426e+07	5.0122382875531912e+01
217	18.729576	-2.8080079163394742e+07	4.0459535684436560e+01
218	18.638985	-2.8080043520919092e+07	3.5642475649714470e+01
219	18.882681	-2.8080073276519962e+07	-2.9755600869655609e+01
220	18.870903	-2.8080215835622586e+07	-1.4255910262465477e+02
221	18.762512	-2.8080164286140013e+07	5.1549482572823763e+01
222	18.829762	-2.8080116724033579e+07	4.7562106434255838e+01
223	18.792792	-2.8080077059157893e+07	3.9664875686168671e+01
224	18.643114	-2.8080088135958172e+07	-1.1076800279319286e+01
225	18.911852	-2.8080130058208324e+07	-4.1922250151634216e+01
226	18.725769	-2.8080243872481119e+07	-1.1381427279487252e+02
227	18.832255	-2.8080189820139833e+07	5.4052341286092997e+01
228	18.756727	-2.8080139544498734e+07	5.0275641098618507e+01
229	18.907006	-2.8080090623927683e+07	4.8920571051537991e+01
230	18.721961	-2.8080046913465235e+07	4.3710462447255850e+01
231	18.744814	-2.8080113450081177e+07	-6.6536615941673517e+01
232	18.823463	-2.8080062553367838e+07	5.0896713338792324e+01
233	18.686113	-2.8080260546698656e+07	-1.9799333081766963e+02
234	18.652607	-2.8080205171885226e+07	5.5374813430011272e+01
235	18.918606	-2.8080155900778774e+07	4.9271106451749802e+01
236	18.885586	-2.8080109915488914e+07	4.5985289860516787e+01
237	18.767381	-2.8080069219037961e+07	4.0696450952440500e+01
238	18.850076	-2.8080091110017352e+07	-2.1890979390591383e+01
239	18.774648	-2.8080050180925261e+07	4.0929092090576887e+01
240	18.626999	-2.8080428892011482e+07	-3.7871108622103930e+02
241	18.859648	-2.8080353891180709e+07	7.5000830773264170e+01
242	18.828679	-2.8080325027710792e+07	2.8863469917327166e+01
243	18.924284	-2.8080257001199022e+07	6.8026511769741774e+01
244	18.750745	-2.8080197672469117e+07	5.9328729905188084e+01
245	18.933145	-2.8080150101955593e+07	4.7570513524115086e+01
246	18.757247	-2.8080171299278934e+07	-2.1197323340922594e+01
247	18.713240	-2.8080118357201882e+07	5.2942077051848173e+01
248	18.824187	-2.8080067003781561e+07	5.1353420320898294e+01
249	18.673260	-2.8080150995895699e+07	-8.3992114137858152e+01
250	18.624244	-2.8080102501182877e+07	4.8494712822139263e+01
251	18.955792	-2.8080062761044815e+07	3.9740138061344624e+01
252	18.832710	-2.8080197585682083e+07	-1.3482463726773858e+02
253	18.760148	-2.8080341122960985e+07	-1.4353727890178561e+02
254	18.859032	-2.8080279017533209e+07	6.2105427775532007e+01
255	18.766727	-2.8080223906423032e+07	5.5111110176891088e+01
256	18.610544	-2.8080168562059097e+07	5.5344363935291767e+01
257	18.856314	-2.8080112460229989e+07	5.6101829107850790e+01
258	18.867237	-2.8080296086576272e+07	-1.8362634628266096e+02
259	18.875074	-2.8080358742932633e+07	-6.2656356360763311e+01
260	18.760669	-2.8080286988379773e+07	7.1754552859812975e+01
261	18.902432	-2.8080404659429871e+07	-1.1767105009779334e+02
262	18.712054	-2.8080337593100220e+07	6.7066329650580883e+01
263	18.693810	-2.8080278760194469e+07	5.8832905750721693e+01
264	18.779407	-2.8080363776988409e+07	-8.5016793940216303e+01
265	18.924515	-2.8080294291510239e+07	6.9485478170216084e+01
266	18.710916	-2.8080231449322913e+07	6.2842187326401472e+01
267	18.920520	-2.8080169586382352e+07	6.1862940561026335e+01
268	18.782608	-2.8080115216355640e+07	5.4370026711374521e+01
269	18.753542	-2.8080058086984135e+07	5.7129371505230665e+01
270	18.821683	-2.8080150965409782e+07	-9.2878425646573305e+01
271	18.772347	-2.8080082147625893e+07	6.8817783888429403e+01
272	18.580801	-2.8080417359470494e+07	-3.3521184460073709e+02
273	18.813705	-2.8080338232641876e+07	7.9126828618347645e+01
274	18.958535	-2.8080275311746776e+07	6.2920895099639893e+01
275	18.849966	-2.8080212059324712e+07	6.3252422064542770e+01
276	18.758010	-2.8080155233122431e+07	5.6826202280819416e+01
277	18.898990	-2.8080104148686342e+07	5.1084436088800430e+01
278	18.668206	-2.8080149617407445e+07	-4.5468721102923155e+01
279	18.733262	-2.8080149835109018e+07	-2.1770157292485237e-01
280	18.811933	-2.8080169690380003e+07	-1.9855270985513926e+01
281	18.925586	-2.8080192821481567e+07	-2.3131101563572884e+01
282	18.731087	-2.8080206907438856e+07	-1.4085957288742065e+01
283	18.886886	-2.8080139262090698e+07	6.7645348157733679e+01
284	18.778258	-2.8080076991654769e+07	6.2270435929298401e+01
285	18.719784	-2.8080024185248144e+07	5.2806406624615192e+01
286	18.812023	-2.8079983043995667e+07	4.1141252476722002e+01
287	18.739315	-2.8079952971058145e+07	3.0072937522083521e+01
288	18.762841	-2.8080136470507622e+07	-1.8349944947659969e+02
289	18.840873	-2.8080097659381539e+07	3.8811126083135605e+01
290	18.885448	-2.8080231017874371e+07	-1.3335849283263087e+02
291	18.792473	-2.8080184805060323e+07	4.6212814047932625e+01
292	18.717874	-2.8080142325214915e+07	4.2479845408350229e+01
293	18.882009	-2.8080101534281965e+07	4.0790932949632406e+01
294	18.656967	-2.8080066270720717e+07	3.5263561248779297e+01
295	18.658595	-2.8080030721105434e+07	3.5549615282565355e+01
296	18.827670	-2.8080001184200488e+07	2.9536904945969582e+01
297	18.944240	-2.8080051488227177e+07	-5.0304026689380407e+01
298	18.674872	-2.8080245927619327e+07	-1.9443939214944839e+02
299	18.889534	-2.8080382809519414e+07	-1.3688190008699894e+02
300	18.740701	-2.8080305752106644e+07	7.7057412769645452e+01
301	18.677627	-2.8080234892169505e+07	7.0859937138855457e+01
302	18.859374	-2.8080166527692229e+07	6.8364477276802063e+01
303	18.814120	-2.8080259203130879e+07	-9.2675438649952412e+01
304	18.806815	-2.8080352432899039e+07	-9.3229768160730600e+01
305	18.811162	-2.8080286790273990e+07	6.5642625048756599e+01
306	18.840044	-2.8080224485281534e+07	6.2304992455989122e+01
307	18.771671	-2.8080163920510218e+07	6.0564771316945553e+01
308	18.694466	-2.8080105920400657e+07	5.8000109560787678e+01
309	18.890469	-2.8080049080913734e+07	5.6839486923068762e+01
310	18.649937	-2.8080247033402786e+07	-1.9795248905196786e+02
311	18.692560	-2.8080183227302749e+07	6.3806100036948919e+01
312	18.904418	-2.8080127639058523e+07	5.5588244225829840e+01
313	18.898074	-2.8080131304763079e+07	-3.6657045558094978e+00
314	18.681167	-2.8080081214477502e+07	5.0090285576879978e+01
315	18.838404	-2.8080040712427139e+07	4.0502050362527370e+01
316	18.755983	-2.8080148792222656e+07	-1.0807979551702738e+02
317	18.667401	-2.8080105334809601e+07	4.3457413055002689e+01
318	18.821124	-2.8080066877869487e+07	3.8456940114498138e+01
319	18.886904	-2.8080029708763715e+07	3.7169105771929026e+01
320	18.899379	-2.8080448684990428e+07	-4.1897622671350837e+02
321	18.794006	-2.8080378574394085e+07	7.0110596343874931e+01
322	18.868033	-2.8080317260250088e+07	6.1314143996685743e+01
323	18.799055	-2.8080255940490399e+07	6.1319759689271450e+01
324	18.686819	-2.8080195756408773e+07	6.0184081625193357e+01
325	18.908190	-2.8080147123139285e+07	4.8633269488811493e+01
326	18.622992	-2.8080101890949156e+07	4.5232190128415823e+01
327	18.665304	-2.8080220026921123e+07	-1.1813597196713090e+02
328	18.868963	-2.8080450786360152e+07	-2.3075943902879953e+02
329	18.867216	-2.8080365502621215e+07	8.5283738937228918e+01
330	18.715404	-2.8080286897361659e+07	7.8605259556323290e+01
331	18.891330	-2.8080217401737805e+07	6.9495623853057623e+01
332	18.782858	-2.8080155316346593e+07	6.2085391212254763e+01
333	18.680068	-2.8080099108152919e+07	5.6208193674683571e+01
334	18.840415	-2.8080137306353230e+07	-3.8198200311511755e+01
335	18.910638	-2.8080087141389180e+07	5.0164964050054550e+01
336	18.805610	-2.8080339308976948e+07	-2.5216758776828647e+02
337	18.808841	-2.8080529405056689e+07	-1.9009607974067330e+02
338	18.838815	-2.8080447444869764e+07	8.1960186924785376e+01
339	18.747596	-2.8080371314267017e+07	7.6130602747201920e+01
340	18.727800	-2.8080298661363106e+07	7.2652903910726309e+01
341	18.872833	-2.8080342344326872e+07	-4.3682963766157627e+01
342	18.836337	-2.8080269724257331e+07	7.2620069541037083e+01
343	18.753910	-2.8080331281484250e+07	-6.1557226918637753e+01
344	18.840184	-2.8080260820256997e+07	7.0461227253079414e+01
345	18.859639	-2.8080201166997992e+07	5.9653259005397558e+01
346	18.676782	-2.8080321331765752e+07	-1.2016476776078343e+02
347	18.879273	-2.8080251405854844e+07	6.9925910908728838e+01
348	18.742383	-2.8080188861667305e+07	6.2544187538325787e+01
349	18.673307	-2.8080135602523502e+07	5.3259143803268671e+01
350	18.808008	-2.8080083737161178e+07	5.1865362323820591e+01
351	18.925680	-2.8080208296539925e+07	-1.2455937874689698e+02
352	18.790549	-2.8080360035731785e+07	-1.5173919185996056e+02
353	18.800626	-2.8080288796122108e+07	7.1239609677344561e+01
354	18.877198	-2.8080229659888495e+07	5.9136233612895012e+01
355	18.747547	-2.8080177935481474e+07	5.1724407020956278e+01
356	18.683503	-2.8080208599899236e+07	-3.0664417762309313e+01
357	18.850569	-2.8080347098892666e+07	-1.3849899343028665e+02
358	18.866250	-2.8080277314096887e+07	6.9784795779734850e+01
359	18.763574	-2.8080214631763175e+07	6.2682333711534739e+01
360	18.857833	-2.8080155343124427e+07	5.9288638748228550e+01
361	18.833526	-2.8080104262732334e+07	5.1080392092466354e+01
362	18.694395	-2.8080053060980983e+07	5.1201751351356506e+01
363	18.890932	-2.8080456747737911e+07	-4.0368675692752004e+02
364	18.713799	-2.8080373237468213e+07	8.3510269697755575e+01
365	18.842197	-2.8080306189774059e+07	6.7047694154083729e+01
366	18.795259	-2.8080241762925610e+07	6.4426848448812962e+01
367	18.915812	-2.8080185846533261e+07	5.5916392348706722e+01
368	18.759154	-2.8080137845842853e+07	4.8000690408051014e+01
369	18.750158	-2.8080160140897606e+07	-2.2295054752379656e+01
370	18.831519	-2.8080565671093613e+07	-4.0553019600734115e+02
371	18.714409	-2.8080478446566347e+07	8.7224527265876532e+01
372	18.648574	-2.8080397553308446e+07	8.0893257901072502e+01
373	18.866101	-2.8080316272413976e+07	8.1280894469469786e+01
374	18.870330	-2.8080238797348887e+07	7.7475065089762211e+01
375	18.777853	-2.8080447927532487e+07	-2.0913018359988928e+02
376	18.845318	-2.8080349983299978e+07	9.7944232508540154e+01
377	18.813384	-2.8080281700801618e+07	6.8282498359680176e+01
378	18.666848	-2.8080219194508471e+07	6.2506293147802353e+01
379	18.855480	-2.8080162129829194e+07	5.7064679276198149e+01
380	18.761240	-2.8080111177767739e+07	5.0952061455696821e+01
381	18.850138	-2.8080315440987445e+07	-2.0426321970671415e+02
382	18.832444	-2.8080236692233745e+07	7.8748753700405359e+01
383	19.696715	-2.8080181093289923e+07	5.5598943822085857e+01
384	19.219368	-2.8080125999174926e+07	5.5094114996492863e+01
385	19.174685	-2.8080218407206438e+07	-9.2408031512051821e+01
386	18.868944	-2.8080413417306677e+07	-1.9501010023802519e+02
387	18.846500	-2.8080335918524936e+07	7.7498781740665436e+01
388	18.699327	-2.8080340371197224e+07	-4.4526722878217697e+00
389	18.893710	-2.8080268662015479e+07	7.1709181744605303e+01
390	18.796183	-2.8080213129718650e+07	5.5532296828925610e+01
391	18.724979	-2.8080376920081493e+07	-1.6379036284238100e+02
392	18.828410	-2.8080304137752641e+07	7.2782328851521015e+01
393	18.712840	-2.8080306910714488e+07	-2.7729618474841118e+00
394	18.637176	-2.8080241559666403e+07	6.5351048085838556e+01
395	18.928305	-2.8080183168199465e+07	5.8391466937959194e+01
396	18.883606	-2.8080179701824613e+07	3.4663748517632484e+00
397	18.752213	-2.8080123729411978e+07	5.5972412634640932e+01
398	18.874880	-2.8080341051023163e+07	-2.1732161118462682e+02
399	18.785268	-2.8080259545678947e+07	8.1505344215780497e+01
400	18.639832	-2.8080408145755943e+07	-1.4860007699579000e+02
401	18.878506	-2.8080326102808993e+07	8.2042946949601173e+01
402	18.846902	-2.8080260225958377e+07	6.5876850616186857e+01
403	18.877790	-2.8080204696980037e+07	5.5528978340327740e+01
404	18.759044	-2.8080155226264711e+07	4.9470715325325727e+01
405	18.941664	-2.8080211034544636e+07	-5.5808279924094677e+01
406	18.721500	-2.8080155955106661e+07	5.5079437974840403e+01
407	18.731421	-2.8080109137151245e+07	4.6817955415695906e+01
408	18.841292	-2.8080325774606708e+07	-2.1663745546340942e+02
409	18.709059	-2.8080256800583504e+07	6.8974023204296827e+01
410	18.626386	-2.8080194652101457e+07	6.2148482047021389e+01
411	18.920716	-2.8080139124937091e+07	5.5527164366096258e+01
412	18.863153	-2.8080296527803894e+07	-1.5740286680310965e+02
413	18.758757	-2.8080243487353232e+07	5.3040450662374496e+01
414	18.843431	-2.8080195295582123e+07	4.8191771108657122e+01
415	18.767653	-2.8080207991008051e+07	-1.2695425927639008e+01
416	18.637290	-2.8080152677047867e+07	5.5313960183411837e+01
417	18.888488	-2.8080101090252973e+07	5.1586794894188643e+01
418	18.870471	-2.8080104182308994e+07	-3.0920560210943222e+00
419	18.855208	-2.8080048265202511e+07	5.5917106483131647e+01
420	18.764945	-2.8080080866588783e+07	-3.2601386271417141e+01
421	18.881113	-2.8080031063434802e+07	4.9803153980523348e+01
422	18.723867	-2.8080142841943566e+07	-1.1177850876376033e+02
423	18.730019	-2.8080098229178287e+07	4.4612765278667212e+01
424	18.826138	-2.8080124032599725e+07	-2.5803421437740326e+01
425	18.882597	-2.8080086027165242e+07	3.8005434483289719e+01
426	18.680337	-2.8080052976737283e+07	3.3050427958369255e+01
427	18.924338	-2.8080018967917532e+07	3.4008819751441479e+01
428	18.852804	-2.8080164276278321e+07	-1.4530836078897119e+02
429	18.770749	-2.8080356824772675e+07	-1.9254849435389042e+02
430	18.800443	-2.8080289434612639e+07	6.7390160035341978e+01
431	18.803199	-2.8080325784722291e+07	-3.6350109651684761e+01
432	18.591935	-2.8080264307892203e+07	6.1476830087602139e+01
433	18.873698	-2.8080211038744576e+07	5.3269147627055645e+01
434	18.895615	-2.8080164106999956e+07	4.6931744620203972e+01
435	18.840756	-2.8080233498587284e+07	-6.9391587328165770e+01
436	18.736295	-2.8080172016844336e+07	6.1481742948293686e+01
437	18.902964	-2.8080181714016408e+07	-9.6971720717847347e+00
438	18.676336	-2.8080130498699836e+07	5.1215316571295261e+01
439	18.679471	-2.8080084641180195e+07	4.5857519641518593e+01
440	18.808348	-2.8080036306563307e+07	4.8334616888314486e+01
441	18.923736	-2.8080060193528391e+07	-2.3886965084820986e+01
442	18.743666	-2.8080090190310426e+07	-2.9996782034635544e+01
443	18.898803	-2.8080391954238568e+07	-3.0176392814144492e+02
444	18.760731	-2.8080329205884885e+07	6.2748353682458401e+01
445	18.716510	-2.8080273098239288e+07	5.6107645597308874e+01
446	18.869103	-2.8080217246155493e+07	5.5852083794772625e+01
447	18.762724	-2.8080170317151807e+07	4.6929003685712814e+01
448	18.588169	-2.8080188745186441e+07	-1.8428034633398056e+01
449	18.823590	-2.8080135548533134e+07	5.3196653306484222e+01
450	18.914683	-2.8080331053262811e+07	-1.9550472967699170e+02
451	18.935965	-2.8080268603120595e+07	6.2450142215937376e+01
452	18.753919	-2.8080210281449553e+07	5.8321671042591333e+01
453	18.914326	-2.8080153965900239e+07	5.6315549314022064e+01
454	18.698892	-2.8080239314261064e+07	-8.5348360825330019e+01
455	18.732917	-2.8080183927536521e+07	5.5386724542826414e+01
456	18.917264	-2.8080132819611650e+07	5.1107924871146679e+01
457	18.881946	-2.8080150441918332e+07	-1.7622306682169437e+01
458	18.685937	-2.8080105747513529e+07	4.4694404803216457e+01
459	18.885787	-2.8080066307573285e+07	3.9439940243959427e+01
460	18.770177	-2.8080229082334179e+07	-1.6277476089447737e+02
461	18.742214	-2.8080172644720048e+07	5.6437614131718874e+01
462	18.869120	-2.8080202276428852e+07	-2.9631708804517984e+01
463	18.784708	-2.8080200718092926e+07	1.5583359263837337e+00
464	18.795522	-2.8080303213772919e+07	-1.0249567999318242e+02
465	18.841264	-2.8080241788799021e+07	6.1424973897635937e+01
466	18.879462	-2.8080184884188913e+07	5.6904610108584166e+01
467	18.819318	-2.8080135962658312e+07	4.8921530600637197e+01
468	18.733791	-2.8080094497006822e+07	4.1465651489794254e+01
469	18.891033	-2.8080054611699540e+07	3.9885307282209396e+01
470	18.630365	-2.8080016800750919e+07	3.7810948621481657e+01
471	18.697654	-2.8080176319449801e+07	-1.5951869888231158e+02
472	18.868557	-2.8080147791225985e+07	2.8528223816305399e+01
473	18.944651	-2.8080098651339188e+07	4.9139886796474457e+01
474	18.716064	-2.8080058999778993e+07	3.9651560194790363e+01
475	18.898187	-2.8080097118802384e+07	-3.8119023390114307e+01
476	18.741454	-2.8080122967960846e+07	-2.5849158462136984e+01
477	18.693127	-2.8080087927665189e+07	3.5040295656770468e+01
478	18.823222	-2.8080053600674868e+07	3.4326990321278572e+01
479	18.798874	-2.8080018051101424e+07	3.5549573443830013e+01
480	18.794462	-2.8080054291352261e+07	-3.6240250837057829e+01
481	18.822881	-2.8080316521490104e+07	-2.6223013784363866e+02
482	18.860139	-2.8080242865791269e+07	7.3655698835849762e+01
483	18.777732	-2.8080191690773930e+07	5.1175017338246107e+01
484	18.707449	-2.8080143964407347e+07	4.7726366583257914e+01
485	18.889813	-2.8080101117613226e+07	4.2846794120967388e+01
486	18.656962	-2.8080327793620192e+07	-2.2667600696533918e+02
487	18.651902	-2.8080258517459929e+07	6.9276160262525082e+01
488	18.893882	-2.8080205498799421e+07	5.3018660508096218e+01
489	18.926343	-2.8080155460608244e+07	5.0038191176950932e+01
490	18.714338	-2.8080110996603653e+07	4.4464004591107368e+01
491	18.911945	-2.8080074035608370e+07	3.6960995282977819e+01
492	18.727839	-2.8080157743185390e+07	-8.3707577019929886e+01
493	18.697097	-2.8080104528476197e+07	5.3214709192514420e+01
494	18.847148	-2.8080168823387496e+07	-6.4294911298900843e+01
495	18.923736	-2.8080194617893506e+07	-2.5794506009668112e+01
496	18.833167	-2.8080200132679313e+07	-5.5147858075797558e+00
497	18.808505	-2.8080271123218473e+07	-7.0990539159625769e+01
498	18.892297	-2.8080213523115046e+07	5.7600103426724672e+01
499	18.772567	-2.8080163644766979e+07	4.9878348067402840e+01
500	18.661139	-2.8080115511917692e+07	4.8132849287241697e+01
501	18.877980	-2.8080070397966351e+07	4.5113951340317726e+01
502	18.607986	-2.8080028997642264e+07	4.1400324087589979e+01
503	18.679445	-2.8080139591848344e+07	-1.1059420607984066e+02
504	18.849173	-2.8080088213458512e+07	5.1378389831632376e+01
505	18.899096	-2.8080176779360969e+07	-8.8565902456641197e+01
506	18.725170	-2.8080118561700154e+07	5.8217660814523697e+01
507	18.864812	-2.8080134370734703e+07	-1.5809034548699856e+01
508	18.696273	-2.8080090773038015e+07	4.3597696688026190e+01
509	18.672056	-2.8080056040905032e+07	3.4732132982462645e+01
510	18.780238	-2.8080022094464164e+07	3.3946440868079662e+01
511	18.924553	-2.8080100506723940e+07	-7.8412259776145220e+01
512	18.840673	-2.8080059556251958e+07	4.0950471982359886e+01
513	18.817644	-2.8080206358189985e+07	-1.4680193802714348e+02
514	18.829998	-2.8080151220003594e+07	5.5138186391443014e+01
515	18.767637	-2.8080101526221313e+07	4.9693782281130552e+01
516	18.671581	-2.8080052909070544e+07	4.8617150768637657e+01
517	18.894091	-2.8080008986872863e+07	4.3922197680920362e+01
518	18.819043	-2.8079970539438948e+07	3.8447433914989233e+01
519	18.768117	-2.8080260016410317e+07	-2.8947697136923671e+02
520	18.860550	-2.8080204729454808e+07	5.5286955509334803e+01
521	18.817699	-2.8080155137401219e+07	4.9592053588479757e+01
522	18.669191	-2.8080108052490499e+07	4.7084910720586777e+01
523	18.848774	-2.8080066960695803e+07	4.1091794695705175e+01
524	18.702567	-2.8080030827953514e+07	3.6132742289453745e+01
525	18.602083	-2.8080133708371196e+07	-1.0288041768223047e+02
526	18.730603	-2.8080262167134747e+07	-1.2845876355096698e+02
527	18.885967	-2.8080385106949944e+07	-1.2293981519713998e+02
528	18.748405	-2.8080317164903916e+07	6.7942046027630568e+01
529	18.731478	-2.8080255801342465e+07	6.1363561451435089e+01
530	18.792258	-2.8080201661607426e+07	5.4139735039323568e+01
531	18.667410	-2.8080154464185677e+07	4.7197421748191118e+01
532	18.660795	-2.8080107663399130e+07	4.6800786547362804e+01
533	18.846218	-2.8080059080107000e+07	4.8583292130380869e+01
534	18.824893	-2.8080388661368728e+07	-3.2958126172795892e+02
535	18.715602	-2.8080317462923024e+07	7.1198445703834295e+01
536	18.799045	-2.8080250369374793e+07	6.7093548230826855e+01
537	18.772887	-2.8080183529425185e+07	6.6839949607849121e+01
538	18.594244	-2.8080123831796948e+07	5.9697628237307072e+01
539	18.839842	-2.8080083862426639e+07	3.9969370309263468e+01
540	18.695013	-2.8080045242824838e+07	3.8619601801037788e+01
541	18.823536	-2.8080344796316419e+07	-2.9955349158123136e+02
542	18.752991	-2.8080283206290971e+07	6.1590025447309017e+01
543	18.861361	-2.8080229280310459e+07	5.3925980512052774e+01
544	18.709328	-2.8080174958049864e+07	5.4322260595858097e+01
545	18.682809	-2.8080127632897682e+07	4.7325152181088924e+01
546	18.804772	-2.8080088929337300e+07	3.8703560382127762e+01
547	18.663290	-2.8080055858061586e+07	3.3071275714784861e+01
548	18.623393	-2.8080172361005824e+07	-1.1650294423848391e+02
549	18.905086	-2.8080118359714758e+07	5.4001291066408157e+01
550	18.815499	-2.8080239216095831e+07	-1.2085638107359409e+02
551	18.718351	-2.8080174016121916e+07	6.5199973914772272e+01
552	18.823982	-2.8080114085096035e+07	5.9931025881320238e+01
553	18.802775	-2.8080060260336526e+07	5.3824759509414434e+01
554	18.598879	-2.8080163039172944e+07	-1.0277883641794324e+02
555	18.817551	-2.8080115456632197e+07	4.7582540746778250e+01
556	18.823165	-2.8080075806560624e+07	3.9650071572512388e+01
557	18.860252	-2.8080307680146482e+07	-2.3187358585745096e+02
558	18.719421	-2.8080251371092640e+07	5.6309053841978312e+01
559	18.855770	-2.8080249636356149e+07	1.7347364909946918e+00
560	18.692102	-2.8080234323561635e+07	1.5312794514000416e+01
561	18.684262	-2.8080160453161579e+07	7.3870400056242943e+01
562	18.781930	-2.8080219918026134e+07	-5.9464864555746317e+01
563	18.860102	-2.8080282581418026e+07	-6.2663391891866922e+01
564	18.657070	-2.8080400244008031e+07	-1.1766259000450373e+02
565	18.903958	-2.8080335586220760e+07	6.4657787270843983e+01
566	18.755055	-2.8080273707258917e+07	6.1878961842507124e+01
567	18.693137	-2.8080208709008969e+07	6.4998249948024750e+01
568	18.797282	-2.8080229396599937e+07	-2.0687590967863798e+01
569	18.720915	-2.8080228549651340e+07	8.4694859758019447e-01
570	18.576659	-2.8080172900884960e+07	5.5648766379803419e+01
571	18.885159	-2.8080121002340145e+07	5.1898544814437628e+01
572	18.852140	-2.8080076411179103e+07	4.4591161042451859e+01
573	18.782492	-2.8080028914625611e+07	4.7496553491801023e+01
574	18.661690	-2.8079977250213332e+07	5.1664412278681993e+01
575	18.866752	-2.8080209044188306e+07	-2.3179397497326136e+02
576	18.631197	-2.8080150064503178e+07	5.8979685127735138e+01
577	18.688119	-2.8080096290015984e+07	5.3774487193673849e+01
578	18.797425	-2.8080160128479145e+07	-6.3838463161140680e+01
579	18.887368	-2.8080119420693185e+07	4.0707785960286856e+01
580	18.663889	-2.8080078554829478e+07	4.0865863706916571e+01
581	18.886504	-2.8080076517296288e+07	2.0375331901013851e+00
582	18.729776	-2.8080131034161102e+07	-5.4516864813864231e+01
583	18.677086	-2.8080155418669034e+07	-2.4384507931768894e+01
584	18.819483	-2.8080110125047509e+07	4.5293621525168419e+01
585	18.761670	-2.8080074266504798e+07	3.5858542710542679e+01
586	18.752136	-2.8080033302040622e+07	4.0964464176446199e+01
587	18.799476	-2.8080201006414402e+07	-1.6770437378063798e+02
588	18.868803	-2.8080140648586597e+07	6.0357827804982662e+01
589	18.776533	-2.8080095115737151e+07	4.5532849445939064e+01
590	18.673275	-2.8080054195160151e+07	4.0920577000826597e+01
591	18.859532	-2.8080153844954859e+07	-9.9649794708937407e+01
592	18.584224	-2.8080109019297913e+07	4.4825656946748495e+01
593	18.659961	-2.8080069534877572e+07	3.9484420340508223e+01
594	18.839975	-2.8080039045662008e+07	3.0489215563982725e+01
595	18.867351	-2.8080095847694401e+07	-5.6802032392472029e+01
596	18.661002	-2.8080052344157856e+07	4.3503536544740200e+01
597	18.822328	-2.8080138116870791e+07	-8.5772712934762239e+01
598	18.947809	-2.8080098828038286e+07	3.9288832504302263e+01
599	19.610730	-2.8080062058980361e+07	3.6769057925790548e+01
600	19.205617	-2.8080025521408133e+07	3.6537572227418423e+01
601	19.849257	-2.8079991421712551e+07	3.4099695581942797e+01
602	19.123490	-2.8079961462718457e+07	2.9958994094282389e+01
603	19.079473	-2.8079935807631496e+07	2.5655086960643530e+01
604	19.678437	-2.8080311921322044e+07	-3.7611369054764509e+02
605	19.662556	-2.8080240228146043e+07	7.1693176001310349e+01
606	19.449137	-2.8080185858332872e+07	5.4369813170284033e+01
607	19.660142	-2.8080425577440381e+07	-2.3971910750865936e+02
608	19.099256	-2.8080357671094708e+07	6.7906345672905445e+01
609	18.982895	-2.8080299171854418e+07	5.8499240290373564e+01
610	18.945854	-2.8080242117486946e+07	5.7054367471486330e+01
611	18.702762	-2.8080190636517007e+07	5.1480969939380884e+01
612	18.840686	-2.8080265784578972e+07	-7.5148061964660883e+01
613	18.713501	-2.8080208731323101e+07	5.7053255870938301e+01
614	18.639238	-2.8080475280310750e+07	-2.6654898764938116e+02
615	18.836896	-2.8080396779898897e+07	7.8500411853194237e+01
616	18.802874	-2.8080326818210930e+07	6.9961687967181206e+01
617	18.712371	-2.8080256488552738e+07	7.0329658191651106e+01
618	18.832098	-2.8080201198263370e+07	5.5290289368480444e+01
619	18.758023	-2.8080216137375582e+07	-1.4939112212508917e+01
620	18.660208	-2.8080161502042990e+07	5.4635332591831684e+01
621	18.829034	-2.8080319985816948e+07	-1.5848377395793796e+02
622	18.654803	-2.8080255894613288e+07	6.4091203659772873e+01
623	18.763294	-2.8080198425537638e+07	5.7469075649976730e+01
624	18.699941	-2.8080141483601023e+07	5.6941936615854502e+01
625	18.866361	-2.8080087286712363e+07	5.4196888659149408e+01
626	18.711184	-2.8080212444253799e+07	-1.2515754143521190e+02
627	18.682629	-2.8080335123264797e+07	-1.2267901099845767e+02
628	18.791564	-2.8080271881320823e+07	6.3241943974047899e+01
629	18.637996	-2.8080210613227289e+07	6.1268093533813953e+01
630	18.562599	-2.8080211590514708e+07	-9.7728741914033890e-01
631	18.830328	-2.8080154839560192e+07	5.6750954516232014e+01
632	18.780312	-2.8080100968685530e+07	5.3870874661952257e+01
633	18.685620	-2.8080185929532636e+07	-8.4960847105830908e+01
634	18.749581	-2.8080319638079934e+07	-1.3370854729786515e+02
635	18.709812	-2.8080261319688451e+07	5.8318391483277082e+01
636	18.564901	-2.8080212375155188e+07	4.8944533262401819e+01
637	18.800249	-2.8080166360571083e+07	4.6014584105461836e+01
638	18.791404	-2.8080121531942014e+07	4.4828629069030285e+01
639	18.829626	-2.8080078979277417e+07	4.2552664596587420e+01
640	19.494854	-2.8080032628024176e+07	4.6351253241300583e+01
641	19.222457	-2.8080434794045087e+07	-4.0216602091118693e+02
642	19.018985	-2.8080349372749045e+07	8.5421296041458845e+01
643	19.258746	-2.8080273846462961e+07	7.5526286084204912e+01
644	19.520920	-2.8080214254511174e+07	5.9591951787471771e+01
645	19.141308	-2.8080159644828327e+07	5.4609682846814394e+01
646	19.077097	-2.8080346858601984e+07	-1.8721377365663648e+02
647	19.740629	-2.8080278157275159e+07	6.8701326824724674e+01
648	19.244346	-2.8080219528389055e+07	5.8628886103630066e+01
649	19.358231	-2.8080163448502060e+07	5.6079886995255947e+01
650	19.499813	-2.8080111472206846e+07	5.1976295214146376e+01
651	19.143229	-2.8080273534482177e+07	-1.6206227533146739e+02
652	18.904034	-2.8080261344099745e+07	1.2190382432192564e+01
653	18.743803	-2.8080197990877245e+07	6.3353222500532866e+01
654	18.835648	-2.8080138771236904e+07	5.9219640340656042e+01
655	18.781533	-2.8080081612372227e+07	5.7158864676952362e+01
656	18.924414	-2.8080036795870729e+07	4.4816501498222351e+01
657	19.803647	-2.8079992718645096e+07	4.4077225632965565e+01
658	19.260489	-2.8080260765802562e+07	-2.6804715746641159e+02
659	19.086450	-2.8080238221938748e+07	2.2543863814324141e+01
660	18.894366	-2.8080184120357424e+07	5.4101581323891878e+01
661	18.729579	-2.8080133051410500e+07	5.1068946924060583e+01
662	18.893121	-2.8080084092675924e+07	4.8958734575659037e+01
663	18.693084	-2.8080155405196182e+07	-7.1312520258128643e+01
664	18.632523	-2.8080096770476226e+07	5.8634719956666231e+01
665	18.837952	-2.8080111979297925e+07	-1.5208821699023247e+01
666	18.593038	-2.8080074132741697e+07	3.7846556227654219e+01
667	18.653116	-2.8080041748375949e+07	3.2384365748614073e+01
668	19.324075	-2.8080014229996093e+07	2.7518379855901003e+01
669	19.818479	-2.8080295187742759e+07	-2.8095774666592479e+02
670	19.199756	-2.8080248786982790e+07	4.6400759968906641e+01
671	18.892147	-2.8080310058211416e+07	-6.1271228626370430e+01
672	19.111679	-2.8080251517895237e+07	5.8540316179394722e+01
673	19.824197	-2.8080199825627729e+07	5.1692267507314682e+01
674	19.736955	-2.8080151353761062e+07	4.8471866667270660e+01
675	19.413412	-2.8080102660521217e+07	4.8693239845335484e+01
676	19.052293	-2.8080059222503111e+07	4.3438018105924129e+01
677	18.910238	-2.8080325378450014e+07	-2.6615594690293074e+02
678	18.869143	-2.8080255244213894e+07	7.0134236119687557e+01
679	18.754306	-2.8080190148096278e+07	6.5096117615699768e+01
680	18.891736	-2.8080126335801814e+07	6.3812294464558363e+01
681	18.645812	-2.8080069290970441e+07	5.7044831372797489e+01
682	18.770064	-2.8080031197094452e+07	3.8093875989317894e+01
683	18.856811	-2.8080156448362928e+07	-1.2525126847624779e+02
684	18.795167	-2.8080107569237921e+07	4.8879125006496906e+01
685	19.178510	-2.8080165809404925e+07	-5.8240167003124952e+01
686	19.655585	-2.8080112052361593e+07	5.3757043331861496e+01
687	19.694125	-2.8080215980515990e+07	-1.0392815439775586e+02
688	19.405509	-2.8080156316079900e+07	5.9664436090737581e+01
689	19.159456	-2.8080101629091468e+07	5.4686988431960344e+01
690	18.852218	-2.8080138037761904e+07	-3.6408670436590910e+01
691	18.945035	-2.8080442213833973e+07	-3.0417607206851244e+02
692	18.670949	-2.8080371341806468e+07	7.0872027505189180e+01
693	18.903340	-2.8080310664676029e+07	6.0677130438387394e+01
694	18.638411	-2.8080296568502802e+07	1.4096173226833344e+01
695	18.804955	-2.8080236692193814e+07	5.9876308988779783e+01
696	18.819624	-2.8080180087583557e+07	5.6604610256850719e+01
697	18.894623	-2.8080261479590803e+07	-8.1392007246613503e+01
698	18.658079	-2.8080194761571746e+07	6.6718019057065248e+01
699	18.810916	-2.8080134161953717e+07	6.0599618028849363e+01
700	18.703720	-2.8080132542099725e+07	1.6198539920151234e+00
701	18.665685	-2.8080472123751022e+07	-3.3958165129646659e+02
702	18.730597	-2.8080457077608097e+07	1.5046142924576998e+01
703	18.848826	-2.8080369925271016e+07	8.7152337081730366e+01
704	18.685575	-2.8080297792582087e+07	7.2132688928395510e+01
705	18.864124	-2.8080232272863869e+07	6.5519718218594790e+01
706	18.709621	-2.8080221248397995e+07	1.1024465873837471e+01
707	18.691042	-2.8080163422563720e+07	5.7825834274291992e+01
708	18.811241	-2.8080336895118184e+07	-1.7347255446389318e+02
709	18.720329	-2.8080267864365645e+07	6.9030752539634705e+01
710	18.727523	-2.8080205972925697e+07	6.1891439948230982e+01
711	18.791950	-2.8080155090465203e+07	5.0882460493594408e+01
712	18.804052	-2.8080106266710855e+07	4.8823754347860813e+01
713	18.756436	-2.8080228977716144e+07	-1.2271100528910756e+02
714	18.645295	-2.8080168512042202e+07	6.0465673942118883e+01
715	18.825428	-2.8080119490237400e+07	4.9021804802119732e+01
716	18.575950	-2.8080231583185695e+07	-1.1209294829517603e+02
717	18.620667	-2.8080183027492736e+07	4.8555692959576845e+01
718	18.797992	-2.8080144469297864e+07	3.8558194871991873e+01
719	18.817491	-2.8080105539697483e+07	3.8929600380361080e+01
720	18.621595	-2.8080067231583923e+07	3.8308113560080528e+01
721	18.830384	-2.8080078598576628e+07	-1.1366992704570293e+01
722	18.681804	-2.8080039122496840e+07	3.9476079788058996e+01
723	18.617753	-2.8080217282807309e+07	-1.7816031046956778e+02
724	18.749345	-2.8080163560490284e+07	5.3722317025065422e+01
725	18.834266	-2.8080116748676144e+07	4.6811814140528440e+01
726	18.737514	-2.8080074551410016e+07	4.2197266127914190e+01
727	18.734989	-2.8080034037833642e+07	4.0513576373457909e+01
728	18.768716	-2.8080167933155555e+07	-1.3389532191306353e+02
729	18.692120	-2.8080293616406914e+07	-1.2568325135856867e+02
730	18.569849	-2.8080339768119883e+07	-4.6151712968945503e+01
731	18.766089	-2.8080281915401716e+07	5.7852718167006969e+01
732	18.739181	-2.8080230182273973e+07	5.1733127743005753e+01
733	18.695502	-2.8080180193093810e+07	4.9989180162549019e+01
734	18.874556	-2.8080134925329551e+07	4.5267764259129763e+01
735	18.829458	-2.8080089400504846e+07	4.5524824704974890e+01
736	18.657329	-2.8080164714472976e+07	-7.5313968129456043e+01
737	18.836010	-2.8080110134397179e+07	5.4580075796693563e+01
738	18.703652	-2.8080126233404648e+07	-1.6099007468670607e+01
739	18.620667	-2.8080235738925196e+07	-1.0950552054867148e+02
740	18.801480	-2.8080176957388241e+07	5.8781536955386400e+01
741	18.942041	-2.8080129144604947e+07	4.7812783293426037e+01
742	18.749186	-2.8080281183871489e+07	-1.5203926654160023e+02
743	18.757465	-2.8080221486856028e+07	5.9697015460580587e+01
744	18.875670	-2.8080171420407899e+07	5.0066448129713535e+01
745	18.721432	-2.8080205401353478e+07	-3.3980945579707623e+01
746	18.623250	-2.8080146643319879e+07	5.8758033599704504e+01
747	18.814727	-2.8080101725637790e+07	4.4917682088911533e+01
748	18.829526	-2.8080051564212214e+07	5.0161425575613976e+01
749	18.722413	-2.8080130132331084e+07	-7.8568118870258331e+01
750	18.823072	-2.8080280235477053e+07	-1.5010314596816897e+02
751	18.827927	-2.8080213410848834e+07	6.6824628219008446e+01
752	18.687659	-2.8080163358401369e+07	5.0052447464317083e+01
753	18.881618	-2.8080113417993441e+07	4.9940407928079367e+01
754	18.743783	-2.8080114519401647e+07	-1.1014082059264183e+00
755	18.834736	-2.8080064436420221e+07	5.0082981426268816e+01
756	18.781504	-2.8080183082767755e+07	-1.1864634753391147e+02
757	18.806270	-2.8080205377204943e+07	-2.2294437188655138e+01
758	18.686456	-2.8080244197412781e+07	-3.8820207837969065e+01
759	18.642374	-2.8080180164875150e+07	6.4032537631690502e+01
760	18.769640	-2.8080168589670226e+07	1.1575204923748970e+01
761	18.703180	-2.8080119241150998e+07	4.9348519228398800e+01
762	18.589329	-2.8080117183812462e+07	2.0573385357856750e+00
763	18.770340	-2.8080226182888627e+07	-1.0899907616525888e+02
764	18.770531	-2.8080290653512068e+07	-6.4470623441040516e+01
765	18.689938	-2.8080232051128108e+07	5.8602383960038424e+01
766	18.771594	-2.8080178342400204e+07	5.3708727903664112e+01
767	18.734541	-2.8080126669902675e+07	5.1672497529536486e+01
768	18.596443	-2.8080266865454085e+07	-1.4019555141031742e+02
769	18.721135	-2.8080206227195509e+07	6.0638258576393127e+01
770	18.730333	-2.8080157227494746e+07	4.8999700762331486e+01
771	18.643172	-2.8080154272746190e+07	2.9547485560178757e+00
772	18.456510	-2.8080282441901609e+07	-1.2816915541887283e+02
773	18.495306	-2.8080217398533873e+07	6.5043367736041546e+01
774	18.304629	-2.8080208987813361e+07	8.4107205122709274e+00
775	18.351072	-2.8080150188974906e+07	5.8798838455229998e+01
776	18.523814	-2.8080224939379532e+07	-7.4750404626131058e+01
777	18.601445	-2.8080484468820024e+07	-2.5952944049239159e+02
778	18.352457	-2.8080403733323008e+07	8.0735497016459703e+01
779	18.818059	-2.8080336443523116e+07	6.7289799891412258e+01
780	19.195630	-2.8080272977405801e+07	6.3466117314994335e+01
781	18.800090	-2.8080214400711793e+07	5.8576694007962942e+01
782	18.504452	-2.8080159983977228e+07	5.4416734565049410e+01
783	19.373616	-2.8080106650254387e+07	5.3333722840994596e+01
784	18.865497	-2.8080442263653457e+07	-3.3561339906975627e+02
785	18.650279	-2.8080368676544428e+07	7.3587109029293060e+01
786	18.673993	-2.8080297476468056e+07	7.1200076371431351e+01
787	18.415631	-2.8080225753979117e+07	7.1722488939762115e+01
788	18.410970	-2.8080157232360389e+07	6.8521618727594614e+01
789	18.057501	-2.8080243824331399e+07	-8.6591971009969711e+01
790	18.220318	-2.8080301146035176e+07	-5.7321703776717186e+01
791	18.111819	-2.8080234296957448e+07	6.6849077727645636e+01
792	17.841998	-2.8080176044208355e+07	5.8252749092876911e+01
793	17.737675	-2.8080118024916362e+07	5.8019291993230581e+01
794	17.897261	-2.8080127916365605e+07	-9.8914492428302765e+00
795	17.816161	-2.8080381331128269e+07	-2.5341476266458631e+02
796	17.474754	-2.8080308074517928e+07	7.3256610341370106e+01
797	17.548585	-2.8080331442705922e+07	-2.3368187993764877e+01
798	17.509553	-2.8080264764479779e+07	6.6678226143121719e+01
799	17.252556	-2.8080202405520119e+07	6.2358959659934044e+01
800	17.126804	-2.8080211567111861e+07	-9.1615917421877384e+00
801	17.130819	-2.8080613946052421e+07	-4.0237894055992365e+02
802	17.119653	-2.8080519994114876e+07	9.3951937545090914e+01
803	16.702295	-2.8080437967608046e+07	8.2026506830006838e+01
804	16.620684	-2.8080358205917757e+07	7.9761690288782120e+01
805	16.646697	-2.8080282840221927e+07	7.5365695830434561e+01
806	16.174421	-2.8080481413755190e+07	-1.9857353326305747e+02
807	16.157390	-2.8080376982960075e+07	1.0443079511448741e+02
808	16.162371	-2.8080291371501185e+07	8.5611458890140057e+01
809	16.140437	-2.8080213612489559e+07	7.7759011626243591e+01
810	15.987193	-2.8080146025443632e+07	6.7587045926600695e+01
811	15.806721	-2.8080354043564338e+07	-2.0801812070608139e+02
812	15.730361	-2.8080267257470980e+07	8.6786093357950449e+01
813	15.861068	-2.8080194299083032e+07	7.2958387948572636e+01
814	15.650493	-2.8080140112314757e+07	5.4186768274754286e+01
815	15.621034	-2.8080094887703244e+07	4.5224611513316631e+01
816	15.416868	-2.8080302632589940e+07	-2.0774488669633865e+02
817	15.447741	-2.8080235084536307e+07	6.7548053633421659e+01
818	15.353678	-2.8080175608517189e+07	5.9476019117981195e+01
819	15.455134	-2.8080119300168816e+07	5.6308348372578621e+01
820	15.401239	-2.8080215699796744e+07	-9.6399627927690744e+01
821	15.570271	-2.8080207775473054e+07	7.9243236891925335e+00
822	15.509187	-2.8080150935732849e+07	5.6839740205556154e+01
823	15.572788	-2.8080205610258549e+07	-5.4674525700509548e+01
824	15.515954	-2.8080150316177405e+07	5.5294081144034863e+01
825	15.551734	-2.8080110145385236e+07	4.0170792169868946e+01
826	15.614247	-2.8080209410419807e+07	-9.9265034571290016e+01
827	15.518851	-2.8080160573969848e+07	4.8836449958384037e+01
828	15.508367	-2.8080270018172394e+07	-1.0944420254603028e+02
829	15.490960	-2.8080209335949007e+07	6.0682223387062550e+01
830	15.485046	-2.8080143387925003e+07	6.5948024004697800e+01
831	15.561026	-2.8080087138113864e+07	5.6249811138957739e+01
832	15.523510	-2.8080041892614849e+07	4.5245499014854431e+01
833	15.517768	-2.8079999901890051e+07	4.1990724798291922e+01
834	15.560756	-2.8079959571373016e+07	4.0330517034977674e+01
835	15.375179	-2.8080163627021845e+07	-2.0405564882978797e+02
836	15.477617	-2.8080111245150618e+07	5.2381871227174997e+01
837	15.562721	-2.8080141644329134e+07	-3.0399178516119719e+01
838	15.555066	-2.8080176410763081e+07	-3.4766433946788311e+01
839	15.498029	-2.8080127682743151e+07	4.8728019930422306e+01
840	15.523484	-2.8080084718612354e+07	4.2964130796492100e+01
841	15.458905	-2.8080048399285320e+07	3.6319327034056187e+01
842	15.499671	-2.8080015680915095e+07	3.2718370225280523e+01
843	15.378759	-2.8080070753463380e+07	-5.5072548285126686e+01
844	15.444573	-2.8080142474371664e+07	-7.1720908284187317e+01
845	15.306306	-2.8080084341427471e+07	5.8132944192737341e+01
846	15.262156	-2.8080034399378937e+07	4.9942048534750938e+01
847	15.291199	-2.8079985523612674e+07	4.8875766262412071e+01
848	15.382692	-2.8080279048319999e+07	-2.9352470732480288e+02
849	15.473578	-2.8080214079510123e+07	6.4968809876590967e+01
850	15.568519	-2.8080166197307680e+07	4.7882202442735434e+01
851	15.306808	-2.8080119220716164e+07	4.6976591516286135e+01
852	15.301153	-2.8080295932052732e+07	-1.7671133656799793e+02
853	15.248528	-2.8080236036632258e+07	5.9895420473068953e+01
854	15.239789	-2.8080252160512596e+07	-1.6123880337923765e+01
855	15.144167	-2.8080198605309151e+07	5.3555203445255756e+01
856	15.011436	-2.8080149537413828e+07	4.9067895323038101e+01
857	14.746591	-2.8080100891702522e+07	4.8645711306482553e+01
858	14.724704	-2.8080116856395196e+07	-1.5964692674577236e+01
859	14.716894	-2.8080350638151765e+07	-2.3378175656870008e+02
860	14.929030	-2.8080284086092606e+07	6.6552059158682823e+01
861	14.747276	-2.8080233230722822e+07	5.0855369783937931e+01
862	14.763332	-2.8080185392069507e+07	4.7838653314858675e+01
863	14.696375	-2.8080143147410724e+07	4.2244658783078194e+01
864	14.764890	-2.8080102242888469e+07	4.0904522255063057e+01
865	14.710319	-2.8080061619261663e+07	4.0623626805841923e+01
866	14.764919	-2.8080227585166696e+07	-1.6596590503305197e+02
867	14.760484	-2.8080267881105769e+07	-4.0295939072966576e+01
868	14.735217	-2.8080385214874245e+07	-1.1733376847580075e+02
869	14.752206	-2.8080310918649860e+07	7.4296224385499954e+01
870	14.737967	-2.8080242928498521e+07	6.7990151338279247e+01
871	14.718687	-2.8080175473679442e+07	6.7454819079488516e+01
872	14.760111	-2.8080339674426656e+07	-1.6420074721425772e+02
873	14.730077	-2.8080273614556264e+07	6.6059870392084122e+01
874	14.832040	-2.8080263505397413e+07	1.0109158851206303e+01
875	14.769475	-2.8080234749081444e+07	2.8756315968930721e+01
876	14.750796	-2.8080244355874863e+07	-9.6067934185266495e+00
877	14.728835	-2.8080265859361153e+07	-2.1503486290574074e+01
878	14.760352	-2.8080194532153543e+07	7.1327207610011101e+01
879	14.679327	-2.8080129499464322e+07	6.5032689221203327e+01
880	14.719122	-2.8080066463409755e+07	6.3036054566502571e+01
881	14.718787	-2.8080018636215739e+07	4.7827194016426802e+01
882	14.750245	-2.8079984997248434e+07	3.3638967305421829e+01
883	14.733649	-2.8080027589398522e+07	-4.2592150088399649e+01
884	14.719356	-2.8079994995300870e+07	3.2594097651541233e+01
885	14.724488	-2.8080093439715531e+07	-9.8444414660334587e+01
886	14.752915	-2.8080165483813766e+07	-7.2044098235666752e+01
887	14.764375	-2.8080210648765668e+07	-4.5164951901882887e+01
888	14.771661	-2.8080155468021534e+07	5.5180744133889675e+01
889	14.733974	-2.8080106542433817e+07	4.8925587717443705e+01
890	14.726922	-2.8080062605226580e+07	4.3937207236886024e+01
891	14.711340	-2.8080092950773060e+07	-3.0345546480268240e+01
892	14.730312	-2.8080056623335704e+07	3.6327437356114388e+01
893	14.704674	-2.8080130723437995e+07	-7.4100102290511131e+01
894	14.827829	-2.8080085591566995e+07	4.5131870999932289e+01
895	14.780965	-2.8080048553151608e+07	3.7038415387272835e+01
896	14.710292	-2.8080013688191514e+07	3.4864960093051195e+01
897	14.691023	-2.8079978443755180e+07	3.5244436334818602e+01
898	14.730318	-2.8079945118865035e+07	3.3324890144169331e+01
899	14.716337	-2.8079914063752890e+07	3.1055112145841122e+01
900	14.793925	-2.8080188715905000e+07	-2.7465215210989118e+02
901	14.710815	-2.8080372524608497e+07	-1.8380870349705219e+02
902	14.721155	-2.8080446757800400e+07	-7.4233191903680563e+01
903	14.838440	-2.8080365346834909e+07	8.1410965491086245e+01
904	14.839167	-2.8080290520282995e+07	7.4826551914215088e+01
905	14.957635	-2.8080225035241880e+07	6.5485041115432978e+01
906	15.013807	-2.8080306884369593e+07	-8.1849127713590860e+01
907	14.950021	-2.8080238007338978e+07	6.8877030614763498e+01
908	14.856783	-2.8080236531415809e+07	1.4759231694042683e+00
909	14.950019	-2.8080175337658569e+07	6.1193757239729166e+01
910	14.903892	-2.8080115549727105e+07	5.9787931464612484e+01
911	14.888547	-2.8080219086716577e+07	-1.0353698947280645e+02
912	15.064758	-2.8080145143522106e+07	7.3943194471299648e+01
913	14.735914	-2.8080082962264210e+07	6.2181257896125317e+01
914	14.960948	-2.8080033632210515e+07	4.9330053694546223e+01
915	15.059561	-2.8080002555123270e+07	3.1077087245881557e+01
916	14.753532	-2.8080144617428336e+07	-1.4206230506673455e+02
917	14.742366	-2.8080278121016432e+07	-1.3350358809530735e+02
918	14.717937	-2.8080223607418016e+07	5.4513598416000605e+01
919	14.761662	-2.8080173416222125e+07	5.0191195890307426e+01
920	14.830156	-2.8080125964019302e+07	4.7452202823013067e+01
921	14.857476	-2.8080214925684456e+07	-8.8961665153503418e+01
922	14.807083	-2.8080162422593955e+07	5.2503090500831604e+01
923	14.837344	-2.8080119651337426e+07	4.2771256528794765e+01
924	14.816247	-2.8080215528816510e+07	-9.5877479083836079e+01
925	14.845684	-2.8080162488640174e+07	5.3040176335722208e+01
926	14.922141	-2.8080274101436105e+07	-1.1161279593035579e+02
927	14.860946	-2.8080212531651489e+07	6.1569784615188837e+01
928	15.002559	-2.8080159912107963e+07	5.2619543526321650e+01
929	15.030609	-2.8080106791205503e+07	5.3120902460068464e+01
930	15.023374	-2.8080056346158147e+07	5.0445047356188297e+01
931	15.044629	-2.8080013114890203e+07	4.3231267943978310e+01
932	14.962992	-2.8080416262783416e+07	-4.0314789321273565e+02
933	14.893204	-2.8080344615487617e+07	7.1647295799106359e+01
934	15.049217	-2.8080279809135899e+07	6.4806351717561483e+01
935	15.027358	-2.8080277600643057e+07	2.2084928415715694e+00
936	14.850856	-2.8080215507423222e+07	6.2093219835311174e+01
937	14.806204	-2.8080160564768825e+07	5.4942654397338629e+01
938	14.815634	-2.8080109006768279e+07	5.1558000545948744e+01
939	14.810325	-2.8080339986731697e+07	-2.3097996341809630e+02
940	15.118245	-2.8080267472022407e+07	7.2514709290117025e+01
941	14.914657	-2.8080215350433450e+07	5.2121588956564665e+01
942	14.884134	-2.8080159848802090e+07	5.5501631360501051e+01
943	14.812378	-2.8080209307942521e+07	-4.9459140431135893e+01
944	14.820567	-2.8080164423757959e+07	4.4884184561669827e+01
945	15.096649	-2.8080297450890515e+07	-1.3302713255584240e+02
946	15.000571	-2.8080231235242218e+07	6.6215648297220469e+01
947	15.023857	-2.8080174469540671e+07	5.6765701547265053e+01
948	15.162437	-2.8080120032172348e+07	5.4437368322163820e+01
949	15.102206	-2.8080070413780380e+07	4.9618391968309879e+01
950	15.072792	-2.8080022104760911e+07	4.8309019468724728e+01
951	15.077895	-2.8080266622536674e+07	-2.4451777576282620e+02
952	15.177362	-2.8080203917545661e+07	6.2704991012811661e+01
953	15.078224	-2.8080318665808272e+07	-1.1474826261028647e+02
954	15.012312	-2.8080257460783105e+07	6.1205025166273117e+01
955	15.051309	-2.8080196565651912e+07	6.0895131193101406e+01
956	14.813542	-2.8080140172729075e+07	5.6392922837287188e+01
957	14.856211	-2.8080219921471812e+07	-7.9748742736876011e+01
958	14.906462	-2.8080165277437534e+07	5.4644034277647734e+01
959	14.849552	-2.8080168432365067e+07	-3.1549275331199169e+00
960	15.143030	-2.8080118968035348e+07	4.9464329719543457e+01
961	14.975860	-2.8080077202256955e+07	4.1765778392553329e+01
962	15.019684	-2.8080229971205857e+07	-1.5276894890144467e+02
963	15.028485	-2.8080166906131353e+07	6.3065074503421783e+01
964	14.942062	-2.8080110661310852e+07	5.6244820501655340e+01
965	14.940046	-2.8080064589149833e+07	4.6072161018848419e+01
966	15.038049	-2.8080135617611319e+07	-7.1028461486101151e+01
967	15.109208	-2.8080079009470083e+07	5.6608141236007214e+01
968	15.050992	-2.8080035767886233e+07	4.3241583850234747e+01
969	15.005329	-2.8080142576335840e+07	-1.0680844960734248e+02
970	14.999391	-2.8080100083542440e+07	4.2492793399840593e+01
971	15.109067	-2.8080064799225312e+07	3.5284317128360271e+01
972	15.210537	-2.8080074575438108e+07	-9.7762127965688705e+00
973	15.040091	-2.8080037384265389e+07	3.7191172719001770e+01
974	15.062012	-2.8080069260924064e+07	-3.1876658674329519e+01
975	15.072418	-2.8080080921371527e+07	-1.1660447463393211e+01
976	15.197223	-2.8080231904560272e+07	-1.5098318874463439e+02
977	15.043862	-2.8080178970794242e+07	5.2933766029775143e+01
978	15.092934	-2.8080131488605589e+07	4.7482188653200865e+01
979	15.135285	-2.8080085925456870e+07	4.5563148718327284e+01
980	15.116302	-2.8080042247773994e+07	4.3677682876586914e+01
981	15.028827	-2.8080004166460373e+07	3.8081313621252775e+01
982	15.326184	-2.8080205507425990e+07	-2.0134096561744809e+02
983	15.057754	-2.8080151426664330e+07	5.4080761659890413e+01
984	15.161097	-2.8080104620564118e+07	4.6806100212037563e+01
985	15.063075	-2.8080059705398932e+07	4.4915165185928345e+01
986	15.117050	-2.8080018824296553e+07	4.0881102379411459e+01
987	15.063858	-2.8079976669705048e+07	4.2154591504484415e+01
988	15.071077	-2.8079940834582545e+07	3.5835122503340244e+01
989	14.934402	-2.8080013346585572e+07	-7.2512003026902676e+01
990	15.019210	-2.8080402064942293e+07	-3.8871835672110319e+02
991	15.008177	-2.8080331069669336e+07	7.0995272956788540e+01
992	15.003550	-2.8080270600281481e+07	6.0469387855380774e+01
993	14.902879	-2.8080214186104789e+07	5.6414176691323519e+01
994	15.092902	-2.8080163903091844e+07	5.0283012945204973e+01
995	14.942537	-2.8080176546561275e+07	-1.2643469430506229e+01
996	15.291450	-2.8080131952987451e+07	4.4593573823571205e+01
997	15.170535	-2.8080085941666435e+07	4.6011321015655994e+01
998	15.029085	-2.8080104918049011e+07	-1.8976382575929165e+01
999	14.937655	-2.8080052813827515e+07	5.2104221496731043e+01
1000	15.160878	-2.8080203703709934e+07	-1.5088988241925836e+02

Writing Q matrix to /global/home/users/deboraycb/scratch/atahualpa/analysis/ohana/maf05_3/structure/merge2_20M_allchr_snps_maf05_k7_mi1000_1_q.matrix
Writing F matrix to /global/home/users/deboraycb/scratch/atahualpa/analysis/ohana/maf05_3/structure/merge2_20M_allchr_snps_maf05_k7_mi1000_1_f.matrix
