seed: 94236801

iter	duration	log_likelihood	delta-lle
0	2.943637	-4.4152916356477879e+07
1	22.022867	-3.9358545591401532e+07	4.7943707650763467e+06
2	21.215799	-3.4851630762071580e+07	4.5069148293299526e+06
3	20.998903	-3.4043643111953206e+07	8.0798765011837333e+05
4	20.910551	-3.3436911722652856e+07	6.0673138930035010e+05
5	20.659133	-3.2876330932418294e+07	5.6058079023456201e+05
6	20.930756	-3.2328606406426392e+07	5.4772452599190176e+05
7	20.571670	-3.1778283356367670e+07	5.5032305005872250e+05
8	21.338864	-3.1239816647237889e+07	5.3846670912978053e+05
9	20.877655	-3.0715840615145169e+07	5.2397603209272027e+05
10	20.762817	-3.0192191207629867e+07	5.2364940751530230e+05
11	20.252624	-2.9683509094648134e+07	5.0868211298173293e+05
12	20.507978	-2.9213746666886609e+07	4.6976242776152492e+05
13	20.025220	-2.8810255194350898e+07	4.0349147253571078e+05
14	20.336881	-2.8502476621348780e+07	3.0777857300211862e+05
15	19.942983	-2.8308998396694642e+07	1.9347822465413809e+05
16	20.037754	-2.8216165369673669e+07	9.2833027020972222e+04
17	19.959468	-2.8181607336058345e+07	3.4558033615324646e+04
18	19.860940	-2.8166875853240203e+07	1.4731482818141580e+04
19	19.546235	-2.8157300666871622e+07	9.5751863685809076e+03
20	19.847876	-2.8149846916293543e+07	7.4537505780793726e+03
21	19.366139	-2.8143141808832068e+07	6.7051074614748359e+03
22	19.493825	-2.8137297112023309e+07	5.8446968087591231e+03
23	19.508311	-2.8132432606318552e+07	4.8645057047568262e+03
24	19.555953	-2.8128464933236927e+07	3.9676730816252530e+03
25	19.126401	-2.8124466780477457e+07	3.9981527594700456e+03
26	19.447596	-2.8121129548827317e+07	3.3372316501401365e+03
27	19.207241	-2.8118139571818136e+07	2.9899770091809332e+03
28	19.270663	-2.8115614258823551e+07	2.5253129945844412e+03
29	19.107698	-2.8114209722636476e+07	1.4045361870750785e+03
30	19.168651	-2.8112105075916313e+07	2.1046467201635242e+03
31	18.860987	-2.8110144224454183e+07	1.9608514621295035e+03
32	19.469222	-2.8108361348211996e+07	1.7828762421868742e+03
33	19.506131	-2.8106690446611121e+07	1.6709016008749604e+03
34	19.291679	-2.8105074975846458e+07	1.6154707646630704e+03
35	19.029271	-2.8103582559266135e+07	1.4924165803231299e+03
36	19.037993	-2.8102147430398058e+07	1.4351288680769503e+03
37	18.906242	-2.8100815899899129e+07	1.3315304989293218e+03
38	18.793513	-2.8099550422098190e+07	1.2654778009392321e+03
39	18.782863	-2.8098366970698182e+07	1.1834514000080526e+03
40	18.971375	-2.8097240715160653e+07	1.1262555375285447e+03
41	18.521543	-2.8095980348796453e+07	1.2603663641996682e+03
42	19.107441	-2.8094682264956433e+07	1.2980838400200009e+03
43	19.145569	-2.8093290129882123e+07	1.3921350743100047e+03
44	18.829316	-2.8091870286560170e+07	1.4198433219529688e+03
45	18.561456	-2.8090192675024759e+07	1.6776115354113281e+03
46	18.622011	-2.8088534859744757e+07	1.6578152800016105e+03
47	18.395555	-2.8086744022944111e+07	1.7908368006460369e+03
48	18.327842	-2.8085317952558164e+07	1.4260703859478235e+03
49	18.267665	-2.8084274008697566e+07	1.0439438605979085e+03
50	18.404045	-2.8083711332709868e+07	5.6267598769813776e+02
51	18.079074	-2.8083301485293962e+07	4.0984741590544581e+02
52	18.397624	-2.8082945506880660e+07	3.5597841330245137e+02
53	18.149232	-2.8082619335995562e+07	3.2617088509723544e+02
54	18.185175	-2.8082399748105384e+07	2.1958789017796516e+02
55	18.170994	-2.8082120466902744e+07	2.7928120264038444e+02
56	18.383264	-2.8081859041554689e+07	2.6142534805461764e+02
57	18.191015	-2.8081608158266313e+07	2.5088328837603331e+02
58	18.234481	-2.8081365316562530e+07	2.4284170378372073e+02
59	18.254575	-2.8081182455690663e+07	1.8286087186634541e+02
60	18.192830	-2.8080942566945210e+07	2.3988874545320868e+02
61	17.989630	-2.8080706751419306e+07	2.3581552590429783e+02
62	18.334920	-2.8080474959509145e+07	2.3179191016033292e+02
63	18.157844	-2.8080251056592591e+07	2.2390291655436158e+02
64	18.153428	-2.8080025255421810e+07	2.2580117078125477e+02
65	18.231472	-2.8079793167090598e+07	2.3208833121135831e+02
66	18.371877	-2.8079557239405829e+07	2.3592768476903439e+02
67	18.168748	-2.8079631801995225e+07	-7.4562589395791292e+01
68	18.193572	-2.8079358621598661e+07	2.7318039656430483e+02
69	18.215103	-2.8079086591373142e+07	2.7203022551909089e+02
70	18.195620	-2.8078806839053497e+07	2.7975231964513659e+02
71	17.956859	-2.8078750822870187e+07	5.6016183309257030e+01
72	18.698970	-2.8078449553964354e+07	3.0126890583336353e+02
73	18.668565	-2.8078153451263960e+07	2.9610270039364696e+02
74	18.398043	-2.8077871371480368e+07	2.8207978359237313e+02
75	18.202841	-2.8077627211896628e+07	2.4415958373993635e+02
76	18.353179	-2.8077522118606262e+07	1.0509329036623240e+02
77	18.086678	-2.8077316986428130e+07	2.0513217813149095e+02
78	18.125059	-2.8077132149124335e+07	1.8483730379492044e+02
79	18.178980	-2.8077158140947379e+07	-2.5991823043674231e+01
80	18.387287	-2.8077013242872816e+07	1.4489807456359267e+02
81	18.028091	-2.8076892033642884e+07	1.2120922993123531e+02
82	18.309337	-2.8076789467591628e+07	1.0256605125591159e+02
83	18.064683	-2.8076801532398310e+07	-1.2064806681126356e+01
84	18.743100	-2.8076891159643732e+07	-8.9627245422452688e+01
85	18.492524	-2.8076801528724626e+07	8.9630919106304646e+01
86	18.448064	-2.8076719987897299e+07	8.1540827326476574e+01
87	18.062736	-2.8076645875791050e+07	7.4112106248736382e+01
88	18.382309	-2.8076580052754197e+07	6.5823036853224039e+01
89	18.137270	-2.8076522636516828e+07	5.7416237369179726e+01
90	18.221093	-2.8076798179057654e+07	-2.7554254082590342e+02
91	18.244746	-2.8076709821610786e+07	8.8357446867972612e+01
92	18.174732	-2.8076631074741572e+07	7.8746869213879108e+01
93	17.934318	-2.8076560269343223e+07	7.0805398348718882e+01
94	18.296747	-2.8076495812341671e+07	6.4457001551985741e+01
95	18.158396	-2.8076433495177757e+07	6.2317163914442062e+01
96	18.148736	-2.8076884875802062e+07	-4.5138062430545688e+02
97	18.163046	-2.8076796874235082e+07	8.8001566980034113e+01
98	18.812912	-2.8076714645177923e+07	8.2229057159274817e+01
99	18.514258	-2.8076634235855516e+07	8.0409322407096624e+01
100	18.428395	-2.8076558966735996e+07	7.5269119519740343e+01
101	18.094073	-2.8076495303502914e+07	6.3663233082741499e+01
102	18.392883	-2.8076621076683499e+07	-1.2577318058535457e+02
103	18.583788	-2.8076547895877186e+07	7.3180806312710047e+01
104	18.749076	-2.8076484438010987e+07	6.3457866199314594e+01
105	18.265624	-2.8076424070940357e+07	6.0367070630192757e+01
106	18.367478	-2.8076368201992892e+07	5.5868947464972734e+01
107	18.201128	-2.8076376030690532e+07	-7.8286976404488087e+00
108	18.264268	-2.8076308555744812e+07	6.7474945720285177e+01
109	18.010347	-2.8076414457750488e+07	-1.0590200567618012e+02
110	18.345904	-2.8076365423822027e+07	4.9033928461372852e+01
111	18.001627	-2.8076323022455286e+07	4.2401366740465164e+01
112	18.127059	-2.8076284086819235e+07	3.8935636050999165e+01
113	18.156782	-2.8076302479351521e+07	-1.8392532285302877e+01
114	18.254910	-2.8076256104521286e+07	4.6374830234795809e+01
115	18.022440	-2.8076215528892551e+07	4.0575628735125065e+01
116	18.829381	-2.8076184888971765e+07	3.0639920786023140e+01
117	18.752525	-2.8076158910503875e+07	2.5978467889130116e+01
118	18.399350	-2.8076353910714805e+07	-1.9500021092966199e+02
119	18.199944	-2.8076310493258167e+07	4.3417456638067961e+01
120	18.368631	-2.8076270997098546e+07	3.9496159620583057e+01
121	18.134519	-2.8076452730397575e+07	-1.8173329902812839e+02
122	18.153621	-2.8076392583710246e+07	6.0146687328815460e+01
123	18.178971	-2.8076346601402242e+07	4.5982308004051447e+01
124	18.151665	-2.8076306931245536e+07	3.9670156706124544e+01
125	17.958392	-2.8076320033964142e+07	-1.3102718606591225e+01
126	18.280204	-2.8076270801649556e+07	4.9232314586639404e+01
127	18.092238	-2.8076226679308083e+07	4.4122341472655535e+01
128	18.137064	-2.8076525554872718e+07	-2.9887556463479996e+02
129	18.221154	-2.8076504523995765e+07	2.1030876953154802e+01
130	18.291644	-2.8076438248015273e+07	6.6275980491191149e+01
131	18.162108	-2.8076376642589889e+07	6.1605425383895636e+01
132	18.217209	-2.8076327577754464e+07	4.9064835425466299e+01
133	18.150967	-2.8076286655791704e+07	4.0921962760388851e+01
134	18.109862	-2.8076344614591204e+07	-5.7958799500018358e+01
135	17.947775	-2.8076509148959119e+07	-1.6453436791524291e+02
136	18.655877	-2.8076442913392983e+07	6.6235566135495901e+01
137	18.685303	-2.8076378987800770e+07	6.3925592213869095e+01
138	18.437769	-2.8076315469122775e+07	6.3518677994608879e+01
139	18.242062	-2.8076254113109201e+07	6.1356013573706150e+01
140	18.843624	-2.8076198586769737e+07	5.5526339463889599e+01
141	18.547764	-2.8076169693463527e+07	2.8893306210637093e+01
142	18.418032	-2.8076465562826078e+07	-2.9586936255171895e+02
143	18.069906	-2.8076407662642714e+07	5.7900183364748955e+01
144	18.397086	-2.8076357249092348e+07	5.0413550365716219e+01
145	18.157478	-2.8076307817300715e+07	4.9431791633367538e+01
146	18.240204	-2.8076496754353650e+07	-1.8893705293536186e+02
147	18.186090	-2.8076435670239251e+07	6.1084114398807287e+01
148	18.182183	-2.8076384663472403e+07	5.1006766848266125e+01
149	17.976297	-2.8076334466940794e+07	5.0196531608700752e+01
150	18.357457	-2.8076294162369072e+07	4.0304571721702814e+01
151	18.230746	-2.8076371538416147e+07	-7.7376047074794769e+01
152	18.585634	-2.8076311594535075e+07	5.9943881072103977e+01
153	18.739791	-2.8076730988985002e+07	-4.1939444992691278e+02
154	18.372880	-2.8076634097261477e+07	9.6891723524779081e+01
155	18.351487	-2.8076553912999228e+07	8.0184262249618769e+01
156	18.825190	-2.8076479427514281e+07	7.4485484946519136e+01
157	18.500316	-2.8076416954252213e+07	6.2473262067884207e+01
158	18.404400	-2.8076554162915871e+07	-1.3720866365730762e+02
159	18.105572	-2.8076483809832938e+07	7.0353082932531834e+01
160	18.377390	-2.8076426689834360e+07	5.7119998577982187e+01
161	18.186461	-2.8076372199988574e+07	5.4489845786243677e+01
162	19.111559	-2.8076321204197116e+07	5.0995791457593441e+01
163	18.725663	-2.8076393309638999e+07	-7.2105441883206367e+01
164	18.384679	-2.8076337609764185e+07	5.5699874814599752e+01
165	18.202744	-2.8076287446490601e+07	5.0163273584097624e+01
166	18.337333	-2.8076295158996250e+07	-7.7125056497752666e+00
167	18.149718	-2.8076258895503566e+07	3.6263492684811354e+01
168	18.099605	-2.8076455736918412e+07	-1.9684141484647989e+02
169	18.150057	-2.8076399627247907e+07	5.6109670504927635e+01
170	18.324699	-2.8076352183081344e+07	4.7444166563451290e+01
171	18.021963	-2.8076307726762280e+07	4.4456319063901901e+01
172	18.268449	-2.8076271264913518e+07	3.6461848761886358e+01
173	18.049594	-2.8076234241041195e+07	3.7023872323334217e+01
174	18.185430	-2.8076314104074053e+07	-7.9863032858818769e+01
175	18.872262	-2.8076266466524404e+07	4.7637549649924040e+01
176	18.591430	-2.8076220422016505e+07	4.6044507898390293e+01
177	18.340866	-2.8076389538995091e+07	-1.6911697858572006e+02
178	18.235999	-2.8076328751875810e+07	6.0787119280546904e+01
179	18.265202	-2.8076276551062457e+07	5.2200813353061676e+01
180	18.098522	-2.8076370434422802e+07	-9.3883360344916582e+01
181	18.161703	-2.8076413318410911e+07	-4.2883988108485937e+01
182	18.217770	-2.8076370519514646e+07	4.2798896264284849e+01
183	18.267607	-2.8076333085462417e+07	3.7434052228927612e+01
184	18.247687	-2.8076293178561449e+07	3.9906900968402624e+01
185	18.171312	-2.8076536182616558e+07	-2.4300405510887504e+02
186	18.204154	-2.8076472163020309e+07	6.4019596248865128e+01
187	17.927838	-2.8076420700277217e+07	5.1462743092328310e+01
188	18.339610	-2.8076369123164684e+07	5.1577112533152103e+01
189	18.175557	-2.8076325704808101e+07	4.3418356582522392e+01
190	18.141044	-2.8076476099190377e+07	-1.5039438227564096e+02
191	18.171361	-2.8076422935050104e+07	5.3164140272885561e+01
192	18.220636	-2.8076379338642348e+07	4.3596407756209373e+01
193	18.192419	-2.8076335251999106e+07	4.4086643241345882e+01
194	18.208496	-2.8076365276366267e+07	-3.0024367161095142e+01
195	18.167206	-2.8076304987824492e+07	6.0288541775196791e+01
196	18.188443	-2.8076260772646453e+07	4.4215178038924932e+01
197	18.010769	-2.8076378765149467e+07	-1.1799250301346183e+02
198	18.348024	-2.8076327277914505e+07	5.1487234961241484e+01
199	18.176977	-2.8076288006559107e+07	3.9271355397999287e+01
200	18.173634	-2.8076253770681664e+07	3.4235877443104982e+01
201	18.152911	-2.8076222404956318e+07	3.1365725345909595e+01
202	18.171196	-2.8076377079570293e+07	-1.5467461397498846e+02
203	18.039507	-2.8076330534378964e+07	4.6545191328972578e+01
204	18.247098	-2.8076333054103073e+07	-2.5197241082787514e+00
205	18.264628	-2.8076284733406786e+07	4.8320696286857128e+01
206	18.191908	-2.8076243466863684e+07	4.1266543101519346e+01
207	17.992769	-2.8076202640771233e+07	4.0826092451810837e+01
208	18.269446	-2.8076425354444403e+07	-2.2271367317065597e+02
209	18.196510	-2.8076352125127122e+07	7.3229317281395197e+01
210	18.158347	-2.8076408011574175e+07	-5.5886447053402662e+01
211	18.144199	-2.8076353735182062e+07	5.4276392113417387e+01
212	18.197291	-2.8076311685942411e+07	4.2049239650368690e+01
213	17.978086	-2.8076381663541038e+07	-6.9977598626166582e+01
214	18.224587	-2.8076330031977173e+07	5.1631563864648342e+01
215	18.206337	-2.8076282307750095e+07	4.7724227078258991e+01
216	18.231503	-2.8076241142620239e+07	4.1165129855275154e+01
217	18.001634	-2.8076504239432685e+07	-2.6309681244567037e+02
218	18.361884	-2.8076437685266908e+07	6.6554165776818991e+01
219	18.198264	-2.8076385016788237e+07	5.2668478671461344e+01
220	18.123214	-2.8076333439579938e+07	5.1577208299189806e+01
221	18.182828	-2.8076293129856702e+07	4.0309723235666752e+01
222	18.212489	-2.8076419747735202e+07	-1.2661787850037217e+02
223	17.953924	-2.8076364422292378e+07	5.5325442824512720e+01
224	18.201876	-2.8076317062948789e+07	4.7359343588352203e+01
225	18.220303	-2.8076331642892540e+07	-1.4579943750053644e+01
226	18.235488	-2.8076288613094993e+07	4.3029797546565533e+01
227	18.011285	-2.8076249474699244e+07	3.9138395749032497e+01
228	18.310217	-2.8076252860371280e+07	-3.3856720365583897e+00
229	18.188512	-2.8076199430948656e+07	5.3429422624409199e+01
230	18.118681	-2.8076162634725302e+07	3.6796223353594542e+01
231	18.125622	-2.8076254028568916e+07	-9.1393843613564968e+01
232	18.246505	-2.8076213322459783e+07	4.0706109132617712e+01
233	17.987533	-2.8076320248217732e+07	-1.0692575794830918e+02
234	18.250568	-2.8076264500360951e+07	5.5747856780886650e+01
235	18.226054	-2.8076220256035160e+07	4.4244325790554285e+01
236	18.254337	-2.8076443401675336e+07	-2.2314564017578959e+02
237	18.022000	-2.8076395844086695e+07	4.7557588640600443e+01
238	18.303540	-2.8076357809214536e+07	3.8034872159361839e+01
239	18.032814	-2.8076321394346248e+07	3.6414868287742138e+01
240	18.131454	-2.8076284782805987e+07	3.6611540261656046e+01
241	18.154119	-2.8076531011096634e+07	-2.4622829064726830e+02
242	18.230060	-2.8076468125851106e+07	6.2885245528072119e+01
243	17.944927	-2.8076409143327959e+07	5.8982523147016764e+01
244	18.254511	-2.8076348724679120e+07	6.0418648838996887e+01
245	18.166748	-2.8076335307843108e+07	1.3416836012154818e+01
246	18.242274	-2.8076280187916927e+07	5.5119926180690527e+01
247	17.995876	-2.8076229943536073e+07	5.0244380854070187e+01
248	18.281099	-2.8076260050850451e+07	-3.0107314378023148e+01
249	18.045276	-2.8076556919388067e+07	-2.9686853761598468e+02
250	18.162077	-2.8076487981805049e+07	6.8937583018094301e+01
251	18.165591	-2.8076431490227815e+07	5.6491577234119177e+01
252	18.227010	-2.8076378568785749e+07	5.2921442065387964e+01
253	18.038546	-2.8076332300486501e+07	4.6268299248069525e+01
254	18.256067	-2.8076286265136126e+07	4.6035350374877453e+01
255	18.161923	-2.8076843459736370e+07	-5.5719460024312139e+02
256	18.283323	-2.8076751968763523e+07	9.1490972846746445e+01
257	18.042802	-2.8076666902666986e+07	8.5066096536815166e+01
258	18.284338	-2.8076582399660323e+07	8.4503006663173437e+01
259	18.034176	-2.8076507581835438e+07	7.4817824885249138e+01
260	18.089778	-2.8076447224902764e+07	6.0356932673603296e+01
261	18.174570	-2.8076450786346477e+07	-3.5614437125623226e+00
262	18.278718	-2.8076391517991588e+07	5.9268354889005423e+01
263	17.999791	-2.8076333981867410e+07	5.7536124177277088e+01
264	18.263360	-2.8076467824407786e+07	-1.3384254037588835e+02
265	18.173120	-2.8076390775752448e+07	7.7048655338585377e+01
266	18.318014	-2.8076318645311724e+07	7.2130440723150969e+01
267	18.097821	-2.8076309883517783e+07	8.7617939412593842e+00
268	18.281352	-2.8076251700942270e+07	5.8182575512677431e+01
269	18.077173	-2.8076217590966899e+07	3.4109975371509790e+01
270	18.094490	-2.8076422016330827e+07	-2.0442536392807961e+02
271	18.217706	-2.8076373767887171e+07	4.8248443655669689e+01
272	18.273677	-2.8076329732932072e+07	4.4034955099225044e+01
273	17.983366	-2.8076354150555942e+07	-2.4417623870074749e+01
274	18.343841	-2.8076574794249792e+07	-2.2064369384944439e+02
275	18.097684	-2.8076501423097912e+07	7.3371151879429817e+01
276	18.254818	-2.8076433282504406e+07	6.8140593506395817e+01
277	18.105772	-2.8076369591184903e+07	6.3691319502890110e+01
278	18.311791	-2.8076325354500890e+07	4.4236684013158083e+01
279	18.052749	-2.8076284992155705e+07	4.0362345185130835e+01
280	18.082134	-2.8076247343076210e+07	3.7649079494178295e+01
281	18.155168	-2.8076424730903920e+07	-1.7738782770931721e+02
282	18.326260	-2.8076370242145330e+07	5.4488758590072393e+01
283	18.002172	-2.8076322842525404e+07	4.7399619925767183e+01
284	18.270965	-2.8076276737448152e+07	4.6105077251791954e+01
285	18.088847	-2.8076234781166513e+07	4.1956281639635563e+01
286	18.247626	-2.8076195808582757e+07	3.8972583755850792e+01
287	18.101836	-2.8076163281350352e+07	3.2527232404798269e+01
288	18.318942	-2.8076554103549413e+07	-3.9082219906151295e+02
289	18.083528	-2.8076489229297269e+07	6.4874252144247293e+01
290	18.084586	-2.8076433668246750e+07	5.5561050519347191e+01
291	18.152199	-2.8076382082762487e+07	5.1585484262555838e+01
292	18.378470	-2.8076337572491284e+07	4.4510271202772856e+01
293	18.027963	-2.8076591369746938e+07	-2.5379725565388799e+02
294	18.296583	-2.8076529329154983e+07	6.2040591955184937e+01
295	18.078815	-2.8076477035604119e+07	5.2293550863862038e+01
296	18.090002	-2.8076424359974977e+07	5.2675629142671824e+01
297	18.110592	-2.8076370524198826e+07	5.3835776150226593e+01
298	18.313970	-2.8076671866655339e+07	-3.0134245651215315e+02
299	18.096678	-2.8076586431077395e+07	8.5435577943921089e+01
300	18.133160	-2.8076510111719523e+07	7.6319357872009277e+01
301	18.181203	-2.8076435831853494e+07	7.4279866028577089e+01
302	18.344758	-2.8076365065748595e+07	7.0766104899346828e+01
303	17.990509	-2.8076306204995785e+07	5.8860752809792757e+01
304	18.241076	-2.8076533813590568e+07	-2.2760859478265047e+02
305	18.070910	-2.8076467244417310e+07	6.6569173257797956e+01
306	18.088875	-2.8076407864278696e+07	5.9380138613283634e+01
307	18.155976	-2.8076356420718163e+07	5.1443560533225536e+01
308	18.317166	-2.8076315630702827e+07	4.0790015336126089e+01
309	18.076845	-2.8076438785052374e+07	-1.2315434954687953e+02
310	18.122153	-2.8076383013129104e+07	5.5771923270076513e+01
311	18.190775	-2.8076330489198923e+07	5.2523930180817842e+01
312	18.335058	-2.8076285600507885e+07	4.4888691037893295e+01
313	17.987737	-2.8076246217417929e+07	3.9383089955896139e+01
314	18.297288	-2.8076517448462125e+07	-2.7123104419559240e+02
315	18.065330	-2.8076452064141907e+07	6.5384320218116045e+01
316	18.097941	-2.8076390750786554e+07	6.1313355352729559e+01
317	18.111057	-2.8076331397957247e+07	5.9352829307317734e+01
318	18.337436	-2.8076291516734689e+07	3.9881222557276487e+01
319	18.133309	-2.8076313422099523e+07	-2.1905364833772182e+01
320	18.163845	-2.8076274602519982e+07	3.8819579541683197e+01
321	18.135998	-2.8076240275518205e+07	3.4327001776546240e+01
322	18.307995	-2.8076206593086150e+07	3.3682432055473328e+01
323	18.039945	-2.8076378231164526e+07	-1.7163807837665081e+02
324	18.271505	-2.8076327330345675e+07	5.0900818850845098e+01
325	18.096935	-2.8076280230403315e+07	4.7099942360073328e+01
326	18.091546	-2.8076233132307660e+07	4.7098095655441284e+01
327	18.139300	-2.8076191379875854e+07	4.1752431806176901e+01
328	18.325079	-2.8076297157507788e+07	-1.0577763193473220e+02
329	18.205946	-2.8076253137420282e+07	4.4020087506622076e+01
330	18.179366	-2.8076222175901853e+07	3.0961518429219723e+01
331	18.179729	-2.8076195916675858e+07	2.6259225994348526e+01
332	18.119518	-2.8076316011589400e+07	-1.2009491354227066e+02
333	17.978576	-2.8076591884814020e+07	-2.7587322461977601e+02
334	18.308007	-2.8076522540824961e+07	6.9343989059329033e+01
335	18.172352	-2.8076461854591213e+07	6.0686233747750521e+01
336	18.095470	-2.8076406734154902e+07	5.5120436310768127e+01
337	18.125353	-2.8076360478024594e+07	4.6256130307912827e+01
338	18.328033	-2.8076609897345286e+07	-2.4941932069137692e+02
339	18.127811	-2.8076531448740646e+07	7.8448604639619589e+01
340	18.143580	-2.8076458528497301e+07	7.2920243345201015e+01
341	18.180385	-2.8076394056119818e+07	6.4472377482801676e+01
342	18.160364	-2.8076341215829372e+07	5.2840290445834398e+01
343	17.985569	-2.8076752479666226e+07	-4.1126383685320616e+02
344	18.268572	-2.8076661338200402e+07	9.1141465824097395e+01
345	18.138777	-2.8076590147178955e+07	7.1191021446138620e+01
346	18.110552	-2.8076635770052951e+07	-4.5622873995453119e+01
347	18.146012	-2.8076567700982258e+07	6.8069070693105459e+01
348	18.324336	-2.8076509806212094e+07	5.7894770164042711e+01
349	18.179839	-2.8076450492961045e+07	5.9313251048326492e+01
350	18.177953	-2.8076502027540687e+07	-5.1534579642117023e+01
351	18.229187	-2.8076684277821086e+07	-1.8225028039887547e+02
352	18.150625	-2.8076594784546718e+07	8.9493274368345737e+01
353	17.950575	-2.8076510685222249e+07	8.4099324468523264e+01
354	18.331071	-2.8076427359955840e+07	8.3325266409665346e+01
355	18.176204	-2.8076531068793759e+07	-1.0370883791893721e+02
356	18.068211	-2.8076442951459199e+07	8.8117334559559822e+01
357	18.222985	-2.8076473540096927e+07	-3.0588637728244066e+01
358	18.219233	-2.8076415307306886e+07	5.8232790041714907e+01
359	18.136551	-2.8076357806246150e+07	5.7501060735434294e+01
360	18.180740	-2.8076413631566100e+07	-5.5825319949537516e+01
361	18.174159	-2.8076356215571463e+07	5.7415994636714458e+01
362	18.151660	-2.8076396937797107e+07	-4.0722225643694401e+01
363	17.953338	-2.8076344244590823e+07	5.2693206284195185e+01
364	18.298713	-2.8076297574609216e+07	4.6669981606304646e+01
365	18.178140	-2.8076250246281847e+07	4.7328327368944883e+01
366	18.102024	-2.8076201184776086e+07	4.9061505760997534e+01
367	18.158318	-2.8076240784369551e+07	-3.9599593464285135e+01
368	18.232890	-2.8076609780081116e+07	-3.6899571156501770e+02
369	18.161438	-2.8076538889354993e+07	7.0890726123005152e+01
370	18.202330	-2.8076480265361041e+07	5.8623993951827288e+01
371	18.178205	-2.8076422999723993e+07	5.7265637047588825e+01
372	18.168699	-2.8076372111202862e+07	5.0888521131128073e+01
373	17.986394	-2.8076383477011882e+07	-1.1365809019654989e+01
374	18.302046	-2.8076322265766978e+07	6.1211244903504848e+01
375	18.190568	-2.8076270352640700e+07	5.1913126278668642e+01
376	18.128819	-2.8076228857823227e+07	4.1494817472994328e+01
377	18.136857	-2.8076299373304930e+07	-7.0515481702983379e+01
378	18.165524	-2.8076546882266961e+07	-2.4750896203145385e+02
379	18.082392	-2.8076475303036191e+07	7.1579230770468712e+01
380	18.258128	-2.8076401474884368e+07	7.3828151822090149e+01
381	18.189298	-2.8076331853535846e+07	6.9621348522603512e+01
382	18.222128	-2.8076286153885022e+07	4.5699650824069977e+01
383	17.975160	-2.8076526100607444e+07	-2.3994672242179513e+02
384	18.275925	-2.8076466363067653e+07	5.9737539790570736e+01
385	18.205772	-2.8076408843642805e+07	5.7519424848258495e+01
386	18.145793	-2.8076354299582098e+07	5.4544060707092285e+01
387	18.160898	-2.8076303583966054e+07	5.0715616043657064e+01
388	18.241971	-2.8076641589222658e+07	-3.3800525660440326e+02
389	17.975239	-2.8076555484384421e+07	8.6104838237166405e+01
390	18.263403	-2.8076527178354897e+07	2.8306029524654150e+01
391	18.184086	-2.8076446269267343e+07	8.0909087553620338e+01
392	18.209392	-2.8076378416063789e+07	6.7853203553706408e+01
393	17.990843	-2.8076324045541544e+07	5.4370522245764732e+01
394	18.273429	-2.8076358064778917e+07	-3.4019237373024225e+01
395	18.166110	-2.8076305173352536e+07	5.2891426380723715e+01
396	18.175597	-2.8076253014633462e+07	5.2158719073981047e+01
397	18.151311	-2.8076210875962082e+07	4.2138671379536390e+01
398	18.169425	-2.8076285020377833e+07	-7.4144415751099586e+01
399	17.960750	-2.8076231131415971e+07	5.3888961862772703e+01
400	18.246642	-2.8076177191528205e+07	5.3939887765794992e+01
401	18.196993	-2.8076141695395421e+07	3.5496132783591747e+01
402	18.252319	-2.8076332256885521e+07	-1.9056149009987712e+02
403	17.984595	-2.8076281539616469e+07	5.0717269051820040e+01
404	18.283474	-2.8076243765376125e+07	3.7774240344762802e+01
405	18.185560	-2.8076409098582327e+07	-1.6533320620283484e+02
406	18.151239	-2.8076357889266644e+07	5.1209315683692694e+01
407	18.183261	-2.8076315012573224e+07	4.2876693420112133e+01
408	18.192531	-2.8076273032186776e+07	4.1980386447161436e+01
409	18.012993	-2.8076422534178834e+07	-1.4950199205800891e+02
410	18.230303	-2.8076374950048238e+07	4.7584130596369505e+01
411	18.153310	-2.8076333413491290e+07	4.1536556947976351e+01
412	18.249533	-2.8076501280006472e+07	-1.6786651518195868e+02
413	18.022496	-2.8076439855855528e+07	6.1424150943756104e+01
414	18.285208	-2.8076391241454612e+07	4.8614400915801525e+01
415	17.984194	-2.8076347459525734e+07	4.3781928878277540e+01
416	18.136896	-2.8076302857539780e+07	4.4601985953748226e+01
417	18.147875	-2.8076522817395981e+07	-2.1995985620096326e+02
418	18.169519	-2.8076444349023301e+07	7.8468372680246830e+01
419	17.956705	-2.8076379566120230e+07	6.4782903071492910e+01
420	18.277050	-2.8076323354163222e+07	5.6211957007646561e+01
421	18.211025	-2.8076270275118470e+07	5.3079044751822948e+01
422	18.243771	-2.8076292146375224e+07	-2.1871256753802299e+01
423	18.026080	-2.8076251493373033e+07	4.0653002191334963e+01
424	18.277030	-2.8076214115757816e+07	3.7377615217119455e+01
425	18.053034	-2.8076252398672488e+07	-3.8282914672046900e+01
426	18.119412	-2.8076210386569109e+07	4.2012103378772736e+01
427	18.187132	-2.8076384888146013e+07	-1.7450157690420747e+02
428	18.233413	-2.8076336911780890e+07	4.7976365122944117e+01
429	18.000088	-2.8076293302093972e+07	4.3609686918556690e+01
430	18.306111	-2.8076251326869208e+07	4.1975224763154984e+01
431	18.226826	-2.8076219788368426e+07	3.1538500782102346e+01
432	18.303726	-2.8076456537381597e+07	-2.3674901317059994e+02
433	18.055397	-2.8076408379196443e+07	4.8158185154199600e+01
434	18.334932	-2.8076364609454770e+07	4.3769741673022509e+01
435	17.998879	-2.8076321836284891e+07	4.2773169878870249e+01
436	18.067373	-2.8076426605246231e+07	-1.0476896134018898e+02
437	18.135380	-2.8076375547428008e+07	5.1057818222790956e+01
438	18.289899	-2.8076332451725975e+07	4.3095702033489943e+01
439	18.002377	-2.8076288462168839e+07	4.3989557135850191e+01
440	18.291249	-2.8076243722712435e+07	4.4739456404000521e+01
441	18.166122	-2.8076279399109777e+07	-3.5676397342234850e+01
442	18.263349	-2.8076336982436676e+07	-5.7583326898515224e+01
443	18.058265	-2.8076591250554092e+07	-2.5426811741665006e+02
444	18.272542	-2.8076513796579901e+07	7.7453974191099405e+01
445	18.086772	-2.8076447448026426e+07	6.6348553474992514e+01
446	18.094229	-2.8076388437610239e+07	5.9010416187345982e+01
447	18.173387	-2.8076427445050213e+07	-3.9007439974695444e+01
448	18.352267	-2.8076364968433175e+07	6.2476617038249969e+01
449	18.020149	-2.8076423600420408e+07	-5.8631987232714891e+01
450	18.289581	-2.8076363928785268e+07	5.9671635139733553e+01
451	18.103276	-2.8076312691148780e+07	5.1237636487931013e+01
452	18.305123	-2.8076259101893730e+07	5.3589255049824715e+01
453	18.070108	-2.8076378658841398e+07	-1.1955694766715169e+02
454	18.326280	-2.8076310193133581e+07	6.8465707816183567e+01
455	18.029464	-2.8076274002348922e+07	3.6190784659236670e+01
456	18.053969	-2.8076242009898968e+07	3.1992449954152107e+01
457	18.187196	-2.8076309267821584e+07	-6.7257922615855932e+01
458	18.290022	-2.8076379044638865e+07	-6.9776817280799150e+01
459	18.032615	-2.8076397551550090e+07	-1.8506911225616932e+01
460	18.295621	-2.8076339506174121e+07	5.8045375969260931e+01
461	18.081663	-2.8076288449993130e+07	5.1056180991232395e+01
462	18.262270	-2.8076245814263534e+07	4.2635729596018791e+01
463	18.125863	-2.8076206864288960e+07	3.8949974574148655e+01
464	18.270354	-2.8076293119410448e+07	-8.6255121488124132e+01
465	18.045539	-2.8076248436942432e+07	4.4682468015700579e+01
466	18.111308	-2.8076204796928704e+07	4.3640013728290796e+01
467	18.197780	-2.8076165715464447e+07	3.9081464257091284e+01
468	18.317982	-2.8076453943305191e+07	-2.8822784074395895e+02
469	17.994869	-2.8076392135066923e+07	6.1808238267898560e+01
470	18.279538	-2.8076343771027554e+07	4.8364039368927479e+01
471	18.067742	-2.8076297140441917e+07	4.6630585636943579e+01
472	18.282892	-2.8076472672971055e+07	-1.7553252913802862e+02
473	18.074640	-2.8076417284483049e+07	5.5388488005846739e+01
474	18.359857	-2.8076376315356802e+07	4.0969126246869564e+01
475	18.044615	-2.8076335596800856e+07	4.0718555945903063e+01
476	18.091539	-2.8076297396644551e+07	3.8200156304985285e+01
477	18.188195	-2.8076329419268541e+07	-3.2022623989731073e+01
478	18.315397	-2.8076284328821905e+07	4.5090446636080742e+01
479	17.987844	-2.8076406778121099e+07	-1.2244929919391870e+02
480	18.246917	-2.8076349156775132e+07	5.7621345967054367e+01
481	18.086828	-2.8076299456278060e+07	4.9700497072190046e+01
482	18.106662	-2.8076256477014910e+07	4.2979263149201870e+01
483	18.063846	-2.8076354088058289e+07	-9.7611043378710747e+01
484	18.320054	-2.8076287529563610e+07	6.6558494679629803e+01
485	18.076590	-2.8076233657170665e+07	5.3872392944991589e+01
486	18.107702	-2.8076423364638537e+07	-1.8970746787264943e+02
487	18.176448	-2.8076366848985787e+07	5.6515652749687433e+01
488	18.342982	-2.8076317998094190e+07	4.8850891597568989e+01
489	17.989911	-2.8076268671421468e+07	4.9326672721654177e+01
490	18.292726	-2.8076223273983948e+07	4.5397437520325184e+01
491	18.059020	-2.8076440006012097e+07	-2.1673202814906836e+02
492	18.118182	-2.8076389618596375e+07	5.0387415722012520e+01
493	18.135209	-2.8076345713609930e+07	4.3904986444860697e+01
494	18.301592	-2.8076301728385374e+07	4.3985224556177855e+01
495	18.102086	-2.8076261476230972e+07	4.0252154402434826e+01
496	18.103268	-2.8076507924905684e+07	-2.4644867471233010e+02
497	18.154224	-2.8076444197404932e+07	6.3727500751614571e+01
498	18.321552	-2.8076387730863757e+07	5.6466541174799204e+01
499	18.008124	-2.8076336056543656e+07	5.1674320101737976e+01
500	18.307025	-2.8076412648275889e+07	-7.6591732233762741e+01
501	18.089264	-2.8076357442349594e+07	5.5205926295369864e+01
502	18.111321	-2.8076309784252893e+07	4.7658096700906754e+01
503	18.143217	-2.8076261456634879e+07	4.8327618014067411e+01
504	18.384981	-2.8076425971902009e+07	-1.6451526712998748e+02
505	18.117137	-2.8076362686153252e+07	6.3285748757421970e+01
506	18.149237	-2.8076309883719787e+07	5.2802433464676142e+01
507	18.146134	-2.8076589443751834e+07	-2.7956003204733133e+02
508	18.254761	-2.8076516247533768e+07	7.3196218065917492e+01
509	18.008735	-2.8076460688740656e+07	5.5558793112635612e+01
510	18.311680	-2.8076407125457402e+07	5.3563283253461123e+01
511	18.088027	-2.8076355634780232e+07	5.1490677170455456e+01
512	18.110320	-2.8076481226208348e+07	-1.2559142811596394e+02
513	18.151612	-2.8076415791089196e+07	6.5435119152069092e+01
514	18.332989	-2.8076361912199806e+07	5.3878889389336109e+01
515	18.168907	-2.8076308804848008e+07	5.3107351798564196e+01
516	18.118734	-2.8076317202562761e+07	-8.3977147527039051e+00
517	18.190461	-2.8076265871679772e+07	5.1330882988870144e+01
518	18.143201	-2.8076219857241835e+07	4.6014437936246395e+01
519	17.963049	-2.8076174788261395e+07	4.5068980440497398e+01
520	18.274889	-2.8076148317314889e+07	2.6470946505665779e+01
521	18.131283	-2.8076126522070415e+07	2.1795244473963976e+01
522	18.149735	-2.8076104989701569e+07	2.1532368846237659e+01
523	18.145392	-2.8076081253445633e+07	2.3736255936324596e+01
524	18.332899	-2.8076180472968634e+07	-9.9219523001462221e+01
525	18.147837	-2.8076379215955973e+07	-1.9874298733845353e+02
526	18.161966	-2.8076328189146187e+07	5.1026809785515070e+01
527	18.176261	-2.8076286053319395e+07	4.2135826792567968e+01
528	18.136973	-2.8076396489953455e+07	-1.1043663405999541e+02
529	17.950852	-2.8076343710962031e+07	5.2778991423547268e+01
530	18.306961	-2.8076302105025768e+07	4.1605936262756586e+01
531	18.159656	-2.8076256250036091e+07	4.5854989677667618e+01
532	18.132822	-2.8076220374854598e+07	3.5875181492418051e+01
533	18.169465	-2.8076239295840010e+07	-1.8920985411852598e+01
534	18.288359	-2.8076199095560107e+07	4.0200279902666807e+01
535	18.168840	-2.8076165586713232e+07	3.3508846875280142e+01
536	18.177855	-2.8076530046568975e+07	-3.6445985574275255e+02
537	18.173381	-2.8076451099185027e+07	7.8947383947670460e+01
538	18.100458	-2.8076392036529187e+07	5.9062655840069056e+01
539	17.952375	-2.8076352198926009e+07	3.9837603177875280e+01
540	18.267367	-2.8076314719449360e+07	3.7479476649314165e+01
541	18.100391	-2.8076733363918629e+07	-4.1864446926862001e+02
542	18.068221	-2.8076653511429559e+07	7.9852489069104195e+01
543	18.120563	-2.8076582531965002e+07	7.0979464557021856e+01
544	18.143164	-2.8076513541733995e+07	6.8990231007337570e+01
545	18.076511	-2.8076451565213285e+07	6.1976520709693432e+01
546	18.133902	-2.8076394493941128e+07	5.7071272157132626e+01
547	18.123182	-2.8076503750709265e+07	-1.0925676813721657e+02
548	18.065369	-2.8076435442888010e+07	6.8307821255177259e+01
549	17.891379	-2.8076379667026032e+07	5.5775861978530884e+01
550	18.224372	-2.8076463842512261e+07	-8.4175486229360104e+01
551	18.113055	-2.8076948507097229e+07	-4.8466458496823907e+02
552	18.050957	-2.8076838506294083e+07	1.1000080314651132e+02
553	18.134654	-2.8076744151142936e+07	9.4355151146650314e+01
554	18.157185	-2.8076651025358204e+07	9.3125784732401371e+01
555	18.140516	-2.8076570991804313e+07	8.0033553890883923e+01
556	18.110475	-2.8076498616154607e+07	7.2375649705529213e+01
557	18.133013	-2.8076831064146314e+07	-3.3244799170643091e+02
558	18.128535	-2.8076730987391420e+07	1.0007675489410758e+02
559	17.916252	-2.8076633640177596e+07	9.7347213823348284e+01
560	18.237343	-2.8076541886121519e+07	9.1754056077450514e+01
561	18.132123	-2.8076462435226459e+07	7.9450895059853792e+01
562	18.065054	-2.8076386827413239e+07	7.5607813220471144e+01
563	18.138021	-2.8076311175629936e+07	7.5651783302426338e+01
564	18.166095	-2.8076839761876274e+07	-5.2858624633774161e+02
565	18.094267	-2.8076738704988770e+07	1.0105688750371337e+02
566	18.119689	-2.8076866884588342e+07	-1.2817959957197309e+02
567	18.111220	-2.8076765543953650e+07	1.0134063469246030e+02
568	18.100459	-2.8076673779606629e+07	9.1764347020536661e+01
569	17.905780	-2.8076583666054122e+07	9.0113552507013083e+01
570	18.252119	-2.8076501685108569e+07	8.1980945553630590e+01
571	18.101334	-2.8076434563341185e+07	6.7121767383068800e+01
572	18.099743	-2.8076381464915387e+07	5.3098425798118114e+01
573	18.113999	-2.8076329998501267e+07	5.1466414120048285e+01
574	18.160606	-2.8076362040196620e+07	-3.2041695352643728e+01
575	18.093941	-2.8076374433684539e+07	-1.2393487919121981e+01
576	18.098042	-2.8076544689093515e+07	-1.7025540897622705e+02
577	18.153433	-2.8076459137688331e+07	8.5551405183970928e+01
578	18.094759	-2.8076390244632993e+07	6.8893055338412523e+01
579	17.905216	-2.8076324607203119e+07	6.5637429874390364e+01
580	18.249176	-2.8076270730573107e+07	5.3876630011945963e+01
581	18.109887	-2.8076503871243700e+07	-2.3314067059382796e+02
582	18.081592	-2.8076445157808919e+07	5.8713434781879187e+01
583	18.071342	-2.8076392223999120e+07	5.2933809798210859e+01
584	18.147487	-2.8076341597989548e+07	5.0626009572297335e+01
585	18.070741	-2.8076296236743748e+07	4.5361245799809694e+01
586	18.164497	-2.8076256055979308e+07	4.0180764440447092e+01
587	18.136459	-2.8076324941899497e+07	-6.8885920189321041e+01
588	18.092905	-2.8076684271023203e+07	-3.5932912370562553e+02
589	17.906952	-2.8076599706176419e+07	8.4564846783876419e+01
590	18.254209	-2.8076521257284030e+07	7.8448892388492823e+01
591	18.125425	-2.8076457895636797e+07	6.3361647233366966e+01
592	18.051335	-2.8076400699391954e+07	5.7196244843304157e+01
593	18.161098	-2.8076346132288069e+07	5.4567103885114193e+01
594	18.149858	-2.8076349122707468e+07	-2.9904193989932537e+00
595	18.092676	-2.8076293163515370e+07	5.5959192097187042e+01
596	18.126432	-2.8076248040900156e+07	4.5122615214437246e+01
597	18.126293	-2.8076308824319322e+07	-6.0783419165760279e+01
598	18.105512	-2.8076247710760221e+07	6.1113559100776911e+01
599	17.881337	-2.8076212915136095e+07	3.4795624125748873e+01
600	18.260859	-2.8076173935811277e+07	3.8979324817657471e+01
601	18.175878	-2.8076140973373752e+07	3.2962437525391579e+01
602	18.071100	-2.8076118314637255e+07	2.2658736497163773e+01
603	18.121596	-2.8076408201911852e+07	-2.8988727459684014e+02
604	18.162153	-2.8076353585961685e+07	5.4615950167179108e+01
605	18.132519	-2.8076308743150566e+07	4.4842811118811369e+01
606	18.168290	-2.8076261000757348e+07	4.7742393217980862e+01
607	18.127539	-2.8076277990535893e+07	-1.6989778544753790e+01
608	18.129848	-2.8076230658031158e+07	4.7332504734396935e+01
609	17.915089	-2.8076309569366008e+07	-7.8911334849894047e+01
610	18.233737	-2.8076262455591016e+07	4.7113774992525578e+01
611	18.086782	-2.8076289541292675e+07	-2.7085701659321785e+01
612	18.055786	-2.8076248418684360e+07	4.1122608315199614e+01
613	18.072288	-2.8076624200853173e+07	-3.7578216881304979e+02
614	18.101557	-2.8076548278642319e+07	7.5922210853546858e+01
615	18.053532	-2.8076482774593528e+07	6.5504048790782690e+01
616	18.622040	-2.8076426376361668e+07	5.6398231860250235e+01
617	18.634979	-2.8076434684746340e+07	-8.3083846718072891e+00
618	18.443192	-2.8076384642976429e+07	5.0041769910603762e+01
619	18.164388	-2.8076341305903342e+07	4.3337073087692261e+01
620	18.095836	-2.8076379759325758e+07	-3.8453422416001558e+01
621	18.161496	-2.8076686359499194e+07	-3.0660017343610525e+02
622	18.167201	-2.8076610349128459e+07	7.6010370735079050e+01
623	17.910532	-2.8076542626170468e+07	6.7722957991063595e+01
624	18.171678	-2.8076475419659372e+07	6.7206511095166206e+01
625	17.906152	-2.8076408251616396e+07	6.7168042976409197e+01
626	17.957515	-2.8076343470845662e+07	6.4780770733952522e+01
627	18.000493	-2.8076493797627695e+07	-1.5032678203284740e+02
628	18.108147	-2.8076428996146139e+07	6.4801481556147337e+01
629	17.881774	-2.8076371384792257e+07	5.7611353881657124e+01
630	18.134709	-2.8076376748909999e+07	-5.3641177415847778e+00
631	18.054700	-2.8076320397902396e+07	5.6351007603108883e+01
632	18.147670	-2.8076380786702070e+07	-6.0388799674808979e+01
633	17.937347	-2.8076316020708706e+07	6.4765993364155293e+01
634	18.177500	-2.8076252824014887e+07	6.3196693819016218e+01
635	17.884368	-2.8076216192854956e+07	3.6631159931421280e+01
636	17.984855	-2.8076451610809803e+07	-2.3541795484721661e+02
637	18.018019	-2.8076397318411753e+07	5.4292398050427437e+01
638	18.122166	-2.8076352271291658e+07	4.5047120094299316e+01
639	17.879966	-2.8076307194249924e+07	4.5077041734009981e+01
640	18.138448	-2.8076353848618433e+07	-4.6654368508607149e+01
641	18.056653	-2.8076319202962786e+07	3.4645655646920204e+01
642	18.113344	-2.8076449664519824e+07	-1.3046155703812838e+02
643	17.899257	-2.8076399482653845e+07	5.0181865978986025e+01
644	18.177728	-2.8076354022375237e+07	4.5460278607904911e+01
645	17.878303	-2.8076310337894823e+07	4.3684480413794518e+01
646	17.976250	-2.8076270021286961e+07	4.0316607862710953e+01
647	18.026555	-2.8076230226448875e+07	3.9794838085770607e+01
648	18.104217	-2.8076443930706739e+07	-2.1370425786450505e+02
649	17.847605	-2.8076378003257930e+07	6.5927448809146881e+01
650	18.159650	-2.8076328929394372e+07	4.9073863558471203e+01
651	18.077069	-2.8076285224749338e+07	4.3704645033925772e+01
652	18.094901	-2.8076245343462802e+07	3.9881286535412073e+01
653	17.913864	-2.8076261696386620e+07	-1.6352923817932606e+01
654	18.171587	-2.8076215273153227e+07	4.6423233393579721e+01
655	18.066817	-2.8076275483683348e+07	-6.0210530120879412e+01
656	17.993573	-2.8076395705075219e+07	-1.2022139187157154e+02
657	18.011970	-2.8076342969784137e+07	5.2735291082412004e+01
658	18.063058	-2.8076308269324671e+07	3.4700459465384483e+01
659	17.853318	-2.8076271712488115e+07	3.6556836556643248e+01
660	18.105995	-2.8076239513254378e+07	3.2199233736842871e+01
661	18.072011	-2.8076313520064127e+07	-7.4006809748709202e+01
662	18.107402	-2.8076504894038975e+07	-1.9137397484853864e+02
663	17.883224	-2.8076445824628621e+07	5.9069410353899002e+01
664	18.182928	-2.8076391760793999e+07	5.4063834622502327e+01
665	18.042824	-2.8076341430149946e+07	5.0330644052475691e+01
666	18.024454	-2.8076384021813538e+07	-4.2591663591563702e+01
667	18.054288	-2.8076335084858511e+07	4.8936955027282238e+01
668	18.059760	-2.8076295968696564e+07	3.9116161946207285e+01
669	17.827347	-2.8076455560182992e+07	-1.5959148642793298e+02
670	18.100863	-2.8076455155552372e+07	4.0463062003254890e-01
671	18.084757	-2.8076396340004500e+07	5.8815547872334719e+01
672	18.100257	-2.8076338885167237e+07	5.7454837262630463e+01
673	17.876285	-2.8076282814026892e+07	5.6071140345185995e+01
674	18.175493	-2.8076310716340236e+07	-2.7902313344180584e+01
675	18.102893	-2.8076269309280373e+07	4.1407059863209724e+01
676	18.009362	-2.8076473482945096e+07	-2.0417366472259164e+02
677	18.031574	-2.8076418109644428e+07	5.5373300667852163e+01
678	18.038985	-2.8076364054913193e+07	5.4054731234908104e+01
679	17.857013	-2.8076308199105244e+07	5.5855807948857546e+01
680	18.107267	-2.8076265865885220e+07	4.2333220023661852e+01
681	18.061670	-2.8076224573081788e+07	4.1292803432792425e+01
682	18.085191	-2.8076327635483101e+07	-1.0306240131333470e+02
683	17.873614	-2.8076284342277929e+07	4.3293205171823502e+01
684	18.170123	-2.8076246038317665e+07	3.8303960263729095e+01
685	18.135962	-2.8076504766382366e+07	-2.5872806470096111e+02
686	18.030607	-2.8076442303375654e+07	6.2463006712496281e+01
687	18.042482	-2.8076394526098650e+07	4.7777277003973722e+01
688	18.081561	-2.8076409923358206e+07	-1.5397259555757046e+01
689	17.838328	-2.8076360211979356e+07	4.9711378850042820e+01
690	18.086134	-2.8076419369731996e+07	-5.9157752640545368e+01
691	18.061536	-2.8076371307403021e+07	4.8062328975647688e+01
692	18.067282	-2.8076389126962595e+07	-1.7819559574127197e+01
693	17.859169	-2.8076332735237449e+07	5.6391725145280361e+01
694	18.165789	-2.8076280381665949e+07	5.2353571500629187e+01
695	18.072745	-2.8076227390389077e+07	5.2991276871412992e+01
696	17.991807	-2.8076173047591183e+07	5.4342797894030809e+01
697	18.029195	-2.8076318261181153e+07	-1.4521358997002244e+02
698	18.087312	-2.8076365504727647e+07	-4.7243546493351460e+01
699	17.978554	-2.8076352105679035e+07	1.3399048611521721e+01
700	18.088126	-2.8076304794415418e+07	4.7311263617128134e+01
701	18.068569	-2.8076261567584157e+07	4.3226831261068583e+01
702	18.017346	-2.8076223026037175e+07	3.8541546981781721e+01
703	17.862497	-2.8076311739810105e+07	-8.8713772930204868e+01
704	18.165739	-2.8076267141010895e+07	4.4598799210041761e+01
705	18.046580	-2.8076225635588858e+07	4.1505422037094831e+01
706	17.994612	-2.8076191209011253e+07	3.4426577605307102e+01
707	18.044177	-2.8076273695635919e+07	-8.2486624665558338e+01
708	18.091884	-2.8076225242079556e+07	4.8453556362539530e+01
709	18.021290	-2.8076375348909598e+07	-1.5010683004185557e+02
710	18.100659	-2.8076327980653021e+07	4.7368256576359272e+01
711	18.108611	-2.8076286944578718e+07	4.1036074303090572e+01
712	18.018193	-2.8076249864077900e+07	3.7080500818789005e+01
713	17.850118	-2.8076416587415434e+07	-1.6672333753481507e+02
714	18.180937	-2.8076366809686948e+07	4.9777728486806154e+01
715	18.062070	-2.8076326067954298e+07	4.0741732649505138e+01
716	17.951047	-2.8076286690701157e+07	3.9377253141254187e+01
717	18.075843	-2.8076248570566870e+07	3.8120134286582470e+01
718	18.065587	-2.8076616828584634e+07	-3.6825801776349545e+02
719	18.056245	-2.8076533218880337e+07	8.3609704297035933e+01
720	18.054742	-2.8076458030700468e+07	7.5188179869204760e+01
721	18.079529	-2.8076384666004173e+07	7.3364696294069290e+01
722	18.007872	-2.8076428243346434e+07	-4.3577342260628939e+01
723	17.876792	-2.8076361920699108e+07	6.6322647325694561e+01
724	18.183746	-2.8076314241360214e+07	4.7679338894784451e+01
725	18.063769	-2.8076321088019066e+07	-6.8466588519513607e+00
726	18.014232	-2.8076271911135599e+07	4.9176883466541767e+01
727	18.086668	-2.8076230359195046e+07	4.1551940552890301e+01
728	18.154484	-2.8076196517627634e+07	3.3841567412018776e+01
729	18.047836	-2.8076163762292039e+07	3.2755335595458746e+01
730	18.073729	-2.8076129023828924e+07	3.4738463114947081e+01
731	18.088791	-2.8076096826418862e+07	3.2197410061955452e+01
732	17.995328	-2.8076197888639055e+07	-1.0106222019344568e+02
733	17.863428	-2.8076383606403664e+07	-1.8571776460856199e+02
734	18.162662	-2.8076337829014931e+07	4.5777388732880354e+01
735	18.000609	-2.8076292756780013e+07	4.5072234917432070e+01
736	17.956486	-2.8076494526710145e+07	-2.0176993013173342e+02
737	18.077508	-2.8076424469815388e+07	7.0056894756853580e+01
738	18.180527	-2.8076363923886843e+07	6.0545928545296192e+01
739	18.069204	-2.8076318141847257e+07	4.5782039586454630e+01
740	18.038216	-2.8076275891711261e+07	4.2250135995447636e+01
741	18.096644	-2.8076291103639081e+07	-1.5211927819997072e+01
742	17.907678	-2.8076245311027717e+07	4.5792611364275217e+01
743	17.707058	-2.8076201009128727e+07	4.4301898989826441e+01
744	17.891769	-2.8076362545205973e+07	-1.6153607724606991e+02
745	17.659685	-2.8076306811944909e+07	5.5733261063694954e+01
746	17.600460	-2.8076270970340371e+07	3.5841604538261890e+01
747	17.444283	-2.8076237286939349e+07	3.3683401022106409e+01
748	17.635011	-2.8076205282188036e+07	3.2004751313477755e+01
749	17.313340	-2.8076628242779888e+07	-4.2296059185266495e+02
750	17.218871	-2.8076550572927002e+07	7.7669852886348963e+01
751	17.176192	-2.8076490386881027e+07	6.0186045974493027e+01
752	17.269941	-2.8076434907956220e+07	5.5478924807161093e+01
753	16.848111	-2.8076387283020154e+07	4.7624936066567898e+01
754	16.882090	-2.8076391269509368e+07	-3.9864892140030861e+00
755	16.600832	-2.8076371768904373e+07	1.9500604994595051e+01
756	16.931620	-2.8076318615179177e+07	5.3153725195676088e+01
757	16.525862	-2.8076349898840893e+07	-3.1283661715686321e+01
758	16.376788	-2.8076303697406985e+07	4.6201433908194304e+01
759	16.091330	-2.8076354010317530e+07	-5.0312910545617342e+01
760	16.071246	-2.8076296850690391e+07	5.7159627139568329e+01
761	15.868244	-2.8076241910025783e+07	5.4940664608031511e+01
762	15.855992	-2.8076395930712219e+07	-1.5402068643644452e+02
763	15.668161	-2.8076342988304093e+07	5.2942408125847578e+01
764	15.950774	-2.8076307957811318e+07	3.5030492775142193e+01
765	15.640437	-2.8076272906450395e+07	3.5051360923796892e+01
766	15.628494	-2.8076239682330858e+07	3.3224119536578655e+01
767	15.448625	-2.8076548816308603e+07	-3.0913397774472833e+02
768	15.506284	-2.8076479913760919e+07	6.8902547683566809e+01
769	15.419645	-2.8076421122749608e+07	5.8791011311113834e+01
770	15.338730	-2.8076366035800360e+07	5.5086949247866869e+01
771	15.251565	-2.8076324309488285e+07	4.1726312074810266e+01
772	15.284606	-2.8076443286434785e+07	-1.1897694649919868e+02
773	15.219799	-2.8076390935890757e+07	5.2350544027984142e+01
774	15.233905	-2.8076345274574220e+07	4.5661316536366940e+01
775	15.163517	-2.8076302783804018e+07	4.2490770202130079e+01
776	15.321406	-2.8076366632863574e+07	-6.3849059555679560e+01
777	15.226478	-2.8076386753566168e+07	-2.0120702594518661e+01
778	15.334355	-2.8076324552429486e+07	6.2201136682182550e+01
779	15.226977	-2.8076262243162584e+07	6.2309266902506351e+01
780	15.246286	-2.8076210226146694e+07	5.2017015889286995e+01
781	15.014455	-2.8076244151624713e+07	-3.3925478018820286e+01
782	15.181613	-2.8076209021955837e+07	3.5129668876528740e+01
783	15.024273	-2.8076411943634585e+07	-2.0292167874798179e+02
784	15.174364	-2.8076353892062582e+07	5.8051572002470493e+01
785	15.135246	-2.8076317676802218e+07	3.6215260364115238e+01
786	15.286257	-2.8076491835940201e+07	-1.7415913798287511e+02
787	15.185995	-2.8076433629289296e+07	5.8206650905311108e+01
788	15.310334	-2.8076383549015399e+07	5.0080273896455765e+01
789	15.181136	-2.8076335642021868e+07	4.7906993530690670e+01
790	15.310826	-2.8076290398266364e+07	4.5243755504488945e+01
791	15.100361	-2.8076512776703600e+07	-2.2237843723595142e+02
792	15.206150	-2.8076437014784057e+07	7.5761919543147087e+01
793	15.155419	-2.8076368440643221e+07	6.8574140835553408e+01
794	15.268428	-2.8076481280239664e+07	-1.1283959644287825e+02
795	15.125619	-2.8076417040215842e+07	6.4240023821592331e+01
796	15.265170	-2.8076366416887511e+07	5.0623328331857920e+01
797	15.162767	-2.8076318708811201e+07	4.7708076309412718e+01
798	15.208579	-2.8076278167339496e+07	4.0541471704840660e+01
799	15.135199	-2.8076350132656399e+07	-7.1965316902846098e+01
800	15.300546	-2.8076306982207898e+07	4.3150448501110077e+01
801	15.185051	-2.8076267559025768e+07	3.9423182129859924e+01
802	15.348743	-2.8076227548484005e+07	4.0010541763156652e+01
803	15.238196	-2.8076394255104691e+07	-1.6670662068575621e+02
804	15.333795	-2.8076328669790350e+07	6.5585314340889454e+01
805	15.322332	-2.8076540540632412e+07	-2.1187084206193686e+02
806	15.302642	-2.8076468108813882e+07	7.2431818529963493e+01
807	15.248971	-2.8076399995098181e+07	6.8113715700805187e+01
808	15.364829	-2.8076343580294400e+07	5.6414803780615330e+01
809	15.258141	-2.8076300809408508e+07	4.2770885892212391e+01
810	15.298266	-2.8076421374253064e+07	-1.2056484455615282e+02
811	15.260005	-2.8076374189647958e+07	4.7184605106711388e+01
812	15.402021	-2.8076332230864760e+07	4.1958783198148012e+01
813	15.263305	-2.8076290122226246e+07	4.2108638513833284e+01
814	15.408390	-2.8076250487666730e+07	3.9634559515863657e+01
815	15.246409	-2.8076360385079358e+07	-1.0989741262793541e+02
816	15.358812	-2.8076303102927685e+07	5.7282151672989130e+01
817	15.225357	-2.8076252784601469e+07	5.0318326216191053e+01
818	15.330182	-2.8076203609304745e+07	4.9175296723842621e+01
819	15.239772	-2.8076175167264748e+07	2.8442039996385574e+01
820	15.316336	-2.8076364573292382e+07	-1.8940602763369679e+02
821	15.203536	-2.8076317060970485e+07	4.7512321896851063e+01
822	15.312480	-2.8076276705136713e+07	4.0355833772569895e+01
823	15.140716	-2.8076327132562831e+07	-5.0427426118403673e+01
824	15.293945	-2.8076308646127690e+07	1.8486435141414404e+01
825	15.159896	-2.8076263865252007e+07	4.4780875682830811e+01
826	15.360129	-2.8076223061576113e+07	4.0803675893694162e+01
827	15.249063	-2.8076181207963705e+07	4.1853612408041954e+01
828	15.256711	-2.8076138649593592e+07	4.2558370113372803e+01
829	15.210584	-2.8076108659195621e+07	2.9990397971123457e+01
830	15.253273	-2.8076470644001856e+07	-3.6198480623587966e+02
831	15.168002	-2.8076416143330622e+07	5.4500671233981848e+01
832	15.218012	-2.8076369912707705e+07	4.6230622917413712e+01
833	15.076357	-2.8076380153564397e+07	-1.0240856692194939e+01
834	15.229616	-2.8076331157807585e+07	4.8995756812393665e+01
835	15.130239	-2.8076289590990916e+07	4.1566816668957472e+01
836	15.263455	-2.8076370660931818e+07	-8.1069940902292728e+01
837	15.135264	-2.8076321337808155e+07	4.9323123663663864e+01
838	15.261389	-2.8076280592022300e+07	4.0745785854756832e+01
839	15.171831	-2.8076249063090954e+07	3.1528931345790625e+01
840	15.186341	-2.8076490436000835e+07	-2.4137290988117456e+02
841	15.125079	-2.8076431417432379e+07	5.9018568456172943e+01
842	15.291581	-2.8076381546066638e+07	4.9871365740895271e+01
843	15.114010	-2.8076589497092772e+07	-2.0795102613419294e+02
844	15.205562	-2.8076532221047319e+07	5.7276045452803373e+01
845	15.057057	-2.8076477914913438e+07	5.4306133881211281e+01
846	15.156940	-2.8076424730885934e+07	5.3184027504175901e+01
847	15.052276	-2.8076376222600251e+07	4.8508285682648420e+01
848	15.163209	-2.8076330347646423e+07	4.5874953828752041e+01
849	15.082710	-2.8076699412697174e+07	-3.6906505075097084e+02
850	15.149517	-2.8076620237152658e+07	7.9175544515252113e+01
851	15.071531	-2.8076552938157186e+07	6.7298995472490788e+01
852	15.167695	-2.8076486263346002e+07	6.6674811184406281e+01
853	15.024143	-2.8076427480598863e+07	5.8782747138291597e+01
854	15.155075	-2.8076370421310347e+07	5.7059288516640663e+01
855	15.070741	-2.8076679279204119e+07	-3.0885789377242327e+02
856	15.230144	-2.8076596940615024e+07	8.2338589094579220e+01
857	15.102515	-2.8076530567966878e+07	6.6372648146003485e+01
858	15.158787	-2.8076466907947142e+07	6.3660019736737013e+01
859	15.080737	-2.8076411711902574e+07	5.5196044567972422e+01
860	15.144381	-2.8076364865369476e+07	4.6846533097326756e+01
861	15.041835	-2.8076316547750209e+07	4.8317619267851114e+01
862	15.194005	-2.8076404210251290e+07	-8.7662501081824303e+01
863	15.050715	-2.8076333661252428e+07	7.0548998862504959e+01
864	15.136787	-2.8076288042797662e+07	4.5618454765528440e+01
865	15.076172	-2.8076243384270117e+07	4.4658527545630932e+01
866	15.143878	-2.8076300604223549e+07	-5.7219953432679176e+01
867	15.041494	-2.8076250132213261e+07	5.0472010288387537e+01
868	15.167850	-2.8076410140755806e+07	-1.6000854254513979e+02
869	15.019510	-2.8076359459115047e+07	5.0681640759110451e+01
870	15.160099	-2.8076319320676811e+07	4.0138438235968351e+01
871	15.034181	-2.8076515929175127e+07	-1.9660849831625819e+02
872	15.161866	-2.8076449962126192e+07	6.5967048935592175e+01
873	15.059280	-2.8076395502648026e+07	5.4459478165954351e+01
874	15.197641	-2.8076340396021329e+07	5.5106626696884632e+01
875	15.037501	-2.8076396512392677e+07	-5.6116371348500252e+01
876	15.154290	-2.8076332722119987e+07	6.3790272690355778e+01
877	15.026930	-2.8076287647263050e+07	4.5074856936931610e+01
878	15.137481	-2.8076246040148117e+07	4.1607114933431149e+01
879	14.992866	-2.8076213727958851e+07	3.2312189266085625e+01
880	15.134146	-2.8076466019035805e+07	-2.5229107695445418e+02
881	15.029251	-2.8076402137320362e+07	6.3881715442985296e+01
882	15.172826	-2.8076346912164792e+07	5.5225155569612980e+01
883	15.016080	-2.8076301467343137e+07	4.5444821655750275e+01
884	15.154029	-2.8076261457054619e+07	4.0010288517922163e+01
885	15.058693	-2.8076389444857087e+07	-1.2798780246824026e+02
886	14.994882	-2.8076341913838323e+07	4.7531018763780594e+01
887	14.908235	-2.8076300183720518e+07	4.1730117805302143e+01
888	14.674418	-2.8076260240711957e+07	3.9943008560687304e+01
889	14.663520	-2.8076329765469983e+07	-6.9524758026003838e+01
890	14.832373	-2.8076538432897866e+07	-2.0866742788255215e+02
891	14.652168	-2.8076466890410021e+07	7.1542487844824791e+01
892	14.762338	-2.8076402188525990e+07	6.4701884031295776e+01
893	14.654897	-2.8076337144312341e+07	6.5044213648885489e+01
894	14.960540	-2.8076657220506117e+07	-3.2007619377598166e+02
895	14.957199	-2.8076589209651891e+07	6.8010854225605726e+01
896	15.060119	-2.8076531044935714e+07	5.8164716176688671e+01
897	14.839172	-2.8076471538651161e+07	5.9506284553557634e+01
898	14.986383	-2.8076412948699944e+07	5.8589951217174530e+01
899	14.731207	-2.8076357269996263e+07	5.5678703680634499e+01
900	14.963546	-2.8076553033721603e+07	-1.9576372534036636e+02
901	14.805943	-2.8076481896422312e+07	7.1137299291789532e+01
902	14.861314	-2.8076416762637638e+07	6.5133784674108028e+01
903	14.963113	-2.8076360539059233e+07	5.6223578404635191e+01
904	14.975514	-2.8076311503148470e+07	4.9035910762846470e+01
905	14.775439	-2.8076417683317639e+07	-1.0618016916885972e+02
906	14.887734	-2.8076344245119292e+07	7.3438198346644640e+01
907	14.761493	-2.8076281813574478e+07	6.2431544814258814e+01
908	14.869953	-2.8076240592595045e+07	4.1220979433506727e+01
909	14.700052	-2.8076337883466814e+07	-9.7290871769189835e+01
910	15.015695	-2.8076292169887267e+07	4.5713579546660185e+01
911	14.819244	-2.8076534589098401e+07	-2.4241921113431454e+02
912	14.909843	-2.8076467121818386e+07	6.7467280015349388e+01
913	14.702966	-2.8076407728572920e+07	5.9393245466053486e+01
914	14.912634	-2.8076447173000526e+07	-3.9444427605718374e+01
915	14.782046	-2.8076399003819458e+07	4.8169181067496538e+01
916	14.815053	-2.8076357583049625e+07	4.1420769833028316e+01
917	14.813998	-2.8076314523340948e+07	4.3059708677232265e+01
918	14.942919	-2.8076269472092528e+07	4.5051248420029879e+01
919	15.004687	-2.8076294446787775e+07	-2.4974695246666670e+01
920	14.855571	-2.8076244353014302e+07	5.0093773473054171e+01
921	14.816024	-2.8076391247892078e+07	-1.4689487777650356e+02
922	14.870722	-2.8076447088843003e+07	-5.5840950924903154e+01
923	14.844643	-2.8076371862211037e+07	7.5226631965488195e+01
924	14.954261	-2.8076313204609420e+07	5.8657601617276669e+01
925	14.759726	-2.8076275998120956e+07	3.7206488464027643e+01
926	14.973568	-2.8076307238888718e+07	-3.1240767762064934e+01
927	14.803606	-2.8076262235027220e+07	4.5003861498087645e+01
928	14.851665	-2.8076223661890067e+07	3.8573137152940035e+01
929	14.634025	-2.8076192248679977e+07	3.1413210090249777e+01
930	14.697300	-2.8076274711834263e+07	-8.2463154286146164e+01
931	14.567038	-2.8076226738107398e+07	4.7973726864904165e+01
932	14.921715	-2.8076179243580665e+07	4.7494526732712984e+01
933	14.880866	-2.8076285847954426e+07	-1.0660437376052141e+02
934	15.084006	-2.8076240186159976e+07	4.5661794450134039e+01
935	14.788944	-2.8076203340854861e+07	3.6845305114984512e+01
936	14.758534	-2.8076480643965710e+07	-2.7730311084911227e+02
937	14.872596	-2.8076424747841574e+07	5.5896124135702848e+01
938	15.052460	-2.8076374661608156e+07	5.0086233418434858e+01
939	14.790766	-2.8076326534614101e+07	4.8126994054764509e+01
940	14.729860	-2.8076454145665031e+07	-1.2761105092987418e+02
941	14.814491	-2.8076390651033964e+07	6.3494631066918373e+01
942	14.871489	-2.8076333118310831e+07	5.7532723132520914e+01
943	14.616726	-2.8076288127426263e+07	4.4990884568542242e+01
944	14.940837	-2.8076245104866330e+07	4.3022559933364391e+01
945	14.690014	-2.8076203893058818e+07	4.1211807511746883e+01
946	14.677118	-2.8076323892406087e+07	-1.1999934726953506e+02
947	14.579273	-2.8076511119361468e+07	-1.8722695538029075e+02
948	14.679268	-2.8076423385573540e+07	8.7733787927776575e+01
949	14.587636	-2.8076359260516167e+07	6.4125057373195887e+01
950	14.735870	-2.8076316094437283e+07	4.3166078884154558e+01
951	14.605191	-2.8076377638544831e+07	-6.1544107548892498e+01
952	14.796493	-2.8076407647169419e+07	-3.0008624587208033e+01
953	14.591606	-2.8076352480139572e+07	5.5167029846459627e+01
954	14.655152	-2.8076310173802588e+07	4.2306336984038353e+01
955	14.579811	-2.8076269445257839e+07	4.0728544749319553e+01
956	14.731903	-2.8076229949976906e+07	3.9495280932635069e+01
957	14.650069	-2.8076348603398390e+07	-1.1865342148393393e+02
958	14.719404	-2.8076288331664115e+07	6.0271734274923801e+01
959	14.594215	-2.8076326091679435e+07	-3.7760015320032835e+01
960	14.710285	-2.8076433661195636e+07	-1.0756951620057225e+02
961	14.574859	-2.8076432644748833e+07	1.0164468027651310e+00
962	14.732854	-2.8076383210989356e+07	4.9433759476989508e+01
963	14.599242	-2.8076336802160017e+07	4.6408829338848591e+01
964	14.768620	-2.8076293065376855e+07	4.3736783161759377e+01
965	14.589672	-2.8076477205618214e+07	-1.8414024135842919e+02
966	14.744972	-2.8076415586955477e+07	6.1618662737309933e+01
967	14.603618	-2.8076513281310506e+07	-9.7694355029612780e+01
968	14.729997	-2.8076435181859676e+07	7.8099450830370188e+01
969	14.616975	-2.8076367486112315e+07	6.7695747360587120e+01
970	14.751904	-2.8076303940244790e+07	6.3545867525041103e+01
971	14.610437	-2.8076252448659301e+07	5.1491585489362478e+01
972	14.786809	-2.8076275057937831e+07	-2.2609278529882431e+01
973	14.608807	-2.8076227540913507e+07	4.7517024323344231e+01
974	14.711408	-2.8076189085256625e+07	3.8455656882375479e+01
975	14.577669	-2.8076355587178212e+07	-1.6650192158669233e+02
976	14.781060	-2.8076306833319485e+07	4.8753858726471663e+01
977	14.652914	-2.8076445579619072e+07	-1.3874629958719015e+02
978	14.741464	-2.8076381229304470e+07	6.4350314602255821e+01
979	14.613320	-2.8076329129778516e+07	5.2099525954574347e+01
980	14.684528	-2.8076284610264063e+07	4.4519514452666044e+01
981	14.616760	-2.8076244145886615e+07	4.0464377447962761e+01
982	14.739374	-2.8076326699723724e+07	-8.2553837109357119e+01
983	14.627062	-2.8076275619803160e+07	5.1079920563846827e+01
984	14.713080	-2.8076226024972405e+07	4.9594830755144358e+01
985	14.601168	-2.8076273747246597e+07	-4.7722274191677570e+01
986	14.705550	-2.8076219376710471e+07	5.4370536126196384e+01
987	14.589623	-2.8076174363035738e+07	4.5013674732297659e+01
988	14.729564	-2.8076151853775676e+07	2.2509260062128305e+01
989	14.625597	-2.8076128610477619e+07	2.3243298057466745e+01
990	14.800682	-2.8076534371769581e+07	-4.0576129196211696e+02
991	14.630188	-2.8076464564846963e+07	6.9806922618299723e+01
992	14.748169	-2.8076415308383450e+07	4.9256463512778282e+01
993	14.597526	-2.8076367234762996e+07	4.8073620453476906e+01
994	14.689959	-2.8076324106122248e+07	4.3128640748560429e+01
995	14.601122	-2.8076343551961128e+07	-1.9445838879793882e+01
996	14.722810	-2.8076300577165078e+07	4.2974796049296856e+01
997	14.631120	-2.8076261324717652e+07	3.9252447426319122e+01
998	14.747679	-2.8076223058827188e+07	3.8265890464186668e+01
999	14.631660	-2.8076378878416542e+07	-1.5581958935409784e+02
1000	14.687774	-2.8076316334844600e+07	6.2543571941554546e+01

Writing Q matrix to /global/home/users/deboraycb/scratch/atahualpa/analysis/ohana/maf05_3/structure/merge2_20M_allchr_snps_maf05_k7_mi1000_2_q.matrix
Writing F matrix to /global/home/users/deboraycb/scratch/atahualpa/analysis/ohana/maf05_3/structure/merge2_20M_allchr_snps_maf05_k7_mi1000_2_f.matrix
