seed: 1450159117

iter	duration	log_likelihood	delta-lle
0	2.929919	-4.4657541490555502e+07
1	9.752750	-3.9356121611551315e+07	5.3014198790041879e+06
2	10.241906	-3.5861386875875078e+07	3.4947347356762365e+06
3	10.127697	-3.4496105656635471e+07	1.3652812192396075e+06
4	9.926065	-3.3838356049402907e+07	6.5774960723256320e+05
5	9.861681	-3.3251633002849702e+07	5.8672304655320570e+05
6	10.082228	-3.2694980379755765e+07	5.5665262309393659e+05
7	9.955385	-3.2148527647541314e+07	5.4645273221445084e+05
8	9.959945	-3.1586885531520661e+07	5.6164211602065340e+05
9	9.788029	-3.1034697110214598e+07	5.5218842130606249e+05
10	9.842577	-3.0494778637291938e+07	5.3991847292266041e+05
11	9.829818	-2.9984937819657709e+07	5.0984081763422862e+05
12	10.015656	-2.9519552146980826e+07	4.6538567267688364e+05
13	9.994757	-2.9119715421481367e+07	3.9983672549945861e+05
14	10.053589	-2.8806914948591989e+07	3.1280047288937867e+05
15	10.012203	-2.8589854275154315e+07	2.1706067343767360e+05
16	9.990305	-2.8467331832280513e+07	1.2252244287380204e+05
17	9.822923	-2.8420727949908480e+07	4.6603882372032851e+04
18	10.006858	-2.8409158019916933e+07	1.1569929991547018e+04
19	9.922450	-2.8405947400613938e+07	3.2106193029955029e+03
20	9.979963	-2.8404411461488612e+07	1.5359391253255308e+03
21	9.892845	-2.8403606454446420e+07	8.0500704219192266e+02
22	9.918627	-2.8403195742145590e+07	4.1071230082958937e+02
23	9.812134	-2.8402986524289560e+07	2.0921785603091121e+02
24	9.954908	-2.8402892092404116e+07	9.4431885443627834e+01
25	9.906802	-2.8402849848348882e+07	4.2244055233895779e+01
26	9.938310	-2.8402829388405386e+07	2.0459943495690823e+01
27	9.912575	-2.8402818282145590e+07	1.1106259796768427e+01
28	9.880829	-2.8402812558520090e+07	5.7236254997551441e+00
29	9.803201	-2.8402810268792298e+07	2.2897277921438217e+00
30	9.965508	-2.8402809658171970e+07	6.1062032729387283e-01
31	9.825175	-2.8402809461199578e+07	1.9697239249944687e-01
32	9.919858	-2.8402809376805667e+07	8.4393911063671112e-02
33	9.876098	-2.8402809340103488e+07	3.6702178418636322e-02
34	9.857499	-2.8402809323986016e+07	1.6117472201585770e-02
35	9.778590	-2.8402809316878010e+07	7.1080066263675690e-03
36	9.879056	-2.8402809313716106e+07	3.1619034707546234e-03
37	9.850470	-2.8402809312312189e+07	1.4039166271686554e-03
38	9.857956	-2.8402809311678633e+07	6.3355639576911926e-04
39	9.809159	-2.8402809311393030e+07	2.8560310602188110e-04
40	9.870456	-2.8402809311261054e+07	1.3197585940361023e-04
41	9.733862	-2.8402809311207604e+07	5.3450465202331543e-05
42	9.864048	-2.8402809311177902e+07	2.9701739549636841e-05
43	9.811153	-2.8402809311156981e+07	2.0921230316162109e-05
44	9.840109	-2.8402809311150346e+07	6.6347420215606689e-06
45	9.768216	-2.8402809311143659e+07	6.6868960857391357e-06
46	9.827970	-2.8402809311148390e+07	-4.7311186790466309e-06
47	9.751941	-2.8402809311140247e+07	8.1434845924377441e-06
48	9.761510	-2.8402809311137434e+07	2.8125941753387451e-06
49	9.810760	-2.8402809311150815e+07	-1.3381242752075195e-05
50	9.843165	-2.8402809311148006e+07	2.8088688850402832e-06
51	9.752791	-2.8402809311137117e+07	1.0889023542404175e-05
52	9.843084	-2.8402809311134897e+07	2.2202730178833008e-06
53	9.785164	-2.8402809311142519e+07	-7.6219439506530762e-06
54	9.759204	-2.8402809311138216e+07	4.3027102947235107e-06
55	9.816256	-2.8402809311143428e+07	-5.2116811275482178e-06
56	9.861691	-2.8402809311136734e+07	6.6943466663360596e-06
57	9.831489	-2.8402809311138608e+07	-1.8738210201263428e-06
58	9.828245	-2.8402809311143093e+07	-4.4852495193481445e-06
59	9.792220	-2.8402809311138969e+07	4.1238963603973389e-06
60	9.838385	-2.8402809311141264e+07	-2.2947788238525391e-06
61	9.934185	-2.8402809311146323e+07	-5.0589442253112793e-06
62	9.933880	-2.8402809311148759e+07	-2.4363398551940918e-06
63	9.803441	-2.8402809311146989e+07	1.7695128917694092e-06
64	9.815032	-2.8402809311149444e+07	-2.4549663066864014e-06
65	9.815462	-2.8402809311147582e+07	1.8626451492309570e-06
66	9.847818	-2.8402809311145648e+07	1.9334256649017334e-06
67	9.943508	-2.8402809311146636e+07	-9.8720192909240723e-07
68	9.990753	-2.8402809311146524e+07	1.1175870895385742e-07
69	9.955336	-2.8402809311147168e+07	-6.4447522163391113e-07
70	10.001007	-2.8402809311146293e+07	8.7544322013854980e-07
71	9.875952	-2.8402809311145883e+07	4.0978193283081055e-07
72	9.857564	-2.8402809311146293e+07	-4.0978193283081055e-07
73	9.917033	-2.8402809311146680e+07	-3.8743019104003906e-07
74	9.964118	-2.8402809311146840e+07	-1.6018748283386230e-07
75	9.882788	-2.8402809311146982e+07	-1.4156103134155273e-07
76	9.959529	-2.8402809311147172e+07	-1.8998980522155762e-07
77	9.848718	-2.8402809311147325e+07	-1.5273690223693848e-07
78	9.813416	-2.8402809311147310e+07	1.4901161193847656e-08
79	9.910394	-2.8402809311147299e+07	1.1175870895385742e-08
80	9.950645	-2.8402809311147343e+07	-4.4703483581542969e-08
81	9.900700	-2.8402809311147381e+07	-3.7252902984619141e-08
82	9.892670	-2.8402809311147392e+07	-1.1175870895385742e-08
83	9.849996	-2.8402809311147422e+07	-2.9802322387695312e-08
84	9.830143	-2.8402809311147381e+07	4.0978193283081055e-08
85	9.855905	-2.8402809311147407e+07	-2.6077032089233398e-08
86	9.907597	-2.8402809311147399e+07	7.4505805969238281e-09
87	9.817855	-2.8402809311147407e+07	-7.4505805969238281e-09
88	9.909030	-2.8402809311147392e+07	1.4901161193847656e-08
89	9.807499	-2.8402809311147407e+07	-1.4901161193847656e-08
90	9.820954	-2.8402809311147399e+07	7.4505805969238281e-09
91	9.837707	-2.8402809311147388e+07	1.1175870895385742e-08
92	9.842571	-2.8402809311147388e+07	0.0000000000000000e+00
93	9.819612	-2.8402809311147388e+07	0.0000000000000000e+00
94	9.852288	-2.8402809311147392e+07	-3.7252902984619141e-09
95	9.722038	-2.8402809311147388e+07	3.7252902984619141e-09
96	9.792415	-2.8402809311147384e+07	3.7252902984619141e-09
97	9.810588	-2.8402809311147388e+07	-3.7252902984619141e-09
98	9.801141	-2.8402809311147381e+07	7.4505805969238281e-09
99	9.784986	-2.8402809311147384e+07	-3.7252902984619141e-09
100	9.820006	-2.8402809311147384e+07	0.0000000000000000e+00
101	9.839041	-2.8402809311147381e+07	3.7252902984619141e-09
102	9.772728	-2.8402809311147392e+07	-1.1175870895385742e-08
103	9.723067	-2.8402809311147392e+07	0.0000000000000000e+00
104	9.857516	-2.8402809311147392e+07	0.0000000000000000e+00
105	9.765375	-2.8402809311147384e+07	7.4505805969238281e-09
106	9.818214	-2.8402809311147388e+07	-3.7252902984619141e-09
107	9.809651	-2.8402809311147392e+07	-3.7252902984619141e-09
108	9.823969	-2.8402809311147392e+07	0.0000000000000000e+00
109	9.760330	-2.8402809311147388e+07	3.7252902984619141e-09
110	9.936846	-2.8402809311147381e+07	7.4505805969238281e-09
111	9.912325	-2.8402809311147396e+07	-1.4901161193847656e-08
112	9.796901	-2.8402809311147396e+07	0.0000000000000000e+00
113	9.782703	-2.8402809311147384e+07	1.1175870895385742e-08
114	9.784162	-2.8402809311147399e+07	-1.4901161193847656e-08
115	9.820595	-2.8402809311147399e+07	0.0000000000000000e+00
116	10.006238	-2.8402809311147396e+07	3.7252902984619141e-09
117	9.953518	-2.8402809311147388e+07	7.4505805969238281e-09
118	9.967097	-2.8402809311147392e+07	-3.7252902984619141e-09
119	9.955101	-2.8402809311147388e+07	3.7252902984619141e-09
120	9.933942	-2.8402809311147396e+07	-7.4505805969238281e-09
121	9.818664	-2.8402809311147384e+07	1.1175870895385742e-08
122	10.013359	-2.8402809311147392e+07	-7.4505805969238281e-09
123	9.891964	-2.8402809311147381e+07	1.1175870895385742e-08
124	9.982291	-2.8402809311147392e+07	-1.1175870895385742e-08
125	9.957374	-2.8402809311147392e+07	0.0000000000000000e+00
126	9.910485	-2.8402809311147381e+07	1.1175870895385742e-08
127	9.821834	-2.8402809311147388e+07	-7.4505805969238281e-09
128	9.953131	-2.8402809311147392e+07	-3.7252902984619141e-09
129	9.930388	-2.8402809311147384e+07	7.4505805969238281e-09
130	9.963802	-2.8402809311147388e+07	-3.7252902984619141e-09
131	9.892635	-2.8402809311147392e+07	-3.7252902984619141e-09
132	9.892778	-2.8402809311147377e+07	1.4901161193847656e-08
133	9.792345	-2.8402809311147403e+07	-2.6077032089233398e-08
134	9.905117	-2.8402809311147388e+07	1.4901161193847656e-08
135	9.892084	-2.8402809311147388e+07	0.0000000000000000e+00
136	9.908318	-2.8402809311147392e+07	-3.7252902984619141e-09
137	9.904915	-2.8402809311147392e+07	0.0000000000000000e+00
138	9.858678	-2.8402809311147392e+07	0.0000000000000000e+00
139	9.767458	-2.8402809311147388e+07	3.7252902984619141e-09
140	9.906121	-2.8402809311147392e+07	-3.7252902984619141e-09
141	9.856488	-2.8402809311147392e+07	0.0000000000000000e+00
142	9.885069	-2.8402809311147392e+07	0.0000000000000000e+00
143	9.843813	-2.8402809311147392e+07	0.0000000000000000e+00
144	9.828514	-2.8402809311147388e+07	3.7252902984619141e-09
145	9.755045	-2.8402809311147384e+07	3.7252902984619141e-09
146	9.893215	-2.8402809311147399e+07	-1.4901161193847656e-08
147	9.813801	-2.8402809311147388e+07	1.1175870895385742e-08
148	9.861479	-2.8402809311147392e+07	-3.7252902984619141e-09
149	9.768649	-2.8402809311147392e+07	0.0000000000000000e+00
150	9.825531	-2.8402809311147392e+07	0.0000000000000000e+00
151	9.804346	-2.8402809311147388e+07	3.7252902984619141e-09
152	9.816449	-2.8402809311147388e+07	0.0000000000000000e+00
153	9.795421	-2.8402809311147392e+07	-3.7252902984619141e-09
154	9.800481	-2.8402809311147392e+07	0.0000000000000000e+00
155	9.793401	-2.8402809311147384e+07	7.4505805969238281e-09
156	9.838204	-2.8402809311147396e+07	-1.1175870895385742e-08
157	9.755375	-2.8402809311147392e+07	3.7252902984619141e-09
158	9.818513	-2.8402809311147388e+07	3.7252902984619141e-09
159	9.767212	-2.8402809311147384e+07	3.7252902984619141e-09
160	9.847875	-2.8402809311147392e+07	-7.4505805969238281e-09
161	9.770264	-2.8402809311147392e+07	0.0000000000000000e+00
162	9.835051	-2.8402809311147384e+07	7.4505805969238281e-09
163	9.778801	-2.8402809311147392e+07	-7.4505805969238281e-09
164	9.819404	-2.8402809311147377e+07	1.4901161193847656e-08
165	9.932829	-2.8402809311147392e+07	-1.4901161193847656e-08
166	9.967479	-2.8402809311147388e+07	3.7252902984619141e-09
167	9.795559	-2.8402809311147388e+07	0.0000000000000000e+00
168	9.829600	-2.8402809311147384e+07	3.7252902984619141e-09
169	9.823676	-2.8402809311147392e+07	-7.4505805969238281e-09
170	9.817304	-2.8402809311147392e+07	0.0000000000000000e+00
171	9.945300	-2.8402809311147392e+07	0.0000000000000000e+00
172	10.037216	-2.8402809311147388e+07	3.7252902984619141e-09
173	9.962024	-2.8402809311147396e+07	-7.4505805969238281e-09
174	9.987977	-2.8402809311147392e+07	3.7252902984619141e-09
175	9.909568	-2.8402809311147384e+07	7.4505805969238281e-09
176	9.818657	-2.8402809311147392e+07	-7.4505805969238281e-09
177	9.947964	-2.8402809311147388e+07	3.7252902984619141e-09
178	9.941426	-2.8402809311147384e+07	3.7252902984619141e-09
179	9.960998	-2.8402809311147396e+07	-1.1175870895385742e-08
180	9.985884	-2.8402809311147384e+07	1.1175870895385742e-08
181	9.849545	-2.8402809311147388e+07	-3.7252902984619141e-09
182	9.849670	-2.8402809311147381e+07	7.4505805969238281e-09
183	9.897010	-2.8402809311147396e+07	-1.4901161193847656e-08
184	9.957239	-2.8402809311147392e+07	3.7252902984619141e-09
185	9.922693	-2.8402809311147384e+07	7.4505805969238281e-09
186	9.947452	-2.8402809311147392e+07	-7.4505805969238281e-09
187	9.849588	-2.8402809311147392e+07	0.0000000000000000e+00
188	9.803070	-2.8402809311147388e+07	3.7252902984619141e-09
189	9.870192	-2.8402809311147384e+07	3.7252902984619141e-09
190	9.947777	-2.8402809311147392e+07	-7.4505805969238281e-09
191	9.852747	-2.8402809311147396e+07	-3.7252902984619141e-09
192	9.897511	-2.8402809311147392e+07	3.7252902984619141e-09
193	9.795874	-2.8402809311147392e+07	0.0000000000000000e+00
194	9.757814	-2.8402809311147388e+07	3.7252902984619141e-09
195	9.847821	-2.8402809311147384e+07	3.7252902984619141e-09
196	9.874065	-2.8402809311147388e+07	-3.7252902984619141e-09
197	9.847149	-2.8402809311147388e+07	0.0000000000000000e+00
198	9.873285	-2.8402809311147392e+07	-3.7252902984619141e-09
199	9.799136	-2.8402809311147396e+07	-3.7252902984619141e-09
200	9.817455	-2.8402809311147384e+07	1.1175870895385742e-08
201	9.818710	-2.8402809311147392e+07	-7.4505805969238281e-09
202	9.849874	-2.8402809311147392e+07	0.0000000000000000e+00
203	9.811849	-2.8402809311147396e+07	-3.7252902984619141e-09
204	9.819306	-2.8402809311147388e+07	7.4505805969238281e-09
205	9.759694	-2.8402809311147388e+07	0.0000000000000000e+00
206	9.815698	-2.8402809311147392e+07	-3.7252902984619141e-09
207	9.793045	-2.8402809311147396e+07	-3.7252902984619141e-09
208	9.846014	-2.8402809311147392e+07	3.7252902984619141e-09
209	9.776928	-2.8402809311147396e+07	-3.7252902984619141e-09
210	9.836103	-2.8402809311147388e+07	7.4505805969238281e-09
211	9.810724	-2.8402809311147392e+07	-3.7252902984619141e-09
212	9.762960	-2.8402809311147377e+07	1.4901161193847656e-08
213	9.777687	-2.8402809311147392e+07	-1.4901161193847656e-08
214	9.841177	-2.8402809311147388e+07	3.7252902984619141e-09
215	9.827372	-2.8402809311147396e+07	-7.4505805969238281e-09
216	9.812728	-2.8402809311147392e+07	3.7252902984619141e-09
217	9.781159	-2.8402809311147384e+07	7.4505805969238281e-09
218	9.774893	-2.8402809311147381e+07	3.7252902984619141e-09
219	9.756356	-2.8402809311147396e+07	-1.4901161193847656e-08
220	9.946029	-2.8402809311147381e+07	1.4901161193847656e-08
221	9.925829	-2.8402809311147399e+07	-1.8626451492309570e-08
222	9.907177	-2.8402809311147384e+07	1.4901161193847656e-08
223	9.880529	-2.8402809311147392e+07	-7.4505805969238281e-09
224	9.926965	-2.8402809311147392e+07	0.0000000000000000e+00
225	9.818481	-2.8402809311147392e+07	0.0000000000000000e+00
226	9.978191	-2.8402809311147392e+07	0.0000000000000000e+00
227	9.917276	-2.8402809311147388e+07	3.7252902984619141e-09
228	10.001401	-2.8402809311147392e+07	-3.7252902984619141e-09
229	9.957281	-2.8402809311147396e+07	-3.7252902984619141e-09
230	9.958196	-2.8402809311147388e+07	7.4505805969238281e-09
231	9.808790	-2.8402809311147388e+07	0.0000000000000000e+00
232	9.963485	-2.8402809311147396e+07	-7.4505805969238281e-09
233	9.870769	-2.8402809311147384e+07	1.1175870895385742e-08
234	9.947265	-2.8402809311147392e+07	-7.4505805969238281e-09
235	9.886718	-2.8402809311147388e+07	3.7252902984619141e-09
236	9.911667	-2.8402809311147392e+07	-3.7252902984619141e-09
237	9.789032	-2.8402809311147392e+07	0.0000000000000000e+00
238	9.918274	-2.8402809311147384e+07	7.4505805969238281e-09
239	9.905701	-2.8402809311147388e+07	-3.7252902984619141e-09
240	9.927393	-2.8402809311147388e+07	0.0000000000000000e+00
241	9.866839	-2.8402809311147388e+07	0.0000000000000000e+00
242	9.842064	-2.8402809311147392e+07	-3.7252902984619141e-09
243	9.784866	-2.8402809311147392e+07	0.0000000000000000e+00
244	9.878274	-2.8402809311147377e+07	1.4901161193847656e-08
245	9.849581	-2.8402809311147388e+07	-1.1175870895385742e-08
246	9.901481	-2.8402809311147392e+07	-3.7252902984619141e-09
247	9.803138	-2.8402809311147392e+07	0.0000000000000000e+00
248	9.815865	-2.8402809311147384e+07	7.4505805969238281e-09
249	9.753202	-2.8402809311147388e+07	-3.7252902984619141e-09
250	9.864656	-2.8402809311147392e+07	-3.7252902984619141e-09
251	9.815624	-2.8402809311147396e+07	-3.7252902984619141e-09
252	9.791729	-2.8402809311147377e+07	1.8626451492309570e-08
253	9.758658	-2.8402809311147392e+07	-1.4901161193847656e-08
254	9.778851	-2.8402809311147384e+07	7.4505805969238281e-09
255	9.760409	-2.8402809311147396e+07	-1.1175870895385742e-08
256	9.767472	-2.8402809311147384e+07	1.1175870895385742e-08
257	9.793964	-2.8402809311147403e+07	-1.8626451492309570e-08
258	9.824371	-2.8402809311147388e+07	1.4901161193847656e-08
259	9.812408	-2.8402809311147392e+07	-3.7252902984619141e-09
260	9.812991	-2.8402809311147384e+07	7.4505805969238281e-09
261	9.791742	-2.8402809311147399e+07	-1.4901161193847656e-08
262	9.779639	-2.8402809311147388e+07	1.1175870895385742e-08
263	9.762920	-2.8402809311147392e+07	-3.7252902984619141e-09
264	9.813330	-2.8402809311147388e+07	3.7252902984619141e-09
265	9.767619	-2.8402809311147384e+07	3.7252902984619141e-09
266	9.827008	-2.8402809311147384e+07	0.0000000000000000e+00
267	9.776770	-2.8402809311147392e+07	-7.4505805969238281e-09
268	9.799144	-2.8402809311147388e+07	3.7252902984619141e-09
269	9.931121	-2.8402809311147388e+07	0.0000000000000000e+00
270	9.915788	-2.8402809311147392e+07	-3.7252902984619141e-09
271	9.866102	-2.8402809311147388e+07	3.7252902984619141e-09
272	9.787188	-2.8402809311147384e+07	3.7252902984619141e-09
273	9.761653	-2.8402809311147392e+07	-7.4505805969238281e-09
274	9.867739	-2.8402809311147384e+07	7.4505805969238281e-09
275	9.956175	-2.8402809311147396e+07	-1.1175870895385742e-08
276	9.993154	-2.8402809311147384e+07	1.1175870895385742e-08
277	9.934264	-2.8402809311147396e+07	-1.1175870895385742e-08
278	9.993794	-2.8402809311147392e+07	3.7252902984619141e-09
279	9.868617	-2.8402809311147392e+07	0.0000000000000000e+00
280	9.815309	-2.8402809311147384e+07	7.4505805969238281e-09
281	9.912617	-2.8402809311147396e+07	-1.1175870895385742e-08
282	9.915312	-2.8402809311147399e+07	-3.7252902984619141e-09
283	9.912291	-2.8402809311147392e+07	7.4505805969238281e-09
284	9.982923	-2.8402809311147392e+07	0.0000000000000000e+00
285	9.845787	-2.8402809311147396e+07	-3.7252902984619141e-09
286	9.865948	-2.8402809311147392e+07	3.7252902984619141e-09
287	9.939737	-2.8402809311147396e+07	-3.7252902984619141e-09
288	9.936730	-2.8402809311147388e+07	7.4505805969238281e-09
289	9.908312	-2.8402809311147388e+07	0.0000000000000000e+00
290	9.906679	-2.8402809311147392e+07	-3.7252902984619141e-09
291	9.838213	-2.8402809311147392e+07	0.0000000000000000e+00
292	9.824509	-2.8402809311147392e+07	0.0000000000000000e+00
293	9.870160	-2.8402809311147396e+07	-3.7252902984619141e-09
294	9.825008	-2.8402809311147384e+07	1.1175870895385742e-08
295	9.810997	-2.8402809311147384e+07	0.0000000000000000e+00
296	9.914913	-2.8402809311147384e+07	0.0000000000000000e+00
297	9.750194	-2.8402809311147384e+07	0.0000000000000000e+00
298	9.774902	-2.8402809311147388e+07	-3.7252902984619141e-09
299	9.835472	-2.8402809311147392e+07	-3.7252902984619141e-09
300	9.857550	-2.8402809311147377e+07	1.4901161193847656e-08
301	9.836371	-2.8402809311147396e+07	-1.8626451492309570e-08
302	9.807405	-2.8402809311147392e+07	3.7252902984619141e-09
303	9.800807	-2.8402809311147388e+07	3.7252902984619141e-09
304	9.811221	-2.8402809311147384e+07	3.7252902984619141e-09
305	9.771137	-2.8402809311147396e+07	-1.1175870895385742e-08
306	9.802434	-2.8402809311147392e+07	3.7252902984619141e-09
307	9.778087	-2.8402809311147392e+07	0.0000000000000000e+00
308	9.824906	-2.8402809311147384e+07	7.4505805969238281e-09
309	9.776020	-2.8402809311147392e+07	-7.4505805969238281e-09
310	9.810216	-2.8402809311147392e+07	0.0000000000000000e+00
311	9.859698	-2.8402809311147399e+07	-7.4505805969238281e-09
312	9.826713	-2.8402809311147388e+07	1.1175870895385742e-08
313	9.783244	-2.8402809311147392e+07	-3.7252902984619141e-09
314	9.862924	-2.8402809311147388e+07	3.7252902984619141e-09
315	9.756473	-2.8402809311147396e+07	-7.4505805969238281e-09
316	9.755117	-2.8402809311147377e+07	1.8626451492309570e-08
317	9.774927	-2.8402809311147392e+07	-1.4901161193847656e-08
318	9.918115	-2.8402809311147384e+07	7.4505805969238281e-09
319	9.898834	-2.8402809311147384e+07	0.0000000000000000e+00
320	9.822180	-2.8402809311147388e+07	-3.7252902984619141e-09
321	9.790081	-2.8402809311147384e+07	3.7252902984619141e-09
322	9.819938	-2.8402809311147388e+07	-3.7252902984619141e-09
323	9.779655	-2.8402809311147392e+07	-3.7252902984619141e-09
324	9.974922	-2.8402809311147384e+07	7.4505805969238281e-09
325	9.943150	-2.8402809311147384e+07	0.0000000000000000e+00
326	9.969324	-2.8402809311147384e+07	0.0000000000000000e+00
327	9.972572	-2.8402809311147396e+07	-1.1175870895385742e-08
328	9.907884	-2.8402809311147381e+07	1.4901161193847656e-08
329	9.786124	-2.8402809311147403e+07	-2.2351741790771484e-08
330	9.993751	-2.8402809311147384e+07	1.8626451492309570e-08
331	9.931592	-2.8402809311147392e+07	-7.4505805969238281e-09
332	9.963657	-2.8402809311147388e+07	3.7252902984619141e-09
333	9.937464	-2.8402809311147392e+07	-3.7252902984619141e-09
334	9.906864	-2.8402809311147377e+07	1.4901161193847656e-08
335	9.796369	-2.8402809311147392e+07	-1.4901161193847656e-08
336	9.931103	-2.8402809311147392e+07	0.0000000000000000e+00
337	9.889420	-2.8402809311147392e+07	0.0000000000000000e+00
338	9.938022	-2.8402809311147381e+07	1.1175870895385742e-08
339	9.903464	-2.8402809311147392e+07	-1.1175870895385742e-08
340	9.886964	-2.8402809311147392e+07	0.0000000000000000e+00
341	9.793804	-2.8402809311147381e+07	1.1175870895385742e-08
342	9.940792	-2.8402809311147396e+07	-1.4901161193847656e-08
343	9.874625	-2.8402809311147384e+07	1.1175870895385742e-08
344	9.900027	-2.8402809311147384e+07	0.0000000000000000e+00
345	9.814053	-2.8402809311147388e+07	-3.7252902984619141e-09
346	10.033713	-2.8402809311147392e+07	-3.7252902984619141e-09
347	9.746555	-2.8402809311147388e+07	3.7252902984619141e-09
348	9.895519	-2.8402809311147392e+07	-3.7252902984619141e-09
349	9.909718	-2.8402809311147384e+07	7.4505805969238281e-09
350	9.880609	-2.8402809311147388e+07	-3.7252902984619141e-09
351	9.810326	-2.8402809311147384e+07	3.7252902984619141e-09
352	9.826770	-2.8402809311147392e+07	-7.4505805969238281e-09
353	9.730053	-2.8402809311147384e+07	7.4505805969238281e-09
354	9.830635	-2.8402809311147396e+07	-1.1175870895385742e-08
355	9.757890	-2.8402809311147388e+07	7.4505805969238281e-09
356	9.812434	-2.8402809311147384e+07	3.7252902984619141e-09
357	9.838539	-2.8402809311147396e+07	-1.1175870895385742e-08
358	9.852056	-2.8402809311147396e+07	0.0000000000000000e+00
359	9.750814	-2.8402809311147388e+07	7.4505805969238281e-09
360	9.787231	-2.8402809311147392e+07	-3.7252902984619141e-09
361	9.773341	-2.8402809311147396e+07	-3.7252902984619141e-09
362	9.820773	-2.8402809311147392e+07	3.7252902984619141e-09
363	9.782914	-2.8402809311147384e+07	7.4505805969238281e-09
364	9.833994	-2.8402809311147388e+07	-3.7252902984619141e-09
365	9.778800	-2.8402809311147392e+07	-3.7252902984619141e-09
366	9.791055	-2.8402809311147384e+07	7.4505805969238281e-09
367	9.801300	-2.8402809311147396e+07	-1.1175870895385742e-08
368	9.853041	-2.8402809311147384e+07	1.1175870895385742e-08
369	9.824777	-2.8402809311147399e+07	-1.4901161193847656e-08
370	9.834183	-2.8402809311147392e+07	7.4505805969238281e-09
371	9.775518	-2.8402809311147396e+07	-3.7252902984619141e-09
372	9.814964	-2.8402809311147392e+07	3.7252902984619141e-09
373	9.951870	-2.8402809311147377e+07	1.4901161193847656e-08
374	10.011246	-2.8402809311147388e+07	-1.1175870895385742e-08
375	9.869273	-2.8402809311147392e+07	-3.7252902984619141e-09
376	9.798625	-2.8402809311147396e+07	-3.7252902984619141e-09
377	9.888074	-2.8402809311147392e+07	3.7252902984619141e-09
378	9.871670	-2.8402809311147384e+07	7.4505805969238281e-09
379	9.954408	-2.8402809311147388e+07	-3.7252902984619141e-09
380	9.983387	-2.8402809311147392e+07	-3.7252902984619141e-09
381	9.978343	-2.8402809311147392e+07	0.0000000000000000e+00
382	9.988892	-2.8402809311147396e+07	-3.7252902984619141e-09
383	9.910573	-2.8402809311147392e+07	3.7252902984619141e-09
384	9.817023	-2.8402809311147396e+07	-3.7252902984619141e-09
385	9.906028	-2.8402809311147392e+07	3.7252902984619141e-09
386	9.938477	-2.8402809311147388e+07	3.7252902984619141e-09
387	9.924546	-2.8402809311147392e+07	-3.7252902984619141e-09
388	9.985415	-2.8402809311147388e+07	3.7252902984619141e-09
389	9.867544	-2.8402809311147388e+07	0.0000000000000000e+00
390	9.811417	-2.8402809311147381e+07	7.4505805969238281e-09
391	9.898461	-2.8402809311147392e+07	-1.1175870895385742e-08
392	9.899233	-2.8402809311147392e+07	0.0000000000000000e+00
393	9.880422	-2.8402809311147384e+07	7.4505805969238281e-09
394	9.925253	-2.8402809311147392e+07	-7.4505805969238281e-09
395	9.846737	-2.8402809311147396e+07	-3.7252902984619141e-09
396	9.832978	-2.8402809311147392e+07	3.7252902984619141e-09
397	9.862519	-2.8402809311147388e+07	3.7252902984619141e-09
398	9.883258	-2.8402809311147392e+07	-3.7252902984619141e-09
399	9.851422	-2.8402809311147396e+07	-3.7252902984619141e-09
400	9.887039	-2.8402809311147392e+07	3.7252902984619141e-09
401	9.793613	-2.8402809311147399e+07	-7.4505805969238281e-09
402	9.793600	-2.8402809311147384e+07	1.4901161193847656e-08
403	9.806837	-2.8402809311147399e+07	-1.4901161193847656e-08
404	9.900123	-2.8402809311147392e+07	7.4505805969238281e-09
405	9.816856	-2.8402809311147392e+07	0.0000000000000000e+00
406	9.866531	-2.8402809311147392e+07	0.0000000000000000e+00
407	9.749122	-2.8402809311147392e+07	0.0000000000000000e+00
408	9.806778	-2.8402809311147381e+07	1.1175870895385742e-08
409	9.775258	-2.8402809311147399e+07	-1.8626451492309570e-08
410	9.836171	-2.8402809311147384e+07	1.4901161193847656e-08
411	9.771112	-2.8402809311147392e+07	-7.4505805969238281e-09
412	9.796730	-2.8402809311147392e+07	0.0000000000000000e+00
413	9.792031	-2.8402809311147392e+07	0.0000000000000000e+00
414	9.791780	-2.8402809311147377e+07	1.4901161193847656e-08
415	9.732360	-2.8402809311147388e+07	-1.1175870895385742e-08
416	9.841489	-2.8402809311147392e+07	-3.7252902984619141e-09
417	9.784170	-2.8402809311147384e+07	7.4505805969238281e-09
418	9.837087	-2.8402809311147392e+07	-7.4505805969238281e-09
419	9.773794	-2.8402809311147392e+07	0.0000000000000000e+00
420	9.823807	-2.8402809311147377e+07	1.4901161193847656e-08
421	9.741150	-2.8402809311147392e+07	-1.4901161193847656e-08
422	9.917005	-2.8402809311147384e+07	7.4505805969238281e-09
423	9.907835	-2.8402809311147388e+07	-3.7252902984619141e-09
424	9.828035	-2.8402809311147396e+07	-7.4505805969238281e-09
425	9.769115	-2.8402809311147388e+07	7.4505805969238281e-09
426	9.815465	-2.8402809311147392e+07	-3.7252902984619141e-09
427	9.785913	-2.8402809311147384e+07	7.4505805969238281e-09
428	9.945523	-2.8402809311147392e+07	-7.4505805969238281e-09
429	9.910802	-2.8402809311147384e+07	7.4505805969238281e-09
430	10.014489	-2.8402809311147392e+07	-7.4505805969238281e-09
431	9.937418	-2.8402809311147388e+07	3.7252902984619141e-09
432	9.961338	-2.8402809311147392e+07	-3.7252902984619141e-09
433	9.808130	-2.8402809311147384e+07	7.4505805969238281e-09
434	9.968552	-2.8402809311147392e+07	-7.4505805969238281e-09
435	9.936432	-2.8402809311147384e+07	7.4505805969238281e-09
436	9.983436	-2.8402809311147396e+07	-1.1175870895385742e-08
437	9.940327	-2.8402809311147392e+07	3.7252902984619141e-09
438	9.887934	-2.8402809311147392e+07	0.0000000000000000e+00
439	9.792470	-2.8402809311147388e+07	3.7252902984619141e-09
440	9.959451	-2.8402809311147392e+07	-3.7252902984619141e-09
441	9.875459	-2.8402809311147392e+07	0.0000000000000000e+00
442	9.969250	-2.8402809311147384e+07	7.4505805969238281e-09
443	9.922138	-2.8402809311147388e+07	-3.7252902984619141e-09
444	9.858132	-2.8402809311147384e+07	3.7252902984619141e-09
445	9.778917	-2.8402809311147384e+07	0.0000000000000000e+00
446	9.868331	-2.8402809311147392e+07	-7.4505805969238281e-09
447	9.867346	-2.8402809311147392e+07	0.0000000000000000e+00
448	9.880477	-2.8402809311147392e+07	0.0000000000000000e+00
449	9.857391	-2.8402809311147392e+07	0.0000000000000000e+00
450	9.871971	-2.8402809311147396e+07	-3.7252902984619141e-09
451	9.765245	-2.8402809311147388e+07	7.4505805969238281e-09
452	9.876321	-2.8402809311147388e+07	0.0000000000000000e+00
453	9.828774	-2.8402809311147384e+07	3.7252902984619141e-09
454	9.837557	-2.8402809311147384e+07	0.0000000000000000e+00
455	9.844783	-2.8402809311147392e+07	-7.4505805969238281e-09
456	9.805991	-2.8402809311147384e+07	7.4505805969238281e-09
457	9.748815	-2.8402809311147388e+07	-3.7252902984619141e-09
458	9.839800	-2.8402809311147392e+07	-3.7252902984619141e-09
459	9.811355	-2.8402809311147392e+07	0.0000000000000000e+00
460	9.822550	-2.8402809311147396e+07	-3.7252902984619141e-09
461	9.751153	-2.8402809311147388e+07	7.4505805969238281e-09
462	9.800226	-2.8402809311147392e+07	-3.7252902984619141e-09
463	9.768368	-2.8402809311147392e+07	0.0000000000000000e+00
464	9.795406	-2.8402809311147392e+07	0.0000000000000000e+00
465	9.763767	-2.8402809311147388e+07	3.7252902984619141e-09
466	9.864524	-2.8402809311147384e+07	3.7252902984619141e-09
467	9.806494	-2.8402809311147388e+07	-3.7252902984619141e-09
468	9.804689	-2.8402809311147388e+07	0.0000000000000000e+00
469	9.736123	-2.8402809311147392e+07	-3.7252902984619141e-09
470	9.769971	-2.8402809311147396e+07	-3.7252902984619141e-09
471	9.810566	-2.8402809311147399e+07	-3.7252902984619141e-09
472	9.873792	-2.8402809311147384e+07	1.4901161193847656e-08
473	9.780612	-2.8402809311147384e+07	0.0000000000000000e+00
474	9.832853	-2.8402809311147388e+07	-3.7252902984619141e-09
475	9.742598	-2.8402809311147396e+07	-7.4505805969238281e-09
476	9.800547	-2.8402809311147388e+07	7.4505805969238281e-09
477	9.942995	-2.8402809311147392e+07	-3.7252902984619141e-09
478	9.970739	-2.8402809311147388e+07	3.7252902984619141e-09
479	9.835578	-2.8402809311147399e+07	-1.1175870895385742e-08
480	9.976590	-2.8402809311147384e+07	1.4901161193847656e-08
481	9.913344	-2.8402809311147396e+07	-1.1175870895385742e-08
482	9.866710	-2.8402809311147384e+07	1.1175870895385742e-08
483	9.965205	-2.8402809311147388e+07	-3.7252902984619141e-09
484	9.986642	-2.8402809311147388e+07	0.0000000000000000e+00
485	9.963558	-2.8402809311147388e+07	0.0000000000000000e+00
486	9.974438	-2.8402809311147388e+07	0.0000000000000000e+00
487	9.903586	-2.8402809311147384e+07	3.7252902984619141e-09
488	9.831442	-2.8402809311147384e+07	0.0000000000000000e+00
489	9.915510	-2.8402809311147396e+07	-1.1175870895385742e-08
490	9.983240	-2.8402809311147388e+07	7.4505805969238281e-09
491	9.935388	-2.8402809311147396e+07	-7.4505805969238281e-09
492	9.941419	-2.8402809311147392e+07	3.7252902984619141e-09
493	9.875344	-2.8402809311147392e+07	0.0000000000000000e+00
494	9.827791	-2.8402809311147392e+07	0.0000000000000000e+00
495	9.894973	-2.8402809311147388e+07	3.7252902984619141e-09
496	9.922564	-2.8402809311147388e+07	0.0000000000000000e+00
497	9.925539	-2.8402809311147396e+07	-7.4505805969238281e-09
498	9.918796	-2.8402809311147384e+07	1.1175870895385742e-08
499	9.867641	-2.8402809311147392e+07	-7.4505805969238281e-09
500	9.763393	-2.8402809311147384e+07	7.4505805969238281e-09
501	9.884068	-2.8402809311147388e+07	-3.7252902984619141e-09
502	9.889217	-2.8402809311147392e+07	-3.7252902984619141e-09
503	9.846688	-2.8402809311147388e+07	3.7252902984619141e-09
504	9.871285	-2.8402809311147388e+07	0.0000000000000000e+00
505	9.785045	-2.8402809311147392e+07	-3.7252902984619141e-09
506	9.821726	-2.8402809311147388e+07	3.7252902984619141e-09
507	9.842109	-2.8402809311147392e+07	-3.7252902984619141e-09
508	9.856903	-2.8402809311147384e+07	7.4505805969238281e-09
509	9.859438	-2.8402809311147396e+07	-1.1175870895385742e-08
510	9.833536	-2.8402809311147384e+07	1.1175870895385742e-08
511	9.763528	-2.8402809311147399e+07	-1.4901161193847656e-08
512	9.792919	-2.8402809311147392e+07	7.4505805969238281e-09
513	9.746204	-2.8402809311147392e+07	0.0000000000000000e+00
514	9.775275	-2.8402809311147388e+07	3.7252902984619141e-09
515	9.717503	-2.8402809311147396e+07	-7.4505805969238281e-09
516	9.805074	-2.8402809311147384e+07	1.1175870895385742e-08
517	9.783205	-2.8402809311147392e+07	-7.4505805969238281e-09
518	9.791897	-2.8402809311147384e+07	7.4505805969238281e-09
519	9.748384	-2.8402809311147392e+07	-7.4505805969238281e-09
520	9.849394	-2.8402809311147392e+07	0.0000000000000000e+00
521	9.800989	-2.8402809311147384e+07	7.4505805969238281e-09
522	9.811955	-2.8402809311147388e+07	-3.7252902984619141e-09
523	9.780236	-2.8402809311147384e+07	3.7252902984619141e-09
524	9.810781	-2.8402809311147384e+07	0.0000000000000000e+00
525	9.791073	-2.8402809311147384e+07	0.0000000000000000e+00
526	9.981605	-2.8402809311147392e+07	-7.4505805969238281e-09
527	9.942938	-2.8402809311147399e+07	-7.4505805969238281e-09
528	9.805001	-2.8402809311147388e+07	1.1175870895385742e-08
529	9.742784	-2.8402809311147399e+07	-1.1175870895385742e-08
530	9.827657	-2.8402809311147392e+07	7.4505805969238281e-09
531	9.802419	-2.8402809311147392e+07	0.0000000000000000e+00
532	9.994272	-2.8402809311147396e+07	-3.7252902984619141e-09
533	9.961796	-2.8402809311147388e+07	7.4505805969238281e-09
534	9.986027	-2.8402809311147396e+07	-7.4505805969238281e-09
535	9.927481	-2.8402809311147384e+07	1.1175870895385742e-08
536	9.922648	-2.8402809311147399e+07	-1.4901161193847656e-08
537	9.817412	-2.8402809311147384e+07	1.4901161193847656e-08
538	9.971291	-2.8402809311147392e+07	-7.4505805969238281e-09
539	9.917401	-2.8402809311147392e+07	0.0000000000000000e+00
540	10.005070	-2.8402809311147392e+07	0.0000000000000000e+00
541	9.935544	-2.8402809311147384e+07	7.4505805969238281e-09
542	9.886309	-2.8402809311147392e+07	-7.4505805969238281e-09
543	9.763811	-2.8402809311147388e+07	3.7252902984619141e-09
544	9.977548	-2.8402809311147392e+07	-3.7252902984619141e-09
545	9.878772	-2.8402809311147384e+07	7.4505805969238281e-09
546	9.941407	-2.8402809311147399e+07	-1.4901161193847656e-08
547	9.922845	-2.8402809311147388e+07	1.1175870895385742e-08
548	9.942733	-2.8402809311147388e+07	0.0000000000000000e+00
549	9.800522	-2.8402809311147392e+07	-3.7252902984619141e-09
550	9.920933	-2.8402809311147388e+07	3.7252902984619141e-09
551	9.885111	-2.8402809311147399e+07	-1.1175870895385742e-08
552	9.929451	-2.8402809311147392e+07	7.4505805969238281e-09
553	9.869052	-2.8402809311147384e+07	7.4505805969238281e-09
554	9.865871	-2.8402809311147392e+07	-7.4505805969238281e-09
555	9.764020	-2.8402809311147384e+07	7.4505805969238281e-09
556	9.894553	-2.8402809311147388e+07	-3.7252902984619141e-09
557	9.825174	-2.8402809311147388e+07	0.0000000000000000e+00
558	9.899096	-2.8402809311147388e+07	0.0000000000000000e+00
559	9.817573	-2.8402809311147384e+07	3.7252902984619141e-09
560	9.847683	-2.8402809311147384e+07	0.0000000000000000e+00
561	9.755341	-2.8402809311147384e+07	0.0000000000000000e+00
562	9.851347	-2.8402809311147392e+07	-7.4505805969238281e-09
563	9.819140	-2.8402809311147369e+07	2.2351741790771484e-08
564	9.809633	-2.8402809311147384e+07	-1.4901161193847656e-08
565	9.784595	-2.8402809311147392e+07	-7.4505805969238281e-09
566	9.802782	-2.8402809311147392e+07	0.0000000000000000e+00
567	9.716925	-2.8402809311147384e+07	7.4505805969238281e-09
568	9.845542	-2.8402809311147377e+07	7.4505805969238281e-09
569	9.809258	-2.8402809311147392e+07	-1.4901161193847656e-08
570	9.873704	-2.8402809311147377e+07	1.4901161193847656e-08
571	9.746495	-2.8402809311147396e+07	-1.8626451492309570e-08
572	9.824261	-2.8402809311147392e+07	3.7252902984619141e-09
573	9.821966	-2.8402809311147392e+07	0.0000000000000000e+00
574	9.787284	-2.8402809311147399e+07	-7.4505805969238281e-09
575	9.775210	-2.8402809311147392e+07	7.4505805969238281e-09
576	9.871446	-2.8402809311147388e+07	3.7252902984619141e-09
577	9.814951	-2.8402809311147392e+07	-3.7252902984619141e-09
578	9.807227	-2.8402809311147392e+07	0.0000000000000000e+00
579	9.807648	-2.8402809311147384e+07	7.4505805969238281e-09
580	9.767061	-2.8402809311147392e+07	-7.4505805969238281e-09
581	9.908099	-2.8402809311147396e+07	-3.7252902984619141e-09
582	9.943879	-2.8402809311147396e+07	0.0000000000000000e+00
583	9.842873	-2.8402809311147392e+07	3.7252902984619141e-09
584	9.786218	-2.8402809311147384e+07	7.4505805969238281e-09
585	9.914733	-2.8402809311147399e+07	-1.4901161193847656e-08
586	9.859852	-2.8402809311147388e+07	1.1175870895385742e-08
587	9.922022	-2.8402809311147396e+07	-7.4505805969238281e-09
588	9.980634	-2.8402809311147388e+07	7.4505805969238281e-09
589	9.923026	-2.8402809311147392e+07	-3.7252902984619141e-09
590	9.983528	-2.8402809311147381e+07	1.1175870895385742e-08
591	9.893158	-2.8402809311147396e+07	-1.4901161193847656e-08
592	9.817832	-2.8402809311147381e+07	1.4901161193847656e-08
593	9.922315	-2.8402809311147388e+07	-7.4505805969238281e-09
594	9.945460	-2.8402809311147388e+07	0.0000000000000000e+00
595	9.903920	-2.8402809311147392e+07	-3.7252902984619141e-09
596	9.965239	-2.8402809311147392e+07	0.0000000000000000e+00
597	9.819997	-2.8402809311147392e+07	0.0000000000000000e+00
598	9.845131	-2.8402809311147384e+07	7.4505805969238281e-09
599	9.895360	-2.8402809311147392e+07	-7.4505805969238281e-09
600	9.933254	-2.8402809311147392e+07	0.0000000000000000e+00
601	9.923011	-2.8402809311147384e+07	7.4505805969238281e-09
602	9.925363	-2.8402809311147392e+07	-7.4505805969238281e-09
603	9.844557	-2.8402809311147399e+07	-7.4505805969238281e-09
604	9.827453	-2.8402809311147392e+07	7.4505805969238281e-09
605	9.842380	-2.8402809311147392e+07	0.0000000000000000e+00
606	9.944818	-2.8402809311147384e+07	7.4505805969238281e-09
607	9.828257	-2.8402809311147388e+07	-3.7252902984619141e-09
608	9.888233	-2.8402809311147392e+07	-3.7252902984619141e-09
609	9.771819	-2.8402809311147392e+07	0.0000000000000000e+00
610	9.759012	-2.8402809311147396e+07	-3.7252902984619141e-09
611	9.808799	-2.8402809311147388e+07	7.4505805969238281e-09
612	9.844749	-2.8402809311147384e+07	3.7252902984619141e-09
613	9.792554	-2.8402809311147384e+07	0.0000000000000000e+00
614	9.883962	-2.8402809311147384e+07	0.0000000000000000e+00
615	9.751864	-2.8402809311147384e+07	0.0000000000000000e+00
616	9.784343	-2.8402809311147392e+07	-7.4505805969238281e-09
617	9.785599	-2.8402809311147384e+07	7.4505805969238281e-09
618	9.767894	-2.8402809311147388e+07	-3.7252902984619141e-09
619	9.812006	-2.8402809311147388e+07	0.0000000000000000e+00
620	9.773780	-2.8402809311147392e+07	-3.7252902984619141e-09
621	9.775862	-2.8402809311147392e+07	0.0000000000000000e+00
622	9.794732	-2.8402809311147392e+07	0.0000000000000000e+00
623	9.714038	-2.8402809311147384e+07	7.4505805969238281e-09
624	9.836954	-2.8402809311147392e+07	-7.4505805969238281e-09
625	9.798632	-2.8402809311147392e+07	0.0000000000000000e+00
626	9.790652	-2.8402809311147392e+07	0.0000000000000000e+00
627	9.804942	-2.8402809311147396e+07	-3.7252902984619141e-09
628	9.807030	-2.8402809311147388e+07	7.4505805969238281e-09
629	9.736894	-2.8402809311147392e+07	-3.7252902984619141e-09
630	9.904505	-2.8402809311147392e+07	0.0000000000000000e+00
631	9.896530	-2.8402809311147392e+07	0.0000000000000000e+00
632	9.830771	-2.8402809311147388e+07	3.7252902984619141e-09
633	9.775335	-2.8402809311147392e+07	-3.7252902984619141e-09
634	9.818691	-2.8402809311147392e+07	0.0000000000000000e+00
635	9.819734	-2.8402809311147403e+07	-1.1175870895385742e-08
636	9.972605	-2.8402809311147392e+07	1.1175870895385742e-08
637	9.977707	-2.8402809311147388e+07	3.7252902984619141e-09
638	9.954705	-2.8402809311147396e+07	-7.4505805969238281e-09
639	9.996354	-2.8402809311147384e+07	1.1175870895385742e-08
640	9.920726	-2.8402809311147392e+07	-7.4505805969238281e-09
641	9.793321	-2.8402809311147392e+07	0.0000000000000000e+00
642	9.934137	-2.8402809311147388e+07	3.7252902984619141e-09
643	9.976966	-2.8402809311147392e+07	-3.7252902984619141e-09
644	9.995318	-2.8402809311147388e+07	3.7252902984619141e-09
645	9.922290	-2.8402809311147381e+07	7.4505805969238281e-09
646	9.940972	-2.8402809311147392e+07	-1.1175870895385742e-08
647	9.856598	-2.8402809311147396e+07	-3.7252902984619141e-09
648	9.957614	-2.8402809311147384e+07	1.1175870895385742e-08
649	9.900912	-2.8402809311147388e+07	-3.7252902984619141e-09
650	9.961430	-2.8402809311147388e+07	0.0000000000000000e+00
651	9.919206	-2.8402809311147384e+07	3.7252902984619141e-09
652	9.867837	-2.8402809311147392e+07	-7.4505805969238281e-09
653	9.786013	-2.8402809311147384e+07	7.4505805969238281e-09
654	9.925950	-2.8402809311147392e+07	-7.4505805969238281e-09
655	9.838776	-2.8402809311147392e+07	0.0000000000000000e+00
656	9.891518	-2.8402809311147396e+07	-3.7252902984619141e-09
657	9.862759	-2.8402809311147392e+07	3.7252902984619141e-09
658	9.882193	-2.8402809311147388e+07	3.7252902984619141e-09
659	9.805209	-2.8402809311147381e+07	7.4505805969238281e-09
660	9.892460	-2.8402809311147399e+07	-1.8626451492309570e-08
661	9.815060	-2.8402809311147388e+07	1.1175870895385742e-08
662	9.884649	-2.8402809311147396e+07	-7.4505805969238281e-09
663	9.831037	-2.8402809311147388e+07	7.4505805969238281e-09
664	9.795621	-2.8402809311147392e+07	-3.7252902984619141e-09
665	9.773055	-2.8402809311147396e+07	-3.7252902984619141e-09
666	9.839330	-2.8402809311147392e+07	3.7252902984619141e-09
667	9.784337	-2.8402809311147384e+07	7.4505805969238281e-09
668	9.822771	-2.8402809311147392e+07	-7.4505805969238281e-09
669	9.765737	-2.8402809311147396e+07	-3.7252902984619141e-09
670	9.806479	-2.8402809311147392e+07	3.7252902984619141e-09
671	9.738339	-2.8402809311147396e+07	-3.7252902984619141e-09
672	9.804461	-2.8402809311147388e+07	7.4505805969238281e-09
673	9.751859	-2.8402809311147392e+07	-3.7252902984619141e-09
674	9.843817	-2.8402809311147396e+07	-3.7252902984619141e-09
675	9.754450	-2.8402809311147392e+07	3.7252902984619141e-09
676	9.794000	-2.8402809311147388e+07	3.7252902984619141e-09
677	9.727862	-2.8402809311147399e+07	-1.1175870895385742e-08
678	9.759198	-2.8402809311147396e+07	3.7252902984619141e-09
679	9.785391	-2.8402809311147377e+07	1.8626451492309570e-08
680	9.840584	-2.8402809311147392e+07	-1.4901161193847656e-08
681	9.761047	-2.8402809311147384e+07	7.4505805969238281e-09
682	9.815710	-2.8402809311147384e+07	0.0000000000000000e+00
683	9.776329	-2.8402809311147392e+07	-7.4505805969238281e-09
684	9.804258	-2.8402809311147384e+07	7.4505805969238281e-09
685	9.929501	-2.8402809311147388e+07	-3.7252902984619141e-09
686	10.020621	-2.8402809311147399e+07	-1.1175870895385742e-08
687	9.842050	-2.8402809311147388e+07	1.1175870895385742e-08
688	9.894507	-2.8402809311147388e+07	0.0000000000000000e+00
689	9.913421	-2.8402809311147392e+07	-3.7252902984619141e-09
690	9.837346	-2.8402809311147377e+07	1.4901161193847656e-08
691	9.930965	-2.8402809311147392e+07	-1.4901161193847656e-08
692	9.962819	-2.8402809311147384e+07	7.4505805969238281e-09
693	9.917721	-2.8402809311147396e+07	-1.1175870895385742e-08
694	9.991015	-2.8402809311147377e+07	1.8626451492309570e-08
695	9.856692	-2.8402809311147396e+07	-1.8626451492309570e-08
696	9.818663	-2.8402809311147396e+07	0.0000000000000000e+00
697	9.943833	-2.8402809311147388e+07	7.4505805969238281e-09
698	9.947997	-2.8402809311147392e+07	-3.7252902984619141e-09
699	9.940974	-2.8402809311147384e+07	7.4505805969238281e-09
700	9.971538	-2.8402809311147392e+07	-7.4505805969238281e-09
701	9.865087	-2.8402809311147392e+07	0.0000000000000000e+00
702	9.807094	-2.8402809311147399e+07	-7.4505805969238281e-09
703	9.883763	-2.8402809311147384e+07	1.4901161193847656e-08
704	9.925409	-2.8402809311147392e+07	-7.4505805969238281e-09
705	9.909792	-2.8402809311147399e+07	-7.4505805969238281e-09
706	9.852374	-2.8402809311147388e+07	1.1175870895385742e-08
707	9.854118	-2.8402809311147392e+07	-3.7252902984619141e-09
708	9.809231	-2.8402809311147388e+07	3.7252902984619141e-09
709	9.891278	-2.8402809311147396e+07	-7.4505805969238281e-09
710	9.930141	-2.8402809311147381e+07	1.4901161193847656e-08
711	9.824400	-2.8402809311147396e+07	-1.4901161193847656e-08
712	9.866259	-2.8402809311147384e+07	1.1175870895385742e-08
713	9.803880	-2.8402809311147384e+07	0.0000000000000000e+00
714	9.794840	-2.8402809311147392e+07	-7.4505805969238281e-09
715	9.796058	-2.8402809311147388e+07	3.7252902984619141e-09
716	9.858331	-2.8402809311147384e+07	3.7252902984619141e-09
717	9.773119	-2.8402809311147388e+07	-3.7252902984619141e-09
718	9.805824	-2.8402809311147384e+07	3.7252902984619141e-09
719	9.742538	-2.8402809311147388e+07	-3.7252902984619141e-09
720	9.782823	-2.8402809311147384e+07	3.7252902984619141e-09
721	9.789713	-2.8402809311147392e+07	-7.4505805969238281e-09
722	9.819933	-2.8402809311147388e+07	3.7252902984619141e-09
723	9.780389	-2.8402809311147396e+07	-7.4505805969238281e-09
724	9.811626	-2.8402809311147388e+07	7.4505805969238281e-09
725	9.801619	-2.8402809311147396e+07	-7.4505805969238281e-09
726	9.808837	-2.8402809311147392e+07	3.7252902984619141e-09
727	9.712466	-2.8402809311147399e+07	-7.4505805969238281e-09
728	9.856855	-2.8402809311147399e+07	0.0000000000000000e+00
729	9.830267	-2.8402809311147392e+07	7.4505805969238281e-09
730	9.835920	-2.8402809311147388e+07	3.7252902984619141e-09
731	9.792609	-2.8402809311147396e+07	-7.4505805969238281e-09
732	9.813037	-2.8402809311147381e+07	1.4901161193847656e-08
733	9.776791	-2.8402809311147392e+07	-1.1175870895385742e-08
734	9.962050	-2.8402809311147384e+07	7.4505805969238281e-09
735	9.964123	-2.8402809311147392e+07	-7.4505805969238281e-09
736	9.810137	-2.8402809311147384e+07	7.4505805969238281e-09
737	9.808508	-2.8402809311147392e+07	-7.4505805969238281e-09
738	9.829384	-2.8402809311147388e+07	3.7252902984619141e-09
739	9.776341	-2.8402809311147392e+07	-3.7252902984619141e-09
740	9.967514	-2.8402809311147384e+07	7.4505805969238281e-09
741	9.948661	-2.8402809311147399e+07	-1.4901161193847656e-08
742	9.991734	-2.8402809311147384e+07	1.4901161193847656e-08
743	9.949242	-2.8402809311147388e+07	-3.7252902984619141e-09
744	9.897878	-2.8402809311147384e+07	3.7252902984619141e-09
745	9.808332	-2.8402809311147388e+07	-3.7252902984619141e-09
746	9.949772	-2.8402809311147392e+07	-3.7252902984619141e-09
747	9.953864	-2.8402809311147388e+07	3.7252902984619141e-09
748	9.967789	-2.8402809311147392e+07	-3.7252902984619141e-09
749	9.892664	-2.8402809311147392e+07	0.0000000000000000e+00
750	9.909023	-2.8402809311147392e+07	0.0000000000000000e+00
751	9.790573	-2.8402809311147392e+07	0.0000000000000000e+00
752	9.971498	-2.8402809311147399e+07	-7.4505805969238281e-09
753	9.853447	-2.8402809311147392e+07	7.4505805969238281e-09
754	9.960071	-2.8402809311147388e+07	3.7252902984619141e-09
755	9.885276	-2.8402809311147388e+07	0.0000000000000000e+00
756	9.888948	-2.8402809311147399e+07	-1.1175870895385742e-08
757	9.781475	-2.8402809311147392e+07	7.4505805969238281e-09
758	9.898181	-2.8402809311147381e+07	1.1175870895385742e-08
759	9.875034	-2.8402809311147388e+07	-7.4505805969238281e-09
760	9.905733	-2.8402809311147381e+07	7.4505805969238281e-09
761	9.849375	-2.8402809311147396e+07	-1.4901161193847656e-08
762	9.853664	-2.8402809311147392e+07	3.7252902984619141e-09
763	9.785857	-2.8402809311147392e+07	0.0000000000000000e+00
764	9.945719	-2.8402809311147392e+07	0.0000000000000000e+00
765	9.796604	-2.8402809311147384e+07	7.4505805969238281e-09
766	9.874871	-2.8402809311147392e+07	-7.4505805969238281e-09
767	9.768370	-2.8402809311147392e+07	0.0000000000000000e+00
768	9.821138	-2.8402809311147392e+07	0.0000000000000000e+00
769	9.764124	-2.8402809311147392e+07	0.0000000000000000e+00
770	9.828737	-2.8402809311147384e+07	7.4505805969238281e-09
771	9.737777	-2.8402809311147388e+07	-3.7252902984619141e-09
772	9.863432	-2.8402809311147399e+07	-1.1175870895385742e-08
773	9.783785	-2.8402809311147392e+07	7.4505805969238281e-09
774	9.799913	-2.8402809311147392e+07	0.0000000000000000e+00
775	9.769717	-2.8402809311147384e+07	7.4505805969238281e-09
776	9.790880	-2.8402809311147396e+07	-1.1175870895385742e-08
777	9.800746	-2.8402809311147384e+07	1.1175870895385742e-08
778	9.823763	-2.8402809311147384e+07	0.0000000000000000e+00
779	9.749856	-2.8402809311147388e+07	-3.7252902984619141e-09
780	9.846898	-2.8402809311147388e+07	0.0000000000000000e+00
781	9.821774	-2.8402809311147388e+07	0.0000000000000000e+00
782	9.831494	-2.8402809311147388e+07	0.0000000000000000e+00
783	9.840822	-2.8402809311147384e+07	3.7252902984619141e-09
784	9.882709	-2.8402809311147396e+07	-1.1175870895385742e-08
785	9.821407	-2.8402809311147384e+07	1.1175870895385742e-08
786	9.806865	-2.8402809311147392e+07	-7.4505805969238281e-09
787	9.735304	-2.8402809311147384e+07	7.4505805969238281e-09
788	9.832359	-2.8402809311147388e+07	-3.7252902984619141e-09
789	9.948516	-2.8402809311147388e+07	0.0000000000000000e+00
790	9.968971	-2.8402809311147384e+07	3.7252902984619141e-09
791	9.920101	-2.8402809311147384e+07	0.0000000000000000e+00
792	9.950765	-2.8402809311147384e+07	0.0000000000000000e+00
793	9.889139	-2.8402809311147396e+07	-1.1175870895385742e-08
794	9.810908	-2.8402809311147392e+07	3.7252902984619141e-09
795	9.923333	-2.8402809311147396e+07	-3.7252902984619141e-09
796	10.017996	-2.8402809311147396e+07	0.0000000000000000e+00
797	9.913298	-2.8402809311147388e+07	7.4505805969238281e-09
798	10.004903	-2.8402809311147384e+07	3.7252902984619141e-09
799	9.848448	-2.8402809311147384e+07	0.0000000000000000e+00
800	9.815369	-2.8402809311147384e+07	0.0000000000000000e+00
801	9.869426	-2.8402809311147396e+07	-1.1175870895385742e-08
802	9.960368	-2.8402809311147384e+07	1.1175870895385742e-08
803	9.902495	-2.8402809311147388e+07	-3.7252902984619141e-09
804	9.960436	-2.8402809311147384e+07	3.7252902984619141e-09
805	9.806535	-2.8402809311147396e+07	-1.1175870895385742e-08
806	9.840690	-2.8402809311147388e+07	7.4505805969238281e-09
807	9.855688	-2.8402809311147392e+07	-3.7252902984619141e-09
808	9.941943	-2.8402809311147384e+07	7.4505805969238281e-09
809	9.837818	-2.8402809311147396e+07	-1.1175870895385742e-08
810	9.893950	-2.8402809311147392e+07	3.7252902984619141e-09
811	9.830951	-2.8402809311147384e+07	7.4505805969238281e-09
812	9.800372	-2.8402809311147392e+07	-7.4505805969238281e-09
813	9.863463	-2.8402809311147388e+07	3.7252902984619141e-09
814	9.915052	-2.8402809311147392e+07	-3.7252902984619141e-09
815	9.854356	-2.8402809311147392e+07	0.0000000000000000e+00
816	9.833184	-2.8402809311147384e+07	7.4505805969238281e-09
817	9.793056	-2.8402809311147384e+07	0.0000000000000000e+00
818	9.812552	-2.8402809311147384e+07	0.0000000000000000e+00
819	9.842756	-2.8402809311147388e+07	-3.7252902984619141e-09
820	9.876234	-2.8402809311147392e+07	-3.7252902984619141e-09
821	9.804968	-2.8402809311147388e+07	3.7252902984619141e-09
822	9.840327	-2.8402809311147388e+07	0.0000000000000000e+00
823	9.750910	-2.8402809311147384e+07	3.7252902984619141e-09
824	9.805966	-2.8402809311147392e+07	-7.4505805969238281e-09
825	9.798478	-2.8402809311147381e+07	1.1175870895385742e-08
826	9.834150	-2.8402809311147392e+07	-1.1175870895385742e-08
827	9.787505	-2.8402809311147384e+07	7.4505805969238281e-09
828	9.774148	-2.8402809311147384e+07	0.0000000000000000e+00
829	9.768330	-2.8402809311147392e+07	-7.4505805969238281e-09
830	9.760540	-2.8402809311147388e+07	3.7252902984619141e-09
831	9.757453	-2.8402809311147392e+07	-3.7252902984619141e-09
832	9.796485	-2.8402809311147396e+07	-3.7252902984619141e-09
833	9.802560	-2.8402809311147388e+07	7.4505805969238281e-09
834	9.819422	-2.8402809311147388e+07	0.0000000000000000e+00
835	9.791550	-2.8402809311147396e+07	-7.4505805969238281e-09
836	9.777308	-2.8402809311147388e+07	7.4505805969238281e-09
837	9.758390	-2.8402809311147399e+07	-1.1175870895385742e-08
838	9.954590	-2.8402809311147381e+07	1.8626451492309570e-08
839	9.910967	-2.8402809311147392e+07	-1.1175870895385742e-08
840	9.880458	-2.8402809311147388e+07	3.7252902984619141e-09
841	9.769825	-2.8402809311147392e+07	-3.7252902984619141e-09
842	9.903797	-2.8402809311147381e+07	1.1175870895385742e-08
843	9.784947	-2.8402809311147392e+07	-1.1175870895385742e-08
844	9.963216	-2.8402809311147384e+07	7.4505805969238281e-09
845	9.974676	-2.8402809311147392e+07	-7.4505805969238281e-09
846	9.961795	-2.8402809311147392e+07	0.0000000000000000e+00
847	9.955991	-2.8402809311147396e+07	-3.7252902984619141e-09
848	9.901138	-2.8402809311147388e+07	7.4505805969238281e-09
849	9.778573	-2.8402809311147392e+07	-3.7252902984619141e-09
850	9.955197	-2.8402809311147384e+07	7.4505805969238281e-09
851	9.914339	-2.8402809311147384e+07	0.0000000000000000e+00
852	9.954566	-2.8402809311147392e+07	-7.4505805969238281e-09
853	9.909138	-2.8402809311147396e+07	-3.7252902984619141e-09
854	9.905277	-2.8402809311147377e+07	1.8626451492309570e-08
855	9.745360	-2.8402809311147392e+07	-1.4901161193847656e-08
856	9.919446	-2.8402809311147381e+07	1.1175870895385742e-08
857	9.873621	-2.8402809311147392e+07	-1.1175870895385742e-08
858	9.960161	-2.8402809311147384e+07	7.4505805969238281e-09
859	9.886607	-2.8402809311147392e+07	-7.4505805969238281e-09
860	9.851230	-2.8402809311147396e+07	-3.7252902984619141e-09
861	9.742911	-2.8402809311147381e+07	1.4901161193847656e-08
862	9.918203	-2.8402809311147396e+07	-1.4901161193847656e-08
863	9.827619	-2.8402809311147396e+07	0.0000000000000000e+00
864	9.880808	-2.8402809311147392e+07	3.7252902984619141e-09
865	9.924623	-2.8402809311147384e+07	7.4505805969238281e-09
866	9.845866	-2.8402809311147396e+07	-1.1175870895385742e-08
867	9.771306	-2.8402809311147377e+07	1.8626451492309570e-08
868	9.874474	-2.8402809311147396e+07	-1.8626451492309570e-08
869	9.795177	-2.8402809311147392e+07	3.7252902984619141e-09
870	9.813362	-2.8402809311147392e+07	0.0000000000000000e+00
871	9.788169	-2.8402809311147399e+07	-7.4505805969238281e-09
872	9.786450	-2.8402809311147396e+07	3.7252902984619141e-09
873	9.734418	-2.8402809311147392e+07	3.7252902984619141e-09
874	9.869447	-2.8402809311147396e+07	-3.7252902984619141e-09
875	9.748650	-2.8402809311147384e+07	1.1175870895385742e-08
876	9.790368	-2.8402809311147384e+07	0.0000000000000000e+00
877	9.784196	-2.8402809311147388e+07	-3.7252902984619141e-09
878	9.818580	-2.8402809311147399e+07	-1.1175870895385742e-08
879	9.757038	-2.8402809311147392e+07	7.4505805969238281e-09
880	9.789133	-2.8402809311147392e+07	0.0000000000000000e+00
881	9.793479	-2.8402809311147388e+07	3.7252902984619141e-09
882	9.812588	-2.8402809311147392e+07	-3.7252902984619141e-09
883	9.782956	-2.8402809311147388e+07	3.7252902984619141e-09
884	9.842781	-2.8402809311147384e+07	3.7252902984619141e-09
885	9.790219	-2.8402809311147388e+07	-3.7252902984619141e-09
886	9.800855	-2.8402809311147396e+07	-7.4505805969238281e-09
887	9.907631	-2.8402809311147392e+07	3.7252902984619141e-09
888	9.972207	-2.8402809311147392e+07	0.0000000000000000e+00
889	9.835469	-2.8402809311147392e+07	0.0000000000000000e+00
890	9.777221	-2.8402809311147399e+07	-7.4505805969238281e-09
891	9.734157	-2.8402809311147388e+07	1.1175870895385742e-08
892	9.853182	-2.8402809311147392e+07	-3.7252902984619141e-09
893	9.960877	-2.8402809311147392e+07	0.0000000000000000e+00
894	10.007813	-2.8402809311147381e+07	1.1175870895385742e-08
895	9.931520	-2.8402809311147399e+07	-1.8626451492309570e-08
896	9.959147	-2.8402809311147388e+07	1.1175870895385742e-08
897	9.870089	-2.8402809311147396e+07	-7.4505805969238281e-09
898	9.825479	-2.8402809311147388e+07	7.4505805969238281e-09
899	9.907688	-2.8402809311147392e+07	-3.7252902984619141e-09
900	9.900341	-2.8402809311147396e+07	-3.7252902984619141e-09
901	9.909812	-2.8402809311147384e+07	1.1175870895385742e-08
902	9.967188	-2.8402809311147392e+07	-7.4505805969238281e-09
903	9.875084	-2.8402809311147384e+07	7.4505805969238281e-09
904	9.821477	-2.8402809311147396e+07	-1.1175870895385742e-08
905	9.921204	-2.8402809311147392e+07	3.7252902984619141e-09
906	9.934287	-2.8402809311147396e+07	-3.7252902984619141e-09
907	9.902414	-2.8402809311147384e+07	1.1175870895385742e-08
908	9.938205	-2.8402809311147384e+07	0.0000000000000000e+00
909	9.839068	-2.8402809311147392e+07	-7.4505805969238281e-09
910	9.767426	-2.8402809311147399e+07	-7.4505805969238281e-09
911	9.868616	-2.8402809311147392e+07	7.4505805969238281e-09
912	9.892003	-2.8402809311147392e+07	0.0000000000000000e+00
913	9.848763	-2.8402809311147388e+07	3.7252902984619141e-09
914	9.875899	-2.8402809311147392e+07	-3.7252902984619141e-09
915	9.807795	-2.8402809311147388e+07	3.7252902984619141e-09
916	9.825806	-2.8402809311147399e+07	-1.1175870895385742e-08
917	9.837196	-2.8402809311147392e+07	7.4505805969238281e-09
918	9.853400	-2.8402809311147388e+07	3.7252902984619141e-09
919	9.827997	-2.8402809311147392e+07	-3.7252902984619141e-09
920	9.816177	-2.8402809311147384e+07	7.4505805969238281e-09
921	9.786078	-2.8402809311147396e+07	-1.1175870895385742e-08
922	9.780646	-2.8402809311147392e+07	3.7252902984619141e-09
923	9.780783	-2.8402809311147396e+07	-3.7252902984619141e-09
924	9.823221	-2.8402809311147381e+07	1.4901161193847656e-08
925	9.751164	-2.8402809311147396e+07	-1.4901161193847656e-08
926	9.834561	-2.8402809311147384e+07	1.1175870895385742e-08
927	9.756331	-2.8402809311147384e+07	0.0000000000000000e+00
928	9.805648	-2.8402809311147392e+07	-7.4505805969238281e-09
929	9.776446	-2.8402809311147392e+07	0.0000000000000000e+00
930	9.800899	-2.8402809311147392e+07	0.0000000000000000e+00
931	9.840842	-2.8402809311147384e+07	7.4505805969238281e-09
932	9.803381	-2.8402809311147392e+07	-7.4505805969238281e-09
933	9.780300	-2.8402809311147392e+07	0.0000000000000000e+00
934	9.821300	-2.8402809311147384e+07	7.4505805969238281e-09
935	9.697958	-2.8402809311147396e+07	-1.1175870895385742e-08
936	9.892556	-2.8402809311147388e+07	7.4505805969238281e-09
937	9.856960	-2.8402809311147381e+07	7.4505805969238281e-09
938	9.794979	-2.8402809311147396e+07	-1.4901161193847656e-08
939	9.767421	-2.8402809311147392e+07	3.7252902984619141e-09
940	9.842302	-2.8402809311147384e+07	7.4505805969238281e-09
941	9.801522	-2.8402809311147388e+07	-3.7252902984619141e-09
942	9.987607	-2.8402809311147384e+07	3.7252902984619141e-09
943	9.918620	-2.8402809311147392e+07	-7.4505805969238281e-09
944	10.041439	-2.8402809311147392e+07	0.0000000000000000e+00
945	9.968007	-2.8402809311147392e+07	0.0000000000000000e+00
946	9.910213	-2.8402809311147392e+07	0.0000000000000000e+00
947	9.834952	-2.8402809311147381e+07	1.1175870895385742e-08
948	9.947358	-2.8402809311147388e+07	-7.4505805969238281e-09
949	9.967262	-2.8402809311147399e+07	-1.1175870895385742e-08
950	9.978177	-2.8402809311147384e+07	1.4901161193847656e-08
951	9.938986	-2.8402809311147392e+07	-7.4505805969238281e-09
952	9.944832	-2.8402809311147384e+07	7.4505805969238281e-09
953	9.815820	-2.8402809311147392e+07	-7.4505805969238281e-09
954	9.929199	-2.8402809311147392e+07	0.0000000000000000e+00
955	9.885444	-2.8402809311147388e+07	3.7252902984619141e-09
956	9.931008	-2.8402809311147388e+07	0.0000000000000000e+00
957	9.931101	-2.8402809311147403e+07	-1.4901161193847656e-08
958	9.891791	-2.8402809311147392e+07	1.1175870895385742e-08
959	9.796094	-2.8402809311147384e+07	7.4505805969238281e-09
960	9.940329	-2.8402809311147399e+07	-1.4901161193847656e-08
961	9.882471	-2.8402809311147384e+07	1.4901161193847656e-08
962	9.924886	-2.8402809311147392e+07	-7.4505805969238281e-09
963	9.889459	-2.8402809311147388e+07	3.7252902984619141e-09
964	9.866327	-2.8402809311147392e+07	-3.7252902984619141e-09
965	9.747102	-2.8402809311147388e+07	3.7252902984619141e-09
966	9.897516	-2.8402809311147392e+07	-3.7252902984619141e-09
967	9.832999	-2.8402809311147392e+07	0.0000000000000000e+00
968	9.890907	-2.8402809311147392e+07	0.0000000000000000e+00
969	9.830305	-2.8402809311147388e+07	3.7252902984619141e-09
970	9.837703	-2.8402809311147384e+07	3.7252902984619141e-09
971	9.738057	-2.8402809311147396e+07	-1.1175870895385742e-08
972	9.812395	-2.8402809311147384e+07	1.1175870895385742e-08
973	9.790807	-2.8402809311147392e+07	-7.4505805969238281e-09
974	9.818560	-2.8402809311147392e+07	0.0000000000000000e+00
975	9.775366	-2.8402809311147388e+07	3.7252902984619141e-09
976	9.846072	-2.8402809311147396e+07	-7.4505805969238281e-09
977	9.713238	-2.8402809311147392e+07	3.7252902984619141e-09
978	9.855883	-2.8402809311147392e+07	0.0000000000000000e+00
979	9.777519	-2.8402809311147384e+07	7.4505805969238281e-09
980	9.834216	-2.8402809311147384e+07	0.0000000000000000e+00
981	9.820654	-2.8402809311147403e+07	-1.8626451492309570e-08
982	9.817454	-2.8402809311147384e+07	1.8626451492309570e-08
983	9.780377	-2.8402809311147388e+07	-3.7252902984619141e-09
984	9.804170	-2.8402809311147384e+07	3.7252902984619141e-09
985	9.749956	-2.8402809311147399e+07	-1.4901161193847656e-08
986	9.841959	-2.8402809311147392e+07	7.4505805969238281e-09
987	9.802938	-2.8402809311147384e+07	7.4505805969238281e-09
988	9.786172	-2.8402809311147384e+07	0.0000000000000000e+00
989	9.771638	-2.8402809311147392e+07	-7.4505805969238281e-09
990	9.819752	-2.8402809311147377e+07	1.4901161193847656e-08
991	9.907150	-2.8402809311147399e+07	-2.2351741790771484e-08
992	9.943710	-2.8402809311147392e+07	7.4505805969238281e-09
993	9.826361	-2.8402809311147392e+07	0.0000000000000000e+00
994	9.795267	-2.8402809311147384e+07	7.4505805969238281e-09
995	9.850570	-2.8402809311147384e+07	0.0000000000000000e+00
996	9.815564	-2.8402809311147384e+07	0.0000000000000000e+00
997	9.916572	-2.8402809311147392e+07	-7.4505805969238281e-09
998	9.968643	-2.8402809311147384e+07	7.4505805969238281e-09
999	9.988225	-2.8402809311147392e+07	-7.4505805969238281e-09
1000	10.021160	-2.8402809311147388e+07	3.7252902984619141e-09

Writing Q matrix to /global/home/users/deboraycb/scratch/atahualpa/analysis/ohana/maf05_3/structure/merge2_20M_allchr_snps_maf05_k3_mi1000_1_q.matrix
Writing F matrix to /global/home/users/deboraycb/scratch/atahualpa/analysis/ohana/maf05_3/structure/merge2_20M_allchr_snps_maf05_k3_mi1000_1_f.matrix
