seed: 119758472

iter	duration	log_likelihood	delta-lle
0	2.323751	-4.4224750265914679e+07
1	14.591008	-3.9351135498541743e+07	4.8736147673729360e+06
2	14.214259	-3.5247370369162351e+07	4.1037651293793917e+06
3	13.941063	-3.4283831293375857e+07	9.6353907578649372e+05
4	13.865725	-3.3604690382459395e+07	6.7914091091646254e+05
5	13.635329	-3.2997819113759324e+07	6.0687126870007068e+05
6	13.629871	-3.2405570805935565e+07	5.9224830782375857e+05
7	13.486571	-3.1822794616136763e+07	5.8277618979880214e+05
8	13.506137	-3.1259948769286070e+07	5.6284584685069323e+05
9	13.274773	-3.0727220923487511e+07	5.3272784579855949e+05
10	13.260347	-3.0202404535528708e+07	5.2481638795880228e+05
11	13.175448	-2.9697756846338809e+07	5.0464768918989971e+05
12	13.167594	-2.9232330862439979e+07	4.6542598389882967e+05
13	13.011151	-2.8832799459788576e+07	3.9953140265140310e+05
14	13.068707	-2.8529625863278754e+07	3.0317359650982171e+05
15	12.953875	-2.8342680811846737e+07	1.8694505143201724e+05
16	13.063809	-2.8257880514431458e+07	8.4800297415278852e+04
17	12.995831	-2.8229602421783045e+07	2.8278092648413032e+04
18	13.356887	-2.8218460959240794e+07	1.1141462542250752e+04
19	13.099513	-2.8211584374698058e+07	6.8765845427364111e+03
20	13.262011	-2.8206191591737527e+07	5.3927829605303705e+03
21	13.274489	-2.8201763914166722e+07	4.4276775708049536e+03
22	13.208984	-2.8197872974235944e+07	3.8909399307779968e+03
23	13.142288	-2.8194051726055868e+07	3.8212481800764799e+03
24	13.237376	-2.8189940122240692e+07	4.1116038151755929e+03
25	13.041876	-2.8185779981938284e+07	4.1601403024084866e+03
26	13.048225	-2.8182530689759206e+07	3.2492921790778637e+03
27	12.831987	-2.8180356201806899e+07	2.1744879523068666e+03
28	12.845401	-2.8178800314768199e+07	1.5558870387002826e+03
29	12.754359	-2.8177558898474917e+07	1.2414162932820618e+03
30	12.831501	-2.8176442362581819e+07	1.1165358930975199e+03
31	12.745306	-2.8175360877687011e+07	1.0814848948083818e+03
32	12.904143	-2.8174260132878833e+07	1.1007448081783950e+03
33	12.724498	-2.8173097647300638e+07	1.1624855781942606e+03
34	12.919742	-2.8171830215380743e+07	1.2674319198951125e+03
35	12.896065	-2.8170430424907357e+07	1.3997904733866453e+03
36	12.872390	-2.8168876370514076e+07	1.5540543932802975e+03
37	12.774247	-2.8167170503725838e+07	1.7058667882382870e+03
38	13.018655	-2.8165352842406258e+07	1.8176613195799291e+03
39	12.755399	-2.8163504487192214e+07	1.8483552140444517e+03
40	12.785292	-2.8161856762539241e+07	1.6477246529720724e+03
41	12.649270	-2.8160892877367079e+07	9.6388517216220498e+02
42	12.673681	-2.8160236348711424e+07	6.5652865565568209e+02
43	12.587550	-2.8159866452452157e+07	3.6989625926688313e+02
44	12.786843	-2.8159370867480718e+07	4.9558497143909335e+02
45	12.586223	-2.8158910839594468e+07	4.6002788624912500e+02
46	12.583701	-2.8158477669166345e+07	4.3317042812332511e+02
47	12.550830	-2.8158064282343931e+07	4.1338682241365314e+02
48	12.583488	-2.8157660178500086e+07	4.0410384384542704e+02
49	12.586879	-2.8157265389256846e+07	3.9478924323990941e+02
50	12.701290	-2.8156874453788497e+07	3.9093546834960580e+02
51	12.666103	-2.8156488893734589e+07	3.8556005390733480e+02
52	12.670974	-2.8156100901296936e+07	3.8799243765324354e+02
53	12.518290	-2.8155763240010411e+07	3.3766128652542830e+02
54	12.663216	-2.8155369881839510e+07	3.9335817090049386e+02
55	12.591382	-2.8154973609451242e+07	3.9627238826826215e+02
56	12.623786	-2.8154573231691983e+07	4.0037775925919414e+02
57	12.537095	-2.8154178955488566e+07	3.9427620341628790e+02
58	12.554717	-2.8153786464536715e+07	3.9249095185101032e+02
59	12.562173	-2.8153511740170807e+07	2.7472436590865254e+02
60	12.698922	-2.8153209817850951e+07	3.0192231985554099e+02
61	12.622822	-2.8152827058491886e+07	3.8275935906544328e+02
62	12.735429	-2.8152478206492912e+07	3.4885199897363782e+02
63	12.453046	-2.8152166566875558e+07	3.1163961735367775e+02
64	12.773589	-2.8151883612930909e+07	2.8295394464954734e+02
65	12.526456	-2.8151626462149393e+07	2.5715078151598573e+02
66	12.487627	-2.8151647579992987e+07	-2.1117843594402075e+01
67	12.571986	-2.8151403740951438e+07	2.4383904154971242e+02
68	12.721504	-2.8151179361602582e+07	2.2437934885546565e+02
69	12.520118	-2.8150971126104839e+07	2.0823549774289131e+02
70	12.601185	-2.8150824764901094e+07	1.4636120374500751e+02
71	12.556989	-2.8150641765430681e+07	1.8299947041273117e+02
72	12.490431	-2.8150469732970364e+07	1.7203246031701565e+02
73	12.522455	-2.8150305257416017e+07	1.6447555434703827e+02
74	12.558513	-2.8150151184611823e+07	1.5407280419394374e+02
75	12.583701	-2.8150056435323302e+07	9.4749288521707058e+01
76	12.834579	-2.8149923819193169e+07	1.3261613013222814e+02
77	12.494651	-2.8149799705117200e+07	1.2411407596990466e+02
78	12.691955	-2.8149761391719807e+07	3.8313397392630577e+01
79	12.529120	-2.8149640125354126e+07	1.2126636568084359e+02
80	12.654676	-2.8149622352883950e+07	1.7772470176219940e+01
81	12.537273	-2.8149517174661454e+07	1.0517822249606252e+02
82	12.711547	-2.8149415813393846e+07	1.0136126760765910e+02
83	12.524890	-2.8149315648886599e+07	1.0016450724750757e+02
84	12.746714	-2.8149216406792577e+07	9.9242094021290541e+01
85	12.605958	-2.8149117616788972e+07	9.8790003605186939e+01
86	12.640377	-2.8149018140583999e+07	9.9476204972714186e+01
87	12.603155	-2.8148913433360197e+07	1.0470722380280495e+02
88	12.627989	-2.8148807470307253e+07	1.0596305294334888e+02
89	12.630548	-2.8148699659863733e+07	1.0781044352054596e+02
90	12.631280	-2.8148592928969175e+07	1.0673089455813169e+02
91	12.561780	-2.8148595394484736e+07	-2.4655155614018440e+00
92	12.634916	-2.8148469180312864e+07	1.2621417187154293e+02
93	12.565318	-2.8148343488080699e+07	1.2569223216548562e+02
94	12.652973	-2.8148216854122531e+07	1.2663395816832781e+02
95	12.645042	-2.8148110871672940e+07	1.0598244959115982e+02
96	12.719560	-2.8148009554256205e+07	1.0131741673499346e+02
97	12.609368	-2.8147909302534241e+07	1.0025172196328640e+02
98	12.636532	-2.8147811938694343e+07	9.7363839898258448e+01
99	12.528313	-2.8147714706528425e+07	9.7232165917754173e+01
100	12.649152	-2.8147619898719277e+07	9.4807809147983789e+01
101	12.477664	-2.8147526704097681e+07	9.3194621596485376e+01
102	12.604250	-2.8147434107320867e+07	9.2596776813268661e+01
103	12.512437	-2.8147342295716282e+07	9.1811604585498571e+01
104	12.588654	-2.8147252463744979e+07	8.9831971302628517e+01
105	12.540069	-2.8147166345833093e+07	8.6117911886423826e+01
106	12.654302	-2.8147089685625143e+07	7.6660207949578762e+01
107	12.488498	-2.8147014345390875e+07	7.5340234268456697e+01
108	12.664069	-2.8146941470074181e+07	7.2875316694378853e+01
109	12.476276	-2.8146870616086211e+07	7.0853987969458103e+01
110	12.672225	-2.8146802393441163e+07	6.8222645048052073e+01
111	12.620437	-2.8146734655095201e+07	6.7738345962017775e+01
112	12.696613	-2.8146670155528616e+07	6.4499566584825516e+01
113	12.651911	-2.8146606327550277e+07	6.3827978339046240e+01
114	12.707810	-2.8146544775144320e+07	6.1552405957132578e+01
115	12.554697	-2.8146486180194937e+07	5.8594949383288622e+01
116	12.744070	-2.8146430257818326e+07	5.5922376610338688e+01
117	12.622691	-2.8146375307269920e+07	5.4950548406690359e+01
118	12.680025	-2.8146322239116050e+07	5.3068153869360685e+01
119	12.609166	-2.8146270705434583e+07	5.1533681467175484e+01
120	12.602917	-2.8146223211810663e+07	4.7493623919785023e+01
121	12.523157	-2.8146178703137636e+07	4.4508673027157784e+01
122	12.619556	-2.8146138098373324e+07	4.0604764312505722e+01
123	12.442472	-2.8146098531028826e+07	3.9567344497889280e+01
124	12.560276	-2.8146061627077725e+07	3.6903951101005077e+01
125	12.523228	-2.8146026385019299e+07	3.5242058426141739e+01
126	12.762471	-2.8146108661321912e+07	-8.2276302613317966e+01
127	12.763164	-2.8146062491007108e+07	4.6170314803719521e+01
128	12.600416	-2.8146020374325339e+07	4.2116681769490242e+01
129	12.505654	-2.8145980923011143e+07	3.9451314195990562e+01
130	12.656223	-2.8145943141492579e+07	3.7781518563628197e+01
131	12.564883	-2.8145908271888126e+07	3.4869604453444481e+01
132	12.617277	-2.8145874875673886e+07	3.3396214239299297e+01
133	12.519685	-2.8145841308215097e+07	3.3567458789795637e+01
134	12.689620	-2.8145809115519784e+07	3.2192695312201977e+01
135	12.428756	-2.8145776618773218e+07	3.2496746566146612e+01
136	12.587756	-2.8145745185890399e+07	3.1432882819324732e+01
137	12.491813	-2.8145714262735948e+07	3.0923154450953007e+01
138	12.650297	-2.8145682880640663e+07	3.1382095284759998e+01
139	12.469542	-2.8145651989456948e+07	3.0891183715313673e+01
140	12.641392	-2.8145626652965810e+07	2.5336491137742996e+01
141	12.535586	-2.8145606885747187e+07	1.9767218623310328e+01
142	12.656424	-2.8145586860334862e+07	2.0025412324815989e+01
143	12.486012	-2.8145568230450794e+07	1.8629884067922831e+01
144	12.646554	-2.8145551081537206e+07	1.7148913588374853e+01
145	12.508965	-2.8145532918754600e+07	1.8162782605737448e+01
146	12.609395	-2.8145516235231794e+07	1.6683522805571556e+01
147	12.476035	-2.8145500201609123e+07	1.6033622670918703e+01
148	12.687388	-2.8145484840190969e+07	1.5361418154090643e+01
149	12.565041	-2.8145470564991109e+07	1.4275199860334396e+01
150	12.557911	-2.8145455898519926e+07	1.4666471183300018e+01
151	12.465705	-2.8145442292601697e+07	1.3605918228626251e+01
152	12.618051	-2.8145429303362522e+07	1.2989239174872637e+01
153	12.519855	-2.8145416422119100e+07	1.2881243422627449e+01
154	12.581368	-2.8145404175543770e+07	1.2246575329452753e+01
155	12.523139	-2.8145392608422842e+07	1.1567120928317308e+01
156	12.695066	-2.8145380910648558e+07	1.1697774283587933e+01
157	12.540902	-2.8145370484145634e+07	1.0426502924412489e+01
158	12.706426	-2.8145359126077216e+07	1.1358068417757750e+01
159	12.432452	-2.8145348738055814e+07	1.0388021402060986e+01
160	12.609399	-2.8145338657871727e+07	1.0080184087157249e+01
161	12.563644	-2.8145328867675442e+07	9.7901962846517563e+00
162	12.837657	-2.8145319356967323e+07	9.5107081197202206e+00
163	12.562794	-2.8145310357916769e+07	8.9990505538880825e+00
164	12.663739	-2.8145301166316465e+07	9.1916003040969372e+00
165	12.724093	-2.8145292740037180e+07	8.4262792840600014e+00
166	12.652113	-2.8145285696297515e+07	7.0437396652996540e+00
167	12.484987	-2.8145280660797063e+07	5.0355004519224167e+00
168	12.733687	-2.8145277469149198e+07	3.1916478648781776e+00
169	12.569266	-2.8145271510623951e+07	5.9585252478718758e+00
170	12.763871	-2.8145266020478889e+07	5.4901450611650944e+00
171	12.418398	-2.8145260071922418e+07	5.9485564716160297e+00
172	12.583335	-2.8145255350668233e+07	4.7212541848421097e+00
173	12.573480	-2.8145251016148642e+07	4.3345195911824703e+00
174	12.730645	-2.8145247061208963e+07	3.9549396783113480e+00
175	12.510598	-2.8145243493991505e+07	3.5672174580395222e+00
176	12.588812	-2.8145241219085198e+07	2.2749063074588776e+00
177	12.465997	-2.8145237633357462e+07	3.5857277363538742e+00
178	12.606115	-2.8145235173074629e+07	2.4602828323841095e+00
179	12.463777	-2.8145232957219627e+07	2.2158550024032593e+00
180	12.556956	-2.8145230886577338e+07	2.0706422887742519e+00
181	12.419771	-2.8145228953936879e+07	1.9326404593884945e+00
182	12.754861	-2.8145227082538582e+07	1.8713982962071896e+00
183	12.505016	-2.8145224809964269e+07	2.2725743129849434e+00
184	12.741191	-2.8145222911418803e+07	1.8985454663634300e+00
185	12.464412	-2.8145220634002298e+07	2.2774165049195290e+00
186	12.789723	-2.8145218369363479e+07	2.2646388188004494e+00
187	12.665394	-2.8145216606817391e+07	1.7625460885465145e+00
188	12.680730	-2.8145214840814099e+07	1.7660032920539379e+00
189	12.583522	-2.8145213146975130e+07	1.6938389688730240e+00
190	12.807538	-2.8145212056304246e+07	1.0906708836555481e+00
191	12.696090	-2.8145210521990400e+07	1.5343138463795185e+00
192	12.843026	-2.8145209519787773e+07	1.0022026263177395e+00
193	12.715816	-2.8145207912419628e+07	1.6073681451380253e+00
194	12.788607	-2.8145206875279196e+07	1.0371404327452183e+00
195	12.757369	-2.8145206147768483e+07	7.2751071304082870e-01
196	12.702811	-2.8145204614620943e+07	1.5331475399434566e+00
197	12.731856	-2.8145203695804235e+07	9.1881670802831650e-01
198	12.791062	-2.8145203140114352e+07	5.5568988248705864e-01
199	12.717866	-2.8145205901383895e+07	-2.7612695433199406e+00
200	12.811860	-2.8145206104604624e+07	-2.0322072878479958e-01
201	12.239454	-2.8145204914286617e+07	1.1903180070221424e+00
202	12.327528	-2.8145203328054179e+07	1.5862324386835098e+00
203	12.387914	-2.8145202194796406e+07	1.1332577727735043e+00
204	12.402774	-2.8145200725305244e+07	1.4694911614060402e+00
205	12.215711	-2.8145199509371292e+07	1.2159339524805546e+00
206	12.346561	-2.8145198379668441e+07	1.1297028511762619e+00
207	12.191474	-2.8145197708641682e+07	6.7102675884962082e-01
208	12.296776	-2.8145197106306814e+07	6.0233486816287041e-01
209	12.200915	-2.8145196081496995e+07	1.0248098187148571e+00
210	12.289020	-2.8145195440148331e+07	6.4134866371750832e-01
211	12.301089	-2.8145195181828488e+07	2.5831984356045723e-01
212	12.365277	-2.8145195346894681e+07	-1.6506619378924370e-01
213	12.184353	-2.8145194146138348e+07	1.2007563337683678e+00
214	12.309241	-2.8145193748756830e+07	3.9738151803612709e-01
215	12.189435	-2.8145193367562227e+07	3.8119460269808769e-01
216	12.377040	-2.8145193001522966e+07	3.6603926122188568e-01
217	12.104748	-2.8145192840854760e+07	1.6066820546984673e-01
218	12.369315	-2.8145192312388014e+07	5.2846674621105194e-01
219	12.251427	-2.8145191987086006e+07	3.2530200853943825e-01
220	12.376761	-2.8145191918078486e+07	6.9007519632577896e-02
221	12.245186	-2.8145191928735886e+07	-1.0657399892807007e-02
222	12.243941	-2.8145191071825124e+07	8.5691076144576073e-01
223	12.149875	-2.8145190933585301e+07	1.3823982328176498e-01
224	12.349870	-2.8145190511013158e+07	4.2257214337587357e-01
225	12.118385	-2.8145190245400213e+07	2.6561294496059418e-01
226	12.398856	-2.8145189988159373e+07	2.5724083930253983e-01
227	12.141437	-2.8145189736750297e+07	2.5140907615423203e-01
228	12.279313	-2.8145189491140559e+07	2.4560973793268204e-01
229	12.282895	-2.8145189441741694e+07	4.9398865550756454e-02
230	12.320283	-2.8145189346447170e+07	9.5294523984193802e-02
231	12.221607	-2.8145188797387488e+07	5.4905968159437180e-01
232	12.342130	-2.8145188587864757e+07	2.0952273160219193e-01
233	12.086369	-2.8145188388101630e+07	1.9976312667131424e-01
234	12.237002	-2.8145189069959097e+07	-6.8185746669769287e-01
235	12.207344	-2.8145188010301594e+07	1.0596575029194355e+00
236	12.378493	-2.8145188353389569e+07	-3.4308797493577003e-01
237	12.275387	-2.8145187658635173e+07	6.9475439563393593e-01
238	12.229396	-2.8145187492540900e+07	1.6609427332878113e-01
239	12.310302	-2.8145187332858060e+07	1.5968284010887146e-01
240	12.240322	-2.8145187179402057e+07	1.5345600247383118e-01
241	12.306598	-2.8145187032201782e+07	1.4720027521252632e-01
242	12.410096	-2.8145186890804484e+07	1.4139729738235474e-01
243	12.255922	-2.8145186754899502e+07	1.3590498268604279e-01
244	12.335743	-2.8145186624190237e+07	1.3070926442742348e-01
245	12.116604	-2.8145186498420846e+07	1.2576939165592194e-01
246	12.279524	-2.8145186567665935e+07	-6.9245088845491409e-02
247	12.304833	-2.8145186260991640e+07	3.0667429417371750e-01
248	12.255662	-2.8145186148770038e+07	1.1222160235047340e-01
249	12.211770	-2.8145186187587615e+07	-3.8817577064037323e-02
250	12.354830	-2.8145186263787791e+07	-7.6200176030397415e-02
251	12.268614	-2.8145185835329283e+07	4.2845850810408592e-01
252	12.420660	-2.8145186124191094e+07	-2.8886181116104126e-01
253	12.235986	-2.8145185644228067e+07	4.7996302694082260e-01
254	12.349453	-2.8145185553607654e+07	9.0620413422584534e-02
255	12.297844	-2.8145186432521340e+07	-8.7891368567943573e-01
256	12.390552	-2.8145185381756425e+07	1.0507649146020412e+00
257	12.153216	-2.8145185626293287e+07	-2.4453686177730560e-01
258	12.199344	-2.8145185221262623e+07	4.0503066405653954e-01
259	12.240951	-2.8145185145032194e+07	7.6230429112911224e-02
260	12.380217	-2.8145185261285055e+07	-1.1625286191701889e-01
261	12.209068	-2.8145185000052117e+07	2.6123293861746788e-01
262	12.368202	-2.8145184930901300e+07	6.9150816649198532e-02
263	12.225262	-2.8145184863752641e+07	6.7148659378290176e-02
264	12.328160	-2.8145185125825573e+07	-2.6207293197512627e-01
265	12.335715	-2.8145185062000230e+07	6.3825342804193497e-02
266	12.386553	-2.8145184672259588e+07	3.8974064216017723e-01
267	12.153342	-2.8145184757458687e+07	-8.5199099034070969e-02
268	12.360897	-2.8145185067065760e+07	-3.0960707366466522e-01
269	12.005861	-2.8145184874612160e+07	1.9245360046625137e-01
270	12.301816	-2.8145184431338813e+07	4.4327334687113762e-01
271	12.208385	-2.8145184613317337e+07	-1.8197852373123169e-01
272	12.228572	-2.8145184322172012e+07	2.9114532470703125e-01
273	12.308197	-2.8145184542342696e+07	-2.2017068415880203e-01
274	12.294467	-2.8145184218389377e+07	3.2395331934094429e-01
275	12.307523	-2.8145184161089588e+07	5.7299789041280746e-02
276	12.343809	-2.8145184491249524e+07	-3.3015993610024452e-01
277	12.168820	-2.8145184050256617e+07	4.4099290668964386e-01
278	12.355608	-2.8145184176570401e+07	-1.2631378322839737e-01
279	12.174266	-2.8145183901073091e+07	2.7549730986356735e-01
280	12.334234	-2.8145183775242161e+07	1.2583092972636223e-01
281	12.321331	-2.8145183826003850e+07	-5.0761688500642776e-02
282	12.349963	-2.8145184044216126e+07	-2.1821227669715881e-01
283	12.174691	-2.8145183727417178e+07	3.1679894775152206e-01
284	12.270935	-2.8145183264982600e+07	4.6243457868695259e-01
285	12.159444	-2.8145183087666225e+07	1.7731637507677078e-01
286	12.370423	-2.8145182910675313e+07	1.7699091136455536e-01
287	12.198780	-2.8145182737622600e+07	1.7305271327495575e-01
288	12.299715	-2.8145182570076261e+07	1.6754633933305740e-01
289	12.189895	-2.8145182423915382e+07	1.4616087824106216e-01
290	12.268890	-2.8145182301836617e+07	1.2207876518368721e-01
291	12.289720	-2.8145182390789941e+07	-8.8953323662281036e-02
292	12.122684	-2.8145182112319671e+07	2.7847027033567429e-01
293	12.226355	-2.8145182036113352e+07	7.6206319034099579e-02
294	12.242848	-2.8145182081480309e+07	-4.5366957783699036e-02
295	12.188074	-2.8145181915724874e+07	1.6575543582439423e-01
296	12.384859	-2.8145182053612750e+07	-1.3788787648081779e-01
297	12.148178	-2.8145182153052948e+07	-9.9440198391675949e-02
298	12.213397	-2.8145181788114894e+07	3.6493805423378944e-01
299	12.205467	-2.8145181754483204e+07	3.3631689846515656e-02
300	12.255764	-2.8145181961563364e+07	-2.0708015933632851e-01
301	12.202914	-2.8145181696273059e+07	2.6529030501842499e-01
302	12.197824	-2.8145182056433115e+07	-3.6016005650162697e-01
303	12.148931	-2.8145182074094187e+07	-1.7661072313785553e-02
304	12.235936	-2.8145184969041754e+07	-2.8949475660920143e+00
305	12.098832	-2.8145185232600830e+07	-2.6355907693505287e-01
306	12.228478	-2.8145184723619770e+07	5.0898106023669243e-01
307	12.124666	-2.8145183850782786e+07	8.7283698469400406e-01
308	12.255934	-2.8145183195703518e+07	6.5507926791906357e-01
309	12.134339	-2.8145182592963818e+07	6.0273969918489456e-01
310	12.226731	-2.8145182082670499e+07	5.1029331982135773e-01
311	12.155821	-2.8145181717570409e+07	3.6510008946061134e-01
312	12.208994	-2.8145181857754249e+07	-1.4018383994698524e-01
313	12.108148	-2.8145184004833881e+07	-2.1470796316862106e+00
314	12.308269	-2.8145182969566755e+07	1.0352671258151531e+00
315	12.081122	-2.8145182069340605e+07	9.0022614970803261e-01
316	12.204216	-2.8145181685674567e+07	3.8366603851318359e-01
317	12.144271	-2.8145181669689104e+07	1.5985462814569473e-02
318	12.267683	-2.8145181651826952e+07	1.7862152308225632e-02
319	12.090110	-2.8145181402175907e+07	2.4965104460716248e-01
320	12.166029	-2.8145181392080113e+07	1.0095793753862381e-02
321	12.128216	-2.8145181382449348e+07	9.6307657659053802e-03
322	12.241112	-2.8145181373255625e+07	9.1937221586704254e-03
323	12.131765	-2.8145181364488021e+07	8.7676048278808594e-03
324	12.279134	-2.8145181683604002e+07	-3.1911598145961761e-01
325	11.990998	-2.8145181537898116e+07	1.4570588618516922e-01
326	12.189724	-2.8145181340561286e+07	1.9733683019876480e-01
327	12.143601	-2.8145181333283797e+07	7.2774887084960938e-03
328	12.239118	-2.8145181326351352e+07	6.9324448704719543e-03
329	12.160234	-2.8145303183004878e+07	-1.2185665352642536e+02
330	12.211338	-2.8145287801927458e+07	1.5381077419966459e+01
331	12.027781	-2.8145275993457239e+07	1.1808470219373703e+01
332	12.238491	-2.8145265390189692e+07	1.0603267546743155e+01
333	12.019555	-2.8145256717165399e+07	8.6730242930352688e+00
334	12.255283	-2.8145249477594115e+07	7.2395712845027447e+00
335	12.082624	-2.8145242866803084e+07	6.6107910312712193e+00
336	12.212986	-2.8145236402240455e+07	6.4645626284182072e+00
337	12.129176	-2.8145229249507200e+07	7.1527332551777363e+00
338	12.163326	-2.8145222117297594e+07	7.1322096064686775e+00
339	12.219175	-2.8145213234759215e+07	8.8825383782386780e+00
340	12.214145	-2.8145203702575710e+07	9.5321835055947304e+00
341	12.152256	-2.8145192817920048e+07	1.0884655661880970e+01
342	12.244026	-2.8145181915375371e+07	1.0902544677257538e+01
343	12.026585	-2.8145181370322913e+07	5.4505245760083199e-01
344	12.280422	-2.8145181479591299e+07	-1.0926838591694832e-01
345	12.099692	-2.8145181271269795e+07	2.0832150429487228e-01
346	12.205850	-2.8145181259103738e+07	1.2166056782007217e-02
347	12.067016	-2.8145181440303762e+07	-1.8120002374053001e-01
348	12.159277	-2.8145181243885409e+07	1.9641835242509842e-01
349	12.071153	-2.8145181238847945e+07	5.0374642014503479e-03
350	12.223134	-2.8145181234801397e+07	4.0465481579303741e-03
351	12.125997	-2.8145181558983859e+07	-3.2418246194720268e-01
352	12.234481	-2.8145181614198092e+07	-5.5214233696460724e-02
353	12.085396	-2.8145181225863948e+07	3.8833414390683174e-01
354	12.243033	-2.8145181223455582e+07	2.4083666503429413e-03
355	12.175371	-2.8145181221259188e+07	2.1963939070701599e-03
356	12.315178	-2.8145181219183099e+07	2.0760893821716309e-03
357	12.241055	-2.8145181217229955e+07	1.9531436264514923e-03
358	12.263510	-2.8145181215357076e+07	1.8728785216808319e-03
359	12.237100	-2.8145181968804073e+07	-7.5344699621200562e-01
360	12.236544	-2.8145181593895104e+07	3.7490896880626678e-01
361	12.047775	-2.8145181210137557e+07	3.8375754654407501e-01
362	12.281405	-2.8145181480355747e+07	-2.7021818980574608e-01
363	12.168871	-2.8145181209016141e+07	2.7133960649371147e-01
364	12.172362	-2.8145181205163535e+07	3.8526058197021484e-03
365	12.032675	-2.8145181203568470e+07	1.5950649976730347e-03
366	12.122467	-2.8145181201975279e+07	1.5931911766529083e-03
367	12.057992	-2.8145181200376257e+07	1.5990212559700012e-03
368	12.162208	-2.8145181198878270e+07	1.4979876577854156e-03
369	12.008193	-2.8145181197533574e+07	1.3446956872940063e-03
370	12.135897	-2.8145181196304187e+07	1.2293867766857147e-03
371	12.112427	-2.8145181195139673e+07	1.1645145714282990e-03
372	12.157447	-2.8145181194012187e+07	1.1274851858615875e-03
373	12.098251	-2.8145181886210050e+07	-6.9219786301255226e-01
374	12.351976	-2.8145181192008719e+07	6.9420133158564568e-01
375	12.170353	-2.8145181348252036e+07	-1.5624331682920456e-01
376	12.274337	-2.8145181190206058e+07	1.5804597735404968e-01
377	12.210960	-2.8145181299483482e+07	-1.0927742347121239e-01
378	12.246475	-2.8145181188333791e+07	1.1114969104528427e-01
379	12.136162	-2.8145181897026889e+07	-7.0869309827685356e-01
380	12.269639	-2.8145181424019091e+07	4.7300779819488525e-01
381	12.193309	-2.8145181296473149e+07	1.2754594162106514e-01
382	12.254076	-2.8145181185324240e+07	1.1114890873432159e-01
383	12.211320	-2.8145181730704904e+07	-5.4538066312670708e-01
384	12.150177	-2.8145181184044912e+07	5.4665999114513397e-01
385	12.096300	-2.8145181183382768e+07	6.6214427351951599e-04
386	12.321169	-2.8145181728705887e+07	-5.4532311856746674e-01
387	12.154693	-2.8145181182274912e+07	5.4643097519874573e-01
388	12.283803	-2.8145181181706689e+07	5.6822225451469421e-04
389	12.221209	-2.8145181418362793e+07	-2.3665610328316689e-01
390	12.234393	-2.8145181327503119e+07	9.0859673917293549e-02
391	12.026954	-2.8145181781222597e+07	-4.5371947810053825e-01
392	12.292100	-2.8145181567180336e+07	2.1404226124286652e-01
393	12.274505	-2.8145181586298086e+07	-1.9117750227451324e-02
394	12.370579	-2.8145181178978212e+07	4.0731987357139587e-01
395	12.122354	-2.8145181178545281e+07	4.3293088674545288e-04
396	12.116568	-2.8145181178150609e+07	3.9467215538024902e-04
397	12.026626	-2.8145181177780587e+07	3.7002190947532654e-04
398	12.182710	-2.8145181449385267e+07	-2.7160467952489853e-01
399	12.000916	-2.8145181177106265e+07	2.7227900177240372e-01
400	12.134375	-2.8145182051333476e+07	-8.7422721087932587e-01
401	12.044179	-2.8145181176541660e+07	8.7479181587696075e-01
402	12.124508	-2.8145181176211413e+07	3.3024698495864868e-04
403	12.041150	-2.8145181693157800e+07	-5.1694638654589653e-01
404	12.067663	-2.8145181175683342e+07	5.1747445762157440e-01
405	12.013174	-2.8145181175407611e+07	2.7573108673095703e-04
406	12.066048	-2.8145181175155304e+07	2.5230646133422852e-04
407	11.968769	-2.8145181174934056e+07	2.2124871611595154e-04
408	12.096725	-2.8145181364435658e+07	-1.8950160220265388e-01
409	12.005309	-2.8145181174498599e+07	1.8993705883622169e-01
410	12.160945	-2.8145302650201522e+07	-1.2147570292279124e+02
411	12.071742	-2.8145287661228769e+07	1.4988972753286362e+01
412	12.088074	-2.8145276595788259e+07	1.1065440509468317e+01
413	12.113205	-2.8145265261703290e+07	1.1334084969013929e+01
414	12.297329	-2.8145257197023585e+07	8.0646797046065331e+00
415	12.252505	-2.8145249210124753e+07	7.9868988320231438e+00
416	12.177243	-2.8145242753916580e+07	6.4562081731855869e+00
417	12.303658	-2.8145236146989308e+07	6.6069272719323635e+00
418	12.297009	-2.8145229144795734e+07	7.0021935738623142e+00
419	12.084418	-2.8145222195196554e+07	6.9495991803705692e+00
420	12.241163	-2.8145213384277239e+07	8.8109193146228790e+00
421	12.011524	-2.8145203423069365e+07	9.9612078741192818e+00
422	12.098839	-2.8145192582086768e+07	1.0840982597321272e+01
423	12.206384	-2.8145181830429900e+07	1.0751656867563725e+01
424	12.191275	-2.8145181289313778e+07	5.4111612215638161e-01
425	12.111737	-2.8145181212753933e+07	7.6559845358133316e-02
426	12.104180	-2.8145182080502152e+07	-8.6774821951985359e-01
427	11.995453	-2.8145181188071448e+07	8.9243070408701897e-01
428	12.194682	-2.8145181182085242e+07	5.9862062335014343e-03
429	12.158930	-2.8145181866913550e+07	-6.8482830747961998e-01
430	12.084009	-2.8145181175880164e+07	6.9103338569402695e-01
431	12.082235	-2.8145181602016784e+07	-4.2613662034273148e-01
432	12.386061	-2.8145181362941384e+07	2.3907539993524551e-01
433	12.237944	-2.8145181499759994e+07	-1.3681861013174057e-01
434	12.446010	-2.8145182103334002e+07	-6.0357400774955750e-01
435	12.382253	-2.8145181282425925e+07	8.2090807706117630e-01
436	12.349053	-2.8145181171576880e+07	1.1084904521703720e-01
437	12.107479	-2.8145181171370100e+07	2.0677968859672546e-04
438	12.321537	-2.8145181406335957e+07	-2.3496585711836815e-01
439	12.171503	-2.8145181717032921e+07	-3.1069696322083473e-01
440	12.157408	-2.8145181171133265e+07	5.4589965566992760e-01
441	12.095371	-2.8145181171022322e+07	1.1094287037849426e-04
442	12.186043	-2.8145181317775302e+07	-1.4675297960639000e-01
443	12.143300	-2.8145181556292348e+07	-2.3851704597473145e-01
444	12.196555	-2.8145181549563624e+07	6.7287236452102661e-03
445	12.083879	-2.8145181170842603e+07	3.7872102111577988e-01
446	12.262644	-2.8145181360398393e+07	-1.8955579027533531e-01
447	12.296427	-2.8145181170737926e+07	1.8966046720743179e-01
448	12.316905	-2.8145181170688927e+07	4.8998743295669556e-05
449	12.248476	-2.8145181170637030e+07	5.1897019147872925e-05
450	12.324000	-2.8145181170615833e+07	2.1196901798248291e-05
451	12.227056	-2.8145181556066483e+07	-3.8545065000653267e-01
452	12.367893	-2.8145181170571536e+07	3.8549494743347168e-01
453	12.173826	-2.8145181170531832e+07	3.9704144001007080e-05
454	12.369361	-2.8145181170503188e+07	2.8643757104873657e-05
455	12.156288	-2.8145181407722045e+07	-2.3721885681152344e-01
456	12.320221	-2.8145181170450523e+07	2.3727152124047279e-01
457	12.290908	-2.8145181443754651e+07	-2.7330412715673447e-01
458	12.220366	-2.8145181172531772e+07	2.7122287824749947e-01
459	12.280721	-2.8145181170390334e+07	2.1414384245872498e-03
460	12.384091	-2.8145181170356970e+07	3.3363699913024902e-05
461	12.241430	-2.8145181170325391e+07	3.1579285860061646e-05
462	12.264677	-2.8145181494774465e+07	-3.2444907352328300e-01
463	12.211813	-2.8145184400661003e+07	-2.9058865383267403e+00
464	12.426401	-2.8145186158941377e+07	-1.7582803741097450e+00
465	12.225329	-2.8145186661396176e+07	-5.0245479866862297e-01
466	12.239924	-2.8145188786128379e+07	-2.1247322037816048e+00
467	12.122410	-2.8145187425127320e+07	1.3610010594129562e+00
468	12.421095	-2.8145186474316116e+07	9.5081120356917381e-01
469	12.107156	-2.8145185038315739e+07	1.4360003769397736e+00
470	12.169877	-2.8145183604825675e+07	1.4334900639951229e+00
471	12.177887	-2.8145182571363825e+07	1.0334618501365185e+00
472	12.363570	-2.8145181934166912e+07	6.3719691336154938e-01
473	12.203693	-2.8145181681460228e+07	2.5270668417215347e-01
474	12.274262	-2.8145181581312712e+07	1.0014751553535461e-01
475	12.185340	-2.8145181171031609e+07	4.1028110310435295e-01
476	12.259382	-2.8145181280216020e+07	-1.0918441042304039e-01
477	12.170377	-2.8145181726510476e+07	-4.4629445672035217e-01
478	12.237075	-2.8145181173424892e+07	5.5308558419346809e-01
479	12.239208	-2.8145181170103684e+07	3.3212080597877502e-03
480	12.113425	-2.8145181170090418e+07	1.3265758752822876e-05
481	12.212522	-2.8145181170076143e+07	1.4275312423706055e-05
482	12.314620	-2.8145181170073010e+07	3.1329691410064697e-06
483	12.282194	-2.8145181170054670e+07	1.8339604139328003e-05
484	12.267968	-2.8145181497345705e+07	-3.2729103416204453e-01
485	12.199019	-2.8145184092878547e+07	-2.5955328419804573e+00
486	12.376461	-2.8145182301702138e+07	1.7911764085292816e+00
487	12.171758	-2.8145181902598251e+07	3.9910388737916946e-01
488	12.248899	-2.8145181420545090e+07	4.8205316066741943e-01
489	12.069545	-2.8145181462976500e+07	-4.2431410402059555e-02
490	12.123234	-2.8145181173798643e+07	2.8917785733938217e-01
491	12.053704	-2.8145181316845685e+07	-1.4304704219102859e-01
492	12.167559	-2.8145181170020465e+07	1.4682522043585777e-01
493	12.124679	-2.8145181327225711e+07	-1.5720524638891220e-01
494	12.261148	-2.8145181170152470e+07	1.5707324072718620e-01
495	12.154842	-2.8145181497218646e+07	-3.2706617563962936e-01
496	12.326365	-2.8145181170015275e+07	3.2720337063074112e-01
497	12.152448	-2.8145181360230654e+07	-1.9021537899971008e-01
498	12.214894	-2.8145181169992521e+07	1.9023813307285309e-01
499	12.194104	-2.8145181169979371e+07	1.3150274753570557e-05
500	12.261975	-2.8145181169974279e+07	5.0924718379974365e-06
501	12.194764	-2.8145181169972617e+07	1.6614794731140137e-06
502	12.206142	-2.8145181497253034e+07	-3.2728041708469391e-01
503	12.120457	-2.8145181358512092e+07	1.3874094188213348e-01
504	12.190378	-2.8145181552072603e+07	-1.9356051087379456e-01
505	12.212188	-2.8145181174799457e+07	3.7727314606308937e-01
506	12.143322	-2.8145181169999484e+07	4.7999732196331024e-03
507	12.076333	-2.8145181169961926e+07	3.7558376789093018e-05
508	12.126719	-2.8145181169957925e+07	4.0009617805480957e-06
509	12.050470	-2.8145181169939574e+07	1.8350780010223389e-05
510	12.150168	-2.8145181169941436e+07	-1.8626451492309570e-06
511	12.233879	-2.8145181280382514e+07	-1.1044107750058174e-01
512	12.129533	-2.8145181169947948e+07	1.1043456569314003e-01
513	12.132798	-2.8145181279816333e+07	-1.0986838489770889e-01
514	12.339230	-2.8145181169932235e+07	1.0988409817218781e-01
515	12.115195	-2.8145181506619900e+07	-3.3668766543269157e-01
516	12.290801	-2.8145181169938970e+07	3.3668093010783195e-01
517	12.077997	-2.8145181169941243e+07	-2.2724270820617676e-06
518	12.221006	-2.8145181359687172e+07	-1.8974592909216881e-01
519	12.234682	-2.8145181715931199e+07	-3.5624402761459351e-01
520	12.252912	-2.8145181404986672e+07	3.1094452738761902e-01
521	12.213322	-2.8145181553895902e+07	-1.4890922978520393e-01
522	12.382900	-2.8145181169971820e+07	3.8392408192157745e-01
523	12.254802	-2.8145181169943530e+07	2.8289854526519775e-05
524	12.364921	-2.8145181169932134e+07	1.1395663022994995e-05
525	12.203053	-2.8145181555354591e+07	-3.8542245700955391e-01
526	12.317158	-2.8145181169949003e+07	3.8540558889508247e-01
527	12.102823	-2.8145181169933379e+07	1.5623867511749268e-05
528	12.316675	-2.8145181358543351e+07	-1.8860997259616852e-01
529	12.208600	-2.8145181169923671e+07	1.8861968070268631e-01
530	12.273089	-2.8145181169934817e+07	-1.1146068572998047e-05
531	12.220739	-2.8145181169911738e+07	2.3078173398971558e-05
532	12.331072	-2.8145181169915192e+07	-3.4533441066741943e-06
533	12.156131	-2.8145182043300804e+07	-8.7338561192154884e-01
534	12.343036	-2.8145181170020074e+07	8.7328073009848595e-01
535	12.143449	-2.8145181169945765e+07	7.4308365583419800e-05
536	12.370023	-2.8145181169920824e+07	2.4940818548202515e-05
537	12.131434	-2.8145302645453028e+07	-1.2147553220391273e+02
538	12.286085	-2.8145287656769574e+07	1.4988683454692364e+01
539	12.079855	-2.8145276092423949e+07	1.1564345624297857e+01
540	12.193479	-2.8145265257702895e+07	1.0834721054881811e+01
541	12.124455	-2.8145257468795180e+07	7.7889077141880989e+00
542	12.275329	-2.8145249206970107e+07	8.2618250735104084e+00
543	12.209752	-2.8145243505280122e+07	5.7016899846494198e+00
544	12.290414	-2.8145236346251991e+07	7.1590281315147877e+00
545	12.180037	-2.8145229142756097e+07	7.2034958936274052e+00
546	12.314946	-2.8145221628184658e+07	7.5145714394748211e+00
547	12.088295	-2.8145213137218874e+07	8.4909657835960388e+00
548	12.263185	-2.8145203909206480e+07	9.2280123941600323e+00
549	12.134379	-2.8145192580914289e+07	1.1328292191028595e+01
550	12.250646	-2.8145182024870574e+07	1.0556043714284897e+01
551	12.067111	-2.8145181670887772e+07	3.5398280248045921e-01
552	12.253138	-2.8145181209416538e+07	4.6147123351693153e-01
553	12.102761	-2.8145181195093639e+07	1.4322899281978607e-02
554	12.239493	-2.8145181185972128e+07	9.1215111315250397e-03
555	12.132245	-2.8145181560313068e+07	-3.7434094026684761e-01
556	12.091080	-2.8145181708821967e+07	-1.4850889891386032e-01
557	12.040362	-2.8145181389723301e+07	3.1909866631031036e-01
558	12.167039	-2.8145181502419237e+07	-1.1269593611359596e-01
559	12.110913	-2.8145181408793405e+07	9.3625832349061966e-02
560	12.159803	-2.8145184666714951e+07	-3.2579215466976166e+00
561	12.092104	-2.8145185377998050e+07	-7.1128309890627861e-01
562	12.219171	-2.8145184216477286e+07	1.1615207642316818e+00
563	12.095712	-2.8145183465457082e+07	7.5102020427584648e-01
564	12.167671	-2.8145182817345165e+07	6.4811191707849503e-01
565	12.092750	-2.8145182230983559e+07	5.8636160567402840e-01
566	12.125463	-2.8145181931968529e+07	2.9901503026485443e-01
567	12.047404	-2.8145181386456639e+07	5.4551189020276070e-01
568	12.060759	-2.8145181213574622e+07	1.7288201674818993e-01
569	12.019532	-2.8145181172347009e+07	4.1227612644433975e-02
570	12.261618	-2.8145181169936463e+07	2.4105459451675415e-03
571	12.132402	-2.8145181169918355e+07	1.8108636140823364e-05
572	12.316976	-2.8145181492587868e+07	-3.2266951352357864e-01
573	12.213965	-2.8145181792688556e+07	-3.0010068789124489e-01
574	12.234781	-2.8145181169983860e+07	6.2270469591021538e-01
575	12.237346	-2.8145181169943579e+07	4.0281563997268677e-05
576	12.211954	-2.8145181405003782e+07	-2.3506020382046700e-01
577	12.130421	-2.8145181169937532e+07	2.3506624996662140e-01
578	12.315022	-2.8145302644463364e+07	-1.2147452583163977e+02
579	11.977024	-2.8145287656219840e+07	1.4988243523985147e+01
580	12.304504	-2.8145275854583528e+07	1.1801636312156916e+01
581	12.187862	-2.8145265642761517e+07	1.0211822010576725e+01
582	12.246185	-2.8145256589194607e+07	9.0535669103264809e+00
583	12.171084	-2.8145249206923898e+07	7.3822707086801529e+00
584	12.273984	-2.8145242750755213e+07	6.4561686851084232e+00
585	12.249506	-2.8145236144672021e+07	6.6060831919312477e+00
586	12.295627	-2.8145229330078490e+07	6.8145935311913490e+00
587	12.180065	-2.8145221629039612e+07	7.7010388784110546e+00
588	12.261219	-2.8145213138325594e+07	8.4907140173017979e+00
589	12.119991	-2.8145203424001906e+07	9.7143236882984638e+00
590	12.274264	-2.8145192781346314e+07	1.0642655592411757e+01
591	12.227084	-2.8145182071388651e+07	1.0709957662969828e+01
592	12.182303	-2.8145181287875053e+07	7.8351359814405441e-01
593	12.199654	-2.8145181547273979e+07	-2.5939892604947090e-01
594	12.312780	-2.8145181195130393e+07	3.5214358568191528e-01
595	12.245243	-2.8145181186011393e+07	9.1190002858638763e-03
596	12.385597	-2.8145181654646635e+07	-4.6863524243235588e-01
597	12.245860	-2.8145181176499456e+07	4.7814717888832092e-01
598	12.368144	-2.8145181363927830e+07	-1.8742837384343147e-01
599	12.204868	-2.8145181172585178e+07	1.9134265184402466e-01
600	12.292137	-2.8145181557282615e+07	-3.8469743728637695e-01
601	12.116885	-2.8145181498305980e+07	5.8976635336875916e-02
602	12.256275	-2.8145302597646751e+07	-1.2109934077039361e+02
603	12.216791	-2.8145287822437461e+07	1.4775209289044142e+01
604	12.226211	-2.8145275845182721e+07	1.1977254740893841e+01
605	12.008727	-2.8145265254037060e+07	1.0591145660728216e+01
606	11.904179	-2.8145256588754173e+07	8.6652828864753246e+00
607	11.715472	-2.8145249640712116e+07	6.9480420574545860e+00
608	11.928818	-2.8145242752993781e+07	6.8877183347940445e+00
609	11.743536	-2.8145236144670408e+07	6.6083233729004860e+00
610	11.939032	-2.8145229142943271e+07	7.0017271377146244e+00
611	11.856993	-2.8145222440832421e+07	6.7021108493208885e+00
612	11.833089	-2.8145213479457188e+07	8.9613752327859402e+00
613	11.810311	-2.8145203748533376e+07	9.7309238128364086e+00
614	11.911953	-2.8145192586616408e+07	1.1161916967481375e+01
615	11.820858	-2.8145182453177314e+07	1.0133439093828201e+01
616	11.972665	-2.8145181287940338e+07	1.1652369759976864e+00
617	11.787483	-2.8145181948679045e+07	-6.6073870658874512e-01
618	11.854529	-2.8145181195278697e+07	7.5340034812688828e-01
619	11.642565	-2.8145181441876270e+07	-2.4659757316112518e-01
620	11.886600	-2.8145181180244185e+07	2.6163208484649658e-01
621	11.741957	-2.8145181364990160e+07	-1.8474597483873367e-01
622	11.784456	-2.8145181363881610e+07	1.1085495352745056e-03
623	11.656833	-2.8145181172601022e+07	1.9128058850765228e-01
624	11.857845	-2.8145181171622936e+07	9.7808614373207092e-04
625	11.689123	-2.8145181171006721e+07	6.1621516942977905e-04
626	11.798815	-2.8145181359082591e+07	-1.8807587027549744e-01
627	11.705939	-2.8145181170381356e+07	1.8870123475790024e-01
628	11.874752	-2.8145181928288903e+07	-7.5790754705667496e-01
629	11.709580	-2.8145181170405969e+07	7.5788293406367302e-01
630	11.840260	-2.8145181170058232e+07	3.4773722290992737e-04
631	11.802557	-2.8145302629702643e+07	-1.2145964441075921e+02
632	11.851711	-2.8145287648701478e+07	1.4981001164764166e+01
633	11.670572	-2.8145276181705084e+07	1.1466996394097805e+01
634	11.850148	-2.8145265256536137e+07	1.0925168946385384e+01
635	11.753511	-2.8145256589653235e+07	8.6668829023838043e+00
636	11.645915	-2.8145249205973513e+07	7.3836797215044498e+00
637	11.583222	-2.8145242749945164e+07	6.4560283496975899e+00
638	11.835299	-2.8145315843170494e+07	-7.3093225330114365e+01
639	11.614337	-2.8145299862845466e+07	1.5980325028300285e+01
640	11.809321	-2.8145287045585223e+07	1.2817260242998600e+01
641	11.665599	-2.8145275735586006e+07	1.1309999216347933e+01
642	11.775116	-2.8145267391051941e+07	8.3445340655744076e+00
643	11.647627	-2.8145259020732529e+07	8.3703194111585617e+00
644	11.802245	-2.8145251010605887e+07	8.0101266428828239e+00
645	11.824131	-2.8145243172817156e+07	7.8377887308597565e+00
646	11.892078	-2.8145236117448498e+07	7.0553686581552029e+00
647	11.768736	-2.8145228677535150e+07	7.4399133473634720e+00
648	11.794644	-2.8145221108984854e+07	7.5685502961277962e+00
649	11.567178	-2.8145212539472964e+07	8.5695118904113770e+00
650	11.855992	-2.8145202886527974e+07	9.6529449895024300e+00
651	11.760254	-2.8145191849045381e+07	1.1037482593208551e+01
652	11.770300	-2.8145181397953037e+07	1.0451092343777418e+01
653	11.575695	-2.8145181309889760e+07	8.8063277304172516e-02
654	11.855682	-2.8145181234945744e+07	7.4944015592336655e-02
655	11.714898	-2.8145181192778483e+07	4.2167261242866516e-02
656	11.780973	-2.8145181184517767e+07	8.2607157528400421e-03
657	11.634237	-2.8145181179252606e+07	5.2651613950729370e-03
658	11.681987	-2.8145181175889853e+07	3.3627524971961975e-03
659	11.612440	-2.8145181501416400e+07	-3.2552654668688774e-01
660	11.761194	-2.8145181409981586e+07	9.1434814035892487e-02
661	11.614650	-2.8145181554551672e+07	-1.4457008615136147e-01
662	11.718537	-2.8145181175907176e+07	3.7864449620246887e-01
663	11.608797	-2.8145181170602147e+07	5.3050294518470764e-03
664	11.680659	-2.8145181170328729e+07	2.7341768145561218e-04
665	11.580762	-2.8145181170177426e+07	1.5130266547203064e-04
666	11.754251	-2.8145181359943006e+07	-1.8976557999849319e-01
667	11.573047	-2.8145181555678491e+07	-1.9573548436164856e-01
668	11.715565	-2.8145181170011472e+07	3.8566701859235764e-01
669	11.596028	-2.8145181497250207e+07	-3.2723873481154442e-01
670	11.681876	-2.8145181359669622e+07	1.3758058473467827e-01
671	11.650704	-2.8145181552040838e+07	-1.9237121567130089e-01
672	11.657386	-2.8145181174783677e+07	3.7725716084241867e-01
673	11.633759	-2.8145181169978589e+07	4.8050880432128906e-03
674	11.815751	-2.8145181517609540e+07	-3.4763095155358315e-01
675	11.631575	-2.8145302642167699e+07	-1.2112455815821886e+02
676	11.659315	-2.8145287802196447e+07	1.4839971251785755e+01
677	11.584338	-2.8145275854212157e+07	1.1947984289377928e+01
678	11.686433	-2.8145265257251557e+07	1.0596960600465536e+01
679	11.723126	-2.8145257144538052e+07	8.1127135045826435e+00
680	11.720455	-2.8145249537150048e+07	7.6073880046606064e+00
681	11.777893	-2.8145242750712723e+07	6.7864373251795769e+00
682	11.785734	-2.8145236143923827e+07	6.6067888960242271e+00
683	11.611004	-2.8145229141720228e+07	7.0022035986185074e+00
684	11.709966	-2.8145221627664924e+07	7.5140553042292595e+00
685	11.694719	-2.8145213523564629e+07	8.1041002944111824e+00
686	11.933808	-2.8145203422022808e+07	1.0101541820913553e+01
687	11.769994	-2.8145192915299159e+07	1.0506723649799824e+01
688	11.798400	-2.8145182067307357e+07	1.0847991801798344e+01
689	11.753671	-2.8145181289531812e+07	7.7777554467320442e-01
690	11.858645	-2.8145181212949455e+07	7.6582357287406921e-02
691	11.833840	-2.8145181195125502e+07	1.7823953181505203e-02
692	11.910953	-2.8145181186003901e+07	9.1216005384922028e-03
693	11.857598	-2.8145181180182263e+07	5.8216378092765808e-03
694	11.784559	-2.8145181176462799e+07	3.7194639444351196e-03
695	11.789748	-2.8145181321041923e+07	-1.4457912370562553e-01
696	11.972137	-2.8145181172585201e+07	1.4845672249794006e-01
697	11.789683	-2.8145181171624005e+07	9.6119567751884460e-04
698	11.955719	-2.8145181733547959e+07	-5.6192395463585854e-01
699	11.785764	-2.8145181170643143e+07	5.6290481612086296e-01
700	11.849257	-2.8145181170361828e+07	2.8131529688835144e-04
701	11.790114	-2.8145181170200966e+07	1.6086176037788391e-04
702	11.878935	-2.8145181170094233e+07	1.0673329234123230e-04
703	11.872102	-2.8145181306295641e+07	-1.3620140776038170e-01
704	11.927850	-2.8145181169992857e+07	1.3630278408527374e-01
705	11.805487	-2.8145181169970211e+07	2.2646039724349976e-05
706	11.893893	-2.8145181169945475e+07	2.4735927581787109e-05
707	11.836946	-2.8145181597725347e+07	-4.2777987197041512e-01
708	11.847768	-2.8145181169943884e+07	4.2778146266937256e-01
709	11.836044	-2.8145181169919051e+07	2.4832785129547119e-05
710	11.863933	-2.8145181169921637e+07	-2.5853514671325684e-06
711	11.819621	-2.8145181407236200e+07	-2.3731456324458122e-01
712	11.960426	-2.8145181169927016e+07	2.3730918392539024e-01
713	11.743866	-2.8145181169908110e+07	1.8905848264694214e-05
714	11.783619	-2.8145181169914093e+07	-5.9828162193298340e-06
715	11.854198	-2.8145181169911943e+07	2.1494925022125244e-06
716	11.959494	-2.8145181316787936e+07	-1.4687599241733551e-01
717	11.784506	-2.8145181497211225e+07	-1.8042328953742981e-01
718	11.757140	-2.8145181169934928e+07	3.2727629691362381e-01
719	11.755133	-2.8145181316762816e+07	-1.4682788774371147e-01
720	11.900220	-2.8145181306792345e+07	9.9704712629318237e-03
721	11.762413	-2.8145181169917934e+07	1.3687441125512123e-01
722	11.900940	-2.8145181169918675e+07	-7.4133276939392090e-07
723	11.744709	-2.8145181169915751e+07	2.9243528842926025e-06
724	11.854931	-2.8145181316771414e+07	-1.4685566350817680e-01
725	11.849158	-2.8145181169919468e+07	1.4685194566845894e-01
726	11.879540	-2.8145181169904042e+07	1.5426427125930786e-05
727	11.765802	-2.8145181169908896e+07	-4.8540532588958740e-06
728	11.936853	-2.8145181169905026e+07	3.8705766201019287e-06
729	11.765776	-2.8145181555489071e+07	-3.8558404520153999e-01
730	11.971022	-2.8145181306805134e+07	2.4868393689393997e-01
731	11.783672	-2.8145181705014814e+07	-3.9820967987179756e-01
732	11.883467	-2.8145181232096955e+07	4.7291785851120949e-01
733	11.787650	-2.8145181174644694e+07	5.7452261447906494e-02
734	11.912304	-2.8145181407165337e+07	-2.3252064362168312e-01
735	11.841932	-2.8145181169933122e+07	2.3723221570253372e-01
736	11.841677	-2.8145181169928141e+07	4.9807131290435791e-06
737	11.826859	-2.8145181169926394e+07	1.7471611499786377e-06
738	11.897218	-2.8145181169923231e+07	3.1627714633941650e-06
739	11.723505	-2.8145181359645497e+07	-1.8972226604819298e-01
740	11.925787	-2.8145181169916812e+07	1.8972868472337723e-01
741	11.769698	-2.8145181169907622e+07	9.1902911663055420e-06
742	11.926976	-2.8145181169912968e+07	-5.3457915782928467e-06
743	11.699632	-2.8145181169914223e+07	-1.2554228305816650e-06
744	11.885997	-2.8145181407227542e+07	-2.3731331899762154e-01
745	11.913655	-2.8145181169914875e+07	2.3731266707181931e-01
746	11.802432	-2.8145181169902317e+07	1.2557953596115112e-05
747	11.867269	-2.8145181169907261e+07	-4.9434602260589600e-06
748	11.832494	-2.8145181169912808e+07	-5.5469572544097900e-06
749	11.771162	-2.8145181169910762e+07	2.0451843738555908e-06
750	11.965935	-2.8145181169897601e+07	1.3161450624465942e-05
751	11.763356	-2.8145181169904858e+07	-7.2568655014038086e-06
752	11.942830	-2.8145181169911854e+07	-6.9960951805114746e-06
753	11.777587	-2.8145181497274537e+07	-3.2736268267035484e-01
754	11.931334	-2.8145181169904418e+07	3.2737011834979057e-01
755	11.804570	-2.8145181280360878e+07	-1.1045645922422409e-01
756	11.878697	-2.8145181169914730e+07	1.1044614762067795e-01
757	11.811374	-2.8145181745242167e+07	-5.7532743737101555e-01
758	11.710383	-2.8145181306245357e+07	4.3899681046605110e-01
759	11.925437	-2.8145181498467755e+07	-1.9222239777445793e-01
760	11.956081	-2.8145181169934332e+07	3.2853342220187187e-01
761	11.758710	-2.8145181169920988e+07	1.3343989849090576e-05
762	12.046571	-2.8145181169909976e+07	1.1011958122253418e-05
763	11.798663	-2.8145181555370647e+07	-3.8546067103743553e-01
764	12.004696	-2.8145181169939600e+07	3.8543104752898216e-01
765	11.805258	-2.8145181704215515e+07	-5.3427591547369957e-01
766	11.900819	-2.8145181231304843e+07	4.7291067242622375e-01
767	11.791777	-2.8145181174528174e+07	5.6776668876409531e-02
768	11.876544	-2.8145181715833012e+07	-5.4130483791232109e-01
769	11.846925	-2.8145181360124808e+07	3.5570820420980453e-01
770	11.963738	-2.8145181169954933e+07	1.9016987457871437e-01
771	11.822336	-2.8145181715596121e+07	-5.4564118757843971e-01
772	11.932053	-2.8145181169991575e+07	5.4560454562306404e-01
773	11.836610	-2.8145181440843321e+07	-2.7085174620151520e-01
774	11.839650	-2.8145181497078910e+07	-5.6235589087009430e-02
775	11.750783	-2.8145181169948570e+07	3.2713034003973007e-01
776	11.805133	-2.8145181169928588e+07	1.9982457160949707e-05
777	11.798191	-2.8145181169921748e+07	6.8396329879760742e-06
778	11.918915	-2.8145181359602075e+07	-1.8968032673001289e-01
779	11.716557	-2.8145181407100115e+07	-4.7498039901256561e-02
780	11.826693	-2.8145181497063760e+07	-8.9963644742965698e-02
781	11.806865	-2.8145181548061591e+07	-5.0997830927371979e-02
782	11.952159	-2.8145181169966951e+07	3.7809463962912560e-01
783	11.738779	-2.8145181950686570e+07	-7.8071961924433708e-01
784	11.954986	-2.8145181170035809e+07	7.8065076097846031e-01
785	11.803151	-2.8145181358461000e+07	-1.8842519074678421e-01
786	11.894556	-2.8145181497056551e+07	-1.3859555125236511e-01
787	11.935878	-2.8145181169969637e+07	3.2708691433072090e-01
788	11.926908	-2.8145181169927202e+07	4.2434781789779663e-05
789	11.757721	-2.8145181316737160e+07	-1.4680995792150497e-01
790	11.811927	-2.8145182190837804e+07	-8.7410064414143562e-01
791	11.864581	-2.8145185317553815e+07	-3.1267160102725029e+00
792	11.871972	-2.8145184632858358e+07	6.8469545617699623e-01
793	11.777910	-2.8145183956539366e+07	6.7631899192929268e-01
794	11.997098	-2.8145304772259276e+07	-1.2081571990996599e+02
795	11.785881	-2.8145289155660350e+07	1.5616598926484585e+01
796	11.955380	-2.8145277020204868e+07	1.2135455481708050e+01
797	11.801885	-2.8145265912794732e+07	1.1107410136610270e+01
798	11.848175	-2.8145256747361995e+07	9.1654327362775803e+00
799	11.723344	-2.8145249230011068e+07	7.5173509269952774e+00
800	11.836673	-2.8145242749386989e+07	6.4806240797042847e+00
801	11.731984	-2.8145236142323703e+07	6.6070632860064507e+00
802	11.854620	-2.8145229140282873e+07	7.0020408295094967e+00
803	11.684001	-2.8145221626232017e+07	7.5140508562326431e+00
804	11.897410	-2.8145213135159373e+07	8.4910726435482502e+00
805	11.818673	-2.8145203954505514e+07	9.1806538589298725e+00
806	11.861015	-2.8145192579108786e+07	1.1375396728515625e+01
807	11.780533	-2.8145181828427926e+07	1.0750680860131979e+01
808	11.774698	-2.8145181289863896e+07	5.3856403008103371e-01
809	11.800335	-2.8145181404686447e+07	-1.1482255160808563e-01
810	11.816444	-2.8145181195102293e+07	2.0958415418863297e-01
811	11.766130	-2.8145181186003637e+07	9.0986564755439758e-03
812	11.712516	-2.8145181873478435e+07	-6.8747479841113091e-01
813	11.911419	-2.8145181562073998e+07	3.1140443682670593e-01
814	11.734914	-2.8145181174137075e+07	3.8793692365288734e-01
815	11.828211	-2.8145181172596622e+07	1.5404522418975830e-03
816	11.894745	-2.8145181408955354e+07	-2.3635873198509216e-01
817	11.819612	-2.8145181307898123e+07	1.0105723142623901e-01
818	11.826773	-2.8145181863473959e+07	-5.5557583644986153e-01
819	11.754299	-2.8145181280914888e+07	5.8255907148122787e-01
820	11.855990	-2.8145181170215447e+07	1.1069944128394127e-01
821	11.843898	-2.8145181715922851e+07	-5.4570740461349487e-01
822	11.765338	-2.8145181170085248e+07	5.4583760350942612e-01
823	11.728422	-2.8145181642186545e+07	-4.7210129722952843e-01
824	11.874282	-2.8145181358449165e+07	2.8373738005757332e-01
825	11.720371	-2.8145181169969261e+07	1.8847990408539772e-01
826	11.987435	-2.8145181169947412e+07	2.1848827600479126e-05
827	11.848092	-2.8145181169931423e+07	1.5988945960998535e-05
828	11.947065	-2.8145181169921905e+07	9.5181167125701904e-06
829	11.786092	-2.8145181169925369e+07	-3.4645199775695801e-06
830	11.868200	-2.8145181169911630e+07	1.3738870620727539e-05
831	11.838048	-2.8145181407234680e+07	-2.3732304945588112e-01
832	11.795993	-2.8145181169919536e+07	2.3731514438986778e-01
833	11.763157	-2.8145181169918511e+07	1.0244548320770264e-06
834	11.864240	-2.8145181316762622e+07	-1.4684411138296127e-01
835	11.751867	-2.8145182237628903e+07	-9.2086628079414368e-01
836	11.831325	-2.8145185644725662e+07	-3.4070967584848404e+00
837	11.797018	-2.8145184632865138e+07	1.0118605233728886e+00
838	12.051355	-2.8145183956551883e+07	6.7631325498223305e-01
839	11.692072	-2.8145184169825509e+07	-2.1327362582087517e-01
840	11.845139	-2.8145182668843888e+07	1.5009816214442253e+00
841	11.800363	-2.8145182289917167e+07	3.7892672047019005e-01
842	11.904853	-2.8145181635741558e+07	6.5417560935020447e-01
843	11.976697	-2.8145181327714805e+07	3.0802675336599350e-01
844	11.993443	-2.8145181384571798e+07	-5.6856993585824966e-02
845	11.739149	-2.8145181497894153e+07	-1.1332235485315323e-01
846	11.775842	-2.8145181169951353e+07	3.2794279977679253e-01
847	11.790614	-2.8145181169916194e+07	3.5159289836883545e-05
848	11.878676	-2.8145181407098390e+07	-2.3718219622969627e-01
849	11.654511	-2.8145181316727195e+07	9.0371195226907730e-02
850	11.907821	-2.8145181169923540e+07	1.4680365473031998e-01
851	11.732296	-2.8145181169913568e+07	9.9726021289825439e-06
852	11.822335	-2.8145181280357990e+07	-1.1044442281126976e-01
853	11.912329	-2.8145181407140598e+07	-1.2678260728716850e-01
854	11.827535	-2.8145181169918884e+07	2.3722171410918236e-01
855	11.773571	-2.8145181169921812e+07	-2.9280781745910645e-06
856	11.826955	-2.8145181169909906e+07	1.1906027793884277e-05
857	11.803782	-2.8145181169908833e+07	1.0728836059570312e-06
858	11.760875	-2.8145181169903301e+07	5.5320560932159424e-06
859	11.826492	-2.8145181169892389e+07	1.0911375284194946e-05

Writing Q matrix to /global/home/users/deboraycb/scratch/atahualpa/analysis/ohana/maf05_3/structure/merge2_20M_allchr_snps_maf05_k6_bestmi_q.matrix
Writing F matrix to /global/home/users/deboraycb/scratch/atahualpa/analysis/ohana/maf05_3/structure/merge2_20M_allchr_snps_maf05_k6_bestmi859_f.matrix
