seed: 1021067763

iter	duration	log_likelihood	delta-lle
0	2.966406	-4.4675365750014983e+07
1	9.803592	-3.9298544619313233e+07	5.3768211307017505e+06
2	10.442927	-3.5141118595367551e+07	4.1574260239456818e+06
3	9.929648	-3.3941422707501195e+07	1.1996958878663555e+06
4	9.873990	-3.3326358094869986e+07	6.1506461263120919e+05
5	9.990301	-3.2824698052848384e+07	5.0166004202160239e+05
6	9.990765	-3.2348155350288909e+07	4.7654270255947486e+05
7	9.893279	-3.1875590224369690e+07	4.7256512591921911e+05
8	10.009848	-3.1403053991987672e+07	4.7253623238201812e+05
9	9.804646	-3.0926451152202919e+07	4.7660283978475258e+05
10	9.752163	-3.0443654067647789e+07	4.8279708455513045e+05
11	9.957838	-2.9965250037909701e+07	4.7840402973808721e+05
12	10.009314	-2.9512824314252514e+07	4.5242572365718707e+05
13	9.989318	-2.9114139729002859e+07	3.9868458524965495e+05
14	10.071931	-2.8800707556862798e+07	3.1343217214006186e+05
15	10.023828	-2.8591256418169286e+07	2.0945113869351149e+05
16	9.900397	-2.8479019998621255e+07	1.1223641954803094e+05
17	9.962609	-2.8434698771940708e+07	4.4321226680546999e+04
18	10.030827	-2.8420193354732960e+07	1.4505417207747698e+04
19	9.911865	-2.8413654614679765e+07	6.5387400531955063e+03
20	10.090765	-2.8409489831102405e+07	4.1647835773602128e+03
21	9.889708	-2.8406764088091228e+07	2.7257430111765862e+03
22	9.838548	-2.8404953497251745e+07	1.8105908394828439e+03
23	9.900637	-2.8403749726020940e+07	1.2037712308056653e+03
24	9.976596	-2.8403152655404795e+07	5.9707061614468694e+02
25	9.933397	-2.8402932295850713e+07	2.2035955408215523e+02
26	9.964464	-2.8402861003181297e+07	7.1292669415473938e+01
27	9.905979	-2.8402832576864287e+07	2.8426317010074854e+01
28	9.820094	-2.8402820476884663e+07	1.2099979624152184e+01
29	9.956362	-2.8402815057116717e+07	5.4197679460048676e+00
30	9.944999	-2.8402812760694869e+07	2.2964218482375145e+00
31	9.913577	-2.8402812018704943e+07	7.4198992550373077e-01
32	9.922483	-2.8402815014158085e+07	-2.9954531416296959e+00
33	9.895555	-2.8402814102783516e+07	9.1137456893920898e-01
34	9.837659	-2.8402813205028243e+07	8.9775527268648148e-01
35	9.852333	-2.8402812450466998e+07	7.5456124544143677e-01
36	9.931716	-2.8402811986938003e+07	4.6352899447083473e-01
37	9.883244	-2.8402811823100366e+07	1.6383763775229454e-01
38	9.906203	-2.8402814947274026e+07	-3.1241736598312855e+00
39	9.828342	-2.8402814075746186e+07	8.7152783945202827e-01
40	9.866803	-2.8402813193831414e+07	8.8191477209329605e-01
41	9.828695	-2.8402812445733413e+07	7.4809800088405609e-01
42	9.921132	-2.8402811984900896e+07	4.6083251759409904e-01
43	9.827339	-2.8402811822225206e+07	1.6267568990588188e-01
44	9.865310	-2.8402814946878873e+07	-3.1246536672115326e+00
45	9.785190	-2.8402814075570855e+07	8.7130801752209663e-01
46	9.792123	-2.8402813193742685e+07	8.8182817026972771e-01
47	9.863072	-2.8402812445701238e+07	7.4804144725203514e-01
48	9.823532	-2.8402811984877288e+07	4.6082394942641258e-01
49	9.818336	-2.8402811822197497e+07	1.6267979145050049e-01
50	9.860598	-2.8402814946882967e+07	-3.1246854700148106e+00
51	9.809428	-2.8402814075580947e+07	8.7130201980471611e-01
52	9.832114	-2.8402813193748511e+07	8.8183243572711945e-01
53	9.811899	-2.8402812445704132e+07	7.4804437905550003e-01
54	9.861867	-2.8402811984890033e+07	4.6081409975886345e-01
55	9.787844	-2.8402811822210327e+07	1.6267970576882362e-01
56	9.801587	-2.8402814946878534e+07	-3.1246682070195675e+00
57	9.805121	-2.8402814075572032e+07	8.7130650132894516e-01
58	9.829921	-2.8402813193751428e+07	8.8182060420513153e-01
59	9.776185	-2.8402812445686489e+07	7.4806493893265724e-01
60	9.911700	-2.8402811984880101e+07	4.6080638840794563e-01
61	9.868309	-2.8402811822209679e+07	1.6267042234539986e-01
62	9.869085	-2.8402814946877182e+07	-3.1246675029397011e+00
63	9.827593	-2.8402814075568959e+07	8.7130822241306305e-01
64	9.831335	-2.8402813193746779e+07	8.8182218000292778e-01
65	9.763522	-2.8402812445689090e+07	7.4805768951773643e-01
66	9.972535	-2.8402811984886378e+07	4.6080271154642105e-01
67	9.911659	-2.8402811822210636e+07	1.6267574205994606e-01
68	9.902079	-2.8402814946877159e+07	-3.1246665231883526e+00
69	9.807605	-2.8402814075566638e+07	8.7131052091717720e-01
70	9.896009	-2.8402813193751417e+07	8.8181522116065025e-01
71	9.837428	-2.8402812445688222e+07	7.4806319549679756e-01
72	10.007395	-2.8402811984886751e+07	4.6080147102475166e-01
73	9.947313	-2.8402811822208047e+07	1.6267870366573334e-01
74	10.023920	-2.8402814946878139e+07	-3.1246700920164585e+00
75	10.022780	-2.8402814075566541e+07	8.7131159752607346e-01
76	10.020033	-2.8402813193752751e+07	8.8181379064917564e-01
77	9.812983	-2.8402812445687488e+07	7.4806526303291321e-01
78	9.993557	-2.8402811984886408e+07	4.6080107986927032e-01
79	9.905385	-2.8402811822208263e+07	1.6267814487218857e-01
80	9.981485	-2.8402814946878128e+07	-3.1246698647737503e+00
81	9.970442	-2.8402814075566892e+07	8.7131123617291451e-01
82	9.952802	-2.8402813193752859e+07	8.8181403279304504e-01
83	9.825113	-2.8402812445687618e+07	7.4806524068117142e-01
84	9.988342	-2.8402811984886445e+07	4.6080117300152779e-01
85	9.927361	-2.8402811822208080e+07	1.6267836466431618e-01
86	9.987192	-2.8402814946878072e+07	-3.1246699914336205e+00
87	9.951916	-2.8402814075566959e+07	8.7131111323833466e-01
88	9.948266	-2.8402813193752892e+07	8.8181406632065773e-01
89	9.831404	-2.8402812445687640e+07	7.4806525185704231e-01
90	9.932598	-2.8402811984886434e+07	4.6080120652914047e-01
91	9.952664	-2.8402811822208088e+07	1.6267834603786469e-01
92	9.970184	-2.8402814946878068e+07	-3.1246699802577496e+00
93	9.903122	-2.8402814075566933e+07	8.7131113559007645e-01
94	9.950208	-2.8402813193752870e+07	8.8181406259536743e-01
95	9.793795	-2.8402812445687644e+07	7.4806522578001022e-01
96	9.935858	-2.8402811984886434e+07	4.6080121025443077e-01
97	9.942807	-2.8402811822208107e+07	1.6267832741141319e-01
98	9.909278	-2.8402814946878072e+07	-3.1246699653565884e+00
99	9.949005	-2.8402814075566936e+07	8.7131113559007645e-01
100	9.889245	-2.8402813193752866e+07	8.8181407004594803e-01
101	9.844449	-2.8402812445687640e+07	7.4806522578001022e-01
102	9.930549	-2.8402811984886441e+07	4.6080119907855988e-01
103	9.885832	-2.8402811822208107e+07	1.6267833486199379e-01
104	9.929546	-2.8402814946878076e+07	-3.1246699690818787e+00
105	9.901274	-2.8402814075566936e+07	8.7131113931536674e-01
106	9.914639	-2.8402813193752870e+07	8.8181406632065773e-01
107	9.779270	-2.8402812445687640e+07	7.4806522950530052e-01
108	9.896599	-2.8402811984886441e+07	4.6080119907855988e-01
109	9.841159	-2.8402811822208107e+07	1.6267833486199379e-01
110	9.869676	-2.8402814946878079e+07	-3.1246699728071690e+00
111	9.760609	-2.8402814075566933e+07	8.7131114676594734e-01
112	9.833914	-2.8402813193752874e+07	8.8181405887007713e-01
113	9.763272	-2.8402812445687640e+07	7.4806523323059082e-01
114	9.829447	-2.8402811984886434e+07	4.6080120652914047e-01
115	9.793704	-2.8402811822208110e+07	1.6267832368612289e-01
116	9.867785	-2.8402814946878076e+07	-3.1246699653565884e+00
117	9.835606	-2.8402814075566936e+07	8.7131113931536674e-01
118	9.851087	-2.8402813193752874e+07	8.8181406259536743e-01
119	9.785919	-2.8402812445687640e+07	7.4806523323059082e-01
120	9.836407	-2.8402811984886441e+07	4.6080119907855988e-01
121	9.788141	-2.8402811822208103e+07	1.6267833858728409e-01
122	9.888918	-2.8402814946878076e+07	-3.1246699728071690e+00
123	9.828186	-2.8402814075566933e+07	8.7131114304065704e-01
124	9.836824	-2.8402813193752859e+07	8.8181407377123833e-01
125	9.793586	-2.8402812445687640e+07	7.4806521832942963e-01
126	9.808469	-2.8402811984886438e+07	4.6080120280385017e-01
127	9.907919	-2.8402811822208110e+07	1.6267832741141319e-01
128	9.942656	-2.8402814946878079e+07	-3.1246699690818787e+00
129	9.833350	-2.8402814075566936e+07	8.7131114304065704e-01
130	9.854354	-2.8402813193752874e+07	8.8181406259536743e-01
131	9.785693	-2.8402812445687640e+07	7.4806523323059082e-01
132	9.781118	-2.8402811984886438e+07	4.6080120280385017e-01
133	9.954983	-2.8402811822208110e+07	1.6267832741141319e-01
134	10.008439	-2.8402814946878076e+07	-3.1246699653565884e+00
135	9.910427	-2.8402814075566936e+07	8.7131113931536674e-01
136	9.955961	-2.8402813193752866e+07	8.8181407004594803e-01
137	9.930886	-2.8402812445687640e+07	7.4806522578001022e-01
138	9.856263	-2.8402811984886441e+07	4.6080119907855988e-01
139	9.966101	-2.8402811822208103e+07	1.6267833858728409e-01
140	10.003075	-2.8402814946878076e+07	-3.1246699728071690e+00
141	9.971675	-2.8402814075566933e+07	8.7131114304065704e-01
142	10.035455	-2.8402813193752870e+07	8.8181406259536743e-01
143	9.931879	-2.8402812445687640e+07	7.4806522950530052e-01
144	9.843538	-2.8402811984886438e+07	4.6080120280385017e-01
145	9.945629	-2.8402811822208110e+07	1.6267832741141319e-01
146	10.038115	-2.8402814946878076e+07	-3.1246699653565884e+00
147	9.998382	-2.8402814075566933e+07	8.7131114304065704e-01
148	10.016488	-2.8402813193752874e+07	8.8181405887007713e-01
149	9.916755	-2.8402812445687640e+07	7.4806523323059082e-01
150	9.931925	-2.8402811984886441e+07	4.6080119907855988e-01
151	9.962982	-2.8402811822208107e+07	1.6267833486199379e-01
152	10.023310	-2.8402814946878076e+07	-3.1246699690818787e+00
153	9.942258	-2.8402814075566936e+07	8.7131113931536674e-01
154	9.985649	-2.8402813193752870e+07	8.8181406632065773e-01
155	9.895365	-2.8402812445687648e+07	7.4806522205471992e-01
156	9.866254	-2.8402811984886441e+07	4.6080120652914047e-01
157	9.937871	-2.8402811822208110e+07	1.6267833113670349e-01
158	9.950314	-2.8402814946878076e+07	-3.1246699653565884e+00
159	9.956723	-2.8402814075566933e+07	8.7131114304065704e-01
160	10.006983	-2.8402813193752870e+07	8.8181406259536743e-01
161	9.890739	-2.8402812445687648e+07	7.4806522205471992e-01
162	9.880431	-2.8402811984886438e+07	4.6080121025443077e-01
163	9.912874	-2.8402811822208107e+07	1.6267833113670349e-01
164	9.970907	-2.8402814946878072e+07	-3.1246699653565884e+00
165	9.880199	-2.8402814075566940e+07	8.7131113186478615e-01
166	9.952002	-2.8402813193752870e+07	8.8181407004594803e-01
167	9.876853	-2.8402812445687633e+07	7.4806523695588112e-01
168	9.815433	-2.8402811984886438e+07	4.6080119535326958e-01
169	9.863477	-2.8402811822208110e+07	1.6267832741141319e-01
170	9.913270	-2.8402814946878076e+07	-3.1246699653565884e+00
171	9.895614	-2.8402814075566936e+07	8.7131113931536674e-01
172	9.892153	-2.8402813193752866e+07	8.8181407004594803e-01
173	9.847714	-2.8402812445687640e+07	7.4806522578001022e-01
174	9.818415	-2.8402811984886438e+07	4.6080120280385017e-01
175	9.842182	-2.8402811822208103e+07	1.6267833486199379e-01
176	9.860270	-2.8402814946878072e+07	-3.1246699690818787e+00
177	9.843328	-2.8402814075566929e+07	8.7131114304065704e-01
178	9.873451	-2.8402813193752870e+07	8.8181405887007713e-01
179	9.836244	-2.8402812445687648e+07	7.4806522205471992e-01
180	9.842753	-2.8402811984886438e+07	4.6080121025443077e-01
181	9.806217	-2.8402811822208110e+07	1.6267832741141319e-01
182	9.845171	-2.8402814946878076e+07	-3.1246699653565884e+00
183	9.827952	-2.8402814075566940e+07	8.7131113559007645e-01
184	9.853389	-2.8402813193752866e+07	8.8181407377123833e-01
185	9.794627	-2.8402812445687640e+07	7.4806522578001022e-01
186	9.869194	-2.8402811984886438e+07	4.6080120280385017e-01
187	9.746618	-2.8402811822208103e+07	1.6267833486199379e-01
188	9.873611	-2.8402814946878076e+07	-3.1246699728071690e+00
189	9.827468	-2.8402814075566933e+07	8.7131114304065704e-01
190	9.933131	-2.8402813193752870e+07	8.8181406259536743e-01
191	9.836952	-2.8402812445687648e+07	7.4806522205471992e-01
192	9.825601	-2.8402811984886438e+07	4.6080121025443077e-01
193	9.786067	-2.8402811822208110e+07	1.6267832741141319e-01
194	9.889742	-2.8402814946878076e+07	-3.1246699653565884e+00
195	9.885836	-2.8402814075566936e+07	8.7131113931536674e-01
196	9.870964	-2.8402813193752859e+07	8.8181407749652863e-01
197	9.821809	-2.8402812445687640e+07	7.4806521832942963e-01
198	9.844600	-2.8402811984886434e+07	4.6080120652914047e-01
199	9.787207	-2.8402811822208110e+07	1.6267832368612289e-01
200	9.997346	-2.8402814946878076e+07	-3.1246699653565884e+00
201	9.990740	-2.8402814075566933e+07	8.7131114304065704e-01
202	9.932397	-2.8402813193752866e+07	8.8181406632065773e-01
203	9.816182	-2.8402812445687640e+07	7.4806522578001022e-01
204	9.819064	-2.8402811984886434e+07	4.6080120652914047e-01
205	9.813802	-2.8402811822208107e+07	1.6267832741141319e-01
206	10.008267	-2.8402814946878076e+07	-3.1246699690818787e+00
207	10.025661	-2.8402814075566936e+07	8.7131113931536674e-01
208	10.031064	-2.8402813193752863e+07	8.8181407377123833e-01
209	10.003137	-2.8402812445687640e+07	7.4806522205471992e-01
210	9.975902	-2.8402811984886434e+07	4.6080120652914047e-01
211	9.806865	-2.8402811822208103e+07	1.6267833113670349e-01
212	10.026628	-2.8402814946878076e+07	-3.1246699728071690e+00
213	9.966091	-2.8402814075566929e+07	8.7131114676594734e-01
214	10.013520	-2.8402813193752874e+07	8.8181405514478683e-01
215	9.963910	-2.8402812445687648e+07	7.4806522578001022e-01
216	9.971661	-2.8402811984886441e+07	4.6080120652914047e-01
217	9.820329	-2.8402811822208107e+07	1.6267833486199379e-01
218	9.972368	-2.8402814946878079e+07	-3.1246699728071690e+00
219	9.936436	-2.8402814075566936e+07	8.7131114304065704e-01
220	10.017681	-2.8402813193752874e+07	8.8181406259536743e-01
221	9.945339	-2.8402812445687640e+07	7.4806523323059082e-01
222	9.950423	-2.8402811984886441e+07	4.6080119907855988e-01
223	9.825882	-2.8402811822208103e+07	1.6267833858728409e-01
224	9.955904	-2.8402814946878076e+07	-3.1246699728071690e+00
225	9.913789	-2.8402814075566936e+07	8.7131113931536674e-01
226	9.964427	-2.8402813193752866e+07	8.8181407004594803e-01
227	9.933037	-2.8402812445687640e+07	7.4806522578001022e-01
228	9.914212	-2.8402811984886434e+07	4.6080120652914047e-01
229	9.760558	-2.8402811822208110e+07	1.6267832368612289e-01
230	9.952963	-2.8402814946878079e+07	-3.1246699690818787e+00
231	9.913573	-2.8402814075566940e+07	8.7131113931536674e-01
232	9.962308	-2.8402813193752874e+07	8.8181406632065773e-01
233	9.863107	-2.8402812445687640e+07	7.4806523323059082e-01
234	9.890394	-2.8402811984886434e+07	4.6080120652914047e-01
235	9.810964	-2.8402811822208099e+07	1.6267833486199379e-01
236	9.864818	-2.8402814946878079e+07	-3.1246699802577496e+00
237	9.856425	-2.8402814075566933e+07	8.7131114676594734e-01
238	9.888710	-2.8402813193752870e+07	8.8181406259536743e-01
239	9.834192	-2.8402812445687640e+07	7.4806522950530052e-01
240	9.861941	-2.8402811984886438e+07	4.6080120280385017e-01
241	9.776771	-2.8402811822208110e+07	1.6267832741141319e-01
242	9.841928	-2.8402814946878076e+07	-3.1246699653565884e+00
243	9.875625	-2.8402814075566933e+07	8.7131114304065704e-01
244	9.852115	-2.8402813193752866e+07	8.8181406632065773e-01
245	9.796475	-2.8402812445687640e+07	7.4806522578001022e-01
246	9.858611	-2.8402811984886441e+07	4.6080119907855988e-01
247	9.743879	-2.8402811822208110e+07	1.6267833113670349e-01
248	9.867514	-2.8402814946878076e+07	-3.1246699653565884e+00
249	9.780216	-2.8402814075566933e+07	8.7131114304065704e-01
250	9.873259	-2.8402813193752870e+07	8.8181406259536743e-01
251	9.823276	-2.8402812445687640e+07	7.4806522950530052e-01
252	9.859974	-2.8402811984886434e+07	4.6080120652914047e-01
253	9.814086	-2.8402811822208110e+07	1.6267832368612289e-01
254	9.871848	-2.8402814946878076e+07	-3.1246699653565884e+00
255	9.829169	-2.8402814075566925e+07	8.7131115049123764e-01
256	9.858113	-2.8402813193752870e+07	8.8181405514478683e-01
257	9.789232	-2.8402812445687640e+07	7.4806522950530052e-01
258	9.836653	-2.8402811984886438e+07	4.6080120280385017e-01
259	9.774069	-2.8402811822208095e+07	1.6267834231257439e-01
260	9.824697	-2.8402814946878076e+07	-3.1246699802577496e+00
261	9.885047	-2.8402814075566933e+07	8.7131114304065704e-01
262	9.987716	-2.8402813193752866e+07	8.8181406632065773e-01
263	9.796556	-2.8402812445687648e+07	7.4806521832942963e-01
264	9.861981	-2.8402811984886441e+07	4.6080120652914047e-01
265	9.786072	-2.8402811822208110e+07	1.6267833113670349e-01
266	9.882154	-2.8402814946878076e+07	-3.1246699653565884e+00
267	9.988693	-2.8402814075566933e+07	8.7131114304065704e-01
268	10.034272	-2.8402813193752863e+07	8.8181407004594803e-01
269	10.004355	-2.8402812445687640e+07	7.4806522205471992e-01
270	10.083374	-2.8402811984886434e+07	4.6080120652914047e-01
271	9.915369	-2.8402811822208107e+07	1.6267832741141319e-01
272	9.933045	-2.8402814946878076e+07	-3.1246699690818787e+00
273	10.023079	-2.8402814075566933e+07	8.7131114304065704e-01
274	10.024298	-2.8402813193752874e+07	8.8181405887007713e-01
275	10.003286	-2.8402812445687640e+07	7.4806523323059082e-01
276	9.992255	-2.8402811984886438e+07	4.6080120280385017e-01
277	9.941611	-2.8402811822208110e+07	1.6267832741141319e-01
278	9.857568	-2.8402814946878076e+07	-3.1246699653565884e+00
279	9.992336	-2.8402814075566933e+07	8.7131114304065704e-01
280	10.034181	-2.8402813193752859e+07	8.8181407377123833e-01
281	9.978488	-2.8402812445687640e+07	7.4806521832942963e-01
282	10.002972	-2.8402811984886434e+07	4.6080120652914047e-01
283	9.925575	-2.8402811822208103e+07	1.6267833113670349e-01
284	9.835929	-2.8402814946878079e+07	-3.1246699765324593e+00
285	9.978619	-2.8402814075566936e+07	8.7131114304065704e-01
286	10.032731	-2.8402813193752874e+07	8.8181406259536743e-01
287	9.939899	-2.8402812445687640e+07	7.4806523323059082e-01
288	10.037577	-2.8402811984886434e+07	4.6080120652914047e-01
289	9.880704	-2.8402811822208107e+07	1.6267832741141319e-01
290	9.876537	-2.8402814946878079e+07	-3.1246699728071690e+00
291	9.980413	-2.8402814075566936e+07	8.7131114304065704e-01
292	9.977514	-2.8402813193752863e+07	8.8181407377123833e-01
293	9.896890	-2.8402812445687640e+07	7.4806522205471992e-01
294	9.935267	-2.8402811984886438e+07	4.6080120280385017e-01
295	9.878539	-2.8402811822208107e+07	1.6267833113670349e-01
296	9.854444	-2.8402814946878072e+07	-3.1246699653565884e+00
297	9.902941	-2.8402814075566929e+07	8.7131114304065704e-01
298	9.971875	-2.8402813193752866e+07	8.8181406259536743e-01
299	9.887467	-2.8402812445687648e+07	7.4806521832942963e-01
300	9.937533	-2.8402811984886438e+07	4.6080121025443077e-01
301	9.848088	-2.8402811822208107e+07	1.6267833113670349e-01
302	9.837926	-2.8402814946878079e+07	-3.1246699728071690e+00
303	9.909006	-2.8402814075566933e+07	8.7131114676594734e-01
304	9.900649	-2.8402813193752870e+07	8.8181406259536743e-01
305	9.884421	-2.8402812445687648e+07	7.4806522205471992e-01
306	9.927611	-2.8402811984886434e+07	4.6080121397972107e-01
307	9.797816	-2.8402811822208110e+07	1.6267832368612289e-01
308	9.777871	-2.8402814946878079e+07	-3.1246699690818787e+00
309	9.869834	-2.8402814075566933e+07	8.7131114676594734e-01
310	9.875013	-2.8402813193752874e+07	8.8181405887007713e-01
311	9.845555	-2.8402812445687648e+07	7.4806522578001022e-01
312	9.867479	-2.8402811984886430e+07	4.6080121770501137e-01
313	9.767180	-2.8402811822208107e+07	1.6267832368612289e-01
314	9.794613	-2.8402814946878076e+07	-3.1246699690818787e+00
315	9.810786	-2.8402814075566929e+07	8.7131114676594734e-01
316	9.826983	-2.8402813193752866e+07	8.8181406259536743e-01
317	9.828164	-2.8402812445687648e+07	7.4806521832942963e-01
318	9.854829	-2.8402811984886434e+07	4.6080121397972107e-01
319	9.800453	-2.8402811822208107e+07	1.6267832741141319e-01
320	9.820460	-2.8402814946878076e+07	-3.1246699690818787e+00
321	9.783418	-2.8402814075566933e+07	8.7131114304065704e-01
322	9.856418	-2.8402813193752870e+07	8.8181406259536743e-01
323	9.786186	-2.8402812445687648e+07	7.4806522205471992e-01
324	9.861167	-2.8402811984886438e+07	4.6080121025443077e-01
325	9.788994	-2.8402811822208107e+07	1.6267833113670349e-01
326	9.841243	-2.8402814946878076e+07	-3.1246699690818787e+00
327	9.806326	-2.8402814075566933e+07	8.7131114304065704e-01
328	9.937873	-2.8402813193752870e+07	8.8181406259536743e-01
329	9.896575	-2.8402812445687640e+07	7.4806522950530052e-01
330	9.852613	-2.8402811984886438e+07	4.6080120280385017e-01
331	9.828228	-2.8402811822208107e+07	1.6267833113670349e-01
332	9.849644	-2.8402814946878072e+07	-3.1246699653565884e+00
333	9.829167	-2.8402814075566929e+07	8.7131114304065704e-01
334	10.005829	-2.8402813193752866e+07	8.8181406259536743e-01
335	9.970046	-2.8402812445687648e+07	7.4806521832942963e-01
336	9.922541	-2.8402811984886438e+07	4.6080121025443077e-01
337	9.783178	-2.8402811822208107e+07	1.6267833113670349e-01
338	9.962149	-2.8402814946878076e+07	-3.1246699690818787e+00
339	9.809007	-2.8402814075566933e+07	8.7131114304065704e-01
340	10.031467	-2.8402813193752870e+07	8.8181406259536743e-01
341	9.990131	-2.8402812445687640e+07	7.4806522950530052e-01
342	10.041356	-2.8402811984886441e+07	4.6080119907855988e-01
343	10.011722	-2.8402811822208110e+07	1.6267833113670349e-01
344	9.951183	-2.8402814946878079e+07	-3.1246699690818787e+00
345	9.856570	-2.8402814075566936e+07	8.7131114304065704e-01
346	10.018237	-2.8402813193752870e+07	8.8181406632065773e-01
347	9.924265	-2.8402812445687648e+07	7.4806522205471992e-01
348	10.002996	-2.8402811984886434e+07	4.6080121397972107e-01
349	9.963526	-2.8402811822208110e+07	1.6267832368612289e-01
350	9.938659	-2.8402814946878076e+07	-3.1246699653565884e+00
351	9.844997	-2.8402814075566936e+07	8.7131113931536674e-01
352	10.021086	-2.8402813193752874e+07	8.8181406259536743e-01
353	9.960581	-2.8402812445687633e+07	7.4806524068117142e-01
354	9.956406	-2.8402811984886438e+07	4.6080119535326958e-01
355	9.932002	-2.8402811822208107e+07	1.6267833113670349e-01
356	9.958495	-2.8402814946878076e+07	-3.1246699690818787e+00
357	9.853305	-2.8402814075566933e+07	8.7131114304065704e-01
358	9.973808	-2.8402813193752870e+07	8.8181406259536743e-01
359	9.899198	-2.8402812445687648e+07	7.4806522205471992e-01
360	9.960169	-2.8402811984886434e+07	4.6080121397972107e-01
361	9.899774	-2.8402811822208107e+07	1.6267832741141319e-01
362	9.920022	-2.8402814946878076e+07	-3.1246699690818787e+00
363	9.811150	-2.8402814075566936e+07	8.7131113931536674e-01
364	9.969902	-2.8402813193752874e+07	8.8181406259536743e-01
365	9.918125	-2.8402812445687633e+07	7.4806524068117142e-01
366	9.920998	-2.8402811984886441e+07	4.6080119162797928e-01
367	9.887618	-2.8402811822208107e+07	1.6267833486199379e-01
368	9.884891	-2.8402814946878076e+07	-3.1246699690818787e+00
369	9.803341	-2.8402814075566933e+07	8.7131114304065704e-01
370	9.953042	-2.8402813193752870e+07	8.8181406259536743e-01
371	9.874846	-2.8402812445687640e+07	7.4806522950530052e-01
372	9.931676	-2.8402811984886434e+07	4.6080120652914047e-01
373	9.857484	-2.8402811822208107e+07	1.6267832741141319e-01
374	9.895406	-2.8402814946878076e+07	-3.1246699690818787e+00
375	9.847986	-2.8402814075566936e+07	8.7131113931536674e-01
376	9.912194	-2.8402813193752863e+07	8.8181407377123833e-01
377	9.872247	-2.8402812445687640e+07	7.4806522205471992e-01
378	9.912097	-2.8402811984886434e+07	4.6080120652914047e-01
379	9.848317	-2.8402811822208103e+07	1.6267833113670349e-01
380	9.877188	-2.8402814946878079e+07	-3.1246699765324593e+00
381	9.815359	-2.8402814075566936e+07	8.7131114304065704e-01
382	9.850966	-2.8402813193752866e+07	8.8181407004594803e-01
383	9.817427	-2.8402812445687637e+07	7.4806522950530052e-01
384	9.864165	-2.8402811984886438e+07	4.6080119907855988e-01
385	9.815687	-2.8402811822208110e+07	1.6267832741141319e-01
386	9.812787	-2.8402814946878076e+07	-3.1246699653565884e+00
387	9.777985	-2.8402814075566929e+07	8.7131114676594734e-01
388	9.885334	-2.8402813193752870e+07	8.8181405887007713e-01
389	9.862596	-2.8402812445687648e+07	7.4806522205471992e-01
390	9.878541	-2.8402811984886434e+07	4.6080121397972107e-01
391	9.813177	-2.8402811822208107e+07	1.6267832741141319e-01
392	9.889954	-2.8402814946878072e+07	-3.1246699653565884e+00
393	9.846993	-2.8402814075566936e+07	8.7131113559007645e-01
394	9.869499	-2.8402813193752866e+07	8.8181407004594803e-01
395	9.852527	-2.8402812445687640e+07	7.4806522578001022e-01
396	9.947201	-2.8402811984886434e+07	4.6080120652914047e-01
397	9.824169	-2.8402811822208107e+07	1.6267832741141319e-01
398	9.882945	-2.8402814946878076e+07	-3.1246699690818787e+00
399	9.805372	-2.8402814075566933e+07	8.7131114304065704e-01
400	9.853094	-2.8402813193752859e+07	8.8181407377123833e-01
401	9.984918	-2.8402812445687640e+07	7.4806521832942963e-01
402	9.994916	-2.8402811984886434e+07	4.6080120652914047e-01
403	9.834187	-2.8402811822208110e+07	1.6267832368612289e-01
404	9.842649	-2.8402814946878072e+07	-3.1246699616312981e+00
405	9.822358	-2.8402814075566929e+07	8.7131114304065704e-01
406	9.882809	-2.8402813193752866e+07	8.8181406259536743e-01
407	9.993286	-2.8402812445687648e+07	7.4806521832942963e-01
408	10.077588	-2.8402811984886441e+07	4.6080120652914047e-01
409	10.029628	-2.8402811822208110e+07	1.6267833113670349e-01
410	10.065610	-2.8402814946878076e+07	-3.1246699653565884e+00
411	9.982498	-2.8402814075566936e+07	8.7131113931536674e-01
412	9.926311	-2.8402813193752866e+07	8.8181407004594803e-01
413	9.999685	-2.8402812445687640e+07	7.4806522578001022e-01
414	10.069839	-2.8402811984886434e+07	4.6080120652914047e-01
415	10.023134	-2.8402811822208110e+07	1.6267832368612289e-01
416	10.094375	-2.8402814946878072e+07	-3.1246699616312981e+00
417	9.979385	-2.8402814075566940e+07	8.7131113186478615e-01
418	9.891314	-2.8402813193752874e+07	8.8181406632065773e-01
419	9.973204	-2.8402812445687644e+07	7.4806522950530052e-01
420	10.033611	-2.8402811984886441e+07	4.6080120280385017e-01
421	9.975507	-2.8402811822208114e+07	1.6267832741141319e-01
422	10.000750	-2.8402814946878076e+07	-3.1246699616312981e+00
423	9.949317	-2.8402814075566940e+07	8.7131113559007645e-01
424	9.905294	-2.8402813193752874e+07	8.8181406632065773e-01
425	9.939632	-2.8402812445687652e+07	7.4806522205471992e-01
426	9.996929	-2.8402811984886434e+07	4.6080121770501137e-01
427	9.961479	-2.8402811822208110e+07	1.6267832368612289e-01
428	10.029117	-2.8402814946878076e+07	-3.1246699653565884e+00
429	9.938430	-2.8402814075566929e+07	8.7131114676594734e-01
430	9.890988	-2.8402813193752866e+07	8.8181406259536743e-01
431	9.963209	-2.8402812445687640e+07	7.4806522578001022e-01
432	10.043435	-2.8402811984886438e+07	4.6080120280385017e-01
433	9.913801	-2.8402811822208107e+07	1.6267833113670349e-01
434	10.002774	-2.8402814946878076e+07	-3.1246699690818787e+00
435	9.909341	-2.8402814075566936e+07	8.7131113931536674e-01
436	9.868345	-2.8402813193752866e+07	8.8181407004594803e-01
437	9.941101	-2.8402812445687640e+07	7.4806522578001022e-01
438	9.939192	-2.8402811984886438e+07	4.6080120280385017e-01
439	9.898243	-2.8402811822208107e+07	1.6267833113670349e-01
440	9.971681	-2.8402814946878076e+07	-3.1246699690818787e+00
441	9.892162	-2.8402814075566936e+07	8.7131113931536674e-01
442	9.854735	-2.8402813193752874e+07	8.8181406259536743e-01
443	9.935357	-2.8402812445687637e+07	7.4806523695588112e-01
444	9.937178	-2.8402811984886438e+07	4.6080119907855988e-01
445	9.907776	-2.8402811822208118e+07	1.6267831996083260e-01
446	9.954036	-2.8402814946878076e+07	-3.1246699579060078e+00
447	9.933370	-2.8402814075566933e+07	8.7131114304065704e-01
448	9.825765	-2.8402813193752874e+07	8.8181405887007713e-01
449	9.895647	-2.8402812445687640e+07	7.4806523323059082e-01
450	9.901897	-2.8402811984886434e+07	4.6080120652914047e-01
451	9.913630	-2.8402811822208107e+07	1.6267832741141319e-01
452	9.936126	-2.8402814946878079e+07	-3.1246699728071690e+00
453	9.860730	-2.8402814075566936e+07	8.7131114304065704e-01
454	9.853286	-2.8402813193752859e+07	8.8181407749652863e-01
455	9.897059	-2.8402812445687637e+07	7.4806522205471992e-01
456	9.881324	-2.8402811984886434e+07	4.6080120280385017e-01
457	9.845579	-2.8402811822208107e+07	1.6267832741141319e-01
458	9.859863	-2.8402814946878079e+07	-3.1246699728071690e+00
459	9.847858	-2.8402814075566936e+07	8.7131114304065704e-01
460	9.826104	-2.8402813193752870e+07	8.8181406632065773e-01
461	9.811877	-2.8402812445687648e+07	7.4806522205471992e-01
462	9.869558	-2.8402811984886438e+07	4.6080121025443077e-01
463	9.814187	-2.8402811822208107e+07	1.6267833113670349e-01
464	9.870789	-2.8402814946878079e+07	-3.1246699728071690e+00
465	9.851155	-2.8402814075566933e+07	8.7131114676594734e-01
466	9.838826	-2.8402813193752866e+07	8.8181406632065773e-01
467	9.781507	-2.8402812445687640e+07	7.4806522578001022e-01
468	9.887722	-2.8402811984886438e+07	4.6080120280385017e-01
469	9.827250	-2.8402811822208107e+07	1.6267833113670349e-01
470	9.836479	-2.8402814946878072e+07	-3.1246699653565884e+00
471	9.852715	-2.8402814075566933e+07	8.7131113931536674e-01
472	9.883995	-2.8402813193752870e+07	8.8181406259536743e-01
473	9.782326	-2.8402812445687637e+07	7.4806523323059082e-01
474	9.923849	-2.8402811984886441e+07	4.6080119535326958e-01
475	9.895254	-2.8402811822208107e+07	1.6267833486199379e-01
476	9.867957	-2.8402814946878076e+07	-3.1246699690818787e+00
477	9.804597	-2.8402814075566933e+07	8.7131114304065704e-01
478	9.851058	-2.8402813193752874e+07	8.8181405887007713e-01
479	9.784004	-2.8402812445687640e+07	7.4806523323059082e-01
480	10.035329	-2.8402811984886434e+07	4.6080120652914047e-01
481	9.908970	-2.8402811822208107e+07	1.6267832741141319e-01
482	9.941045	-2.8402814946878076e+07	-3.1246699690818787e+00
483	9.821220	-2.8402814075566933e+07	8.7131114304065704e-01
484	9.868745	-2.8402813193752866e+07	8.8181406632065773e-01
485	9.874808	-2.8402812445687640e+07	7.4806522578001022e-01
486	10.082167	-2.8402811984886441e+07	4.6080119907855988e-01
487	9.993949	-2.8402811822208110e+07	1.6267833113670349e-01
488	10.041515	-2.8402814946878072e+07	-3.1246699616312981e+00
489	10.043821	-2.8402814075566933e+07	8.7131113931536674e-01
490	10.003254	-2.8402813193752870e+07	8.8181406259536743e-01
491	9.855765	-2.8402812445687648e+07	7.4806522205471992e-01
492	10.069193	-2.8402811984886434e+07	4.6080121397972107e-01
493	10.003196	-2.8402811822208107e+07	1.6267832741141319e-01
494	10.051335	-2.8402814946878079e+07	-3.1246699728071690e+00
495	10.036039	-2.8402814075566936e+07	8.7131114304065704e-01
496	9.993827	-2.8402813193752866e+07	8.8181407004594803e-01
497	9.884348	-2.8402812445687640e+07	7.4806522578001022e-01
498	10.011854	-2.8402811984886434e+07	4.6080120652914047e-01
499	9.971671	-2.8402811822208103e+07	1.6267833113670349e-01
500	10.037220	-2.8402814946878076e+07	-3.1246699728071690e+00
501	10.005800	-2.8402814075566929e+07	8.7131114676594734e-01
502	9.969041	-2.8402813193752866e+07	8.8181406259536743e-01
503	9.795109	-2.8402812445687640e+07	7.4806522578001022e-01
504	10.015539	-2.8402811984886438e+07	4.6080120280385017e-01
505	9.958981	-2.8402811822208107e+07	1.6267833113670349e-01
506	9.984173	-2.8402814946878072e+07	-3.1246699653565884e+00
507	9.950065	-2.8402814075566940e+07	8.7131113186478615e-01
508	9.988782	-2.8402813193752866e+07	8.8181407377123833e-01
509	9.778942	-2.8402812445687640e+07	7.4806522578001022e-01
510	9.978483	-2.8402811984886441e+07	4.6080119907855988e-01
511	9.933275	-2.8402811822208107e+07	1.6267833486199379e-01
512	10.011024	-2.8402814946878079e+07	-3.1246699728071690e+00
513	9.906363	-2.8402814075566933e+07	8.7131114676594734e-01
514	9.974076	-2.8402813193752870e+07	8.8181406259536743e-01
515	9.846516	-2.8402812445687648e+07	7.4806522205471992e-01
516	9.988938	-2.8402811984886441e+07	4.6080120652914047e-01
517	9.931174	-2.8402811822208107e+07	1.6267833486199379e-01
518	9.981666	-2.8402814946878076e+07	-3.1246699690818787e+00
519	9.931356	-2.8402814075566929e+07	8.7131114676594734e-01
520	9.922329	-2.8402813193752870e+07	8.8181405887007713e-01
521	9.834474	-2.8402812445687640e+07	7.4806522950530052e-01
522	9.949285	-2.8402811984886434e+07	4.6080120652914047e-01
523	9.906396	-2.8402811822208110e+07	1.6267832368612289e-01
524	9.965225	-2.8402814946878079e+07	-3.1246699690818787e+00
525	9.909704	-2.8402814075566933e+07	8.7131114676594734e-01
526	9.914093	-2.8402813193752877e+07	8.8181405514478683e-01
527	9.799509	-2.8402812445687640e+07	7.4806523695588112e-01
528	9.907265	-2.8402811984886438e+07	4.6080120280385017e-01
529	9.900494	-2.8402811822208110e+07	1.6267832741141319e-01
530	9.887165	-2.8402814946878079e+07	-3.1246699690818787e+00
531	9.829098	-2.8402814075566940e+07	8.7131113931536674e-01
532	9.863717	-2.8402813193752866e+07	8.8181407377123833e-01
533	9.808829	-2.8402812445687640e+07	7.4806522578001022e-01
534	9.874322	-2.8402811984886438e+07	4.6080120280385017e-01
535	9.836637	-2.8402811822208114e+07	1.6267832368612289e-01
536	9.858225	-2.8402814946878079e+07	-3.1246699653565884e+00
537	9.838026	-2.8402814075566936e+07	8.7131114304065704e-01
538	9.902834	-2.8402813193752866e+07	8.8181407004594803e-01
539	9.794713	-2.8402812445687640e+07	7.4806522578001022e-01
540	9.862156	-2.8402811984886434e+07	4.6080120652914047e-01
541	9.811734	-2.8402811822208107e+07	1.6267832741141319e-01
542	9.873257	-2.8402814946878076e+07	-3.1246699690818787e+00
543	9.864048	-2.8402814075566933e+07	8.7131114304065704e-01
544	9.850552	-2.8402813193752870e+07	8.8181406259536743e-01
545	9.802804	-2.8402812445687648e+07	7.4806522205471992e-01
546	9.868900	-2.8402811984886438e+07	4.6080121025443077e-01
547	9.816444	-2.8402811822208103e+07	1.6267833486199379e-01
548	9.882207	-2.8402814946878076e+07	-3.1246699728071690e+00
549	9.796589	-2.8402814075566933e+07	8.7131114304065704e-01
550	9.903123	-2.8402813193752870e+07	8.8181406259536743e-01
551	9.783327	-2.8402812445687633e+07	7.4806523695588112e-01
552	9.829473	-2.8402811984886438e+07	4.6080119535326958e-01
553	9.898790	-2.8402811822208107e+07	1.6267833113670349e-01
554	9.949933	-2.8402814946878076e+07	-3.1246699690818787e+00
555	9.849665	-2.8402814075566933e+07	8.7131114304065704e-01
556	9.874309	-2.8402813193752863e+07	8.8181407004594803e-01
557	9.782276	-2.8402812445687640e+07	7.4806522205471992e-01
558	9.886867	-2.8402811984886438e+07	4.6080120280385017e-01
559	9.970408	-2.8402811822208107e+07	1.6267833113670349e-01
560	10.006635	-2.8402814946878079e+07	-3.1246699728071690e+00
561	10.026093	-2.8402814075566933e+07	8.7131114676594734e-01
562	9.995119	-2.8402813193752863e+07	8.8181407004594803e-01
563	9.934026	-2.8402812445687644e+07	7.4806521832942963e-01
564	9.882234	-2.8402811984886434e+07	4.6080121025443077e-01
565	9.979779	-2.8402811822208099e+07	1.6267833486199379e-01
566	10.012555	-2.8402814946878076e+07	-3.1246699765324593e+00
567	10.036301	-2.8402814075566929e+07	8.7131114676594734e-01
568	10.066716	-2.8402813193752863e+07	8.8181406632065773e-01
569	9.940080	-2.8402812445687640e+07	7.4806522205471992e-01
570	9.920649	-2.8402811984886434e+07	4.6080120652914047e-01
571	9.961253	-2.8402811822208103e+07	1.6267833113670349e-01
572	10.053634	-2.8402814946878076e+07	-3.1246699728071690e+00
573	10.000074	-2.8402814075566940e+07	8.7131113559007645e-01
574	10.062551	-2.8402813193752870e+07	8.8181407004594803e-01
575	9.938826	-2.8402812445687640e+07	7.4806522950530052e-01
576	9.925423	-2.8402811984886441e+07	4.6080119907855988e-01
577	9.962468	-2.8402811822208110e+07	1.6267833113670349e-01
578	10.054547	-2.8402814946878079e+07	-3.1246699690818787e+00
579	9.992873	-2.8402814075566940e+07	8.7131113931536674e-01
580	10.037710	-2.8402813193752874e+07	8.8181406632065773e-01
581	9.919063	-2.8402812445687648e+07	7.4806522578001022e-01
582	9.903564	-2.8402811984886438e+07	4.6080121025443077e-01
583	9.933977	-2.8402811822208107e+07	1.6267833113670349e-01
584	9.991888	-2.8402814946878076e+07	-3.1246699690818787e+00
585	9.948645	-2.8402814075566933e+07	8.7131114304065704e-01
586	10.065147	-2.8402813193752866e+07	8.8181406632065773e-01
587	9.908621	-2.8402812445687655e+07	7.4806521087884903e-01
588	9.892889	-2.8402811984886434e+07	4.6080122143030167e-01
589	9.928704	-2.8402811822208114e+07	1.6267831996083260e-01
590	10.024753	-2.8402814946878072e+07	-3.1246699579060078e+00
591	9.965121	-2.8402814075566936e+07	8.7131113559007645e-01
592	10.010321	-2.8402813193752877e+07	8.8181405887007713e-01
593	9.863935	-2.8402812445687648e+07	7.4806522950530052e-01
594	9.928025	-2.8402811984886438e+07	4.6080121025443077e-01
595	9.891512	-2.8402811822208103e+07	1.6267833486199379e-01
596	9.985988	-2.8402814946878076e+07	-3.1246699728071690e+00
597	9.903155	-2.8402814075566936e+07	8.7131113931536674e-01
598	9.952584	-2.8402813193752866e+07	8.8181407004594803e-01
599	9.861783	-2.8402812445687640e+07	7.4806522578001022e-01
600	9.881418	-2.8402811984886434e+07	4.6080120652914047e-01
601	9.882622	-2.8402811822208114e+07	1.6267831996083260e-01
602	9.947719	-2.8402814946878079e+07	-3.1246699653565884e+00
603	9.901515	-2.8402814075566936e+07	8.7131114304065704e-01
604	9.903882	-2.8402813193752874e+07	8.8181406259536743e-01
605	9.865102	-2.8402812445687648e+07	7.4806522578001022e-01
606	9.821572	-2.8402811984886441e+07	4.6080120652914047e-01
607	9.863809	-2.8402811822208103e+07	1.6267833858728409e-01
608	9.900737	-2.8402814946878076e+07	-3.1246699728071690e+00
609	9.854646	-2.8402814075566940e+07	8.7131113559007645e-01
610	9.894002	-2.8402813193752863e+07	8.8181407749652863e-01
611	9.849940	-2.8402812445687640e+07	7.4806522205471992e-01
612	9.816012	-2.8402811984886438e+07	4.6080120280385017e-01
613	9.837040	-2.8402811822208107e+07	1.6267833113670349e-01
614	9.841500	-2.8402814946878076e+07	-3.1246699690818787e+00
615	9.814265	-2.8402814075566933e+07	8.7131114304065704e-01
616	9.851856	-2.8402813193752863e+07	8.8181407004594803e-01
617	9.777702	-2.8402812445687640e+07	7.4806522205471992e-01
618	9.856560	-2.8402811984886438e+07	4.6080120280385017e-01
619	9.849917	-2.8402811822208107e+07	1.6267833113670349e-01
620	9.875261	-2.8402814946878076e+07	-3.1246699690818787e+00
621	9.828517	-2.8402814075566929e+07	8.7131114676594734e-01
622	9.857202	-2.8402813193752866e+07	8.8181406259536743e-01
623	9.839658	-2.8402812445687640e+07	7.4806522578001022e-01
624	9.850723	-2.8402811984886438e+07	4.6080120280385017e-01
625	9.776319	-2.8402811822208107e+07	1.6267833113670349e-01
626	9.901448	-2.8402814946878072e+07	-3.1246699653565884e+00
627	9.857618	-2.8402814075566936e+07	8.7131113559007645e-01
628	9.868493	-2.8402813193752866e+07	8.8181407004594803e-01
629	9.783946	-2.8402812445687648e+07	7.4806521832942963e-01
630	9.830504	-2.8402811984886438e+07	4.6080121025443077e-01
631	9.794803	-2.8402811822208110e+07	1.6267832741141319e-01
632	10.011447	-2.8402814946878076e+07	-3.1246699653565884e+00
633	9.979208	-2.8402814075566936e+07	8.7131113931536674e-01
634	9.877376	-2.8402813193752874e+07	8.8181406259536743e-01
635	9.817227	-2.8402812445687640e+07	7.4806523323059082e-01
636	9.883518	-2.8402811984886441e+07	4.6080119907855988e-01
637	9.880239	-2.8402811822208107e+07	1.6267833486199379e-01
638	10.014495	-2.8402814946878076e+07	-3.1246699690818787e+00
639	9.994053	-2.8402814075566940e+07	8.7131113559007645e-01
640	10.081959	-2.8402813193752866e+07	8.8181407377123833e-01
641	9.988788	-2.8402812445687640e+07	7.4806522578001022e-01
642	10.008034	-2.8402811984886434e+07	4.6080120652914047e-01
643	9.814994	-2.8402811822208103e+07	1.6267833113670349e-01
644	10.069050	-2.8402814946878076e+07	-3.1246699728071690e+00
645	10.002575	-2.8402814075566933e+07	8.7131114304065704e-01
646	10.022552	-2.8402813193752866e+07	8.8181406632065773e-01
647	10.008217	-2.8402812445687640e+07	7.4806522578001022e-01
648	10.016208	-2.8402811984886438e+07	4.6080120280385017e-01
649	9.799040	-2.8402811822208110e+07	1.6267832741141319e-01
650	10.043668	-2.8402814946878079e+07	-3.1246699690818787e+00
651	9.953662	-2.8402814075566936e+07	8.7131114304065704e-01
652	10.059503	-2.8402813193752877e+07	8.8181405887007713e-01
653	9.987677	-2.8402812445687640e+07	7.4806523695588112e-01
654	9.947023	-2.8402811984886438e+07	4.6080120280385017e-01
655	9.855137	-2.8402811822208107e+07	1.6267833113670349e-01
656	10.042172	-2.8402814946878076e+07	-3.1246699690818787e+00
657	9.945424	-2.8402814075566933e+07	8.7131114304065704e-01
658	10.000336	-2.8402813193752870e+07	8.8181406259536743e-01
659	10.002909	-2.8402812445687648e+07	7.4806522205471992e-01
660	9.953685	-2.8402811984886438e+07	4.6080121025443077e-01
661	9.836226	-2.8402811822208107e+07	1.6267833113670349e-01
662	10.006768	-2.8402814946878076e+07	-3.1246699690818787e+00
663	9.922054	-2.8402814075566944e+07	8.7131113186478615e-01
664	9.983127	-2.8402813193752870e+07	8.8181407377123833e-01
665	9.922459	-2.8402812445687640e+07	7.4806522950530052e-01
666	10.006969	-2.8402811984886441e+07	4.6080119907855988e-01
667	9.840054	-2.8402811822208107e+07	1.6267833486199379e-01
668	9.953589	-2.8402814946878076e+07	-3.1246699690818787e+00
669	9.916688	-2.8402814075566936e+07	8.7131113931536674e-01
670	9.985607	-2.8402813193752870e+07	8.8181406632065773e-01
671	9.912616	-2.8402812445687644e+07	7.4806522578001022e-01
672	9.857366	-2.8402811984886434e+07	4.6080121025443077e-01
673	9.812943	-2.8402811822208107e+07	1.6267832741141319e-01
674	9.936734	-2.8402814946878076e+07	-3.1246699690818787e+00
675	9.875771	-2.8402814075566933e+07	8.7131114304065704e-01
676	9.968705	-2.8402813193752874e+07	8.8181405887007713e-01
677	9.882980	-2.8402812445687640e+07	7.4806523323059082e-01
678	9.886854	-2.8402811984886441e+07	4.6080119907855988e-01
679	9.819307	-2.8402811822208110e+07	1.6267833113670349e-01
680	9.917403	-2.8402814946878079e+07	-3.1246699690818787e+00
681	9.891244	-2.8402814075566933e+07	8.7131114676594734e-01
682	9.927076	-2.8402813193752870e+07	8.8181406259536743e-01
683	9.823758	-2.8402812445687640e+07	7.4806522950530052e-01
684	9.887934	-2.8402811984886434e+07	4.6080120652914047e-01
685	9.800477	-2.8402811822208110e+07	1.6267832368612289e-01
686	9.906232	-2.8402814946878072e+07	-3.1246699616312981e+00
687	9.810425	-2.8402814075566940e+07	8.7131113186478615e-01
688	9.922854	-2.8402813193752870e+07	8.8181407004594803e-01
689	9.798448	-2.8402812445687640e+07	7.4806522950530052e-01
690	9.835587	-2.8402811984886434e+07	4.6080120652914047e-01
691	9.764766	-2.8402811822208103e+07	1.6267833113670349e-01
692	9.860672	-2.8402814946878076e+07	-3.1246699728071690e+00
693	9.813049	-2.8402814075566936e+07	8.7131113931536674e-01
694	9.885306	-2.8402813193752870e+07	8.8181406632065773e-01
695	9.799813	-2.8402812445687648e+07	7.4806522205471992e-01
696	9.891243	-2.8402811984886438e+07	4.6080121025443077e-01
697	9.753268	-2.8402811822208110e+07	1.6267832741141319e-01
698	9.862750	-2.8402814946878076e+07	-3.1246699653565884e+00
699	9.848610	-2.8402814075566933e+07	8.7131114304065704e-01
700	9.871129	-2.8402813193752870e+07	8.8181406259536743e-01
701	9.803522	-2.8402812445687648e+07	7.4806522205471992e-01
702	9.846644	-2.8402811984886438e+07	4.6080121025443077e-01
703	9.813993	-2.8402811822208110e+07	1.6267832741141319e-01
704	9.852720	-2.8402814946878076e+07	-3.1246699653565884e+00
705	9.970961	-2.8402814075566933e+07	8.7131114304065704e-01
706	10.000880	-2.8402813193752870e+07	8.8181406259536743e-01
707	9.819470	-2.8402812445687640e+07	7.4806522950530052e-01
708	9.855919	-2.8402811984886438e+07	4.6080120280385017e-01
709	9.856331	-2.8402811822208110e+07	1.6267832741141319e-01
710	9.880679	-2.8402814946878076e+07	-3.1246699653565884e+00
711	10.009282	-2.8402814075566929e+07	8.7131114676594734e-01
712	10.006741	-2.8402813193752874e+07	8.8181405514478683e-01
713	10.040282	-2.8402812445687640e+07	7.4806523323059082e-01
714	9.928902	-2.8402811984886434e+07	4.6080120652914047e-01
715	9.942785	-2.8402811822208110e+07	1.6267832368612289e-01
716	9.931204	-2.8402814946878076e+07	-3.1246699653565884e+00
717	9.989311	-2.8402814075566940e+07	8.7131113559007645e-01
718	10.017761	-2.8402813193752866e+07	8.8181407377123833e-01
719	10.022526	-2.8402812445687640e+07	7.4806522578001022e-01
720	10.034263	-2.8402811984886434e+07	4.6080120652914047e-01
721	9.906467	-2.8402811822208107e+07	1.6267832741141319e-01
722	9.876118	-2.8402814946878079e+07	-3.1246699728071690e+00
723	9.969309	-2.8402814075566936e+07	8.7131114304065704e-01
724	10.030038	-2.8402813193752870e+07	8.8181406632065773e-01
725	9.992185	-2.8402812445687640e+07	7.4806522950530052e-01
726	10.041842	-2.8402811984886434e+07	4.6080120652914047e-01
727	9.911434	-2.8402811822208107e+07	1.6267832741141319e-01
728	9.874546	-2.8402814946878076e+07	-3.1246699690818787e+00
729	9.967440	-2.8402814075566936e+07	8.7131113931536674e-01
730	10.021084	-2.8402813193752866e+07	8.8181407004594803e-01
731	9.961227	-2.8402812445687640e+07	7.4806522578001022e-01
732	9.963117	-2.8402811984886434e+07	4.6080120652914047e-01
733	9.907856	-2.8402811822208110e+07	1.6267832368612289e-01
734	9.884074	-2.8402814946878076e+07	-3.1246699653565884e+00
735	9.973974	-2.8402814075566936e+07	8.7131113931536674e-01
736	9.971485	-2.8402813193752863e+07	8.8181407377123833e-01
737	9.922381	-2.8402812445687640e+07	7.4806522205471992e-01
738	10.008477	-2.8402811984886441e+07	4.6080119907855988e-01
739	9.873027	-2.8402811822208110e+07	1.6267833113670349e-01
740	9.847458	-2.8402814946878079e+07	-3.1246699690818787e+00
741	9.952339	-2.8402814075566940e+07	8.7131113931536674e-01
742	9.958998	-2.8402813193752866e+07	8.8181407377123833e-01
743	9.939628	-2.8402812445687648e+07	7.4806521832942963e-01
744	9.940270	-2.8402811984886441e+07	4.6080120652914047e-01
745	9.870368	-2.8402811822208107e+07	1.6267833486199379e-01
746	9.850788	-2.8402814946878072e+07	-3.1246699653565884e+00
747	9.890956	-2.8402814075566940e+07	8.7131113186478615e-01
748	9.925957	-2.8402813193752863e+07	8.8181407749652863e-01
749	9.900839	-2.8402812445687640e+07	7.4806522205471992e-01
750	9.912765	-2.8402811984886441e+07	4.6080119907855988e-01
751	9.813826	-2.8402811822208110e+07	1.6267833113670349e-01
752	9.820999	-2.8402814946878072e+07	-3.1246699616312981e+00
753	9.895017	-2.8402814075566936e+07	8.7131113559007645e-01
754	9.946617	-2.8402813193752870e+07	8.8181406632065773e-01
755	9.872091	-2.8402812445687640e+07	7.4806522950530052e-01
756	9.889742	-2.8402811984886441e+07	4.6080119907855988e-01
757	9.812785	-2.8402811822208110e+07	1.6267833113670349e-01
758	9.813688	-2.8402814946878076e+07	-3.1246699653565884e+00
759	9.925241	-2.8402814075566929e+07	8.7131114676594734e-01
760	9.887386	-2.8402813193752874e+07	8.8181405514478683e-01
761	9.835093	-2.8402812445687633e+07	7.4806524068117142e-01
762	9.894568	-2.8402811984886434e+07	4.6080119907855988e-01
763	9.788454	-2.8402811822208110e+07	1.6267832368612289e-01
764	9.840837	-2.8402814946878079e+07	-3.1246699690818787e+00
765	9.891592	-2.8402814075566936e+07	8.7131114304065704e-01
766	9.860866	-2.8402813193752866e+07	8.8181407004594803e-01
767	9.849905	-2.8402812445687640e+07	7.4806522578001022e-01
768	9.841261	-2.8402811984886441e+07	4.6080119907855988e-01
769	9.799565	-2.8402811822208118e+07	1.6267832368612289e-01
770	9.861874	-2.8402814946878072e+07	-3.1246699541807175e+00
771	9.835776	-2.8402814075566936e+07	8.7131113559007645e-01
772	9.877334	-2.8402813193752863e+07	8.8181407377123833e-01
773	9.777014	-2.8402812445687640e+07	7.4806522205471992e-01
774	9.868588	-2.8402811984886438e+07	4.6080120280385017e-01
775	9.834016	-2.8402811822208110e+07	1.6267832741141319e-01
776	9.881566	-2.8402814946878076e+07	-3.1246699653565884e+00
777	9.801869	-2.8402814075566936e+07	8.7131113931536674e-01
778	9.999037	-2.8402813193752866e+07	8.8181407004594803e-01
779	9.921881	-2.8402812445687640e+07	7.4806522578001022e-01
780	9.840195	-2.8402811984886441e+07	4.6080119907855988e-01
781	9.821021	-2.8402811822208103e+07	1.6267833858728409e-01
782	9.817833	-2.8402814946878076e+07	-3.1246699728071690e+00
783	9.836432	-2.8402814075566929e+07	8.7131114676594734e-01
784	10.047934	-2.8402813193752874e+07	8.8181405514478683e-01
785	9.982577	-2.8402812445687640e+07	7.4806523323059082e-01
786	10.062650	-2.8402811984886438e+07	4.6080120280385017e-01
787	9.973862	-2.8402811822208107e+07	1.6267833113670349e-01
788	9.981709	-2.8402814946878079e+07	-3.1246699728071690e+00
789	9.860653	-2.8402814075566933e+07	8.7131114676594734e-01
790	10.014578	-2.8402813193752870e+07	8.8181406259536743e-01
791	9.963951	-2.8402812445687640e+07	7.4806522950530052e-01
792	10.025076	-2.8402811984886438e+07	4.6080120280385017e-01
793	9.983871	-2.8402811822208110e+07	1.6267832741141319e-01
794	9.945715	-2.8402814946878076e+07	-3.1246699653565884e+00
795	9.844977	-2.8402814075566933e+07	8.7131114304065704e-01
796	9.993630	-2.8402813193752874e+07	8.8181405887007713e-01
797	9.934406	-2.8402812445687640e+07	7.4806523323059082e-01
798	10.007378	-2.8402811984886441e+07	4.6080119907855988e-01
799	9.907479	-2.8402811822208110e+07	1.6267833113670349e-01
800	9.950924	-2.8402814946878079e+07	-3.1246699690818787e+00
801	9.799069	-2.8402814075566936e+07	8.7131114304065704e-01
802	10.018779	-2.8402813193752866e+07	8.8181407004594803e-01
803	9.920915	-2.8402812445687637e+07	7.4806522950530052e-01
804	9.992172	-2.8402811984886438e+07	4.6080119907855988e-01
805	9.913499	-2.8402811822208107e+07	1.6267833113670349e-01
806	9.889353	-2.8402814946878076e+07	-3.1246699690818787e+00
807	9.778698	-2.8402814075566936e+07	8.7131113931536674e-01
808	9.967432	-2.8402813193752870e+07	8.8181406632065773e-01
809	9.922372	-2.8402812445687640e+07	7.4806522950530052e-01
810	9.970918	-2.8402811984886438e+07	4.6080120280385017e-01
811	9.894251	-2.8402811822208110e+07	1.6267832741141319e-01
812	9.880617	-2.8402814946878076e+07	-3.1246699653565884e+00
813	9.810885	-2.8402814075566933e+07	8.7131114304065704e-01
814	9.921969	-2.8402813193752874e+07	8.8181405887007713e-01
815	9.840644	-2.8402812445687640e+07	7.4806523323059082e-01
816	9.913354	-2.8402811984886441e+07	4.6080119907855988e-01
817	9.829166	-2.8402811822208107e+07	1.6267833486199379e-01
818	9.905599	-2.8402814946878076e+07	-3.1246699690818787e+00
819	9.778142	-2.8402814075566933e+07	8.7131114304065704e-01
820	9.910093	-2.8402813193752874e+07	8.8181405887007713e-01
821	9.834552	-2.8402812445687640e+07	7.4806523323059082e-01
822	9.881587	-2.8402811984886441e+07	4.6080119907855988e-01
823	9.820766	-2.8402811822208107e+07	1.6267833486199379e-01
824	9.848784	-2.8402814946878076e+07	-3.1246699690818787e+00
825	9.805592	-2.8402814075566936e+07	8.7131113931536674e-01
826	9.828859	-2.8402813193752870e+07	8.8181406632065773e-01
827	9.805753	-2.8402812445687648e+07	7.4806522205471992e-01
828	9.848023	-2.8402811984886441e+07	4.6080120652914047e-01
829	9.789643	-2.8402811822208110e+07	1.6267833113670349e-01
830	9.869792	-2.8402814946878076e+07	-3.1246699653565884e+00
831	9.791914	-2.8402814075566933e+07	8.7131114304065704e-01
832	9.818356	-2.8402813193752874e+07	8.8181405887007713e-01
833	9.793702	-2.8402812445687640e+07	7.4806523323059082e-01
834	9.866341	-2.8402811984886434e+07	4.6080120652914047e-01
835	9.823872	-2.8402811822208114e+07	1.6267831996083260e-01
836	9.826533	-2.8402814946878076e+07	-3.1246699616312981e+00
837	9.787360	-2.8402814075566940e+07	8.7131113559007645e-01
838	9.826263	-2.8402813193752866e+07	8.8181407377123833e-01
839	9.840585	-2.8402812445687640e+07	7.4806522578001022e-01
840	9.906973	-2.8402811984886438e+07	4.6080120280385017e-01
841	9.799153	-2.8402811822208114e+07	1.6267832368612289e-01
842	9.836199	-2.8402814946878076e+07	-3.1246699616312981e+00
843	9.796682	-2.8402814075566936e+07	8.7131113931536674e-01
844	9.829031	-2.8402813193752870e+07	8.8181406632065773e-01
845	9.942275	-2.8402812445687648e+07	7.4806522205471992e-01
846	9.992599	-2.8402811984886441e+07	4.6080120652914047e-01
847	9.847609	-2.8402811822208107e+07	1.6267833486199379e-01
848	9.845507	-2.8402814946878079e+07	-3.1246699728071690e+00
849	9.814679	-2.8402814075566929e+07	8.7131115049123764e-01
850	9.854836	-2.8402813193752870e+07	8.8181405887007713e-01
851	9.956377	-2.8402812445687640e+07	7.4806522950530052e-01
852	9.967439	-2.8402811984886434e+07	4.6080120652914047e-01
853	9.961460	-2.8402811822208107e+07	1.6267832741141319e-01
854	10.007374	-2.8402814946878076e+07	-3.1246699690818787e+00
855	9.955021	-2.8402814075566933e+07	8.7131114304065704e-01
856	9.905476	-2.8402813193752866e+07	8.8181406632065773e-01
857	9.999837	-2.8402812445687640e+07	7.4806522578001022e-01
858	10.014770	-2.8402811984886438e+07	4.6080120280385017e-01
859	9.935874	-2.8402811822208107e+07	1.6267833113670349e-01
860	9.985428	-2.8402814946878079e+07	-3.1246699728071690e+00
861	9.967034	-2.8402814075566940e+07	8.7131113931536674e-01
862	9.880750	-2.8402813193752866e+07	8.8181407377123833e-01
863	9.907380	-2.8402812445687640e+07	7.4806522578001022e-01
864	9.987676	-2.8402811984886438e+07	4.6080120280385017e-01
865	9.951239	-2.8402811822208103e+07	1.6267833486199379e-01
866	9.973774	-2.8402814946878076e+07	-3.1246699728071690e+00
867	9.856286	-2.8402814075566929e+07	8.7131114676594734e-01
868	9.853371	-2.8402813193752866e+07	8.8181406259536743e-01
869	9.899771	-2.8402812445687648e+07	7.4806521832942963e-01
870	9.972526	-2.8402811984886438e+07	4.6080121025443077e-01
871	9.913610	-2.8402811822208103e+07	1.6267833486199379e-01
872	9.929152	-2.8402814946878072e+07	-3.1246699690818787e+00
873	9.898100	-2.8402814075566940e+07	8.7131113186478615e-01
874	9.868724	-2.8402813193752870e+07	8.8181407004594803e-01
875	9.887235	-2.8402812445687640e+07	7.4806522950530052e-01
876	9.904691	-2.8402811984886438e+07	4.6080120280385017e-01
877	9.902339	-2.8402811822208110e+07	1.6267832741141319e-01
878	9.955275	-2.8402814946878076e+07	-3.1246699653565884e+00
879	9.843086	-2.8402814075566933e+07	8.7131114304065704e-01
880	9.822322	-2.8402813193752866e+07	8.8181406632065773e-01
881	9.860930	-2.8402812445687648e+07	7.4806521832942963e-01
882	9.948986	-2.8402811984886434e+07	4.6080121397972107e-01
883	9.816958	-2.8402811822208110e+07	1.6267832368612289e-01
884	9.872695	-2.8402814946878076e+07	-3.1246699653565884e+00
885	9.837986	-2.8402814075566933e+07	8.7131114304065704e-01
886	9.798013	-2.8402813193752866e+07	8.8181406632065773e-01
887	9.780027	-2.8402812445687640e+07	7.4806522578001022e-01
888	9.846034	-2.8402811984886441e+07	4.6080119907855988e-01
889	9.802297	-2.8402811822208099e+07	1.6267834231257439e-01
890	9.830730	-2.8402814946878079e+07	-3.1246699802577496e+00
891	9.799131	-2.8402814075566940e+07	8.7131113931536674e-01
892	9.794418	-2.8402813193752870e+07	8.8181407004594803e-01
893	9.819012	-2.8402812445687640e+07	7.4806522950530052e-01
894	9.849374	-2.8402811984886438e+07	4.6080120280385017e-01
895	9.796803	-2.8402811822208110e+07	1.6267832741141319e-01
896	9.837008	-2.8402814946878076e+07	-3.1246699653565884e+00
897	9.810503	-2.8402814075566933e+07	8.7131114304065704e-01
898	9.831125	-2.8402813193752866e+07	8.8181406632065773e-01
899	9.797963	-2.8402812445687640e+07	7.4806522578001022e-01
900	9.796355	-2.8402811984886438e+07	4.6080120280385017e-01
901	9.876212	-2.8402811822208110e+07	1.6267832741141319e-01
902	9.853633	-2.8402814946878076e+07	-3.1246699653565884e+00
903	9.821013	-2.8402814075566936e+07	8.7131113931536674e-01
904	9.840728	-2.8402813193752870e+07	8.8181406632065773e-01
905	9.796267	-2.8402812445687644e+07	7.4806522578001022e-01
906	10.009762	-2.8402811984886438e+07	4.6080120652914047e-01
907	9.891759	-2.8402811822208103e+07	1.6267833486199379e-01
908	9.874991	-2.8402814946878076e+07	-3.1246699728071690e+00
909	9.813629	-2.8402814075566936e+07	8.7131113931536674e-01
910	9.859359	-2.8402813193752866e+07	8.8181407004594803e-01
911	9.814250	-2.8402812445687640e+07	7.4806522578001022e-01
912	9.988751	-2.8402811984886441e+07	4.6080119907855988e-01
913	9.997994	-2.8402811822208110e+07	1.6267833113670349e-01
914	10.043026	-2.8402814946878076e+07	-3.1246699653565884e+00
915	9.961996	-2.8402814075566936e+07	8.7131113931536674e-01
916	9.982529	-2.8402813193752866e+07	8.8181407004594803e-01
917	9.770321	-2.8402812445687640e+07	7.4806522578001022e-01
918	10.002896	-2.8402811984886438e+07	4.6080120280385017e-01
919	9.944643	-2.8402811822208107e+07	1.6267833113670349e-01
920	10.012399	-2.8402814946878076e+07	-3.1246699690818787e+00
921	9.947300	-2.8402814075566933e+07	8.7131114304065704e-01
922	9.970333	-2.8402813193752870e+07	8.8181406259536743e-01
923	9.765888	-2.8402812445687637e+07	7.4806523323059082e-01
924	10.018760	-2.8402811984886441e+07	4.6080119535326958e-01
925	9.884890	-2.8402811822208107e+07	1.6267833486199379e-01
926	9.974618	-2.8402814946878072e+07	-3.1246699653565884e+00
927	9.951743	-2.8402814075566936e+07	8.7131113559007645e-01
928	9.941937	-2.8402813193752866e+07	8.8181407004594803e-01
929	9.764015	-2.8402812445687640e+07	7.4806522578001022e-01
930	9.975247	-2.8402811984886441e+07	4.6080119907855988e-01
931	9.872830	-2.8402811822208107e+07	1.6267833486199379e-01
932	9.955161	-2.8402814946878072e+07	-3.1246699653565884e+00
933	9.923109	-2.8402814075566933e+07	8.7131113931536674e-01
934	9.905728	-2.8402813193752870e+07	8.8181406259536743e-01
935	9.790318	-2.8402812445687640e+07	7.4806522950530052e-01
936	9.944161	-2.8402811984886441e+07	4.6080119907855988e-01
937	9.876511	-2.8402811822208103e+07	1.6267833858728409e-01
938	9.976289	-2.8402814946878079e+07	-3.1246699765324593e+00
939	9.891477	-2.8402814075566933e+07	8.7131114676594734e-01
940	9.918736	-2.8402813193752866e+07	8.8181406632065773e-01
941	9.792545	-2.8402812445687652e+07	7.4806521460413933e-01
942	9.892906	-2.8402811984886434e+07	4.6080121770501137e-01
943	9.820302	-2.8402811822208110e+07	1.6267832368612289e-01
944	9.827427	-2.8402814946878072e+07	-3.1246699616312981e+00
945	9.843874	-2.8402814075566936e+07	8.7131113559007645e-01
946	9.854251	-2.8402813193752874e+07	8.8181406259536743e-01
947	9.736412	-2.8402812445687640e+07	7.4806523323059082e-01
948	9.859020	-2.8402811984886441e+07	4.6080119907855988e-01
949	9.822082	-2.8402811822208107e+07	1.6267833486199379e-01
950	9.818731	-2.8402814946878076e+07	-3.1246699690818787e+00
951	9.820366	-2.8402814075566936e+07	8.7131113931536674e-01
952	9.835370	-2.8402813193752870e+07	8.8181406632065773e-01
953	9.778750	-2.8402812445687640e+07	7.4806522950530052e-01
954	9.877688	-2.8402811984886438e+07	4.6080120280385017e-01
955	9.775939	-2.8402811822208110e+07	1.6267832741141319e-01
956	9.864914	-2.8402814946878076e+07	-3.1246699653565884e+00
957	9.834647	-2.8402814075566933e+07	8.7131114304065704e-01
958	9.820628	-2.8402813193752863e+07	8.8181407004594803e-01
959	9.796843	-2.8402812445687640e+07	7.4806522205471992e-01
960	9.820511	-2.8402811984886438e+07	4.6080120280385017e-01
961	9.775232	-2.8402811822208107e+07	1.6267833113670349e-01
962	9.886862	-2.8402814946878079e+07	-3.1246699728071690e+00
963	9.819128	-2.8402814075566936e+07	8.7131114304065704e-01
964	9.840378	-2.8402813193752870e+07	8.8181406632065773e-01
965	9.758615	-2.8402812445687640e+07	7.4806522950530052e-01
966	9.826511	-2.8402811984886438e+07	4.6080120280385017e-01
967	9.946266	-2.8402811822208110e+07	1.6267832741141319e-01
968	9.934450	-2.8402814946878076e+07	-3.1246699653565884e+00
969	9.807509	-2.8402814075566933e+07	8.7131114304065704e-01
970	9.889600	-2.8402813193752870e+07	8.8181406259536743e-01
971	9.780281	-2.8402812445687648e+07	7.4806522205471992e-01
972	9.901546	-2.8402811984886438e+07	4.6080121025443077e-01
973	9.955900	-2.8402811822208103e+07	1.6267833486199379e-01
974	10.018896	-2.8402814946878076e+07	-3.1246699728071690e+00
975	10.018251	-2.8402814075566936e+07	8.7131113931536674e-01
976	10.000811	-2.8402813193752863e+07	8.8181407377123833e-01
977	9.918428	-2.8402812445687644e+07	7.4806521832942963e-01
978	9.876125	-2.8402811984886438e+07	4.6080120652914047e-01
979	9.928989	-2.8402811822208114e+07	1.6267832368612289e-01
980	10.005086	-2.8402814946878079e+07	-3.1246699653565884e+00
981	9.960652	-2.8402814075566940e+07	8.7131113931536674e-01
982	9.988863	-2.8402813193752866e+07	8.8181407377123833e-01
983	9.913737	-2.8402812445687640e+07	7.4806522578001022e-01
984	9.838155	-2.8402811984886441e+07	4.6080119907855988e-01
985	9.941621	-2.8402811822208110e+07	1.6267833113670349e-01
986	9.991184	-2.8402814946878076e+07	-3.1246699653565884e+00
987	9.963623	-2.8402814075566940e+07	8.7131113559007645e-01
988	9.994560	-2.8402813193752866e+07	8.8181407377123833e-01
989	9.859440	-2.8402812445687640e+07	7.4806522578001022e-01
990	9.856075	-2.8402811984886434e+07	4.6080120652914047e-01
991	9.911989	-2.8402811822208107e+07	1.6267832741141319e-01
992	9.949898	-2.8402814946878076e+07	-3.1246699690818787e+00
993	9.917497	-2.8402814075566936e+07	8.7131113931536674e-01
994	9.955652	-2.8402813193752870e+07	8.8181406632065773e-01
995	9.865223	-2.8402812445687648e+07	7.4806522205471992e-01
996	9.843812	-2.8402811984886434e+07	4.6080121397972107e-01
997	9.848606	-2.8402811822208110e+07	1.6267832368612289e-01
998	9.888502	-2.8402814946878076e+07	-3.1246699653565884e+00
999	9.851250	-2.8402814075566936e+07	8.7131113931536674e-01
1000	9.872611	-2.8402813193752870e+07	8.8181406632065773e-01

Writing Q matrix to /global/home/users/deboraycb/scratch/atahualpa/analysis/ohana/maf05_3/structure/merge2_20M_allchr_snps_maf05_k3_mi1000_3_q.matrix
Writing F matrix to /global/home/users/deboraycb/scratch/atahualpa/analysis/ohana/maf05_3/structure/merge2_20M_allchr_snps_maf05_k3_mi1000_3_f.matrix
