seed: 1199392146

iter	duration	log_likelihood	delta-lle
0	2.858599	-4.4306268929763734e+07
1	14.908954	-3.9395574940858424e+07	4.9106939889053106e+06
2	15.159284	-3.5057247849435449e+07	4.3383270914229751e+06
3	14.802532	-3.3976339007725075e+07	1.0809088417103738e+06
4	14.838919	-3.3366229364888936e+07	6.1010964283613861e+05
5	14.670923	-3.2836494153954711e+07	5.2973521093422547e+05
6	14.614581	-3.2329009179664176e+07	5.0748497429053485e+05
7	14.593852	-3.1830415393320750e+07	4.9859378634342551e+05
8	14.635034	-3.1335821116402276e+07	4.9459427691847458e+05
9	14.620241	-3.0837710866603505e+07	4.9811024979877099e+05
10	14.597980	-3.0334878089725345e+07	5.0283277687815949e+05
11	14.472816	-2.9837844744893134e+07	4.9703334483221173e+05
12	14.551137	-2.9370721714458048e+07	4.6712303043508530e+05
13	14.615270	-2.8961274332785953e+07	4.0944738167209551e+05
14	14.421460	-2.8640351611075986e+07	3.2092272170996666e+05
15	14.428270	-2.8430517503309492e+07	2.0983410776649415e+05
16	14.523522	-2.8327733962152559e+07	1.0278354115693271e+05
17	14.468302	-2.8293857064115047e+07	3.3876898037511855e+04
18	14.422130	-2.8284361386359822e+07	9.4956777552254498e+03
19	14.262745	-2.8280099361204904e+07	4.2620251549184322e+03
20	14.426477	-2.8276972850027230e+07	3.1265111776739359e+03
21	14.436588	-2.8274136136158705e+07	2.8367138685248792e+03
22	14.340700	-2.8271427009196263e+07	2.7091269624419510e+03
23	14.199400	-2.8268826543527290e+07	2.6004656689725816e+03
24	14.263777	-2.8266449731195673e+07	2.3768123316168785e+03
25	14.277866	-2.8264470725597184e+07	1.9790055984891951e+03
26	14.147365	-2.8262764567666724e+07	1.7061579304598272e+03
27	14.187793	-2.8261142727722798e+07	1.6218399439267814e+03
28	14.028857	-2.8259535489927810e+07	1.6072377949878573e+03
29	14.170209	-2.8257868368464999e+07	1.6671214628107846e+03
30	14.090580	-2.8256110198432725e+07	1.7581700322739780e+03
31	14.071268	-2.8254207207089067e+07	1.9029913436584175e+03
32	14.000626	-2.8252214492647797e+07	1.9927144412696362e+03
33	14.133480	-2.8250347805324886e+07	1.8666873229108751e+03
34	14.111284	-2.8248395320459291e+07	1.9524848655946553e+03
35	13.920581	-2.8246040812339745e+07	2.3545081195458770e+03
36	13.956852	-2.8243147680436969e+07	2.8931319027766585e+03
37	14.121340	-2.8239926181975581e+07	3.2214984613880515e+03
38	14.092293	-2.8237093092133328e+07	2.8330898422524333e+03
39	14.057323	-2.8234893617704429e+07	2.1994744288995862e+03
40	13.891422	-2.8232935414706443e+07	1.9582029979862273e+03
41	13.940440	-2.8231129457302265e+07	1.8059574041776359e+03
42	14.066679	-2.8229475410878930e+07	1.6540464233346283e+03
43	13.880824	-2.8228251485029969e+07	1.2239258489608765e+03
44	13.887842	-2.8227404159103472e+07	8.4732592649757862e+02
45	13.888097	-2.8226768703297403e+07	6.3545580606907606e+02
46	13.971552	-2.8226257539372496e+07	5.1116392490640283e+02
47	13.988023	-2.8225817153495878e+07	4.4038587661832571e+02
48	13.829576	-2.8225405988176282e+07	4.1116531959548593e+02
49	13.906493	-2.8225008155582421e+07	3.9783259386196733e+02
50	13.987632	-2.8224621074720316e+07	3.8708086210489273e+02
51	13.979265	-2.8224235254202284e+07	3.8582051803171635e+02
52	13.923208	-2.8223846664479569e+07	3.8858972271531820e+02
53	13.814241	-2.8223454467904557e+07	3.9219657501205802e+02
54	13.825939	-2.8223058114973806e+07	3.9635293075069785e+02
55	13.892953	-2.8222652910924803e+07	4.0520404900237918e+02
56	13.803869	-2.8222236516533867e+07	4.1639439093694091e+02
57	13.873053	-2.8221833848905206e+07	4.0266762866079807e+02
58	13.788741	-2.8221451129119437e+07	3.8271978576853871e+02
59	13.876986	-2.8221078029661421e+07	3.7309945801645517e+02
60	13.900026	-2.8220733007948548e+07	3.4502171287313104e+02
61	13.747928	-2.8220455113051675e+07	2.7789489687234163e+02
62	13.719144	-2.8220246360449903e+07	2.0875260177254677e+02
63	13.840053	-2.8220092373639654e+07	1.5398681024834514e+02
64	13.897835	-2.8219997231856737e+07	9.5141782917082310e+01
65	13.815673	-2.8219934851755287e+07	6.2380101449787617e+01
66	13.827065	-2.8219891467770740e+07	4.3383984547108412e+01
67	13.719256	-2.8219856832595944e+07	3.4635174795985222e+01
68	13.782356	-2.8219827707433816e+07	2.9125162128359079e+01
69	13.788729	-2.8219800944535155e+07	2.6762898661196232e+01
70	13.699988	-2.8219775574635293e+07	2.5369899861514568e+01
71	13.664616	-2.8219750694918405e+07	2.4879716888070107e+01
72	13.873779	-2.8219725661713749e+07	2.5033204656094313e+01
73	13.776654	-2.8219700819106251e+07	2.4842607498168945e+01
74	13.873000	-2.8219676024966244e+07	2.4794140007346869e+01
75	13.684843	-2.8219651509078693e+07	2.4515887551009655e+01
76	13.786673	-2.8219627576163664e+07	2.3932915028184652e+01
77	13.847511	-2.8219604580232020e+07	2.2995931643992662e+01
78	13.682882	-2.8219582761756938e+07	2.1818475082516670e+01
79	13.717714	-2.8219561090874717e+07	2.1670882221311331e+01
80	13.653825	-2.8219537236627091e+07	2.3854247625917196e+01
81	13.745521	-2.8219509479047239e+07	2.7757579851895571e+01
82	13.858638	-2.8219476697252739e+07	3.2781794499605894e+01
83	13.673983	-2.8219436969726004e+07	3.9727526735514402e+01
84	13.678807	-2.8219390620965701e+07	4.6348760303109884e+01
85	13.825695	-2.8219336203141827e+07	5.4417823873460293e+01
86	13.788439	-2.8219275016122509e+07	6.1187019318342209e+01
87	13.854260	-2.8219207852761663e+07	6.7163360845297575e+01
88	13.645182	-2.8219136395752314e+07	7.1457009349018335e+01
89	13.693201	-2.8219062740928464e+07	7.3654823850840330e+01
90	13.803977	-2.8218988878517959e+07	7.3862410504370928e+01
91	13.705258	-2.8218916358367577e+07	7.2520150382071733e+01
92	13.763850	-2.8218846250998791e+07	7.0107368785887957e+01
93	13.614182	-2.8218778879239194e+07	6.7371759597212076e+01
94	13.825005	-2.8218713599058371e+07	6.5280180823057890e+01
95	13.817123	-2.8218650468602933e+07	6.3130455438047647e+01
96	13.826674	-2.8218589737725090e+07	6.0730877842754126e+01
97	13.693096	-2.8218531353087764e+07	5.8384637326002121e+01
98	13.748122	-2.8218474999814223e+07	5.6353273540735245e+01
99	13.844264	-2.8218420623053860e+07	5.4376760363578796e+01
100	13.728555	-2.8218368229706351e+07	5.2393347509205341e+01
101	13.750395	-2.8218317746682301e+07	5.0483024049550295e+01
102	13.660861	-2.8218268822792962e+07	4.8923889338970184e+01
103	13.777462	-2.8218221372520536e+07	4.7450272426009178e+01
104	13.841719	-2.8218175417740546e+07	4.5954779990017414e+01
105	13.717118	-2.8218130947130151e+07	4.4470610395073891e+01
106	13.654388	-2.8218087933520321e+07	4.3013609830290079e+01
107	13.853549	-2.8218046334521674e+07	4.1598998647183180e+01
108	13.755268	-2.8218006129615299e+07	4.0204906374216080e+01
109	13.784519	-2.8217967274961960e+07	3.8854653339833021e+01
110	13.620698	-2.8217929646917462e+07	3.7628044497221708e+01
111	13.712573	-2.8217893176673636e+07	3.6470243826508522e+01
112	13.780041	-2.8217857791248579e+07	3.5385425057262182e+01
113	13.740496	-2.8217823439790905e+07	3.4351457674056292e+01
114	13.701888	-2.8217790029488921e+07	3.3410301983356476e+01
115	13.648128	-2.8217757511833597e+07	3.2517655324190855e+01
116	13.772886	-2.8217725936955251e+07	3.1574878346174955e+01
117	13.783145	-2.8217695254129738e+07	3.0682825513184071e+01
118	13.630500	-2.8217665419718657e+07	2.9834411080926657e+01
119	13.664661	-2.8217636393960014e+07	2.9025758642703295e+01
120	13.764054	-2.8217608142441444e+07	2.8251518569886684e+01
121	13.864023	-2.8217580638980988e+07	2.7503460455685854e+01
122	13.713065	-2.8217554100339025e+07	2.6538641963154078e+01
123	13.739108	-2.8217527751032997e+07	2.6349306028336287e+01
124	13.672895	-2.8217502319706880e+07	2.5431326117366552e+01
125	13.721115	-2.8217477539791327e+07	2.4779915552586317e+01
126	13.830771	-2.8217453386634171e+07	2.4153157155960798e+01
127	13.676799	-2.8217429856311593e+07	2.3530322577804327e+01
128	13.671804	-2.8217406943145778e+07	2.2913165815174580e+01
129	13.814565	-2.8217384651527278e+07	2.2291618499904871e+01
130	13.729135	-2.8217362950890899e+07	2.1700636379420757e+01
131	13.801349	-2.8217342102561072e+07	2.0848329827189445e+01
132	13.628226	-2.8217321439214807e+07	2.0663346264511347e+01
133	13.708978	-2.8217301650448941e+07	1.9788765866309404e+01
134	13.787193	-2.8217282473641656e+07	1.9176807284355164e+01
135	13.673469	-2.8217263897491645e+07	1.8576150011271238e+01
136	13.700995	-2.8217245922956318e+07	1.7974535327404737e+01
137	13.665744	-2.8217228533219371e+07	1.7389736946672201e+01
138	13.813332	-2.8217211706954654e+07	1.6826264716684818e+01
139	13.794659	-2.8217195444224771e+07	1.6262729883193970e+01
140	13.641083	-2.8217179999179784e+07	1.5445044986903667e+01
141	13.635442	-2.8217164661040645e+07	1.5338139139115810e+01
142	13.759888	-2.8217150141518708e+07	1.4519521936774254e+01
143	13.836170	-2.8217136167163730e+07	1.3974354978650808e+01
144	13.714718	-2.8217122766190249e+07	1.3400973480194807e+01
145	13.786617	-2.8217109907336429e+07	1.2858853820711374e+01
146	13.635077	-2.8217097555166129e+07	1.2352170299738646e+01
147	13.809693	-2.8217085679837897e+07	1.1875328231602907e+01
148	13.718143	-2.8217074268905733e+07	1.1410932164639235e+01
149	13.659200	-2.8217063573960204e+07	1.0694945529103279e+01
150	13.609238	-2.8217053432327889e+07	1.0141632314771414e+01
151	13.826631	-2.8217043757918175e+07	9.6744097135961056e+00
152	13.739192	-2.8217034506278668e+07	9.2516395077109337e+00
153	13.823189	-2.8217025638468944e+07	8.8678097240626812e+00
154	13.615403	-2.8217017124914508e+07	8.5135544352233410e+00
155	13.769316	-2.8217008939391360e+07	8.1855231486260891e+00
156	13.823312	-2.8217001059027530e+07	7.8803638294339180e+00
157	13.687464	-2.8216993471782848e+07	7.5872446820139885e+00
158	13.715698	-2.8216986164912548e+07	7.3068703003227711e+00
159	13.664704	-2.8216979126180299e+07	7.0387322492897511e+00
160	13.722658	-2.8216972586244404e+07	6.5399358943104744e+00
161	13.743015	-2.8216965805777866e+07	6.7804665379226208e+00
162	13.682478	-2.8216959513733447e+07	6.2920444197952747e+00
163	13.620362	-2.8216953455404207e+07	6.0583292394876480e+00
164	13.775087	-2.8216947624118730e+07	5.8312854766845703e+00
165	13.799445	-2.8216942012355614e+07	5.6117631159722805e+00
166	13.730337	-2.8216936606759463e+07	5.4055961519479752e+00
167	13.766709	-2.8216931391976409e+07	5.2147830538451672e+00
168	13.628423	-2.8216926373475149e+07	5.0185012593865395e+00
169	13.758740	-2.8216921532600481e+07	4.8408746682107449e+00
170	13.706390	-2.8216916858877044e+07	4.6737234368920326e+00
171	13.653737	-2.8216912344783269e+07	4.5140937753021717e+00
172	13.624705	-2.8216907982251011e+07	4.3625322580337524e+00
173	13.849232	-2.8216903764338985e+07	4.2179120257496834e+00
174	13.749663	-2.8216899686486091e+07	4.0778528936207294e+00
175	13.772686	-2.8216895743093878e+07	3.9433922134339809e+00
176	13.616976	-2.8216891928689502e+07	3.8144043758511543e+00
177	13.752371	-2.8216888480703540e+07	3.4479859620332718e+00
178	13.844451	-2.8216886149710536e+07	2.3309930041432381e+00
179	13.660591	-2.8216882677594509e+07	3.4721160270273685e+00
180	13.693779	-2.8216878765157215e+07	3.9124372936785221e+00
181	13.646877	-2.8216875063817084e+07	3.7013401314616203e+00
182	13.727756	-2.8216871622557219e+07	3.4412598647177219e+00
183	13.761536	-2.8216868452631500e+07	3.1699257194995880e+00
184	13.651500	-2.8216865480472814e+07	2.9721586853265762e+00
185	13.648943	-2.8216862619387541e+07	2.8610852733254433e+00
186	13.784161	-2.8216859845088337e+07	2.7742992043495178e+00
187	13.810169	-2.8216857153857119e+07	2.6912312172353268e+00
188	13.764925	-2.8216854555465955e+07	2.5983911640942097e+00
189	13.755549	-2.8216852044243768e+07	2.5112221874296665e+00
190	13.640026	-2.8216849615630109e+07	2.4286136589944363e+00
191	13.748635	-2.8216847266263619e+07	2.3493664897978306e+00
192	13.719414	-2.8216844992952708e+07	2.2733109109103680e+00
193	13.688918	-2.8216843034640394e+07	1.9583123140037060e+00
194	13.677565	-2.8216840662949711e+07	2.3716906830668449e+00
195	13.840602	-2.8216838601919282e+07	2.0610304288566113e+00
196	13.771422	-2.8216836607216362e+07	1.9947029203176498e+00
197	13.813142	-2.8216834676517498e+07	1.9306988641619682e+00
198	13.648752	-2.8216832807795499e+07	1.8687219992280006e+00
199	13.737726	-2.8216831241054934e+07	1.5667405650019646e+00
200	13.806583	-2.8216829248438243e+07	1.9926166906952858e+00
201	13.694593	-2.8216827554438137e+07	1.6940001063048840e+00
202	13.740867	-2.8216826164773520e+07	1.3896646164357662e+00
203	13.637734	-2.8216824352870505e+07	1.8119030147790909e+00
204	13.695439	-2.8216822839499213e+07	1.5133712925016880e+00
205	13.739998	-2.8216821380501907e+07	1.4589973054826260e+00
206	13.646035	-2.8216819974240914e+07	1.4062609933316708e+00
207	13.601261	-2.8216818618856926e+07	1.3553839884698391e+00
208	13.772375	-2.8216817554804683e+07	1.0640522427856922e+00
209	13.773993	-2.8216816055129565e+07	1.4996751174330711e+00
210	13.729736	-2.8216814844009001e+07	1.2111205644905567e+00
211	13.755800	-2.8216813677358229e+07	1.1666507720947266e+00
212	13.675109	-2.8216812552439541e+07	1.1249186880886555e+00
213	13.737954	-2.8216811467310335e+07	1.0851292051374912e+00
214	13.671263	-2.8216810420416981e+07	1.0468933545053005e+00
215	13.671995	-2.8216809410683159e+07	1.0097338221967220e+00
216	13.669612	-2.8216808679250468e+07	7.3143269121646881e-01
217	13.821298	-2.8216807498529665e+07	1.1807208023965359e+00
218	13.727420	-2.8216806875941407e+07	6.2258825823664665e-01
219	13.836972	-2.8216805722543336e+07	1.1533980704843998e+00
220	13.576034	-2.8216804876855869e+07	8.4568746760487556e-01
221	13.787073	-2.8216804063044798e+07	8.1381107121706009e-01
222	13.769490	-2.8216803277702086e+07	7.8534271195530891e-01
223	13.687362	-2.8216802762111939e+07	5.1559014618396759e-01
224	13.704719	-2.8216801788691740e+07	9.7342019900679588e-01
225	13.612734	-2.8216801083197191e+07	7.0549454912543297e-01
226	13.731675	-2.8216800402446408e+07	6.8075078353285789e-01
227	13.787040	-2.8216799745534509e+07	6.5691189840435982e-01
228	13.607832	-2.8216799111643936e+07	6.3389057293534279e-01
229	13.625030	-2.8216798500185926e+07	6.1145801097154617e-01
230	13.780196	-2.8216797910289288e+07	5.8989663794636726e-01
231	13.792829	-2.8216797341047633e+07	5.6924165412783623e-01
232	13.725689	-2.8216796791931141e+07	5.4911649227142334e-01
233	13.582424	-2.8216796505076077e+07	2.8685506433248520e-01
234	13.650135	-2.8216795752042525e+07	7.5303355231881142e-01
235	13.762055	-2.8216795546399154e+07	2.0564337074756622e-01
236	13.677618	-2.8216794810679782e+07	7.3571937158703804e-01
237	13.694519	-2.8216794377016962e+07	4.3366282060742378e-01
238	13.615273	-2.8216793966587689e+07	4.1042927280068398e-01
239	13.796206	-2.8216793592990216e+07	3.7359747290611267e-01
240	13.743020	-2.8216793260121427e+07	3.3286878839135170e-01
241	13.830444	-2.8216792959294420e+07	3.0082700774073601e-01
242	13.632746	-2.8216792687170908e+07	2.7212351188063622e-01
243	13.725297	-2.8216792440866012e+07	2.4630489572882652e-01
244	13.830522	-2.8216792217892032e+07	2.2297398000955582e-01
245	13.705567	-2.8216792258947473e+07	-4.1055440902709961e-02
246	13.821423	-2.8216791833068967e+07	4.2587850615382195e-01
247	13.719824	-2.8216791667341378e+07	1.6572758927941322e-01
248	13.749145	-2.8216791516320776e+07	1.5102060139179230e-01
249	13.808696	-2.8216791376339581e+07	1.3998119533061981e-01
250	13.665637	-2.8216791486724235e+07	-1.1038465425372124e-01
251	13.644121	-2.8216791117789708e+07	3.6893452703952789e-01
252	13.841454	-2.8216790998687170e+07	1.1910253763198853e-01
253	13.768886	-2.8216790885115307e+07	1.1357186362147331e-01
254	13.749837	-2.8216790776578467e+07	1.0853683948516846e-01
255	13.643613	-2.8216790916053511e+07	-1.3947504386305809e-01
256	13.660919	-2.8216790573331378e+07	3.4272213280200958e-01
257	13.753493	-2.8216790762931999e+07	-1.8960062041878700e-01
258	13.724010	-2.8216790389663614e+07	3.7326838448643684e-01
259	13.698724	-2.8216790299157396e+07	9.0506218373775482e-02
260	13.638462	-2.8216790215083253e+07	8.4074143320322037e-02
261	13.850420	-2.8216790134420790e+07	8.0662462860345840e-02
262	13.768236	-2.8216790300569270e+07	-1.6614848002791405e-01
263	13.835241	-2.8216789982692383e+07	3.1787688657641411e-01
264	13.663554	-2.8216789911321763e+07	7.1370620280504227e-02
265	13.791887	-2.8216789842778925e+07	6.8542838096618652e-02
266	13.864479	-2.8216789776958894e+07	6.5820030868053436e-02
267	13.718897	-2.8216789713733491e+07	6.3225403428077698e-02
268	13.717407	-2.8216789652999870e+07	6.0733620077371597e-02
269	13.611996	-2.8216789594667979e+07	5.8331891894340515e-02
270	13.745709	-2.8216789538624097e+07	5.6043881922960281e-02
271	13.770100	-2.8216789484789737e+07	5.3834360092878342e-02
272	13.650272	-2.8216789433079284e+07	5.1710452884435654e-02
273	13.632394	-2.8216789627354704e+07	-1.9427542015910149e-01
274	13.796019	-2.8216789335686684e+07	2.9166802018880844e-01
275	13.783030	-2.8216789289829701e+07	4.5856982469558716e-02
276	13.744840	-2.8216789245780434e+07	4.4049266725778580e-02
277	13.637101	-2.8216789447528429e+07	-2.0174799486994743e-01
278	13.709737	-2.8216789162812524e+07	2.8471590578556061e-01
279	13.741791	-2.8216789123726338e+07	3.9086185395717621e-02
280	13.663083	-2.8216789086202525e+07	3.7523813545703888e-02
281	13.725603	-2.8216789050157253e+07	3.6045271903276443e-02
282	13.650122	-2.8216789015580982e+07	3.4576270729303360e-02
283	13.790723	-2.8216788982373435e+07	3.3207546919584274e-02
284	13.743042	-2.8216788950543296e+07	3.1830139458179474e-02
285	13.856126	-2.8216788919995375e+07	3.0547920614480972e-02
286	13.675744	-2.8216789135027748e+07	-2.1503237262368202e-01
287	13.751514	-2.8216788862613115e+07	2.7241463214159012e-01
288	13.840739	-2.8216788835658524e+07	2.6954591274261475e-02
289	13.734445	-2.8216788809802055e+07	2.5856468826532364e-02
290	13.728491	-2.8216788785008423e+07	2.4793632328510284e-02
291	13.572480	-2.8216788761254285e+07	2.3754138499498367e-02
292	13.735106	-2.8216788738460179e+07	2.2794105112552643e-02
293	13.809581	-2.8216788716599710e+07	2.1860469132661819e-02
294	13.648674	-2.8216788695651829e+07	2.0947881042957306e-02
295	13.644405	-2.8216788675546691e+07	2.0105138421058655e-02
296	13.875460	-2.8216788656272765e+07	1.9273925572633743e-02
297	13.764103	-2.8216788637802433e+07	1.8470332026481628e-02
298	13.708353	-2.8216788620078936e+07	1.7723497003316879e-02
299	13.646865	-2.8216788603091344e+07	1.6987591981887817e-02
300	13.681361	-2.8216788586797483e+07	1.6293860971927643e-02
301	13.769191	-2.8216788571180619e+07	1.5616863965988159e-02
302	13.644378	-2.8216788556200195e+07	1.4980424195528030e-02
303	13.638691	-2.8216788541845657e+07	1.4354538172483444e-02
304	13.652828	-2.8216788772819784e+07	-2.3097412660717964e-01
305	13.758614	-2.8216788514894363e+07	2.5792542099952698e-01
306	13.709391	-2.8216788502243504e+07	1.2650858610868454e-02
307	13.877325	-2.8216788490117267e+07	1.2126237154006958e-02
308	13.665198	-2.8216788478498146e+07	1.1619120836257935e-02
309	13.755849	-2.8216788467369214e+07	1.1128932237625122e-02
310	13.793897	-2.8216788701534837e+07	-2.3416562378406525e-01
311	13.748353	-2.8216788446492475e+07	2.5504236295819283e-01
312	13.725520	-2.8216788436682794e+07	9.8096802830696106e-03
313	13.632021	-2.8216788427290335e+07	9.3924589455127716e-03
314	13.745175	-2.8216788418278228e+07	9.0121068060398102e-03
315	13.812630	-2.8216788409655046e+07	8.6231827735900879e-03
316	13.644788	-2.8216788401360225e+07	8.2948207855224609e-03
317	13.641392	-2.8216788393415693e+07	7.9445317387580872e-03
318	13.846476	-2.8216788385800894e+07	7.6147988438606262e-03
319	13.716452	-2.8216788378494650e+07	7.3062442243099213e-03
320	13.790576	-2.8216788371506028e+07	6.9886222481727600e-03
321	13.624492	-2.8216788364787508e+07	6.7185200750827789e-03
322	13.728810	-2.8216788358364601e+07	6.4229071140289307e-03
323	13.805788	-2.8216788352195311e+07	6.1692893505096436e-03
324	13.636409	-2.8216788346275598e+07	5.9197135269641876e-03
325	13.704202	-2.8216788340600740e+07	5.6748576462268829e-03
326	13.696596	-2.8216788335160021e+07	5.4407194256782532e-03
327	13.748200	-2.8216788575019535e+07	-2.3985951393842697e-01
328	13.737438	-2.8216790101955783e+07	-1.5269362479448318e+00
329	13.612124	-2.8216789790543828e+07	3.1141195446252823e-01
330	13.696146	-2.8216789221281610e+07	5.6926221773028374e-01
331	13.728293	-2.8216788758491799e+07	4.6278981119394302e-01
332	13.771986	-2.8216788454676073e+07	3.0381572619080544e-01
333	13.781535	-2.8216788325165719e+07	1.2951035425066948e-01
334	13.767307	-2.8216788299737819e+07	2.5427900254726410e-02
335	13.644554	-2.8216788295340490e+07	4.3973289430141449e-03
336	13.732040	-2.8216788572935749e+07	-2.7759525924921036e-01
337	13.831529	-2.8216788290230889e+07	2.8270485997200012e-01
338	13.640219	-2.8216788285104416e+07	5.1264725625514984e-03
339	13.622651	-2.8216788281960696e+07	3.1437203288078308e-03
340	13.842228	-2.8216788278946698e+07	3.0139982700347900e-03
341	13.755630	-2.8216788276053146e+07	2.8935521841049194e-03
342	13.753560	-2.8216788273282070e+07	2.7710758149623871e-03
343	13.614511	-2.8216788270639487e+07	2.6425831019878387e-03
344	13.742667	-2.8216788268104259e+07	2.5352276861667633e-03
345	13.785990	-2.8216788510912459e+07	-2.4280820041894913e-01
346	13.654138	-2.8216788263325639e+07	2.4758682027459145e-01
347	13.682513	-2.8216788261083715e+07	2.2419244050979614e-03
348	13.663801	-2.8216788258923799e+07	2.1599158644676208e-03
349	13.772103	-2.8216788256862096e+07	2.0617023110389709e-03
350	13.740378	-2.8216788254887413e+07	1.9746832549571991e-03
351	13.605531	-2.8216788252989475e+07	1.8979385495185852e-03
352	13.679621	-2.8216788251176137e+07	1.8133372068405151e-03
353	13.759220	-2.8216788249422349e+07	1.7537884414196014e-03
354	13.799736	-2.8216788247756075e+07	1.6662739217281342e-03
355	13.730558	-2.8216788246152055e+07	1.6040205955505371e-03
356	13.759046	-2.8216788244613335e+07	1.5387199819087982e-03
357	13.599863	-2.8216788243143041e+07	1.4702938497066498e-03
358	13.714927	-2.8216788241735481e+07	1.4075599610805511e-03
359	13.842062	-2.8216788240390066e+07	1.3454146683216095e-03
360	13.674998	-2.8216788239073183e+07	1.3168826699256897e-03
361	13.689725	-2.8216788483203925e+07	-2.4413074180483818e-01
362	13.841410	-2.8216788236661807e+07	2.4654211848974228e-01
363	13.730669	-2.8216788235508949e+07	1.1528581380844116e-03
364	13.790578	-2.8216788234430160e+07	1.0787881910800934e-03
365	13.635588	-2.8216788233373810e+07	1.0563507676124573e-03
366	13.712184	-2.8216788232381966e+07	9.9184364080429077e-04
367	13.786120	-2.8216788231415827e+07	9.6613913774490356e-04
368	13.651883	-2.8216788230493903e+07	9.2192366719245911e-04
369	13.703695	-2.8216788229604796e+07	8.8910758495330811e-04
370	13.652376	-2.8216788228761099e+07	8.4369629621505737e-04
371	13.743279	-2.8216788227956574e+07	8.0452486872673035e-04
372	13.769616	-2.8216788227181282e+07	7.7529251575469971e-04
373	13.623987	-2.8216788226435583e+07	7.4569880962371826e-04
374	13.640480	-2.8216788225715365e+07	7.2021782398223877e-04
375	13.779873	-2.8216788225038417e+07	6.7694857716560364e-04
376	13.856676	-2.8216788224387739e+07	6.5067782998085022e-04
377	13.740647	-2.8216788223758444e+07	6.2929466366767883e-04
378	13.758305	-2.8216788223151579e+07	6.0686469078063965e-04
379	13.652375	-2.8216788222586613e+07	5.6496635079383850e-04
380	13.721125	-2.8216788222020436e+07	5.6617707014083862e-04
381	13.808260	-2.8216788221497688e+07	5.2274763584136963e-04
382	13.673844	-2.8216788220996991e+07	5.0069764256477356e-04
383	13.646265	-2.8216788220503949e+07	4.9304217100143433e-04
384	13.831625	-2.8216788465522580e+07	-2.4501863121986389e-01
385	13.719372	-2.8216790023465384e+07	-1.5579428039491177e+00
386	13.845194	-2.8216789689551048e+07	3.3391433581709862e-01
387	13.596561	-2.8216789124465264e+07	5.6508578360080719e-01
388	13.728384	-2.8216788665687807e+07	4.5877745747566223e-01
389	13.823123	-2.8216788365699377e+07	2.9998842999339104e-01
390	13.681900	-2.8216788239857141e+07	1.2584223598241806e-01
391	13.678365	-2.8216788217950165e+07	2.1906975656747818e-02
392	13.702796	-2.8216788216964938e+07	9.8522752523422241e-04
393	13.715489	-2.8216788216631923e+07	3.3301487565040588e-04
394	13.741032	-2.8216788216335502e+07	2.9642134904861450e-04
395	13.596807	-2.8216788216039360e+07	2.9614195227622986e-04
396	13.676767	-2.8216788215746555e+07	2.9280409216880798e-04
397	13.772389	-2.8216788215489518e+07	2.5703758001327515e-04
398	13.771154	-2.8216788215212785e+07	2.7673318982124329e-04
399	13.733991	-2.8216788214965072e+07	2.4771317839622498e-04
400	13.765213	-2.8216788214726195e+07	2.3887678980827332e-04
401	13.620019	-2.8216788214500267e+07	2.2592768073081970e-04
402	13.690601	-2.8216788214288794e+07	2.1147355437278748e-04
403	13.723119	-2.8216788214068953e+07	2.1984055638313293e-04
404	13.712820	-2.8216788213875573e+07	1.9337981939315796e-04
405	13.634540	-2.8216788213681877e+07	1.9369646906852722e-04
406	13.797894	-2.8216788213497695e+07	1.8418207764625549e-04
407	13.768082	-2.8216788213306200e+07	1.9149482250213623e-04
408	13.808611	-2.8216788213153318e+07	1.5288218855857849e-04
409	13.664241	-2.8216788212983329e+07	1.6998872160911560e-04
410	13.733330	-2.8216788458371751e+07	-2.4538842216134071e-01
411	13.764401	-2.8216788212681036e+07	2.4569071456789970e-01
412	13.656893	-2.8216788212524753e+07	1.5628337860107422e-04
413	13.689456	-2.8216788212394837e+07	1.2991577386856079e-04
414	13.653431	-2.8216788457819045e+07	-2.4542420729994774e-01
415	13.764027	-2.8216788212134823e+07	2.4568422138690948e-01
416	13.762261	-2.8216788212022956e+07	1.1186674237251282e-04
417	13.630232	-2.8216788211908896e+07	1.1406093835830688e-04
418	13.663449	-2.8216788211798593e+07	1.1030212044715881e-04
419	13.797901	-2.8216788211674560e+07	1.2403354048728943e-04
420	13.813951	-2.8216788211566560e+07	1.0799989104270935e-04
421	13.760854	-2.8216788211479057e+07	8.7503343820571899e-05
422	13.765980	-2.8216788211389508e+07	8.9548528194427490e-05
423	13.619350	-2.8216788456862003e+07	-2.4547249451279640e-01
424	13.725167	-2.8216790020162553e+07	-1.5633005499839783e+00
425	13.722077	-2.8216789681498770e+07	3.3866378292441368e-01
426	13.695426	-2.8216789116747580e+07	5.6475118920207024e-01
427	13.643438	-2.8216788658276875e+07	4.5847070589661598e-01
428	13.815077	-2.8216788358588122e+07	2.9968875274062157e-01
429	13.701521	-2.8216788233050857e+07	1.2553726509213448e-01
430	13.792075	-2.8216788211421784e+07	2.1629072725772858e-02
431	13.628196	-2.8216788210680991e+07	7.4079260230064392e-04
432	13.693475	-2.8216788210627485e+07	5.3506344556808472e-05
433	13.828291	-2.8216788456153147e+07	-2.4552566185593605e-01
434	13.666870	-2.8216789964380268e+07	-1.5082271210849285e+00
435	13.705701	-2.8216789680833604e+07	2.8354666382074356e-01
436	13.663243	-2.8216789116102390e+07	5.6473121419548988e-01
437	13.729674	-2.8216788657671854e+07	4.5843053609132767e-01
438	13.781102	-2.8216788358007688e+07	2.9966416582465172e-01
439	13.670307	-2.8216788232505616e+07	1.2550207227468491e-01
440	13.674927	-2.8216788210872386e+07	2.1633230149745941e-02
441	13.793218	-2.8216788210167471e+07	7.0491433143615723e-04
442	13.781360	-2.8216788210130509e+07	3.6962330341339111e-05
443	13.736403	-2.8216788210084770e+07	4.5739114284515381e-05
444	13.788277	-2.8216788210047368e+07	3.7401914596557617e-05
445	13.615996	-2.8216788210017234e+07	3.0133873224258423e-05
446	13.743408	-2.8216788209973097e+07	4.4137239456176758e-05
447	13.709203	-2.8216788455554578e+07	-2.4558148160576820e-01
448	13.676542	-2.8216790021453761e+07	-1.5658991821110249e+00
449	13.641909	-2.8216789680267893e+07	3.4118586778640747e-01
450	13.816348	-2.8216789115558874e+07	5.6470901891589165e-01
451	13.713203	-2.8216788657135826e+07	4.5842304825782776e-01
452	13.779419	-2.8216788357513249e+07	2.9962257668375969e-01
453	13.638742	-2.8216788232015453e+07	1.2549779564142227e-01
454	13.698095	-2.8216788210418016e+07	2.1597437560558319e-02
455	13.838336	-2.8216788209709838e+07	7.0817768573760986e-04
456	13.699573	-2.8216788209698591e+07	1.1246651411056519e-05
457	13.742096	-2.8216788209688138e+07	1.0453164577484131e-05
458	13.675961	-2.8216788455273155e+07	-2.4558501690626144e-01
459	13.724480	-2.8216788209643520e+07	2.4562963470816612e-01
460	13.832136	-2.8216788209628373e+07	1.5147030353546143e-05
461	13.639029	-2.8216788209593620e+07	3.4753233194351196e-05
462	13.618641	-2.8216788209579248e+07	1.4372169971466064e-05
463	13.807389	-2.8216788209565360e+07	1.3887882232666016e-05
464	13.783665	-2.8216788455169674e+07	-2.4560431391000748e-01
465	13.715156	-2.8216788209547054e+07	2.4562261998653412e-01
466	13.644551	-2.8216788209525678e+07	2.1375715732574463e-05
467	13.713163	-2.8216788209500946e+07	2.4732202291488647e-05
468	13.712130	-2.8216788209495686e+07	5.2601099014282227e-06
469	13.683949	-2.8216788209477447e+07	1.8239021301269531e-05
470	13.734844	-2.8216788209473599e+07	3.8482248783111572e-06
471	13.650337	-2.8216788209445085e+07	2.8513371944427490e-05
472	13.819532	-2.8216788209444381e+07	7.0407986640930176e-07
473	13.718023	-2.8216788209421813e+07	2.2567808628082275e-05
474	13.823799	-2.8216788209412113e+07	9.7006559371948242e-06
475	13.599132	-2.8216788455034103e+07	-2.4562199041247368e-01
476	13.710027	-2.8216790022843856e+07	-1.5678097531199455e+00
477	13.814086	-2.8216789679770358e+07	3.4307349845767021e-01
478	13.688566	-2.8216789115078848e+07	5.6469151005148888e-01
479	13.740183	-2.8216788656683747e+07	4.5839510113000870e-01
480	13.602203	-2.8216788357068267e+07	2.9961548000574112e-01
481	13.757256	-2.8216788231588542e+07	1.2547972425818443e-01
482	13.810246	-2.8216788210018214e+07	2.1570328623056412e-02
483	13.641622	-2.8216788209353849e+07	6.6436454653739929e-04
484	13.596446	-2.8216788209340684e+07	1.3165175914764404e-05
485	13.807766	-2.8216788209333081e+07	7.6033174991607666e-06
486	13.786318	-2.8216788454952624e+07	-2.4561954289674759e-01
487	13.730980	-2.8216790019182306e+07	-1.5642296820878983e+00
488	13.604458	-2.8216789679694962e+07	3.3948734402656555e-01
489	13.686688	-2.8216789115002848e+07	5.6469211354851723e-01
490	13.712972	-2.8216788656619515e+07	4.5838333293795586e-01
491	13.670890	-2.8216788356994871e+07	2.9962464421987534e-01
492	13.718978	-2.8216788231527030e+07	1.2546784058213234e-01
493	13.646802	-2.8216788209956370e+07	2.1570660173892975e-02
494	13.832716	-2.8216788209273275e+07	6.8309530615806580e-04
495	13.714968	-2.8216788209275935e+07	-2.6598572731018066e-06
496	13.838034	-2.8216788209268216e+07	7.7188014984130859e-06
497	13.670927	-2.8216788209267713e+07	5.0291419029235840e-07
498	13.695099	-2.8216788209264271e+07	3.4421682357788086e-06
499	13.799991	-2.8216788209261198e+07	3.0733644962310791e-06
500	13.719921	-2.8216788209261116e+07	8.1956386566162109e-08
501	13.710773	-2.8216788209249157e+07	1.1958181858062744e-05
502	13.654377	-2.8216788209253553e+07	-4.3958425521850586e-06
503	13.730865	-2.8216788454892915e+07	-2.4563936144113541e-01
504	13.790332	-2.8216788209248327e+07	2.4564458802342415e-01
505	13.637391	-2.8216788209244564e+07	3.7625432014465332e-06
506	13.645766	-2.8216788209239386e+07	5.1781535148620605e-06
507	13.823663	-2.8216788209225960e+07	1.3425946235656738e-05
508	13.815668	-2.8216788209231172e+07	-5.2116811275482178e-06
509	13.772735	-2.8216788209236618e+07	-5.4463744163513184e-06
510	13.641743	-2.8216788209229480e+07	7.1376562118530273e-06
511	13.684005	-2.8216788209224008e+07	5.4724514484405518e-06
512	13.743673	-2.8216788209217474e+07	6.5341591835021973e-06
513	13.677265	-2.8216788209227458e+07	-9.9837779998779297e-06
514	13.686535	-2.8216788209221330e+07	6.1281025409698486e-06
515	13.677626	-2.8216788454872955e+07	-2.4565162509679794e-01
516	13.834900	-2.8216788209224116e+07	2.4564883857965469e-01
517	13.764327	-2.8216788209220108e+07	4.0084123611450195e-06
518	13.845780	-2.8216788209205195e+07	1.4912337064743042e-05
519	13.642112	-2.8216788209211394e+07	-6.1988830566406250e-06
520	13.736571	-2.8216788209199186e+07	1.2207776308059692e-05
521	13.849685	-2.8216788209197070e+07	2.1159648895263672e-06
522	13.706110	-2.8216788209213316e+07	-1.6245990991592407e-05
523	13.770549	-2.8216788209212195e+07	1.1213123798370361e-06
524	13.607417	-2.8216788209212884e+07	-6.8917870521545410e-07
525	13.714326	-2.8216788454854414e+07	-2.4564152956008911e-01
526	13.836499	-2.8216788209212396e+07	2.4564201757311821e-01
527	13.659994	-2.8216788209208395e+07	4.0009617805480957e-06
528	13.592898	-2.8216788209198564e+07	9.8310410976409912e-06
529	13.824307	-2.8216788209201477e+07	-2.9131770133972168e-06
530	13.769458	-2.8216788209205892e+07	-4.4144690036773682e-06
531	13.724172	-2.8216788209195733e+07	1.0158866643905640e-05
532	13.626065	-2.8216788454844080e+07	-2.4564834684133530e-01
533	13.683662	-2.8216788209199499e+07	2.4564458057284355e-01
534	13.795156	-2.8216788209188748e+07	1.0751187801361084e-05
535	13.641989	-2.8216788454822119e+07	-2.4563337117433548e-01
536	13.694968	-2.8216788209201612e+07	2.4562050774693489e-01
537	13.628647	-2.8216788209193688e+07	7.9236924648284912e-06
538	13.833362	-2.8216788209198974e+07	-5.2861869335174561e-06
539	13.743519	-2.8216788209197562e+07	1.4118850231170654e-06
540	13.825128	-2.8216788209200408e+07	-2.8461217880249023e-06
541	13.618838	-2.8216788209185593e+07	1.4815479516983032e-05
542	13.773858	-2.8216788209190749e+07	-5.1558017730712891e-06
543	13.793392	-2.8216788209190678e+07	7.0780515670776367e-08
544	13.704124	-2.8216788209193565e+07	-2.8870999813079834e-06
545	13.699493	-2.8216788209188394e+07	5.1707029342651367e-06
546	13.628898	-2.8216788209194742e+07	-6.3478946685791016e-06
547	13.716476	-2.8216788454829514e+07	-2.4563477188348770e-01
548	13.832979	-2.8216790024193507e+07	-1.5693639926612377e+00
549	13.663257	-2.8216789679565042e+07	3.4462846443057060e-01
550	13.615864	-2.8216789114891116e+07	5.6467392668128014e-01
551	13.832411	-2.8216788656505823e+07	4.5838529244065285e-01
552	13.769117	-2.8216788356884271e+07	2.9962155222892761e-01
553	13.753308	-2.8216788231424246e+07	1.2546002492308617e-01
554	13.621351	-2.8216788209846426e+07	2.1577820181846619e-02
555	13.717144	-2.8216788209186085e+07	6.6034123301506042e-04
556	13.771458	-2.8216788490764327e+07	-2.8157824277877808e-01
557	13.677127	-2.8216788211047277e+07	2.7971705049276352e-01
558	13.699716	-2.8216788209196363e+07	1.8509142100811005e-03
559	13.680596	-2.8216788209177162e+07	1.9200146198272705e-05
560	13.832936	-2.8216788209176164e+07	9.9837779998779297e-07
561	13.740768	-2.8216788454831690e+07	-2.4565552547574043e-01
562	13.797088	-2.8216788209196009e+07	2.4563568085432053e-01
563	13.622942	-2.8216788209181331e+07	1.4677643775939941e-05
564	13.773027	-2.8216788209188908e+07	-7.5772404670715332e-06
565	13.820489	-2.8216788209183589e+07	5.3197145462036133e-06
566	13.740469	-2.8216788209179204e+07	4.3846666812896729e-06
567	13.749348	-2.8216788209176052e+07	3.1515955924987793e-06
568	13.599202	-2.8216788209180169e+07	-4.1164457798004150e-06
569	13.688290	-2.8216788209179822e+07	3.4645199775695801e-07
570	13.828432	-2.8216788209175635e+07	4.1872262954711914e-06
571	13.671255	-2.8216788209176451e+07	-8.1583857536315918e-07
572	13.632600	-2.8216788209175050e+07	1.4007091522216797e-06
573	13.838366	-2.8216788209180366e+07	-5.3159892559051514e-06
574	13.714020	-2.8216788209170889e+07	9.4771385192871094e-06
575	13.765405	-2.8216788209177077e+07	-6.1877071857452393e-06
576	13.623906	-2.8216788209178749e+07	-1.6726553440093994e-06
577	13.700911	-2.8216788209166341e+07	1.2408941984176636e-05
578	13.806992	-2.8216788209165223e+07	1.1175870895385742e-06
579	13.659181	-2.8216788454827767e+07	-2.4566254392266273e-01
580	13.690258	-2.8216788209195465e+07	2.4563230201601982e-01
581	13.674941	-2.8216788209189445e+07	6.0200691223144531e-06
582	13.816666	-2.8216788209185932e+07	3.5129487514495850e-06
583	13.682918	-2.8216788209176999e+07	8.9332461357116699e-06
584	13.598538	-2.8216788209187292e+07	-1.0292977094650269e-05
585	13.673285	-2.8216788209181648e+07	5.6438148021697998e-06
586	13.742413	-2.8216788209180221e+07	1.4267861843109131e-06
587	13.805795	-2.8216788209179536e+07	6.8545341491699219e-07
588	13.699576	-2.8216788209195700e+07	-1.6164034605026245e-05
589	13.758268	-2.8216788209175162e+07	2.0537525415420532e-05
590	13.633395	-2.8216788209165107e+07	1.0054558515548706e-05
591	13.760188	-2.8216788209178779e+07	-1.3671815395355225e-05
592	13.800911	-2.8216788209172584e+07	6.1951577663421631e-06
593	13.651025	-2.8216788454828303e+07	-2.4565571919083595e-01
594	13.590521	-2.8216788209174026e+07	2.4565427750349045e-01
595	13.831765	-2.8216788209180526e+07	-6.5006315708160400e-06
596	13.733687	-2.8216788209175698e+07	4.8279762268066406e-06
597	13.754669	-2.8216788454811718e+07	-2.4563601985573769e-01
598	13.646590	-2.8216788209179364e+07	2.4563235417008400e-01
599	13.715825	-2.8216788209177341e+07	2.0228326320648193e-06
600	13.758588	-2.8216788209179163e+07	-1.8216669559478760e-06
601	13.631513	-2.8216788209189482e+07	-1.0319054126739502e-05
602	13.717132	-2.8216788454830486e+07	-2.4564100429415703e-01
603	13.667628	-2.8216788209185787e+07	2.4564469978213310e-01
604	13.808621	-2.8216788209178310e+07	7.4766576290130615e-06
605	13.735502	-2.8216788209177926e+07	3.8370490074157715e-07
606	13.629346	-2.8216788209187742e+07	-9.8161399364471436e-06
607	13.650135	-2.8216788209173933e+07	1.3809651136398315e-05
608	13.769382	-2.8216788209174301e+07	-3.6880373954772949e-07
609	13.837655	-2.8216788209175847e+07	-1.5459954738616943e-06
610	13.729910	-2.8216788209182035e+07	-6.1877071857452393e-06
611	13.717489	-2.8216788209176105e+07	5.9306621551513672e-06
612	13.589194	-2.8216788209178243e+07	-2.1383166313171387e-06
613	13.732869	-2.8216788209176730e+07	1.5124678611755371e-06
614	13.815324	-2.8216788209180519e+07	-3.7886202335357666e-06
615	13.666527	-2.8216788209186327e+07	-5.8077275753021240e-06
616	13.632604	-2.8216788209176373e+07	9.9539756774902344e-06
617	13.834165	-2.8216788209180184e+07	-3.8109719753265381e-06
618	13.747502	-2.8216788209172376e+07	7.8082084655761719e-06
619	13.820214	-2.8216788209191170e+07	-1.8794089555740356e-05
620	13.617112	-2.8216788454827670e+07	-2.4563650041818619e-01
621	13.704414	-2.8216788209177986e+07	2.4564968422055244e-01
622	13.827451	-2.8216788209188510e+07	-1.0523945093154907e-05
623	13.651364	-2.8216788454823297e+07	-2.4563478678464890e-01
624	13.719543	-2.8216788209197618e+07	2.4562567844986916e-01
625	13.629222	-2.8216788209189765e+07	7.8529119491577148e-06
626	13.793396	-2.8216788209194072e+07	-4.3064355850219727e-06
627	13.742793	-2.8216788454818740e+07	-2.4562466889619827e-01
628	13.641187	-2.8216788209190730e+07	2.4562801048159599e-01
629	13.632442	-2.8216788209178008e+07	1.2721866369247437e-05
630	13.755309	-2.8216788209188677e+07	-1.0669231414794922e-05
631	13.810408	-2.8216788209185906e+07	2.7716159820556641e-06
632	13.714848	-2.8216788209186837e+07	-9.3132257461547852e-07
633	13.744828	-2.8216788209177844e+07	8.9928507804870605e-06
634	13.639646	-2.8216788209182017e+07	-4.1723251342773438e-06
635	13.741666	-2.8216788209176227e+07	5.7891011238098145e-06
636	13.846794	-2.8216788209171582e+07	4.6454370021820068e-06
637	13.671952	-2.8216788209169224e+07	2.3581087589263916e-06
638	13.625541	-2.8216788209175002e+07	-5.7779252529144287e-06
639	13.783693	-2.8216788209174193e+07	8.0838799476623535e-07
640	13.779031	-2.8216788209180634e+07	-6.4410269260406494e-06
641	13.804650	-2.8216788209170487e+07	1.0147690773010254e-05
642	13.575549	-2.8216788209179569e+07	-9.0822577476501465e-06
643	13.679430	-2.8216788209167015e+07	1.2554228305816650e-05
644	13.795776	-2.8216788209186126e+07	-1.9110739231109619e-05
645	13.653865	-2.8216788209176272e+07	9.8533928394317627e-06
646	13.701452	-2.8216788209177468e+07	-1.1958181858062744e-06
647	13.659483	-2.8216788209174812e+07	2.6561319828033447e-06
648	13.796316	-2.8216788209181797e+07	-6.9849193096160889e-06
649	13.766628	-2.8216788454831585e+07	-2.4564978852868080e-01
650	13.636636	-2.8216788209184747e+07	2.4564683809876442e-01
651	13.662105	-2.8216788209173594e+07	1.1153519153594971e-05
652	13.786963	-2.8216788209174596e+07	-1.0021030902862549e-06
653	13.825568	-2.8216788209180459e+07	-5.8636069297790527e-06
654	13.730412	-2.8216788209193323e+07	-1.2863427400588989e-05
655	13.770921	-2.8216788209181640e+07	1.1682510375976562e-05
656	13.651031	-2.8216788209175609e+07	6.0312449932098389e-06
657	13.729187	-2.8216788209176105e+07	-4.9546360969543457e-07
658	13.820596	-2.8216788209179390e+07	-3.2857060432434082e-06
659	13.710963	-2.8216788209184978e+07	-5.5879354476928711e-06
660	13.636367	-2.8216788454834383e+07	-2.4564940482378006e-01
661	13.858439	-2.8216790024435729e+07	-1.5696013458073139e+00
662	13.751467	-2.8216789679559723e+07	3.4487600624561310e-01
663	13.819468	-2.8216789114889827e+07	5.6466989591717720e-01
664	13.645256	-2.8216788656483799e+07	4.5840602740645409e-01
665	13.733178	-2.8216788356885582e+07	2.9959821701049805e-01
666	13.786754	-2.8216788231411867e+07	1.2547371536493301e-01
667	13.672809	-2.8216788209847081e+07	2.1564785391092300e-02
668	13.655547	-2.8216788209180404e+07	6.6667795181274414e-04
669	13.651894	-2.8216788209186669e+07	-6.2659382820129395e-06
670	13.727824	-2.8216788209175304e+07	1.1365860700607300e-05
671	13.762341	-2.8216788209174305e+07	9.9837779998779297e-07
672	13.651734	-2.8216788209184054e+07	-9.7490847110748291e-06
673	13.676093	-2.8216788209175900e+07	8.1546604633331299e-06
674	13.779563	-2.8216788454838503e+07	-2.4566260352730751e-01
675	13.800914	-2.8216788209191523e+07	2.4564697965979576e-01
676	13.744427	-2.8216788209182661e+07	8.8624656200408936e-06
677	13.779844	-2.8216788209180571e+07	2.0898878574371338e-06
678	13.650576	-2.8216788209178455e+07	2.1159648895263672e-06
679	13.730460	-2.8216788209172130e+07	6.3255429267883301e-06
680	13.700245	-2.8216788209178843e+07	-6.7129731178283691e-06
681	13.671913	-2.8216788209180895e+07	-2.0526349544525146e-06
682	13.625404	-2.8216788209180310e+07	5.8487057685852051e-07
683	13.825668	-2.8216788454836082e+07	-2.4565577134490013e-01
684	13.746916	-2.8216788209186058e+07	2.4565002322196960e-01
685	13.824488	-2.8216788209183469e+07	2.5890767574310303e-06
686	13.636453	-2.8216788209182080e+07	1.3895332813262939e-06
687	13.726812	-2.8216788209182210e+07	-1.3038516044616699e-07
688	13.815730	-2.8216788454823740e+07	-2.4564152956008911e-01
689	13.671768	-2.8216788209178302e+07	2.4564543738961220e-01
690	13.675056	-2.8216788209181748e+07	-3.4458935260772705e-06
691	13.666417	-2.8216788209175978e+07	5.7704746723175049e-06
692	13.739208	-2.8216788209172659e+07	3.3192336559295654e-06
693	13.784151	-2.8216788209178250e+07	-5.5916607379913330e-06
694	13.624721	-2.8216788209175088e+07	3.1627714633941650e-06
695	13.624814	-2.8216788209178258e+07	-3.1702220439910889e-06
696	13.767998	-2.8216788209177684e+07	5.7369470596313477e-07
697	13.763645	-2.8216788209177498e+07	1.8626451492309570e-07
698	13.733233	-2.8216788209180772e+07	-3.2745301723480225e-06
699	13.815906	-2.8216788209178187e+07	2.5853514671325684e-06
700	13.677002	-2.8216788454842355e+07	-2.4566416814923286e-01
701	13.733171	-2.8216788209188450e+07	2.4565390497446060e-01
702	13.708080	-2.8216788209188879e+07	-4.2840838432312012e-07
703	13.684259	-2.8216788209177036e+07	1.1842697858810425e-05
704	13.616755	-2.8216788209170703e+07	6.3329935073852539e-06
705	13.807954	-2.8216788209179763e+07	-9.0599060058593750e-06
706	13.725104	-2.8216788209187813e+07	-8.0503523349761963e-06
707	13.805660	-2.8216788209178127e+07	9.6857547760009766e-06
708	13.627255	-2.8216788209180597e+07	-2.4698674678802490e-06
709	13.722412	-2.8216788209182132e+07	-1.5348196029663086e-06
710	13.814438	-2.8216788209173430e+07	8.7022781372070312e-06
711	13.678096	-2.8216788454837378e+07	-2.4566394835710526e-01
712	13.742907	-2.8216788209188774e+07	2.4564860388636589e-01
713	13.668981	-2.8216788209177755e+07	1.1019408702850342e-05
714	13.707738	-2.8216788209167026e+07	1.0728836059570312e-05
715	13.766374	-2.8216788209177203e+07	-1.0177493095397949e-05
716	13.648851	-2.8216788209174201e+07	3.0025839805603027e-06
717	13.639542	-2.8216788209184937e+07	-1.0736286640167236e-05
718	13.726624	-2.8216788209177256e+07	7.6815485954284668e-06
719	13.768529	-2.8216788209180292e+07	-3.0361115932464600e-06
720	13.656111	-2.8216788209178556e+07	1.7359852790832520e-06
721	13.711769	-2.8216788209178109e+07	4.4703483581542969e-07
722	13.590246	-2.8216788209176481e+07	1.6279518604278564e-06
723	13.748227	-2.8216788209177498e+07	-1.0170042514801025e-06
724	13.696476	-2.8216788209177513e+07	-1.4901161193847656e-08
725	13.667005	-2.8216788209173631e+07	3.8817524909973145e-06
726	13.600655	-2.8216788209180318e+07	-6.6868960857391357e-06
727	13.774182	-2.8216788209169261e+07	1.1056661605834961e-05
728	13.684967	-2.8216788454833284e+07	-2.4566402286291122e-01
729	13.756331	-2.8216788209176276e+07	2.4565700814127922e-01
730	13.593978	-2.8216788497990862e+07	-2.8881458565592766e-01
731	13.684513	-2.8216788212372225e+07	2.8561863675713539e-01
732	13.772774	-2.8216789914921772e+07	-1.7025495469570160e+00
733	13.634006	-2.8216789114755176e+07	8.0016659572720528e-01
734	13.675132	-2.8216788656397250e+07	4.5835792645812035e-01
735	13.612186	-2.8216788356827293e+07	2.9956995695829391e-01
736	13.715605	-2.8216788231395759e+07	1.2543153390288353e-01
737	13.714763	-2.8216788209847279e+07	2.1548479795455933e-02
738	13.571907	-2.8216788209180623e+07	6.6665560007095337e-04
739	13.625525	-2.8216788209183648e+07	-3.0249357223510742e-06
740	13.725474	-2.8216788209173817e+07	9.8310410976409912e-06
741	13.758105	-2.8216788209179875e+07	-6.0573220252990723e-06
742	13.696715	-2.8216788209179666e+07	2.0861625671386719e-07
743	13.748705	-2.8216788209177751e+07	1.9147992134094238e-06
744	13.567288	-2.8216788209171191e+07	6.5602362155914307e-06
745	13.711981	-2.8216788209167618e+07	3.5725533962249756e-06
746	13.813850	-2.8216788209165525e+07	2.0936131477355957e-06
747	13.637165	-2.8216788209175751e+07	-1.0225921869277954e-05
748	13.602580	-2.8216788209175173e+07	5.7741999626159668e-07
749	13.792518	-2.8216788209170636e+07	4.5374035835266113e-06
750	13.692642	-2.8216788209162578e+07	8.0578029155731201e-06
751	13.764037	-2.8216788209169321e+07	-6.7427754402160645e-06
752	13.602958	-2.8216788209178150e+07	-8.8289380073547363e-06
753	13.661209	-2.8216788209171616e+07	6.5341591835021973e-06
754	13.753825	-2.8216788209164765e+07	6.8508088588714600e-06
755	13.694606	-2.8216788209163807e+07	9.5739960670471191e-07
756	13.690357	-2.8216788209162582e+07	1.2256205081939697e-06
757	13.619934	-2.8216788209168445e+07	-5.8636069297790527e-06
758	13.723770	-2.8216788209172294e+07	-3.8482248783111572e-06
759	13.720861	-2.8216788209178649e+07	-6.3553452491760254e-06
760	13.578973	-2.8216788209180087e+07	-1.4379620552062988e-06
761	13.616028	-2.8216788209171996e+07	8.0913305282592773e-06
762	13.787207	-2.8216788209174611e+07	-2.6151537895202637e-06
763	13.815313	-2.8216788209177107e+07	-2.4959444999694824e-06
764	13.668519	-2.8216788209177390e+07	-2.8312206268310547e-07
765	13.728023	-2.8216788209184289e+07	-6.8992376327514648e-06
766	13.590892	-2.8216788209176414e+07	7.8752636909484863e-06
767	13.671908	-2.8216788209179595e+07	-3.1813979148864746e-06
768	13.810471	-2.8216788209177919e+07	1.6763806343078613e-06
769	13.655304	-2.8216788209173184e+07	4.7348439693450928e-06
770	13.606152	-2.8216788209173705e+07	-5.2154064178466797e-07
771	13.820858	-2.8216788209175862e+07	-2.1569430828094482e-06
772	13.746489	-2.8216788209169902e+07	5.9604644775390625e-06
773	13.759733	-2.8216788209178854e+07	-8.9518725872039795e-06
774	13.572743	-2.8216788209171299e+07	7.5548887252807617e-06
775	13.660731	-2.8216788209176410e+07	-5.1110982894897461e-06
776	13.786651	-2.8216788209174987e+07	1.4230608940124512e-06
777	13.625676	-2.8216788209181890e+07	-6.9029629230499268e-06
778	13.654828	-2.8216788209182657e+07	-7.6740980148315430e-07
779	13.588697	-2.8216788209187426e+07	-4.7683715820312500e-06
780	13.748133	-2.8216788209181935e+07	5.4910778999328613e-06
781	13.739361	-2.8216788454834733e+07	-2.4565279856324196e-01
782	13.729465	-2.8216788209186684e+07	2.4564804881811142e-01
783	13.640644	-2.8216788209178329e+07	8.3558261394500732e-06
784	13.716162	-2.8216788209175032e+07	3.2968819141387939e-06
785	13.818847	-2.8216788209178980e+07	-3.9488077163696289e-06
786	13.689511	-2.8216788209171172e+07	7.8082084655761719e-06
787	13.678432	-2.8216788209171973e+07	-8.0093741416931152e-07
788	13.606611	-2.8216788209177975e+07	-6.0014426708221436e-06
789	13.708135	-2.8216788209171116e+07	6.8582594394683838e-06
790	13.779205	-2.8216788209178708e+07	-7.5921416282653809e-06
791	13.647493	-2.8216788454843540e+07	-2.4566483125090599e-01
792	13.599125	-2.8216788209179603e+07	2.4566393718123436e-01
793	13.801389	-2.8216788209184237e+07	-4.6342611312866211e-06
794	13.739664	-2.8216788209182896e+07	1.3411045074462891e-06
795	13.736581	-2.8216788209180404e+07	2.4922192096710205e-06
796	13.586534	-2.8216788209178604e+07	1.7993152141571045e-06
797	13.655140	-2.8216788209172610e+07	5.9939920902252197e-06
798	13.751820	-2.8216788209168300e+07	4.3101608753204346e-06
799	13.618539	-2.8216788209176991e+07	-8.6911022663116455e-06
800	13.675511	-2.8216788209184326e+07	-7.3350965976715088e-06
801	13.612705	-2.8216788209177982e+07	6.3441693782806396e-06
802	13.787406	-2.8216788209173031e+07	4.9509108066558838e-06
803	13.698351	-2.8216788209176801e+07	-3.7699937820434570e-06
804	13.786780	-2.8216788209180284e+07	-3.4831464290618896e-06
805	13.614891	-2.8216788209177651e+07	2.6337802410125732e-06
806	13.726370	-2.8216788209173895e+07	3.7550926208496094e-06
807	13.777624	-2.8216788209177587e+07	-3.6917626857757568e-06
808	13.699917	-2.8216788209180497e+07	-2.9094517230987549e-06
809	13.708866	-2.8216788209180597e+07	-1.0058283805847168e-07
810	13.583987	-2.8216788209176347e+07	4.2505562305450439e-06
811	13.672867	-2.8216788209176585e+07	-2.3841857910156250e-07
812	13.724679	-2.8216788209178988e+07	-2.4028122425079346e-06
813	13.667343	-2.8216788454836380e+07	-2.4565739184617996e-01
814	13.583402	-2.8216788209182005e+07	2.4565437436103821e-01
815	13.786477	-2.8216788209180482e+07	1.5236437320709229e-06
816	13.745282	-2.8216788209171955e+07	8.5271894931793213e-06
817	13.732824	-2.8216788209173258e+07	-1.3038516044616699e-06
818	13.575146	-2.8216788209178649e+07	-5.3904950618743896e-06
819	13.635451	-2.8216788209180173e+07	-1.5236437320709229e-06
820	13.722452	-2.8216788209173460e+07	6.7129731178283691e-06
821	13.636272	-2.8216788209181331e+07	-7.8715384006500244e-06
822	13.681743	-2.8216788209182188e+07	-8.5681676864624023e-07
823	13.593593	-2.8216788209178217e+07	3.9711594581604004e-06
824	13.792437	-2.8216788209183648e+07	-5.4314732551574707e-06
825	13.682299	-2.8216788209178980e+07	4.6677887439727783e-06
826	13.799540	-2.8216788209181242e+07	-2.2612512111663818e-06
827	13.590930	-2.8216788454836879e+07	-2.4565563723444939e-01
828	13.689821	-2.8216788209185813e+07	2.4565106630325317e-01
829	13.781785	-2.8216788209174778e+07	1.1034309864044189e-05
830	13.869111	-2.8216788209173828e+07	9.4994902610778809e-07
831	14.424516	-2.8216788454823203e+07	-2.4564937502145767e-01
832	14.080311	-2.8216788209179845e+07	2.4564335867762566e-01
833	13.955743	-2.8216788209178481e+07	1.3634562492370605e-06
834	13.686728	-2.8216788454804473e+07	-2.4562599137425423e-01
835	13.868753	-2.8216789911111269e+07	-1.4563067965209484e+00
836	13.769741	-2.8216789679570038e+07	2.3154123127460480e-01
837	13.685304	-2.8216789114892554e+07	5.6467748433351517e-01
838	13.819945	-2.8216788656496052e+07	4.5839650183916092e-01
839	13.825875	-2.8216788356884800e+07	2.9961125180125237e-01
840	13.626539	-2.8216788231414441e+07	1.2547035887837410e-01
841	13.765056	-2.8216788209846519e+07	2.1567922085523605e-02
842	13.762613	-2.8216788209175587e+07	6.7093223333358765e-04
843	13.736379	-2.8216788209165700e+07	9.8869204521179199e-06
844	13.760786	-2.8216788454822108e+07	-2.4565640836954117e-01
845	13.646436	-2.8216788209178172e+07	2.4564393609762192e-01
846	13.794292	-2.8216788209169693e+07	8.4787607192993164e-06
847	13.641075	-2.8216788209182411e+07	-1.2718141078948975e-05
848	13.634917	-2.8216788209187284e+07	-4.8726797103881836e-06
849	13.616745	-2.8216788209176503e+07	1.0780990123748779e-05
850	13.810835	-2.8216788454818118e+07	-2.4564161524176598e-01
851	13.708988	-2.8216788209181186e+07	2.4563693255186081e-01
852	13.808071	-2.8216788209168635e+07	1.2550503015518188e-05
853	13.573352	-2.8216788209174015e+07	-5.3793191909790039e-06
854	13.730431	-2.8216788209170785e+07	3.2298266887664795e-06
855	13.774394	-2.8216788209169444e+07	1.3411045074462891e-06
856	13.826170	-2.8216788209177434e+07	-7.9907476902008057e-06
857	14.453100	-2.8216788209175792e+07	1.6428530216217041e-06
858	14.505160	-2.8216788209179565e+07	-3.7737190723419189e-06
859	14.412461	-2.8216788209173620e+07	5.9455633163452148e-06
860	14.287297	-2.8216788209176786e+07	-3.1664967536926270e-06
861	13.968899	-2.8216788209182627e+07	-5.8412551879882812e-06
862	14.310186	-2.8216788209168166e+07	1.4461576938629150e-05
863	14.489610	-2.8216788209175389e+07	-7.2233378887176514e-06
864	14.138029	-2.8216788209180690e+07	-5.3010880947113037e-06
865	13.923603	-2.8216788209182691e+07	-2.0004808902740479e-06
866	13.711354	-2.8216788209174119e+07	8.5718929767608643e-06
867	13.899612	-2.8216788209179092e+07	-4.9732625484466553e-06
868	13.600712	-2.8216788454831466e+07	-2.4565237388014793e-01
869	13.799623	-2.8216788209180426e+07	2.4565104022622108e-01
870	13.732333	-2.8216788209176064e+07	4.3623149394989014e-06
871	13.892559	-2.8216788209177379e+07	-1.3150274753570557e-06
872	14.625216	-2.8216788209175706e+07	1.6726553440093994e-06
873	14.428127	-2.8216788209182542e+07	-6.8359076976776123e-06
874	14.011378	-2.8216788209174756e+07	7.7858567237854004e-06
875	13.940706	-2.8216788209170148e+07	4.6081840991973877e-06
876	13.686537	-2.8216788209182080e+07	-1.1932104825973511e-05
877	13.869182	-2.8216788454840150e+07	-2.4565806984901428e-01
878	13.587562	-2.8216788209181495e+07	2.4565865471959114e-01
879	13.783749	-2.8216788209177513e+07	3.9823353290557861e-06
880	13.777244	-2.8216788209177323e+07	1.8998980522155762e-07
881	13.659708	-2.8216788209181551e+07	-4.2282044887542725e-06
882	13.593824	-2.8216788454826597e+07	-2.4564504623413086e-01
883	13.726139	-2.8216788209180716e+07	2.4564588069915771e-01
884	13.735143	-2.8216788209175628e+07	5.0887465476989746e-06
885	13.575213	-2.8216788209176369e+07	-7.4133276939392090e-07
886	13.633095	-2.8216788454817746e+07	-2.4564137682318687e-01
887	13.757831	-2.8216788209190242e+07	2.4562750384211540e-01
888	13.702392	-2.8216788209182452e+07	7.7895820140838623e-06
889	13.680992	-2.8216788209175829e+07	6.6235661506652832e-06
890	13.722531	-2.8216788209178351e+07	-2.5220215320587158e-06
891	13.589092	-2.8216788209172413e+07	5.9381127357482910e-06
892	13.707333	-2.8216788209173765e+07	-1.3522803783416748e-06
893	13.781554	-2.8216788209173214e+07	5.5134296417236328e-07
894	13.601779	-2.8216788209175810e+07	-2.5965273380279541e-06
895	13.570557	-2.8216788209179934e+07	-4.1238963603973389e-06
896	13.772583	-2.8216788209185351e+07	-5.4165720939636230e-06
897	13.736124	-2.8216788209182676e+07	2.6747584342956543e-06
898	13.692414	-2.8216788209178764e+07	3.9115548133850098e-06
899	13.557084	-2.8216788209174946e+07	3.8184225559234619e-06
900	13.651358	-2.8216788209178280e+07	-3.3341348171234131e-06
901	13.717290	-2.8216788209180757e+07	-2.4773180484771729e-06
902	13.664846	-2.8216788209184211e+07	-3.4533441066741943e-06
903	13.636211	-2.8216788209184099e+07	1.1175870895385742e-07
904	13.593053	-2.8216788209187891e+07	-3.7923455238342285e-06
905	13.750394	-2.8216788209181681e+07	6.2100589275360107e-06
906	13.673937	-2.8216788209193368e+07	-1.1686235666275024e-05
907	13.781264	-2.8216788209183462e+07	9.9055469036102295e-06
908	13.590402	-2.8216788454837535e+07	-2.4565407261252403e-01
909	13.720175	-2.8216788209183503e+07	2.4565403163433075e-01
910	13.739038	-2.8216788209178615e+07	4.8875808715820312e-06
911	13.687511	-2.8216788454806924e+07	-2.4562830850481987e-01
912	13.679180	-2.8216788209194880e+07	2.4561204388737679e-01
913	13.574934	-2.8216788209174801e+07	2.0079314708709717e-05
914	13.667246	-2.8216788209181458e+07	-6.6570937633514404e-06
915	13.730383	-2.8216788209176596e+07	4.8615038394927979e-06
916	13.645174	-2.8216788209174223e+07	2.3730099201202393e-06
917	13.558411	-2.8216788209172927e+07	1.2964010238647461e-06
918	13.759492	-2.8216788209177893e+07	-4.9658119678497314e-06
919	13.753209	-2.8216788209176738e+07	1.1548399925231934e-06
920	13.676029	-2.8216788209183514e+07	-6.7763030529022217e-06
921	13.586925	-2.8216788209181290e+07	2.2239983081817627e-06
922	13.567870	-2.8216788454840291e+07	-2.4565900117158890e-01
923	13.690989	-2.8216788209184837e+07	2.4565545469522476e-01
924	13.656099	-2.8216788209175736e+07	9.1008841991424561e-06
925	13.637756	-2.8216788209182031e+07	-6.2957406044006348e-06
926	13.597498	-2.8216788209179185e+07	2.8461217880249023e-06
927	13.756347	-2.8216788209177688e+07	1.4975666999816895e-06
928	13.659105	-2.8216788209170152e+07	7.5362622737884521e-06
929	13.741102	-2.8216788209174082e+07	-3.9301812648773193e-06
930	13.595911	-2.8216788209171567e+07	2.5145709514617920e-06
931	13.667156	-2.8216788209182713e+07	-1.1146068572998047e-05
932	13.766213	-2.8216788209187351e+07	-4.6379864215850830e-06
933	13.653180	-2.8216788209180832e+07	6.5192580223083496e-06
934	13.660707	-2.8216788209182110e+07	-1.2777745723724365e-06
935	13.568379	-2.8216788209179867e+07	2.2426247596740723e-06
936	13.707973	-2.8216788454839915e+07	-2.4566004797816277e-01
937	13.712184	-2.8216788209186960e+07	2.4565295502543449e-01
938	13.586217	-2.8216788209176395e+07	1.0564923286437988e-05
939	13.602315	-2.8216788209180441e+07	-4.0456652641296387e-06
940	13.726471	-2.8216788209174551e+07	5.8896839618682861e-06
941	13.744948	-2.8216788209182102e+07	-7.5511634349822998e-06
942	13.677727	-2.8216788209180802e+07	1.3001263141632080e-06
943	13.704712	-2.8216788209169265e+07	1.1537224054336548e-05
944	13.582367	-2.8216788209178951e+07	-9.6857547760009766e-06
945	13.640237	-2.8216788209181949e+07	-2.9988586902618408e-06
946	13.808654	-2.8216788209186208e+07	-4.2580068111419678e-06
947	13.642958	-2.8216788209190078e+07	-3.8705766201019287e-06
948	13.623604	-2.8216788209181916e+07	8.1621110439300537e-06
949	13.780241	-2.8216788209180549e+07	1.3671815395355225e-06
950	13.682588	-2.8216788209176373e+07	4.1760504245758057e-06
951	13.739855	-2.8216788209179290e+07	-2.9169023036956787e-06
952	13.562698	-2.8216788209179405e+07	-1.1548399925231934e-07
953	13.690071	-2.8216788454832252e+07	-2.4565284699201584e-01
954	13.734220	-2.8216788209184907e+07	2.4564734473824501e-01
955	13.597626	-2.8216788209174082e+07	1.0825693607330322e-05
956	13.660040	-2.8216788209172387e+07	1.6950070858001709e-06
957	13.603860	-2.8216788209169649e+07	2.7380883693695068e-06
958	13.732786	-2.8216788209175028e+07	-5.3793191909790039e-06
959	13.703435	-2.8216788209173944e+07	1.0840594768524170e-06
960	13.583873	-2.8216788209168028e+07	5.9157609939575195e-06
961	13.589241	-2.8216788209180739e+07	-1.2710690498352051e-05
962	13.723220	-2.8216788209171444e+07	9.2945992946624756e-06
963	13.728090	-2.8216788209174555e+07	-3.1106173992156982e-06
964	13.660728	-2.8216788209179047e+07	-4.4927000999450684e-06
965	13.697149	-2.8216788209174979e+07	4.0680170059204102e-06
966	13.619113	-2.8216788209177073e+07	-2.0936131477355957e-06
967	13.672453	-2.8216788209185056e+07	-7.9832971096038818e-06
968	13.773094	-2.8216788209184088e+07	9.6857547760009766e-07
969	14.460773	-2.8216788209185448e+07	-1.3597309589385986e-06
970	14.071155	-2.8216788209179491e+07	5.9567391872406006e-06
971	13.881436	-2.8216788209186677e+07	-7.1860849857330322e-06
972	14.393029	-2.8216788209177639e+07	9.0375542640686035e-06
973	14.076673	-2.8216788209179819e+07	-2.1792948246002197e-06
974	13.887156	-2.8216788454837043e+07	-2.4565722420811653e-01
975	13.938699	-2.8216790024939045e+07	-1.5701020024716854e+00
976	13.685090	-2.8216789679575790e+07	3.4536325559020042e-01
977	13.849247	-2.8216789114884112e+07	5.6469167768955231e-01
978	13.575573	-2.8216788656491566e+07	4.5839254558086395e-01
979	13.686201	-2.8216788356881842e+07	2.9960972443223000e-01
980	13.798491	-2.8216788231407013e+07	1.2547482922673225e-01
981	13.706378	-2.8216788209838059e+07	2.1568953990936279e-02
982	13.581193	-2.8216788209178653e+07	6.5940618515014648e-04
983	13.628111	-2.8216788209174644e+07	4.0084123611450195e-06
984	13.781325	-2.8216788209179085e+07	-4.4405460357666016e-06
985	13.634668	-2.8216788209182214e+07	-3.1292438507080078e-06
986	13.645322	-2.8216788209181122e+07	1.0915100574493408e-06
987	13.580724	-2.8216788209181614e+07	-4.9173831939697266e-07
988	13.675135	-2.8216788454824623e+07	-2.4564300850033760e-01
989	13.704876	-2.8216788209181730e+07	2.4564289301633835e-01
990	13.572142	-2.8216788209176619e+07	5.1110982894897461e-06
991	13.599896	-2.8216788209171329e+07	5.2899122238159180e-06
992	13.768900	-2.8216788209166300e+07	5.0291419029235840e-06
993	13.729089	-2.8216788209181175e+07	-1.4875084161758423e-05
994	13.658328	-2.8216788209173273e+07	7.9013407230377197e-06
995	13.712665	-2.8216788454824369e+07	-2.4565109610557556e-01
996	13.612018	-2.8216790021012980e+07	-1.5661886110901833e+00
997	13.649905	-2.8216789679559559e+07	3.4145342186093330e-01
998	13.755345	-2.8216789114885785e+07	5.6467377394437790e-01
999	13.565504	-2.8216788656494442e+07	4.5839134231209755e-01
1000	13.603657	-2.8216788356895689e+07	2.9959875345230103e-01

Writing Q matrix to /global/home/users/deboraycb/scratch/atahualpa/analysis/ohana/maf05_3/structure/merge2_20M_allchr_snps_maf05_k5_mi1000_3_q.matrix
Writing F matrix to /global/home/users/deboraycb/scratch/atahualpa/analysis/ohana/maf05_3/structure/merge2_20M_allchr_snps_maf05_k5_mi1000_3_f.matrix
