seed: 2484284576

iter	duration	log_likelihood	delta-lle
0	2.886011	-4.4178255225916453e+07
1	22.673230	-3.9338467903215468e+07	4.8397873227009848e+06
2	21.804176	-3.4797264348315597e+07	4.5412035548998713e+06
3	21.605079	-3.3987898007252410e+07	8.0936634106318653e+05
4	21.271036	-3.3387054241760861e+07	6.0084376549154893e+05
5	21.278446	-3.2836669395868886e+07	5.5038484589197487e+05
6	21.208318	-3.2294093936690751e+07	5.4257545917813480e+05
7	21.065922	-3.1746293135281887e+07	5.4780080140886456e+05
8	20.963794	-3.1208524791704979e+07	5.3776834357690811e+05
9	20.665344	-3.0680361002407216e+07	5.2816378929776326e+05
10	20.419808	-3.0158473597024068e+07	5.2188740538314730e+05
11	20.585650	-2.9651882449385084e+07	5.0659114763898402e+05
12	20.342763	-2.9182855077935424e+07	4.6902737144966051e+05
13	20.133379	-2.8779085369315628e+07	4.0376970861979574e+05
14	20.286455	-2.8471150077771887e+07	3.0793529154374078e+05
15	20.075472	-2.8278652057229031e+07	1.9249802054285631e+05
16	19.886198	-2.8191225123065311e+07	8.7426934163719416e+04
17	20.006602	-2.8160767272907577e+07	3.0457850157734007e+04
18	19.853010	-2.8148331145565193e+07	1.2436127342384309e+04
19	19.758910	-2.8141197492497895e+07	7.1336530672982335e+03
20	19.873688	-2.8136299398033027e+07	4.8980944648683071e+03
21	19.709365	-2.8132179779615082e+07	4.1196184179447591e+03
22	19.571719	-2.8129025187076598e+07	3.1545925384834409e+03
23	19.748931	-2.8126646432900183e+07	2.3787541764155030e+03
24	19.647181	-2.8124752442540027e+07	1.8939903601557016e+03
25	19.443588	-2.8123298929563511e+07	1.4535129765160382e+03
26	19.667675	-2.8122058942709878e+07	1.2399868536330760e+03
27	19.612352	-2.8120732339049302e+07	1.3266036605760455e+03
28	19.492609	-2.8119535974970471e+07	1.1963640788309276e+03
29	19.539081	-2.8118452241031770e+07	1.0837339387014508e+03
30	19.538929	-2.8117610789467748e+07	8.4145156402140856e+02
31	19.482263	-2.8116681253577925e+07	9.2953588982298970e+02
32	19.431292	-2.8115820617773496e+07	8.6063580442965031e+02
33	19.490619	-2.8115015181985416e+07	8.0543578808009624e+02
34	19.359595	-2.8114362849877354e+07	6.5233210806176066e+02
35	19.374799	-2.8113509265483972e+07	8.5358439338207245e+02
36	19.464466	-2.8113008085281204e+07	5.0118020276725292e+02
37	19.289725	-2.8112166812684797e+07	8.4127259640768170e+02
38	19.295831	-2.8111555826597270e+07	6.1098608752712607e+02
39	19.415573	-2.8110705291806683e+07	8.5053479058668017e+02
40	19.265193	-2.8110261589100424e+07	4.4370270625874400e+02
41	19.232858	-2.8109362094509151e+07	8.9949459127336740e+02
42	19.351391	-2.8108412269735135e+07	9.4982477401569486e+02
43	19.458701	-2.8107676904735427e+07	7.3536499970778823e+02
44	19.210221	-2.8106707009807527e+07	9.6989492790028453e+02
45	19.326295	-2.8105713210731201e+07	9.9379907632619143e+02
46	19.298385	-2.8104773038083188e+07	9.4017264801263809e+02
47	19.162833	-2.8103649411442567e+07	1.1236266406215727e+03
48	19.298994	-2.8102396344239831e+07	1.2530672027356923e+03
49	19.151364	-2.8100770883528072e+07	1.6254607117585838e+03
50	19.091403	-2.8098780324733641e+07	1.9905587944313884e+03
51	19.161344	-2.8096449714719851e+07	2.3306100137904286e+03
52	19.090876	-2.8101758339021213e+07	-5.3086243013627827e+03
53	19.148985	-2.8097790333958343e+07	3.9680050628706813e+03
54	19.147447	-2.8095080159508377e+07	2.7101744499653578e+03
55	19.250152	-2.8092683148711924e+07	2.3970107964538038e+03
56	19.114517	-2.8090088400333956e+07	2.5947483779676259e+03
57	19.134260	-2.8085286686307620e+07	4.8017140263356268e+03
58	19.227563	-2.8080893197791848e+07	4.3934885157719254e+03
59	19.113258	-2.8078168457078211e+07	2.7247407136373222e+03
60	19.108375	-2.8075982706474975e+07	2.1857506032362580e+03
61	19.245253	-2.8074083161238477e+07	1.8995452364981174e+03
62	19.106201	-2.8073228162262302e+07	8.5499897617474198e+02
63	19.032476	-2.8085149587030940e+07	-1.1921424768637866e+04
64	19.178388	-2.8083600911142185e+07	1.5486758887544274e+03
65	19.184343	-2.8082771923081178e+07	8.2898806100711226e+02
66	19.082273	-2.8082339007537223e+07	4.3291554395481944e+02
67	19.218099	-2.8081694832757510e+07	6.4417477971315384e+02
68	19.171650	-2.8077432162556909e+07	4.2626702006012201e+03
69	19.051831	-2.8073296716834895e+07	4.1354457220137119e+03
70	19.229896	-2.8071912655934032e+07	1.3840609008632600e+03
71	19.116992	-2.8071393449249320e+07	5.1920668471232057e+02
72	19.005215	-2.8071160283879489e+07	2.3316536983102560e+02
73	19.208294	-2.8071621032943826e+07	-4.6074906433746219e+02
74	19.091664	-2.8084527283845652e+07	-1.2906250901825726e+04
75	19.130482	-2.8083214755273137e+07	1.3125285725146532e+03
76	19.131909	-2.8082514881102119e+07	6.9987417101860046e+02
77	19.224246	-2.8082015390517440e+07	4.9949058467894793e+02
78	19.084619	-2.8080980787343599e+07	1.0346031738407910e+03
79	19.098812	-2.8076365046160027e+07	4.6157411835715175e+03
80	19.214426	-2.8072609757883377e+07	3.7552882766500115e+03
81	19.063034	-2.8071509095204070e+07	1.1006626793071628e+03
82	19.039788	-2.8071074598380778e+07	4.3449682329222560e+02
83	19.201286	-2.8070762627908874e+07	3.1197047190368176e+02
84	19.046403	-2.8071103096763350e+07	-3.4046885447576642e+02
85	19.034239	-2.8087967213377189e+07	-1.6864116613838822e+04
86	19.183869	-2.8086406894806530e+07	1.5603185706585646e+03
87	19.158716	-2.8085591746969007e+07	8.1514783752337098e+02
88	19.039120	-2.8084918218934532e+07	6.7352803447470069e+02
89	19.168800	-2.8084156528378837e+07	7.6169055569544435e+02
90	19.119569	-2.8079245990988426e+07	4.9105373904109001e+03
91	19.051689	-2.8073388148676116e+07	5.8578423123098910e+03
92	19.170724	-2.8071512785725780e+07	1.8753629503361881e+03
93	19.085109	-2.8070975686959073e+07	5.3709876670688391e+02
94	18.989140	-2.8070633883356411e+07	3.4180360266193748e+02
95	19.218517	-2.8070950983485565e+07	-3.1710012915357947e+02
96	19.262067	-2.8083919347230300e+07	-1.2968363744735718e+04
97	19.123023	-2.8082744499672428e+07	1.1748475578725338e+03
98	19.082554	-2.8082161332419280e+07	5.8316725314781070e+02
99	19.180737	-2.8081614782981507e+07	5.4654943777248263e+02
100	19.080793	-2.8080768226212304e+07	8.4655676920339465e+02
101	19.086432	-2.8076411863476384e+07	4.3563627359196544e+03
102	19.181245	-2.8072229656165678e+07	4.1822073107063770e+03
103	19.062634	-2.8071013879842650e+07	1.2157763230279088e+03
104	19.015179	-2.8070555820935290e+07	4.5805890735983849e+02
105	19.267059	-2.8070439487529527e+07	1.1633340576291084e+02
106	19.199317	-2.8070767832623851e+07	-3.2834509432315826e+02
107	19.018665	-2.8087658436320473e+07	-1.6890603696621954e+04
108	19.164940	-2.8086127851588693e+07	1.5305847317799926e+03
109	19.124945	-2.8085330632401492e+07	7.9721918720006943e+02
110	19.016709	-2.8084685266606010e+07	6.4536579548195004e+02
111	19.140598	-2.8083698733207490e+07	9.8653339852020144e+02
112	19.068325	-2.8078620324686136e+07	5.0784085213541985e+03
113	18.989284	-2.8072884055555709e+07	5.7362691304273903e+03
114	19.200836	-2.8071103274620306e+07	1.7807809354029596e+03
115	19.095690	-2.8070551558100395e+07	5.5171651991084218e+02
116	19.143265	-2.8070360374890462e+07	1.9118320993334055e+02
117	19.159239	-2.8070786993908953e+07	-4.2661901849135756e+02
118	19.194117	-2.8083555657999344e+07	-1.2768664090391248e+04
119	19.134837	-2.8082507506820019e+07	1.0481511793248355e+03
120	19.041895	-2.8081988621468723e+07	5.1888535129651427e+02
121	19.152130	-2.8081541170867156e+07	4.4745060156658292e+02
122	19.034546	-2.8080549053034037e+07	9.9211783311888576e+02
123	18.983690	-2.8075835870562598e+07	4.7131824714392424e+03
124	19.188541	-2.8072006452666044e+07	3.8294178965538740e+03
125	18.986793	-2.8070905164290044e+07	1.1012883759997785e+03
126	19.004562	-2.8070483563361224e+07	4.2160092882066965e+02
127	19.235189	-2.8070502215213083e+07	-1.8651851858943701e+01
128	19.222008	-2.8070817386472993e+07	-3.1517125990986824e+02
129	19.035843	-2.8087655957510572e+07	-1.6838571037579328e+04
130	19.131532	-2.8086154426892955e+07	1.5015306176170707e+03
131	19.108842	-2.8085431933541473e+07	7.2249335148185492e+02
132	18.991411	-2.8084780139608219e+07	6.5179393325373530e+02
133	19.216018	-2.8083844872393746e+07	9.3526721447333694e+02
134	19.076496	-2.8078700555064712e+07	5.1443173290342093e+03
135	18.982336	-2.8072889117189515e+07	5.8114378751963377e+03
136	19.151821	-2.8071173001439385e+07	1.7161157501302660e+03
137	19.201612	-2.8070575751242086e+07	5.9725019729882479e+02
138	19.171693	-2.8070250492782481e+07	3.2525845960527658e+02
139	19.131910	-2.8070666508302916e+07	-4.1601552043482661e+02
140	19.211956	-2.8083502051284410e+07	-1.2835542981494218e+04
141	19.072623	-2.8082415533359371e+07	1.0865179250389338e+03
142	19.074176	-2.8081812200632535e+07	6.0333272683620453e+02
143	19.153978	-2.8081407770197351e+07	4.0443043518438935e+02
144	19.000135	-2.8080429683671631e+07	9.7808652571961284e+02
145	19.031564	-2.8075660256140944e+07	4.7694275306873024e+03
146	19.177269	-2.8071894863542192e+07	3.7653925987519324e+03
147	19.230535	-2.8070825901098818e+07	1.0689624433740973e+03
148	19.048634	-2.8070530496631142e+07	2.9540446767583489e+02
149	19.182403	-2.8070265831125431e+07	2.6466550571098924e+02
150	19.187173	-2.8070686170323983e+07	-4.2033919855207205e+02
151	19.003324	-2.8087806329480894e+07	-1.7120159156911075e+04
152	19.167228	-2.8086378025506239e+07	1.4283039746545255e+03
153	19.041754	-2.8085571177317593e+07	8.0684818864613771e+02
154	18.975834	-2.8085006458207589e+07	5.6471911000460386e+02
155	19.186460	-2.8084241228636652e+07	7.6522957093641162e+02
156	19.135887	-2.8079825446364161e+07	4.4157822724916041e+03
157	19.133311	-2.8073489222325124e+07	6.3362240390367806e+03
158	19.273991	-2.8071500609370578e+07	1.9886129545457661e+03
159	19.243401	-2.8070935606112134e+07	5.6500325844436884e+02
160	19.151403	-2.8070998394046426e+07	-6.2787934292107821e+01
161	19.110718	-2.8070824030016560e+07	1.7436402986571193e+02
162	19.198844	-2.8070693936106842e+07	1.3009390971809626e+02
163	19.080088	-2.8075505615417242e+07	-4.8116793104000390e+03
164	19.025672	-2.8075092491029955e+07	4.1312438728660345e+02
165	19.213976	-2.8074834570090201e+07	2.5792093975469470e+02
166	18.981350	-2.8074601394598451e+07	2.3317549175024033e+02
167	18.991925	-2.8074391274792124e+07	2.1011980632692575e+02
168	19.165129	-2.8072633099323206e+07	1.7581754689179361e+03
169	19.215956	-2.8070895210715927e+07	1.7378886072784662e+03
170	19.045978	-2.8070350665606376e+07	5.4454510955139995e+02
171	19.155367	-2.8070705387636587e+07	-3.5472203021124005e+02
172	19.121952	-2.8083548238766752e+07	-1.2842851130165160e+04
173	19.009585	-2.8082526435357429e+07	1.0218034093230963e+03
174	19.196051	-2.8081952835963439e+07	5.7359939398989081e+02
175	19.035659	-2.8081513353983071e+07	4.3948198036849499e+02
176	18.912605	-2.8080623515117772e+07	8.8983886529877782e+02
177	19.220210	-2.8075677092771802e+07	4.9464223459698260e+03
178	19.201417	-2.8071708849819176e+07	3.9682429526261985e+03
179	19.140848	-2.8070723328809753e+07	9.8552100942283869e+02
180	19.166659	-2.8070499807034325e+07	2.2352177542820573e+02
181	19.159408	-2.8070247831397343e+07	2.5197563698142767e+02
182	19.069849	-2.8070593875674970e+07	-3.4604427762702107e+02
183	19.071147	-2.8083414593465671e+07	-1.2820717790700495e+04
184	19.167316	-2.8082365311288252e+07	1.0492821774184704e+03
185	18.999503	-2.8081797370872032e+07	5.6794041622057557e+02
186	19.003348	-2.8081352921764303e+07	4.4444910772889853e+02
187	19.181614	-2.8080470235602610e+07	8.8268616169318557e+02
188	19.176205	-2.8075846362017486e+07	4.6238735851235688e+03
189	19.045684	-2.8071783532488689e+07	4.0628295287974179e+03
190	19.162026	-2.8070700347935572e+07	1.0831845531165600e+03
191	19.204797	-2.8070518860160459e+07	1.8148777511343360e+02
192	19.031065	-2.8070361392982028e+07	1.5746717843040824e+02
193	19.235440	-2.8070699882771041e+07	-3.3848978901281953e+02
194	19.043197	-2.8087697048311908e+07	-1.6997165540866554e+04
195	18.960546	-2.8086205693557743e+07	1.4913547541648149e+03
196	19.130599	-2.8085469164778862e+07	7.3652877888083458e+02
197	19.058596	-2.8084859412390113e+07	6.0975238874927163e+02
198	19.098008	-2.8083828633861233e+07	1.0307785288803279e+03
199	19.112059	-2.8078448674553283e+07	5.3799593079499900e+03
200	19.188782	-2.8072751543197043e+07	5.6971313562393188e+03
201	19.099588	-2.8071075993347112e+07	1.6755498499311507e+03
202	19.105287	-2.8070644436700150e+07	4.3155664696171880e+02
203	19.164717	-2.8070326710023619e+07	3.1772667653113604e+02
204	19.014254	-2.8070631095505394e+07	-3.0438548177480698e+02
205	19.020435	-2.8083432531147711e+07	-1.2801435642316937e+04
206	19.164474	-2.8082396326483611e+07	1.0362046640999615e+03
207	19.002864	-2.8081805004479647e+07	5.9132200396433473e+02
208	18.926576	-2.8081305117953140e+07	4.9988652650639415e+02
209	19.224397	-2.8080503131071810e+07	8.0198688133060932e+02
210	19.151101	-2.8075913560253900e+07	4.5895708179101348e+03
211	19.076211	-2.8071822320797674e+07	4.0912394562251866e+03
212	19.173655	-2.8070776279493913e+07	1.0460413037613034e+03
213	19.104548	-2.8070474394929960e+07	3.0188456395268440e+02
214	19.065998	-2.8070345462400157e+07	1.2893252980336547e+02
215	19.195275	-2.8070672861498609e+07	-3.2739909845218062e+02
216	19.092602	-2.8087526555375014e+07	-1.6853693876404315e+04
217	18.940779	-2.8086088451567128e+07	1.4381038078851998e+03
218	19.174572	-2.8085303843368664e+07	7.8460819846391678e+02
219	19.171815	-2.8084722042218100e+07	5.8180115056410432e+02
220	19.182295	-2.8083713623783536e+07	1.0084184345640242e+03
221	19.159287	-2.8078467744754534e+07	5.2458790290020406e+03
222	19.178343	-2.8072770722653754e+07	5.6970221007801592e+03
223	19.125765	-2.8071121619837455e+07	1.6491028162986040e+03
224	19.068994	-2.8070559888679169e+07	5.6173115828633308e+02
225	19.225993	-2.8070262739390682e+07	2.9714928848668933e+02
226	19.010939	-2.8070654688564651e+07	-3.9194917396828532e+02
227	19.019730	-2.8083508449044399e+07	-1.2853760479748249e+04
228	19.157301	-2.8082392268400390e+07	1.1161806440092623e+03
229	19.164625	-2.8081838746449918e+07	5.5352195047214627e+02
230	19.034560	-2.8081336636880610e+07	5.0210956930741668e+02
231	19.217365	-2.8080490928472590e+07	8.4570840802043676e+02
232	19.171807	-2.8075928927081067e+07	4.5620013915225863e+03
233	19.049468	-2.8071955894920595e+07	3.9730321604721248e+03
234	19.208581	-2.8070896976500425e+07	1.0589184201695025e+03
235	19.119099	-2.8070505414104812e+07	3.9156239561364055e+02
236	18.987384	-2.8070238877927154e+07	2.6653617765754461e+02
237	19.207987	-2.8070583136141442e+07	-3.4425821428745985e+02
238	19.083843	-2.8087431630404521e+07	-1.6848494263079017e+04
239	19.160891	-2.8086114755871464e+07	1.3168745330572128e+03
240	19.130144	-2.8085338236588605e+07	7.7651928285881877e+02
241	19.230763	-2.8084703846965082e+07	6.3438962352275848e+02
242	19.089387	-2.8083925805961560e+07	7.7804100352153182e+02
243	19.113617	-2.8078652266632210e+07	5.2735393293499947e+03
244	19.222597	-2.8072882446321543e+07	5.7698203106671572e+03
245	19.093474	-2.8071201912763312e+07	1.6805335582308471e+03
246	19.044195	-2.8070618944760989e+07	5.8296800232306123e+02
247	19.199729	-2.8070395334451210e+07	2.2361030977964401e+02
248	19.030272	-2.8070697406039976e+07	-3.0207158876582980e+02
249	19.007280	-2.8083497436193962e+07	-1.2800030153986067e+04
250	19.196134	-2.8082421025917027e+07	1.0764102769345045e+03
251	19.200366	-2.8081815960072458e+07	6.0506584456935525e+02
252	19.012405	-2.8081299020254821e+07	5.1693981763720512e+02
253	19.173636	-2.8080590324950427e+07	7.0869530439376831e+02
254	19.117737	-2.8076011584065285e+07	4.5787408851422369e+03
255	19.041347	-2.8071895322218705e+07	4.1162618465796113e+03
256	19.191449	-2.8070812719523057e+07	1.0826026956476271e+03
257	19.105567	-2.8070400065995663e+07	4.1265352739393711e+02
258	19.009594	-2.8070148825853977e+07	2.5124014168605208e+02
259	19.210515	-2.8070610641207635e+07	-4.6181535365805030e+02
260	19.181009	-2.8087461754123941e+07	-1.6851112916305661e+04
261	19.158852	-2.8085990403016485e+07	1.4713511074557900e+03
262	19.112677	-2.8085217942256782e+07	7.7246075970306993e+02
263	19.174006	-2.8084695432848692e+07	5.2250940809026361e+02
264	19.101101	-2.8083742793692078e+07	9.5263915661349893e+02
265	19.039931	-2.8078427776973099e+07	5.3150167189799249e+03
266	19.220317	-2.8072719847678840e+07	5.7079292942583561e+03
267	19.080072	-2.8071087171274196e+07	1.6326764046438038e+03
268	19.023278	-2.8070530859013371e+07	5.5631226082518697e+02
269	19.227987	-2.8070233879148442e+07	2.9697986492887139e+02
270	19.186226	-2.8070602316859324e+07	-3.6843771088123322e+02
271	19.076826	-2.8083637573577363e+07	-1.3035256718039513e+04
272	19.242907	-2.8082575395126700e+07	1.0621784506626427e+03
273	19.194932	-2.8081967578327328e+07	6.0781679937243462e+02
274	19.030996	-2.8081448120677378e+07	5.1945764994993806e+02
275	19.160129	-2.8080577597497694e+07	8.7052317968383431e+02
276	19.087262	-2.8075981280587614e+07	4.5963169100806117e+03
277	19.046636	-2.8072020271529097e+07	3.9610090585164726e+03
278	19.213134	-2.8070878114492670e+07	1.1421570364274085e+03
279	19.066521	-2.8070457012784768e+07	4.2110170790180564e+02
280	19.011345	-2.8070254350559700e+07	2.0266222506761551e+02
281	19.154359	-2.8070663560335394e+07	-4.0920977569371462e+02
282	19.216847	-2.8087511873616878e+07	-1.6848313281483948e+04
283	19.108596	-2.8086024739282560e+07	1.4871343343183398e+03
284	19.096777	-2.8085239272419553e+07	7.8546686300635338e+02
285	19.197464	-2.8084594433538955e+07	6.4483888059854507e+02
286	19.036209	-2.8083584970524982e+07	1.0094630139730871e+03
287	19.063637	-2.8078595595091052e+07	4.9893754339292645e+03
288	19.186946	-2.8072861287436560e+07	5.7343076544925570e+03
289	19.025420	-2.8071167217416264e+07	1.6940700202956796e+03
290	19.012018	-2.8070596314583015e+07	5.7090283324941993e+02
291	19.257430	-2.8070333324750345e+07	2.6298983266949654e+02
292	19.238991	-2.8070695658238027e+07	-3.6233348768204451e+02
293	19.032947	-2.8083526237194248e+07	-1.2830578956220299e+04
294	19.162869	-2.8082414250777647e+07	1.1119864166006446e+03
295	19.135148	-2.8081823904378202e+07	5.9034639944508672e+02
296	18.987499	-2.8081317952298738e+07	5.0595207946375012e+02
297	19.193783	-2.8080637491328698e+07	6.8046097004041076e+02
298	19.100445	-2.8076084714348570e+07	4.5527769801281393e+03
299	18.978234	-2.8071977168021627e+07	4.1075463269427419e+03
300	19.243172	-2.8070839633602779e+07	1.1375344188474119e+03
301	19.218531	-2.8070418487077102e+07	4.2114652567729354e+02
302	19.120743	-2.8070198559444409e+07	2.1992763269320130e+02
303	19.145040	-2.8070539406157766e+07	-3.4084671335667372e+02
304	19.203375	-2.8087455191225290e+07	-1.6915785067524761e+04
305	19.090902	-2.8085981623650931e+07	1.4735675743594766e+03
306	19.082452	-2.8085334020065233e+07	6.4760358569771051e+02
307	19.180450	-2.8084687358055990e+07	6.4666200924292207e+02
308	19.059250	-2.8083675103600007e+07	1.0122544559836388e+03
309	19.024596	-2.8078392926908191e+07	5.2821766918152571e+03
310	19.209440	-2.8072685749338131e+07	5.7071775700598955e+03
311	19.025030	-2.8071011843146037e+07	1.6739061920940876e+03
312	19.001077	-2.8070456650643609e+07	5.5519250242784619e+02
313	19.231133	-2.8070320528823189e+07	1.3612182042002678e+02
314	19.207773	-2.8070622599407144e+07	-3.0207058395445347e+02
315	19.045986	-2.8083412253961142e+07	-1.2789654553998262e+04
316	19.159011	-2.8082312474251065e+07	1.0997797100767493e+03
317	19.106782	-2.8081792944693420e+07	5.1952955764532089e+02
318	19.009291	-2.8081368802762024e+07	4.2414193139597774e+02
319	19.209306	-2.8080563463198625e+07	8.0533956339955330e+02
320	19.098342	-2.8076009401032638e+07	4.5540621659867465e+03
321	18.973922	-2.8071915207664385e+07	4.0941933682523668e+03
322	19.194861	-2.8070791600164916e+07	1.1236074994690716e+03
323	19.229642	-2.8070491116946086e+07	3.0048321883007884e+02
324	19.187152	-2.8070230567546833e+07	2.6054939925298095e+02
325	19.164611	-2.8070580240012359e+07	-3.4967246552556753e+02
326	19.175913	-2.8087532026249666e+07	-1.6951786237306893e+04
327	19.091012	-2.8086089481991865e+07	1.4425442578010261e+03
328	19.043918	-2.8085304191730656e+07	7.8529026120901108e+02
329	19.201786	-2.8084814157225825e+07	4.9003450483083725e+02
330	18.988889	-2.8083790307081532e+07	1.0238501442931592e+03
331	19.015437	-2.8078464777200609e+07	5.3255298809222877e+03
332	19.222013	-2.8072746898087252e+07	5.7178791133575141e+03
333	19.202149	-2.8071058635079242e+07	1.6882630080096424e+03
334	19.064731	-2.8070495709624302e+07	5.6292545494064689e+02
335	19.243386	-2.8070318075786330e+07	1.7763383797183633e+02
336	19.166346	-2.8070729925233878e+07	-4.1184944754838943e+02
337	19.057949	-2.8083516331659980e+07	-1.2786406426101923e+04
338	19.171022	-2.8082504337531362e+07	1.0119941286183894e+03
339	19.087417	-2.8081907429719362e+07	5.9690781199932098e+02
340	18.960090	-2.8081402041438550e+07	5.0538828081265092e+02
341	19.217747	-2.8080564061478935e+07	8.3797995961457491e+02
342	19.104971	-2.8076021548361532e+07	4.5425131174027920e+03
343	19.161254	-2.8071924953533858e+07	4.0965948276743293e+03
344	19.161168	-2.8070794369866841e+07	1.1305836670175195e+03
345	19.239379	-2.8070449185334060e+07	3.4518453278020024e+02
346	19.104633	-2.8070272624462977e+07	1.7656087108328938e+02
347	19.126367	-2.8070607762661666e+07	-3.3513819868862629e+02
348	19.181867	-2.8087458533151049e+07	-1.6850770489383489e+04
349	19.033102	-2.8086010560119353e+07	1.4479730316959321e+03
350	18.995470	-2.8085265809660178e+07	7.4475045917555690e+02
351	19.174810	-2.8084614643028315e+07	6.5116663186252117e+02
352	18.995160	-2.8083723769873675e+07	8.9087315464019775e+02
353	19.021262	-2.8078571427328162e+07	5.1523425455130637e+03
354	19.208482	-2.8072851333722025e+07	5.7200936061367393e+03
355	19.228774	-2.8071165849078596e+07	1.6854846434295177e+03
356	19.067129	-2.8070602639686178e+07	5.6320939241722226e+02
357	19.184777	-2.8070296129251160e+07	3.0651043501868844e+02
358	19.161742	-2.8070674756958947e+07	-3.7862770778685808e+02
359	19.038706	-2.8083478918019857e+07	-1.2804161060910672e+04
360	19.193115	-2.8082419559758939e+07	1.0593582609184086e+03
361	19.039259	-2.8081827557999827e+07	5.9200175911188126e+02
362	18.951816	-2.8081378644432977e+07	4.4891356685012579e+02
363	19.161245	-2.8080513105550688e+07	8.6553888228908181e+02
364	19.254903	-2.8075923255784605e+07	4.5898497660830617e+03
365	19.156962	-2.8071874762178376e+07	4.0484936062283814e+03
366	19.139170	-2.8070736854164392e+07	1.1379080139845610e+03
367	19.221822	-2.8070315978204448e+07	4.2087595994397998e+02
368	19.100445	-2.8070069575793643e+07	2.4640241080522537e+02
369	19.094061	-2.8070545303023770e+07	-4.7572723012790084e+02
370	19.211271	-2.8087587756868795e+07	-1.7042453845024109e+04
371	19.021932	-2.8086106865005374e+07	1.4808918634206057e+03
372	19.014602	-2.8085370299429305e+07	7.3656557606905699e+02
373	19.157145	-2.8084723974751726e+07	6.4632467757910490e+02
374	19.186729	-2.8083711595433105e+07	1.0123793186210096e+03
375	19.025624	-2.8078455763104800e+07	5.2558323283046484e+03
376	19.229669	-2.8072742921745099e+07	5.7128413597010076e+03
377	19.182629	-2.8071113178281605e+07	1.6297434634938836e+03
378	19.061308	-2.8070549423427243e+07	5.6375485436245799e+02
379	19.181967	-2.8070243911816280e+07	3.0551161096245050e+02
380	19.132730	-2.8070596143629801e+07	-3.5223181352019310e+02
381	18.991200	-2.8083482476730444e+07	-1.2886333100643009e+04
382	19.210383	-2.8082370534249604e+07	1.1119424808397889e+03
383	19.098232	-2.8081793386651684e+07	5.7714759792014956e+02
384	19.101095	-2.8081325475550812e+07	4.6791110087186098e+02
385	19.117919	-2.8080542514034279e+07	7.8296151653304696e+02
386	19.244070	-2.8075959976519756e+07	4.5825375145226717e+03
387	19.187313	-2.8071871591020785e+07	4.0883854989707470e+03
388	19.079821	-2.8070803665315609e+07	1.0679257051758468e+03
389	19.174544	-2.8070393300806977e+07	4.1036450863257051e+02
390	19.086887	-2.8070176053369563e+07	2.1724743741378188e+02
391	19.077812	-2.8070527366245333e+07	-3.5131287577003241e+02
392	19.173833	-2.8087379126526739e+07	-1.6851760281406343e+04
393	18.984105	-2.8085916212826859e+07	1.4629136998802423e+03
394	19.004600	-2.8085218925298572e+07	6.9728752828761935e+02
395	19.172345	-2.8084585914960757e+07	6.3301033781468868e+02
396	19.220350	-2.8083623712770145e+07	9.6220219061151147e+02
397	19.043490	-2.8078346700825550e+07	5.2770119445957243e+03
398	19.223575	-2.8072646556863256e+07	5.7001439622938633e+03
399	19.157738	-2.8071095058416970e+07	1.5514984462857246e+03
400	19.045202	-2.8070553398240633e+07	5.4166017633676529e+02
401	19.230579	-2.8070256397727776e+07	2.9700051285699010e+02
402	19.075102	-2.8070582443630308e+07	-3.2604590253159404e+02
403	18.950234	-2.8083380806908865e+07	-1.2798363278556615e+04
404	19.212601	-2.8082333939387679e+07	1.0468675211854279e+03
405	19.161599	-2.8081823949581973e+07	5.0998980570584536e+02
406	19.112786	-2.8081323246088542e+07	5.0070349343121052e+02
407	19.069876	-2.8080472049456894e+07	8.5119663164764643e+02
408	19.191874	-2.8075890156186327e+07	4.5818932705670595e+03
409	19.069164	-2.8071804265574869e+07	4.0858906114585698e+03
410	19.034851	-2.8070696734203387e+07	1.1075313714817166e+03
411	19.166320	-2.8070351057498235e+07	3.4567670515179634e+02
412	19.003304	-2.8070227538045727e+07	1.2351945250853896e+02
413	19.068348	-2.8070670733147383e+07	-4.4319510165601969e+02
414	19.183939	-2.8087514784784198e+07	-1.6844051636815071e+04
415	19.142653	-2.8086041458153430e+07	1.4733266307674348e+03
416	18.974847	-2.8085322653051220e+07	7.1880510221049190e+02
417	19.192837	-2.8084797662698291e+07	5.2499035292863846e+02
418	19.103751	-2.8083779256521527e+07	1.0184061767645180e+03
419	19.007535	-2.8078460116042875e+07	5.3191404786519706e+03
420	19.168679	-2.8072745750333451e+07	5.7143657094240189e+03
421	19.071758	-2.8071063506265968e+07	1.6822440674826503e+03
422	18.978985	-2.8070625885256786e+07	4.3762100918218493e+02
423	19.168792	-2.8070316254731927e+07	3.0963052485883236e+02
424	19.081420	-2.8070631034830149e+07	-3.1478009822219610e+02
425	19.102494	-2.8083484138212521e+07	-1.2853103382371366e+04
426	19.107680	-2.8082366679943524e+07	1.1174582689963281e+03
427	19.148092	-2.8081774360938136e+07	5.9231900538876653e+02
428	19.105480	-2.8081268132667836e+07	5.0622827029973269e+02
429	19.062955	-2.8080499053653505e+07	7.6907901433110237e+02
430	19.160249	-2.8075917766548347e+07	4.5812871051579714e+03
431	19.058489	-2.8071828403834548e+07	4.0893627137988806e+03
432	18.989916	-2.8070706962569799e+07	1.1214412647485733e+03
433	19.139396	-2.8070357191010628e+07	3.4977155917137861e+02
434	18.976423	-2.8070101235974811e+07	2.5595503581687808e+02
435	18.985838	-2.8070454736088887e+07	-3.5350011407583952e+02
436	19.181472	-2.8087427953222256e+07	-1.6973217133369297e+04
437	19.168894	-2.8086203921407707e+07	1.2240318145491183e+03
438	19.007010	-2.8085415877915017e+07	7.8804349268972874e+02
439	19.155179	-2.8084766515425730e+07	6.4936248928681016e+02
440	19.076969	-2.8083780886548262e+07	9.8562887746840715e+02
441	18.993749	-2.8078498867979851e+07	5.2820185684114695e+03
442	19.193086	-2.8072776763609421e+07	5.7221043704301119e+03
443	19.072395	-2.8071086466084018e+07	1.6902975254021585e+03
444	18.999098	-2.8070525086473521e+07	5.6137961049750447e+02
445	19.180080	-2.8070224440635804e+07	3.0064583771675825e+02
446	19.201736	-2.8070655905640475e+07	-4.3146500467136502e+02
447	19.150315	-2.8083449416959342e+07	-1.2793511318866163e+04
448	19.110507	-2.8082338603469104e+07	1.1108134902380407e+03
449	19.191203	-2.8081754252732635e+07	5.8435073646903038e+02
450	19.041260	-2.8081259944621202e+07	4.9430811143293977e+02
451	18.997475	-2.8080465756192349e+07	7.9418842885270715e+02
452	19.174948	-2.8075931499561626e+07	4.5342566307224333e+03
453	18.995551	-2.8071976522738267e+07	3.9549768233597279e+03
454	18.998514	-2.8070845168773178e+07	1.1313539650887251e+03
455	19.167491	-2.8070430397336148e+07	4.1477143703028560e+02
456	19.209804	-2.8070174201808378e+07	2.5619552776962519e+02
457	19.020763	-2.8070529931450959e+07	-3.5572964258119464e+02
458	19.167848	-2.8087560563306421e+07	-1.7030631855461746e+04
459	19.155737	-2.8086079078822609e+07	1.4814844838120043e+03
460	18.986058	-2.8085355458913185e+07	7.2361990942433476e+02
461	19.121438	-2.8084714312438346e+07	6.4114647483825684e+02
462	19.004574	-2.8083708775394939e+07	1.0055370434075594e+03
463	18.955151	-2.8078395947102744e+07	5.3128282921947539e+03
464	19.168241	-2.8072800483317237e+07	5.5954637855067849e+03
465	19.228226	-2.8071113717711467e+07	1.6867656057700515e+03
466	19.088530	-2.8070588480276931e+07	5.2523743453621864e+02
467	19.161497	-2.8070279568465542e+07	3.0891181138902903e+02
468	19.173043	-2.8070689874137610e+07	-4.1030567206814885e+02
469	19.096018	-2.8083484489037301e+07	-1.2794614899691194e+04
470	19.015405	-2.8082418283334184e+07	1.0662057031169534e+03
471	19.168400	-2.8081854712066457e+07	5.6357126772776246e+02
472	18.959062	-2.8081488018762540e+07	3.6669330391660333e+02
473	19.005014	-2.8080623699693508e+07	8.6431906903162599e+02
474	19.188456	-2.8076028443095196e+07	4.5952565983124077e+03
475	19.107019	-2.8071927982825886e+07	4.1004602693095803e+03
476	18.964543	-2.8070799419490192e+07	1.1285633356943727e+03
477	19.159480	-2.8070512161058027e+07	2.8725843216478825e+02
478	19.160806	-2.8070241230276350e+07	2.7093078167736530e+02
479	19.019490	-2.8070582506429680e+07	-3.4127615332975984e+02
480	19.164329	-2.8087455336299352e+07	-1.6872829869672656e+04
481	19.090153	-2.8086083012393776e+07	1.3723239055760205e+03
482	18.947179	-2.8085361444709741e+07	7.2156768403574824e+02
483	19.184529	-2.8084725553641070e+07	6.3589106867089868e+02
484	19.036512	-2.8083714601528507e+07	1.0109521125629544e+03
485	19.097775	-2.8078402818363287e+07	5.3117831652201712e+03
486	19.103184	-2.8072694121252697e+07	5.7086971105895936e+03
487	19.197035	-2.8071070421982042e+07	1.6236992706544697e+03
488	19.154875	-2.8070651037485860e+07	4.1938449618220329e+02
489	19.100933	-2.8070463595010638e+07	1.8744247522205114e+02
490	19.137858	-2.8070764917299777e+07	-3.0132228913903236e+02
491	19.078783	-2.8083594294061430e+07	-1.2829376761652529e+04
492	19.014898	-2.8082475176287331e+07	1.1191177740991116e+03
493	19.178337	-2.8081879719897430e+07	5.9545638990029693e+02
494	18.935748	-2.8081369867127221e+07	5.0985277020931244e+02
495	18.939860	-2.8080679803346090e+07	6.9006378113105893e+02
496	19.178173	-2.8076073326254267e+07	4.6064770918227732e+03
497	19.211603	-2.8071966527942047e+07	4.1067983122207224e+03
498	19.047310	-2.8070826868739348e+07	1.1396592026986182e+03
499	19.138964	-2.8070564184140261e+07	2.6268459908664227e+02
500	19.076420	-2.8070306497118261e+07	2.5768702200055122e+02
501	19.022116	-2.8070670804135583e+07	-3.6430701732262969e+02
502	19.129272	-2.8087508094812013e+07	-1.6837290676429868e+04
503	19.085398	-2.8086097850704700e+07	1.4102441073134542e+03
504	18.897180	-2.8085325809354540e+07	7.7204135015979409e+02
505	19.179006	-2.8084722444212276e+07	6.0336514226347208e+02
506	19.147406	-2.8083709788527671e+07	1.0126556846052408e+03
507	19.122346	-2.8078395035629991e+07	5.3147528976798058e+03
508	19.124169	-2.8072744735895153e+07	5.6502997348383069e+03
509	19.216987	-2.8071136602853458e+07	1.6081330416947603e+03
510	19.056600	-2.8070568743939724e+07	5.6785891373455524e+02
511	19.077192	-2.8070261920665786e+07	3.0682327393814921e+02
512	19.217723	-2.8070577003790721e+07	-3.1508312493562698e+02
513	19.015893	-2.8083505882511452e+07	-1.2928878720730543e+04
514	18.999151	-2.8082383008336648e+07	1.1228741748034954e+03
515	19.095879	-2.8081803199676298e+07	5.7980866035073996e+02
516	19.121937	-2.8081340723646391e+07	4.6247602990642190e+02
517	18.949581	-2.8080487770406067e+07	8.5295324032381177e+02
518	19.124132	-2.8075907760882914e+07	4.5800095231533051e+03
519	19.127638	-2.8071818628491111e+07	4.0891323918029666e+03
520	18.990573	-2.8070694821768176e+07	1.1238067229352891e+03
521	19.144574	-2.8070567783379257e+07	1.2703838891908526e+02
522	19.000146	-2.8070389521566838e+07	1.7826181241869926e+02
523	18.976066	-2.8070723494272724e+07	-3.3397270588576794e+02
524	19.116471	-2.8087582770719226e+07	-1.6859276446502656e+04
525	19.040260	-2.8086101730097201e+07	1.4810406220257282e+03
526	19.060941	-2.8085438798832819e+07	6.6293126438185573e+02
527	19.065972	-2.8084776445317544e+07	6.6235351527482271e+02
528	19.124754	-2.8083756370121043e+07	1.0200751965008676e+03
529	19.074567	-2.8078473196831279e+07	5.2831732897646725e+03
530	19.070544	-2.8072792969652805e+07	5.6802271784730256e+03
531	19.161287	-2.8071093542702772e+07	1.6994269500337541e+03
532	18.975742	-2.8070516256055571e+07	5.7728664720058441e+02
533	18.962082	-2.8070196337397706e+07	3.1991865786537528e+02
534	19.124842	-2.8070508351099636e+07	-3.1201370193064213e+02
535	19.140558	-2.8083522683456022e+07	-1.3014332356385887e+04
536	18.916642	-2.8082415352509644e+07	1.1073309463784099e+03
537	19.151258	-2.8081864414602101e+07	5.5093790754303336e+02
538	19.112004	-2.8081366907009095e+07	4.9750759300589561e+02
539	18.993433	-2.8080615319888782e+07	7.5158712031319737e+02
540	19.129192	-2.8076018157210890e+07	4.5971626778915524e+03
541	19.090923	-2.8071951607816283e+07	4.0665493946075439e+03
542	18.967052	-2.8070821086752467e+07	1.1305210638158023e+03
543	19.133132	-2.8070407848086685e+07	4.1323866578191519e+02
544	19.086873	-2.8070153790941462e+07	2.5405714522302151e+02
545	19.105551	-2.8070509585840695e+07	-3.5579489923268557e+02
546	19.084260	-2.8087582935089014e+07	-1.7073349248319864e+04
547	19.147513	-2.8086096001922820e+07	1.4869331661947072e+03
548	19.088442	-2.8085383866277739e+07	7.1213564508035779e+02
549	19.037507	-2.8084734675455101e+07	6.4919082263857126e+02
550	19.122633	-2.8083717785778008e+07	1.0168896770924330e+03
551	19.017452	-2.8078393549676847e+07	5.3242361011616886e+03
552	18.982728	-2.8072722019788086e+07	5.6715298887602985e+03
553	19.147535	-2.8071130548093766e+07	1.5914716943204403e+03
554	18.939779	-2.8070562281763926e+07	5.6826632983982563e+02
555	18.983176	-2.8070254575368538e+07	3.0770639538764954e+02
556	19.140680	-2.8070569558468521e+07	-3.1498309998214245e+02
557	19.141875	-2.8083365914042283e+07	-1.2796355573762208e+04
558	18.981572	-2.8082263080764834e+07	1.1028332774490118e+03
559	19.083094	-2.8081999739953458e+07	2.6334081137552857e+02
560	19.044056	-2.8081481534111459e+07	5.1820584199950099e+02
561	18.918946	-2.8080618159584180e+07	8.6337452727928758e+02
562	19.161383	-2.8076023182457566e+07	4.5949771266132593e+03
563	19.040587	-2.8071925407533314e+07	4.0977749242521822e+03
564	18.903643	-2.8070866708830219e+07	1.0586987030953169e+03
565	19.143692	-2.8070445196515448e+07	4.2151231477037072e+02
566	19.172765	-2.8070239843187999e+07	2.0535332744941115e+02
567	19.182930	-2.8070631549000695e+07	-3.9170581269636750e+02
568	19.053579	-2.8087480727028113e+07	-1.6849178027417511e+04
569	19.107901	-2.8086089114763442e+07	1.3916122646704316e+03
570	18.995405	-2.8085308009090386e+07	7.8110567305609584e+02
571	18.975750	-2.8084776842088219e+07	5.3116700216755271e+02
572	19.118415	-2.8083759022490270e+07	1.0178195979483426e+03
573	18.955342	-2.8078490523622692e+07	5.2684988675788045e+03
574	18.976973	-2.8072777860374577e+07	5.7126632481142879e+03
575	19.128600	-2.8071161021429025e+07	1.6168389455527067e+03
576	19.172473	-2.8070591154186513e+07	5.6986724251136184e+02
577	18.953367	-2.8070332722290911e+07	2.5843189560249448e+02
578	19.158505	-2.8070636896763965e+07	-3.0417447305470705e+02
579	19.082842	-2.8083442627731346e+07	-1.2805730967380106e+04
580	18.936199	-2.8082369534061242e+07	1.0730936701036990e+03
581	19.136114	-2.8081774152289297e+07	5.9538177194446325e+02
582	18.993316	-2.8081268588957451e+07	5.0556333184614778e+02
583	18.878050	-2.8080411935294721e+07	8.5665366273000836e+02
584	19.147349	-2.8076081402851120e+07	4.3305324436016381e+03
585	19.186720	-2.8071974461748358e+07	4.1069411027617753e+03
586	19.074706	-2.8070829245337881e+07	1.1452164104767144e+03
587	19.029103	-2.8070550825303696e+07	2.7842003418505192e+02
588	19.144560	-2.8070280739913467e+07	2.7008539022877812e+02
589	19.080603	-2.8070655586792868e+07	-3.7484687940031290e+02
590	18.968492	-2.8087519073572937e+07	-1.6863486780069768e+04
591	19.163873	-2.8086041803188812e+07	1.4772703841254115e+03
592	18.942860	-2.8085267712288480e+07	7.7409090033173561e+02
593	18.943830	-2.8084750937319431e+07	5.1677496904879808e+02
594	19.098045	-2.8083925379277926e+07	8.2555804150551558e+02
595	19.127125	-2.8078589940516267e+07	5.3354387616589665e+03
596	18.978508	-2.8072990981503315e+07	5.5989590129517019e+03
597	19.100497	-2.8071280218456268e+07	1.7107630470469594e+03
598	19.065701	-2.8070699295054950e+07	5.8092340131849051e+02
599	18.951405	-2.8070373618848052e+07	3.2567620689794421e+02
600	19.142433	-2.8070741673863556e+07	-3.6805501550436020e+02
601	18.970709	-2.8083596813529335e+07	-1.2855139665778726e+04
602	18.866015	-2.8082473898231801e+07	1.1229152975343168e+03
603	19.137577	-2.8081956708141688e+07	5.1719009011238813e+02
604	19.097407	-2.8081442638319176e+07	5.1406982251256704e+02
605	19.026951	-2.8080685590546485e+07	7.5704777269065380e+02
606	19.044525	-2.8076076013516564e+07	4.6095770299211144e+03
607	19.182219	-2.8072008100587636e+07	4.0679129289276898e+03
608	19.893449	-2.8070843468835242e+07	1.1646317523941398e+03
609	19.688835	-2.8070414208648387e+07	4.2926018685474992e+02
610	19.309984	-2.8070260802552700e+07	1.5340609568729997e+02
611	19.195266	-2.8070791728428368e+07	-5.3092587566748261e+02
612	19.059980	-2.8087658469580837e+07	-1.6866741152469069e+04
613	19.212268	-2.8086218333656922e+07	1.4401359239146113e+03
614	19.059166	-2.8085492906244528e+07	7.2542741239443421e+02
615	19.062605	-2.8084821905414429e+07	6.7100083009898663e+02
616	19.131054	-2.8083958890849039e+07	8.6301456538960338e+02
617	19.025277	-2.8078620357535802e+07	5.3385333132371306e+03
618	19.003123	-2.8072887631123740e+07	5.7327264120616019e+03
619	19.433108	-2.8071180974266555e+07	1.7066568571850657e+03
620	20.234107	-2.8070603392022017e+07	5.7758224453777075e+02
621	19.805266	-2.8070334071176820e+07	2.6932084519788623e+02
622	19.688491	-2.8070623815355971e+07	-2.8974417915195227e+02
623	20.060932	-2.8083414365143638e+07	-1.2790549787666649e+04
624	19.839534	-2.8082372776091218e+07	1.0415890524201095e+03
625	19.433971	-2.8081779355541132e+07	5.9342055008560419e+02
626	19.233363	-2.8081420260492850e+07	3.5909504828229547e+02
627	18.940958	-2.8080812284316372e+07	6.0797617647796869e+02
628	19.203888	-2.8076206353734124e+07	4.6059305822476745e+03
629	19.068338	-2.8072089503928602e+07	4.1168498055227101e+03
630	19.019041	-2.8071002205869906e+07	1.0872980586960912e+03
631	19.095005	-2.8070573326344632e+07	4.2887952527403831e+02
632	18.989604	-2.8070304277534872e+07	2.6904880975931883e+02
633	18.999193	-2.8070688852114789e+07	-3.8457457991689444e+02
634	19.091093	-2.8087551824732136e+07	-1.6862972617346793e+04
635	18.937360	-2.8086039522998136e+07	1.5123017340004444e+03
636	18.953299	-2.8085320928458024e+07	7.1859454011172056e+02
637	19.657451	-2.8084753757476304e+07	5.6717098172008991e+02
638	19.519445	-2.8083724615864079e+07	1.0291416122242808e+03
639	19.371637	-2.8078408862971425e+07	5.3157528926543891e+03
640	19.174601	-2.8072745947478622e+07	5.6629154928028584e+03
641	19.225246	-2.8071182771369506e+07	1.5631761091165245e+03
642	19.041660	-2.8070613812062774e+07	5.6895930673182011e+02
643	19.156609	-2.8070304330399405e+07	3.0948166336864233e+02
644	19.100541	-2.8070615577582642e+07	-3.1124718323722482e+02
645	19.080298	-2.8083564960095026e+07	-1.2949382512383163e+04
646	19.166064	-2.8082559172880564e+07	1.0057872144617140e+03
647	19.002785	-2.8081950782991353e+07	6.0838988921046257e+02
648	18.999481	-2.8081429971847389e+07	5.2081114396452904e+02
649	19.140555	-2.8080616374901254e+07	8.1359694613516331e+02
650	18.951445	-2.8076028440843035e+07	4.5879340582191944e+03
651	18.973677	-2.8071960282812916e+07	4.0681580301187932e+03
652	19.144365	-2.8070823967267860e+07	1.1363155450560153e+03
653	19.193841	-2.8070405175562173e+07	4.1879170568659902e+02
654	19.022328	-2.8070143521790039e+07	2.6165377213433385e+02
655	19.094024	-2.8070718003908657e+07	-5.7448211861774325e+02
656	19.082831	-2.8087562896080572e+07	-1.6844892171915621e+04
657	18.981406	-2.8086086250404377e+07	1.4766456761956215e+03
658	19.402500	-2.8085308867430165e+07	7.7738297421112657e+02
659	19.828663	-2.8084670829659566e+07	6.3803777059912682e+02
660	19.366808	-2.8083665269783001e+07	1.0055598765648901e+03
661	19.096470	-2.8078408650014009e+07	5.2566197689920664e+03
662	19.239584	-2.8072954861738857e+07	5.4537882751524448e+03
663	19.061322	-2.8071335895308960e+07	1.6189664298966527e+03
664	19.147817	-2.8070754682164930e+07	5.8121314403042197e+02
665	19.111853	-2.8070433446159575e+07	3.2123600535467267e+02
666	19.083435	-2.8070736744507339e+07	-3.0329834776371717e+02
667	19.136617	-2.8083542589366931e+07	-1.2805844859592617e+04
668	19.002995	-2.8082427080994293e+07	1.1155083726383746e+03
669	19.017982	-2.8081966504822269e+07	4.6057617202401161e+02
670	19.118361	-2.8081506949656013e+07	4.5955516625568271e+02
671	18.968095	-2.8080635383245394e+07	8.7156641061976552e+02
672	18.972334	-2.8076072114827625e+07	4.5632684177681804e+03
673	19.106564	-2.8072027850198943e+07	4.0442646286822855e+03
674	19.167198	-2.8070954564275622e+07	1.0732859233208001e+03
675	18.970137	-2.8070519227895841e+07	4.3533637978136539e+02
676	19.144966	-2.8070246346296012e+07	2.7288159982860088e+02
677	19.122283	-2.8070586061404329e+07	-3.3971510831639171e+02
678	18.946829	-2.8087512699416865e+07	-1.6926638012535870e+04
679	19.116380	-2.8086031066323485e+07	1.4816330933794379e+03
680	19.001775	-2.8085248440910392e+07	7.8262541309371591e+02
681	18.881387	-2.8084596638406847e+07	6.5180250354483724e+02
682	19.086794	-2.8083582208174288e+07	1.0144302325583994e+03
683	19.120071	-2.8078576297927625e+07	5.0059102466627955e+03
684	19.169812	-2.8072841650660709e+07	5.7346472669169307e+03
685	19.073786	-2.8071141249839965e+07	1.7004008207432926e+03
686	19.150085	-2.8070563028765336e+07	5.7822107462957501e+02
687	19.054196	-2.8070249273998573e+07	3.1375476676225662e+02
688	19.039086	-2.8070560812647022e+07	-3.1153864844888449e+02
689	19.160000	-2.8083501854573496e+07	-1.2941041926473379e+04
690	18.985950	-2.8082384548391040e+07	1.1173061824552715e+03
691	18.955792	-2.8081796126405433e+07	5.8842198560759425e+02
692	19.048360	-2.8081494417971998e+07	3.0170843343436718e+02
693	19.160719	-2.8080631702542506e+07	8.6271542949229479e+02
694	18.947641	-2.8076041894981865e+07	4.5898075606413186e+03
695	19.134035	-2.8071984072133530e+07	4.0578228483349085e+03
696	19.121944	-2.8070851523721326e+07	1.1325484122037888e+03
697	18.981258	-2.8070434192481752e+07	4.1733123957365751e+02
698	19.145188	-2.8070173078857724e+07	2.6111362402886152e+02
699	19.035780	-2.8070563284892578e+07	-3.9020603485405445e+02
700	18.902583	-2.8087616003404010e+07	-1.7052718511432409e+04
701	19.086475	-2.8086129988203287e+07	1.4860152007229626e+03
702	19.041594	-2.8085342794110686e+07	7.8719409260153770e+02
703	19.012238	-2.8084892473213878e+07	4.5032089680805802e+02
704	19.050062	-2.8083865852759823e+07	1.0266204540543258e+03
705	19.149233	-2.8078542795304555e+07	5.3230574552677572e+03
706	19.024436	-2.8072823086250633e+07	5.7197090539224446e+03
707	19.018167	-2.8071133480571982e+07	1.6896056786514819e+03
708	19.110918	-2.8070632196068905e+07	5.0128450307622552e+02
709	18.974468	-2.8070382794840034e+07	2.4940122887119651e+02
710	18.988767	-2.8070721235508878e+07	-3.3844066884368658e+02
711	19.059896	-2.8083510357015859e+07	-1.2789121506981552e+04
712	19.135523	-2.8082388066778380e+07	1.1222902374789119e+03
713	18.910064	-2.8081795102919944e+07	5.9296385843679309e+02
714	19.105335	-2.8081290768646091e+07	5.0433427385240793e+02
715	19.087449	-2.8080494316238243e+07	7.9645240784808993e+02
716	18.956261	-2.8075947744196177e+07	4.5465720420666039e+03
717	19.131291	-2.8071920388665091e+07	4.0273555310852826e+03
718	19.048094	-2.8070792132062692e+07	1.1282566023990512e+03
719	18.974245	-2.8070470035894904e+07	3.2209616778790951e+02
720	19.114383	-2.8070252973728653e+07	2.1706216625124216e+02
721	19.021849	-2.8070619816618819e+07	-3.6684289016574621e+02
722	19.092384	-2.8087476707144570e+07	-1.6856890525750816e+04
723	19.078490	-2.8085992336258769e+07	1.4843708858005702e+03
724	20.050877	-2.8085278869793613e+07	7.1346646515652537e+02
725	20.067187	-2.8084637511839628e+07	6.4135795398429036e+02
726	19.697103	-2.8083809367315143e+07	8.2814452448487282e+02
727	19.471381	-2.8078486582725838e+07	5.3227845893055201e+03
728	19.396119	-2.8072774844421204e+07	5.7117383046336472e+03
729	19.243219	-2.8071085034399528e+07	1.6898100216761231e+03
730	19.282550	-2.8070724517517626e+07	3.6051688190177083e+02
731	19.192955	-2.8070516226301432e+07	2.0829121619462967e+02
732	19.104142	-2.8070806033030167e+07	-2.8980672873556614e+02
733	19.206163	-2.8083593131269455e+07	-1.2787098239287734e+04
734	19.099175	-2.8082522002407938e+07	1.0711288615167141e+03
735	18.958043	-2.8081964201635767e+07	5.5780077217146754e+02
736	19.188765	-2.8081446613138225e+07	5.1758849754184484e+02
737	19.244161	-2.8080629724068973e+07	8.1688906925171614e+02
738	19.133362	-2.8076033630734220e+07	4.5960933347530663e+03
739	19.205212	-2.8071968178089604e+07	4.0654526446163654e+03
740	19.231276	-2.8070829094510097e+07	1.1390835795067251e+03
741	19.128131	-2.8070397586955104e+07	4.3150755499303341e+02
742	19.117081	-2.8070166837644622e+07	2.3074931048229337e+02
743	19.272898	-2.8070497121919882e+07	-3.3028427525982261e+02
744	19.032720	-2.8087359856817301e+07	-1.6862734897419810e+04
745	19.036784	-2.8086130220571980e+07	1.2296362453214824e+03
746	19.190523	-2.8085423818311818e+07	7.0640226016193628e+02
747	19.167667	-2.8084768224821594e+07	6.5559349022433162e+02
748	19.008200	-2.8083748329741910e+07	1.0198950796835124e+03
749	19.181398	-2.8078425404861707e+07	5.3229248802028596e+03
750	19.248532	-2.8072705539217710e+07	5.7198656439967453e+03
751	19.068651	-2.8071023857111413e+07	1.6816821062974632e+03
752	19.154787	-2.8070540132311653e+07	4.8372479975968599e+02
753	19.112565	-2.8070229918527845e+07	3.1021378380805254e+02
754	18.993439	-2.8070672745898705e+07	-4.4282737085968256e+02
755	19.147709	-2.8083475427472275e+07	-1.2802681573569775e+04
756	19.004174	-2.8082361203718428e+07	1.1142237538471818e+03
757	18.915088	-2.8081769635100652e+07	5.9156861777603626e+02
758	19.074443	-2.8081264555368908e+07	5.0507973174378276e+02
759	19.105635	-2.8080406535367154e+07	8.5802000175416470e+02
760	19.076012	-2.8075928506381340e+07	4.4780289858132601e+03
761	19.056914	-2.8071956471984841e+07	3.9720343964993954e+03
762	19.221311	-2.8070825694350004e+07	1.1307776348367333e+03
763	18.983920	-2.8070410194454830e+07	4.1549989517405629e+02
764	18.959665	-2.8070156147032153e+07	2.5404742267727852e+02
765	19.127825	-2.8070567084527429e+07	-4.1093749527633190e+02
766	18.889874	-2.8087417200417794e+07	-1.6850115890365094e+04
767	18.903123	-2.8085950717772845e+07	1.4664826449491084e+03
768	19.027177	-2.8085189313832775e+07	7.6140394007042050e+02
769	19.100657	-2.8084622084742967e+07	5.6722908980771899e+02
770	18.876317	-2.8083679503915183e+07	9.4258082778379321e+02
771	19.156213	-2.8078365686056547e+07	5.3138178586363792e+03
772	19.044661	-2.8072658617422357e+07	5.7070686341896653e+03
773	18.989897	-2.8070982449690375e+07	1.6761677319817245e+03
774	19.100674	-2.8070495924867034e+07	4.8652482334151864e+02
775	19.058391	-2.8070200677412711e+07	2.9524745432287455e+02
776	18.981281	-2.8070793343608074e+07	-5.9266619536280632e+02
777	19.101768	-2.8083608821710866e+07	-1.2815478102792054e+04
778	19.200523	-2.8082496295841414e+07	1.1125258694514632e+03
779	19.072118	-2.8081900520106461e+07	5.9577573495358229e+02
780	19.078732	-2.8081395708880417e+07	5.0481122604385018e+02
781	19.143710	-2.8080765398317467e+07	6.3031056294962764e+02
782	19.004460	-2.8076160489045095e+07	4.6049092723727226e+03
783	19.002339	-2.8072052095265027e+07	4.1083937800675631e+03
784	19.123342	-2.8070959336063012e+07	1.0927592020146549e+03
785	18.994030	-2.8070575779683914e+07	3.8355637909844518e+02
786	19.640167	-2.8070301382084250e+07	2.7439759966358542e+02
787	19.705053	-2.8070637831514720e+07	-3.3644943046942353e+02
788	19.385621	-2.8087494824719094e+07	-1.6856993204373866e+04
789	19.195897	-2.8086062348331511e+07	1.4324763875827193e+03
790	18.867634	-2.8085269173715092e+07	7.9317461641877890e+02
791	18.958714	-2.8084616713632558e+07	6.5246008253470063e+02
792	18.751680	-2.8083599550770275e+07	1.0171628622822464e+03
793	18.632434	-2.8078286497995600e+07	5.3130527746751904e+03
794	18.774076	-2.8072570203022767e+07	5.7162949728332460e+03
795	18.888231	-2.8070903370829429e+07	1.6668321933373809e+03
796	18.678318	-2.8070456130780742e+07	4.4724004868790507e+02
797	18.743041	-2.8070322818708930e+07	1.3331207181140780e+02
798	18.753661	-2.8070636156126183e+07	-3.1333741725236177e+02
799	18.667288	-2.8083435920635607e+07	-1.2799764509424567e+04
800	18.779540	-2.8082343741953455e+07	1.0921786821521819e+03
801	18.594051	-2.8081808486870605e+07	5.3525508284941316e+02
802	18.587105	-2.8081309988961015e+07	4.9849790959060192e+02
803	18.703502	-2.8080464019720647e+07	8.4596924036741257e+02
804	18.756988	-2.8075992362363867e+07	4.4716573567800224e+03
805	18.740734	-2.8071892425216839e+07	4.0999371470287442e+03
806	18.791654	-2.8070756662874445e+07	1.1357623423933983e+03
807	18.922310	-2.8070439657294855e+07	3.1700557959079742e+02
808	18.969478	-2.8070168552320477e+07	2.7110497437790036e+02
809	18.810873	-2.8070518676618956e+07	-3.5012429847940803e+02
810	18.911038	-2.8087368995936379e+07	-1.6850319317422807e+04
811	18.793822	-2.8086024428567633e+07	1.3445673687458038e+03
812	18.735473	-2.8085254542032607e+07	7.6988653502613306e+02
813	18.984048	-2.8084625749589641e+07	6.2879244296625257e+02
814	18.737230	-2.8083717122077115e+07	9.0862751252576709e+02
815	18.737349	-2.8078396081902336e+07	5.3210401747785509e+03
816	18.765561	-2.8072690820733082e+07	5.7052611692547798e+03
817	18.875017	-2.8071015199490100e+07	1.6756212429814041e+03
818	18.896215	-2.8070462639677539e+07	5.5255981256067753e+02
819	18.846737	-2.8070292279989410e+07	1.7035968812927604e+02
820	18.905706	-2.8070604224885870e+07	-3.1194489645957947e+02
821	18.745752	-2.8083403261570383e+07	-1.2799036684513092e+04
822	18.715636	-2.8082366122534215e+07	1.0371390361674130e+03
823	18.715043	-2.8081784611906942e+07	5.8151062727347016e+02
824	18.673651	-2.8081289654549599e+07	4.9495735734328628e+02
825	18.454387	-2.8080441666194901e+07	8.4798835469782352e+02
826	18.511353	-2.8075860335507650e+07	4.5813306872509420e+03
827	18.626735	-2.8071774330758549e+07	4.0860047491006553e+03
828	18.700537	-2.8070724105120827e+07	1.0502256377227604e+03
829	18.749595	-2.8070336205900989e+07	3.8789921983703971e+02
830	18.489546	-2.8070089058185369e+07	2.4714771562069654e+02
831	18.471312	-2.8070450737006668e+07	-3.6167882129922509e+02
832	18.448431	-2.8087376185772151e+07	-1.6925448765482754e+04
833	18.462680	-2.8085918079660110e+07	1.4581061120405793e+03
834	17.905296	-2.8085162435161404e+07	7.5564449870586395e+02
835	17.735834	-2.8084540389068637e+07	6.2204609276726842e+02
836	17.882068	-2.8083662944062978e+07	8.7744500565901399e+02
837	18.184577	-2.8078354662941027e+07	5.3082811219505966e+03
838	17.800849	-2.8072694560004149e+07	5.6601029368788004e+03
839	17.949875	-2.8071016744923819e+07	1.6778150803297758e+03
840	17.845340	-2.8070462796862341e+07	5.5394806147739291e+02
841	17.933522	-2.8070209340975441e+07	2.5345588690042496e+02
842	17.892264	-2.8070527718970891e+07	-3.1837799545004964e+02
843	17.945198	-2.8083332053050339e+07	-1.2804334079448134e+04
844	17.806506	-2.8082286479077298e+07	1.0455739730410278e+03
845	17.776745	-2.8081708789650742e+07	5.7768942655622959e+02
846	17.968217	-2.8081222167105857e+07	4.8662254488468170e+02
847	17.924353	-2.8080533796314642e+07	6.8837079121544957e+02
848	17.845547	-2.8075943503929961e+07	4.5902923846803606e+03
849	18.013521	-2.8071851773816288e+07	4.0917301136739552e+03
850	17.992425	-2.8070764555405021e+07	1.0872184112668037e+03
851	17.925200	-2.8070349322472136e+07	4.1523293288424611e+02
852	17.852934	-2.8070097184182625e+07	2.5213828951120377e+02
853	17.971951	-2.8070528678040680e+07	-4.3149385805428028e+02
854	17.766935	-2.8087389666982248e+07	-1.6860988941568881e+04
855	17.820753	-2.8085976707233246e+07	1.4129597490020096e+03
856	17.940973	-2.8085202765441086e+07	7.7394179216027260e+02
857	17.844275	-2.8084571580832824e+07	6.3118460826203227e+02
858	17.792447	-2.8083624115318544e+07	9.4746551427990198e+02
859	17.970293	-2.8078312866735123e+07	5.3112485834211111e+03
860	18.020626	-2.8072608400328491e+07	5.7044664066322148e+03
861	17.895615	-2.8070993041012209e+07	1.6153593162819743e+03
862	17.831761	-2.8070498550395381e+07	4.9449061682820320e+02
863	17.957513	-2.8070200934840377e+07	2.9761555500328541e+02
864	17.975869	-2.8070524111614052e+07	-3.2317677367478609e+02
865	17.943650	-2.8083327326490428e+07	-1.2803214876376092e+04
866	17.958578	-2.8082302109317984e+07	1.0252171724438667e+03
867	17.840183	-2.8081739330913875e+07	5.6277840410917997e+02
868	17.887012	-2.8081245602966093e+07	4.9372794778272510e+02
869	17.919253	-2.8080403460182112e+07	8.4214278398081660e+02
870	17.979057	-2.8075888410279486e+07	4.5150499026253819e+03
871	17.857998	-2.8071917881615542e+07	3.9705286639444530e+03
872	17.938693	-2.8070794835634023e+07	1.1230459815189242e+03
873	18.092120	-2.8070387084329229e+07	4.0775130479410291e+02
874	18.295579	-2.8070138800048430e+07	2.4828428079932928e+02
875	18.230750	-2.8070565474207744e+07	-4.2667415931448340e+02
876	18.159256	-2.8087421133838423e+07	-1.6855659630678594e+04
877	18.166656	-2.8085953612914726e+07	1.4675209236964583e+03
878	18.079453	-2.8085279513282251e+07	6.7409963247552514e+02
879	18.143075	-2.8084642840070084e+07	6.3667321216687560e+02
880	18.175744	-2.8083639680402339e+07	1.0031596677452326e+03
881	17.993293	-2.8078409548475049e+07	5.2301319272890687e+03
882	18.258213	-2.8072695421635903e+07	5.7141268391460180e+03
883	17.985877	-2.8071017006894000e+07	1.6784147419035435e+03
884	17.980468	-2.8070460445520297e+07	5.5656137370318174e+02
885	17.874972	-2.8070243262451794e+07	2.1718306850269437e+02
886	18.058523	-2.8070562668188423e+07	-3.1940573662891984e+02
887	18.084887	-2.8083484085803717e+07	-1.2921417615294456e+04
888	18.045993	-2.8082434741996869e+07	1.0493438068479300e+03
889	17.992309	-2.8081840385569651e+07	5.9435642721876502e+02
890	17.939622	-2.8081336312350281e+07	5.0407321937009692e+02
891	18.102287	-2.8080481206334051e+07	8.5510601622983813e+02
892	18.006558	-2.8075966844394110e+07	4.5143619399406016e+03
893	18.210995	-2.8071868358593136e+07	4.0984858009740710e+03
894	18.355826	-2.8070772059785772e+07	1.0962988073639572e+03
895	18.213299	-2.8070563379897870e+07	2.0867988790199161e+02
896	18.255057	-2.8070287527675886e+07	2.7585222198441625e+02
897	18.086173	-2.8070667762350317e+07	-3.8023467443138361e+02
898	18.263472	-2.8087505332171679e+07	-1.6837569821361452e+04
899	18.196132	-2.8086029881942991e+07	1.4754502286873758e+03
900	17.991323	-2.8085373534678858e+07	6.5634726413339376e+02
901	17.975960	-2.8084728741771098e+07	6.4479290775954723e+02
902	17.954728	-2.8083721152200770e+07	1.0075895703285933e+03
903	18.380852	-2.8078404830709960e+07	5.3163214908093214e+03
904	18.069907	-2.8072694732622746e+07	5.7100980872139335e+03
905	17.935903	-2.8071070020602282e+07	1.6247120204642415e+03
906	18.106808	-2.8070503390612323e+07	5.6662998995929956e+02
907	18.293847	-2.8070374713523239e+07	1.2867708908393979e+02
908	18.147550	-2.8070679753619563e+07	-3.0504009632393718e+02
909	18.316818	-2.8083528002691641e+07	-1.2848249072078615e+04
910	18.390204	-2.8082417413804352e+07	1.1105888872891665e+03
911	18.279723	-2.8081741771656167e+07	6.7564214818552136e+02
912	18.191817	-2.8081246012531348e+07	4.9575912481918931e+02
913	18.395804	-2.8080524100501437e+07	7.2191202991083264e+02
914	18.248633	-2.8076319138291124e+07	4.2049622103124857e+03
915	18.172766	-2.8072196289798059e+07	4.1228484930656850e+03
916	18.061031	-2.8071032221518558e+07	1.1640682795010507e+03
917	18.166353	-2.8070583534661870e+07	4.4868685668706894e+02
918	17.866971	-2.8070431816651966e+07	1.5171800990402699e+02
919	18.283948	-2.8070817860234022e+07	-3.8604358205571771e+02
920	18.234425	-2.8087709274641439e+07	-1.6891414407417178e+04
921	18.138674	-2.8086200122780912e+07	1.5091518605276942e+03
922	18.154777	-2.8085399974916358e+07	8.0014786455407739e+02
923	18.357140	-2.8084733372315101e+07	6.6660260125622153e+02
924	18.289506	-2.8083699878765579e+07	1.0334935495220125e+03
925	18.676490	-2.8078474856903542e+07	5.2250218620374799e+03
926	18.277665	-2.8072929046438564e+07	5.5458104649782181e+03
927	18.275594	-2.8071217897412010e+07	1.7111490265540779e+03
928	18.639467	-2.8070643660881590e+07	5.7423653041943908e+02
929	18.511778	-2.8070454408361226e+07	1.8925252036377788e+02
930	18.047222	-2.8070784915396646e+07	-3.3050703541934490e+02
931	17.962748	-2.8083679222264342e+07	-1.2894306867696345e+04
932	18.067011	-2.8082551044724587e+07	1.1281775397546589e+03
933	17.697246	-2.8081945055849798e+07	6.0598887478932738e+02
934	17.715874	-2.8081427049862668e+07	5.1800598713010550e+02
935	17.675465	-2.8080559126001522e+07	8.6792386114597321e+02
936	17.414986	-2.8076009055040289e+07	4.5500709612332284e+03
937	17.575441	-2.8071892715277832e+07	4.1163397624567151e+03
938	17.634669	-2.8070744647367302e+07	1.1480679105296731e+03
939	17.241995	-2.8070324781391729e+07	4.1986597557365894e+02
940	17.120291	-2.8070074082827318e+07	2.5069856441020966e+02
941	17.272692	-2.8070652116657667e+07	-5.7803383034840226e+02
942	16.891226	-2.8087571492371980e+07	-1.6919375714313239e+04
943	16.750516	-2.8086098025457773e+07	1.4734669142067432e+03
944	16.716292	-2.8085321737512819e+07	7.7628794495388865e+02
945	16.550761	-2.8084724108747739e+07	5.9762876508012414e+02
946	16.546913	-2.8083711586061783e+07	1.0125226859562099e+03
947	16.408300	-2.8078400607382189e+07	5.3109786795936525e+03
948	16.793583	-2.8072883105769876e+07	5.5175016123130918e+03
949	16.674579	-2.8071183604160216e+07	1.6995016096606851e+03
950	16.766148	-2.8070729533169083e+07	4.5407099113240838e+02
951	16.211943	-2.8070405718920529e+07	3.2381424855440855e+02
952	16.126437	-2.8070893943816900e+07	-4.8822489637136459e+02
953	15.820938	-2.8083650254503023e+07	-1.2756310686122626e+04
954	15.921045	-2.8082519304855291e+07	1.1309496477320790e+03
955	15.052570	-2.8081977239820931e+07	5.4206503435969353e+02
956	15.096139	-2.8081451419337209e+07	5.2582048372179270e+02
957	15.089302	-2.8080752342727572e+07	6.9907660963758826e+02
958	15.122669	-2.8076141414383106e+07	4.6109283444657922e+03
959	14.901221	-2.8072030452477086e+07	4.1109619060195982e+03
960	14.897322	-2.8070885960303377e+07	1.1444921737089753e+03
961	14.867077	-2.8070560515293129e+07	3.2544501024857163e+02
962	14.681458	-2.8070329266413126e+07	2.3124888000264764e+02
963	14.686216	-2.8070660481704492e+07	-3.3121529136598110e+02
964	14.501454	-2.8087502444834676e+07	-1.6841963130183518e+04
965	14.626041	-2.8086021472673353e+07	1.4809721613228321e+03
966	14.601599	-2.8085245487058420e+07	7.7598561493307352e+02
967	14.562470	-2.8084730153557785e+07	5.1533350063487887e+02
968	14.503093	-2.8083716697773498e+07	1.0134557842873037e+03
969	14.644455	-2.8078438049058288e+07	5.2786487152092159e+03
970	14.639130	-2.8072724998398472e+07	5.7130506598167121e+03
971	14.628739	-2.8071042479312912e+07	1.6825190855599940e+03
972	14.459724	-2.8070481473658249e+07	5.6100565466284752e+02
973	14.605628	-2.8070291349032708e+07	1.9012462554126978e+02
974	14.720474	-2.8070730296857469e+07	-4.3894782476127148e+02
975	14.615427	-2.8083572953066513e+07	-1.2842656209044158e+04
976	14.581302	-2.8082493663515683e+07	1.0792895508296788e+03
977	14.606157	-2.8081894767047543e+07	5.9889646814018488e+02
978	14.591637	-2.8081386221807733e+07	5.0854523980990052e+02
979	14.494120	-2.8080526792325988e+07	8.5942948174476624e+02
980	14.601919	-2.8075938515545648e+07	4.5882767803408206e+03
981	14.587917	-2.8071843676372692e+07	4.0948391729556024e+03
982	14.587914	-2.8070798092867162e+07	1.0455835055299103e+03
983	14.649009	-2.8070379987016056e+07	4.1810585110634565e+02
984	14.594439	-2.8070118313136976e+07	2.6167387907952070e+02
985	14.608941	-2.8070603618520487e+07	-4.8530538351088762e+02
986	14.598836	-2.8087547725913193e+07	-1.6944107392705977e+04
987	14.607984	-2.8086098622497313e+07	1.4491034158803523e+03
988	14.518465	-2.8085309849465586e+07	7.8877303172647953e+02
989	14.630501	-2.8084665837524738e+07	6.4401194084808230e+02
990	14.494454	-2.8083653512299288e+07	1.0123252254500985e+03
991	14.646884	-2.8078424066298839e+07	5.2294460004493594e+03
992	14.730653	-2.8072711509717591e+07	5.7125565812475979e+03
993	14.745405	-2.8071032175288320e+07	1.6793344292715192e+03
994	14.568396	-2.8070515022387967e+07	5.1715290035307407e+02
995	14.529867	-2.8070211177262153e+07	3.0384512581303716e+02
996	14.629899	-2.8070531314603902e+07	-3.2013734174892306e+02
997	14.557292	-2.8083433218314115e+07	-1.2901903710212559e+04
998	14.754826	-2.8082330500462618e+07	1.1027178514972329e+03
999	14.549490	-2.8081787040155303e+07	5.4346030731499195e+02
1000	14.665371	-2.8081286538357463e+07	5.0050179783999920e+02

Writing Q matrix to /global/home/users/deboraycb/scratch/atahualpa/analysis/ohana/maf05_3/structure/merge2_20M_allchr_snps_maf05_k7_mi1000_3_q.matrix
Writing F matrix to /global/home/users/deboraycb/scratch/atahualpa/analysis/ohana/maf05_3/structure/merge2_20M_allchr_snps_maf05_k7_mi1000_3_f.matrix
