seed: 1199392146

iter	duration	log_likelihood	delta-lle
0	2.447138	-4.4306268929763734e+07
1	11.421192	-3.9395574940858424e+07	4.9106939889053106e+06
2	11.695915	-3.5057247849435449e+07	4.3383270914229751e+06
3	11.403672	-3.3976339007725075e+07	1.0809088417103738e+06
4	11.446505	-3.3366229364888936e+07	6.1010964283613861e+05
5	11.303787	-3.2836494153954711e+07	5.2973521093422547e+05
6	11.314755	-3.2329009179664176e+07	5.0748497429053485e+05
7	11.331417	-3.1830415393320750e+07	4.9859378634342551e+05
8	11.130056	-3.1335821116402276e+07	4.9459427691847458e+05
9	11.259060	-3.0837710866603505e+07	4.9811024979877099e+05
10	11.343034	-3.0334878089725345e+07	5.0283277687815949e+05
11	11.210930	-2.9837844744893134e+07	4.9703334483221173e+05
12	11.236737	-2.9370721714458048e+07	4.6712303043508530e+05
13	11.236106	-2.8961274332785953e+07	4.0944738167209551e+05
14	11.245741	-2.8640351611075986e+07	3.2092272170996666e+05
15	11.084392	-2.8430517503309492e+07	2.0983410776649415e+05
16	11.100594	-2.8327733962152559e+07	1.0278354115693271e+05
17	11.039575	-2.8293857064115047e+07	3.3876898037511855e+04
18	11.121832	-2.8284361386359822e+07	9.4956777552254498e+03
19	11.016061	-2.8280099361204904e+07	4.2620251549184322e+03
20	11.086950	-2.8276972850027230e+07	3.1265111776739359e+03
21	10.864616	-2.8274136136158705e+07	2.8367138685248792e+03
22	10.801784	-2.8271427009196263e+07	2.7091269624419510e+03
23	10.812982	-2.8268826543527290e+07	2.6004656689725816e+03
24	10.789731	-2.8266449731195673e+07	2.3768123316168785e+03
25	10.683171	-2.8264470725597184e+07	1.9790055984891951e+03
26	10.683860	-2.8262764567666724e+07	1.7061579304598272e+03
27	10.659403	-2.8261142727722798e+07	1.6218399439267814e+03
28	10.631153	-2.8259535489927810e+07	1.6072377949878573e+03
29	10.638733	-2.8257868368464999e+07	1.6671214628107846e+03
30	10.583660	-2.8256110198432725e+07	1.7581700322739780e+03
31	10.629061	-2.8254207207089067e+07	1.9029913436584175e+03
32	10.611978	-2.8252214492647797e+07	1.9927144412696362e+03
33	10.834998	-2.8250347805324886e+07	1.8666873229108751e+03
34	10.481072	-2.8248395320459291e+07	1.9524848655946553e+03
35	10.233605	-2.8246040812339745e+07	2.3545081195458770e+03
36	10.318283	-2.8243147680436969e+07	2.8931319027766585e+03
37	10.266097	-2.8239926181975581e+07	3.2214984613880515e+03
38	10.230060	-2.8237093092133328e+07	2.8330898422524333e+03
39	10.266124	-2.8234893617704429e+07	2.1994744288995862e+03
40	10.224538	-2.8232935414706443e+07	1.9582029979862273e+03
41	10.202676	-2.8231129457302265e+07	1.8059574041776359e+03
42	10.269626	-2.8229475410878930e+07	1.6540464233346283e+03
43	10.232957	-2.8228251485029969e+07	1.2239258489608765e+03
44	10.166949	-2.8227404159103472e+07	8.4732592649757862e+02
45	10.207864	-2.8226768703297403e+07	6.3545580606907606e+02
46	10.135754	-2.8226257539372496e+07	5.1116392490640283e+02
47	10.168814	-2.8225817153495878e+07	4.4038587661832571e+02
48	10.158734	-2.8225405988176282e+07	4.1116531959548593e+02
49	10.213777	-2.8225008155582421e+07	3.9783259386196733e+02
50	10.185263	-2.8224621074720316e+07	3.8708086210489273e+02
51	10.183625	-2.8224235254202284e+07	3.8582051803171635e+02
52	10.142841	-2.8223846664479569e+07	3.8858972271531820e+02
53	10.168333	-2.8223454467904557e+07	3.9219657501205802e+02
54	10.118947	-2.8223058114973806e+07	3.9635293075069785e+02
55	10.147360	-2.8222652910924803e+07	4.0520404900237918e+02
56	10.073203	-2.8222236516533867e+07	4.1639439093694091e+02
57	10.118904	-2.8221833848905206e+07	4.0266762866079807e+02
58	10.063493	-2.8221451129119437e+07	3.8271978576853871e+02
59	10.101587	-2.8221078029661421e+07	3.7309945801645517e+02
60	10.203853	-2.8220733007948548e+07	3.4502171287313104e+02
61	10.132860	-2.8220455113051675e+07	2.7789489687234163e+02
62	10.103148	-2.8220246360449903e+07	2.0875260177254677e+02
63	10.068325	-2.8220092373639654e+07	1.5398681024834514e+02
64	10.042581	-2.8219997231856737e+07	9.5141782917082310e+01
65	10.062029	-2.8219934851755287e+07	6.2380101449787617e+01
66	10.038623	-2.8219891467770740e+07	4.3383984547108412e+01
67	10.052315	-2.8219856832595944e+07	3.4635174795985222e+01
68	10.004515	-2.8219827707433816e+07	2.9125162128359079e+01
69	10.065774	-2.8219800944535155e+07	2.6762898661196232e+01
70	9.982526	-2.8219775574635293e+07	2.5369899861514568e+01
71	10.044800	-2.8219750694918405e+07	2.4879716888070107e+01
72	9.992174	-2.8219725661713749e+07	2.5033204656094313e+01
73	10.033683	-2.8219700819106251e+07	2.4842607498168945e+01
74	10.023870	-2.8219676024966244e+07	2.4794140007346869e+01
75	10.010871	-2.8219651509078693e+07	2.4515887551009655e+01
76	9.994893	-2.8219627576163664e+07	2.3932915028184652e+01
77	10.014105	-2.8219604580232020e+07	2.2995931643992662e+01
78	10.001721	-2.8219582761756938e+07	2.1818475082516670e+01
79	9.996883	-2.8219561090874717e+07	2.1670882221311331e+01
80	10.020982	-2.8219537236627091e+07	2.3854247625917196e+01
81	10.062586	-2.8219509479047239e+07	2.7757579851895571e+01
82	10.045402	-2.8219476697252739e+07	3.2781794499605894e+01
83	10.059946	-2.8219436969726004e+07	3.9727526735514402e+01
84	10.032445	-2.8219390620965701e+07	4.6348760303109884e+01
85	10.109362	-2.8219336203141827e+07	5.4417823873460293e+01
86	10.017031	-2.8219275016122509e+07	6.1187019318342209e+01
87	10.079089	-2.8219207852761663e+07	6.7163360845297575e+01
88	10.022249	-2.8219136395752314e+07	7.1457009349018335e+01
89	10.019488	-2.8219062740928464e+07	7.3654823850840330e+01
90	10.169783	-2.8218988878517959e+07	7.3862410504370928e+01
91	10.035540	-2.8218916358367577e+07	7.2520150382071733e+01
92	10.091535	-2.8218846250998791e+07	7.0107368785887957e+01
93	10.048220	-2.8218778879239194e+07	6.7371759597212076e+01
94	10.053058	-2.8218713599058371e+07	6.5280180823057890e+01
95	10.037731	-2.8218650468602933e+07	6.3130455438047647e+01
96	10.037639	-2.8218589737725090e+07	6.0730877842754126e+01
97	10.071129	-2.8218531353087764e+07	5.8384637326002121e+01
98	10.025925	-2.8218474999814223e+07	5.6353273540735245e+01
99	10.052281	-2.8218420623053860e+07	5.4376760363578796e+01
100	10.033643	-2.8218368229706351e+07	5.2393347509205341e+01
101	9.990903	-2.8218317746682301e+07	5.0483024049550295e+01
102	10.043202	-2.8218268822792962e+07	4.8923889338970184e+01
103	10.072902	-2.8218221372520536e+07	4.7450272426009178e+01
104	10.056634	-2.8218175417740546e+07	4.5954779990017414e+01
105	10.105723	-2.8218130947130151e+07	4.4470610395073891e+01
106	10.032524	-2.8218087933520321e+07	4.3013609830290079e+01
107	10.037657	-2.8218046334521674e+07	4.1598998647183180e+01
108	10.036444	-2.8218006129615299e+07	4.0204906374216080e+01
109	10.048545	-2.8217967274961960e+07	3.8854653339833021e+01
110	9.981190	-2.8217929646917462e+07	3.7628044497221708e+01
111	10.048320	-2.8217893176673636e+07	3.6470243826508522e+01
112	10.033441	-2.8217857791248579e+07	3.5385425057262182e+01
113	10.017077	-2.8217823439790905e+07	3.4351457674056292e+01
114	9.993804	-2.8217790029488921e+07	3.3410301983356476e+01
115	10.018138	-2.8217757511833597e+07	3.2517655324190855e+01
116	10.014929	-2.8217725936955251e+07	3.1574878346174955e+01
117	10.085220	-2.8217695254129738e+07	3.0682825513184071e+01
118	10.048950	-2.8217665419718657e+07	2.9834411080926657e+01
119	10.072677	-2.8217636393960014e+07	2.9025758642703295e+01
120	10.155937	-2.8217608142441444e+07	2.8251518569886684e+01
121	10.043530	-2.8217580638980988e+07	2.7503460455685854e+01
122	10.015522	-2.8217554100339025e+07	2.6538641963154078e+01
123	10.075226	-2.8217527751032997e+07	2.6349306028336287e+01
124	10.018989	-2.8217502319706880e+07	2.5431326117366552e+01
125	10.061886	-2.8217477539791327e+07	2.4779915552586317e+01
126	10.082784	-2.8217453386634171e+07	2.4153157155960798e+01
127	10.021020	-2.8217429856311593e+07	2.3530322577804327e+01
128	10.059885	-2.8217406943145778e+07	2.2913165815174580e+01
129	10.050055	-2.8217384651527278e+07	2.2291618499904871e+01
130	10.062683	-2.8217362950890899e+07	2.1700636379420757e+01
131	10.033013	-2.8217342102561072e+07	2.0848329827189445e+01
132	9.999024	-2.8217321439214807e+07	2.0663346264511347e+01
133	10.029042	-2.8217301650448941e+07	1.9788765866309404e+01
134	9.996893	-2.8217282473641656e+07	1.9176807284355164e+01
135	10.066979	-2.8217263897491645e+07	1.8576150011271238e+01
136	10.035088	-2.8217245922956318e+07	1.7974535327404737e+01
137	10.029948	-2.8217228533219371e+07	1.7389736946672201e+01
138	9.994559	-2.8217211706954654e+07	1.6826264716684818e+01
139	10.034879	-2.8217195444224771e+07	1.6262729883193970e+01
140	10.060371	-2.8217179999179784e+07	1.5445044986903667e+01
141	10.065510	-2.8217164661040645e+07	1.5338139139115810e+01
142	10.024260	-2.8217150141518708e+07	1.4519521936774254e+01
143	10.038865	-2.8217136167163730e+07	1.3974354978650808e+01
144	9.973320	-2.8217122766190249e+07	1.3400973480194807e+01
145	9.998749	-2.8217109907336429e+07	1.2858853820711374e+01
146	9.966565	-2.8217097555166129e+07	1.2352170299738646e+01
147	9.988713	-2.8217085679837897e+07	1.1875328231602907e+01
148	9.944203	-2.8217074268905733e+07	1.1410932164639235e+01
149	10.043117	-2.8217063573960204e+07	1.0694945529103279e+01
150	10.139804	-2.8217053432327889e+07	1.0141632314771414e+01
151	10.126319	-2.8217043757918175e+07	9.6744097135961056e+00
152	10.095107	-2.8217034506278668e+07	9.2516395077109337e+00
153	10.099628	-2.8217025638468944e+07	8.8678097240626812e+00
154	10.052186	-2.8217017124914508e+07	8.5135544352233410e+00
155	10.090215	-2.8217008939391360e+07	8.1855231486260891e+00
156	10.069080	-2.8217001059027530e+07	7.8803638294339180e+00
157	10.039897	-2.8216993471782848e+07	7.5872446820139885e+00
158	10.063018	-2.8216986164912548e+07	7.3068703003227711e+00
159	10.073002	-2.8216979126180299e+07	7.0387322492897511e+00
160	10.075840	-2.8216972586244404e+07	6.5399358943104744e+00
161	10.069590	-2.8216965805777866e+07	6.7804665379226208e+00
162	10.078430	-2.8216959513733447e+07	6.2920444197952747e+00
163	10.055704	-2.8216953455404207e+07	6.0583292394876480e+00
164	10.040322	-2.8216947624118730e+07	5.8312854766845703e+00
165	10.062732	-2.8216942012355614e+07	5.6117631159722805e+00
166	10.049365	-2.8216936606759463e+07	5.4055961519479752e+00
167	10.045128	-2.8216931391976409e+07	5.2147830538451672e+00
168	10.052830	-2.8216926373475149e+07	5.0185012593865395e+00
169	10.099292	-2.8216921532600481e+07	4.8408746682107449e+00
170	10.028376	-2.8216916858877044e+07	4.6737234368920326e+00
171	10.041171	-2.8216912344783269e+07	4.5140937753021717e+00
172	10.034168	-2.8216907982251011e+07	4.3625322580337524e+00
173	10.009266	-2.8216903764338985e+07	4.2179120257496834e+00
174	9.996989	-2.8216899686486091e+07	4.0778528936207294e+00
175	10.002353	-2.8216895743093878e+07	3.9433922134339809e+00
176	10.006219	-2.8216891928689502e+07	3.8144043758511543e+00
177	10.012495	-2.8216888480703540e+07	3.4479859620332718e+00
178	9.994535	-2.8216886149710536e+07	2.3309930041432381e+00
179	10.035238	-2.8216882677594509e+07	3.4721160270273685e+00
180	10.136227	-2.8216878765157215e+07	3.9124372936785221e+00
181	10.005970	-2.8216875063817084e+07	3.7013401314616203e+00
182	10.002363	-2.8216871622557219e+07	3.4412598647177219e+00
183	10.027847	-2.8216868452631500e+07	3.1699257194995880e+00
184	10.020627	-2.8216865480472814e+07	2.9721586853265762e+00
185	10.009955	-2.8216862619387541e+07	2.8610852733254433e+00
186	9.989761	-2.8216859845088337e+07	2.7742992043495178e+00
187	10.002440	-2.8216857153857119e+07	2.6912312172353268e+00
188	10.006517	-2.8216854555465955e+07	2.5983911640942097e+00
189	10.012776	-2.8216852044243768e+07	2.5112221874296665e+00
190	10.011985	-2.8216849615630109e+07	2.4286136589944363e+00
191	10.020310	-2.8216847266263619e+07	2.3493664897978306e+00
192	10.013964	-2.8216844992952708e+07	2.2733109109103680e+00
193	9.983081	-2.8216843034640394e+07	1.9583123140037060e+00
194	10.011097	-2.8216840662949711e+07	2.3716906830668449e+00
195	10.007274	-2.8216838601919282e+07	2.0610304288566113e+00
196	10.027680	-2.8216836607216362e+07	1.9947029203176498e+00
197	10.025840	-2.8216834676517498e+07	1.9306988641619682e+00
198	10.032027	-2.8216832807795499e+07	1.8687219992280006e+00
199	10.031569	-2.8216831241054934e+07	1.5667405650019646e+00
200	10.007424	-2.8216829248438243e+07	1.9926166906952858e+00
201	9.994514	-2.8216827554438137e+07	1.6940001063048840e+00
202	10.008997	-2.8216826164773520e+07	1.3896646164357662e+00
203	10.010444	-2.8216824352870505e+07	1.8119030147790909e+00
204	9.979859	-2.8216822839499213e+07	1.5133712925016880e+00
205	9.985787	-2.8216821380501907e+07	1.4589973054826260e+00
206	9.971721	-2.8216819974240914e+07	1.4062609933316708e+00
207	9.945753	-2.8216818618856926e+07	1.3553839884698391e+00
208	9.957042	-2.8216817554804683e+07	1.0640522427856922e+00
209	9.993038	-2.8216816055129565e+07	1.4996751174330711e+00
210	10.155163	-2.8216814844009001e+07	1.2111205644905567e+00
211	10.049930	-2.8216813677358229e+07	1.1666507720947266e+00
212	10.040743	-2.8216812552439541e+07	1.1249186880886555e+00
213	10.035215	-2.8216811467310335e+07	1.0851292051374912e+00
214	9.998486	-2.8216810420416981e+07	1.0468933545053005e+00
215	10.019472	-2.8216809410683159e+07	1.0097338221967220e+00
216	10.009478	-2.8216808679250468e+07	7.3143269121646881e-01
217	10.002694	-2.8216807498529665e+07	1.1807208023965359e+00
218	10.019861	-2.8216806875941407e+07	6.2258825823664665e-01
219	10.024833	-2.8216805722543336e+07	1.1533980704843998e+00
220	10.010256	-2.8216804876855869e+07	8.4568746760487556e-01
221	10.030709	-2.8216804063044798e+07	8.1381107121706009e-01
222	9.998043	-2.8216803277702086e+07	7.8534271195530891e-01
223	9.979462	-2.8216802762111939e+07	5.1559014618396759e-01
224	10.002650	-2.8216801788691740e+07	9.7342019900679588e-01
225	9.971253	-2.8216801083197191e+07	7.0549454912543297e-01
226	10.035238	-2.8216800402446408e+07	6.8075078353285789e-01
227	10.018540	-2.8216799745534509e+07	6.5691189840435982e-01
228	10.010783	-2.8216799111643936e+07	6.3389057293534279e-01
229	10.055596	-2.8216798500185926e+07	6.1145801097154617e-01
230	10.013403	-2.8216797910289288e+07	5.8989663794636726e-01
231	10.048673	-2.8216797341047633e+07	5.6924165412783623e-01
232	10.016733	-2.8216796791931141e+07	5.4911649227142334e-01
233	10.001789	-2.8216796505076077e+07	2.8685506433248520e-01
234	9.984954	-2.8216795752042525e+07	7.5303355231881142e-01
235	10.035537	-2.8216795546399154e+07	2.0564337074756622e-01
236	10.026152	-2.8216794810679782e+07	7.3571937158703804e-01
237	10.004996	-2.8216794377016962e+07	4.3366282060742378e-01
238	9.990792	-2.8216793966587689e+07	4.1042927280068398e-01
239	10.024847	-2.8216793592990216e+07	3.7359747290611267e-01
240	10.144851	-2.8216793260121427e+07	3.3286878839135170e-01
241	10.007998	-2.8216792959294420e+07	3.0082700774073601e-01
242	10.034336	-2.8216792687170908e+07	2.7212351188063622e-01
243	9.978393	-2.8216792440866012e+07	2.4630489572882652e-01
244	10.069418	-2.8216792217892032e+07	2.2297398000955582e-01
245	10.072240	-2.8216792258947473e+07	-4.1055440902709961e-02
246	10.030936	-2.8216791833068967e+07	4.2587850615382195e-01
247	10.013983	-2.8216791667341378e+07	1.6572758927941322e-01
248	10.021252	-2.8216791516320776e+07	1.5102060139179230e-01
249	10.058534	-2.8216791376339581e+07	1.3998119533061981e-01
250	10.045010	-2.8216791486724235e+07	-1.1038465425372124e-01
251	10.004038	-2.8216791117789708e+07	3.6893452703952789e-01
252	10.012117	-2.8216790998687170e+07	1.1910253763198853e-01
253	10.047787	-2.8216790885115307e+07	1.1357186362147331e-01
254	10.038374	-2.8216790776578467e+07	1.0853683948516846e-01
255	9.985716	-2.8216790916053511e+07	-1.3947504386305809e-01
256	9.981170	-2.8216790573331378e+07	3.4272213280200958e-01
257	9.987310	-2.8216790762931999e+07	-1.8960062041878700e-01
258	10.000036	-2.8216790389663614e+07	3.7326838448643684e-01
259	9.976264	-2.8216790299157396e+07	9.0506218373775482e-02
260	9.968489	-2.8216790215083253e+07	8.4074143320322037e-02
261	10.014629	-2.8216790134420790e+07	8.0662462860345840e-02
262	10.022325	-2.8216790300569270e+07	-1.6614848002791405e-01
263	10.021685	-2.8216789982692383e+07	3.1787688657641411e-01
264	10.036260	-2.8216789911321763e+07	7.1370620280504227e-02
265	10.006994	-2.8216789842778925e+07	6.8542838096618652e-02
266	10.010868	-2.8216789776958894e+07	6.5820030868053436e-02
267	10.062200	-2.8216789713733491e+07	6.3225403428077698e-02
268	10.035970	-2.8216789652999870e+07	6.0733620077371597e-02
269	10.049119	-2.8216789594667979e+07	5.8331891894340515e-02
270	10.023060	-2.8216789538624097e+07	5.6043881922960281e-02
271	9.980206	-2.8216789484789737e+07	5.3834360092878342e-02
272	9.981895	-2.8216789433079284e+07	5.1710452884435654e-02
273	9.992095	-2.8216789627354704e+07	-1.9427542015910149e-01
274	9.967748	-2.8216789335686684e+07	2.9166802018880844e-01
275	10.013434	-2.8216789289829701e+07	4.5856982469558716e-02
276	10.008491	-2.8216789245780434e+07	4.4049266725778580e-02
277	10.041126	-2.8216789447528429e+07	-2.0174799486994743e-01
278	9.992987	-2.8216789162812524e+07	2.8471590578556061e-01
279	9.956113	-2.8216789123726338e+07	3.9086185395717621e-02
280	9.981220	-2.8216789086202525e+07	3.7523813545703888e-02
281	9.989512	-2.8216789050157253e+07	3.6045271903276443e-02
282	9.991455	-2.8216789015580982e+07	3.4576270729303360e-02
283	9.989819	-2.8216788982373435e+07	3.3207546919584274e-02
284	9.979985	-2.8216788950543296e+07	3.1830139458179474e-02
285	9.995817	-2.8216788919995375e+07	3.0547920614480972e-02
286	10.015525	-2.8216789135027748e+07	-2.1503237262368202e-01
287	9.978377	-2.8216788862613115e+07	2.7241463214159012e-01
288	9.994044	-2.8216788835658524e+07	2.6954591274261475e-02
289	10.017635	-2.8216788809802055e+07	2.5856468826532364e-02
290	9.957394	-2.8216788785008423e+07	2.4793632328510284e-02
291	9.928603	-2.8216788761254285e+07	2.3754138499498367e-02
292	9.974069	-2.8216788738460179e+07	2.2794105112552643e-02
293	9.985777	-2.8216788716599710e+07	2.1860469132661819e-02
294	9.981105	-2.8216788695651829e+07	2.0947881042957306e-02
295	9.955370	-2.8216788675546691e+07	2.0105138421058655e-02
296	9.942538	-2.8216788656272765e+07	1.9273925572633743e-02
297	9.963215	-2.8216788637802433e+07	1.8470332026481628e-02
298	9.915510	-2.8216788620078936e+07	1.7723497003316879e-02
299	9.994512	-2.8216788603091344e+07	1.6987591981887817e-02
300	10.005441	-2.8216788586797483e+07	1.6293860971927643e-02
301	9.958864	-2.8216788571180619e+07	1.5616863965988159e-02
302	9.963735	-2.8216788556200195e+07	1.4980424195528030e-02
303	9.983632	-2.8216788541845657e+07	1.4354538172483444e-02
304	10.020959	-2.8216788772819784e+07	-2.3097412660717964e-01
305	9.973454	-2.8216788514894363e+07	2.5792542099952698e-01
306	9.952791	-2.8216788502243504e+07	1.2650858610868454e-02
307	10.001137	-2.8216788490117267e+07	1.2126237154006958e-02
308	10.018140	-2.8216788478498146e+07	1.1619120836257935e-02
309	9.997620	-2.8216788467369214e+07	1.1128932237625122e-02
310	9.956893	-2.8216788701534837e+07	-2.3416562378406525e-01
311	10.019329	-2.8216788446492475e+07	2.5504236295819283e-01
312	9.980011	-2.8216788436682794e+07	9.8096802830696106e-03
313	10.017874	-2.8216788427290335e+07	9.3924589455127716e-03
314	10.055687	-2.8216788418278228e+07	9.0121068060398102e-03
315	9.983994	-2.8216788409655046e+07	8.6231827735900879e-03
316	9.993022	-2.8216788401360225e+07	8.2948207855224609e-03
317	10.030352	-2.8216788393415693e+07	7.9445317387580872e-03
318	10.027109	-2.8216788385800894e+07	7.6147988438606262e-03
319	10.003454	-2.8216788378494650e+07	7.3062442243099213e-03
320	10.025180	-2.8216788371506028e+07	6.9886222481727600e-03
321	10.020629	-2.8216788364787508e+07	6.7185200750827789e-03
322	10.032921	-2.8216788358364601e+07	6.4229071140289307e-03
323	10.029366	-2.8216788352195311e+07	6.1692893505096436e-03
324	10.027786	-2.8216788346275598e+07	5.9197135269641876e-03
325	9.988003	-2.8216788340600740e+07	5.6748576462268829e-03
326	10.024589	-2.8216788335160021e+07	5.4407194256782532e-03
327	9.990836	-2.8216788575019535e+07	-2.3985951393842697e-01
328	9.979177	-2.8216790101955783e+07	-1.5269362479448318e+00
329	9.989551	-2.8216789790543828e+07	3.1141195446252823e-01
330	10.066893	-2.8216789221281610e+07	5.6926221773028374e-01
331	9.988004	-2.8216788758491799e+07	4.6278981119394302e-01
332	9.960553	-2.8216788454676073e+07	3.0381572619080544e-01
333	9.985359	-2.8216788325165719e+07	1.2951035425066948e-01
334	10.011564	-2.8216788299737819e+07	2.5427900254726410e-02
335	10.007919	-2.8216788295340490e+07	4.3973289430141449e-03
336	10.000645	-2.8216788572935749e+07	-2.7759525924921036e-01
337	10.040426	-2.8216788290230889e+07	2.8270485997200012e-01
338	9.967377	-2.8216788285104416e+07	5.1264725625514984e-03
339	10.002172	-2.8216788281960696e+07	3.1437203288078308e-03
340	10.015676	-2.8216788278946698e+07	3.0139982700347900e-03
341	10.047972	-2.8216788276053146e+07	2.8935521841049194e-03
342	10.027258	-2.8216788273282070e+07	2.7710758149623871e-03
343	10.044647	-2.8216788270639487e+07	2.6425831019878387e-03
344	10.047658	-2.8216788268104259e+07	2.5352276861667633e-03
345	10.007027	-2.8216788510912459e+07	-2.4280820041894913e-01
346	10.003103	-2.8216788263325639e+07	2.4758682027459145e-01
347	9.995583	-2.8216788261083715e+07	2.2419244050979614e-03
348	9.999289	-2.8216788258923799e+07	2.1599158644676208e-03
349	9.982262	-2.8216788256862096e+07	2.0617023110389709e-03
350	10.010942	-2.8216788254887413e+07	1.9746832549571991e-03
351	9.978368	-2.8216788252989475e+07	1.8979385495185852e-03
352	10.024258	-2.8216788251176137e+07	1.8133372068405151e-03
353	9.982504	-2.8216788249422349e+07	1.7537884414196014e-03
354	9.975160	-2.8216788247756075e+07	1.6662739217281342e-03
355	10.033884	-2.8216788246152055e+07	1.6040205955505371e-03
356	9.934304	-2.8216788244613335e+07	1.5387199819087982e-03
357	9.926641	-2.8216788243143041e+07	1.4702938497066498e-03
358	9.965149	-2.8216788241735481e+07	1.4075599610805511e-03
359	9.991125	-2.8216788240390066e+07	1.3454146683216095e-03
360	10.008370	-2.8216788239073183e+07	1.3168826699256897e-03
361	10.022428	-2.8216788483203925e+07	-2.4413074180483818e-01
362	9.977650	-2.8216788236661807e+07	2.4654211848974228e-01
363	9.983726	-2.8216788235508949e+07	1.1528581380844116e-03
364	9.983942	-2.8216788234430160e+07	1.0787881910800934e-03
365	9.993259	-2.8216788233373810e+07	1.0563507676124573e-03
366	10.016393	-2.8216788232381966e+07	9.9184364080429077e-04
367	9.963026	-2.8216788231415827e+07	9.6613913774490356e-04
368	9.941220	-2.8216788230493903e+07	9.2192366719245911e-04
369	9.946889	-2.8216788229604796e+07	8.8910758495330811e-04
370	9.968289	-2.8216788228761099e+07	8.4369629621505737e-04
371	9.981971	-2.8216788227956574e+07	8.0452486872673035e-04
372	10.005190	-2.8216788227181282e+07	7.7529251575469971e-04
373	10.024621	-2.8216788226435583e+07	7.4569880962371826e-04
374	10.032866	-2.8216788225715365e+07	7.2021782398223877e-04
375	10.017714	-2.8216788225038417e+07	6.7694857716560364e-04
376	10.007116	-2.8216788224387739e+07	6.5067782998085022e-04
377	10.031839	-2.8216788223758444e+07	6.2929466366767883e-04
378	10.028116	-2.8216788223151579e+07	6.0686469078063965e-04
379	10.042943	-2.8216788222586613e+07	5.6496635079383850e-04
380	9.994535	-2.8216788222020436e+07	5.6617707014083862e-04
381	9.982141	-2.8216788221497688e+07	5.2274763584136963e-04
382	10.010340	-2.8216788220996991e+07	5.0069764256477356e-04
383	10.028240	-2.8216788220503949e+07	4.9304217100143433e-04
384	10.051436	-2.8216788465522580e+07	-2.4501863121986389e-01
385	10.031622	-2.8216790023465384e+07	-1.5579428039491177e+00
386	10.057199	-2.8216789689551048e+07	3.3391433581709862e-01
387	9.995364	-2.8216789124465264e+07	5.6508578360080719e-01
388	10.008110	-2.8216788665687807e+07	4.5877745747566223e-01
389	10.027666	-2.8216788365699377e+07	2.9998842999339104e-01
390	10.017251	-2.8216788239857141e+07	1.2584223598241806e-01
391	9.962602	-2.8216788217950165e+07	2.1906975656747818e-02
392	10.023989	-2.8216788216964938e+07	9.8522752523422241e-04
393	9.968463	-2.8216788216631923e+07	3.3301487565040588e-04
394	9.990010	-2.8216788216335502e+07	2.9642134904861450e-04
395	9.940774	-2.8216788216039360e+07	2.9614195227622986e-04
396	9.954970	-2.8216788215746555e+07	2.9280409216880798e-04
397	9.961266	-2.8216788215489518e+07	2.5703758001327515e-04
398	9.953611	-2.8216788215212785e+07	2.7673318982124329e-04
399	10.008358	-2.8216788214965072e+07	2.4771317839622498e-04
400	10.015346	-2.8216788214726195e+07	2.3887678980827332e-04
401	10.010695	-2.8216788214500267e+07	2.2592768073081970e-04
402	9.991719	-2.8216788214288794e+07	2.1147355437278748e-04
403	9.999292	-2.8216788214068953e+07	2.1984055638313293e-04
404	10.002952	-2.8216788213875573e+07	1.9337981939315796e-04
405	10.000066	-2.8216788213681877e+07	1.9369646906852722e-04
406	9.995368	-2.8216788213497695e+07	1.8418207764625549e-04
407	10.005677	-2.8216788213306200e+07	1.9149482250213623e-04
408	9.967671	-2.8216788213153318e+07	1.5288218855857849e-04
409	9.971684	-2.8216788212983329e+07	1.6998872160911560e-04
410	10.007595	-2.8216788458371751e+07	-2.4538842216134071e-01
411	9.972561	-2.8216788212681036e+07	2.4569071456789970e-01
412	9.975318	-2.8216788212524753e+07	1.5628337860107422e-04
413	9.981673	-2.8216788212394837e+07	1.2991577386856079e-04
414	10.005197	-2.8216788457819045e+07	-2.4542420729994774e-01
415	9.987404	-2.8216788212134823e+07	2.4568422138690948e-01
416	10.000440	-2.8216788212022956e+07	1.1186674237251282e-04
417	9.995184	-2.8216788211908896e+07	1.1406093835830688e-04
418	9.994054	-2.8216788211798593e+07	1.1030212044715881e-04
419	10.031909	-2.8216788211674560e+07	1.2403354048728943e-04
420	10.043838	-2.8216788211566560e+07	1.0799989104270935e-04
421	10.037545	-2.8216788211479057e+07	8.7503343820571899e-05
422	10.022564	-2.8216788211389508e+07	8.9548528194427490e-05
423	10.004923	-2.8216788456862003e+07	-2.4547249451279640e-01
424	10.010787	-2.8216790020162553e+07	-1.5633005499839783e+00
425	9.989465	-2.8216789681498770e+07	3.3866378292441368e-01
426	10.033142	-2.8216789116747580e+07	5.6475118920207024e-01
427	9.987098	-2.8216788658276875e+07	4.5847070589661598e-01
428	9.979414	-2.8216788358588122e+07	2.9968875274062157e-01
429	9.979602	-2.8216788233050857e+07	1.2553726509213448e-01
430	9.995430	-2.8216788211421784e+07	2.1629072725772858e-02
431	9.985353	-2.8216788210680991e+07	7.4079260230064392e-04
432	9.993510	-2.8216788210627485e+07	5.3506344556808472e-05
433	9.974985	-2.8216788456153147e+07	-2.4552566185593605e-01
434	9.975126	-2.8216789964380268e+07	-1.5082271210849285e+00
435	10.005701	-2.8216789680833604e+07	2.8354666382074356e-01
436	10.002276	-2.8216789116102390e+07	5.6473121419548988e-01
437	9.983544	-2.8216788657671854e+07	4.5843053609132767e-01
438	10.013350	-2.8216788358007688e+07	2.9966416582465172e-01
439	9.987528	-2.8216788232505616e+07	1.2550207227468491e-01
440	10.066543	-2.8216788210872386e+07	2.1633230149745941e-02
441	10.025795	-2.8216788210167471e+07	7.0491433143615723e-04
442	10.016071	-2.8216788210130509e+07	3.6962330341339111e-05
443	9.997122	-2.8216788210084770e+07	4.5739114284515381e-05
444	10.007550	-2.8216788210047368e+07	3.7401914596557617e-05
445	9.988860	-2.8216788210017234e+07	3.0133873224258423e-05
446	9.983573	-2.8216788209973097e+07	4.4137239456176758e-05
447	10.001241	-2.8216788455554578e+07	-2.4558148160576820e-01
448	10.003057	-2.8216790021453761e+07	-1.5658991821110249e+00
449	10.024492	-2.8216789680267893e+07	3.4118586778640747e-01
450	10.027329	-2.8216789115558874e+07	5.6470901891589165e-01
451	10.015824	-2.8216788657135826e+07	4.5842304825782776e-01
452	9.988602	-2.8216788357513249e+07	2.9962257668375969e-01
453	10.055937	-2.8216788232015453e+07	1.2549779564142227e-01
454	9.984308	-2.8216788210418016e+07	2.1597437560558319e-02
455	10.032101	-2.8216788209709838e+07	7.0817768573760986e-04
456	9.991288	-2.8216788209698591e+07	1.1246651411056519e-05
457	10.029539	-2.8216788209688138e+07	1.0453164577484131e-05
458	10.071112	-2.8216788455273155e+07	-2.4558501690626144e-01
459	10.074569	-2.8216788209643520e+07	2.4562963470816612e-01
460	10.021876	-2.8216788209628373e+07	1.5147030353546143e-05
461	10.009334	-2.8216788209593620e+07	3.4753233194351196e-05
462	10.030125	-2.8216788209579248e+07	1.4372169971466064e-05
463	10.058590	-2.8216788209565360e+07	1.3887882232666016e-05
464	10.031794	-2.8216788455169674e+07	-2.4560431391000748e-01
465	9.989636	-2.8216788209547054e+07	2.4562261998653412e-01
466	10.014621	-2.8216788209525678e+07	2.1375715732574463e-05
467	10.022711	-2.8216788209500946e+07	2.4732202291488647e-05
468	9.964625	-2.8216788209495686e+07	5.2601099014282227e-06
469	10.070496	-2.8216788209477447e+07	1.8239021301269531e-05
470	10.062334	-2.8216788209473599e+07	3.8482248783111572e-06
471	10.015493	-2.8216788209445085e+07	2.8513371944427490e-05
472	10.032251	-2.8216788209444381e+07	7.0407986640930176e-07
473	9.998681	-2.8216788209421813e+07	2.2567808628082275e-05
474	10.052017	-2.8216788209412113e+07	9.7006559371948242e-06
475	10.046351	-2.8216788455034103e+07	-2.4562199041247368e-01
476	9.978210	-2.8216790022843856e+07	-1.5678097531199455e+00
477	10.025888	-2.8216789679770358e+07	3.4307349845767021e-01
478	9.980414	-2.8216789115078848e+07	5.6469151005148888e-01
479	10.003960	-2.8216788656683747e+07	4.5839510113000870e-01
480	10.004706	-2.8216788357068267e+07	2.9961548000574112e-01
481	10.046029	-2.8216788231588542e+07	1.2547972425818443e-01
482	10.018957	-2.8216788210018214e+07	2.1570328623056412e-02
483	9.999731	-2.8216788209353849e+07	6.6436454653739929e-04
484	9.985963	-2.8216788209340684e+07	1.3165175914764404e-05
485	10.031363	-2.8216788209333081e+07	7.6033174991607666e-06
486	10.028853	-2.8216788454952624e+07	-2.4561954289674759e-01
487	10.027737	-2.8216790019182306e+07	-1.5642296820878983e+00
488	9.974784	-2.8216789679694962e+07	3.3948734402656555e-01
489	10.021113	-2.8216789115002848e+07	5.6469211354851723e-01
490	9.995640	-2.8216788656619515e+07	4.5838333293795586e-01
491	10.008628	-2.8216788356994871e+07	2.9962464421987534e-01
492	10.028705	-2.8216788231527030e+07	1.2546784058213234e-01
493	10.008602	-2.8216788209956370e+07	2.1570660173892975e-02
494	10.050504	-2.8216788209273275e+07	6.8309530615806580e-04
495	9.999741	-2.8216788209275935e+07	-2.6598572731018066e-06
496	10.005274	-2.8216788209268216e+07	7.7188014984130859e-06
497	10.016130	-2.8216788209267713e+07	5.0291419029235840e-07
498	9.969102	-2.8216788209264271e+07	3.4421682357788086e-06
499	9.946854	-2.8216788209261198e+07	3.0733644962310791e-06
500	9.945672	-2.8216788209261116e+07	8.1956386566162109e-08
501	10.002584	-2.8216788209249157e+07	1.1958181858062744e-05
502	9.983748	-2.8216788209253553e+07	-4.3958425521850586e-06
503	9.961906	-2.8216788454892915e+07	-2.4563936144113541e-01
504	9.969184	-2.8216788209248327e+07	2.4564458802342415e-01
505	9.970234	-2.8216788209244564e+07	3.7625432014465332e-06
506	10.028954	-2.8216788209239386e+07	5.1781535148620605e-06
507	9.990261	-2.8216788209225960e+07	1.3425946235656738e-05
508	9.981803	-2.8216788209231172e+07	-5.2116811275482178e-06
509	9.995586	-2.8216788209236618e+07	-5.4463744163513184e-06
510	10.040071	-2.8216788209229480e+07	7.1376562118530273e-06
511	10.007058	-2.8216788209224008e+07	5.4724514484405518e-06
512	10.017041	-2.8216788209217474e+07	6.5341591835021973e-06
513	9.990163	-2.8216788209227458e+07	-9.9837779998779297e-06
514	9.993634	-2.8216788209221330e+07	6.1281025409698486e-06
515	9.982847	-2.8216788454872955e+07	-2.4565162509679794e-01
516	10.020047	-2.8216788209224116e+07	2.4564883857965469e-01
517	9.994458	-2.8216788209220108e+07	4.0084123611450195e-06
518	10.019868	-2.8216788209205195e+07	1.4912337064743042e-05
519	10.058973	-2.8216788209211394e+07	-6.1988830566406250e-06
520	10.040484	-2.8216788209199186e+07	1.2207776308059692e-05
521	10.061225	-2.8216788209197070e+07	2.1159648895263672e-06
522	10.072247	-2.8216788209213316e+07	-1.6245990991592407e-05
523	10.047128	-2.8216788209212195e+07	1.1213123798370361e-06
524	10.018015	-2.8216788209212884e+07	-6.8917870521545410e-07
525	9.989512	-2.8216788454854414e+07	-2.4564152956008911e-01
526	10.050274	-2.8216788209212396e+07	2.4564201757311821e-01
527	9.991960	-2.8216788209208395e+07	4.0009617805480957e-06
528	9.976887	-2.8216788209198564e+07	9.8310410976409912e-06
529	9.978637	-2.8216788209201477e+07	-2.9131770133972168e-06
530	10.003317	-2.8216788209205892e+07	-4.4144690036773682e-06
531	9.981031	-2.8216788209195733e+07	1.0158866643905640e-05
532	10.029807	-2.8216788454844080e+07	-2.4564834684133530e-01
533	10.003177	-2.8216788209199499e+07	2.4564458057284355e-01
534	9.991599	-2.8216788209188748e+07	1.0751187801361084e-05
535	9.975407	-2.8216788454822119e+07	-2.4563337117433548e-01
536	10.020144	-2.8216788209201612e+07	2.4562050774693489e-01
537	9.831515	-2.8216788209193688e+07	7.9236924648284912e-06
538	9.674791	-2.8216788209198974e+07	-5.2861869335174561e-06
539	9.728113	-2.8216788209197562e+07	1.4118850231170654e-06
540	9.771456	-2.8216788209200408e+07	-2.8461217880249023e-06
541	9.693106	-2.8216788209185593e+07	1.4815479516983032e-05
542	9.689075	-2.8216788209190749e+07	-5.1558017730712891e-06
543	9.671048	-2.8216788209190678e+07	7.0780515670776367e-08
544	9.690020	-2.8216788209193565e+07	-2.8870999813079834e-06
545	9.670453	-2.8216788209188394e+07	5.1707029342651367e-06
546	9.923891	-2.8216788209194742e+07	-6.3478946685791016e-06
547	9.717213	-2.8216788454829514e+07	-2.4563477188348770e-01
548	9.703881	-2.8216790024193507e+07	-1.5693639926612377e+00
549	9.659785	-2.8216789679565042e+07	3.4462846443057060e-01
550	9.659586	-2.8216789114891116e+07	5.6467392668128014e-01
551	9.697054	-2.8216788656505823e+07	4.5838529244065285e-01
552	9.678739	-2.8216788356884271e+07	2.9962155222892761e-01
553	9.742478	-2.8216788231424246e+07	1.2546002492308617e-01
554	9.703259	-2.8216788209846426e+07	2.1577820181846619e-02
555	9.679214	-2.8216788209186085e+07	6.6034123301506042e-04
556	9.667513	-2.8216788490764327e+07	-2.8157824277877808e-01
557	9.662987	-2.8216788211047277e+07	2.7971705049276352e-01
558	9.656874	-2.8216788209196363e+07	1.8509142100811005e-03
559	9.693648	-2.8216788209177162e+07	1.9200146198272705e-05
560	9.663925	-2.8216788209176164e+07	9.9837779998779297e-07
561	9.675586	-2.8216788454831690e+07	-2.4565552547574043e-01
562	9.661781	-2.8216788209196009e+07	2.4563568085432053e-01
563	9.681262	-2.8216788209181331e+07	1.4677643775939941e-05
564	9.693807	-2.8216788209188908e+07	-7.5772404670715332e-06
565	9.686267	-2.8216788209183589e+07	5.3197145462036133e-06
566	9.688941	-2.8216788209179204e+07	4.3846666812896729e-06
567	9.679568	-2.8216788209176052e+07	3.1515955924987793e-06
568	9.667318	-2.8216788209180169e+07	-4.1164457798004150e-06
569	9.677301	-2.8216788209179822e+07	3.4645199775695801e-07
570	9.767313	-2.8216788209175635e+07	4.1872262954711914e-06
571	9.766340	-2.8216788209176451e+07	-8.1583857536315918e-07
572	9.716529	-2.8216788209175050e+07	1.4007091522216797e-06
573	9.692563	-2.8216788209180366e+07	-5.3159892559051514e-06
574	9.641692	-2.8216788209170889e+07	9.4771385192871094e-06
575	9.678494	-2.8216788209177077e+07	-6.1877071857452393e-06
576	9.704708	-2.8216788209178749e+07	-1.6726553440093994e-06
577	9.790349	-2.8216788209166341e+07	1.2408941984176636e-05
578	9.688456	-2.8216788209165223e+07	1.1175870895385742e-06
579	9.715286	-2.8216788454827767e+07	-2.4566254392266273e-01
580	9.684973	-2.8216788209195465e+07	2.4563230201601982e-01
581	9.695471	-2.8216788209189445e+07	6.0200691223144531e-06
582	9.707530	-2.8216788209185932e+07	3.5129487514495850e-06
583	9.666800	-2.8216788209176999e+07	8.9332461357116699e-06
584	9.726018	-2.8216788209187292e+07	-1.0292977094650269e-05
585	9.717455	-2.8216788209181648e+07	5.6438148021697998e-06
586	9.699872	-2.8216788209180221e+07	1.4267861843109131e-06
587	9.686984	-2.8216788209179536e+07	6.8545341491699219e-07
588	9.639859	-2.8216788209195700e+07	-1.6164034605026245e-05
589	9.659136	-2.8216788209175162e+07	2.0537525415420532e-05
590	9.680315	-2.8216788209165107e+07	1.0054558515548706e-05
591	9.673113	-2.8216788209178779e+07	-1.3671815395355225e-05
592	9.666912	-2.8216788209172584e+07	6.1951577663421631e-06
593	9.672261	-2.8216788454828303e+07	-2.4565571919083595e-01
594	9.676808	-2.8216788209174026e+07	2.4565427750349045e-01
595	9.648308	-2.8216788209180526e+07	-6.5006315708160400e-06
596	9.684607	-2.8216788209175698e+07	4.8279762268066406e-06
597	9.670316	-2.8216788454811718e+07	-2.4563601985573769e-01
598	9.770170	-2.8216788209179364e+07	2.4563235417008400e-01
599	9.732000	-2.8216788209177341e+07	2.0228326320648193e-06
600	9.693686	-2.8216788209179163e+07	-1.8216669559478760e-06
601	9.758124	-2.8216788209189482e+07	-1.0319054126739502e-05
602	9.777364	-2.8216788454830486e+07	-2.4564100429415703e-01
603	9.685801	-2.8216788209185787e+07	2.4564469978213310e-01
604	9.676878	-2.8216788209178310e+07	7.4766576290130615e-06
605	9.699301	-2.8216788209177926e+07	3.8370490074157715e-07
606	9.665959	-2.8216788209187742e+07	-9.8161399364471436e-06
607	9.708103	-2.8216788209173933e+07	1.3809651136398315e-05
608	9.688716	-2.8216788209174301e+07	-3.6880373954772949e-07
609	9.724178	-2.8216788209175847e+07	-1.5459954738616943e-06
610	9.669949	-2.8216788209182035e+07	-6.1877071857452393e-06
611	9.654942	-2.8216788209176105e+07	5.9306621551513672e-06
612	9.651230	-2.8216788209178243e+07	-2.1383166313171387e-06
613	9.704271	-2.8216788209176730e+07	1.5124678611755371e-06
614	9.663118	-2.8216788209180519e+07	-3.7886202335357666e-06
615	9.725958	-2.8216788209186327e+07	-5.8077275753021240e-06
616	9.684899	-2.8216788209176373e+07	9.9539756774902344e-06
617	9.627404	-2.8216788209180184e+07	-3.8109719753265381e-06
618	9.668637	-2.8216788209172376e+07	7.8082084655761719e-06
619	9.742033	-2.8216788209191170e+07	-1.8794089555740356e-05
620	9.711806	-2.8216788454827670e+07	-2.4563650041818619e-01
621	9.712290	-2.8216788209177986e+07	2.4564968422055244e-01
622	9.677199	-2.8216788209188510e+07	-1.0523945093154907e-05
623	9.683352	-2.8216788454823297e+07	-2.4563478678464890e-01
624	9.712686	-2.8216788209197618e+07	2.4562567844986916e-01
625	9.708084	-2.8216788209189765e+07	7.8529119491577148e-06
626	9.707675	-2.8216788209194072e+07	-4.3064355850219727e-06
627	9.655297	-2.8216788454818740e+07	-2.4562466889619827e-01
628	9.695358	-2.8216788209190730e+07	2.4562801048159599e-01
629	9.723286	-2.8216788209178008e+07	1.2721866369247437e-05
630	9.678836	-2.8216788209188677e+07	-1.0669231414794922e-05
631	9.722335	-2.8216788209185906e+07	2.7716159820556641e-06
632	9.776857	-2.8216788209186837e+07	-9.3132257461547852e-07
633	9.748258	-2.8216788209177844e+07	8.9928507804870605e-06
634	9.686808	-2.8216788209182017e+07	-4.1723251342773438e-06
635	9.710826	-2.8216788209176227e+07	5.7891011238098145e-06
636	9.689129	-2.8216788209171582e+07	4.6454370021820068e-06
637	9.716300	-2.8216788209169224e+07	2.3581087589263916e-06
638	9.692107	-2.8216788209175002e+07	-5.7779252529144287e-06
639	9.659258	-2.8216788209174193e+07	8.0838799476623535e-07
640	9.699709	-2.8216788209180634e+07	-6.4410269260406494e-06
641	9.699287	-2.8216788209170487e+07	1.0147690773010254e-05
642	9.638930	-2.8216788209179569e+07	-9.0822577476501465e-06
643	9.671991	-2.8216788209167015e+07	1.2554228305816650e-05
644	9.712866	-2.8216788209186126e+07	-1.9110739231109619e-05
645	9.672275	-2.8216788209176272e+07	9.8533928394317627e-06
646	9.691306	-2.8216788209177468e+07	-1.1958181858062744e-06
647	9.717290	-2.8216788209174812e+07	2.6561319828033447e-06
648	9.740240	-2.8216788209181797e+07	-6.9849193096160889e-06
649	9.690252	-2.8216788454831585e+07	-2.4564978852868080e-01
650	9.700915	-2.8216788209184747e+07	2.4564683809876442e-01
651	9.673802	-2.8216788209173594e+07	1.1153519153594971e-05
652	9.667048	-2.8216788209174596e+07	-1.0021030902862549e-06
653	9.681056	-2.8216788209180459e+07	-5.8636069297790527e-06
654	9.732460	-2.8216788209193323e+07	-1.2863427400588989e-05
655	9.684935	-2.8216788209181640e+07	1.1682510375976562e-05
656	9.681512	-2.8216788209175609e+07	6.0312449932098389e-06
657	9.665789	-2.8216788209176105e+07	-4.9546360969543457e-07
658	9.685393	-2.8216788209179390e+07	-3.2857060432434082e-06
659	9.727829	-2.8216788209184978e+07	-5.5879354476928711e-06
660	9.728440	-2.8216788454834383e+07	-2.4564940482378006e-01
661	9.702192	-2.8216790024435729e+07	-1.5696013458073139e+00
662	9.732147	-2.8216789679559723e+07	3.4487600624561310e-01
663	9.807425	-2.8216789114889827e+07	5.6466989591717720e-01
664	9.674317	-2.8216788656483799e+07	4.5840602740645409e-01
665	9.658314	-2.8216788356885582e+07	2.9959821701049805e-01
666	9.695429	-2.8216788231411867e+07	1.2547371536493301e-01
667	9.770443	-2.8216788209847081e+07	2.1564785391092300e-02
668	9.776540	-2.8216788209180404e+07	6.6667795181274414e-04
669	9.632365	-2.8216788209186669e+07	-6.2659382820129395e-06
670	9.678816	-2.8216788209175304e+07	1.1365860700607300e-05
671	9.668180	-2.8216788209174305e+07	9.9837779998779297e-07
672	9.690581	-2.8216788209184054e+07	-9.7490847110748291e-06
673	9.682089	-2.8216788209175900e+07	8.1546604633331299e-06
674	9.673218	-2.8216788454838503e+07	-2.4566260352730751e-01
675	9.683481	-2.8216788209191523e+07	2.4564697965979576e-01
676	9.697438	-2.8216788209182661e+07	8.8624656200408936e-06
677	9.680613	-2.8216788209180571e+07	2.0898878574371338e-06
678	9.653581	-2.8216788209178455e+07	2.1159648895263672e-06
679	9.666648	-2.8216788209172130e+07	6.3255429267883301e-06
680	9.641353	-2.8216788209178843e+07	-6.7129731178283691e-06
681	9.681962	-2.8216788209180895e+07	-2.0526349544525146e-06
682	9.648095	-2.8216788209180310e+07	5.8487057685852051e-07
683	9.689792	-2.8216788454836082e+07	-2.4565577134490013e-01
684	9.687836	-2.8216788209186058e+07	2.4565002322196960e-01
685	9.697649	-2.8216788209183469e+07	2.5890767574310303e-06
686	9.688268	-2.8216788209182080e+07	1.3895332813262939e-06
687	9.726825	-2.8216788209182210e+07	-1.3038516044616699e-07
688	9.846062	-2.8216788454823740e+07	-2.4564152956008911e-01
689	9.686813	-2.8216788209178302e+07	2.4564543738961220e-01
690	9.646207	-2.8216788209181748e+07	-3.4458935260772705e-06
691	9.713163	-2.8216788209175978e+07	5.7704746723175049e-06
692	9.671421	-2.8216788209172659e+07	3.3192336559295654e-06
693	9.841854	-2.8216788209178250e+07	-5.5916607379913330e-06
694	9.786775	-2.8216788209175088e+07	3.1627714633941650e-06
695	9.711220	-2.8216788209178258e+07	-3.1702220439910889e-06
696	9.719513	-2.8216788209177684e+07	5.7369470596313477e-07
697	9.684890	-2.8216788209177498e+07	1.8626451492309570e-07
698	9.687421	-2.8216788209180772e+07	-3.2745301723480225e-06
699	9.721649	-2.8216788209178187e+07	2.5853514671325684e-06
700	9.687248	-2.8216788454842355e+07	-2.4566416814923286e-01
701	9.674502	-2.8216788209188450e+07	2.4565390497446060e-01
702	9.682877	-2.8216788209188879e+07	-4.2840838432312012e-07
703	9.753857	-2.8216788209177036e+07	1.1842697858810425e-05
704	9.731710	-2.8216788209170703e+07	6.3329935073852539e-06
705	9.690067	-2.8216788209179763e+07	-9.0599060058593750e-06
706	9.659147	-2.8216788209187813e+07	-8.0503523349761963e-06
707	9.683940	-2.8216788209178127e+07	9.6857547760009766e-06
708	9.704002	-2.8216788209180597e+07	-2.4698674678802490e-06
709	9.700956	-2.8216788209182132e+07	-1.5348196029663086e-06
710	9.697057	-2.8216788209173430e+07	8.7022781372070312e-06
711	9.680392	-2.8216788454837378e+07	-2.4566394835710526e-01
712	9.728931	-2.8216788209188774e+07	2.4564860388636589e-01
713	9.671071	-2.8216788209177755e+07	1.1019408702850342e-05
714	9.683287	-2.8216788209167026e+07	1.0728836059570312e-05
715	9.656638	-2.8216788209177203e+07	-1.0177493095397949e-05
716	9.698961	-2.8216788209174201e+07	3.0025839805603027e-06
717	9.693665	-2.8216788209184937e+07	-1.0736286640167236e-05
718	9.680239	-2.8216788209177256e+07	7.6815485954284668e-06
719	9.680468	-2.8216788209180292e+07	-3.0361115932464600e-06
720	9.676991	-2.8216788209178556e+07	1.7359852790832520e-06
721	9.662688	-2.8216788209178109e+07	4.4703483581542969e-07
722	9.667109	-2.8216788209176481e+07	1.6279518604278564e-06
723	9.700751	-2.8216788209177498e+07	-1.0170042514801025e-06
724	9.705313	-2.8216788209177513e+07	-1.4901161193847656e-08
725	9.824284	-2.8216788209173631e+07	3.8817524909973145e-06
726	9.719269	-2.8216788209180318e+07	-6.6868960857391357e-06
727	9.684035	-2.8216788209169261e+07	1.1056661605834961e-05
728	9.699580	-2.8216788454833284e+07	-2.4566402286291122e-01
729	9.684876	-2.8216788209176276e+07	2.4565700814127922e-01
730	9.668813	-2.8216788497990862e+07	-2.8881458565592766e-01
731	9.667411	-2.8216788212372225e+07	2.8561863675713539e-01
732	9.655371	-2.8216789914921772e+07	-1.7025495469570160e+00
733	9.635191	-2.8216789114755176e+07	8.0016659572720528e-01
734	9.675712	-2.8216788656397250e+07	4.5835792645812035e-01
735	9.672339	-2.8216788356827293e+07	2.9956995695829391e-01
736	9.657602	-2.8216788231395759e+07	1.2543153390288353e-01
737	9.649839	-2.8216788209847279e+07	2.1548479795455933e-02
738	9.662142	-2.8216788209180623e+07	6.6665560007095337e-04
739	9.684977	-2.8216788209183648e+07	-3.0249357223510742e-06
740	9.674136	-2.8216788209173817e+07	9.8310410976409912e-06
741	9.681044	-2.8216788209179875e+07	-6.0573220252990723e-06
742	9.653861	-2.8216788209179666e+07	2.0861625671386719e-07
743	9.729073	-2.8216788209177751e+07	1.9147992134094238e-06
744	9.637241	-2.8216788209171191e+07	6.5602362155914307e-06
745	9.694515	-2.8216788209167618e+07	3.5725533962249756e-06
746	9.675271	-2.8216788209165525e+07	2.0936131477355957e-06
747	9.681351	-2.8216788209175751e+07	-1.0225921869277954e-05
748	9.661673	-2.8216788209175173e+07	5.7741999626159668e-07
749	9.723432	-2.8216788209170636e+07	4.5374035835266113e-06
750	9.665711	-2.8216788209162578e+07	8.0578029155731201e-06

Writing Q matrix to /global/home/users/deboraycb/scratch/atahualpa/analysis/ohana/maf05_3/structure/merge2_20M_allchr_snps_maf05_k5_bestmi_q.matrix
Writing F matrix to /global/home/users/deboraycb/scratch/atahualpa/analysis/ohana/maf05_3/structure/merge2_20M_allchr_snps_maf05_k5_bestmi750_f.matrix
